Starting self-play collection using /Users/nilbot/playground/autogo-mlx/experiments/001_train_from_scratch/checkpoints/iter8.safetensors
Config: num-games=1000, simulations=64, workers=8
[0001] Game 0005 finished: winner=2 (moves=90, result=W+16.5)
[0050] Game 0051 finished: winner=2 (moves=90, result=W+12.5)
[0100] Game 0099 finished: winner=2 (moves=104, result=W+14.5)
[0150] Game 0148 finished: winner=2 (moves=114, result=W+6.5)
[0200] Game 0200 finished: winner=2 (moves=101, result=W+8.5)
[0250] Game 0249 finished: winner=2 (moves=80, result=W+8.5)
[0300] Game 0301 finished: winner=2 (moves=102, result=W+6.5)
[0350] Game 0349 finished: winner=2 (moves=104, result=W+2.5)
[0400] Game 0399 finished: winner=2 (moves=114, result=W+24.5)
[0450] Game 0449 finished: winner=2 (moves=94, result=W+4.5)
[0500] Game 0499 finished: winner=1 (moves=101, result=B+1.5)
[0550] Game 0550 finished: winner=2 (moves=104, result=W+2.5)
[0600] Game 0599 finished: winner=2 (moves=99, result=W+2.5)
[0650] Game 0650 finished: winner=2 (moves=86, result=W+6.5)
[0700] Game 0699 finished: winner=2 (moves=111, result=W+16.5)
[0750] Game 0749 finished: winner=2 (moves=109, result=W+2.5)
[0800] Game 0801 finished: winner=2 (moves=95, result=W+12.5)
[0850] Game 0851 finished: winner=2 (moves=93, result=W+6.5)
[0900] Game 0900 finished: winner=2 (moves=92, result=W+10.5)
[0950] Game 0948 finished: winner=1 (moves=121, result=B+9.5)
[1000] Game 0999 finished: winner=1 (moves=101, result=B+11.5)

Collection completed in 6234.5 seconds (6.235s/game average).
