Starting self-play collection using /Users/nilbot/playground/autogo-mlx/experiments/001_train_from_scratch/checkpoints/iter7.safetensors
Config: num-games=1000, simulations=64, workers=8
[0001] Game 0000 finished: winner=2 (moves=92, result=W+7.5)
[0050] Game 0048 finished: winner=2 (moves=108, result=W+8.5)
[0100] Game 0100 finished: winner=2 (moves=106, result=W+22.5)
[0150] Game 0151 finished: winner=2 (moves=102, result=W+6.5)
[0200] Game 0200 finished: winner=2 (moves=102, result=W+8.5)
[0250] Game 0249 finished: winner=2 (moves=112, result=W+10.5)
[0300] Game 0300 finished: winner=2 (moves=100, result=W+14.5)
[0350] Game 0350 finished: winner=2 (moves=86, result=W+6.5)
[0400] Game 0395 finished: winner=2 (moves=170, result=W+88.5)
[0450] Game 0446 finished: winner=2 (moves=122, result=W+34.5)
[0500] Game 0495 finished: winner=1 (moves=169, result=B+68.5)
[0550] Game 0551 finished: winner=1 (moves=93, result=B+1.5)
[0600] Game 0598 finished: winner=2 (moves=114, result=W+15.5)
[0650] Game 0650 finished: winner=1 (moves=103, result=B+6.5)
[0700] Game 0699 finished: winner=1 (moves=97, result=B+1.5)
[0750] Game 0745 finished: winner=2 (moves=168, result=W+88.5)
[0800] Game 0799 finished: winner=2 (moves=106, result=W+4.5)
[0850] Game 0847 finished: winner=2 (moves=176, result=W+88.5)
[0900] Game 0899 finished: winner=2 (moves=107, result=W+1.5)
[0950] Game 0948 finished: winner=1 (moves=129, result=B+13.5)
[1000] Game 0998 finished: winner=1 (moves=145, result=B+25.5)

Collection completed in 6506.1 seconds (6.506s/game average).
