Starting self-play collection using /Users/nilbot/playground/autogo-mlx/experiments/001_train_from_scratch/checkpoints/iter10.safetensors
Config: num-games=1000, simulations=64, workers=8
[0001] Game 0001 finished: winner=2 (moves=90, result=W+12.5)
[0050] Game 0049 finished: winner=2 (moves=118, result=W+8.5)
[0100] Game 0097 finished: winner=2 (moves=134, result=W+52.5)
[0150] Game 0149 finished: winner=2 (moves=110, result=W+6.5)
[0200] Game 0199 finished: winner=2 (moves=132, result=W+8.5)
[0250] Game 0250 finished: winner=2 (moves=104, result=W+10.5)
[0300] Game 0299 finished: winner=2 (moves=102, result=W+20.5)
[0350] Game 0349 finished: winner=2 (moves=108, result=W+8.5)
[0400] Game 0400 finished: winner=2 (moves=107, result=W+2.5)
[0450] Game 0451 finished: winner=2 (moves=78, result=W+6.5)
[0500] Game 0499 finished: winner=2 (moves=96, result=W+10.5)
[0550] Game 0547 finished: winner=1 (moves=137, result=B+15.5)
[0600] Game 0606 finished: winner=2 (moves=14, result=W+9.5)
[0650] Game 0649 finished: winner=2 (moves=78, result=W+0.5)
[0700] Game 0699 finished: winner=1 (moves=113, result=B+5.5)
[0750] Game 0749 finished: winner=2 (moves=105, result=W+12.5)
[0800] Game 0797 finished: winner=1 (moves=147, result=B+37.5)
[0850] Game 0850 finished: winner=2 (moves=84, result=W+14.5)
[0900] Game 0902 finished: winner=2 (moves=86, result=W+18.5)
[0950] Game 0949 finished: winner=2 (moves=124, result=W+12.5)
[1000] Game 0999 finished: winner=2 (moves=115, result=W+8.5)

Collection completed in 6132.7 seconds (6.133s/game average).
