Starting self-play collection using /Users/nilbot/playground/autogo-mlx/experiments/001_train_from_scratch/checkpoints/iter12.safetensors
--> Progressive sims enabled. Iteration 12 -> 64 simulations.
--> League play enabled: Selected historical opponent iter8.safetensors (8-channel model)
Config: num-games=1000, simulations=64, workers=8
--> Starting pool-swapping selfplay for all 1000 games with max_active_games=64...
   [Vectorized MCTS] Step 001: 64 games active. Completed: 0/1000. Step time: 4347.3ms.
   [Vectorized MCTS] Step 005: 64 games active. Completed: 90/1000. Step time: 4320.8ms.
   [Vectorized MCTS] Step 010: 64 games active. Completed: 159/1000. Step time: 3834.2ms.
   [Vectorized MCTS] Step 015: 64 games active. Completed: 180/1000. Step time: 3792.2ms.
   [Vectorized MCTS] Step 020: 64 games active. Completed: 206/1000. Step time: 3827.8ms.
   [Vectorized MCTS] Step 025: 64 games active. Completed: 214/1000. Step time: 3811.2ms.
   [Vectorized MCTS] Step 030: 64 games active. Completed: 222/1000. Step time: 3818.7ms.
   [Vectorized MCTS] Step 035: 64 games active. Completed: 225/1000. Step time: 3847.6ms.
   [Vectorized MCTS] Step 040: 64 games active. Completed: 229/1000. Step time: 3847.2ms.
   [Vectorized MCTS] Step 045: 64 games active. Completed: 229/1000. Step time: 3858.7ms.
   [Vectorized MCTS] Step 050: 64 games active. Completed: 232/1000. Step time: 3864.6ms.
   [Vectorized MCTS] Step 055: 64 games active. Completed: 235/1000. Step time: 3846.6ms.
   [Vectorized MCTS] Step 060: 64 games active. Completed: 237/1000. Step time: 3823.5ms.
   [Vectorized MCTS] Step 065: 64 games active. Completed: 240/1000. Step time: 3834.1ms.
   [Vectorized MCTS] Step 070: 64 games active. Completed: 242/1000. Step time: 3843.5ms.
   [Vectorized MCTS] Step 075: 64 games active. Completed: 242/1000. Step time: 3835.7ms.
   [Vectorized MCTS] Step 080: 64 games active. Completed: 242/1000. Step time: 3838.1ms.
   [Vectorized MCTS] Step 085: 64 games active. Completed: 242/1000. Step time: 3880.6ms.
   [Vectorized MCTS] Step 090: 64 games active. Completed: 242/1000. Step time: 3844.0ms.
   [Vectorized MCTS] Step 095: 64 games active. Completed: 242/1000. Step time: 3877.1ms.
   [Vectorized MCTS] Step 100: 64 games active. Completed: 242/1000. Step time: 3864.2ms.
   [Vectorized MCTS] Step 105: 64 games active. Completed: 242/1000. Step time: 3857.1ms.
   [Vectorized MCTS] Step 110: 64 games active. Completed: 242/1000. Step time: 3882.5ms.
   [Vectorized MCTS] Step 115: 64 games active. Completed: 242/1000. Step time: 3870.0ms.
   [Vectorized MCTS] Step 120: 64 games active. Completed: 243/1000. Step time: 3928.8ms.
   [Vectorized MCTS] Step 125: 64 games active. Completed: 243/1000. Step time: 3912.7ms.
   [Vectorized MCTS] Step 130: 64 games active. Completed: 244/1000. Step time: 3994.6ms.
   [Vectorized MCTS] Step 135: 64 games active. Completed: 252/1000. Step time: 3901.6ms.
   [Vectorized MCTS] Step 140: 64 games active. Completed: 269/1000. Step time: 3948.7ms.
   [Vectorized MCTS] Step 145: 64 games active. Completed: 281/1000. Step time: 3868.5ms.
   [Vectorized MCTS] Step 150: 64 games active. Completed: 293/1000. Step time: 3870.5ms.
   [Vectorized MCTS] Step 155: 64 games active. Completed: 309/1000. Step time: 3817.2ms.
   [Vectorized MCTS] Step 160: 64 games active. Completed: 352/1000. Step time: 3874.2ms.
   [Vectorized MCTS] Step 165: 64 games active. Completed: 403/1000. Step time: 3710.8ms.
   [Vectorized MCTS] Step 170: 64 games active. Completed: 445/1000. Step time: 3816.7ms.
   [Vectorized MCTS] Step 175: 64 games active. Completed: 477/1000. Step time: 3793.8ms.
   [Vectorized MCTS] Step 180: 64 games active. Completed: 500/1000. Step time: 3806.6ms.
   [Vectorized MCTS] Step 185: 64 games active. Completed: 522/1000. Step time: 3810.3ms.
   [Vectorized MCTS] Step 190: 64 games active. Completed: 543/1000. Step time: 3854.6ms.
   [Vectorized MCTS] Step 195: 64 games active. Completed: 560/1000. Step time: 3789.9ms.
   [Vectorized MCTS] Step 200: 64 games active. Completed: 578/1000. Step time: 3854.6ms.
   [Vectorized MCTS] Step 205: 64 games active. Completed: 586/1000. Step time: 3861.7ms.
   [Vectorized MCTS] Step 210: 64 games active. Completed: 592/1000. Step time: 3856.6ms.
   [Vectorized MCTS] Step 215: 64 games active. Completed: 595/1000. Step time: 3858.7ms.
   [Vectorized MCTS] Step 220: 64 games active. Completed: 598/1000. Step time: 3839.5ms.
   [Vectorized MCTS] Step 225: 64 games active. Completed: 601/1000. Step time: 3869.7ms.
   [Vectorized MCTS] Step 230: 64 games active. Completed: 604/1000. Step time: 3814.0ms.
   [Vectorized MCTS] Step 235: 64 games active. Completed: 606/1000. Step time: 3879.4ms.
   [Vectorized MCTS] Step 240: 64 games active. Completed: 606/1000. Step time: 3845.8ms.
   [Vectorized MCTS] Step 245: 64 games active. Completed: 606/1000. Step time: 3859.3ms.
   [Vectorized MCTS] Step 250: 64 games active. Completed: 606/1000. Step time: 3868.4ms.
   [Vectorized MCTS] Step 255: 64 games active. Completed: 606/1000. Step time: 3856.9ms.
   [Vectorized MCTS] Step 260: 64 games active. Completed: 606/1000. Step time: 3898.0ms.
   [Vectorized MCTS] Step 265: 64 games active. Completed: 606/1000. Step time: 3869.1ms.
   [Vectorized MCTS] Step 270: 64 games active. Completed: 606/1000. Step time: 3890.1ms.
   [Vectorized MCTS] Step 275: 64 games active. Completed: 608/1000. Step time: 3883.2ms.
   [Vectorized MCTS] Step 280: 64 games active. Completed: 610/1000. Step time: 3886.1ms.
   [Vectorized MCTS] Step 285: 64 games active. Completed: 615/1000. Step time: 3851.3ms.
   [Vectorized MCTS] Step 290: 64 games active. Completed: 617/1000. Step time: 3920.2ms.
   [Vectorized MCTS] Step 295: 64 games active. Completed: 624/1000. Step time: 3884.0ms.
   [Vectorized MCTS] Step 300: 64 games active. Completed: 634/1000. Step time: 3872.7ms.
   [Vectorized MCTS] Step 305: 64 games active. Completed: 649/1000. Step time: 3892.8ms.
   [Vectorized MCTS] Step 310: 64 games active. Completed: 664/1000. Step time: 3884.3ms.
   [Vectorized MCTS] Step 315: 64 games active. Completed: 683/1000. Step time: 3869.9ms.
   [Vectorized MCTS] Step 320: 64 games active. Completed: 712/1000. Step time: 3869.7ms.
   [Vectorized MCTS] Step 325: 64 games active. Completed: 751/1000. Step time: 3774.7ms.
   [Vectorized MCTS] Step 330: 64 games active. Completed: 790/1000. Step time: 3865.3ms.
   [Vectorized MCTS] Step 335: 64 games active. Completed: 816/1000. Step time: 3837.9ms.
   [Vectorized MCTS] Step 340: 64 games active. Completed: 835/1000. Step time: 3803.7ms.
   [Vectorized MCTS] Step 345: 64 games active. Completed: 853/1000. Step time: 3802.9ms.
   [Vectorized MCTS] Step 350: 64 games active. Completed: 875/1000. Step time: 3832.5ms.
   [Vectorized MCTS] Step 355: 64 games active. Completed: 894/1000. Step time: 3843.0ms.
   [Vectorized MCTS] Step 360: 64 games active. Completed: 920/1000. Step time: 3851.7ms.
   [Vectorized MCTS] Step 365: 53 games active. Completed: 947/1000. Step time: 3462.0ms.
   [Vectorized MCTS] Step 370: 52 games active. Completed: 948/1000. Step time: 3278.7ms.
   [Vectorized MCTS] Step 375: 51 games active. Completed: 949/1000. Step time: 3210.9ms.
   [Vectorized MCTS] Step 380: 51 games active. Completed: 949/1000. Step time: 3179.1ms.
   [Vectorized MCTS] Step 385: 50 games active. Completed: 950/1000. Step time: 3146.1ms.
   [Vectorized MCTS] Step 390: 50 games active. Completed: 950/1000. Step time: 3156.9ms.
   [Vectorized MCTS] Step 395: 49 games active. Completed: 951/1000. Step time: 3124.4ms.
   [Vectorized MCTS] Step 400: 49 games active. Completed: 951/1000. Step time: 3136.9ms.
   [Vectorized MCTS] Step 405: 49 games active. Completed: 951/1000. Step time: 3102.5ms.
   [Vectorized MCTS] Step 410: 49 games active. Completed: 951/1000. Step time: 3158.8ms.
   [Vectorized MCTS] Step 415: 49 games active. Completed: 951/1000. Step time: 3087.2ms.
   [Vectorized MCTS] Step 420: 49 games active. Completed: 951/1000. Step time: 3149.7ms.
   [Vectorized MCTS] Step 425: 49 games active. Completed: 951/1000. Step time: 3138.9ms.
   [Vectorized MCTS] Step 430: 48 games active. Completed: 952/1000. Step time: 3103.5ms.
   [Vectorized MCTS] Step 435: 46 games active. Completed: 954/1000. Step time: 2976.3ms.
   [Vectorized MCTS] Step 440: 45 games active. Completed: 955/1000. Step time: 2892.6ms.
   [Vectorized MCTS] Step 445: 45 games active. Completed: 955/1000. Step time: 2815.6ms.
   [Vectorized MCTS] Step 450: 42 games active. Completed: 958/1000. Step time: 2893.9ms.
   [Vectorized MCTS] Step 455: 41 games active. Completed: 959/1000. Step time: 2653.0ms.
   [Vectorized MCTS] Step 460: 36 games active. Completed: 964/1000. Step time: 2539.4ms.
   [Vectorized MCTS] Step 465: 33 games active. Completed: 967/1000. Step time: 2352.3ms.
   [Vectorized MCTS] Step 470: 28 games active. Completed: 972/1000. Step time: 2114.9ms.
   [Vectorized MCTS] Step 475: 25 games active. Completed: 975/1000. Step time: 1954.5ms.
   [Vectorized MCTS] Step 480: 20 games active. Completed: 980/1000. Step time: 1812.3ms.
   [Vectorized MCTS] Step 485: 16 games active. Completed: 984/1000. Step time: 1633.8ms.
   [Vectorized MCTS] Step 490: 13 games active. Completed: 987/1000. Step time: 1542.2ms.
   [Vectorized MCTS] Step 495: 09 games active. Completed: 991/1000. Step time: 1429.9ms.
   [Vectorized MCTS] Step 500: 06 games active. Completed: 994/1000. Step time: 1184.7ms.
   [Vectorized MCTS] Step 505: 05 games active. Completed: 995/1000. Step time: 1132.7ms.
   [Vectorized MCTS] Step 510: 02 games active. Completed: 998/1000. Step time: 989.0ms.
   [Vectorized MCTS] Step 515: 00 games active. Completed: 1000/1000. Step time: 494.3ms.

Collection completed in 1788.5 seconds (1.788s/game average).
