Starting self-play collection using /Users/nilbot/playground/autogo-mlx/experiments/001_train_from_scratch/checkpoints/iter11.safetensors
--> Progressive sims enabled. Iteration 11 -> 64 simulations.
--> League play enabled: Selected historical opponent iter3.safetensors (3-channel model)
Config: num-games=1000, simulations=64, workers=8
--> Starting pool-swapping selfplay for all 1000 games with max_active_games=64...
   [Vectorized MCTS] Step 001: 64 games active. Completed: 0/1000. Step time: 3979.9ms.
   [Vectorized MCTS] Step 005: 64 games active. Completed: 86/1000. Step time: 3412.4ms.
   [Vectorized MCTS] Step 010: 64 games active. Completed: 157/1000. Step time: 3480.4ms.
   [Vectorized MCTS] Step 015: 64 games active. Completed: 184/1000. Step time: 3604.9ms.
   [Vectorized MCTS] Step 020: 64 games active. Completed: 206/1000. Step time: 3629.5ms.
   [Vectorized MCTS] Step 025: 64 games active. Completed: 218/1000. Step time: 3678.8ms.
   [Vectorized MCTS] Step 030: 64 games active. Completed: 228/1000. Step time: 3636.6ms.
   [Vectorized MCTS] Step 035: 64 games active. Completed: 231/1000. Step time: 3683.0ms.
   [Vectorized MCTS] Step 040: 64 games active. Completed: 231/1000. Step time: 3629.9ms.
   [Vectorized MCTS] Step 045: 64 games active. Completed: 232/1000. Step time: 3685.0ms.
   [Vectorized MCTS] Step 050: 64 games active. Completed: 235/1000. Step time: 3597.5ms.
   [Vectorized MCTS] Step 055: 64 games active. Completed: 240/1000. Step time: 3705.3ms.
   [Vectorized MCTS] Step 060: 64 games active. Completed: 240/1000. Step time: 3560.0ms.
   [Vectorized MCTS] Step 065: 64 games active. Completed: 240/1000. Step time: 3755.4ms.
   [Vectorized MCTS] Step 070: 64 games active. Completed: 240/1000. Step time: 3718.1ms.
   [Vectorized MCTS] Step 075: 64 games active. Completed: 240/1000. Step time: 3796.9ms.
   [Vectorized MCTS] Step 080: 64 games active. Completed: 240/1000. Step time: 3689.3ms.
   [Vectorized MCTS] Step 085: 64 games active. Completed: 240/1000. Step time: 3786.3ms.
   [Vectorized MCTS] Step 090: 64 games active. Completed: 240/1000. Step time: 3677.8ms.
   [Vectorized MCTS] Step 095: 64 games active. Completed: 240/1000. Step time: 3790.4ms.
   [Vectorized MCTS] Step 100: 64 games active. Completed: 240/1000. Step time: 3708.9ms.
   [Vectorized MCTS] Step 105: 64 games active. Completed: 240/1000. Step time: 3816.8ms.
   [Vectorized MCTS] Step 110: 64 games active. Completed: 240/1000. Step time: 3737.4ms.
   [Vectorized MCTS] Step 115: 64 games active. Completed: 240/1000. Step time: 3831.5ms.
   [Vectorized MCTS] Step 120: 64 games active. Completed: 240/1000. Step time: 3765.7ms.
   [Vectorized MCTS] Step 125: 64 games active. Completed: 240/1000. Step time: 3852.0ms.
   [Vectorized MCTS] Step 130: 64 games active. Completed: 240/1000. Step time: 3745.6ms.
   [Vectorized MCTS] Step 135: 64 games active. Completed: 240/1000. Step time: 3819.2ms.
   [Vectorized MCTS] Step 140: 64 games active. Completed: 240/1000. Step time: 3728.1ms.
   [Vectorized MCTS] Step 145: 64 games active. Completed: 240/1000. Step time: 3807.9ms.
   [Vectorized MCTS] Step 150: 64 games active. Completed: 242/1000. Step time: 3690.3ms.
   [Vectorized MCTS] Step 155: 64 games active. Completed: 247/1000. Step time: 3759.1ms.
   [Vectorized MCTS] Step 160: 64 games active. Completed: 260/1000. Step time: 3677.5ms.
   [Vectorized MCTS] Step 165: 64 games active. Completed: 310/1000. Step time: 3805.6ms.
   [Vectorized MCTS] Step 170: 64 games active. Completed: 362/1000. Step time: 3772.5ms.
   [Vectorized MCTS] Step 175: 64 games active. Completed: 409/1000. Step time: 3759.2ms.
   [Vectorized MCTS] Step 180: 64 games active. Completed: 447/1000. Step time: 3806.9ms.
   [Vectorized MCTS] Step 185: 64 games active. Completed: 464/1000. Step time: 3770.3ms.
   [Vectorized MCTS] Step 190: 64 games active. Completed: 480/1000. Step time: 3796.6ms.
   [Vectorized MCTS] Step 195: 64 games active. Completed: 497/1000. Step time: 3748.9ms.
   [Vectorized MCTS] Step 200: 64 games active. Completed: 509/1000. Step time: 3789.7ms.
   [Vectorized MCTS] Step 205: 64 games active. Completed: 524/1000. Step time: 3768.3ms.
   [Vectorized MCTS] Step 210: 64 games active. Completed: 532/1000. Step time: 3881.7ms.
   [Vectorized MCTS] Step 215: 64 games active. Completed: 542/1000. Step time: 3824.5ms.
   [Vectorized MCTS] Step 220: 64 games active. Completed: 551/1000. Step time: 3788.2ms.
   [Vectorized MCTS] Step 225: 64 games active. Completed: 557/1000. Step time: 3814.6ms.
   [Vectorized MCTS] Step 230: 64 games active. Completed: 560/1000. Step time: 3786.5ms.
   [Vectorized MCTS] Step 235: 64 games active. Completed: 561/1000. Step time: 3777.8ms.
   [Vectorized MCTS] Step 240: 64 games active. Completed: 562/1000. Step time: 3776.7ms.
   [Vectorized MCTS] Step 245: 64 games active. Completed: 564/1000. Step time: 3795.0ms.
   [Vectorized MCTS] Step 250: 64 games active. Completed: 564/1000. Step time: 3784.3ms.
   [Vectorized MCTS] Step 255: 64 games active. Completed: 564/1000. Step time: 3818.0ms.
   [Vectorized MCTS] Step 260: 64 games active. Completed: 564/1000. Step time: 3815.6ms.
   [Vectorized MCTS] Step 265: 64 games active. Completed: 564/1000. Step time: 3830.9ms.
   [Vectorized MCTS] Step 270: 64 games active. Completed: 564/1000. Step time: 3805.3ms.
   [Vectorized MCTS] Step 275: 64 games active. Completed: 564/1000. Step time: 3828.5ms.
   [Vectorized MCTS] Step 280: 64 games active. Completed: 564/1000. Step time: 3822.7ms.
   [Vectorized MCTS] Step 285: 64 games active. Completed: 564/1000. Step time: 3858.5ms.
   [Vectorized MCTS] Step 290: 64 games active. Completed: 564/1000. Step time: 3827.5ms.
   [Vectorized MCTS] Step 295: 64 games active. Completed: 564/1000. Step time: 3816.1ms.
   [Vectorized MCTS] Step 300: 64 games active. Completed: 564/1000. Step time: 3817.0ms.
   [Vectorized MCTS] Step 305: 64 games active. Completed: 567/1000. Step time: 3789.5ms.
   [Vectorized MCTS] Step 310: 64 games active. Completed: 567/1000. Step time: 3812.6ms.
   [Vectorized MCTS] Step 315: 64 games active. Completed: 570/1000. Step time: 3732.8ms.
   [Vectorized MCTS] Step 320: 64 games active. Completed: 581/1000. Step time: 3741.4ms.
   [Vectorized MCTS] Step 325: 64 games active. Completed: 615/1000. Step time: 3731.2ms.
   [Vectorized MCTS] Step 330: 64 games active. Completed: 665/1000. Step time: 3800.3ms.
   [Vectorized MCTS] Step 335: 64 games active. Completed: 712/1000. Step time: 3764.6ms.
   [Vectorized MCTS] Step 340: 64 games active. Completed: 758/1000. Step time: 3814.4ms.
   [Vectorized MCTS] Step 345: 64 games active. Completed: 787/1000. Step time: 3777.2ms.
   [Vectorized MCTS] Step 350: 64 games active. Completed: 812/1000. Step time: 3811.7ms.
   [Vectorized MCTS] Step 355: 64 games active. Completed: 835/1000. Step time: 3773.6ms.
   [Vectorized MCTS] Step 360: 64 games active. Completed: 851/1000. Step time: 3808.9ms.
   [Vectorized MCTS] Step 365: 64 games active. Completed: 878/1000. Step time: 3802.9ms.
   [Vectorized MCTS] Step 370: 64 games active. Completed: 896/1000. Step time: 3785.9ms.
   [Vectorized MCTS] Step 375: 64 games active. Completed: 905/1000. Step time: 3768.1ms.
   [Vectorized MCTS] Step 380: 64 games active. Completed: 912/1000. Step time: 3781.4ms.
   [Vectorized MCTS] Step 385: 64 games active. Completed: 921/1000. Step time: 3817.6ms.
   [Vectorized MCTS] Step 390: 64 games active. Completed: 928/1000. Step time: 3837.8ms.
   [Vectorized MCTS] Step 395: 64 games active. Completed: 934/1000. Step time: 3778.5ms.
   [Vectorized MCTS] Step 400: 59 games active. Completed: 941/1000. Step time: 3555.6ms.
   [Vectorized MCTS] Step 405: 57 games active. Completed: 943/1000. Step time: 3442.5ms.
   [Vectorized MCTS] Step 410: 57 games active. Completed: 943/1000. Step time: 3467.6ms.
   [Vectorized MCTS] Step 415: 57 games active. Completed: 943/1000. Step time: 3402.0ms.
   [Vectorized MCTS] Step 420: 56 games active. Completed: 944/1000. Step time: 3474.6ms.
   [Vectorized MCTS] Step 425: 56 games active. Completed: 944/1000. Step time: 3393.9ms.
   [Vectorized MCTS] Step 430: 56 games active. Completed: 944/1000. Step time: 3438.7ms.
   [Vectorized MCTS] Step 435: 56 games active. Completed: 944/1000. Step time: 3412.3ms.
   [Vectorized MCTS] Step 440: 56 games active. Completed: 944/1000. Step time: 3449.7ms.
   [Vectorized MCTS] Step 445: 56 games active. Completed: 944/1000. Step time: 3392.0ms.
   [Vectorized MCTS] Step 450: 56 games active. Completed: 944/1000. Step time: 3457.2ms.
   [Vectorized MCTS] Step 455: 56 games active. Completed: 944/1000. Step time: 3392.7ms.
   [Vectorized MCTS] Step 460: 56 games active. Completed: 944/1000. Step time: 3412.9ms.
   [Vectorized MCTS] Step 465: 55 games active. Completed: 945/1000. Step time: 3301.7ms.
   [Vectorized MCTS] Step 470: 54 games active. Completed: 946/1000. Step time: 3325.9ms.
   [Vectorized MCTS] Step 475: 54 games active. Completed: 946/1000. Step time: 3227.9ms.
   [Vectorized MCTS] Step 480: 52 games active. Completed: 948/1000. Step time: 3212.0ms.
   [Vectorized MCTS] Step 485: 46 games active. Completed: 954/1000. Step time: 2961.5ms.
   [Vectorized MCTS] Step 490: 40 games active. Completed: 960/1000. Step time: 2671.5ms.
   [Vectorized MCTS] Step 495: 29 games active. Completed: 971/1000. Step time: 2095.2ms.
   [Vectorized MCTS] Step 500: 25 games active. Completed: 975/1000. Step time: 1823.2ms.
   [Vectorized MCTS] Step 505: 20 games active. Completed: 980/1000. Step time: 1806.9ms.
   [Vectorized MCTS] Step 510: 16 games active. Completed: 984/1000. Step time: 1708.3ms.
   [Vectorized MCTS] Step 515: 13 games active. Completed: 987/1000. Step time: 1536.6ms.
   [Vectorized MCTS] Step 520: 11 games active. Completed: 989/1000. Step time: 1503.2ms.
   [Vectorized MCTS] Step 525: 08 games active. Completed: 992/1000. Step time: 1392.5ms.
   [Vectorized MCTS] Step 530: 05 games active. Completed: 995/1000. Step time: 1175.6ms.
   [Vectorized MCTS] Step 535: 04 games active. Completed: 996/1000. Step time: 1122.5ms.
   [Vectorized MCTS] Step 540: 03 games active. Completed: 997/1000. Step time: 1087.1ms.
   [Vectorized MCTS] Step 545: 02 games active. Completed: 998/1000. Step time: 581.4ms.
   [Vectorized MCTS] Step 550: 01 games active. Completed: 999/1000. Step time: 495.0ms.
   [Vectorized MCTS] Step 555: 01 games active. Completed: 999/1000. Step time: 477.6ms.
   [Vectorized MCTS] Step 556: 00 games active. Completed: 1000/1000. Step time: 468.4ms.

Collection completed in 1892.0 seconds (1.892s/game average).
