Starting self-play collection using /Users/nilbot/playground/autogo-mlx/experiments/001_train_from_scratch/checkpoints/iter14.safetensors
--> Progressive sims enabled. Iteration 14 -> 64 simulations.
--> League play enabled: Selected historical opponent iter2.safetensors (3-channel model)
Config: num-games=1000, simulations=64, workers=8
--> Starting pool-swapping selfplay for all 1000 games with max_active_games=64...
   [Vectorized MCTS] Step 001: 64 games active. Completed: 0/1000. Step time: 4347.3ms.
   [Vectorized MCTS] Step 005: 64 games active. Completed: 75/1000. Step time: 3777.0ms.
   [Vectorized MCTS] Step 010: 64 games active. Completed: 140/1000. Step time: 3777.1ms.
   [Vectorized MCTS] Step 015: 64 games active. Completed: 160/1000. Step time: 3780.9ms.
   [Vectorized MCTS] Step 020: 64 games active. Completed: 180/1000. Step time: 3786.9ms.
   [Vectorized MCTS] Step 025: 64 games active. Completed: 191/1000. Step time: 3775.1ms.
   [Vectorized MCTS] Step 030: 64 games active. Completed: 203/1000. Step time: 3797.5ms.
   [Vectorized MCTS] Step 035: 64 games active. Completed: 209/1000. Step time: 3776.7ms.
   [Vectorized MCTS] Step 040: 64 games active. Completed: 217/1000. Step time: 3818.1ms.
   [Vectorized MCTS] Step 045: 64 games active. Completed: 223/1000. Step time: 3770.9ms.
   [Vectorized MCTS] Step 050: 64 games active. Completed: 230/1000. Step time: 3815.9ms.
   [Vectorized MCTS] Step 055: 64 games active. Completed: 231/1000. Step time: 3805.6ms.
   [Vectorized MCTS] Step 060: 64 games active. Completed: 231/1000. Step time: 3821.1ms.
   [Vectorized MCTS] Step 065: 64 games active. Completed: 231/1000. Step time: 3788.4ms.
   [Vectorized MCTS] Step 070: 64 games active. Completed: 231/1000. Step time: 3835.8ms.
   [Vectorized MCTS] Step 075: 64 games active. Completed: 233/1000. Step time: 3755.7ms.
   [Vectorized MCTS] Step 080: 64 games active. Completed: 235/1000. Step time: 3847.3ms.
   [Vectorized MCTS] Step 085: 64 games active. Completed: 238/1000. Step time: 3766.3ms.
   [Vectorized MCTS] Step 090: 64 games active. Completed: 240/1000. Step time: 3852.0ms.
   [Vectorized MCTS] Step 095: 64 games active. Completed: 242/1000. Step time: 3772.9ms.
   [Vectorized MCTS] Step 100: 64 games active. Completed: 242/1000. Step time: 3856.7ms.
   [Vectorized MCTS] Step 105: 64 games active. Completed: 242/1000. Step time: 3784.5ms.
   [Vectorized MCTS] Step 110: 64 games active. Completed: 242/1000. Step time: 3829.0ms.
   [Vectorized MCTS] Step 115: 64 games active. Completed: 242/1000. Step time: 3804.9ms.
   [Vectorized MCTS] Step 120: 64 games active. Completed: 242/1000. Step time: 3868.0ms.
   [Vectorized MCTS] Step 125: 64 games active. Completed: 242/1000. Step time: 3805.9ms.
   [Vectorized MCTS] Step 130: 64 games active. Completed: 242/1000. Step time: 3868.3ms.
   [Vectorized MCTS] Step 135: 64 games active. Completed: 242/1000. Step time: 3751.9ms.
   [Vectorized MCTS] Step 140: 64 games active. Completed: 244/1000. Step time: 3774.2ms.
   [Vectorized MCTS] Step 145: 64 games active. Completed: 246/1000. Step time: 3790.2ms.
   [Vectorized MCTS] Step 150: 64 games active. Completed: 249/1000. Step time: 3699.1ms.
   [Vectorized MCTS] Step 155: 64 games active. Completed: 254/1000. Step time: 3683.7ms.
   [Vectorized MCTS] Step 160: 64 games active. Completed: 276/1000. Step time: 3702.2ms.
   [Vectorized MCTS] Step 165: 64 games active. Completed: 336/1000. Step time: 3703.3ms.
   [Vectorized MCTS] Step 170: 64 games active. Completed: 389/1000. Step time: 3766.8ms.
   [Vectorized MCTS] Step 175: 64 games active. Completed: 438/1000. Step time: 3749.0ms.
   [Vectorized MCTS] Step 180: 64 games active. Completed: 467/1000. Step time: 3792.1ms.
   [Vectorized MCTS] Step 185: 64 games active. Completed: 496/1000. Step time: 3799.7ms.
   [Vectorized MCTS] Step 190: 64 games active. Completed: 527/1000. Step time: 3807.5ms.
   [Vectorized MCTS] Step 195: 64 games active. Completed: 547/1000. Step time: 3782.8ms.
   [Vectorized MCTS] Step 200: 64 games active. Completed: 572/1000. Step time: 3800.3ms.
   [Vectorized MCTS] Step 205: 64 games active. Completed: 592/1000. Step time: 3810.0ms.
   [Vectorized MCTS] Step 210: 64 games active. Completed: 606/1000. Step time: 3736.5ms.
   [Vectorized MCTS] Step 215: 64 games active. Completed: 619/1000. Step time: 3794.5ms.
   [Vectorized MCTS] Step 220: 64 games active. Completed: 629/1000. Step time: 3761.7ms.
   [Vectorized MCTS] Step 225: 64 games active. Completed: 636/1000. Step time: 3825.6ms.
   [Vectorized MCTS] Step 230: 64 games active. Completed: 642/1000. Step time: 3756.5ms.
   [Vectorized MCTS] Step 235: 64 games active. Completed: 646/1000. Step time: 3815.3ms.
   [Vectorized MCTS] Step 240: 64 games active. Completed: 652/1000. Step time: 3762.3ms.
   [Vectorized MCTS] Step 245: 64 games active. Completed: 657/1000. Step time: 3826.5ms.
   [Vectorized MCTS] Step 250: 64 games active. Completed: 662/1000. Step time: 3775.6ms.
   [Vectorized MCTS] Step 255: 64 games active. Completed: 670/1000. Step time: 3839.6ms.
   [Vectorized MCTS] Step 260: 64 games active. Completed: 675/1000. Step time: 3808.1ms.
   [Vectorized MCTS] Step 265: 64 games active. Completed: 678/1000. Step time: 3806.8ms.
   [Vectorized MCTS] Step 270: 64 games active. Completed: 678/1000. Step time: 3813.3ms.
   [Vectorized MCTS] Step 275: 64 games active. Completed: 678/1000. Step time: 3807.4ms.
   [Vectorized MCTS] Step 280: 64 games active. Completed: 678/1000. Step time: 3806.7ms.
   [Vectorized MCTS] Step 285: 64 games active. Completed: 678/1000. Step time: 3823.5ms.
   [Vectorized MCTS] Step 290: 64 games active. Completed: 680/1000. Step time: 3798.9ms.
   [Vectorized MCTS] Step 295: 64 games active. Completed: 682/1000. Step time: 3857.6ms.
   [Vectorized MCTS] Step 300: 64 games active. Completed: 682/1000. Step time: 3759.1ms.
   [Vectorized MCTS] Step 305: 64 games active. Completed: 682/1000. Step time: 3818.9ms.
   [Vectorized MCTS] Step 310: 64 games active. Completed: 683/1000. Step time: 3761.9ms.
   [Vectorized MCTS] Step 315: 64 games active. Completed: 686/1000. Step time: 3802.6ms.
   [Vectorized MCTS] Step 320: 64 games active. Completed: 703/1000. Step time: 3748.1ms.
   [Vectorized MCTS] Step 325: 64 games active. Completed: 730/1000. Step time: 3759.1ms.
   [Vectorized MCTS] Step 330: 64 games active. Completed: 778/1000. Step time: 3780.9ms.
   [Vectorized MCTS] Step 335: 64 games active. Completed: 821/1000. Step time: 3778.0ms.
   [Vectorized MCTS] Step 340: 64 games active. Completed: 863/1000. Step time: 3794.7ms.
   [Vectorized MCTS] Step 345: 64 games active. Completed: 886/1000. Step time: 3739.6ms.
   [Vectorized MCTS] Step 350: 64 games active. Completed: 917/1000. Step time: 3800.3ms.
   [Vectorized MCTS] Step 355: 59 games active. Completed: 941/1000. Step time: 3733.0ms.
   [Vectorized MCTS] Step 360: 50 games active. Completed: 950/1000. Step time: 3168.5ms.
   [Vectorized MCTS] Step 365: 45 games active. Completed: 955/1000. Step time: 2908.6ms.
   [Vectorized MCTS] Step 370: 43 games active. Completed: 957/1000. Step time: 2777.5ms.
   [Vectorized MCTS] Step 375: 42 games active. Completed: 958/1000. Step time: 2717.8ms.
   [Vectorized MCTS] Step 380: 41 games active. Completed: 959/1000. Step time: 2708.9ms.
   [Vectorized MCTS] Step 385: 40 games active. Completed: 960/1000. Step time: 2641.6ms.
   [Vectorized MCTS] Step 390: 37 games active. Completed: 963/1000. Step time: 2595.5ms.
   [Vectorized MCTS] Step 395: 37 games active. Completed: 963/1000. Step time: 2382.8ms.
   [Vectorized MCTS] Step 400: 36 games active. Completed: 964/1000. Step time: 2407.9ms.
   [Vectorized MCTS] Step 405: 36 games active. Completed: 964/1000. Step time: 2309.7ms.
   [Vectorized MCTS] Step 410: 36 games active. Completed: 964/1000. Step time: 2420.1ms.
   [Vectorized MCTS] Step 415: 36 games active. Completed: 964/1000. Step time: 2304.4ms.
   [Vectorized MCTS] Step 420: 35 games active. Completed: 965/1000. Step time: 2344.7ms.
   [Vectorized MCTS] Step 425: 34 games active. Completed: 966/1000. Step time: 2215.7ms.
   [Vectorized MCTS] Step 430: 34 games active. Completed: 966/1000. Step time: 2239.8ms.
   [Vectorized MCTS] Step 435: 33 games active. Completed: 967/1000. Step time: 2159.9ms.
   [Vectorized MCTS] Step 440: 33 games active. Completed: 967/1000. Step time: 2238.6ms.
   [Vectorized MCTS] Step 445: 33 games active. Completed: 967/1000. Step time: 2148.5ms.
   [Vectorized MCTS] Step 450: 33 games active. Completed: 967/1000. Step time: 2210.1ms.
   [Vectorized MCTS] Step 455: 32 games active. Completed: 968/1000. Step time: 2135.1ms.
   [Vectorized MCTS] Step 460: 32 games active. Completed: 968/1000. Step time: 2169.2ms.
   [Vectorized MCTS] Step 465: 32 games active. Completed: 968/1000. Step time: 2142.6ms.
   [Vectorized MCTS] Step 470: 32 games active. Completed: 968/1000. Step time: 2152.4ms.
   [Vectorized MCTS] Step 475: 32 games active. Completed: 968/1000. Step time: 2120.5ms.
   [Vectorized MCTS] Step 480: 30 games active. Completed: 970/1000. Step time: 2072.9ms.
   [Vectorized MCTS] Step 485: 28 games active. Completed: 972/1000. Step time: 2022.6ms.
   [Vectorized MCTS] Step 490: 22 games active. Completed: 978/1000. Step time: 1799.9ms.
   [Vectorized MCTS] Step 495: 14 games active. Completed: 986/1000. Step time: 1632.8ms.
   [Vectorized MCTS] Step 500: 11 games active. Completed: 989/1000. Step time: 1474.2ms.
   [Vectorized MCTS] Step 505: 07 games active. Completed: 993/1000. Step time: 1304.6ms.
   [Vectorized MCTS] Step 510: 01 games active. Completed: 999/1000. Step time: 1161.0ms.
   [Vectorized MCTS] Step 513: 00 games active. Completed: 1000/1000. Step time: 481.4ms.

Collection completed in 1696.7 seconds (1.697s/game average).
