Starting self-play collection using /Users/nilbot/playground/autogo-mlx/experiments/001_train_from_scratch/checkpoints/iter13.safetensors
--> Progressive sims enabled. Iteration 13 -> 64 simulations.
--> League play enabled: Selected historical opponent iter5.safetensors (3-channel model)
Config: num-games=1000, simulations=64, workers=8
--> Starting pool-swapping selfplay for all 1000 games with max_active_games=64...
   [Vectorized MCTS] Step 001: 64 games active. Completed: 0/1000. Step time: 4338.5ms.
   [Vectorized MCTS] Step 005: 64 games active. Completed: 84/1000. Step time: 3760.0ms.
   [Vectorized MCTS] Step 010: 64 games active. Completed: 141/1000. Step time: 3792.4ms.
   [Vectorized MCTS] Step 015: 64 games active. Completed: 162/1000. Step time: 3811.3ms.
   [Vectorized MCTS] Step 020: 64 games active. Completed: 187/1000. Step time: 3804.7ms.
   [Vectorized MCTS] Step 025: 64 games active. Completed: 200/1000. Step time: 3815.1ms.
   [Vectorized MCTS] Step 030: 64 games active. Completed: 213/1000. Step time: 3774.3ms.
   [Vectorized MCTS] Step 035: 64 games active. Completed: 218/1000. Step time: 3796.3ms.
   [Vectorized MCTS] Step 040: 64 games active. Completed: 222/1000. Step time: 3776.5ms.
   [Vectorized MCTS] Step 045: 64 games active. Completed: 225/1000. Step time: 3832.6ms.
   [Vectorized MCTS] Step 050: 64 games active. Completed: 225/1000. Step time: 3794.1ms.
   [Vectorized MCTS] Step 055: 64 games active. Completed: 226/1000. Step time: 3801.2ms.
   [Vectorized MCTS] Step 060: 64 games active. Completed: 228/1000. Step time: 3793.5ms.
   [Vectorized MCTS] Step 065: 64 games active. Completed: 230/1000. Step time: 3801.1ms.
   [Vectorized MCTS] Step 070: 64 games active. Completed: 232/1000. Step time: 3715.0ms.
   [Vectorized MCTS] Step 075: 64 games active. Completed: 232/1000. Step time: 3757.7ms.
   [Vectorized MCTS] Step 080: 64 games active. Completed: 232/1000. Step time: 3772.7ms.
   [Vectorized MCTS] Step 085: 64 games active. Completed: 232/1000. Step time: 3756.2ms.
   [Vectorized MCTS] Step 090: 64 games active. Completed: 232/1000. Step time: 3774.1ms.
   [Vectorized MCTS] Step 095: 64 games active. Completed: 232/1000. Step time: 3753.8ms.
   [Vectorized MCTS] Step 100: 64 games active. Completed: 232/1000. Step time: 3791.6ms.
   [Vectorized MCTS] Step 105: 64 games active. Completed: 232/1000. Step time: 3767.5ms.
   [Vectorized MCTS] Step 110: 64 games active. Completed: 232/1000. Step time: 3783.2ms.
   [Vectorized MCTS] Step 115: 64 games active. Completed: 232/1000. Step time: 3785.0ms.
   [Vectorized MCTS] Step 120: 64 games active. Completed: 232/1000. Step time: 3800.0ms.
   [Vectorized MCTS] Step 125: 64 games active. Completed: 232/1000. Step time: 3787.4ms.
   [Vectorized MCTS] Step 130: 64 games active. Completed: 232/1000. Step time: 3803.2ms.
   [Vectorized MCTS] Step 135: 64 games active. Completed: 232/1000. Step time: 3769.4ms.
   [Vectorized MCTS] Step 140: 64 games active. Completed: 234/1000. Step time: 3833.5ms.
   [Vectorized MCTS] Step 145: 64 games active. Completed: 238/1000. Step time: 3774.9ms.
   [Vectorized MCTS] Step 150: 64 games active. Completed: 243/1000. Step time: 3785.1ms.
   [Vectorized MCTS] Step 155: 64 games active. Completed: 258/1000. Step time: 3749.5ms.
   [Vectorized MCTS] Step 160: 64 games active. Completed: 292/1000. Step time: 3976.3ms.
   [Vectorized MCTS] Step 165: 64 games active. Completed: 342/1000. Step time: 4035.3ms.
   [Vectorized MCTS] Step 170: 64 games active. Completed: 401/1000. Step time: 3973.6ms.
   [Vectorized MCTS] Step 175: 64 games active. Completed: 442/1000. Step time: 3881.0ms.
   [Vectorized MCTS] Step 180: 64 games active. Completed: 473/1000. Step time: 3874.2ms.
   [Vectorized MCTS] Step 185: 64 games active. Completed: 494/1000. Step time: 3935.9ms.
   [Vectorized MCTS] Step 190: 64 games active. Completed: 512/1000. Step time: 3964.8ms.
   [Vectorized MCTS] Step 195: 64 games active. Completed: 526/1000. Step time: 4001.3ms.
   [Vectorized MCTS] Step 200: 64 games active. Completed: 538/1000. Step time: 4048.5ms.
   [Vectorized MCTS] Step 205: 64 games active. Completed: 553/1000. Step time: 3965.3ms.
   [Vectorized MCTS] Step 210: 64 games active. Completed: 558/1000. Step time: 3979.3ms.
   [Vectorized MCTS] Step 215: 64 games active. Completed: 561/1000. Step time: 3906.5ms.
   [Vectorized MCTS] Step 220: 64 games active. Completed: 565/1000. Step time: 3940.2ms.
   [Vectorized MCTS] Step 225: 64 games active. Completed: 573/1000. Step time: 3849.2ms.
   [Vectorized MCTS] Step 230: 64 games active. Completed: 579/1000. Step time: 3946.0ms.
   [Vectorized MCTS] Step 235: 64 games active. Completed: 581/1000. Step time: 3892.5ms.
   [Vectorized MCTS] Step 240: 64 games active. Completed: 581/1000. Step time: 4115.4ms.
   [Vectorized MCTS] Step 245: 64 games active. Completed: 581/1000. Step time: 4034.6ms.
   [Vectorized MCTS] Step 250: 64 games active. Completed: 581/1000. Step time: 4100.9ms.
   [Vectorized MCTS] Step 255: 64 games active. Completed: 581/1000. Step time: 4069.9ms.
   [Vectorized MCTS] Step 260: 64 games active. Completed: 581/1000. Step time: 4114.8ms.
   [Vectorized MCTS] Step 265: 64 games active. Completed: 583/1000. Step time: 4005.6ms.
   [Vectorized MCTS] Step 270: 64 games active. Completed: 584/1000. Step time: 4068.9ms.
   [Vectorized MCTS] Step 275: 64 games active. Completed: 584/1000. Step time: 4003.3ms.
   [Vectorized MCTS] Step 280: 64 games active. Completed: 584/1000. Step time: 4126.0ms.
   [Vectorized MCTS] Step 285: 64 games active. Completed: 585/1000. Step time: 4011.7ms.
   [Vectorized MCTS] Step 290: 64 games active. Completed: 587/1000. Step time: 4102.6ms.
   [Vectorized MCTS] Step 295: 64 games active. Completed: 589/1000. Step time: 4005.8ms.
   [Vectorized MCTS] Step 300: 64 games active. Completed: 595/1000. Step time: 4105.6ms.
   [Vectorized MCTS] Step 305: 64 games active. Completed: 604/1000. Step time: 4000.8ms.
   [Vectorized MCTS] Step 310: 64 games active. Completed: 620/1000. Step time: 4056.4ms.
   [Vectorized MCTS] Step 315: 64 games active. Completed: 642/1000. Step time: 3934.8ms.
   [Vectorized MCTS] Step 320: 64 games active. Completed: 668/1000. Step time: 4022.5ms.
   [Vectorized MCTS] Step 325: 64 games active. Completed: 701/1000. Step time: 3990.7ms.
   [Vectorized MCTS] Step 330: 64 games active. Completed: 734/1000. Step time: 4104.4ms.
   [Vectorized MCTS] Step 335: 64 games active. Completed: 766/1000. Step time: 4075.4ms.
   [Vectorized MCTS] Step 340: 64 games active. Completed: 795/1000. Step time: 4002.6ms.
   [Vectorized MCTS] Step 345: 64 games active. Completed: 828/1000. Step time: 4012.3ms.
   [Vectorized MCTS] Step 350: 64 games active. Completed: 862/1000. Step time: 4033.9ms.
   [Vectorized MCTS] Step 355: 64 games active. Completed: 891/1000. Step time: 3967.0ms.
   [Vectorized MCTS] Step 360: 64 games active. Completed: 914/1000. Step time: 4117.4ms.
   [Vectorized MCTS] Step 365: 64 games active. Completed: 934/1000. Step time: 4046.7ms.
   [Vectorized MCTS] Step 370: 52 games active. Completed: 948/1000. Step time: 3484.3ms.
   [Vectorized MCTS] Step 375: 50 games active. Completed: 950/1000. Step time: 3308.9ms.
   [Vectorized MCTS] Step 380: 50 games active. Completed: 950/1000. Step time: 3337.9ms.
   [Vectorized MCTS] Step 385: 49 games active. Completed: 951/1000. Step time: 3445.6ms.
   [Vectorized MCTS] Step 390: 47 games active. Completed: 953/1000. Step time: 2940.8ms.
   [Vectorized MCTS] Step 395: 47 games active. Completed: 953/1000. Step time: 2942.8ms.
   [Vectorized MCTS] Step 400: 47 games active. Completed: 953/1000. Step time: 2934.7ms.
   [Vectorized MCTS] Step 405: 47 games active. Completed: 953/1000. Step time: 2990.5ms.
   [Vectorized MCTS] Step 410: 47 games active. Completed: 953/1000. Step time: 2946.5ms.
   [Vectorized MCTS] Step 415: 47 games active. Completed: 953/1000. Step time: 2978.4ms.
   [Vectorized MCTS] Step 420: 47 games active. Completed: 953/1000. Step time: 2947.4ms.
   [Vectorized MCTS] Step 425: 46 games active. Completed: 954/1000. Step time: 2947.5ms.
   [Vectorized MCTS] Step 430: 46 games active. Completed: 954/1000. Step time: 2907.4ms.
   [Vectorized MCTS] Step 435: 46 games active. Completed: 954/1000. Step time: 2944.7ms.
   [Vectorized MCTS] Step 440: 45 games active. Completed: 955/1000. Step time: 2861.4ms.
   [Vectorized MCTS] Step 445: 45 games active. Completed: 955/1000. Step time: 2888.7ms.
   [Vectorized MCTS] Step 450: 45 games active. Completed: 955/1000. Step time: 2865.5ms.
   [Vectorized MCTS] Step 455: 45 games active. Completed: 955/1000. Step time: 2849.9ms.
   [Vectorized MCTS] Step 460: 44 games active. Completed: 956/1000. Step time: 2811.9ms.
   [Vectorized MCTS] Step 465: 43 games active. Completed: 957/1000. Step time: 2795.5ms.
   [Vectorized MCTS] Step 470: 39 games active. Completed: 961/1000. Step time: 2492.3ms.
   [Vectorized MCTS] Step 475: 35 games active. Completed: 965/1000. Step time: 2343.0ms.
   [Vectorized MCTS] Step 480: 29 games active. Completed: 971/1000. Step time: 1971.6ms.
   [Vectorized MCTS] Step 485: 23 games active. Completed: 977/1000. Step time: 1783.8ms.
   [Vectorized MCTS] Step 490: 18 games active. Completed: 982/1000. Step time: 1697.4ms.
   [Vectorized MCTS] Step 495: 16 games active. Completed: 984/1000. Step time: 1760.3ms.
   [Vectorized MCTS] Step 500: 14 games active. Completed: 986/1000. Step time: 1588.8ms.
   [Vectorized MCTS] Step 505: 12 games active. Completed: 988/1000. Step time: 1521.4ms.
   [Vectorized MCTS] Step 510: 05 games active. Completed: 995/1000. Step time: 1170.0ms.
   [Vectorized MCTS] Step 515: 04 games active. Completed: 996/1000. Step time: 1104.7ms.
   [Vectorized MCTS] Step 520: 04 games active. Completed: 996/1000. Step time: 1040.8ms.
   [Vectorized MCTS] Step 525: 00 games active. Completed: 1000/1000. Step time: 481.3ms.

Collection completed in 1833.1 seconds (1.833s/game average).
