Starting self-play collection using /Users/nilbot/playground/autogo-mlx/experiments/001_train_from_scratch/checkpoints/iter12.safetensors
--> Progressive sims enabled. Iteration 12 -> 64 simulations.
--> League play enabled: Selected historical opponent iter2.safetensors (3-channel model)
Config: num-games=1000, simulations=64, workers=8
--> Starting pool-swapping selfplay for all 1000 games with max_active_games=64...
   [Vectorized MCTS] Step 001: 64 games active. Completed: 0/1000. Step time: 5696.6ms.
   [Vectorized MCTS] Step 005: 64 games active. Completed: 0/1000. Step time: 5729.9ms.
   [Vectorized MCTS] Step 010: 64 games active. Completed: 27/1000. Step time: 5095.6ms.
   [Vectorized MCTS] Step 015: 64 games active. Completed: 41/1000. Step time: 5317.0ms.
   [Vectorized MCTS] Step 020: 64 games active. Completed: 55/1000. Step time: 4404.0ms.
   [Vectorized MCTS] Step 025: 64 games active. Completed: 69/1000. Step time: 4498.5ms.
   [Vectorized MCTS] Step 030: 64 games active. Completed: 75/1000. Step time: 4338.1ms.
   [Vectorized MCTS] Step 035: 64 games active. Completed: 88/1000. Step time: 4385.0ms.
   [Vectorized MCTS] Step 040: 64 games active. Completed: 93/1000. Step time: 4222.5ms.
   [Vectorized MCTS] Step 045: 64 games active. Completed: 102/1000. Step time: 4311.8ms.
   [Vectorized MCTS] Step 050: 64 games active. Completed: 105/1000. Step time: 4242.2ms.
   [Vectorized MCTS] Step 055: 64 games active. Completed: 109/1000. Step time: 4274.7ms.
   [Vectorized MCTS] Step 060: 64 games active. Completed: 111/1000. Step time: 4235.2ms.
   [Vectorized MCTS] Step 065: 64 games active. Completed: 113/1000. Step time: 4270.2ms.
   [Vectorized MCTS] Step 070: 64 games active. Completed: 115/1000. Step time: 4184.6ms.
   [Vectorized MCTS] Step 075: 64 games active. Completed: 117/1000. Step time: 4183.0ms.
   [Vectorized MCTS] Step 080: 64 games active. Completed: 118/1000. Step time: 4161.0ms.
   [Vectorized MCTS] Step 085: 64 games active. Completed: 120/1000. Step time: 4190.4ms.
   [Vectorized MCTS] Step 090: 64 games active. Completed: 121/1000. Step time: 4136.7ms.
   [Vectorized MCTS] Step 095: 64 games active. Completed: 121/1000. Step time: 4163.4ms.
   [Vectorized MCTS] Step 100: 64 games active. Completed: 125/1000. Step time: 4051.5ms.
   [Vectorized MCTS] Step 105: 64 games active. Completed: 126/1000. Step time: 4106.8ms.
   [Vectorized MCTS] Step 110: 64 games active. Completed: 133/1000. Step time: 4017.3ms.
   [Vectorized MCTS] Step 115: 64 games active. Completed: 142/1000. Step time: 4092.4ms.
   [Vectorized MCTS] Step 120: 64 games active. Completed: 146/1000. Step time: 4023.4ms.
   [Vectorized MCTS] Step 125: 64 games active. Completed: 155/1000. Step time: 3970.7ms.
   [Vectorized MCTS] Step 130: 64 games active. Completed: 160/1000. Step time: 4048.7ms.
   [Vectorized MCTS] Step 135: 64 games active. Completed: 172/1000. Step time: 4024.2ms.
   [Vectorized MCTS] Step 140: 64 games active. Completed: 182/1000. Step time: 4054.0ms.
   [Vectorized MCTS] Step 145: 64 games active. Completed: 190/1000. Step time: 4062.9ms.
   [Vectorized MCTS] Step 150: 64 games active. Completed: 201/1000. Step time: 4071.9ms.
   [Vectorized MCTS] Step 155: 64 games active. Completed: 207/1000. Step time: 4072.1ms.
   [Vectorized MCTS] Step 160: 64 games active. Completed: 217/1000. Step time: 4103.5ms.
   [Vectorized MCTS] Step 165: 64 games active. Completed: 221/1000. Step time: 4130.8ms.
   [Vectorized MCTS] Step 170: 64 games active. Completed: 230/1000. Step time: 4178.0ms.
   [Vectorized MCTS] Step 175: 64 games active. Completed: 234/1000. Step time: 4196.2ms.
   [Vectorized MCTS] Step 180: 64 games active. Completed: 239/1000. Step time: 4188.2ms.
   [Vectorized MCTS] Step 185: 64 games active. Completed: 245/1000. Step time: 4129.9ms.
   [Vectorized MCTS] Step 190: 64 games active. Completed: 248/1000. Step time: 4079.4ms.
   [Vectorized MCTS] Step 195: 64 games active. Completed: 253/1000. Step time: 4110.8ms.
   [Vectorized MCTS] Step 200: 64 games active. Completed: 257/1000. Step time: 4075.4ms.
   [Vectorized MCTS] Step 205: 64 games active. Completed: 258/1000. Step time: 4113.9ms.
   [Vectorized MCTS] Step 210: 64 games active. Completed: 263/1000. Step time: 4110.1ms.
   [Vectorized MCTS] Step 215: 64 games active. Completed: 264/1000. Step time: 4140.9ms.
   [Vectorized MCTS] Step 220: 64 games active. Completed: 270/1000. Step time: 4078.0ms.
   [Vectorized MCTS] Step 225: 64 games active. Completed: 272/1000. Step time: 4119.9ms.
   [Vectorized MCTS] Step 230: 64 games active. Completed: 277/1000. Step time: 4057.9ms.
   [Vectorized MCTS] Step 235: 64 games active. Completed: 283/1000. Step time: 4088.7ms.
   [Vectorized MCTS] Step 240: 64 games active. Completed: 287/1000. Step time: 4079.6ms.
   [Vectorized MCTS] Step 245: 64 games active. Completed: 293/1000. Step time: 4012.7ms.
   [Vectorized MCTS] Step 250: 64 games active. Completed: 298/1000. Step time: 3993.1ms.
   [Vectorized MCTS] Step 255: 64 games active. Completed: 305/1000. Step time: 4533.4ms.
   [Vectorized MCTS] Step 260: 64 games active. Completed: 311/1000. Step time: 4588.4ms.
   [Vectorized MCTS] Step 265: 64 games active. Completed: 316/1000. Step time: 4074.2ms.
   [Vectorized MCTS] Step 270: 64 games active. Completed: 323/1000. Step time: 3999.0ms.
   [Vectorized MCTS] Step 275: 64 games active. Completed: 332/1000. Step time: 4076.0ms.
   [Vectorized MCTS] Step 280: 64 games active. Completed: 340/1000. Step time: 3983.1ms.
   [Vectorized MCTS] Step 285: 64 games active. Completed: 346/1000. Step time: 4115.4ms.
   [Vectorized MCTS] Step 290: 64 games active. Completed: 355/1000. Step time: 3976.3ms.
   [Vectorized MCTS] Step 295: 64 games active. Completed: 362/1000. Step time: 4137.5ms.
   [Vectorized MCTS] Step 300: 64 games active. Completed: 368/1000. Step time: 3998.4ms.
   [Vectorized MCTS] Step 305: 64 games active. Completed: 378/1000. Step time: 4592.8ms.
   [Vectorized MCTS] Step 310: 64 games active. Completed: 380/1000. Step time: 4047.0ms.
   [Vectorized MCTS] Step 315: 64 games active. Completed: 386/1000. Step time: 4591.4ms.
   [Vectorized MCTS] Step 320: 64 games active. Completed: 389/1000. Step time: 4145.5ms.
   [Vectorized MCTS] Step 325: 64 games active. Completed: 397/1000. Step time: 4110.7ms.
   [Vectorized MCTS] Step 330: 64 games active. Completed: 401/1000. Step time: 4659.7ms.
   [Vectorized MCTS] Step 335: 64 games active. Completed: 405/1000. Step time: 4066.6ms.
   [Vectorized MCTS] Step 340: 64 games active. Completed: 411/1000. Step time: 4584.8ms.
   [Vectorized MCTS] Step 345: 64 games active. Completed: 416/1000. Step time: 4025.4ms.
   [Vectorized MCTS] Step 350: 64 games active. Completed: 423/1000. Step time: 4146.1ms.
   [Vectorized MCTS] Step 355: 64 games active. Completed: 426/1000. Step time: 4115.2ms.
   [Vectorized MCTS] Step 360: 64 games active. Completed: 432/1000. Step time: 4021.9ms.
   [Vectorized MCTS] Step 365: 64 games active. Completed: 438/1000. Step time: 4060.0ms.
   [Vectorized MCTS] Step 370: 64 games active. Completed: 440/1000. Step time: 4086.8ms.
   [Vectorized MCTS] Step 375: 64 games active. Completed: 449/1000. Step time: 4025.5ms.
   [Vectorized MCTS] Step 380: 64 games active. Completed: 452/1000. Step time: 4087.4ms.
   [Vectorized MCTS] Step 385: 64 games active. Completed: 458/1000. Step time: 4029.5ms.
   [Vectorized MCTS] Step 390: 64 games active. Completed: 463/1000. Step time: 4584.1ms.
   [Vectorized MCTS] Step 395: 64 games active. Completed: 468/1000. Step time: 3987.5ms.
   [Vectorized MCTS] Step 400: 64 games active. Completed: 474/1000. Step time: 4850.1ms.
   [Vectorized MCTS] Step 405: 64 games active. Completed: 484/1000. Step time: 4017.7ms.
   [Vectorized MCTS] Step 410: 64 games active. Completed: 488/1000. Step time: 4758.6ms.
   [Vectorized MCTS] Step 415: 64 games active. Completed: 497/1000. Step time: 4012.4ms.
   [Vectorized MCTS] Step 420: 64 games active. Completed: 501/1000. Step time: 4744.0ms.
   [Vectorized MCTS] Step 425: 64 games active. Completed: 508/1000. Step time: 4000.9ms.
   [Vectorized MCTS] Step 430: 64 games active. Completed: 516/1000. Step time: 4633.5ms.
   [Vectorized MCTS] Step 435: 64 games active. Completed: 521/1000. Step time: 4026.1ms.
   [Vectorized MCTS] Step 440: 64 games active. Completed: 528/1000. Step time: 4599.9ms.
   [Vectorized MCTS] Step 445: 64 games active. Completed: 534/1000. Step time: 4118.2ms.
   [Vectorized MCTS] Step 450: 64 games active. Completed: 539/1000. Step time: 4555.1ms.
   [Vectorized MCTS] Step 455: 64 games active. Completed: 544/1000. Step time: 4085.0ms.
   [Vectorized MCTS] Step 460: 64 games active. Completed: 548/1000. Step time: 4113.8ms.
   [Vectorized MCTS] Step 465: 64 games active. Completed: 552/1000. Step time: 4118.5ms.
   [Vectorized MCTS] Step 470: 64 games active. Completed: 556/1000. Step time: 4142.7ms.
   [Vectorized MCTS] Step 475: 64 games active. Completed: 560/1000. Step time: 4576.9ms.
   [Vectorized MCTS] Step 480: 64 games active. Completed: 566/1000. Step time: 4096.1ms.
   [Vectorized MCTS] Step 485: 64 games active. Completed: 572/1000. Step time: 4602.9ms.
   [Vectorized MCTS] Step 490: 64 games active. Completed: 577/1000. Step time: 4077.5ms.
   [Vectorized MCTS] Step 495: 64 games active. Completed: 583/1000. Step time: 4574.8ms.
   [Vectorized MCTS] Step 500: 64 games active. Completed: 590/1000. Step time: 3978.0ms.
   [Vectorized MCTS] Step 505: 64 games active. Completed: 595/1000. Step time: 4523.1ms.
   [Vectorized MCTS] Step 510: 64 games active. Completed: 606/1000. Step time: 4042.7ms.
   [Vectorized MCTS] Step 515: 64 games active. Completed: 613/1000. Step time: 4730.5ms.
   [Vectorized MCTS] Step 520: 64 games active. Completed: 622/1000. Step time: 4019.1ms.
   [Vectorized MCTS] Step 525: 64 games active. Completed: 631/1000. Step time: 4861.3ms.
   [Vectorized MCTS] Step 530: 64 games active. Completed: 641/1000. Step time: 4076.1ms.
   [Vectorized MCTS] Step 535: 64 games active. Completed: 651/1000. Step time: 4821.7ms.
   [Vectorized MCTS] Step 540: 64 games active. Completed: 656/1000. Step time: 4031.0ms.
   [Vectorized MCTS] Step 545: 64 games active. Completed: 662/1000. Step time: 4893.1ms.
   [Vectorized MCTS] Step 550: 64 games active. Completed: 667/1000. Step time: 4071.9ms.
   [Vectorized MCTS] Step 555: 64 games active. Completed: 671/1000. Step time: 5050.1ms.
   [Vectorized MCTS] Step 560: 64 games active. Completed: 675/1000. Step time: 4103.3ms.
   [Vectorized MCTS] Step 565: 64 games active. Completed: 678/1000. Step time: 4925.8ms.
   [Vectorized MCTS] Step 570: 64 games active. Completed: 683/1000. Step time: 4078.3ms.
   [Vectorized MCTS] Step 575: 64 games active. Completed: 688/1000. Step time: 4765.3ms.
   [Vectorized MCTS] Step 580: 64 games active. Completed: 696/1000. Step time: 4123.0ms.
   [Vectorized MCTS] Step 585: 64 games active. Completed: 699/1000. Step time: 4718.2ms.
   [Vectorized MCTS] Step 590: 64 games active. Completed: 706/1000. Step time: 4092.9ms.
   [Vectorized MCTS] Step 595: 64 games active. Completed: 708/1000. Step time: 4798.6ms.
   [Vectorized MCTS] Step 600: 64 games active. Completed: 713/1000. Step time: 4086.4ms.
   [Vectorized MCTS] Step 605: 64 games active. Completed: 715/1000. Step time: 4744.0ms.
   [Vectorized MCTS] Step 610: 64 games active. Completed: 723/1000. Step time: 4132.4ms.
   [Vectorized MCTS] Step 615: 64 games active. Completed: 726/1000. Step time: 4720.2ms.
   [Vectorized MCTS] Step 620: 64 games active. Completed: 730/1000. Step time: 4077.7ms.
   [Vectorized MCTS] Step 625: 64 games active. Completed: 734/1000. Step time: 4632.0ms.
   [Vectorized MCTS] Step 630: 64 games active. Completed: 740/1000. Step time: 4058.9ms.
   [Vectorized MCTS] Step 635: 64 games active. Completed: 744/1000. Step time: 4604.0ms.
   [Vectorized MCTS] Step 640: 64 games active. Completed: 752/1000. Step time: 4043.5ms.
   [Vectorized MCTS] Step 645: 64 games active. Completed: 757/1000. Step time: 4660.6ms.
   [Vectorized MCTS] Step 650: 64 games active. Completed: 767/1000. Step time: 4739.7ms.
   [Vectorized MCTS] Step 655: 64 games active. Completed: 774/1000. Step time: 4219.9ms.
   [Vectorized MCTS] Step 660: 64 games active. Completed: 786/1000. Step time: 4746.8ms.
   [Vectorized MCTS] Step 665: 64 games active. Completed: 790/1000. Step time: 4081.2ms.
   [Vectorized MCTS] Step 670: 64 games active. Completed: 799/1000. Step time: 4207.3ms.
   [Vectorized MCTS] Step 675: 64 games active. Completed: 803/1000. Step time: 4047.2ms.
   [Vectorized MCTS] Step 680: 64 games active. Completed: 815/1000. Step time: 4748.4ms.
   [Vectorized MCTS] Step 685: 64 games active. Completed: 819/1000. Step time: 4228.7ms.
   [Vectorized MCTS] Step 690: 64 games active. Completed: 826/1000. Step time: 4749.3ms.
   [Vectorized MCTS] Step 695: 64 games active. Completed: 833/1000. Step time: 4166.2ms.
   [Vectorized MCTS] Step 700: 64 games active. Completed: 841/1000. Step time: 4802.4ms.
   [Vectorized MCTS] Step 705: 64 games active. Completed: 845/1000. Step time: 4131.2ms.
   [Vectorized MCTS] Step 710: 64 games active. Completed: 850/1000. Step time: 4716.9ms.
   [Vectorized MCTS] Step 715: 64 games active. Completed: 855/1000. Step time: 4113.6ms.
   [Vectorized MCTS] Step 720: 64 games active. Completed: 860/1000. Step time: 4687.4ms.
   [Vectorized MCTS] Step 725: 64 games active. Completed: 867/1000. Step time: 4116.0ms.
   [Vectorized MCTS] Step 730: 64 games active. Completed: 876/1000. Step time: 4927.1ms.
   [Vectorized MCTS] Step 735: 64 games active. Completed: 883/1000. Step time: 4086.3ms.
   [Vectorized MCTS] Step 740: 64 games active. Completed: 895/1000. Step time: 4941.2ms.
   [Vectorized MCTS] Step 745: 64 games active. Completed: 900/1000. Step time: 4140.2ms.
   [Vectorized MCTS] Step 750: 64 games active. Completed: 908/1000. Step time: 4832.4ms.
   [Vectorized MCTS] Step 755: 64 games active. Completed: 914/1000. Step time: 4144.3ms.
   [Vectorized MCTS] Step 760: 64 games active. Completed: 920/1000. Step time: 4972.9ms.
   [Vectorized MCTS] Step 765: 64 games active. Completed: 925/1000. Step time: 4076.7ms.
   [Vectorized MCTS] Step 770: 64 games active. Completed: 933/1000. Step time: 4879.8ms.
   [Vectorized MCTS] Step 775: 62 games active. Completed: 938/1000. Step time: 3995.4ms.
   [Vectorized MCTS] Step 780: 53 games active. Completed: 947/1000. Step time: 3770.5ms.
   [Vectorized MCTS] Step 785: 48 games active. Completed: 952/1000. Step time: 3164.2ms.
   [Vectorized MCTS] Step 790: 44 games active. Completed: 956/1000. Step time: 3110.6ms.
   [Vectorized MCTS] Step 795: 41 games active. Completed: 959/1000. Step time: 2871.3ms.
   [Vectorized MCTS] Step 800: 40 games active. Completed: 960/1000. Step time: 2864.0ms.
   [Vectorized MCTS] Step 805: 38 games active. Completed: 962/1000. Step time: 2576.1ms.
   [Vectorized MCTS] Step 810: 35 games active. Completed: 965/1000. Step time: 2661.4ms.
   [Vectorized MCTS] Step 815: 34 games active. Completed: 966/1000. Step time: 2429.9ms.
   [Vectorized MCTS] Step 820: 33 games active. Completed: 967/1000. Step time: 2477.1ms.
   [Vectorized MCTS] Step 825: 28 games active. Completed: 972/1000. Step time: 2175.4ms.
   [Vectorized MCTS] Step 830: 25 games active. Completed: 975/1000. Step time: 2036.7ms.
   [Vectorized MCTS] Step 835: 24 games active. Completed: 976/1000. Step time: 1970.5ms.
   [Vectorized MCTS] Step 840: 21 games active. Completed: 979/1000. Step time: 1799.6ms.
   [Vectorized MCTS] Step 845: 20 games active. Completed: 980/1000. Step time: 1819.9ms.
   [Vectorized MCTS] Step 850: 17 games active. Completed: 983/1000. Step time: 1663.2ms.
   [Vectorized MCTS] Step 855: 11 games active. Completed: 989/1000. Step time: 1597.4ms.
   [Vectorized MCTS] Step 860: 10 games active. Completed: 990/1000. Step time: 1452.2ms.
   [Vectorized MCTS] Step 865: 10 games active. Completed: 990/1000. Step time: 1502.2ms.
   [Vectorized MCTS] Step 870: 08 games active. Completed: 992/1000. Step time: 1413.9ms.
   [Vectorized MCTS] Step 875: 07 games active. Completed: 993/1000. Step time: 1344.3ms.
   [Vectorized MCTS] Step 880: 06 games active. Completed: 994/1000. Step time: 1210.1ms.
   [Vectorized MCTS] Step 885: 05 games active. Completed: 995/1000. Step time: 1264.4ms.
   [Vectorized MCTS] Step 890: 04 games active. Completed: 996/1000. Step time: 1125.5ms.
   [Vectorized MCTS] Step 895: 01 games active. Completed: 999/1000. Step time: 564.6ms.
   [Vectorized MCTS] Step 900: 01 games active. Completed: 999/1000. Step time: 500.8ms.
   [Vectorized MCTS] Step 901: 00 games active. Completed: 1000/1000. Step time: 493.9ms.

Collection completed in 3598.8 seconds (3.599s/game average).
