Starting self-play collection using /Users/nilbot/playground/autogo-mlx/experiments/001_train_from_scratch/checkpoints/iter14.safetensors
--> Progressive sims enabled. Iteration 14 -> 64 simulations.
--> League play enabled: Selected historical opponent iter13.safetensors (18-channel model)
Config: num-games=1000, simulations=64, workers=8
--> Starting pool-swapping selfplay for all 1000 games with max_active_games=64...
   [Vectorized MCTS] Step 001: 64 games active. Completed: 0/1000. Step time: 4827.8ms.
   [Vectorized MCTS] Step 005: 64 games active. Completed: 0/1000. Step time: 5445.4ms.
   [Vectorized MCTS] Step 010: 64 games active. Completed: 6/1000. Step time: 5232.2ms.
   [Vectorized MCTS] Step 015: 64 games active. Completed: 26/1000. Step time: 5000.0ms.
   [Vectorized MCTS] Step 020: 64 games active. Completed: 28/1000. Step time: 5304.1ms.
   [Vectorized MCTS] Step 025: 64 games active. Completed: 39/1000. Step time: 4545.2ms.
   [Vectorized MCTS] Step 030: 64 games active. Completed: 40/1000. Step time: 5787.9ms.
   [Vectorized MCTS] Step 035: 64 games active. Completed: 43/1000. Step time: 4945.5ms.
   [Vectorized MCTS] Step 040: 64 games active. Completed: 44/1000. Step time: 5526.5ms.
   [Vectorized MCTS] Step 045: 64 games active. Completed: 46/1000. Step time: 4850.2ms.
   [Vectorized MCTS] Step 050: 64 games active. Completed: 46/1000. Step time: 5465.6ms.
   [Vectorized MCTS] Step 055: 64 games active. Completed: 46/1000. Step time: 4835.6ms.
   [Vectorized MCTS] Step 060: 64 games active. Completed: 46/1000. Step time: 5556.9ms.
   [Vectorized MCTS] Step 065: 64 games active. Completed: 46/1000. Step time: 4832.7ms.
   [Vectorized MCTS] Step 070: 64 games active. Completed: 46/1000. Step time: 5552.7ms.
   [Vectorized MCTS] Step 075: 64 games active. Completed: 46/1000. Step time: 4840.5ms.
   [Vectorized MCTS] Step 080: 64 games active. Completed: 46/1000. Step time: 5479.6ms.
   [Vectorized MCTS] Step 085: 64 games active. Completed: 46/1000. Step time: 4833.5ms.
   [Vectorized MCTS] Step 090: 64 games active. Completed: 46/1000. Step time: 5463.9ms.
   [Vectorized MCTS] Step 095: 64 games active. Completed: 46/1000. Step time: 4901.8ms.
   [Vectorized MCTS] Step 100: 64 games active. Completed: 46/1000. Step time: 5513.1ms.
   [Vectorized MCTS] Step 105: 64 games active. Completed: 46/1000. Step time: 4860.2ms.
   [Vectorized MCTS] Step 110: 64 games active. Completed: 46/1000. Step time: 5639.0ms.
   [Vectorized MCTS] Step 115: 64 games active. Completed: 46/1000. Step time: 4868.2ms.
   [Vectorized MCTS] Step 120: 64 games active. Completed: 46/1000. Step time: 5566.5ms.
   [Vectorized MCTS] Step 125: 64 games active. Completed: 46/1000. Step time: 4886.1ms.
   [Vectorized MCTS] Step 130: 64 games active. Completed: 46/1000. Step time: 5504.8ms.
   [Vectorized MCTS] Step 135: 64 games active. Completed: 46/1000. Step time: 4926.2ms.
   [Vectorized MCTS] Step 140: 64 games active. Completed: 46/1000. Step time: 5523.0ms.
   [Vectorized MCTS] Step 145: 64 games active. Completed: 48/1000. Step time: 4855.0ms.
   [Vectorized MCTS] Step 150: 64 games active. Completed: 48/1000. Step time: 5297.5ms.
   [Vectorized MCTS] Step 155: 64 games active. Completed: 48/1000. Step time: 4862.3ms.
   [Vectorized MCTS] Step 160: 64 games active. Completed: 62/1000. Step time: 5098.3ms.
   [Vectorized MCTS] Step 165: 64 games active. Completed: 83/1000. Step time: 5191.5ms.
   [Vectorized MCTS] Step 170: 64 games active. Completed: 91/1000. Step time: 5175.4ms.
   [Vectorized MCTS] Step 175: 64 games active. Completed: 110/1000. Step time: 4945.5ms.
   [Vectorized MCTS] Step 180: 64 games active. Completed: 120/1000. Step time: 5320.2ms.
   [Vectorized MCTS] Step 185: 64 games active. Completed: 132/1000. Step time: 4940.1ms.
   [Vectorized MCTS] Step 190: 64 games active. Completed: 140/1000. Step time: 5223.5ms.
   [Vectorized MCTS] Step 195: 64 games active. Completed: 145/1000. Step time: 5260.5ms.
   [Vectorized MCTS] Step 200: 64 games active. Completed: 147/1000. Step time: 5166.0ms.
   [Vectorized MCTS] Step 205: 64 games active. Completed: 154/1000. Step time: 5085.3ms.
   [Vectorized MCTS] Step 210: 64 games active. Completed: 158/1000. Step time: 5163.9ms.
   [Vectorized MCTS] Step 215: 64 games active. Completed: 160/1000. Step time: 4746.3ms.
   [Vectorized MCTS] Step 220: 64 games active. Completed: 161/1000. Step time: 5054.9ms.
   [Vectorized MCTS] Step 225: 64 games active. Completed: 162/1000. Step time: 4730.7ms.
   [Vectorized MCTS] Step 230: 64 games active. Completed: 162/1000. Step time: 4927.5ms.
   [Vectorized MCTS] Step 235: 64 games active. Completed: 163/1000. Step time: 4738.4ms.
   [Vectorized MCTS] Step 240: 64 games active. Completed: 163/1000. Step time: 4938.7ms.
   [Vectorized MCTS] Step 245: 64 games active. Completed: 163/1000. Step time: 4745.6ms.
   [Vectorized MCTS] Step 250: 64 games active. Completed: 163/1000. Step time: 4924.2ms.
   [Vectorized MCTS] Step 255: 64 games active. Completed: 163/1000. Step time: 5035.7ms.
   [Vectorized MCTS] Step 260: 64 games active. Completed: 163/1000. Step time: 4982.5ms.
   [Vectorized MCTS] Step 265: 64 games active. Completed: 163/1000. Step time: 4787.6ms.
   [Vectorized MCTS] Step 270: 64 games active. Completed: 163/1000. Step time: 4967.3ms.
   [Vectorized MCTS] Step 275: 64 games active. Completed: 163/1000. Step time: 4744.7ms.
   [Vectorized MCTS] Step 280: 64 games active. Completed: 163/1000. Step time: 4928.0ms.
   [Vectorized MCTS] Step 285: 64 games active. Completed: 163/1000. Step time: 4708.3ms.
   [Vectorized MCTS] Step 290: 64 games active. Completed: 164/1000. Step time: 4900.0ms.
   [Vectorized MCTS] Step 295: 64 games active. Completed: 164/1000. Step time: 4232.1ms.
   [Vectorized MCTS] Step 300: 64 games active. Completed: 165/1000. Step time: 4911.3ms.
   [Vectorized MCTS] Step 305: 64 games active. Completed: 167/1000. Step time: 4147.7ms.
   [Vectorized MCTS] Step 310: 64 games active. Completed: 167/1000. Step time: 4847.5ms.
   [Vectorized MCTS] Step 315: 64 games active. Completed: 167/1000. Step time: 4097.3ms.
   [Vectorized MCTS] Step 320: 64 games active. Completed: 178/1000. Step time: 4658.1ms.
   [Vectorized MCTS] Step 325: 64 games active. Completed: 188/1000. Step time: 4834.0ms.
   [Vectorized MCTS] Step 330: 64 games active. Completed: 196/1000. Step time: 4659.0ms.
   [Vectorized MCTS] Step 335: 64 games active. Completed: 214/1000. Step time: 4678.9ms.
   [Vectorized MCTS] Step 340: 64 games active. Completed: 217/1000. Step time: 4773.0ms.
   [Vectorized MCTS] Step 345: 64 games active. Completed: 226/1000. Step time: 4537.5ms.
   [Vectorized MCTS] Step 350: 64 games active. Completed: 234/1000. Step time: 4764.2ms.
   [Vectorized MCTS] Step 355: 64 games active. Completed: 239/1000. Step time: 4650.5ms.
   [Vectorized MCTS] Step 360: 64 games active. Completed: 248/1000. Step time: 4912.9ms.
   [Vectorized MCTS] Step 365: 64 games active. Completed: 251/1000. Step time: 4697.1ms.
   [Vectorized MCTS] Step 370: 64 games active. Completed: 260/1000. Step time: 4878.1ms.
   [Vectorized MCTS] Step 375: 64 games active. Completed: 262/1000. Step time: 4762.9ms.
   [Vectorized MCTS] Step 380: 64 games active. Completed: 264/1000. Step time: 4761.2ms.
   [Vectorized MCTS] Step 385: 64 games active. Completed: 266/1000. Step time: 4765.8ms.
   [Vectorized MCTS] Step 390: 64 games active. Completed: 267/1000. Step time: 4825.3ms.
   [Vectorized MCTS] Step 395: 64 games active. Completed: 267/1000. Step time: 4693.6ms.
   [Vectorized MCTS] Step 400: 64 games active. Completed: 269/1000. Step time: 4831.6ms.
   [Vectorized MCTS] Step 405: 64 games active. Completed: 269/1000. Step time: 4706.4ms.
   [Vectorized MCTS] Step 410: 64 games active. Completed: 269/1000. Step time: 4831.8ms.
   [Vectorized MCTS] Step 415: 64 games active. Completed: 269/1000. Step time: 4689.4ms.
   [Vectorized MCTS] Step 420: 64 games active. Completed: 269/1000. Step time: 4843.1ms.
   [Vectorized MCTS] Step 425: 64 games active. Completed: 269/1000. Step time: 4699.0ms.
   [Vectorized MCTS] Step 430: 64 games active. Completed: 269/1000. Step time: 4821.2ms.
   [Vectorized MCTS] Step 435: 64 games active. Completed: 269/1000. Step time: 4697.5ms.
   [Vectorized MCTS] Step 440: 64 games active. Completed: 269/1000. Step time: 4928.5ms.
   [Vectorized MCTS] Step 445: 64 games active. Completed: 269/1000. Step time: 4762.3ms.
   [Vectorized MCTS] Step 450: 64 games active. Completed: 269/1000. Step time: 4825.5ms.
   [Vectorized MCTS] Step 455: 64 games active. Completed: 269/1000. Step time: 4658.4ms.
   [Vectorized MCTS] Step 460: 64 games active. Completed: 270/1000. Step time: 4764.8ms.
   [Vectorized MCTS] Step 465: 64 games active. Completed: 271/1000. Step time: 4650.3ms.
   [Vectorized MCTS] Step 470: 64 games active. Completed: 272/1000. Step time: 4705.8ms.
   [Vectorized MCTS] Step 475: 64 games active. Completed: 273/1000. Step time: 4613.2ms.
   [Vectorized MCTS] Step 480: 64 games active. Completed: 282/1000. Step time: 4654.6ms.
   [Vectorized MCTS] Step 485: 64 games active. Completed: 289/1000. Step time: 4636.1ms.
   [Vectorized MCTS] Step 490: 64 games active. Completed: 299/1000. Step time: 4617.2ms.
   [Vectorized MCTS] Step 495: 64 games active. Completed: 308/1000. Step time: 4711.3ms.
   [Vectorized MCTS] Step 500: 64 games active. Completed: 317/1000. Step time: 4669.3ms.
   [Vectorized MCTS] Step 505: 64 games active. Completed: 325/1000. Step time: 4626.4ms.
   [Vectorized MCTS] Step 510: 64 games active. Completed: 335/1000. Step time: 4818.3ms.
   [Vectorized MCTS] Step 515: 64 games active. Completed: 343/1000. Step time: 4854.2ms.
   [Vectorized MCTS] Step 520: 64 games active. Completed: 350/1000. Step time: 4669.1ms.
   [Vectorized MCTS] Step 525: 64 games active. Completed: 355/1000. Step time: 4772.1ms.
   [Vectorized MCTS] Step 530: 64 games active. Completed: 364/1000. Step time: 4687.2ms.
   [Vectorized MCTS] Step 535: 64 games active. Completed: 371/1000. Step time: 4971.8ms.
   [Vectorized MCTS] Step 540: 64 games active. Completed: 373/1000. Step time: 4704.4ms.
   [Vectorized MCTS] Step 545: 64 games active. Completed: 379/1000. Step time: 4984.1ms.
   [Vectorized MCTS] Step 550: 64 games active. Completed: 380/1000. Step time: 4739.0ms.
   [Vectorized MCTS] Step 555: 64 games active. Completed: 384/1000. Step time: 4875.3ms.
   [Vectorized MCTS] Step 560: 64 games active. Completed: 386/1000. Step time: 4721.7ms.
   [Vectorized MCTS] Step 565: 64 games active. Completed: 388/1000. Step time: 4900.5ms.
   [Vectorized MCTS] Step 570: 64 games active. Completed: 388/1000. Step time: 4754.5ms.
   [Vectorized MCTS] Step 575: 64 games active. Completed: 391/1000. Step time: 4928.9ms.
   [Vectorized MCTS] Step 580: 64 games active. Completed: 391/1000. Step time: 4780.1ms.
   [Vectorized MCTS] Step 585: 64 games active. Completed: 391/1000. Step time: 4867.5ms.
   [Vectorized MCTS] Step 590: 64 games active. Completed: 391/1000. Step time: 4774.0ms.
   [Vectorized MCTS] Step 595: 64 games active. Completed: 391/1000. Step time: 4908.5ms.
   [Vectorized MCTS] Step 600: 64 games active. Completed: 391/1000. Step time: 4707.7ms.
   [Vectorized MCTS] Step 605: 64 games active. Completed: 391/1000. Step time: 4874.2ms.
   [Vectorized MCTS] Step 610: 64 games active. Completed: 391/1000. Step time: 4786.7ms.
   [Vectorized MCTS] Step 615: 64 games active. Completed: 392/1000. Step time: 4875.2ms.
   [Vectorized MCTS] Step 620: 64 games active. Completed: 392/1000. Step time: 4655.0ms.
   [Vectorized MCTS] Step 625: 64 games active. Completed: 393/1000. Step time: 4840.7ms.
   [Vectorized MCTS] Step 630: 64 games active. Completed: 394/1000. Step time: 4733.0ms.
   [Vectorized MCTS] Step 635: 64 games active. Completed: 396/1000. Step time: 4825.7ms.
   [Vectorized MCTS] Step 640: 64 games active. Completed: 399/1000. Step time: 4592.6ms.
   [Vectorized MCTS] Step 645: 64 games active. Completed: 402/1000. Step time: 4781.3ms.
   [Vectorized MCTS] Step 650: 64 games active. Completed: 409/1000. Step time: 4520.2ms.
   [Vectorized MCTS] Step 655: 64 games active. Completed: 416/1000. Step time: 4746.8ms.
   [Vectorized MCTS] Step 660: 64 games active. Completed: 423/1000. Step time: 4635.0ms.
   [Vectorized MCTS] Step 665: 64 games active. Completed: 434/1000. Step time: 4753.8ms.
   [Vectorized MCTS] Step 670: 64 games active. Completed: 440/1000. Step time: 4650.2ms.
   [Vectorized MCTS] Step 675: 64 games active. Completed: 453/1000. Step time: 4701.9ms.
   [Vectorized MCTS] Step 680: 64 games active. Completed: 456/1000. Step time: 4758.1ms.
   [Vectorized MCTS] Step 685: 64 games active. Completed: 462/1000. Step time: 4598.1ms.
   [Vectorized MCTS] Step 690: 64 games active. Completed: 470/1000. Step time: 4808.6ms.
   [Vectorized MCTS] Step 695: 64 games active. Completed: 475/1000. Step time: 4723.0ms.
   [Vectorized MCTS] Step 700: 64 games active. Completed: 480/1000. Step time: 4724.2ms.
   [Vectorized MCTS] Step 705: 64 games active. Completed: 486/1000. Step time: 4701.1ms.
   [Vectorized MCTS] Step 710: 64 games active. Completed: 490/1000. Step time: 4847.7ms.
   [Vectorized MCTS] Step 715: 64 games active. Completed: 492/1000. Step time: 4681.9ms.
   [Vectorized MCTS] Step 720: 64 games active. Completed: 496/1000. Step time: 4791.0ms.
   [Vectorized MCTS] Step 725: 64 games active. Completed: 498/1000. Step time: 4913.7ms.
   [Vectorized MCTS] Step 730: 64 games active. Completed: 500/1000. Step time: 4763.6ms.
   [Vectorized MCTS] Step 735: 64 games active. Completed: 502/1000. Step time: 4767.6ms.
   [Vectorized MCTS] Step 740: 64 games active. Completed: 505/1000. Step time: 4751.7ms.
   [Vectorized MCTS] Step 745: 64 games active. Completed: 506/1000. Step time: 4833.0ms.
   [Vectorized MCTS] Step 750: 64 games active. Completed: 507/1000. Step time: 4753.1ms.
   [Vectorized MCTS] Step 755: 64 games active. Completed: 507/1000. Step time: 4784.0ms.
   [Vectorized MCTS] Step 760: 64 games active. Completed: 508/1000. Step time: 4760.1ms.
   [Vectorized MCTS] Step 765: 64 games active. Completed: 508/1000. Step time: 4789.6ms.
   [Vectorized MCTS] Step 770: 64 games active. Completed: 508/1000. Step time: 4793.7ms.
   [Vectorized MCTS] Step 775: 64 games active. Completed: 508/1000. Step time: 4963.7ms.
   [Vectorized MCTS] Step 780: 64 games active. Completed: 508/1000. Step time: 5097.6ms.
   [Vectorized MCTS] Step 785: 64 games active. Completed: 508/1000. Step time: 4749.2ms.
   [Vectorized MCTS] Step 790: 64 games active. Completed: 509/1000. Step time: 4754.9ms.
   [Vectorized MCTS] Step 795: 64 games active. Completed: 509/1000. Step time: 4800.4ms.
   [Vectorized MCTS] Step 800: 64 games active. Completed: 512/1000. Step time: 4713.6ms.
   [Vectorized MCTS] Step 805: 64 games active. Completed: 514/1000. Step time: 4676.9ms.
   [Vectorized MCTS] Step 810: 64 games active. Completed: 517/1000. Step time: 4720.6ms.
   [Vectorized MCTS] Step 815: 64 games active. Completed: 521/1000. Step time: 4658.2ms.
   [Vectorized MCTS] Step 820: 64 games active. Completed: 527/1000. Step time: 4556.4ms.
   [Vectorized MCTS] Step 825: 64 games active. Completed: 536/1000. Step time: 4593.0ms.
   [Vectorized MCTS] Step 830: 64 games active. Completed: 543/1000. Step time: 4734.2ms.
   [Vectorized MCTS] Step 835: 64 games active. Completed: 546/1000. Step time: 4576.8ms.
   [Vectorized MCTS] Step 840: 64 games active. Completed: 557/1000. Step time: 4881.7ms.
   [Vectorized MCTS] Step 845: 64 games active. Completed: 561/1000. Step time: 4848.8ms.
   [Vectorized MCTS] Step 850: 64 games active. Completed: 573/1000. Step time: 4590.3ms.
   [Vectorized MCTS] Step 855: 64 games active. Completed: 579/1000. Step time: 4832.8ms.
   [Vectorized MCTS] Step 860: 64 games active. Completed: 587/1000. Step time: 5070.4ms.
   [Vectorized MCTS] Step 865: 64 games active. Completed: 593/1000. Step time: 4749.5ms.
   [Vectorized MCTS] Step 870: 64 games active. Completed: 597/1000. Step time: 4857.0ms.
   [Vectorized MCTS] Step 875: 64 games active. Completed: 602/1000. Step time: 4695.3ms.
   [Vectorized MCTS] Step 880: 64 games active. Completed: 606/1000. Step time: 4905.6ms.
   [Vectorized MCTS] Step 885: 64 games active. Completed: 612/1000. Step time: 4745.9ms.
   [Vectorized MCTS] Step 890: 64 games active. Completed: 614/1000. Step time: 4268.6ms.
   [Vectorized MCTS] Step 895: 64 games active. Completed: 616/1000. Step time: 4689.6ms.
   [Vectorized MCTS] Step 900: 64 games active. Completed: 621/1000. Step time: 4734.9ms.
   [Vectorized MCTS] Step 905: 64 games active. Completed: 621/1000. Step time: 4800.4ms.
   [Vectorized MCTS] Step 910: 64 games active. Completed: 625/1000. Step time: 4709.5ms.
   [Vectorized MCTS] Step 915: 64 games active. Completed: 625/1000. Step time: 4737.0ms.
   [Vectorized MCTS] Step 920: 64 games active. Completed: 626/1000. Step time: 4795.9ms.
   [Vectorized MCTS] Step 925: 64 games active. Completed: 628/1000. Step time: 4759.0ms.
   [Vectorized MCTS] Step 930: 64 games active. Completed: 628/1000. Step time: 4745.4ms.
   [Vectorized MCTS] Step 935: 64 games active. Completed: 629/1000. Step time: 4735.0ms.
   [Vectorized MCTS] Step 940: 64 games active. Completed: 629/1000. Step time: 4748.5ms.
   [Vectorized MCTS] Step 945: 64 games active. Completed: 629/1000. Step time: 4710.7ms.
   [Vectorized MCTS] Step 950: 64 games active. Completed: 630/1000. Step time: 4742.8ms.
   [Vectorized MCTS] Step 955: 64 games active. Completed: 631/1000. Step time: 4728.3ms.
   [Vectorized MCTS] Step 960: 64 games active. Completed: 632/1000. Step time: 4720.5ms.
   [Vectorized MCTS] Step 965: 64 games active. Completed: 635/1000. Step time: 4700.2ms.
   [Vectorized MCTS] Step 970: 64 games active. Completed: 636/1000. Step time: 4701.0ms.
   [Vectorized MCTS] Step 975: 64 games active. Completed: 637/1000. Step time: 4624.0ms.
   [Vectorized MCTS] Step 980: 64 games active. Completed: 643/1000. Step time: 4622.0ms.
   [Vectorized MCTS] Step 985: 64 games active. Completed: 646/1000. Step time: 4602.5ms.
   [Vectorized MCTS] Step 990: 64 games active. Completed: 652/1000. Step time: 4676.3ms.
   [Vectorized MCTS] Step 995: 64 games active. Completed: 657/1000. Step time: 4514.2ms.
   [Vectorized MCTS] Step 1000: 64 games active. Completed: 662/1000. Step time: 4584.0ms.
   [Vectorized MCTS] Step 1005: 64 games active. Completed: 667/1000. Step time: 4511.3ms.
   [Vectorized MCTS] Step 1010: 64 games active. Completed: 677/1000. Step time: 4609.1ms.
   [Vectorized MCTS] Step 1015: 64 games active. Completed: 684/1000. Step time: 4518.9ms.
   [Vectorized MCTS] Step 1020: 64 games active. Completed: 688/1000. Step time: 4772.8ms.
   [Vectorized MCTS] Step 1025: 64 games active. Completed: 697/1000. Step time: 4621.8ms.
   [Vectorized MCTS] Step 1030: 64 games active. Completed: 699/1000. Step time: 4729.3ms.
   [Vectorized MCTS] Step 1035: 64 games active. Completed: 705/1000. Step time: 4610.9ms.
   [Vectorized MCTS] Step 1040: 64 games active. Completed: 711/1000. Step time: 4745.1ms.
   [Vectorized MCTS] Step 1045: 64 games active. Completed: 713/1000. Step time: 4701.4ms.
   [Vectorized MCTS] Step 1050: 64 games active. Completed: 719/1000. Step time: 4246.8ms.
   [Vectorized MCTS] Step 1055: 64 games active. Completed: 720/1000. Step time: 4753.9ms.
   [Vectorized MCTS] Step 1060: 64 games active. Completed: 723/1000. Step time: 4143.0ms.
   [Vectorized MCTS] Step 1065: 64 games active. Completed: 724/1000. Step time: 4683.9ms.
   [Vectorized MCTS] Step 1070: 64 games active. Completed: 726/1000. Step time: 4703.9ms.
   [Vectorized MCTS] Step 1075: 64 games active. Completed: 727/1000. Step time: 4646.5ms.
   [Vectorized MCTS] Step 1080: 64 games active. Completed: 728/1000. Step time: 4701.9ms.
   [Vectorized MCTS] Step 1085: 64 games active. Completed: 730/1000. Step time: 4690.8ms.
   [Vectorized MCTS] Step 1090: 64 games active. Completed: 731/1000. Step time: 4704.1ms.
   [Vectorized MCTS] Step 1095: 64 games active. Completed: 733/1000. Step time: 4688.2ms.
   [Vectorized MCTS] Step 1100: 64 games active. Completed: 733/1000. Step time: 4742.2ms.
   [Vectorized MCTS] Step 1105: 64 games active. Completed: 735/1000. Step time: 4704.9ms.
   [Vectorized MCTS] Step 1110: 64 games active. Completed: 735/1000. Step time: 4695.6ms.
   [Vectorized MCTS] Step 1115: 64 games active. Completed: 736/1000. Step time: 4660.5ms.
   [Vectorized MCTS] Step 1120: 64 games active. Completed: 738/1000. Step time: 4659.0ms.
   [Vectorized MCTS] Step 1125: 64 games active. Completed: 741/1000. Step time: 4673.5ms.
   [Vectorized MCTS] Step 1130: 64 games active. Completed: 743/1000. Step time: 4711.0ms.
   [Vectorized MCTS] Step 1135: 64 games active. Completed: 744/1000. Step time: 4651.5ms.
   [Vectorized MCTS] Step 1140: 64 games active. Completed: 748/1000. Step time: 4641.9ms.
   [Vectorized MCTS] Step 1145: 64 games active. Completed: 753/1000. Step time: 4682.2ms.
   [Vectorized MCTS] Step 1150: 64 games active. Completed: 758/1000. Step time: 4623.2ms.
   [Vectorized MCTS] Step 1155: 64 games active. Completed: 760/1000. Step time: 4723.3ms.
   [Vectorized MCTS] Step 1160: 64 games active. Completed: 765/1000. Step time: 4555.2ms.
   [Vectorized MCTS] Step 1165: 64 games active. Completed: 767/1000. Step time: 4666.5ms.
   [Vectorized MCTS] Step 1170: 64 games active. Completed: 773/1000. Step time: 4646.1ms.
   [Vectorized MCTS] Step 1175: 64 games active. Completed: 779/1000. Step time: 4693.7ms.
   [Vectorized MCTS] Step 1180: 64 games active. Completed: 784/1000. Step time: 4570.8ms.
   [Vectorized MCTS] Step 1185: 64 games active. Completed: 791/1000. Step time: 4696.5ms.
   [Vectorized MCTS] Step 1190: 64 games active. Completed: 793/1000. Step time: 4532.0ms.
   [Vectorized MCTS] Step 1195: 64 games active. Completed: 800/1000. Step time: 4699.5ms.
   [Vectorized MCTS] Step 1200: 64 games active. Completed: 802/1000. Step time: 4630.2ms.
   [Vectorized MCTS] Step 1205: 64 games active. Completed: 807/1000. Step time: 4682.2ms.
   [Vectorized MCTS] Step 1210: 64 games active. Completed: 813/1000. Step time: 4583.1ms.
   [Vectorized MCTS] Step 1215: 64 games active. Completed: 816/1000. Step time: 4720.9ms.
   [Vectorized MCTS] Step 1220: 64 games active. Completed: 819/1000. Step time: 4574.5ms.
   [Vectorized MCTS] Step 1225: 64 games active. Completed: 822/1000. Step time: 4694.0ms.
   [Vectorized MCTS] Step 1230: 64 games active. Completed: 824/1000. Step time: 4622.6ms.
   [Vectorized MCTS] Step 1235: 64 games active. Completed: 828/1000. Step time: 4687.4ms.
   [Vectorized MCTS] Step 1240: 64 games active. Completed: 828/1000. Step time: 4630.5ms.
   [Vectorized MCTS] Step 1245: 64 games active. Completed: 830/1000. Step time: 4665.2ms.
   [Vectorized MCTS] Step 1250: 64 games active. Completed: 830/1000. Step time: 4624.9ms.
   [Vectorized MCTS] Step 1255: 64 games active. Completed: 831/1000. Step time: 4678.5ms.
   [Vectorized MCTS] Step 1260: 64 games active. Completed: 833/1000. Step time: 4621.8ms.
   [Vectorized MCTS] Step 1265: 64 games active. Completed: 834/1000. Step time: 4647.9ms.
   [Vectorized MCTS] Step 1270: 64 games active. Completed: 835/1000. Step time: 4608.9ms.
   [Vectorized MCTS] Step 1275: 64 games active. Completed: 835/1000. Step time: 4627.9ms.
   [Vectorized MCTS] Step 1280: 64 games active. Completed: 837/1000. Step time: 4590.5ms.
   [Vectorized MCTS] Step 1285: 64 games active. Completed: 839/1000. Step time: 4677.4ms.
   [Vectorized MCTS] Step 1290: 64 games active. Completed: 839/1000. Step time: 4578.2ms.
   [Vectorized MCTS] Step 1295: 64 games active. Completed: 841/1000. Step time: 4619.7ms.
   [Vectorized MCTS] Step 1300: 64 games active. Completed: 846/1000. Step time: 4601.8ms.
   [Vectorized MCTS] Step 1305: 64 games active. Completed: 849/1000. Step time: 4626.4ms.
   [Vectorized MCTS] Step 1310: 64 games active. Completed: 852/1000. Step time: 4582.7ms.
   [Vectorized MCTS] Step 1315: 64 games active. Completed: 855/1000. Step time: 4582.3ms.
   [Vectorized MCTS] Step 1320: 64 games active. Completed: 861/1000. Step time: 4609.8ms.
   [Vectorized MCTS] Step 1325: 64 games active. Completed: 865/1000. Step time: 4539.6ms.
   [Vectorized MCTS] Step 1330: 64 games active. Completed: 869/1000. Step time: 4676.2ms.
   [Vectorized MCTS] Step 1335: 64 games active. Completed: 875/1000. Step time: 4501.4ms.
   [Vectorized MCTS] Step 1340: 64 games active. Completed: 880/1000. Step time: 4690.5ms.
   [Vectorized MCTS] Step 1345: 64 games active. Completed: 887/1000. Step time: 4496.7ms.
   [Vectorized MCTS] Step 1350: 64 games active. Completed: 892/1000. Step time: 4798.0ms.
   [Vectorized MCTS] Step 1355: 64 games active. Completed: 897/1000. Step time: 4570.3ms.
   [Vectorized MCTS] Step 1360: 64 games active. Completed: 904/1000. Step time: 4708.6ms.
   [Vectorized MCTS] Step 1365: 64 games active. Completed: 906/1000. Step time: 4602.0ms.
   [Vectorized MCTS] Step 1370: 64 games active. Completed: 913/1000. Step time: 4694.3ms.
   [Vectorized MCTS] Step 1375: 64 games active. Completed: 916/1000. Step time: 4617.8ms.
   [Vectorized MCTS] Step 1380: 64 games active. Completed: 923/1000. Step time: 4714.6ms.
   [Vectorized MCTS] Step 1385: 64 games active. Completed: 927/1000. Step time: 4631.7ms.
   [Vectorized MCTS] Step 1390: 64 games active. Completed: 931/1000. Step time: 4696.7ms.
   [Vectorized MCTS] Step 1395: 64 games active. Completed: 936/1000. Step time: 4603.8ms.
   [Vectorized MCTS] Step 1400: 63 games active. Completed: 937/1000. Step time: 4662.8ms.
   [Vectorized MCTS] Step 1405: 59 games active. Completed: 941/1000. Step time: 4366.7ms.
   [Vectorized MCTS] Step 1410: 59 games active. Completed: 941/1000. Step time: 4379.5ms.
   [Vectorized MCTS] Step 1415: 58 games active. Completed: 942/1000. Step time: 4236.7ms.
   [Vectorized MCTS] Step 1420: 57 games active. Completed: 943/1000. Step time: 4419.4ms.
   [Vectorized MCTS] Step 1425: 56 games active. Completed: 944/1000. Step time: 4292.4ms.
   [Vectorized MCTS] Step 1430: 55 games active. Completed: 945/1000. Step time: 4224.0ms.
   [Vectorized MCTS] Step 1435: 54 games active. Completed: 946/1000. Step time: 4019.2ms.
   [Vectorized MCTS] Step 1440: 54 games active. Completed: 946/1000. Step time: 4104.8ms.
   [Vectorized MCTS] Step 1445: 53 games active. Completed: 947/1000. Step time: 3935.0ms.
   [Vectorized MCTS] Step 1450: 53 games active. Completed: 947/1000. Step time: 4004.7ms.
   [Vectorized MCTS] Step 1455: 50 games active. Completed: 950/1000. Step time: 3304.2ms.
   [Vectorized MCTS] Step 1460: 47 games active. Completed: 953/1000. Step time: 3229.7ms.
   [Vectorized MCTS] Step 1465: 45 games active. Completed: 955/1000. Step time: 3080.1ms.
   [Vectorized MCTS] Step 1470: 43 games active. Completed: 957/1000. Step time: 2990.8ms.
   [Vectorized MCTS] Step 1475: 40 games active. Completed: 960/1000. Step time: 2788.2ms.
   [Vectorized MCTS] Step 1480: 39 games active. Completed: 961/1000. Step time: 2790.7ms.
   [Vectorized MCTS] Step 1485: 35 games active. Completed: 965/1000. Step time: 2487.5ms.
   [Vectorized MCTS] Step 1490: 33 games active. Completed: 967/1000. Step time: 2422.9ms.
   [Vectorized MCTS] Step 1495: 32 games active. Completed: 968/1000. Step time: 2324.9ms.
   [Vectorized MCTS] Step 1500: 27 games active. Completed: 973/1000. Step time: 2164.6ms.
   [Vectorized MCTS] Step 1505: 22 games active. Completed: 978/1000. Step time: 1854.3ms.
   [Vectorized MCTS] Step 1510: 20 games active. Completed: 980/1000. Step time: 1741.5ms.
   [Vectorized MCTS] Step 1515: 20 games active. Completed: 980/1000. Step time: 1815.1ms.
   [Vectorized MCTS] Step 1520: 16 games active. Completed: 984/1000. Step time: 1666.0ms.
   [Vectorized MCTS] Step 1525: 13 games active. Completed: 987/1000. Step time: 1080.4ms.
   [Vectorized MCTS] Step 1530: 12 games active. Completed: 988/1000. Step time: 1028.1ms.
   [Vectorized MCTS] Step 1535: 11 games active. Completed: 989/1000. Step time: 1000.4ms.
   [Vectorized MCTS] Step 1540: 09 games active. Completed: 991/1000. Step time: 964.9ms.
   [Vectorized MCTS] Step 1545: 07 games active. Completed: 993/1000. Step time: 870.2ms.
   [Vectorized MCTS] Step 1550: 03 games active. Completed: 997/1000. Step time: 704.0ms.
   [Vectorized MCTS] Step 1555: 02 games active. Completed: 998/1000. Step time: 607.3ms.
   [Vectorized MCTS] Step 1556: 00 games active. Completed: 1000/1000. Step time: 605.0ms.

Collection completed in 7119.5 seconds (7.119s/game average).
