Starting self-play collection using /Users/nilbot/playground/autogo-mlx/experiments/001_train_from_scratch/checkpoints/iter16.safetensors
--> Progressive sims enabled. Iteration 16 -> 64 simulations.
--> League play enabled: Selected historical opponent iter15.safetensors (18-channel model)
Config: num-games=1000, simulations=64, workers=8
--> Starting pool-swapping selfplay for all 1000 games with max_active_games=64...
   [Vectorized MCTS] Step 001: 64 games active. Completed: 0/1000. Step time: 4236.4ms.
   [Vectorized MCTS] Step 005: 64 games active. Completed: 0/1000. Step time: 4431.5ms.
   [Vectorized MCTS] Step 010: 64 games active. Completed: 0/1000. Step time: 5853.1ms.
   [Vectorized MCTS] Step 015: 64 games active. Completed: 0/1000. Step time: 4435.7ms.
   [Vectorized MCTS] Step 020: 64 games active. Completed: 0/1000. Step time: 5929.7ms.
   [Vectorized MCTS] Step 025: 64 games active. Completed: 0/1000. Step time: 4457.7ms.
   [Vectorized MCTS] Step 030: 64 games active. Completed: 0/1000. Step time: 5911.6ms.
   [Vectorized MCTS] Step 035: 64 games active. Completed: 0/1000. Step time: 4477.2ms.
   [Vectorized MCTS] Step 040: 64 games active. Completed: 0/1000. Step time: 5941.4ms.
   [Vectorized MCTS] Step 045: 64 games active. Completed: 0/1000. Step time: 4448.5ms.
   [Vectorized MCTS] Step 050: 64 games active. Completed: 0/1000. Step time: 6006.7ms.
   [Vectorized MCTS] Step 055: 64 games active. Completed: 0/1000. Step time: 4505.3ms.
   [Vectorized MCTS] Step 060: 64 games active. Completed: 0/1000. Step time: 6019.1ms.
   [Vectorized MCTS] Step 065: 64 games active. Completed: 0/1000. Step time: 4506.2ms.
   [Vectorized MCTS] Step 070: 64 games active. Completed: 0/1000. Step time: 5997.7ms.
   [Vectorized MCTS] Step 075: 64 games active. Completed: 0/1000. Step time: 4466.7ms.
   [Vectorized MCTS] Step 080: 64 games active. Completed: 0/1000. Step time: 5994.9ms.
   [Vectorized MCTS] Step 085: 64 games active. Completed: 0/1000. Step time: 4458.2ms.
   [Vectorized MCTS] Step 090: 64 games active. Completed: 0/1000. Step time: 5949.7ms.
   [Vectorized MCTS] Step 095: 64 games active. Completed: 0/1000. Step time: 4515.6ms.
   [Vectorized MCTS] Step 100: 64 games active. Completed: 0/1000. Step time: 5940.4ms.
   [Vectorized MCTS] Step 105: 64 games active. Completed: 0/1000. Step time: 4496.9ms.
   [Vectorized MCTS] Step 110: 64 games active. Completed: 0/1000. Step time: 6014.6ms.
   [Vectorized MCTS] Step 115: 64 games active. Completed: 0/1000. Step time: 4480.0ms.
   [Vectorized MCTS] Step 120: 64 games active. Completed: 0/1000. Step time: 5938.8ms.
   [Vectorized MCTS] Step 125: 64 games active. Completed: 0/1000. Step time: 4432.9ms.
   [Vectorized MCTS] Step 130: 64 games active. Completed: 0/1000. Step time: 5888.0ms.
   [Vectorized MCTS] Step 135: 64 games active. Completed: 0/1000. Step time: 4390.5ms.
   [Vectorized MCTS] Step 140: 64 games active. Completed: 0/1000. Step time: 5819.3ms.
   [Vectorized MCTS] Step 145: 64 games active. Completed: 0/1000. Step time: 4404.3ms.
   [Vectorized MCTS] Step 150: 64 games active. Completed: 0/1000. Step time: 5733.7ms.
   [Vectorized MCTS] Step 155: 64 games active. Completed: 0/1000. Step time: 4417.4ms.
   [Vectorized MCTS] Step 160: 64 games active. Completed: 20/1000. Step time: 5566.5ms.
   [Vectorized MCTS] Step 165: 64 games active. Completed: 64/1000. Step time: 4512.8ms.
   [Vectorized MCTS] Step 170: 64 games active. Completed: 64/1000. Step time: 5233.8ms.
   [Vectorized MCTS] Step 175: 64 games active. Completed: 64/1000. Step time: 4522.7ms.
   [Vectorized MCTS] Step 180: 64 games active. Completed: 64/1000. Step time: 5647.2ms.
   [Vectorized MCTS] Step 185: 64 games active. Completed: 64/1000. Step time: 4496.4ms.
   [Vectorized MCTS] Step 190: 64 games active. Completed: 64/1000. Step time: 5644.1ms.
   [Vectorized MCTS] Step 195: 64 games active. Completed: 64/1000. Step time: 4509.3ms.
   [Vectorized MCTS] Step 200: 64 games active. Completed: 64/1000. Step time: 5693.8ms.
   [Vectorized MCTS] Step 205: 64 games active. Completed: 64/1000. Step time: 4552.5ms.
   [Vectorized MCTS] Step 210: 64 games active. Completed: 64/1000. Step time: 5675.6ms.
   [Vectorized MCTS] Step 215: 64 games active. Completed: 64/1000. Step time: 4518.7ms.
   [Vectorized MCTS] Step 220: 64 games active. Completed: 64/1000. Step time: 5729.8ms.
   [Vectorized MCTS] Step 225: 64 games active. Completed: 64/1000. Step time: 4562.7ms.
   [Vectorized MCTS] Step 230: 64 games active. Completed: 64/1000. Step time: 5651.5ms.
   [Vectorized MCTS] Step 235: 64 games active. Completed: 64/1000. Step time: 4554.4ms.
   [Vectorized MCTS] Step 240: 64 games active. Completed: 64/1000. Step time: 5124.2ms.
   [Vectorized MCTS] Step 245: 64 games active. Completed: 64/1000. Step time: 4499.0ms.
   [Vectorized MCTS] Step 250: 64 games active. Completed: 64/1000. Step time: 5533.4ms.
   [Vectorized MCTS] Step 255: 64 games active. Completed: 64/1000. Step time: 4527.6ms.
   [Vectorized MCTS] Step 260: 64 games active. Completed: 64/1000. Step time: 5395.4ms.
   [Vectorized MCTS] Step 265: 64 games active. Completed: 64/1000. Step time: 4504.8ms.
   [Vectorized MCTS] Step 270: 64 games active. Completed: 64/1000. Step time: 5401.5ms.
   [Vectorized MCTS] Step 275: 64 games active. Completed: 64/1000. Step time: 4546.9ms.
   [Vectorized MCTS] Step 280: 64 games active. Completed: 64/1000. Step time: 5066.7ms.
   [Vectorized MCTS] Step 285: 64 games active. Completed: 64/1000. Step time: 4446.4ms.
   [Vectorized MCTS] Step 290: 64 games active. Completed: 64/1000. Step time: 5488.5ms.
   [Vectorized MCTS] Step 295: 64 games active. Completed: 64/1000. Step time: 4556.6ms.
   [Vectorized MCTS] Step 300: 64 games active. Completed: 64/1000. Step time: 5181.3ms.
   [Vectorized MCTS] Step 305: 64 games active. Completed: 64/1000. Step time: 4479.9ms.
   [Vectorized MCTS] Step 310: 64 games active. Completed: 64/1000. Step time: 5303.5ms.
   [Vectorized MCTS] Step 315: 64 games active. Completed: 64/1000. Step time: 4435.8ms.
   [Vectorized MCTS] Step 320: 64 games active. Completed: 68/1000. Step time: 5054.9ms.
   [Vectorized MCTS] Step 325: 64 games active. Completed: 128/1000. Step time: 4419.7ms.
   [Vectorized MCTS] Step 330: 64 games active. Completed: 128/1000. Step time: 5233.5ms.
   [Vectorized MCTS] Step 335: 64 games active. Completed: 128/1000. Step time: 4439.1ms.
   [Vectorized MCTS] Step 340: 64 games active. Completed: 128/1000. Step time: 5142.8ms.
   [Vectorized MCTS] Step 345: 64 games active. Completed: 128/1000. Step time: 4479.2ms.
   [Vectorized MCTS] Step 350: 64 games active. Completed: 128/1000. Step time: 5615.6ms.
   [Vectorized MCTS] Step 355: 64 games active. Completed: 128/1000. Step time: 4467.3ms.
   [Vectorized MCTS] Step 360: 64 games active. Completed: 128/1000. Step time: 5608.8ms.
   [Vectorized MCTS] Step 365: 64 games active. Completed: 128/1000. Step time: 4455.5ms.
   [Vectorized MCTS] Step 370: 64 games active. Completed: 128/1000. Step time: 5645.4ms.
   [Vectorized MCTS] Step 375: 64 games active. Completed: 128/1000. Step time: 4467.9ms.
   [Vectorized MCTS] Step 380: 64 games active. Completed: 128/1000. Step time: 5586.0ms.
   [Vectorized MCTS] Step 385: 64 games active. Completed: 128/1000. Step time: 4460.5ms.
   [Vectorized MCTS] Step 390: 64 games active. Completed: 128/1000. Step time: 5661.0ms.
   [Vectorized MCTS] Step 395: 64 games active. Completed: 128/1000. Step time: 4468.2ms.
   [Vectorized MCTS] Step 400: 64 games active. Completed: 128/1000. Step time: 5383.9ms.
   [Vectorized MCTS] Step 405: 64 games active. Completed: 128/1000. Step time: 4470.8ms.
   [Vectorized MCTS] Step 410: 64 games active. Completed: 128/1000. Step time: 5504.1ms.
   [Vectorized MCTS] Step 415: 64 games active. Completed: 128/1000. Step time: 4444.1ms.
   [Vectorized MCTS] Step 420: 64 games active. Completed: 128/1000. Step time: 5427.3ms.
   [Vectorized MCTS] Step 425: 64 games active. Completed: 128/1000. Step time: 4474.0ms.
   [Vectorized MCTS] Step 430: 64 games active. Completed: 128/1000. Step time: 4741.0ms.
   [Vectorized MCTS] Step 435: 64 games active. Completed: 128/1000. Step time: 4472.5ms.
   [Vectorized MCTS] Step 440: 64 games active. Completed: 128/1000. Step time: 4730.5ms.
   [Vectorized MCTS] Step 445: 64 games active. Completed: 128/1000. Step time: 4436.6ms.
   [Vectorized MCTS] Step 450: 64 games active. Completed: 128/1000. Step time: 5478.4ms.
   [Vectorized MCTS] Step 455: 64 games active. Completed: 128/1000. Step time: 4488.0ms.
   [Vectorized MCTS] Step 460: 64 games active. Completed: 128/1000. Step time: 5299.4ms.
   [Vectorized MCTS] Step 465: 64 games active. Completed: 128/1000. Step time: 4461.1ms.
   [Vectorized MCTS] Step 470: 64 games active. Completed: 128/1000. Step time: 5204.5ms.
   [Vectorized MCTS] Step 475: 64 games active. Completed: 128/1000. Step time: 4427.1ms.
   [Vectorized MCTS] Step 480: 64 games active. Completed: 130/1000. Step time: 5149.6ms.
   [Vectorized MCTS] Step 485: 64 games active. Completed: 167/1000. Step time: 4415.3ms.
   [Vectorized MCTS] Step 490: 64 games active. Completed: 192/1000. Step time: 4885.4ms.
   [Vectorized MCTS] Step 495: 64 games active. Completed: 192/1000. Step time: 4479.4ms.
   [Vectorized MCTS] Step 500: 64 games active. Completed: 192/1000. Step time: 4867.9ms.
   [Vectorized MCTS] Step 505: 64 games active. Completed: 192/1000. Step time: 4484.2ms.
   [Vectorized MCTS] Step 510: 64 games active. Completed: 192/1000. Step time: 5422.8ms.
   [Vectorized MCTS] Step 515: 64 games active. Completed: 192/1000. Step time: 4499.0ms.
   [Vectorized MCTS] Step 520: 64 games active. Completed: 192/1000. Step time: 5447.6ms.
   [Vectorized MCTS] Step 525: 64 games active. Completed: 192/1000. Step time: 4489.7ms.
   [Vectorized MCTS] Step 530: 64 games active. Completed: 192/1000. Step time: 5458.0ms.
   [Vectorized MCTS] Step 535: 64 games active. Completed: 192/1000. Step time: 4509.6ms.
   [Vectorized MCTS] Step 540: 64 games active. Completed: 192/1000. Step time: 5465.7ms.
   [Vectorized MCTS] Step 545: 64 games active. Completed: 192/1000. Step time: 4507.3ms.
   [Vectorized MCTS] Step 550: 64 games active. Completed: 192/1000. Step time: 5395.1ms.
   [Vectorized MCTS] Step 555: 64 games active. Completed: 192/1000. Step time: 4492.8ms.
   [Vectorized MCTS] Step 560: 64 games active. Completed: 192/1000. Step time: 5317.5ms.
   [Vectorized MCTS] Step 565: 64 games active. Completed: 192/1000. Step time: 4523.3ms.
   [Vectorized MCTS] Step 570: 64 games active. Completed: 192/1000. Step time: 5162.5ms.
   [Vectorized MCTS] Step 575: 64 games active. Completed: 192/1000. Step time: 4453.1ms.
   [Vectorized MCTS] Step 580: 64 games active. Completed: 192/1000. Step time: 5268.4ms.
   [Vectorized MCTS] Step 585: 64 games active. Completed: 192/1000. Step time: 4490.5ms.
   [Vectorized MCTS] Step 590: 64 games active. Completed: 192/1000. Step time: 4877.9ms.
   [Vectorized MCTS] Step 595: 64 games active. Completed: 192/1000. Step time: 4490.4ms.
   [Vectorized MCTS] Step 600: 64 games active. Completed: 192/1000. Step time: 5078.2ms.
   [Vectorized MCTS] Step 605: 64 games active. Completed: 192/1000. Step time: 4463.2ms.
   [Vectorized MCTS] Step 610: 64 games active. Completed: 192/1000. Step time: 5200.6ms.
   [Vectorized MCTS] Step 615: 64 games active. Completed: 192/1000. Step time: 4486.6ms.
   [Vectorized MCTS] Step 620: 64 games active. Completed: 192/1000. Step time: 5035.8ms.
   [Vectorized MCTS] Step 625: 64 games active. Completed: 192/1000. Step time: 4392.5ms.
   [Vectorized MCTS] Step 630: 64 games active. Completed: 192/1000. Step time: 4983.7ms.
   [Vectorized MCTS] Step 635: 64 games active. Completed: 192/1000. Step time: 4445.7ms.
   [Vectorized MCTS] Step 640: 64 games active. Completed: 192/1000. Step time: 5018.1ms.
   [Vectorized MCTS] Step 645: 64 games active. Completed: 210/1000. Step time: 4347.9ms.
   [Vectorized MCTS] Step 650: 64 games active. Completed: 256/1000. Step time: 4687.8ms.
   [Vectorized MCTS] Step 655: 64 games active. Completed: 256/1000. Step time: 4472.2ms.
   [Vectorized MCTS] Step 660: 64 games active. Completed: 256/1000. Step time: 4840.5ms.
   [Vectorized MCTS] Step 665: 64 games active. Completed: 256/1000. Step time: 4510.7ms.
   [Vectorized MCTS] Step 670: 64 games active. Completed: 256/1000. Step time: 5327.5ms.
   [Vectorized MCTS] Step 675: 64 games active. Completed: 256/1000. Step time: 4419.0ms.
   [Vectorized MCTS] Step 680: 64 games active. Completed: 256/1000. Step time: 5323.5ms.
   [Vectorized MCTS] Step 685: 64 games active. Completed: 256/1000. Step time: 4462.6ms.
   [Vectorized MCTS] Step 690: 64 games active. Completed: 256/1000. Step time: 5288.7ms.
   [Vectorized MCTS] Step 695: 64 games active. Completed: 256/1000. Step time: 4498.7ms.
   [Vectorized MCTS] Step 700: 64 games active. Completed: 256/1000. Step time: 5342.4ms.
   [Vectorized MCTS] Step 705: 64 games active. Completed: 256/1000. Step time: 4462.4ms.
   [Vectorized MCTS] Step 710: 64 games active. Completed: 256/1000. Step time: 5404.4ms.
   [Vectorized MCTS] Step 715: 64 games active. Completed: 256/1000. Step time: 4481.7ms.
   [Vectorized MCTS] Step 720: 64 games active. Completed: 256/1000. Step time: 5295.0ms.
   [Vectorized MCTS] Step 725: 64 games active. Completed: 256/1000. Step time: 4430.9ms.
   [Vectorized MCTS] Step 730: 64 games active. Completed: 256/1000. Step time: 5134.1ms.
   [Vectorized MCTS] Step 735: 64 games active. Completed: 256/1000. Step time: 4453.0ms.
   [Vectorized MCTS] Step 740: 64 games active. Completed: 256/1000. Step time: 5284.1ms.
   [Vectorized MCTS] Step 745: 64 games active. Completed: 256/1000. Step time: 4421.6ms.
   [Vectorized MCTS] Step 750: 64 games active. Completed: 256/1000. Step time: 4543.7ms.
   [Vectorized MCTS] Step 755: 64 games active. Completed: 256/1000. Step time: 4488.4ms.
   [Vectorized MCTS] Step 760: 64 games active. Completed: 256/1000. Step time: 4829.1ms.
   [Vectorized MCTS] Step 765: 64 games active. Completed: 256/1000. Step time: 4420.2ms.
   [Vectorized MCTS] Step 770: 64 games active. Completed: 256/1000. Step time: 5110.0ms.
   [Vectorized MCTS] Step 775: 64 games active. Completed: 256/1000. Step time: 4436.2ms.
   [Vectorized MCTS] Step 780: 64 games active. Completed: 256/1000. Step time: 5092.0ms.
   [Vectorized MCTS] Step 785: 64 games active. Completed: 256/1000. Step time: 4454.4ms.
   [Vectorized MCTS] Step 790: 64 games active. Completed: 256/1000. Step time: 4994.7ms.
   [Vectorized MCTS] Step 795: 64 games active. Completed: 256/1000. Step time: 4444.0ms.
   [Vectorized MCTS] Step 800: 64 games active. Completed: 256/1000. Step time: 5078.6ms.
   [Vectorized MCTS] Step 805: 64 games active. Completed: 261/1000. Step time: 4398.6ms.
   [Vectorized MCTS] Step 810: 64 games active. Completed: 320/1000. Step time: 4683.6ms.
   [Vectorized MCTS] Step 815: 64 games active. Completed: 320/1000. Step time: 4428.3ms.
   [Vectorized MCTS] Step 820: 64 games active. Completed: 320/1000. Step time: 4995.0ms.
   [Vectorized MCTS] Step 825: 64 games active. Completed: 320/1000. Step time: 4467.9ms.
   [Vectorized MCTS] Step 830: 64 games active. Completed: 320/1000. Step time: 5317.0ms.
   [Vectorized MCTS] Step 835: 64 games active. Completed: 320/1000. Step time: 4471.5ms.
   [Vectorized MCTS] Step 840: 64 games active. Completed: 320/1000. Step time: 5281.1ms.
   [Vectorized MCTS] Step 845: 64 games active. Completed: 320/1000. Step time: 4437.0ms.
   [Vectorized MCTS] Step 850: 64 games active. Completed: 320/1000. Step time: 5071.2ms.
   [Vectorized MCTS] Step 855: 64 games active. Completed: 320/1000. Step time: 4419.4ms.
   [Vectorized MCTS] Step 860: 64 games active. Completed: 320/1000. Step time: 5142.6ms.
   [Vectorized MCTS] Step 865: 64 games active. Completed: 320/1000. Step time: 4452.5ms.
   [Vectorized MCTS] Step 870: 64 games active. Completed: 320/1000. Step time: 5205.7ms.
   [Vectorized MCTS] Step 875: 64 games active. Completed: 320/1000. Step time: 4444.5ms.
   [Vectorized MCTS] Step 880: 64 games active. Completed: 320/1000. Step time: 5034.8ms.
   [Vectorized MCTS] Step 885: 64 games active. Completed: 320/1000. Step time: 4475.3ms.
   [Vectorized MCTS] Step 890: 64 games active. Completed: 320/1000. Step time: 4929.0ms.
   [Vectorized MCTS] Step 895: 64 games active. Completed: 320/1000. Step time: 4445.2ms.
   [Vectorized MCTS] Step 900: 64 games active. Completed: 320/1000. Step time: 5401.3ms.
   [Vectorized MCTS] Step 905: 64 games active. Completed: 320/1000. Step time: 4505.2ms.
   [Vectorized MCTS] Step 910: 64 games active. Completed: 320/1000. Step time: 4714.7ms.
   [Vectorized MCTS] Step 915: 64 games active. Completed: 320/1000. Step time: 4445.4ms.
   [Vectorized MCTS] Step 920: 64 games active. Completed: 320/1000. Step time: 5208.3ms.
   [Vectorized MCTS] Step 925: 64 games active. Completed: 320/1000. Step time: 4447.4ms.
   [Vectorized MCTS] Step 930: 64 games active. Completed: 320/1000. Step time: 4996.1ms.
   [Vectorized MCTS] Step 935: 64 games active. Completed: 320/1000. Step time: 4416.8ms.
   [Vectorized MCTS] Step 940: 64 games active. Completed: 320/1000. Step time: 5171.4ms.
   [Vectorized MCTS] Step 945: 64 games active. Completed: 320/1000. Step time: 4447.7ms.
   [Vectorized MCTS] Step 950: 64 games active. Completed: 320/1000. Step time: 5113.2ms.
   [Vectorized MCTS] Step 955: 64 games active. Completed: 320/1000. Step time: 4431.1ms.
   [Vectorized MCTS] Step 960: 64 games active. Completed: 320/1000. Step time: 5244.8ms.
   [Vectorized MCTS] Step 965: 64 games active. Completed: 323/1000. Step time: 4425.2ms.
   [Vectorized MCTS] Step 970: 64 games active. Completed: 378/1000. Step time: 4428.3ms.
   [Vectorized MCTS] Step 975: 64 games active. Completed: 384/1000. Step time: 4439.3ms.
   [Vectorized MCTS] Step 980: 64 games active. Completed: 384/1000. Step time: 4997.3ms.
   [Vectorized MCTS] Step 985: 64 games active. Completed: 384/1000. Step time: 4460.7ms.
   [Vectorized MCTS] Step 990: 64 games active. Completed: 384/1000. Step time: 5145.4ms.
   [Vectorized MCTS] Step 995: 64 games active. Completed: 384/1000. Step time: 4437.4ms.
   [Vectorized MCTS] Step 1000: 64 games active. Completed: 384/1000. Step time: 5238.5ms.
   [Vectorized MCTS] Step 1005: 64 games active. Completed: 384/1000. Step time: 4466.3ms.
   [Vectorized MCTS] Step 1010: 64 games active. Completed: 384/1000. Step time: 5168.0ms.
   [Vectorized MCTS] Step 1015: 64 games active. Completed: 384/1000. Step time: 4478.2ms.
   [Vectorized MCTS] Step 1020: 64 games active. Completed: 384/1000. Step time: 5290.6ms.
   [Vectorized MCTS] Step 1025: 64 games active. Completed: 384/1000. Step time: 4443.8ms.
   [Vectorized MCTS] Step 1030: 64 games active. Completed: 384/1000. Step time: 5280.3ms.
   [Vectorized MCTS] Step 1035: 64 games active. Completed: 384/1000. Step time: 4452.6ms.
   [Vectorized MCTS] Step 1040: 64 games active. Completed: 384/1000. Step time: 5132.9ms.
   [Vectorized MCTS] Step 1045: 64 games active. Completed: 384/1000. Step time: 4490.8ms.
   [Vectorized MCTS] Step 1050: 64 games active. Completed: 384/1000. Step time: 4784.5ms.
   [Vectorized MCTS] Step 1055: 64 games active. Completed: 384/1000. Step time: 4480.2ms.
   [Vectorized MCTS] Step 1060: 64 games active. Completed: 384/1000. Step time: 5357.5ms.
   [Vectorized MCTS] Step 1065: 64 games active. Completed: 384/1000. Step time: 4458.2ms.
   [Vectorized MCTS] Step 1070: 64 games active. Completed: 384/1000. Step time: 4828.6ms.
   [Vectorized MCTS] Step 1075: 64 games active. Completed: 384/1000. Step time: 4486.9ms.
   [Vectorized MCTS] Step 1080: 64 games active. Completed: 384/1000. Step time: 5086.3ms.
   [Vectorized MCTS] Step 1085: 64 games active. Completed: 384/1000. Step time: 4478.3ms.
   [Vectorized MCTS] Step 1090: 64 games active. Completed: 384/1000. Step time: 5006.7ms.
   [Vectorized MCTS] Step 1095: 64 games active. Completed: 384/1000. Step time: 4444.7ms.
   [Vectorized MCTS] Step 1100: 64 games active. Completed: 384/1000. Step time: 5262.2ms.
   [Vectorized MCTS] Step 1105: 64 games active. Completed: 384/1000. Step time: 4424.2ms.
   [Vectorized MCTS] Step 1110: 64 games active. Completed: 384/1000. Step time: 5017.0ms.
   [Vectorized MCTS] Step 1115: 64 games active. Completed: 384/1000. Step time: 4449.9ms.
   [Vectorized MCTS] Step 1120: 64 games active. Completed: 384/1000. Step time: 5152.7ms.
   [Vectorized MCTS] Step 1125: 64 games active. Completed: 385/1000. Step time: 4420.2ms.
   [Vectorized MCTS] Step 1130: 64 games active. Completed: 426/1000. Step time: 4443.0ms.
   [Vectorized MCTS] Step 1135: 64 games active. Completed: 448/1000. Step time: 4475.2ms.
   [Vectorized MCTS] Step 1140: 64 games active. Completed: 448/1000. Step time: 4958.0ms.
   [Vectorized MCTS] Step 1145: 64 games active. Completed: 448/1000. Step time: 4457.9ms.
   [Vectorized MCTS] Step 1150: 64 games active. Completed: 448/1000. Step time: 5102.4ms.
   [Vectorized MCTS] Step 1155: 64 games active. Completed: 448/1000. Step time: 4760.0ms.
   [Vectorized MCTS] Step 1160: 64 games active. Completed: 448/1000. Step time: 5194.7ms.
   [Vectorized MCTS] Step 1165: 64 games active. Completed: 448/1000. Step time: 4393.9ms.
   [Vectorized MCTS] Step 1170: 64 games active. Completed: 448/1000. Step time: 5095.8ms.
   [Vectorized MCTS] Step 1175: 64 games active. Completed: 448/1000. Step time: 4423.4ms.
   [Vectorized MCTS] Step 1180: 64 games active. Completed: 448/1000. Step time: 5239.6ms.
   [Vectorized MCTS] Step 1185: 64 games active. Completed: 448/1000. Step time: 4435.1ms.
   [Vectorized MCTS] Step 1190: 64 games active. Completed: 448/1000. Step time: 5099.5ms.
   [Vectorized MCTS] Step 1195: 64 games active. Completed: 448/1000. Step time: 4259.7ms.
   [Vectorized MCTS] Step 1200: 64 games active. Completed: 448/1000. Step time: 5001.8ms.
   [Vectorized MCTS] Step 1205: 64 games active. Completed: 448/1000. Step time: 4390.1ms.
   [Vectorized MCTS] Step 1210: 64 games active. Completed: 448/1000. Step time: 4578.0ms.
   [Vectorized MCTS] Step 1215: 64 games active. Completed: 448/1000. Step time: 4251.0ms.
   [Vectorized MCTS] Step 1220: 64 games active. Completed: 448/1000. Step time: 5175.3ms.
   [Vectorized MCTS] Step 1225: 64 games active. Completed: 448/1000. Step time: 4410.1ms.
   [Vectorized MCTS] Step 1230: 64 games active. Completed: 448/1000. Step time: 5030.8ms.
   [Vectorized MCTS] Step 1235: 64 games active. Completed: 448/1000. Step time: 4408.4ms.
   [Vectorized MCTS] Step 1240: 64 games active. Completed: 448/1000. Step time: 4862.5ms.
   [Vectorized MCTS] Step 1245: 64 games active. Completed: 448/1000. Step time: 4873.6ms.
   [Vectorized MCTS] Step 1250: 64 games active. Completed: 448/1000. Step time: 5072.8ms.
   [Vectorized MCTS] Step 1255: 64 games active. Completed: 448/1000. Step time: 6947.6ms.
   [Vectorized MCTS] Step 1260: 64 games active. Completed: 448/1000. Step time: 9161.7ms.
   [Vectorized MCTS] Step 1265: 64 games active. Completed: 448/1000. Step time: 6886.5ms.
   [Vectorized MCTS] Step 1270: 64 games active. Completed: 448/1000. Step time: 5652.3ms.
   [Vectorized MCTS] Step 1275: 64 games active. Completed: 448/1000. Step time: 4938.7ms.
   [Vectorized MCTS] Step 1280: 64 games active. Completed: 448/1000. Step time: 5280.3ms.
   [Vectorized MCTS] Step 1285: 64 games active. Completed: 449/1000. Step time: 4229.1ms.
   [Vectorized MCTS] Step 1290: 64 games active. Completed: 470/1000. Step time: 4344.9ms.
   [Vectorized MCTS] Step 1295: 64 games active. Completed: 508/1000. Step time: 4356.4ms.
   [Vectorized MCTS] Step 1300: 64 games active. Completed: 512/1000. Step time: 5126.9ms.
   [Vectorized MCTS] Step 1305: 64 games active. Completed: 512/1000. Step time: 4382.5ms.
   [Vectorized MCTS] Step 1310: 64 games active. Completed: 512/1000. Step time: 5326.5ms.
   [Vectorized MCTS] Step 1315: 64 games active. Completed: 512/1000. Step time: 4367.6ms.
   [Vectorized MCTS] Step 1320: 64 games active. Completed: 512/1000. Step time: 5433.9ms.
   [Vectorized MCTS] Step 1325: 64 games active. Completed: 512/1000. Step time: 4363.7ms.
   [Vectorized MCTS] Step 1330: 64 games active. Completed: 512/1000. Step time: 5284.8ms.
   [Vectorized MCTS] Step 1335: 64 games active. Completed: 512/1000. Step time: 4350.9ms.
   [Vectorized MCTS] Step 1340: 64 games active. Completed: 512/1000. Step time: 5272.8ms.
   [Vectorized MCTS] Step 1345: 64 games active. Completed: 512/1000. Step time: 4439.1ms.
   [Vectorized MCTS] Step 1350: 64 games active. Completed: 512/1000. Step time: 5345.7ms.
   [Vectorized MCTS] Step 1355: 64 games active. Completed: 512/1000. Step time: 4451.6ms.
   [Vectorized MCTS] Step 1360: 64 games active. Completed: 512/1000. Step time: 5274.1ms.
   [Vectorized MCTS] Step 1365: 64 games active. Completed: 512/1000. Step time: 4455.5ms.
   [Vectorized MCTS] Step 1370: 64 games active. Completed: 512/1000. Step time: 4863.1ms.
   [Vectorized MCTS] Step 1375: 64 games active. Completed: 512/1000. Step time: 4440.3ms.
   [Vectorized MCTS] Step 1380: 64 games active. Completed: 512/1000. Step time: 5356.9ms.
   [Vectorized MCTS] Step 1385: 64 games active. Completed: 512/1000. Step time: 4438.5ms.
   [Vectorized MCTS] Step 1390: 64 games active. Completed: 512/1000. Step time: 5198.1ms.
   [Vectorized MCTS] Step 1395: 64 games active. Completed: 512/1000. Step time: 4438.6ms.
   [Vectorized MCTS] Step 1400: 64 games active. Completed: 512/1000. Step time: 5143.4ms.
   [Vectorized MCTS] Step 1405: 64 games active. Completed: 512/1000. Step time: 4436.4ms.
   [Vectorized MCTS] Step 1410: 64 games active. Completed: 512/1000. Step time: 4863.0ms.
   [Vectorized MCTS] Step 1415: 64 games active. Completed: 512/1000. Step time: 4449.3ms.
   [Vectorized MCTS] Step 1420: 64 games active. Completed: 512/1000. Step time: 5380.5ms.
   [Vectorized MCTS] Step 1425: 64 games active. Completed: 512/1000. Step time: 4423.0ms.
   [Vectorized MCTS] Step 1430: 64 games active. Completed: 512/1000. Step time: 5268.5ms.
   [Vectorized MCTS] Step 1435: 64 games active. Completed: 512/1000. Step time: 4428.9ms.
   [Vectorized MCTS] Step 1440: 64 games active. Completed: 512/1000. Step time: 5256.3ms.
   [Vectorized MCTS] Step 1445: 64 games active. Completed: 512/1000. Step time: 4381.3ms.
   [Vectorized MCTS] Step 1450: 64 games active. Completed: 524/1000. Step time: 4737.9ms.
   [Vectorized MCTS] Step 1455: 64 games active. Completed: 561/1000. Step time: 4359.9ms.
   [Vectorized MCTS] Step 1460: 64 games active. Completed: 576/1000. Step time: 5195.3ms.
   [Vectorized MCTS] Step 1465: 64 games active. Completed: 576/1000. Step time: 4449.0ms.
   [Vectorized MCTS] Step 1470: 64 games active. Completed: 576/1000. Step time: 5207.5ms.
   [Vectorized MCTS] Step 1475: 64 games active. Completed: 576/1000. Step time: 4450.1ms.
   [Vectorized MCTS] Step 1480: 64 games active. Completed: 576/1000. Step time: 5432.9ms.
   [Vectorized MCTS] Step 1485: 64 games active. Completed: 576/1000. Step time: 4440.0ms.
   [Vectorized MCTS] Step 1490: 64 games active. Completed: 576/1000. Step time: 5345.8ms.
   [Vectorized MCTS] Step 1495: 64 games active. Completed: 576/1000. Step time: 4412.9ms.
   [Vectorized MCTS] Step 1500: 64 games active. Completed: 576/1000. Step time: 5407.4ms.
   [Vectorized MCTS] Step 1505: 64 games active. Completed: 576/1000. Step time: 4401.6ms.
   [Vectorized MCTS] Step 1510: 64 games active. Completed: 576/1000. Step time: 5412.7ms.
   [Vectorized MCTS] Step 1515: 64 games active. Completed: 576/1000. Step time: 4437.7ms.
   [Vectorized MCTS] Step 1520: 64 games active. Completed: 576/1000. Step time: 5472.9ms.
   [Vectorized MCTS] Step 1525: 64 games active. Completed: 576/1000. Step time: 4422.7ms.
   [Vectorized MCTS] Step 1530: 64 games active. Completed: 576/1000. Step time: 5010.1ms.
   [Vectorized MCTS] Step 1535: 64 games active. Completed: 576/1000. Step time: 4398.9ms.
   [Vectorized MCTS] Step 1540: 64 games active. Completed: 576/1000. Step time: 5389.5ms.
   [Vectorized MCTS] Step 1545: 64 games active. Completed: 576/1000. Step time: 4439.6ms.
   [Vectorized MCTS] Step 1550: 64 games active. Completed: 576/1000. Step time: 5352.0ms.
   [Vectorized MCTS] Step 1555: 64 games active. Completed: 576/1000. Step time: 4432.1ms.
   [Vectorized MCTS] Step 1560: 64 games active. Completed: 576/1000. Step time: 5043.4ms.
   [Vectorized MCTS] Step 1565: 64 games active. Completed: 576/1000. Step time: 4402.6ms.
   [Vectorized MCTS] Step 1570: 64 games active. Completed: 576/1000. Step time: 4826.3ms.
   [Vectorized MCTS] Step 1575: 64 games active. Completed: 576/1000. Step time: 4421.4ms.
   [Vectorized MCTS] Step 1580: 64 games active. Completed: 576/1000. Step time: 5390.3ms.
   [Vectorized MCTS] Step 1585: 64 games active. Completed: 576/1000. Step time: 4377.9ms.
   [Vectorized MCTS] Step 1590: 64 games active. Completed: 576/1000. Step time: 5075.4ms.
   [Vectorized MCTS] Step 1595: 64 games active. Completed: 576/1000. Step time: 4389.6ms.
   [Vectorized MCTS] Step 1600: 64 games active. Completed: 576/1000. Step time: 5219.2ms.
   [Vectorized MCTS] Step 1605: 64 games active. Completed: 576/1000. Step time: 4345.2ms.
   [Vectorized MCTS] Step 1610: 64 games active. Completed: 580/1000. Step time: 4892.6ms.
   [Vectorized MCTS] Step 1615: 64 games active. Completed: 609/1000. Step time: 4351.5ms.
   [Vectorized MCTS] Step 1620: 64 games active. Completed: 640/1000. Step time: 5024.5ms.
   [Vectorized MCTS] Step 1625: 64 games active. Completed: 640/1000. Step time: 4451.0ms.
   [Vectorized MCTS] Step 1630: 64 games active. Completed: 640/1000. Step time: 5024.5ms.
   [Vectorized MCTS] Step 1635: 64 games active. Completed: 640/1000. Step time: 4399.4ms.
   [Vectorized MCTS] Step 1640: 64 games active. Completed: 640/1000. Step time: 5302.6ms.
   [Vectorized MCTS] Step 1645: 64 games active. Completed: 640/1000. Step time: 4404.5ms.
   [Vectorized MCTS] Step 1650: 64 games active. Completed: 640/1000. Step time: 5226.9ms.
   [Vectorized MCTS] Step 1655: 64 games active. Completed: 640/1000. Step time: 4421.1ms.
   [Vectorized MCTS] Step 1660: 64 games active. Completed: 640/1000. Step time: 5023.4ms.
   [Vectorized MCTS] Step 1665: 64 games active. Completed: 640/1000. Step time: 4421.1ms.
   [Vectorized MCTS] Step 1670: 64 games active. Completed: 640/1000. Step time: 5218.5ms.
   [Vectorized MCTS] Step 1675: 64 games active. Completed: 640/1000. Step time: 4466.2ms.
   [Vectorized MCTS] Step 1680: 64 games active. Completed: 640/1000. Step time: 5115.4ms.
   [Vectorized MCTS] Step 1685: 64 games active. Completed: 640/1000. Step time: 4430.2ms.
   [Vectorized MCTS] Step 1690: 64 games active. Completed: 640/1000. Step time: 4974.3ms.
   [Vectorized MCTS] Step 1695: 64 games active. Completed: 640/1000. Step time: 4430.9ms.
   [Vectorized MCTS] Step 1700: 64 games active. Completed: 640/1000. Step time: 5236.4ms.
   [Vectorized MCTS] Step 1705: 64 games active. Completed: 640/1000. Step time: 4419.5ms.
   [Vectorized MCTS] Step 1710: 64 games active. Completed: 640/1000. Step time: 5537.7ms.
   [Vectorized MCTS] Step 1715: 64 games active. Completed: 640/1000. Step time: 4403.1ms.
   [Vectorized MCTS] Step 1720: 64 games active. Completed: 640/1000. Step time: 5058.2ms.
   [Vectorized MCTS] Step 1725: 64 games active. Completed: 640/1000. Step time: 4441.1ms.
   [Vectorized MCTS] Step 1730: 64 games active. Completed: 640/1000. Step time: 5350.2ms.
   [Vectorized MCTS] Step 1735: 64 games active. Completed: 640/1000. Step time: 4486.5ms.
   [Vectorized MCTS] Step 1740: 64 games active. Completed: 640/1000. Step time: 5541.3ms.
   [Vectorized MCTS] Step 1745: 64 games active. Completed: 640/1000. Step time: 4671.7ms.
   [Vectorized MCTS] Step 1750: 64 games active. Completed: 640/1000. Step time: 5404.6ms.
   [Vectorized MCTS] Step 1755: 64 games active. Completed: 640/1000. Step time: 4453.0ms.
   [Vectorized MCTS] Step 1760: 64 games active. Completed: 640/1000. Step time: 5524.0ms.
   [Vectorized MCTS] Step 1765: 64 games active. Completed: 640/1000. Step time: 4446.7ms.
   [Vectorized MCTS] Step 1770: 64 games active. Completed: 643/1000. Step time: 5235.2ms.
   [Vectorized MCTS] Step 1775: 64 games active. Completed: 661/1000. Step time: 4268.6ms.
   [Vectorized MCTS] Step 1780: 64 games active. Completed: 702/1000. Step time: 4745.0ms.
   [Vectorized MCTS] Step 1785: 64 games active. Completed: 705/1000. Step time: 4384.8ms.
   [Vectorized MCTS] Step 1790: 64 games active. Completed: 705/1000. Step time: 5184.3ms.
   [Vectorized MCTS] Step 1795: 64 games active. Completed: 705/1000. Step time: 4452.1ms.
   [Vectorized MCTS] Step 1800: 64 games active. Completed: 705/1000. Step time: 5343.7ms.
   [Vectorized MCTS] Step 1805: 64 games active. Completed: 705/1000. Step time: 4526.3ms.
   [Vectorized MCTS] Step 1810: 64 games active. Completed: 705/1000. Step time: 5516.1ms.
   [Vectorized MCTS] Step 1815: 64 games active. Completed: 705/1000. Step time: 4317.4ms.
   [Vectorized MCTS] Step 1820: 64 games active. Completed: 705/1000. Step time: 5215.4ms.
   [Vectorized MCTS] Step 1825: 64 games active. Completed: 705/1000. Step time: 4343.1ms.
   [Vectorized MCTS] Step 1830: 64 games active. Completed: 705/1000. Step time: 5129.9ms.
   [Vectorized MCTS] Step 1835: 64 games active. Completed: 705/1000. Step time: 4310.9ms.
   [Vectorized MCTS] Step 1840: 64 games active. Completed: 705/1000. Step time: 4990.3ms.
   [Vectorized MCTS] Step 1845: 64 games active. Completed: 705/1000. Step time: 4341.6ms.
   [Vectorized MCTS] Step 1850: 64 games active. Completed: 705/1000. Step time: 5002.9ms.
   [Vectorized MCTS] Step 1855: 64 games active. Completed: 705/1000. Step time: 4331.3ms.
   [Vectorized MCTS] Step 1860: 64 games active. Completed: 705/1000. Step time: 4987.1ms.
   [Vectorized MCTS] Step 1865: 64 games active. Completed: 705/1000. Step time: 4278.4ms.
   [Vectorized MCTS] Step 1870: 64 games active. Completed: 705/1000. Step time: 5224.0ms.
   [Vectorized MCTS] Step 1875: 64 games active. Completed: 705/1000. Step time: 4346.2ms.
   [Vectorized MCTS] Step 1880: 64 games active. Completed: 705/1000. Step time: 4622.8ms.
   [Vectorized MCTS] Step 1885: 64 games active. Completed: 705/1000. Step time: 4272.0ms.
   [Vectorized MCTS] Step 1890: 64 games active. Completed: 705/1000. Step time: 4907.0ms.
   [Vectorized MCTS] Step 1895: 64 games active. Completed: 705/1000. Step time: 4284.6ms.
   [Vectorized MCTS] Step 1900: 64 games active. Completed: 705/1000. Step time: 4972.2ms.
   [Vectorized MCTS] Step 1905: 64 games active. Completed: 705/1000. Step time: 4249.4ms.
   [Vectorized MCTS] Step 1910: 64 games active. Completed: 705/1000. Step time: 5068.1ms.
   [Vectorized MCTS] Step 1915: 64 games active. Completed: 705/1000. Step time: 4201.1ms.
   [Vectorized MCTS] Step 1920: 64 games active. Completed: 705/1000. Step time: 4951.5ms.
   [Vectorized MCTS] Step 1925: 64 games active. Completed: 705/1000. Step time: 4207.2ms.
   [Vectorized MCTS] Step 1930: 64 games active. Completed: 706/1000. Step time: 4958.9ms.
   [Vectorized MCTS] Step 1935: 64 games active. Completed: 712/1000. Step time: 4065.3ms.
   [Vectorized MCTS] Step 1940: 64 games active. Completed: 758/1000. Step time: 4708.1ms.
   [Vectorized MCTS] Step 1945: 64 games active. Completed: 768/1000. Step time: 4368.3ms.
   [Vectorized MCTS] Step 1950: 64 games active. Completed: 769/1000. Step time: 5057.7ms.
   [Vectorized MCTS] Step 1955: 64 games active. Completed: 769/1000. Step time: 4673.8ms.
   [Vectorized MCTS] Step 1960: 64 games active. Completed: 769/1000. Step time: 5313.6ms.
   [Vectorized MCTS] Step 1965: 64 games active. Completed: 769/1000. Step time: 4348.9ms.
   [Vectorized MCTS] Step 1970: 64 games active. Completed: 769/1000. Step time: 5327.7ms.
   [Vectorized MCTS] Step 1975: 64 games active. Completed: 769/1000. Step time: 4382.6ms.
   [Vectorized MCTS] Step 1980: 64 games active. Completed: 769/1000. Step time: 5173.2ms.
   [Vectorized MCTS] Step 1985: 64 games active. Completed: 769/1000. Step time: 4408.8ms.
   [Vectorized MCTS] Step 1990: 64 games active. Completed: 769/1000. Step time: 5322.2ms.
   [Vectorized MCTS] Step 1995: 64 games active. Completed: 769/1000. Step time: 4417.4ms.
   [Vectorized MCTS] Step 2000: 64 games active. Completed: 769/1000. Step time: 5232.7ms.
   [Vectorized MCTS] Step 2005: 64 games active. Completed: 769/1000. Step time: 4342.4ms.
   [Vectorized MCTS] Step 2010: 64 games active. Completed: 769/1000. Step time: 5286.0ms.
   [Vectorized MCTS] Step 2015: 64 games active. Completed: 769/1000. Step time: 4371.6ms.
   [Vectorized MCTS] Step 2020: 64 games active. Completed: 769/1000. Step time: 5823.8ms.
   [Vectorized MCTS] Step 2025: 64 games active. Completed: 769/1000. Step time: 4337.5ms.
   [Vectorized MCTS] Step 2030: 64 games active. Completed: 769/1000. Step time: 5363.1ms.
   [Vectorized MCTS] Step 2035: 64 games active. Completed: 769/1000. Step time: 4378.3ms.
   [Vectorized MCTS] Step 2040: 64 games active. Completed: 769/1000. Step time: 5116.6ms.
   [Vectorized MCTS] Step 2045: 64 games active. Completed: 769/1000. Step time: 4655.6ms.
   [Vectorized MCTS] Step 2050: 64 games active. Completed: 769/1000. Step time: 5268.2ms.
   [Vectorized MCTS] Step 2055: 64 games active. Completed: 769/1000. Step time: 4553.4ms.
   [Vectorized MCTS] Step 2060: 64 games active. Completed: 769/1000. Step time: 5184.6ms.
   [Vectorized MCTS] Step 2065: 64 games active. Completed: 769/1000. Step time: 4672.7ms.
   [Vectorized MCTS] Step 2070: 64 games active. Completed: 769/1000. Step time: 5334.0ms.
   [Vectorized MCTS] Step 2075: 64 games active. Completed: 769/1000. Step time: 4620.0ms.
   [Vectorized MCTS] Step 2080: 64 games active. Completed: 769/1000. Step time: 5232.6ms.
   [Vectorized MCTS] Step 2085: 64 games active. Completed: 769/1000. Step time: 4587.6ms.
   [Vectorized MCTS] Step 2090: 64 games active. Completed: 769/1000. Step time: 5267.2ms.
   [Vectorized MCTS] Step 2095: 64 games active. Completed: 774/1000. Step time: 4771.9ms.
   [Vectorized MCTS] Step 2100: 64 games active. Completed: 815/1000. Step time: 4875.2ms.
   [Vectorized MCTS] Step 2105: 64 games active. Completed: 830/1000. Step time: 4630.9ms.
   [Vectorized MCTS] Step 2110: 64 games active. Completed: 833/1000. Step time: 5325.2ms.
   [Vectorized MCTS] Step 2115: 64 games active. Completed: 833/1000. Step time: 4727.4ms.
   [Vectorized MCTS] Step 2120: 64 games active. Completed: 833/1000. Step time: 5246.5ms.
   [Vectorized MCTS] Step 2125: 64 games active. Completed: 833/1000. Step time: 4795.5ms.
   [Vectorized MCTS] Step 2130: 64 games active. Completed: 833/1000. Step time: 5412.4ms.
   [Vectorized MCTS] Step 2135: 64 games active. Completed: 833/1000. Step time: 4766.8ms.
   [Vectorized MCTS] Step 2140: 64 games active. Completed: 833/1000. Step time: 5359.0ms.
   [Vectorized MCTS] Step 2145: 64 games active. Completed: 833/1000. Step time: 4729.5ms.
   [Vectorized MCTS] Step 2150: 64 games active. Completed: 833/1000. Step time: 5546.6ms.
   [Vectorized MCTS] Step 2155: 64 games active. Completed: 833/1000. Step time: 4656.5ms.
   [Vectorized MCTS] Step 2160: 64 games active. Completed: 833/1000. Step time: 5344.6ms.
   [Vectorized MCTS] Step 2165: 64 games active. Completed: 833/1000. Step time: 4768.9ms.
   [Vectorized MCTS] Step 2170: 64 games active. Completed: 833/1000. Step time: 5399.8ms.
   [Vectorized MCTS] Step 2175: 64 games active. Completed: 833/1000. Step time: 4722.0ms.
   [Vectorized MCTS] Step 2180: 64 games active. Completed: 833/1000. Step time: 5107.2ms.
   [Vectorized MCTS] Step 2185: 64 games active. Completed: 833/1000. Step time: 4756.6ms.
   [Vectorized MCTS] Step 2190: 64 games active. Completed: 833/1000. Step time: 5627.8ms.
   [Vectorized MCTS] Step 2195: 64 games active. Completed: 833/1000. Step time: 4849.9ms.
   [Vectorized MCTS] Step 2200: 64 games active. Completed: 833/1000. Step time: 5191.2ms.
   [Vectorized MCTS] Step 2205: 64 games active. Completed: 833/1000. Step time: 4690.0ms.
   [Vectorized MCTS] Step 2210: 64 games active. Completed: 833/1000. Step time: 5445.9ms.
   [Vectorized MCTS] Step 2215: 64 games active. Completed: 833/1000. Step time: 4919.3ms.
   [Vectorized MCTS] Step 2220: 64 games active. Completed: 833/1000. Step time: 5009.1ms.
   [Vectorized MCTS] Step 2225: 64 games active. Completed: 833/1000. Step time: 4293.3ms.
   [Vectorized MCTS] Step 2230: 64 games active. Completed: 833/1000. Step time: 5375.2ms.
   [Vectorized MCTS] Step 2235: 64 games active. Completed: 833/1000. Step time: 4218.3ms.
   [Vectorized MCTS] Step 2240: 64 games active. Completed: 833/1000. Step time: 5303.3ms.
   [Vectorized MCTS] Step 2245: 64 games active. Completed: 833/1000. Step time: 4423.2ms.
   [Vectorized MCTS] Step 2250: 64 games active. Completed: 833/1000. Step time: 5584.7ms.
   [Vectorized MCTS] Step 2255: 64 games active. Completed: 836/1000. Step time: 4346.2ms.
   [Vectorized MCTS] Step 2260: 64 games active. Completed: 867/1000. Step time: 4609.6ms.
   [Vectorized MCTS] Step 2265: 64 games active. Completed: 888/1000. Step time: 4339.6ms.
   [Vectorized MCTS] Step 2270: 64 games active. Completed: 896/1000. Step time: 5229.7ms.
   [Vectorized MCTS] Step 2275: 64 games active. Completed: 897/1000. Step time: 4407.6ms.
   [Vectorized MCTS] Step 2280: 64 games active. Completed: 897/1000. Step time: 4997.0ms.
   [Vectorized MCTS] Step 2285: 64 games active. Completed: 897/1000. Step time: 4456.1ms.
   [Vectorized MCTS] Step 2290: 64 games active. Completed: 897/1000. Step time: 5013.1ms.
   [Vectorized MCTS] Step 2295: 64 games active. Completed: 897/1000. Step time: 4343.0ms.
   [Vectorized MCTS] Step 2300: 64 games active. Completed: 897/1000. Step time: 4941.2ms.
   [Vectorized MCTS] Step 2305: 64 games active. Completed: 897/1000. Step time: 4362.8ms.
   [Vectorized MCTS] Step 2310: 64 games active. Completed: 897/1000. Step time: 4952.6ms.
   [Vectorized MCTS] Step 2315: 64 games active. Completed: 897/1000. Step time: 4323.2ms.
   [Vectorized MCTS] Step 2320: 64 games active. Completed: 897/1000. Step time: 4944.4ms.
   [Vectorized MCTS] Step 2325: 64 games active. Completed: 897/1000. Step time: 4327.0ms.
   [Vectorized MCTS] Step 2330: 64 games active. Completed: 897/1000. Step time: 4884.7ms.
   [Vectorized MCTS] Step 2335: 64 games active. Completed: 897/1000. Step time: 4319.8ms.
   [Vectorized MCTS] Step 2340: 64 games active. Completed: 897/1000. Step time: 4580.9ms.
   [Vectorized MCTS] Step 2345: 64 games active. Completed: 897/1000. Step time: 4327.1ms.
   [Vectorized MCTS] Step 2350: 64 games active. Completed: 897/1000. Step time: 4952.4ms.
   [Vectorized MCTS] Step 2355: 64 games active. Completed: 897/1000. Step time: 4331.5ms.
   [Vectorized MCTS] Step 2360: 64 games active. Completed: 897/1000. Step time: 4687.1ms.
   [Vectorized MCTS] Step 2365: 64 games active. Completed: 897/1000. Step time: 4340.7ms.
   [Vectorized MCTS] Step 2370: 64 games active. Completed: 897/1000. Step time: 4784.0ms.
   [Vectorized MCTS] Step 2375: 64 games active. Completed: 897/1000. Step time: 4340.1ms.
   [Vectorized MCTS] Step 2380: 64 games active. Completed: 897/1000. Step time: 4711.1ms.
   [Vectorized MCTS] Step 2385: 64 games active. Completed: 898/1000. Step time: 4341.7ms.
   [Vectorized MCTS] Step 2390: 64 games active. Completed: 898/1000. Step time: 4891.5ms.
   [Vectorized MCTS] Step 2395: 64 games active. Completed: 898/1000. Step time: 4329.1ms.
   [Vectorized MCTS] Step 2400: 64 games active. Completed: 898/1000. Step time: 4947.7ms.
   [Vectorized MCTS] Step 2405: 64 games active. Completed: 898/1000. Step time: 4397.0ms.
   [Vectorized MCTS] Step 2410: 64 games active. Completed: 898/1000. Step time: 4885.8ms.
   [Vectorized MCTS] Step 2415: 64 games active. Completed: 900/1000. Step time: 4379.1ms.
   [Vectorized MCTS] Step 2420: 64 games active. Completed: 918/1000. Step time: 4510.4ms.
   [Vectorized MCTS] Step 2425: 52 games active. Completed: 948/1000. Step time: 3285.6ms.
   [Vectorized MCTS] Step 2430: 40 games active. Completed: 960/1000. Step time: 3154.8ms.
   [Vectorized MCTS] Step 2435: 39 games active. Completed: 961/1000. Step time: 2704.7ms.
   [Vectorized MCTS] Step 2440: 39 games active. Completed: 961/1000. Step time: 3019.7ms.
   [Vectorized MCTS] Step 2445: 39 games active. Completed: 961/1000. Step time: 2711.2ms.
   [Vectorized MCTS] Step 2450: 39 games active. Completed: 961/1000. Step time: 3047.0ms.
   [Vectorized MCTS] Step 2455: 39 games active. Completed: 961/1000. Step time: 2723.1ms.
   [Vectorized MCTS] Step 2460: 39 games active. Completed: 961/1000. Step time: 3038.9ms.
   [Vectorized MCTS] Step 2465: 39 games active. Completed: 961/1000. Step time: 2749.1ms.
   [Vectorized MCTS] Step 2470: 39 games active. Completed: 961/1000. Step time: 3022.1ms.
   [Vectorized MCTS] Step 2475: 39 games active. Completed: 961/1000. Step time: 2705.3ms.
   [Vectorized MCTS] Step 2480: 39 games active. Completed: 961/1000. Step time: 3039.0ms.
   [Vectorized MCTS] Step 2485: 39 games active. Completed: 961/1000. Step time: 2705.6ms.
   [Vectorized MCTS] Step 2490: 39 games active. Completed: 961/1000. Step time: 3010.8ms.
   [Vectorized MCTS] Step 2495: 39 games active. Completed: 961/1000. Step time: 2710.4ms.
   [Vectorized MCTS] Step 2500: 39 games active. Completed: 961/1000. Step time: 2826.6ms.
   [Vectorized MCTS] Step 2505: 39 games active. Completed: 961/1000. Step time: 2700.0ms.
   [Vectorized MCTS] Step 2510: 39 games active. Completed: 961/1000. Step time: 3022.6ms.
   [Vectorized MCTS] Step 2515: 39 games active. Completed: 961/1000. Step time: 2692.2ms.
   [Vectorized MCTS] Step 2520: 39 games active. Completed: 961/1000. Step time: 2919.6ms.
   [Vectorized MCTS] Step 2525: 39 games active. Completed: 961/1000. Step time: 2690.9ms.
   [Vectorized MCTS] Step 2530: 39 games active. Completed: 961/1000. Step time: 2970.3ms.
   [Vectorized MCTS] Step 2535: 39 games active. Completed: 961/1000. Step time: 2731.4ms.
   [Vectorized MCTS] Step 2540: 39 games active. Completed: 961/1000. Step time: 2829.6ms.
   [Vectorized MCTS] Step 2545: 38 games active. Completed: 962/1000. Step time: 2643.1ms.
   [Vectorized MCTS] Step 2550: 37 games active. Completed: 963/1000. Step time: 2876.9ms.
   [Vectorized MCTS] Step 2555: 37 games active. Completed: 963/1000. Step time: 2577.3ms.
   [Vectorized MCTS] Step 2560: 37 games active. Completed: 963/1000. Step time: 2708.8ms.
   [Vectorized MCTS] Step 2565: 37 games active. Completed: 963/1000. Step time: 2552.4ms.
   [Vectorized MCTS] Step 2570: 37 games active. Completed: 963/1000. Step time: 2756.2ms.
   [Vectorized MCTS] Step 2575: 37 games active. Completed: 963/1000. Step time: 2509.0ms.
   [Vectorized MCTS] Step 2580: 25 games active. Completed: 975/1000. Step time: 2406.0ms.
   [Vectorized MCTS] Step 2585: 03 games active. Completed: 997/1000. Step time: 1065.2ms.
   [Vectorized MCTS] Step 2586: 00 games active. Completed: 1000/1000. Step time: 615.9ms.

Collection completed in 12220.6 seconds (12.221s/game average).
