Starting self-play collection using /Users/nilbot/playground/autogo-mlx/experiments/001_train_from_scratch/checkpoints/iter15.safetensors
--> Progressive sims enabled. Iteration 15 -> 64 simulations.
--> League play enabled: Selected historical opponent iter1.safetensors (3-channel model)
Config: num-games=1000, simulations=64, workers=8
--> Starting pool-swapping selfplay for all 1000 games with max_active_games=64...
   [Vectorized MCTS] Step 001: 64 games active. Completed: 0/1000. Step time: 4242.3ms.
   [Vectorized MCTS] Step 005: 64 games active. Completed: 0/1000. Step time: 4493.5ms.
   [Vectorized MCTS] Step 010: 64 games active. Completed: 0/1000. Step time: 5846.2ms.
   [Vectorized MCTS] Step 015: 64 games active. Completed: 4/1000. Step time: 4462.1ms.
   [Vectorized MCTS] Step 020: 64 games active. Completed: 4/1000. Step time: 5810.9ms.
   [Vectorized MCTS] Step 025: 64 games active. Completed: 5/1000. Step time: 4396.0ms.
   [Vectorized MCTS] Step 030: 64 games active. Completed: 5/1000. Step time: 5795.6ms.
   [Vectorized MCTS] Step 035: 64 games active. Completed: 5/1000. Step time: 4388.8ms.
   [Vectorized MCTS] Step 040: 64 games active. Completed: 5/1000. Step time: 5798.4ms.
   [Vectorized MCTS] Step 045: 64 games active. Completed: 6/1000. Step time: 4432.7ms.
   [Vectorized MCTS] Step 050: 64 games active. Completed: 6/1000. Step time: 5819.1ms.
   [Vectorized MCTS] Step 055: 64 games active. Completed: 6/1000. Step time: 4420.6ms.
   [Vectorized MCTS] Step 060: 64 games active. Completed: 6/1000. Step time: 5838.3ms.
   [Vectorized MCTS] Step 065: 64 games active. Completed: 6/1000. Step time: 4354.8ms.
   [Vectorized MCTS] Step 070: 64 games active. Completed: 6/1000. Step time: 5855.9ms.
   [Vectorized MCTS] Step 075: 64 games active. Completed: 6/1000. Step time: 4419.3ms.
   [Vectorized MCTS] Step 080: 64 games active. Completed: 6/1000. Step time: 5850.1ms.
   [Vectorized MCTS] Step 085: 64 games active. Completed: 6/1000. Step time: 4415.8ms.
   [Vectorized MCTS] Step 090: 64 games active. Completed: 6/1000. Step time: 5826.5ms.
   [Vectorized MCTS] Step 095: 64 games active. Completed: 6/1000. Step time: 4424.6ms.
   [Vectorized MCTS] Step 100: 64 games active. Completed: 6/1000. Step time: 5827.2ms.
   [Vectorized MCTS] Step 105: 64 games active. Completed: 6/1000. Step time: 4407.6ms.
   [Vectorized MCTS] Step 110: 64 games active. Completed: 6/1000. Step time: 5855.1ms.
   [Vectorized MCTS] Step 115: 64 games active. Completed: 7/1000. Step time: 4418.3ms.
   [Vectorized MCTS] Step 120: 64 games active. Completed: 7/1000. Step time: 5761.2ms.
   [Vectorized MCTS] Step 125: 64 games active. Completed: 8/1000. Step time: 4439.6ms.
   [Vectorized MCTS] Step 130: 64 games active. Completed: 8/1000. Step time: 5765.2ms.
   [Vectorized MCTS] Step 135: 64 games active. Completed: 8/1000. Step time: 4420.6ms.
   [Vectorized MCTS] Step 140: 64 games active. Completed: 8/1000. Step time: 5641.5ms.
   [Vectorized MCTS] Step 145: 64 games active. Completed: 8/1000. Step time: 4433.3ms.
   [Vectorized MCTS] Step 150: 64 games active. Completed: 8/1000. Step time: 5632.2ms.
   [Vectorized MCTS] Step 155: 64 games active. Completed: 8/1000. Step time: 4398.9ms.
   [Vectorized MCTS] Step 160: 64 games active. Completed: 31/1000. Step time: 5342.7ms.
   [Vectorized MCTS] Step 165: 64 games active. Completed: 64/1000. Step time: 4650.1ms.
   [Vectorized MCTS] Step 170: 64 games active. Completed: 65/1000. Step time: 5229.8ms.
   [Vectorized MCTS] Step 175: 64 games active. Completed: 70/1000. Step time: 4430.4ms.
   [Vectorized MCTS] Step 180: 64 games active. Completed: 70/1000. Step time: 5352.3ms.
   [Vectorized MCTS] Step 185: 64 games active. Completed: 71/1000. Step time: 4466.0ms.
   [Vectorized MCTS] Step 190: 64 games active. Completed: 71/1000. Step time: 5326.7ms.
   [Vectorized MCTS] Step 195: 64 games active. Completed: 71/1000. Step time: 4475.1ms.
   [Vectorized MCTS] Step 200: 64 games active. Completed: 71/1000. Step time: 5416.3ms.
   [Vectorized MCTS] Step 205: 64 games active. Completed: 73/1000. Step time: 4569.8ms.
   [Vectorized MCTS] Step 210: 64 games active. Completed: 73/1000. Step time: 5312.0ms.
   [Vectorized MCTS] Step 215: 64 games active. Completed: 73/1000. Step time: 4558.7ms.
   [Vectorized MCTS] Step 220: 64 games active. Completed: 73/1000. Step time: 5380.7ms.
   [Vectorized MCTS] Step 225: 64 games active. Completed: 73/1000. Step time: 4454.0ms.
   [Vectorized MCTS] Step 230: 64 games active. Completed: 73/1000. Step time: 5406.4ms.
   [Vectorized MCTS] Step 235: 64 games active. Completed: 73/1000. Step time: 4514.7ms.
   [Vectorized MCTS] Step 240: 64 games active. Completed: 73/1000. Step time: 5136.1ms.
   [Vectorized MCTS] Step 245: 64 games active. Completed: 73/1000. Step time: 4472.6ms.
   [Vectorized MCTS] Step 250: 64 games active. Completed: 73/1000. Step time: 5248.8ms.
   [Vectorized MCTS] Step 255: 64 games active. Completed: 73/1000. Step time: 4542.5ms.
   [Vectorized MCTS] Step 260: 64 games active. Completed: 73/1000. Step time: 5184.1ms.
   [Vectorized MCTS] Step 265: 64 games active. Completed: 73/1000. Step time: 4572.5ms.
   [Vectorized MCTS] Step 270: 64 games active. Completed: 73/1000. Step time: 5124.7ms.
   [Vectorized MCTS] Step 275: 64 games active. Completed: 73/1000. Step time: 4531.3ms.
   [Vectorized MCTS] Step 280: 64 games active. Completed: 74/1000. Step time: 5012.7ms.
   [Vectorized MCTS] Step 285: 64 games active. Completed: 74/1000. Step time: 4509.4ms.
   [Vectorized MCTS] Step 290: 64 games active. Completed: 75/1000. Step time: 5290.2ms.
   [Vectorized MCTS] Step 295: 64 games active. Completed: 76/1000. Step time: 4530.8ms.
   [Vectorized MCTS] Step 300: 64 games active. Completed: 78/1000. Step time: 4961.9ms.
   [Vectorized MCTS] Step 305: 64 games active. Completed: 79/1000. Step time: 4506.9ms.
   [Vectorized MCTS] Step 310: 64 games active. Completed: 79/1000. Step time: 4990.0ms.
   [Vectorized MCTS] Step 315: 64 games active. Completed: 79/1000. Step time: 4497.4ms.
   [Vectorized MCTS] Step 320: 64 games active. Completed: 84/1000. Step time: 4730.1ms.
   [Vectorized MCTS] Step 325: 64 games active. Completed: 127/1000. Step time: 4670.3ms.
   [Vectorized MCTS] Step 330: 64 games active. Completed: 129/1000. Step time: 5026.0ms.
   [Vectorized MCTS] Step 335: 64 games active. Completed: 133/1000. Step time: 4450.6ms.
   [Vectorized MCTS] Step 340: 64 games active. Completed: 135/1000. Step time: 5174.8ms.
   [Vectorized MCTS] Step 345: 64 games active. Completed: 136/1000. Step time: 4445.1ms.
   [Vectorized MCTS] Step 350: 64 games active. Completed: 136/1000. Step time: 5328.1ms.
   [Vectorized MCTS] Step 355: 64 games active. Completed: 136/1000. Step time: 4457.3ms.
   [Vectorized MCTS] Step 360: 64 games active. Completed: 136/1000. Step time: 5262.7ms.
   [Vectorized MCTS] Step 365: 64 games active. Completed: 138/1000. Step time: 4469.8ms.
   [Vectorized MCTS] Step 370: 64 games active. Completed: 138/1000. Step time: 5309.3ms.
   [Vectorized MCTS] Step 375: 64 games active. Completed: 138/1000. Step time: 4520.8ms.
   [Vectorized MCTS] Step 380: 64 games active. Completed: 138/1000. Step time: 5271.7ms.
   [Vectorized MCTS] Step 385: 64 games active. Completed: 138/1000. Step time: 4486.1ms.
   [Vectorized MCTS] Step 390: 64 games active. Completed: 138/1000. Step time: 5336.6ms.
   [Vectorized MCTS] Step 395: 64 games active. Completed: 138/1000. Step time: 4453.2ms.
   [Vectorized MCTS] Step 400: 64 games active. Completed: 138/1000. Step time: 5216.4ms.
   [Vectorized MCTS] Step 405: 64 games active. Completed: 138/1000. Step time: 4432.2ms.
   [Vectorized MCTS] Step 410: 64 games active. Completed: 138/1000. Step time: 5214.5ms.
   [Vectorized MCTS] Step 415: 64 games active. Completed: 138/1000. Step time: 4373.8ms.
   [Vectorized MCTS] Step 420: 64 games active. Completed: 138/1000. Step time: 5101.5ms.
   [Vectorized MCTS] Step 425: 64 games active. Completed: 138/1000. Step time: 4361.5ms.
   [Vectorized MCTS] Step 430: 64 games active. Completed: 138/1000. Step time: 4938.7ms.
   [Vectorized MCTS] Step 435: 64 games active. Completed: 138/1000. Step time: 4351.4ms.
   [Vectorized MCTS] Step 440: 64 games active. Completed: 140/1000. Step time: 4833.9ms.
   [Vectorized MCTS] Step 445: 64 games active. Completed: 140/1000. Step time: 4393.8ms.
   [Vectorized MCTS] Step 450: 64 games active. Completed: 140/1000. Step time: 5206.7ms.
   [Vectorized MCTS] Step 455: 64 games active. Completed: 140/1000. Step time: 4419.5ms.
   [Vectorized MCTS] Step 460: 64 games active. Completed: 144/1000. Step time: 4788.1ms.
   [Vectorized MCTS] Step 465: 64 games active. Completed: 145/1000. Step time: 4354.3ms.
   [Vectorized MCTS] Step 470: 64 games active. Completed: 146/1000. Step time: 4956.6ms.
   [Vectorized MCTS] Step 475: 64 games active. Completed: 146/1000. Step time: 4364.7ms.
   [Vectorized MCTS] Step 480: 64 games active. Completed: 151/1000. Step time: 4815.5ms.
   [Vectorized MCTS] Step 485: 64 games active. Completed: 185/1000. Step time: 4608.6ms.
   [Vectorized MCTS] Step 490: 64 games active. Completed: 192/1000. Step time: 4967.2ms.
   [Vectorized MCTS] Step 495: 64 games active. Completed: 197/1000. Step time: 4673.7ms.
   [Vectorized MCTS] Step 500: 64 games active. Completed: 201/1000. Step time: 4877.7ms.
   [Vectorized MCTS] Step 505: 64 games active. Completed: 202/1000. Step time: 4625.8ms.
   [Vectorized MCTS] Step 510: 64 games active. Completed: 202/1000. Step time: 4952.5ms.
   [Vectorized MCTS] Step 515: 64 games active. Completed: 202/1000. Step time: 4644.4ms.
   [Vectorized MCTS] Step 520: 64 games active. Completed: 203/1000. Step time: 4946.9ms.
   [Vectorized MCTS] Step 525: 64 games active. Completed: 204/1000. Step time: 4633.3ms.
   [Vectorized MCTS] Step 530: 64 games active. Completed: 205/1000. Step time: 5006.5ms.
   [Vectorized MCTS] Step 535: 64 games active. Completed: 205/1000. Step time: 4633.3ms.
   [Vectorized MCTS] Step 540: 64 games active. Completed: 205/1000. Step time: 4968.5ms.
   [Vectorized MCTS] Step 545: 64 games active. Completed: 205/1000. Step time: 4631.7ms.
   [Vectorized MCTS] Step 550: 64 games active. Completed: 205/1000. Step time: 5077.7ms.
   [Vectorized MCTS] Step 555: 64 games active. Completed: 205/1000. Step time: 4648.6ms.
   [Vectorized MCTS] Step 560: 64 games active. Completed: 205/1000. Step time: 4983.4ms.
   [Vectorized MCTS] Step 565: 64 games active. Completed: 205/1000. Step time: 4610.3ms.
   [Vectorized MCTS] Step 570: 64 games active. Completed: 205/1000. Step time: 5080.2ms.
   [Vectorized MCTS] Step 575: 64 games active. Completed: 206/1000. Step time: 4718.6ms.
   [Vectorized MCTS] Step 580: 64 games active. Completed: 206/1000. Step time: 5036.0ms.
   [Vectorized MCTS] Step 585: 64 games active. Completed: 206/1000. Step time: 4663.5ms.
   [Vectorized MCTS] Step 590: 64 games active. Completed: 206/1000. Step time: 4914.6ms.
   [Vectorized MCTS] Step 595: 64 games active. Completed: 206/1000. Step time: 4652.5ms.
   [Vectorized MCTS] Step 600: 64 games active. Completed: 208/1000. Step time: 4949.5ms.
   [Vectorized MCTS] Step 605: 64 games active. Completed: 208/1000. Step time: 4631.6ms.
   [Vectorized MCTS] Step 610: 64 games active. Completed: 208/1000. Step time: 5062.5ms.
   [Vectorized MCTS] Step 615: 64 games active. Completed: 208/1000. Step time: 4657.7ms.
   [Vectorized MCTS] Step 620: 64 games active. Completed: 211/1000. Step time: 4863.5ms.
   [Vectorized MCTS] Step 625: 64 games active. Completed: 213/1000. Step time: 4622.7ms.
   [Vectorized MCTS] Step 630: 64 games active. Completed: 213/1000. Step time: 4834.5ms.
   [Vectorized MCTS] Step 635: 64 games active. Completed: 215/1000. Step time: 4554.6ms.
   [Vectorized MCTS] Step 640: 64 games active. Completed: 218/1000. Step time: 4778.7ms.
   [Vectorized MCTS] Step 645: 64 games active. Completed: 237/1000. Step time: 4608.5ms.
   [Vectorized MCTS] Step 650: 64 games active. Completed: 256/1000. Step time: 4841.9ms.
   [Vectorized MCTS] Step 655: 64 games active. Completed: 261/1000. Step time: 4510.6ms.
   [Vectorized MCTS] Step 660: 64 games active. Completed: 269/1000. Step time: 4911.6ms.
   [Vectorized MCTS] Step 665: 64 games active. Completed: 270/1000. Step time: 4523.9ms.
   [Vectorized MCTS] Step 670: 64 games active. Completed: 271/1000. Step time: 5000.4ms.
   [Vectorized MCTS] Step 675: 64 games active. Completed: 272/1000. Step time: 4510.6ms.
   [Vectorized MCTS] Step 680: 64 games active. Completed: 274/1000. Step time: 4983.5ms.
   [Vectorized MCTS] Step 685: 64 games active. Completed: 275/1000. Step time: 4502.7ms.
   [Vectorized MCTS] Step 690: 64 games active. Completed: 276/1000. Step time: 5025.1ms.
   [Vectorized MCTS] Step 695: 64 games active. Completed: 276/1000. Step time: 4542.9ms.
   [Vectorized MCTS] Step 700: 64 games active. Completed: 276/1000. Step time: 5023.5ms.
   [Vectorized MCTS] Step 705: 64 games active. Completed: 276/1000. Step time: 4553.8ms.
   [Vectorized MCTS] Step 710: 64 games active. Completed: 276/1000. Step time: 5030.2ms.
   [Vectorized MCTS] Step 715: 64 games active. Completed: 276/1000. Step time: 4539.5ms.
   [Vectorized MCTS] Step 720: 64 games active. Completed: 276/1000. Step time: 5004.0ms.
   [Vectorized MCTS] Step 725: 64 games active. Completed: 276/1000. Step time: 4505.7ms.
   [Vectorized MCTS] Step 730: 64 games active. Completed: 276/1000. Step time: 4977.7ms.
   [Vectorized MCTS] Step 735: 64 games active. Completed: 277/1000. Step time: 4535.3ms.
   [Vectorized MCTS] Step 740: 64 games active. Completed: 277/1000. Step time: 5039.7ms.
   [Vectorized MCTS] Step 745: 64 games active. Completed: 277/1000. Step time: 4535.1ms.
   [Vectorized MCTS] Step 750: 64 games active. Completed: 277/1000. Step time: 4830.4ms.
   [Vectorized MCTS] Step 755: 64 games active. Completed: 277/1000. Step time: 4499.8ms.
   [Vectorized MCTS] Step 760: 64 games active. Completed: 279/1000. Step time: 4956.3ms.
   [Vectorized MCTS] Step 765: 64 games active. Completed: 279/1000. Step time: 4528.8ms.
   [Vectorized MCTS] Step 770: 64 games active. Completed: 279/1000. Step time: 4976.2ms.
   [Vectorized MCTS] Step 775: 64 games active. Completed: 280/1000. Step time: 4539.2ms.
   [Vectorized MCTS] Step 780: 64 games active. Completed: 282/1000. Step time: 4952.6ms.
   [Vectorized MCTS] Step 785: 64 games active. Completed: 285/1000. Step time: 4580.9ms.
   [Vectorized MCTS] Step 790: 64 games active. Completed: 285/1000. Step time: 4904.5ms.
   [Vectorized MCTS] Step 795: 64 games active. Completed: 287/1000. Step time: 4523.3ms.
   [Vectorized MCTS] Step 800: 64 games active. Completed: 289/1000. Step time: 4850.1ms.
   [Vectorized MCTS] Step 805: 64 games active. Completed: 300/1000. Step time: 4472.0ms.
   [Vectorized MCTS] Step 810: 64 games active. Completed: 321/1000. Step time: 4781.6ms.
   [Vectorized MCTS] Step 815: 64 games active. Completed: 326/1000. Step time: 4576.6ms.
   [Vectorized MCTS] Step 820: 64 games active. Completed: 335/1000. Step time: 4863.7ms.
   [Vectorized MCTS] Step 825: 64 games active. Completed: 339/1000. Step time: 4528.4ms.
   [Vectorized MCTS] Step 830: 64 games active. Completed: 340/1000. Step time: 4927.4ms.
   [Vectorized MCTS] Step 835: 64 games active. Completed: 341/1000. Step time: 4544.7ms.
   [Vectorized MCTS] Step 840: 64 games active. Completed: 342/1000. Step time: 4893.8ms.
   [Vectorized MCTS] Step 845: 64 games active. Completed: 344/1000. Step time: 4607.7ms.
   [Vectorized MCTS] Step 850: 64 games active. Completed: 346/1000. Step time: 4846.7ms.
   [Vectorized MCTS] Step 855: 64 games active. Completed: 346/1000. Step time: 4609.8ms.
   [Vectorized MCTS] Step 860: 64 games active. Completed: 346/1000. Step time: 4894.5ms.
   [Vectorized MCTS] Step 865: 64 games active. Completed: 346/1000. Step time: 4624.5ms.
   [Vectorized MCTS] Step 870: 64 games active. Completed: 346/1000. Step time: 4889.4ms.
   [Vectorized MCTS] Step 875: 64 games active. Completed: 346/1000. Step time: 4642.4ms.
   [Vectorized MCTS] Step 880: 64 games active. Completed: 346/1000. Step time: 4857.3ms.
   [Vectorized MCTS] Step 885: 64 games active. Completed: 346/1000. Step time: 4623.3ms.
   [Vectorized MCTS] Step 890: 64 games active. Completed: 346/1000. Step time: 4930.1ms.
   [Vectorized MCTS] Step 895: 64 games active. Completed: 346/1000. Step time: 4611.5ms.
   [Vectorized MCTS] Step 900: 64 games active. Completed: 347/1000. Step time: 4947.5ms.
   [Vectorized MCTS] Step 905: 64 games active. Completed: 347/1000. Step time: 4583.6ms.
   [Vectorized MCTS] Step 910: 64 games active. Completed: 347/1000. Step time: 4871.3ms.
   [Vectorized MCTS] Step 915: 64 games active. Completed: 347/1000. Step time: 4555.9ms.
   [Vectorized MCTS] Step 920: 64 games active. Completed: 347/1000. Step time: 4842.0ms.
   [Vectorized MCTS] Step 925: 64 games active. Completed: 349/1000. Step time: 4547.5ms.
   [Vectorized MCTS] Step 930: 64 games active. Completed: 349/1000. Step time: 4886.4ms.
   [Vectorized MCTS] Step 935: 64 games active. Completed: 351/1000. Step time: 4572.1ms.
   [Vectorized MCTS] Step 940: 64 games active. Completed: 352/1000. Step time: 4872.0ms.
   [Vectorized MCTS] Step 945: 64 games active. Completed: 355/1000. Step time: 4584.4ms.
   [Vectorized MCTS] Step 950: 64 games active. Completed: 355/1000. Step time: 4779.2ms.
   [Vectorized MCTS] Step 955: 64 games active. Completed: 357/1000. Step time: 4536.1ms.
   [Vectorized MCTS] Step 960: 64 games active. Completed: 359/1000. Step time: 4757.8ms.
   [Vectorized MCTS] Step 965: 64 games active. Completed: 366/1000. Step time: 4470.2ms.
   [Vectorized MCTS] Step 970: 64 games active. Completed: 386/1000. Step time: 4486.4ms.
   [Vectorized MCTS] Step 975: 64 games active. Completed: 392/1000. Step time: 4629.6ms.
   [Vectorized MCTS] Step 980: 64 games active. Completed: 398/1000. Step time: 4709.4ms.
   [Vectorized MCTS] Step 985: 64 games active. Completed: 406/1000. Step time: 4619.4ms.
   [Vectorized MCTS] Step 990: 64 games active. Completed: 409/1000. Step time: 4752.3ms.
   [Vectorized MCTS] Step 995: 64 games active. Completed: 409/1000. Step time: 4631.0ms.
   [Vectorized MCTS] Step 1000: 64 games active. Completed: 411/1000. Step time: 4719.2ms.
   [Vectorized MCTS] Step 1005: 64 games active. Completed: 413/1000. Step time: 4676.6ms.
   [Vectorized MCTS] Step 1010: 64 games active. Completed: 413/1000. Step time: 4799.8ms.
   [Vectorized MCTS] Step 1015: 64 games active. Completed: 415/1000. Step time: 4644.0ms.
   [Vectorized MCTS] Step 1020: 64 games active. Completed: 415/1000. Step time: 4825.7ms.
   [Vectorized MCTS] Step 1025: 64 games active. Completed: 415/1000. Step time: 4646.4ms.
   [Vectorized MCTS] Step 1030: 64 games active. Completed: 415/1000. Step time: 4837.0ms.
   [Vectorized MCTS] Step 1035: 64 games active. Completed: 415/1000. Step time: 4727.9ms.
   [Vectorized MCTS] Step 1040: 64 games active. Completed: 415/1000. Step time: 4832.4ms.
   [Vectorized MCTS] Step 1045: 64 games active. Completed: 415/1000. Step time: 4721.2ms.
   [Vectorized MCTS] Step 1050: 64 games active. Completed: 415/1000. Step time: 4821.1ms.
   [Vectorized MCTS] Step 1055: 64 games active. Completed: 415/1000. Step time: 4735.5ms.
   [Vectorized MCTS] Step 1060: 64 games active. Completed: 416/1000. Step time: 4938.9ms.
   [Vectorized MCTS] Step 1065: 64 games active. Completed: 416/1000. Step time: 4740.2ms.
   [Vectorized MCTS] Step 1070: 64 games active. Completed: 416/1000. Step time: 4777.5ms.
   [Vectorized MCTS] Step 1075: 64 games active. Completed: 416/1000. Step time: 4720.9ms.
   [Vectorized MCTS] Step 1080: 64 games active. Completed: 416/1000. Step time: 4846.8ms.
   [Vectorized MCTS] Step 1085: 64 games active. Completed: 418/1000. Step time: 4548.5ms.
   [Vectorized MCTS] Step 1090: 64 games active. Completed: 419/1000. Step time: 4802.3ms.
   [Vectorized MCTS] Step 1095: 64 games active. Completed: 419/1000. Step time: 4666.9ms.
   [Vectorized MCTS] Step 1100: 64 games active. Completed: 421/1000. Step time: 4821.1ms.
   [Vectorized MCTS] Step 1105: 64 games active. Completed: 422/1000. Step time: 4657.6ms.
   [Vectorized MCTS] Step 1110: 64 games active. Completed: 423/1000. Step time: 4751.5ms.
   [Vectorized MCTS] Step 1115: 64 games active. Completed: 423/1000. Step time: 4609.8ms.
   [Vectorized MCTS] Step 1120: 64 games active. Completed: 426/1000. Step time: 4736.5ms.
   [Vectorized MCTS] Step 1125: 64 games active. Completed: 429/1000. Step time: 4559.9ms.
   [Vectorized MCTS] Step 1130: 64 games active. Completed: 446/1000. Step time: 4570.5ms.
   [Vectorized MCTS] Step 1135: 64 games active. Completed: 454/1000. Step time: 4554.2ms.
   [Vectorized MCTS] Step 1140: 64 games active. Completed: 460/1000. Step time: 4745.5ms.
   [Vectorized MCTS] Step 1145: 64 games active. Completed: 470/1000. Step time: 4527.5ms.
   [Vectorized MCTS] Step 1150: 64 games active. Completed: 471/1000. Step time: 4911.6ms.
   [Vectorized MCTS] Step 1155: 64 games active. Completed: 473/1000. Step time: 4588.0ms.
   [Vectorized MCTS] Step 1160: 64 games active. Completed: 476/1000. Step time: 4834.2ms.
   [Vectorized MCTS] Step 1165: 64 games active. Completed: 477/1000. Step time: 4608.7ms.
   [Vectorized MCTS] Step 1170: 64 games active. Completed: 478/1000. Step time: 4877.8ms.
   [Vectorized MCTS] Step 1175: 64 games active. Completed: 479/1000. Step time: 4687.0ms.
   [Vectorized MCTS] Step 1180: 64 games active. Completed: 479/1000. Step time: 4887.3ms.
   [Vectorized MCTS] Step 1185: 64 games active. Completed: 479/1000. Step time: 4645.6ms.
   [Vectorized MCTS] Step 1190: 64 games active. Completed: 479/1000. Step time: 4901.1ms.
   [Vectorized MCTS] Step 1195: 64 games active. Completed: 479/1000. Step time: 4683.5ms.
   [Vectorized MCTS] Step 1200: 64 games active. Completed: 479/1000. Step time: 4832.1ms.
   [Vectorized MCTS] Step 1205: 64 games active. Completed: 479/1000. Step time: 4634.3ms.
   [Vectorized MCTS] Step 1210: 64 games active. Completed: 479/1000. Step time: 4820.7ms.
   [Vectorized MCTS] Step 1215: 64 games active. Completed: 480/1000. Step time: 4644.6ms.
   [Vectorized MCTS] Step 1220: 64 games active. Completed: 481/1000. Step time: 4938.2ms.
   [Vectorized MCTS] Step 1225: 64 games active. Completed: 482/1000. Step time: 4632.1ms.
   [Vectorized MCTS] Step 1230: 64 games active. Completed: 482/1000. Step time: 4885.3ms.
   [Vectorized MCTS] Step 1235: 64 games active. Completed: 482/1000. Step time: 4587.8ms.
   [Vectorized MCTS] Step 1240: 64 games active. Completed: 482/1000. Step time: 4822.3ms.
   [Vectorized MCTS] Step 1245: 64 games active. Completed: 483/1000. Step time: 4552.2ms.
   [Vectorized MCTS] Step 1250: 64 games active. Completed: 485/1000. Step time: 4727.9ms.
   [Vectorized MCTS] Step 1255: 64 games active. Completed: 485/1000. Step time: 4632.4ms.
   [Vectorized MCTS] Step 1260: 64 games active. Completed: 488/1000. Step time: 4858.7ms.
   [Vectorized MCTS] Step 1265: 64 games active. Completed: 488/1000. Step time: 4620.3ms.
   [Vectorized MCTS] Step 1270: 64 games active. Completed: 490/1000. Step time: 4829.0ms.
   [Vectorized MCTS] Step 1275: 64 games active. Completed: 490/1000. Step time: 4507.5ms.
   [Vectorized MCTS] Step 1280: 64 games active. Completed: 494/1000. Step time: 4679.0ms.
   [Vectorized MCTS] Step 1285: 64 games active. Completed: 496/1000. Step time: 4533.7ms.
   [Vectorized MCTS] Step 1290: 64 games active. Completed: 508/1000. Step time: 4554.0ms.
   [Vectorized MCTS] Step 1295: 64 games active. Completed: 519/1000. Step time: 4539.3ms.
   [Vectorized MCTS] Step 1300: 64 games active. Completed: 526/1000. Step time: 4669.2ms.
   [Vectorized MCTS] Step 1305: 64 games active. Completed: 537/1000. Step time: 4579.1ms.
   [Vectorized MCTS] Step 1310: 64 games active. Completed: 539/1000. Step time: 4760.7ms.
   [Vectorized MCTS] Step 1315: 64 games active. Completed: 541/1000. Step time: 4563.0ms.
   [Vectorized MCTS] Step 1320: 64 games active. Completed: 544/1000. Step time: 4802.7ms.
   [Vectorized MCTS] Step 1325: 64 games active. Completed: 544/1000. Step time: 4647.2ms.
   [Vectorized MCTS] Step 1330: 64 games active. Completed: 546/1000. Step time: 4852.2ms.
   [Vectorized MCTS] Step 1335: 64 games active. Completed: 547/1000. Step time: 4609.3ms.
   [Vectorized MCTS] Step 1340: 64 games active. Completed: 548/1000. Step time: 4793.3ms.
   [Vectorized MCTS] Step 1345: 64 games active. Completed: 548/1000. Step time: 4663.5ms.
   [Vectorized MCTS] Step 1350: 64 games active. Completed: 548/1000. Step time: 4830.1ms.
   [Vectorized MCTS] Step 1355: 64 games active. Completed: 548/1000. Step time: 4704.9ms.
   [Vectorized MCTS] Step 1360: 64 games active. Completed: 548/1000. Step time: 4789.5ms.
   [Vectorized MCTS] Step 1365: 64 games active. Completed: 548/1000. Step time: 4702.2ms.
   [Vectorized MCTS] Step 1370: 64 games active. Completed: 548/1000. Step time: 4739.4ms.
   [Vectorized MCTS] Step 1375: 64 games active. Completed: 549/1000. Step time: 4708.1ms.
   [Vectorized MCTS] Step 1380: 64 games active. Completed: 549/1000. Step time: 4851.6ms.
   [Vectorized MCTS] Step 1385: 64 games active. Completed: 549/1000. Step time: 4657.1ms.
   [Vectorized MCTS] Step 1390: 64 games active. Completed: 550/1000. Step time: 4746.0ms.
   [Vectorized MCTS] Step 1395: 64 games active. Completed: 550/1000. Step time: 4661.4ms.
   [Vectorized MCTS] Step 1400: 64 games active. Completed: 550/1000. Step time: 4723.8ms.
   [Vectorized MCTS] Step 1405: 64 games active. Completed: 550/1000. Step time: 4652.2ms.
   [Vectorized MCTS] Step 1410: 64 games active. Completed: 552/1000. Step time: 4694.4ms.
   [Vectorized MCTS] Step 1415: 64 games active. Completed: 552/1000. Step time: 4627.4ms.
   [Vectorized MCTS] Step 1420: 64 games active. Completed: 555/1000. Step time: 4784.8ms.
   [Vectorized MCTS] Step 1425: 64 games active. Completed: 555/1000. Step time: 4638.7ms.
   [Vectorized MCTS] Step 1430: 64 games active. Completed: 556/1000. Step time: 4680.9ms.
   [Vectorized MCTS] Step 1435: 64 games active. Completed: 557/1000. Step time: 4624.1ms.
   [Vectorized MCTS] Step 1440: 64 games active. Completed: 559/1000. Step time: 4730.0ms.
   [Vectorized MCTS] Step 1445: 64 games active. Completed: 561/1000. Step time: 4535.3ms.
   [Vectorized MCTS] Step 1450: 64 games active. Completed: 570/1000. Step time: 4530.0ms.
   [Vectorized MCTS] Step 1455: 64 games active. Completed: 580/1000. Step time: 4574.3ms.
   [Vectorized MCTS] Step 1460: 64 games active. Completed: 586/1000. Step time: 4557.0ms.
   [Vectorized MCTS] Step 1465: 64 games active. Completed: 596/1000. Step time: 4580.9ms.
   [Vectorized MCTS] Step 1470: 64 games active. Completed: 602/1000. Step time: 4781.0ms.
   [Vectorized MCTS] Step 1475: 64 games active. Completed: 603/1000. Step time: 4672.3ms.
   [Vectorized MCTS] Step 1480: 64 games active. Completed: 606/1000. Step time: 4753.6ms.
   [Vectorized MCTS] Step 1485: 64 games active. Completed: 607/1000. Step time: 4702.7ms.
   [Vectorized MCTS] Step 1490: 64 games active. Completed: 610/1000. Step time: 4810.0ms.
   [Vectorized MCTS] Step 1495: 64 games active. Completed: 610/1000. Step time: 4767.4ms.
   [Vectorized MCTS] Step 1500: 64 games active. Completed: 611/1000. Step time: 4782.3ms.
   [Vectorized MCTS] Step 1505: 64 games active. Completed: 612/1000. Step time: 4754.5ms.
   [Vectorized MCTS] Step 1510: 64 games active. Completed: 612/1000. Step time: 4847.0ms.
   [Vectorized MCTS] Step 1515: 64 games active. Completed: 612/1000. Step time: 4747.7ms.
   [Vectorized MCTS] Step 1520: 64 games active. Completed: 613/1000. Step time: 4868.8ms.
   [Vectorized MCTS] Step 1525: 64 games active. Completed: 613/1000. Step time: 4768.0ms.
   [Vectorized MCTS] Step 1530: 64 games active. Completed: 613/1000. Step time: 4760.9ms.
   [Vectorized MCTS] Step 1535: 64 games active. Completed: 614/1000. Step time: 4770.3ms.
   [Vectorized MCTS] Step 1540: 64 games active. Completed: 614/1000. Step time: 4825.2ms.
   [Vectorized MCTS] Step 1545: 64 games active. Completed: 614/1000. Step time: 4747.9ms.
   [Vectorized MCTS] Step 1550: 64 games active. Completed: 615/1000. Step time: 4873.0ms.
   [Vectorized MCTS] Step 1555: 64 games active. Completed: 615/1000. Step time: 4742.3ms.
   [Vectorized MCTS] Step 1560: 64 games active. Completed: 615/1000. Step time: 4803.5ms.
   [Vectorized MCTS] Step 1565: 64 games active. Completed: 615/1000. Step time: 4716.6ms.
   [Vectorized MCTS] Step 1570: 64 games active. Completed: 617/1000. Step time: 4741.2ms.
   [Vectorized MCTS] Step 1575: 64 games active. Completed: 617/1000. Step time: 4757.6ms.
   [Vectorized MCTS] Step 1580: 64 games active. Completed: 618/1000. Step time: 4814.4ms.
   [Vectorized MCTS] Step 1585: 64 games active. Completed: 620/1000. Step time: 4697.9ms.
   [Vectorized MCTS] Step 1590: 64 games active. Completed: 621/1000. Step time: 4834.8ms.
   [Vectorized MCTS] Step 1595: 64 games active. Completed: 622/1000. Step time: 4668.5ms.
   [Vectorized MCTS] Step 1600: 64 games active. Completed: 623/1000. Step time: 4739.2ms.
   [Vectorized MCTS] Step 1605: 64 games active. Completed: 625/1000. Step time: 4620.4ms.
   [Vectorized MCTS] Step 1610: 64 games active. Completed: 630/1000. Step time: 4591.6ms.
   [Vectorized MCTS] Step 1615: 64 games active. Completed: 640/1000. Step time: 4573.5ms.
   [Vectorized MCTS] Step 1620: 64 games active. Completed: 650/1000. Step time: 4108.8ms.
   [Vectorized MCTS] Step 1625: 64 games active. Completed: 659/1000. Step time: 4586.1ms.
   [Vectorized MCTS] Step 1630: 64 games active. Completed: 667/1000. Step time: 4814.1ms.
   [Vectorized MCTS] Step 1635: 64 games active. Completed: 667/1000. Step time: 4705.6ms.
   [Vectorized MCTS] Step 1640: 64 games active. Completed: 671/1000. Step time: 4872.8ms.
   [Vectorized MCTS] Step 1645: 64 games active. Completed: 673/1000. Step time: 4778.8ms.
   [Vectorized MCTS] Step 1650: 64 games active. Completed: 673/1000. Step time: 4882.5ms.
   [Vectorized MCTS] Step 1655: 64 games active. Completed: 676/1000. Step time: 4780.8ms.
   [Vectorized MCTS] Step 1660: 64 games active. Completed: 677/1000. Step time: 4902.3ms.
   [Vectorized MCTS] Step 1665: 64 games active. Completed: 678/1000. Step time: 4822.1ms.
   [Vectorized MCTS] Step 1670: 64 games active. Completed: 678/1000. Step time: 4938.7ms.
   [Vectorized MCTS] Step 1675: 64 games active. Completed: 678/1000. Step time: 4812.8ms.
   [Vectorized MCTS] Step 1680: 64 games active. Completed: 678/1000. Step time: 4927.4ms.
   [Vectorized MCTS] Step 1685: 64 games active. Completed: 679/1000. Step time: 4824.4ms.
   [Vectorized MCTS] Step 1690: 64 games active. Completed: 679/1000. Step time: 4850.6ms.
   [Vectorized MCTS] Step 1695: 64 games active. Completed: 679/1000. Step time: 4769.5ms.
   [Vectorized MCTS] Step 1700: 64 games active. Completed: 680/1000. Step time: 4921.6ms.
   [Vectorized MCTS] Step 1705: 64 games active. Completed: 680/1000. Step time: 4863.9ms.
   [Vectorized MCTS] Step 1710: 64 games active. Completed: 681/1000. Step time: 4867.8ms.
   [Vectorized MCTS] Step 1715: 64 games active. Completed: 681/1000. Step time: 4851.4ms.
   [Vectorized MCTS] Step 1720: 64 games active. Completed: 681/1000. Step time: 4809.4ms.
   [Vectorized MCTS] Step 1725: 64 games active. Completed: 681/1000. Step time: 4791.9ms.
   [Vectorized MCTS] Step 1730: 64 games active. Completed: 683/1000. Step time: 4775.5ms.
   [Vectorized MCTS] Step 1735: 64 games active. Completed: 683/1000. Step time: 4797.0ms.
   [Vectorized MCTS] Step 1740: 64 games active. Completed: 683/1000. Step time: 4822.0ms.
   [Vectorized MCTS] Step 1745: 64 games active. Completed: 688/1000. Step time: 4806.3ms.
   [Vectorized MCTS] Step 1750: 64 games active. Completed: 689/1000. Step time: 4726.5ms.
   [Vectorized MCTS] Step 1755: 64 games active. Completed: 691/1000. Step time: 4835.2ms.
   [Vectorized MCTS] Step 1760: 64 games active. Completed: 692/1000. Step time: 4713.6ms.
   [Vectorized MCTS] Step 1765: 64 games active. Completed: 692/1000. Step time: 4787.9ms.
   [Vectorized MCTS] Step 1770: 64 games active. Completed: 695/1000. Step time: 4637.5ms.
   [Vectorized MCTS] Step 1775: 64 games active. Completed: 704/1000. Step time: 4712.2ms.
   [Vectorized MCTS] Step 1780: 64 games active. Completed: 714/1000. Step time: 4524.0ms.
   [Vectorized MCTS] Step 1785: 64 games active. Completed: 722/1000. Step time: 4611.8ms.
   [Vectorized MCTS] Step 1790: 64 games active. Completed: 730/1000. Step time: 4606.3ms.
   [Vectorized MCTS] Step 1795: 64 games active. Completed: 733/1000. Step time: 4679.3ms.
   [Vectorized MCTS] Step 1800: 64 games active. Completed: 736/1000. Step time: 4677.9ms.
   [Vectorized MCTS] Step 1805: 64 games active. Completed: 739/1000. Step time: 4702.7ms.
   [Vectorized MCTS] Step 1810: 64 games active. Completed: 740/1000. Step time: 4707.2ms.
   [Vectorized MCTS] Step 1815: 64 games active. Completed: 743/1000. Step time: 4727.4ms.
   [Vectorized MCTS] Step 1820: 64 games active. Completed: 744/1000. Step time: 4746.4ms.
   [Vectorized MCTS] Step 1825: 64 games active. Completed: 745/1000. Step time: 4736.2ms.
   [Vectorized MCTS] Step 1830: 64 games active. Completed: 745/1000. Step time: 4775.4ms.
   [Vectorized MCTS] Step 1835: 64 games active. Completed: 745/1000. Step time: 4725.4ms.
   [Vectorized MCTS] Step 1840: 64 games active. Completed: 745/1000. Step time: 4770.9ms.
   [Vectorized MCTS] Step 1845: 64 games active. Completed: 746/1000. Step time: 4750.3ms.
   [Vectorized MCTS] Step 1850: 64 games active. Completed: 746/1000. Step time: 4785.2ms.
   [Vectorized MCTS] Step 1855: 64 games active. Completed: 746/1000. Step time: 4707.2ms.
   [Vectorized MCTS] Step 1860: 64 games active. Completed: 747/1000. Step time: 4767.9ms.
   [Vectorized MCTS] Step 1865: 64 games active. Completed: 747/1000. Step time: 4694.7ms.
   [Vectorized MCTS] Step 1870: 64 games active. Completed: 748/1000. Step time: 4744.4ms.
   [Vectorized MCTS] Step 1875: 64 games active. Completed: 749/1000. Step time: 4700.7ms.
   [Vectorized MCTS] Step 1880: 64 games active. Completed: 749/1000. Step time: 4656.3ms.
   [Vectorized MCTS] Step 1885: 64 games active. Completed: 749/1000. Step time: 4715.4ms.
   [Vectorized MCTS] Step 1890: 64 games active. Completed: 750/1000. Step time: 4679.0ms.
   [Vectorized MCTS] Step 1895: 64 games active. Completed: 751/1000. Step time: 4625.0ms.
   [Vectorized MCTS] Step 1900: 64 games active. Completed: 752/1000. Step time: 4684.2ms.
   [Vectorized MCTS] Step 1905: 64 games active. Completed: 754/1000. Step time: 4675.5ms.
   [Vectorized MCTS] Step 1910: 64 games active. Completed: 756/1000. Step time: 4682.1ms.
   [Vectorized MCTS] Step 1915: 64 games active. Completed: 757/1000. Step time: 4662.2ms.
   [Vectorized MCTS] Step 1920: 64 games active. Completed: 759/1000. Step time: 4637.6ms.
   [Vectorized MCTS] Step 1925: 64 games active. Completed: 759/1000. Step time: 4613.2ms.
   [Vectorized MCTS] Step 1930: 64 games active. Completed: 762/1000. Step time: 4615.7ms.
   [Vectorized MCTS] Step 1935: 64 games active. Completed: 767/1000. Step time: 4558.8ms.
   [Vectorized MCTS] Step 1940: 64 games active. Completed: 781/1000. Step time: 4605.8ms.
   [Vectorized MCTS] Step 1945: 64 games active. Completed: 786/1000. Step time: 4613.8ms.
   [Vectorized MCTS] Step 1950: 64 games active. Completed: 793/1000. Step time: 4636.5ms.
   [Vectorized MCTS] Step 1955: 64 games active. Completed: 799/1000. Step time: 4580.4ms.
   [Vectorized MCTS] Step 1960: 64 games active. Completed: 800/1000. Step time: 4745.2ms.
   [Vectorized MCTS] Step 1965: 64 games active. Completed: 806/1000. Step time: 4710.3ms.
   [Vectorized MCTS] Step 1970: 64 games active. Completed: 808/1000. Step time: 4740.6ms.
   [Vectorized MCTS] Step 1975: 64 games active. Completed: 810/1000. Step time: 4671.7ms.
   [Vectorized MCTS] Step 1980: 64 games active. Completed: 811/1000. Step time: 4778.4ms.
   [Vectorized MCTS] Step 1985: 64 games active. Completed: 811/1000. Step time: 4701.9ms.
   [Vectorized MCTS] Step 1990: 64 games active. Completed: 812/1000. Step time: 4745.9ms.
   [Vectorized MCTS] Step 1995: 64 games active. Completed: 812/1000. Step time: 4705.1ms.
   [Vectorized MCTS] Step 2000: 64 games active. Completed: 812/1000. Step time: 4820.7ms.
   [Vectorized MCTS] Step 2005: 64 games active. Completed: 813/1000. Step time: 4725.6ms.
   [Vectorized MCTS] Step 2010: 64 games active. Completed: 813/1000. Step time: 4793.5ms.
   [Vectorized MCTS] Step 2015: 64 games active. Completed: 813/1000. Step time: 4678.0ms.
   [Vectorized MCTS] Step 2020: 64 games active. Completed: 813/1000. Step time: 4790.8ms.
   [Vectorized MCTS] Step 2025: 64 games active. Completed: 814/1000. Step time: 4738.5ms.
   [Vectorized MCTS] Step 2030: 64 games active. Completed: 815/1000. Step time: 4757.1ms.
   [Vectorized MCTS] Step 2035: 64 games active. Completed: 818/1000. Step time: 4736.5ms.
   [Vectorized MCTS] Step 2040: 64 games active. Completed: 818/1000. Step time: 4674.9ms.
   [Vectorized MCTS] Step 2045: 64 games active. Completed: 819/1000. Step time: 4599.6ms.
   [Vectorized MCTS] Step 2050: 64 games active. Completed: 820/1000. Step time: 4749.6ms.
   [Vectorized MCTS] Step 2055: 64 games active. Completed: 821/1000. Step time: 4618.3ms.
   [Vectorized MCTS] Step 2060: 64 games active. Completed: 821/1000. Step time: 4747.0ms.
   [Vectorized MCTS] Step 2065: 64 games active. Completed: 822/1000. Step time: 4669.7ms.
   [Vectorized MCTS] Step 2070: 64 games active. Completed: 825/1000. Step time: 4727.3ms.
   [Vectorized MCTS] Step 2075: 64 games active. Completed: 826/1000. Step time: 4673.7ms.
   [Vectorized MCTS] Step 2080: 64 games active. Completed: 827/1000. Step time: 4694.7ms.
   [Vectorized MCTS] Step 2085: 64 games active. Completed: 828/1000. Step time: 4618.7ms.
   [Vectorized MCTS] Step 2090: 64 games active. Completed: 829/1000. Step time: 4667.7ms.
   [Vectorized MCTS] Step 2095: 64 games active. Completed: 832/1000. Step time: 4550.1ms.
   [Vectorized MCTS] Step 2100: 64 games active. Completed: 845/1000. Step time: 4553.9ms.
   [Vectorized MCTS] Step 2105: 64 games active. Completed: 851/1000. Step time: 4557.8ms.
   [Vectorized MCTS] Step 2110: 64 games active. Completed: 857/1000. Step time: 4660.4ms.
   [Vectorized MCTS] Step 2115: 64 games active. Completed: 866/1000. Step time: 4596.3ms.
   [Vectorized MCTS] Step 2120: 64 games active. Completed: 868/1000. Step time: 4730.9ms.
   [Vectorized MCTS] Step 2125: 64 games active. Completed: 874/1000. Step time: 4647.0ms.
   [Vectorized MCTS] Step 2130: 64 games active. Completed: 876/1000. Step time: 4858.8ms.
   [Vectorized MCTS] Step 2135: 64 games active. Completed: 877/1000. Step time: 4659.1ms.
   [Vectorized MCTS] Step 2140: 64 games active. Completed: 878/1000. Step time: 4874.5ms.
   [Vectorized MCTS] Step 2145: 64 games active. Completed: 879/1000. Step time: 4693.5ms.
   [Vectorized MCTS] Step 2150: 64 games active. Completed: 880/1000. Step time: 4898.6ms.
   [Vectorized MCTS] Step 2155: 64 games active. Completed: 880/1000. Step time: 4645.5ms.
   [Vectorized MCTS] Step 2160: 64 games active. Completed: 880/1000. Step time: 4906.2ms.
   [Vectorized MCTS] Step 2165: 64 games active. Completed: 880/1000. Step time: 4657.1ms.
   [Vectorized MCTS] Step 2170: 64 games active. Completed: 881/1000. Step time: 4901.8ms.
   [Vectorized MCTS] Step 2175: 64 games active. Completed: 881/1000. Step time: 4684.8ms.
   [Vectorized MCTS] Step 2180: 64 games active. Completed: 881/1000. Step time: 4788.7ms.
   [Vectorized MCTS] Step 2185: 64 games active. Completed: 881/1000. Step time: 4687.7ms.
   [Vectorized MCTS] Step 2190: 64 games active. Completed: 882/1000. Step time: 4848.7ms.
   [Vectorized MCTS] Step 2195: 64 games active. Completed: 883/1000. Step time: 4662.8ms.
   [Vectorized MCTS] Step 2200: 64 games active. Completed: 885/1000. Step time: 4916.4ms.
   [Vectorized MCTS] Step 2205: 64 games active. Completed: 886/1000. Step time: 4597.3ms.
   [Vectorized MCTS] Step 2210: 64 games active. Completed: 888/1000. Step time: 4855.7ms.
   [Vectorized MCTS] Step 2215: 64 games active. Completed: 888/1000. Step time: 4640.0ms.
   [Vectorized MCTS] Step 2220: 64 games active. Completed: 889/1000. Step time: 4806.4ms.
   [Vectorized MCTS] Step 2225: 64 games active. Completed: 890/1000. Step time: 4583.0ms.
   [Vectorized MCTS] Step 2230: 64 games active. Completed: 893/1000. Step time: 4809.5ms.
   [Vectorized MCTS] Step 2235: 64 games active. Completed: 896/1000. Step time: 4598.4ms.
   [Vectorized MCTS] Step 2240: 64 games active. Completed: 898/1000. Step time: 4784.9ms.
   [Vectorized MCTS] Step 2245: 64 games active. Completed: 899/1000. Step time: 4570.6ms.
   [Vectorized MCTS] Step 2250: 64 games active. Completed: 900/1000. Step time: 4726.3ms.
   [Vectorized MCTS] Step 2255: 64 games active. Completed: 904/1000. Step time: 4554.0ms.
   [Vectorized MCTS] Step 2260: 64 games active. Completed: 913/1000. Step time: 4616.2ms.
   [Vectorized MCTS] Step 2265: 64 games active. Completed: 918/1000. Step time: 4565.4ms.
   [Vectorized MCTS] Step 2270: 64 games active. Completed: 923/1000. Step time: 4644.3ms.
   [Vectorized MCTS] Step 2275: 64 games active. Completed: 931/1000. Step time: 4625.2ms.
   [Vectorized MCTS] Step 2280: 64 games active. Completed: 933/1000. Step time: 4653.1ms.
   [Vectorized MCTS] Step 2285: 61 games active. Completed: 939/1000. Step time: 4557.5ms.
   [Vectorized MCTS] Step 2290: 58 games active. Completed: 942/1000. Step time: 4417.8ms.
   [Vectorized MCTS] Step 2295: 56 games active. Completed: 944/1000. Step time: 3737.6ms.
   [Vectorized MCTS] Step 2300: 54 games active. Completed: 946/1000. Step time: 4160.7ms.
   [Vectorized MCTS] Step 2305: 53 games active. Completed: 947/1000. Step time: 3598.2ms.
   [Vectorized MCTS] Step 2310: 53 games active. Completed: 947/1000. Step time: 3666.3ms.
   [Vectorized MCTS] Step 2315: 52 games active. Completed: 948/1000. Step time: 3491.4ms.
   [Vectorized MCTS] Step 2320: 52 games active. Completed: 948/1000. Step time: 3625.9ms.
   [Vectorized MCTS] Step 2325: 52 games active. Completed: 948/1000. Step time: 3489.9ms.
   [Vectorized MCTS] Step 2330: 51 games active. Completed: 949/1000. Step time: 3523.9ms.
   [Vectorized MCTS] Step 2335: 51 games active. Completed: 949/1000. Step time: 3423.1ms.
   [Vectorized MCTS] Step 2340: 50 games active. Completed: 950/1000. Step time: 3488.0ms.
   [Vectorized MCTS] Step 2345: 50 games active. Completed: 950/1000. Step time: 3431.9ms.
   [Vectorized MCTS] Step 2350: 50 games active. Completed: 950/1000. Step time: 3446.2ms.
   [Vectorized MCTS] Step 2355: 48 games active. Completed: 952/1000. Step time: 3261.3ms.
   [Vectorized MCTS] Step 2360: 47 games active. Completed: 953/1000. Step time: 3281.9ms.
   [Vectorized MCTS] Step 2365: 47 games active. Completed: 953/1000. Step time: 3237.0ms.
   [Vectorized MCTS] Step 2370: 47 games active. Completed: 953/1000. Step time: 3271.9ms.
   [Vectorized MCTS] Step 2375: 45 games active. Completed: 955/1000. Step time: 3100.6ms.
   [Vectorized MCTS] Step 2380: 44 games active. Completed: 956/1000. Step time: 3082.1ms.
   [Vectorized MCTS] Step 2385: 43 games active. Completed: 957/1000. Step time: 3014.7ms.
   [Vectorized MCTS] Step 2390: 40 games active. Completed: 960/1000. Step time: 2920.3ms.
   [Vectorized MCTS] Step 2395: 38 games active. Completed: 962/1000. Step time: 2750.6ms.
   [Vectorized MCTS] Step 2400: 33 games active. Completed: 967/1000. Step time: 2586.5ms.
   [Vectorized MCTS] Step 2405: 33 games active. Completed: 967/1000. Step time: 2445.4ms.
   [Vectorized MCTS] Step 2410: 33 games active. Completed: 967/1000. Step time: 2460.0ms.
   [Vectorized MCTS] Step 2415: 30 games active. Completed: 970/1000. Step time: 2376.2ms.
   [Vectorized MCTS] Step 2420: 23 games active. Completed: 977/1000. Step time: 2055.0ms.
   [Vectorized MCTS] Step 2425: 16 games active. Completed: 984/1000. Step time: 1675.3ms.
   [Vectorized MCTS] Step 2430: 12 games active. Completed: 988/1000. Step time: 1607.2ms.
   [Vectorized MCTS] Step 2435: 06 games active. Completed: 994/1000. Step time: 1373.5ms.
   [Vectorized MCTS] Step 2440: 01 games active. Completed: 999/1000. Step time: 558.8ms.
   [Vectorized MCTS] Step 2444: 00 games active. Completed: 1000/1000. Step time: 566.9ms.

Collection completed in 11351.5 seconds (11.352s/game average).
