Starting self-play collection using /Users/nilbot/playground/autogo-mlx/experiments/001_train_from_scratch/checkpoints/iter13.safetensors
--> Progressive sims enabled. Iteration 13 -> 64 simulations.
--> League play enabled: Selected historical opponent iter4.safetensors (3-channel model)
Config: num-games=1000, simulations=64, workers=8
--> Starting pool-swapping selfplay for all 1000 games with max_active_games=64...
   [Vectorized MCTS] Step 001: 64 games active. Completed: 0/1000. Step time: 5786.8ms.
   [Vectorized MCTS] Step 005: 64 games active. Completed: 0/1000. Step time: 5826.8ms.
   [Vectorized MCTS] Step 010: 64 games active. Completed: 18/1000. Step time: 5060.7ms.
   [Vectorized MCTS] Step 015: 64 games active. Completed: 39/1000. Step time: 5307.5ms.
   [Vectorized MCTS] Step 020: 64 games active. Completed: 42/1000. Step time: 4413.9ms.
   [Vectorized MCTS] Step 025: 64 games active. Completed: 60/1000. Step time: 4943.9ms.
   [Vectorized MCTS] Step 030: 64 games active. Completed: 62/1000. Step time: 4413.1ms.
   [Vectorized MCTS] Step 035: 64 games active. Completed: 71/1000. Step time: 4375.4ms.
   [Vectorized MCTS] Step 040: 64 games active. Completed: 72/1000. Step time: 4336.0ms.
   [Vectorized MCTS] Step 045: 64 games active. Completed: 77/1000. Step time: 4439.0ms.
   [Vectorized MCTS] Step 050: 64 games active. Completed: 78/1000. Step time: 4306.6ms.
   [Vectorized MCTS] Step 055: 64 games active. Completed: 80/1000. Step time: 4346.7ms.
   [Vectorized MCTS] Step 060: 64 games active. Completed: 80/1000. Step time: 4288.0ms.
   [Vectorized MCTS] Step 065: 64 games active. Completed: 81/1000. Step time: 4290.5ms.
   [Vectorized MCTS] Step 070: 64 games active. Completed: 81/1000. Step time: 4279.5ms.
   [Vectorized MCTS] Step 075: 64 games active. Completed: 83/1000. Step time: 4260.4ms.
   [Vectorized MCTS] Step 080: 64 games active. Completed: 83/1000. Step time: 4240.2ms.
   [Vectorized MCTS] Step 085: 64 games active. Completed: 84/1000. Step time: 4236.9ms.
   [Vectorized MCTS] Step 090: 64 games active. Completed: 85/1000. Step time: 4224.7ms.
   [Vectorized MCTS] Step 095: 64 games active. Completed: 85/1000. Step time: 4213.7ms.
   [Vectorized MCTS] Step 100: 64 games active. Completed: 86/1000. Step time: 4192.4ms.
   [Vectorized MCTS] Step 105: 64 games active. Completed: 87/1000. Step time: 4211.2ms.
   [Vectorized MCTS] Step 110: 64 games active. Completed: 88/1000. Step time: 4262.4ms.
   [Vectorized MCTS] Step 115: 64 games active. Completed: 90/1000. Step time: 4760.0ms.
   [Vectorized MCTS] Step 120: 64 games active. Completed: 92/1000. Step time: 4201.1ms.
   [Vectorized MCTS] Step 125: 64 games active. Completed: 94/1000. Step time: 4739.5ms.
   [Vectorized MCTS] Step 130: 64 games active. Completed: 99/1000. Step time: 4159.9ms.
   [Vectorized MCTS] Step 135: 64 games active. Completed: 101/1000. Step time: 4641.8ms.
   [Vectorized MCTS] Step 140: 64 games active. Completed: 106/1000. Step time: 4056.3ms.
   [Vectorized MCTS] Step 145: 64 games active. Completed: 109/1000. Step time: 4083.7ms.
   [Vectorized MCTS] Step 150: 64 games active. Completed: 116/1000. Step time: 4016.7ms.
   [Vectorized MCTS] Step 155: 64 games active. Completed: 125/1000. Step time: 4053.8ms.
   [Vectorized MCTS] Step 160: 64 games active. Completed: 132/1000. Step time: 4541.4ms.
   [Vectorized MCTS] Step 165: 64 games active. Completed: 149/1000. Step time: 4170.8ms.
   [Vectorized MCTS] Step 170: 64 games active. Completed: 158/1000. Step time: 4802.3ms.
   [Vectorized MCTS] Step 175: 64 games active. Completed: 170/1000. Step time: 4201.5ms.
   [Vectorized MCTS] Step 180: 64 games active. Completed: 181/1000. Step time: 4747.4ms.
   [Vectorized MCTS] Step 185: 64 games active. Completed: 188/1000. Step time: 4770.6ms.
   [Vectorized MCTS] Step 190: 64 games active. Completed: 199/1000. Step time: 4235.3ms.
   [Vectorized MCTS] Step 195: 64 games active. Completed: 203/1000. Step time: 4326.9ms.
   [Vectorized MCTS] Step 200: 64 games active. Completed: 213/1000. Step time: 4247.5ms.
   [Vectorized MCTS] Step 205: 64 games active. Completed: 220/1000. Step time: 4190.2ms.
   [Vectorized MCTS] Step 210: 64 games active. Completed: 226/1000. Step time: 4123.9ms.
   [Vectorized MCTS] Step 215: 64 games active. Completed: 230/1000. Step time: 4150.6ms.
   [Vectorized MCTS] Step 220: 64 games active. Completed: 233/1000. Step time: 4195.8ms.
   [Vectorized MCTS] Step 225: 64 games active. Completed: 235/1000. Step time: 4163.2ms.
   [Vectorized MCTS] Step 230: 64 games active. Completed: 236/1000. Step time: 4166.5ms.
   [Vectorized MCTS] Step 235: 64 games active. Completed: 239/1000. Step time: 4198.8ms.
   [Vectorized MCTS] Step 240: 64 games active. Completed: 242/1000. Step time: 4177.6ms.
   [Vectorized MCTS] Step 245: 64 games active. Completed: 245/1000. Step time: 4182.5ms.
   [Vectorized MCTS] Step 250: 64 games active. Completed: 249/1000. Step time: 4081.2ms.
   [Vectorized MCTS] Step 255: 64 games active. Completed: 253/1000. Step time: 4157.0ms.
   [Vectorized MCTS] Step 260: 64 games active. Completed: 254/1000. Step time: 4085.4ms.
   [Vectorized MCTS] Step 265: 64 games active. Completed: 259/1000. Step time: 4125.0ms.
   [Vectorized MCTS] Step 270: 64 games active. Completed: 261/1000. Step time: 4099.3ms.
   [Vectorized MCTS] Step 275: 64 games active. Completed: 264/1000. Step time: 4124.9ms.
   [Vectorized MCTS] Step 280: 64 games active. Completed: 268/1000. Step time: 4177.5ms.
   [Vectorized MCTS] Step 285: 64 games active. Completed: 270/1000. Step time: 4076.0ms.
   [Vectorized MCTS] Step 290: 64 games active. Completed: 277/1000. Step time: 4125.5ms.
   [Vectorized MCTS] Step 295: 64 games active. Completed: 278/1000. Step time: 4095.2ms.
   [Vectorized MCTS] Step 300: 64 games active. Completed: 284/1000. Step time: 4087.6ms.
   [Vectorized MCTS] Step 305: 64 games active. Completed: 288/1000. Step time: 4572.5ms.
   [Vectorized MCTS] Step 310: 64 games active. Completed: 296/1000. Step time: 4667.3ms.
   [Vectorized MCTS] Step 315: 64 games active. Completed: 300/1000. Step time: 4045.1ms.
   [Vectorized MCTS] Step 320: 64 games active. Completed: 309/1000. Step time: 4570.7ms.
   [Vectorized MCTS] Step 325: 64 games active. Completed: 315/1000. Step time: 4064.6ms.
   [Vectorized MCTS] Step 330: 64 games active. Completed: 326/1000. Step time: 4553.6ms.
   [Vectorized MCTS] Step 335: 64 games active. Completed: 335/1000. Step time: 3997.8ms.
   [Vectorized MCTS] Step 340: 64 games active. Completed: 345/1000. Step time: 4627.9ms.
   [Vectorized MCTS] Step 345: 64 games active. Completed: 351/1000. Step time: 4025.6ms.
   [Vectorized MCTS] Step 350: 64 games active. Completed: 357/1000. Step time: 4633.7ms.
   [Vectorized MCTS] Step 355: 64 games active. Completed: 366/1000. Step time: 4067.1ms.
   [Vectorized MCTS] Step 360: 64 games active. Completed: 369/1000. Step time: 4176.6ms.
   [Vectorized MCTS] Step 365: 64 games active. Completed: 377/1000. Step time: 4092.8ms.
   [Vectorized MCTS] Step 370: 64 games active. Completed: 379/1000. Step time: 4171.3ms.
   [Vectorized MCTS] Step 375: 64 games active. Completed: 387/1000. Step time: 4043.8ms.
   [Vectorized MCTS] Step 380: 64 games active. Completed: 389/1000. Step time: 4124.6ms.
   [Vectorized MCTS] Step 385: 64 games active. Completed: 396/1000. Step time: 4126.0ms.
   [Vectorized MCTS] Step 390: 64 games active. Completed: 400/1000. Step time: 4160.9ms.
   [Vectorized MCTS] Step 395: 64 games active. Completed: 408/1000. Step time: 4170.1ms.
   [Vectorized MCTS] Step 400: 64 games active. Completed: 410/1000. Step time: 4643.4ms.
   [Vectorized MCTS] Step 405: 64 games active. Completed: 414/1000. Step time: 4047.7ms.
   [Vectorized MCTS] Step 410: 64 games active. Completed: 419/1000. Step time: 4072.0ms.
   [Vectorized MCTS] Step 415: 64 games active. Completed: 423/1000. Step time: 4024.6ms.
   [Vectorized MCTS] Step 420: 64 games active. Completed: 425/1000. Step time: 4109.4ms.
   [Vectorized MCTS] Step 425: 64 games active. Completed: 426/1000. Step time: 4045.2ms.
   [Vectorized MCTS] Step 430: 64 games active. Completed: 431/1000. Step time: 4575.0ms.
   [Vectorized MCTS] Step 435: 64 games active. Completed: 435/1000. Step time: 4128.7ms.
   [Vectorized MCTS] Step 440: 64 games active. Completed: 442/1000. Step time: 4497.0ms.
   [Vectorized MCTS] Step 445: 64 games active. Completed: 445/1000. Step time: 4156.5ms.
   [Vectorized MCTS] Step 450: 64 games active. Completed: 454/1000. Step time: 4046.1ms.
   [Vectorized MCTS] Step 455: 64 games active. Completed: 457/1000. Step time: 4683.5ms.
   [Vectorized MCTS] Step 460: 64 games active. Completed: 466/1000. Step time: 4020.2ms.
   [Vectorized MCTS] Step 465: 64 games active. Completed: 471/1000. Step time: 4672.9ms.
   [Vectorized MCTS] Step 470: 64 games active. Completed: 475/1000. Step time: 4002.4ms.
   [Vectorized MCTS] Step 475: 64 games active. Completed: 484/1000. Step time: 4601.2ms.
   [Vectorized MCTS] Step 480: 64 games active. Completed: 491/1000. Step time: 3946.2ms.
   [Vectorized MCTS] Step 485: 64 games active. Completed: 501/1000. Step time: 4087.6ms.
   [Vectorized MCTS] Step 490: 64 games active. Completed: 508/1000. Step time: 4026.8ms.
   [Vectorized MCTS] Step 495: 64 games active. Completed: 517/1000. Step time: 4125.0ms.
   [Vectorized MCTS] Step 500: 64 games active. Completed: 523/1000. Step time: 4041.4ms.
   [Vectorized MCTS] Step 505: 64 games active. Completed: 532/1000. Step time: 4634.2ms.
   [Vectorized MCTS] Step 510: 64 games active. Completed: 539/1000. Step time: 4184.1ms.
   [Vectorized MCTS] Step 515: 64 games active. Completed: 548/1000. Step time: 4728.6ms.
   [Vectorized MCTS] Step 520: 64 games active. Completed: 552/1000. Step time: 4161.0ms.
   [Vectorized MCTS] Step 525: 64 games active. Completed: 557/1000. Step time: 4176.6ms.
   [Vectorized MCTS] Step 530: 64 games active. Completed: 559/1000. Step time: 4145.9ms.
   [Vectorized MCTS] Step 535: 64 games active. Completed: 564/1000. Step time: 4159.0ms.
   [Vectorized MCTS] Step 540: 64 games active. Completed: 565/1000. Step time: 4119.7ms.
   [Vectorized MCTS] Step 545: 64 games active. Completed: 569/1000. Step time: 4116.4ms.
   [Vectorized MCTS] Step 550: 64 games active. Completed: 573/1000. Step time: 4111.1ms.
   [Vectorized MCTS] Step 555: 64 games active. Completed: 581/1000. Step time: 4149.1ms.
   [Vectorized MCTS] Step 560: 64 games active. Completed: 583/1000. Step time: 4568.3ms.
   [Vectorized MCTS] Step 565: 64 games active. Completed: 589/1000. Step time: 4024.4ms.
   [Vectorized MCTS] Step 570: 64 games active. Completed: 593/1000. Step time: 4592.1ms.
   [Vectorized MCTS] Step 575: 64 games active. Completed: 598/1000. Step time: 4074.2ms.
   [Vectorized MCTS] Step 580: 64 games active. Completed: 602/1000. Step time: 4668.6ms.
   [Vectorized MCTS] Step 585: 64 games active. Completed: 608/1000. Step time: 4164.6ms.
   [Vectorized MCTS] Step 590: 64 games active. Completed: 614/1000. Step time: 4634.2ms.
   [Vectorized MCTS] Step 595: 64 games active. Completed: 619/1000. Step time: 4069.7ms.
   [Vectorized MCTS] Step 600: 64 games active. Completed: 624/1000. Step time: 4467.4ms.
   [Vectorized MCTS] Step 605: 64 games active. Completed: 629/1000. Step time: 4033.5ms.
   [Vectorized MCTS] Step 610: 64 games active. Completed: 633/1000. Step time: 4611.0ms.
   [Vectorized MCTS] Step 615: 64 games active. Completed: 636/1000. Step time: 4106.3ms.
   [Vectorized MCTS] Step 620: 64 games active. Completed: 641/1000. Step time: 4675.1ms.
   [Vectorized MCTS] Step 625: 64 games active. Completed: 647/1000. Step time: 4552.5ms.
   [Vectorized MCTS] Step 630: 64 games active. Completed: 650/1000. Step time: 4642.8ms.
   [Vectorized MCTS] Step 635: 64 games active. Completed: 660/1000. Step time: 4524.9ms.
   [Vectorized MCTS] Step 640: 64 games active. Completed: 664/1000. Step time: 4627.8ms.
   [Vectorized MCTS] Step 645: 64 games active. Completed: 675/1000. Step time: 4493.8ms.
   [Vectorized MCTS] Step 650: 64 games active. Completed: 678/1000. Step time: 4625.2ms.
   [Vectorized MCTS] Step 655: 64 games active. Completed: 689/1000. Step time: 4061.3ms.
   [Vectorized MCTS] Step 660: 64 games active. Completed: 693/1000. Step time: 4570.6ms.
   [Vectorized MCTS] Step 665: 64 games active. Completed: 702/1000. Step time: 4686.0ms.
   [Vectorized MCTS] Step 670: 64 games active. Completed: 706/1000. Step time: 4183.4ms.
   [Vectorized MCTS] Step 675: 64 games active. Completed: 713/1000. Step time: 4731.6ms.
   [Vectorized MCTS] Step 680: 64 games active. Completed: 717/1000. Step time: 4047.6ms.
   [Vectorized MCTS] Step 685: 64 games active. Completed: 725/1000. Step time: 4956.6ms.
   [Vectorized MCTS] Step 690: 64 games active. Completed: 726/1000. Step time: 4067.3ms.
   [Vectorized MCTS] Step 695: 64 games active. Completed: 736/1000. Step time: 4817.2ms.
   [Vectorized MCTS] Step 700: 64 games active. Completed: 737/1000. Step time: 4013.7ms.
   [Vectorized MCTS] Step 705: 64 games active. Completed: 745/1000. Step time: 4625.5ms.
   [Vectorized MCTS] Step 710: 64 games active. Completed: 746/1000. Step time: 4007.1ms.
   [Vectorized MCTS] Step 715: 64 games active. Completed: 752/1000. Step time: 4578.3ms.
   [Vectorized MCTS] Step 720: 64 games active. Completed: 753/1000. Step time: 4012.1ms.
   [Vectorized MCTS] Step 725: 64 games active. Completed: 759/1000. Step time: 4854.8ms.
   [Vectorized MCTS] Step 730: 64 games active. Completed: 765/1000. Step time: 4034.6ms.
   [Vectorized MCTS] Step 735: 64 games active. Completed: 769/1000. Step time: 4750.9ms.
   [Vectorized MCTS] Step 740: 64 games active. Completed: 779/1000. Step time: 4083.1ms.
   [Vectorized MCTS] Step 745: 64 games active. Completed: 783/1000. Step time: 4814.8ms.
   [Vectorized MCTS] Step 750: 64 games active. Completed: 789/1000. Step time: 4042.2ms.
   [Vectorized MCTS] Step 755: 64 games active. Completed: 796/1000. Step time: 4683.4ms.
   [Vectorized MCTS] Step 760: 64 games active. Completed: 804/1000. Step time: 4100.5ms.
   [Vectorized MCTS] Step 765: 64 games active. Completed: 808/1000. Step time: 4756.9ms.
   [Vectorized MCTS] Step 770: 64 games active. Completed: 816/1000. Step time: 4035.0ms.
   [Vectorized MCTS] Step 775: 64 games active. Completed: 821/1000. Step time: 4797.5ms.
   [Vectorized MCTS] Step 780: 64 games active. Completed: 827/1000. Step time: 4036.5ms.
   [Vectorized MCTS] Step 785: 64 games active. Completed: 832/1000. Step time: 4802.5ms.
   [Vectorized MCTS] Step 790: 64 games active. Completed: 838/1000. Step time: 4131.2ms.
   [Vectorized MCTS] Step 795: 64 games active. Completed: 844/1000. Step time: 4771.2ms.
   [Vectorized MCTS] Step 800: 64 games active. Completed: 852/1000. Step time: 4141.3ms.
   [Vectorized MCTS] Step 805: 64 games active. Completed: 860/1000. Step time: 4811.1ms.
   [Vectorized MCTS] Step 810: 64 games active. Completed: 866/1000. Step time: 4099.2ms.
   [Vectorized MCTS] Step 815: 64 games active. Completed: 873/1000. Step time: 4809.6ms.
   [Vectorized MCTS] Step 820: 64 games active. Completed: 879/1000. Step time: 4138.0ms.
   [Vectorized MCTS] Step 825: 64 games active. Completed: 885/1000. Step time: 4849.3ms.
   [Vectorized MCTS] Step 830: 64 games active. Completed: 889/1000. Step time: 4131.9ms.
   [Vectorized MCTS] Step 835: 64 games active. Completed: 895/1000. Step time: 4823.1ms.
   [Vectorized MCTS] Step 840: 64 games active. Completed: 899/1000. Step time: 4607.7ms.
   [Vectorized MCTS] Step 845: 64 games active. Completed: 901/1000. Step time: 4771.5ms.
   [Vectorized MCTS] Step 850: 64 games active. Completed: 904/1000. Step time: 4575.7ms.
   [Vectorized MCTS] Step 855: 64 games active. Completed: 908/1000. Step time: 4825.3ms.
   [Vectorized MCTS] Step 860: 64 games active. Completed: 911/1000. Step time: 4581.2ms.
   [Vectorized MCTS] Step 865: 64 games active. Completed: 917/1000. Step time: 4758.6ms.
   [Vectorized MCTS] Step 870: 64 games active. Completed: 919/1000. Step time: 4608.9ms.
   [Vectorized MCTS] Step 875: 64 games active. Completed: 925/1000. Step time: 4721.5ms.
   [Vectorized MCTS] Step 880: 64 games active. Completed: 927/1000. Step time: 4622.8ms.
   [Vectorized MCTS] Step 885: 64 games active. Completed: 933/1000. Step time: 4748.7ms.
   [Vectorized MCTS] Step 890: 63 games active. Completed: 937/1000. Step time: 4562.5ms.
   [Vectorized MCTS] Step 895: 57 games active. Completed: 943/1000. Step time: 4370.2ms.
   [Vectorized MCTS] Step 900: 53 games active. Completed: 947/1000. Step time: 3484.9ms.
   [Vectorized MCTS] Step 905: 52 games active. Completed: 948/1000. Step time: 3515.1ms.
   [Vectorized MCTS] Step 910: 49 games active. Completed: 951/1000. Step time: 3275.3ms.
   [Vectorized MCTS] Step 915: 44 games active. Completed: 956/1000. Step time: 3051.8ms.
   [Vectorized MCTS] Step 920: 43 games active. Completed: 957/1000. Step time: 2955.6ms.
   [Vectorized MCTS] Step 925: 42 games active. Completed: 958/1000. Step time: 2931.7ms.
   [Vectorized MCTS] Step 930: 40 games active. Completed: 960/1000. Step time: 2789.1ms.
   [Vectorized MCTS] Step 935: 36 games active. Completed: 964/1000. Step time: 2606.5ms.
   [Vectorized MCTS] Step 940: 33 games active. Completed: 967/1000. Step time: 2394.5ms.
   [Vectorized MCTS] Step 945: 31 games active. Completed: 969/1000. Step time: 2350.3ms.
   [Vectorized MCTS] Step 950: 31 games active. Completed: 969/1000. Step time: 2338.9ms.
   [Vectorized MCTS] Step 955: 30 games active. Completed: 970/1000. Step time: 2261.8ms.
   [Vectorized MCTS] Step 960: 26 games active. Completed: 974/1000. Step time: 2111.4ms.
   [Vectorized MCTS] Step 965: 24 games active. Completed: 976/1000. Step time: 2039.7ms.
   [Vectorized MCTS] Step 970: 21 games active. Completed: 979/1000. Step time: 1817.1ms.
   [Vectorized MCTS] Step 975: 16 games active. Completed: 984/1000. Step time: 1677.9ms.
   [Vectorized MCTS] Step 980: 16 games active. Completed: 984/1000. Step time: 1617.1ms.
   [Vectorized MCTS] Step 985: 15 games active. Completed: 985/1000. Step time: 1620.9ms.
   [Vectorized MCTS] Step 990: 12 games active. Completed: 988/1000. Step time: 1559.9ms.
   [Vectorized MCTS] Step 995: 06 games active. Completed: 994/1000. Step time: 1404.9ms.
   [Vectorized MCTS] Step 1000: 04 games active. Completed: 996/1000. Step time: 1172.9ms.
   [Vectorized MCTS] Step 1005: 04 games active. Completed: 996/1000. Step time: 708.0ms.
   [Vectorized MCTS] Step 1010: 04 games active. Completed: 996/1000. Step time: 1174.8ms.
   [Vectorized MCTS] Step 1015: 03 games active. Completed: 997/1000. Step time: 635.7ms.
   [Vectorized MCTS] Step 1020: 03 games active. Completed: 997/1000. Step time: 1087.6ms.
   [Vectorized MCTS] Step 1025: 02 games active. Completed: 998/1000. Step time: 598.8ms.
   [Vectorized MCTS] Step 1030: 02 games active. Completed: 998/1000. Step time: 1000.9ms.
   [Vectorized MCTS] Step 1035: 02 games active. Completed: 998/1000. Step time: 575.7ms.
   [Vectorized MCTS] Step 1040: 02 games active. Completed: 998/1000. Step time: 996.6ms.
   [Vectorized MCTS] Step 1045: 00 games active. Completed: 1000/1000. Step time: 591.7ms.

Collection completed in 4192.3 seconds (4.192s/game average).
