Starting self-play collection using /Users/nilbot/playground/autogo-mlx/experiments/001_train_from_scratch/checkpoints/iter0.safetensors
--> Progressive sims enabled. Iteration 0 -> 16 simulations.
Config: num-games=1000, simulations=16, workers=8
--> Starting pool-swapping selfplay for all 1000 games with max_active_games=64...
   [Vectorized MCTS] Step 001: 64 games active. Completed: 0/1000. Step time: 1011.2ms.
   [Vectorized MCTS] Step 005: 64 games active. Completed: 0/1000. Step time: 990.9ms.
   [Vectorized MCTS] Step 010: 64 games active. Completed: 0/1000. Step time: 994.4ms.
   [Vectorized MCTS] Step 015: 64 games active. Completed: 0/1000. Step time: 1008.3ms.
   [Vectorized MCTS] Step 020: 64 games active. Completed: 0/1000. Step time: 1014.4ms.
   [Vectorized MCTS] Step 025: 64 games active. Completed: 0/1000. Step time: 1020.8ms.
   [Vectorized MCTS] Step 030: 64 games active. Completed: 0/1000. Step time: 1003.5ms.
   [Vectorized MCTS] Step 035: 64 games active. Completed: 0/1000. Step time: 1012.3ms.
   [Vectorized MCTS] Step 040: 64 games active. Completed: 0/1000. Step time: 1010.6ms.
   [Vectorized MCTS] Step 045: 64 games active. Completed: 0/1000. Step time: 1025.5ms.
   [Vectorized MCTS] Step 050: 64 games active. Completed: 0/1000. Step time: 1018.1ms.
   [Vectorized MCTS] Step 055: 64 games active. Completed: 0/1000. Step time: 1031.9ms.
   [Vectorized MCTS] Step 060: 64 games active. Completed: 0/1000. Step time: 1024.1ms.
   [Vectorized MCTS] Step 065: 64 games active. Completed: 0/1000. Step time: 1022.3ms.
   [Vectorized MCTS] Step 070: 64 games active. Completed: 0/1000. Step time: 1018.6ms.
   [Vectorized MCTS] Step 075: 64 games active. Completed: 1/1000. Step time: 1018.7ms.
   [Vectorized MCTS] Step 080: 64 games active. Completed: 3/1000. Step time: 1024.8ms.
   [Vectorized MCTS] Step 085: 64 games active. Completed: 4/1000. Step time: 1031.2ms.
   [Vectorized MCTS] Step 090: 64 games active. Completed: 4/1000. Step time: 1019.7ms.
   [Vectorized MCTS] Step 095: 64 games active. Completed: 6/1000. Step time: 1015.1ms.
   [Vectorized MCTS] Step 100: 64 games active. Completed: 10/1000. Step time: 1011.5ms.
   [Vectorized MCTS] Step 105: 64 games active. Completed: 15/1000. Step time: 1009.4ms.
   [Vectorized MCTS] Step 110: 64 games active. Completed: 20/1000. Step time: 1013.4ms.
   [Vectorized MCTS] Step 115: 64 games active. Completed: 24/1000. Step time: 1014.4ms.
   [Vectorized MCTS] Step 120: 64 games active. Completed: 28/1000. Step time: 1008.4ms.
   [Vectorized MCTS] Step 125: 64 games active. Completed: 29/1000. Step time: 1013.0ms.
   [Vectorized MCTS] Step 130: 64 games active. Completed: 29/1000. Step time: 1016.8ms.
   [Vectorized MCTS] Step 135: 64 games active. Completed: 31/1000. Step time: 1018.0ms.
   [Vectorized MCTS] Step 140: 64 games active. Completed: 35/1000. Step time: 1017.9ms.
   [Vectorized MCTS] Step 145: 64 games active. Completed: 37/1000. Step time: 1018.4ms.
   [Vectorized MCTS] Step 150: 64 games active. Completed: 37/1000. Step time: 1017.9ms.
   [Vectorized MCTS] Step 155: 64 games active. Completed: 38/1000. Step time: 1017.5ms.
   [Vectorized MCTS] Step 160: 64 games active. Completed: 39/1000. Step time: 1019.6ms.
   [Vectorized MCTS] Step 165: 64 games active. Completed: 41/1000. Step time: 1021.4ms.
   [Vectorized MCTS] Step 170: 64 games active. Completed: 43/1000. Step time: 1012.8ms.
   [Vectorized MCTS] Step 175: 64 games active. Completed: 45/1000. Step time: 1009.1ms.
   [Vectorized MCTS] Step 180: 64 games active. Completed: 49/1000. Step time: 1008.8ms.
   [Vectorized MCTS] Step 185: 64 games active. Completed: 50/1000. Step time: 1066.2ms.
   [Vectorized MCTS] Step 190: 64 games active. Completed: 52/1000. Step time: 1018.1ms.
   [Vectorized MCTS] Step 195: 64 games active. Completed: 56/1000. Step time: 1032.9ms.
   [Vectorized MCTS] Step 200: 64 games active. Completed: 57/1000. Step time: 1014.1ms.
   [Vectorized MCTS] Step 205: 64 games active. Completed: 60/1000. Step time: 1013.6ms.
   [Vectorized MCTS] Step 210: 64 games active. Completed: 62/1000. Step time: 1011.2ms.
   [Vectorized MCTS] Step 215: 64 games active. Completed: 63/1000. Step time: 1019.6ms.
   [Vectorized MCTS] Step 220: 64 games active. Completed: 66/1000. Step time: 1019.6ms.
   [Vectorized MCTS] Step 225: 64 games active. Completed: 67/1000. Step time: 1021.1ms.
   [Vectorized MCTS] Step 230: 64 games active. Completed: 67/1000. Step time: 1019.0ms.
   [Vectorized MCTS] Step 235: 64 games active. Completed: 68/1000. Step time: 1020.6ms.
   [Vectorized MCTS] Step 240: 64 games active. Completed: 73/1000. Step time: 1028.0ms.
   [Vectorized MCTS] Step 245: 64 games active. Completed: 75/1000. Step time: 1022.5ms.
   [Vectorized MCTS] Step 250: 64 games active. Completed: 90/1000. Step time: 1020.0ms.
   [Vectorized MCTS] Step 255: 64 games active. Completed: 90/1000. Step time: 1008.6ms.
   [Vectorized MCTS] Step 260: 64 games active. Completed: 91/1000. Step time: 1006.8ms.
   [Vectorized MCTS] Step 265: 64 games active. Completed: 94/1000. Step time: 1008.1ms.
   [Vectorized MCTS] Step 270: 64 games active. Completed: 96/1000. Step time: 1019.1ms.
   [Vectorized MCTS] Step 275: 64 games active. Completed: 98/1000. Step time: 1011.7ms.
   [Vectorized MCTS] Step 280: 64 games active. Completed: 99/1000. Step time: 1013.7ms.
   [Vectorized MCTS] Step 285: 64 games active. Completed: 100/1000. Step time: 1014.1ms.
   [Vectorized MCTS] Step 290: 64 games active. Completed: 102/1000. Step time: 1018.8ms.
   [Vectorized MCTS] Step 295: 64 games active. Completed: 104/1000. Step time: 1019.2ms.
   [Vectorized MCTS] Step 300: 64 games active. Completed: 106/1000. Step time: 1022.6ms.
   [Vectorized MCTS] Step 305: 64 games active. Completed: 108/1000. Step time: 1018.3ms.
   [Vectorized MCTS] Step 310: 64 games active. Completed: 110/1000. Step time: 1015.0ms.
   [Vectorized MCTS] Step 315: 64 games active. Completed: 112/1000. Step time: 1014.5ms.
   [Vectorized MCTS] Step 320: 64 games active. Completed: 116/1000. Step time: 1016.4ms.
   [Vectorized MCTS] Step 325: 64 games active. Completed: 117/1000. Step time: 1013.5ms.
   [Vectorized MCTS] Step 330: 64 games active. Completed: 120/1000. Step time: 1014.4ms.
   [Vectorized MCTS] Step 335: 64 games active. Completed: 121/1000. Step time: 1015.9ms.
   [Vectorized MCTS] Step 340: 64 games active. Completed: 121/1000. Step time: 1016.2ms.
   [Vectorized MCTS] Step 345: 64 games active. Completed: 122/1000. Step time: 1019.3ms.
   [Vectorized MCTS] Step 350: 64 games active. Completed: 123/1000. Step time: 1021.9ms.
   [Vectorized MCTS] Step 355: 64 games active. Completed: 129/1000. Step time: 1014.2ms.
   [Vectorized MCTS] Step 360: 64 games active. Completed: 137/1000. Step time: 1010.1ms.
   [Vectorized MCTS] Step 365: 64 games active. Completed: 140/1000. Step time: 1005.5ms.
   [Vectorized MCTS] Step 370: 64 games active. Completed: 142/1000. Step time: 1007.2ms.
   [Vectorized MCTS] Step 375: 64 games active. Completed: 145/1000. Step time: 1016.1ms.
   [Vectorized MCTS] Step 380: 64 games active. Completed: 147/1000. Step time: 1021.3ms.
   [Vectorized MCTS] Step 385: 64 games active. Completed: 148/1000. Step time: 1016.7ms.
   [Vectorized MCTS] Step 390: 64 games active. Completed: 149/1000. Step time: 1019.8ms.
   [Vectorized MCTS] Step 395: 64 games active. Completed: 151/1000. Step time: 1012.3ms.
   [Vectorized MCTS] Step 400: 64 games active. Completed: 154/1000. Step time: 1015.1ms.
   [Vectorized MCTS] Step 405: 64 games active. Completed: 155/1000. Step time: 1016.8ms.
   [Vectorized MCTS] Step 410: 64 games active. Completed: 158/1000. Step time: 1022.1ms.
   [Vectorized MCTS] Step 415: 64 games active. Completed: 159/1000. Step time: 1018.0ms.
   [Vectorized MCTS] Step 420: 64 games active. Completed: 163/1000. Step time: 1017.1ms.
   [Vectorized MCTS] Step 425: 64 games active. Completed: 164/1000. Step time: 1028.6ms.
   [Vectorized MCTS] Step 430: 64 games active. Completed: 165/1000. Step time: 1015.1ms.
   [Vectorized MCTS] Step 435: 64 games active. Completed: 166/1000. Step time: 1020.7ms.
   [Vectorized MCTS] Step 440: 64 games active. Completed: 168/1000. Step time: 1021.2ms.
   [Vectorized MCTS] Step 445: 64 games active. Completed: 172/1000. Step time: 1015.6ms.
   [Vectorized MCTS] Step 450: 64 games active. Completed: 177/1000. Step time: 1011.3ms.
   [Vectorized MCTS] Step 455: 64 games active. Completed: 180/1000. Step time: 1010.1ms.
   [Vectorized MCTS] Step 460: 64 games active. Completed: 184/1000. Step time: 1018.1ms.
   [Vectorized MCTS] Step 465: 64 games active. Completed: 186/1000. Step time: 1018.6ms.
   [Vectorized MCTS] Step 470: 64 games active. Completed: 186/1000. Step time: 1021.7ms.
   [Vectorized MCTS] Step 475: 64 games active. Completed: 188/1000. Step time: 1016.0ms.
   [Vectorized MCTS] Step 480: 64 games active. Completed: 189/1000. Step time: 1036.2ms.
   [Vectorized MCTS] Step 485: 64 games active. Completed: 189/1000. Step time: 1030.2ms.
   [Vectorized MCTS] Step 490: 64 games active. Completed: 194/1000. Step time: 1025.6ms.
   [Vectorized MCTS] Step 495: 64 games active. Completed: 195/1000. Step time: 1021.4ms.
   [Vectorized MCTS] Step 500: 64 games active. Completed: 199/1000. Step time: 1020.8ms.
   [Vectorized MCTS] Step 505: 64 games active. Completed: 199/1000. Step time: 1014.5ms.
   [Vectorized MCTS] Step 510: 64 games active. Completed: 203/1000. Step time: 1014.4ms.
   [Vectorized MCTS] Step 515: 64 games active. Completed: 205/1000. Step time: 1017.5ms.
   [Vectorized MCTS] Step 520: 64 games active. Completed: 209/1000. Step time: 1015.1ms.
   [Vectorized MCTS] Step 525: 64 games active. Completed: 213/1000. Step time: 1009.8ms.
   [Vectorized MCTS] Step 530: 64 games active. Completed: 218/1000. Step time: 1004.7ms.
   [Vectorized MCTS] Step 535: 64 games active. Completed: 218/1000. Step time: 1012.4ms.
   [Vectorized MCTS] Step 540: 64 games active. Completed: 223/1000. Step time: 1007.3ms.
   [Vectorized MCTS] Step 545: 64 games active. Completed: 226/1000. Step time: 1007.3ms.
   [Vectorized MCTS] Step 550: 64 games active. Completed: 226/1000. Step time: 1015.2ms.
   [Vectorized MCTS] Step 555: 64 games active. Completed: 228/1000. Step time: 1016.2ms.
   [Vectorized MCTS] Step 560: 64 games active. Completed: 229/1000. Step time: 1017.3ms.
   [Vectorized MCTS] Step 565: 64 games active. Completed: 230/1000. Step time: 1019.2ms.
   [Vectorized MCTS] Step 570: 64 games active. Completed: 233/1000. Step time: 1017.4ms.
   [Vectorized MCTS] Step 575: 64 games active. Completed: 234/1000. Step time: 1018.4ms.
   [Vectorized MCTS] Step 580: 64 games active. Completed: 236/1000. Step time: 1016.6ms.
   [Vectorized MCTS] Step 585: 64 games active. Completed: 238/1000. Step time: 1033.5ms.
   [Vectorized MCTS] Step 590: 64 games active. Completed: 240/1000. Step time: 1017.5ms.
   [Vectorized MCTS] Step 595: 64 games active. Completed: 242/1000. Step time: 1019.3ms.
   [Vectorized MCTS] Step 600: 64 games active. Completed: 244/1000. Step time: 1020.6ms.
   [Vectorized MCTS] Step 605: 64 games active. Completed: 247/1000. Step time: 1018.3ms.
   [Vectorized MCTS] Step 610: 64 games active. Completed: 249/1000. Step time: 1021.0ms.
   [Vectorized MCTS] Step 615: 64 games active. Completed: 251/1000. Step time: 1029.6ms.
   [Vectorized MCTS] Step 620: 64 games active. Completed: 251/1000. Step time: 1017.6ms.
   [Vectorized MCTS] Step 625: 64 games active. Completed: 255/1000. Step time: 1017.9ms.
   [Vectorized MCTS] Step 630: 64 games active. Completed: 259/1000. Step time: 1016.8ms.
   [Vectorized MCTS] Step 635: 64 games active. Completed: 261/1000. Step time: 1011.9ms.
   [Vectorized MCTS] Step 640: 64 games active. Completed: 264/1000. Step time: 1016.7ms.
   [Vectorized MCTS] Step 645: 64 games active. Completed: 266/1000. Step time: 1013.3ms.
   [Vectorized MCTS] Step 650: 64 games active. Completed: 267/1000. Step time: 1015.4ms.
   [Vectorized MCTS] Step 655: 64 games active. Completed: 267/1000. Step time: 1025.6ms.
   [Vectorized MCTS] Step 660: 64 games active. Completed: 269/1000. Step time: 1021.9ms.
   [Vectorized MCTS] Step 665: 64 games active. Completed: 270/1000. Step time: 1018.4ms.
   [Vectorized MCTS] Step 670: 64 games active. Completed: 272/1000. Step time: 1018.1ms.
   [Vectorized MCTS] Step 675: 64 games active. Completed: 276/1000. Step time: 1019.9ms.
   [Vectorized MCTS] Step 680: 64 games active. Completed: 276/1000. Step time: 1021.4ms.
   [Vectorized MCTS] Step 685: 64 games active. Completed: 280/1000. Step time: 1018.5ms.
   [Vectorized MCTS] Step 690: 64 games active. Completed: 282/1000. Step time: 1019.1ms.
   [Vectorized MCTS] Step 695: 64 games active. Completed: 284/1000. Step time: 1018.0ms.
   [Vectorized MCTS] Step 700: 64 games active. Completed: 286/1000. Step time: 1021.5ms.
   [Vectorized MCTS] Step 705: 64 games active. Completed: 291/1000. Step time: 1016.6ms.
   [Vectorized MCTS] Step 710: 64 games active. Completed: 294/1000. Step time: 1018.9ms.
   [Vectorized MCTS] Step 715: 64 games active. Completed: 299/1000. Step time: 1012.7ms.
   [Vectorized MCTS] Step 720: 64 games active. Completed: 300/1000. Step time: 1019.4ms.
   [Vectorized MCTS] Step 725: 64 games active. Completed: 301/1000. Step time: 1008.0ms.
   [Vectorized MCTS] Step 730: 64 games active. Completed: 302/1000. Step time: 1014.7ms.
   [Vectorized MCTS] Step 735: 64 games active. Completed: 303/1000. Step time: 1022.7ms.
   [Vectorized MCTS] Step 740: 64 games active. Completed: 305/1000. Step time: 1019.4ms.
   [Vectorized MCTS] Step 745: 64 games active. Completed: 307/1000. Step time: 1019.9ms.
   [Vectorized MCTS] Step 750: 64 games active. Completed: 310/1000. Step time: 1016.4ms.
   [Vectorized MCTS] Step 755: 64 games active. Completed: 311/1000. Step time: 1016.7ms.
   [Vectorized MCTS] Step 760: 64 games active. Completed: 313/1000. Step time: 1021.5ms.
   [Vectorized MCTS] Step 765: 64 games active. Completed: 315/1000. Step time: 1021.6ms.
   [Vectorized MCTS] Step 770: 64 games active. Completed: 316/1000. Step time: 1019.8ms.
   [Vectorized MCTS] Step 775: 64 games active. Completed: 318/1000. Step time: 1015.2ms.
   [Vectorized MCTS] Step 780: 64 games active. Completed: 323/1000. Step time: 1012.8ms.
   [Vectorized MCTS] Step 785: 64 games active. Completed: 326/1000. Step time: 1015.9ms.
   [Vectorized MCTS] Step 790: 64 games active. Completed: 330/1000. Step time: 1015.6ms.
   [Vectorized MCTS] Step 795: 64 games active. Completed: 331/1000. Step time: 1013.0ms.
   [Vectorized MCTS] Step 800: 64 games active. Completed: 332/1000. Step time: 1025.7ms.
   [Vectorized MCTS] Step 805: 64 games active. Completed: 333/1000. Step time: 1017.7ms.
   [Vectorized MCTS] Step 810: 64 games active. Completed: 334/1000. Step time: 1018.4ms.
   [Vectorized MCTS] Step 815: 64 games active. Completed: 335/1000. Step time: 1022.6ms.
   [Vectorized MCTS] Step 820: 64 games active. Completed: 337/1000. Step time: 1021.9ms.
   [Vectorized MCTS] Step 825: 64 games active. Completed: 339/1000. Step time: 1024.0ms.
   [Vectorized MCTS] Step 830: 64 games active. Completed: 341/1000. Step time: 1018.8ms.
   [Vectorized MCTS] Step 835: 64 games active. Completed: 341/1000. Step time: 1022.5ms.
   [Vectorized MCTS] Step 840: 64 games active. Completed: 342/1000. Step time: 1021.9ms.
   [Vectorized MCTS] Step 845: 64 games active. Completed: 346/1000. Step time: 1017.5ms.
   [Vectorized MCTS] Step 850: 64 games active. Completed: 348/1000. Step time: 1015.1ms.
   [Vectorized MCTS] Step 855: 64 games active. Completed: 352/1000. Step time: 1013.6ms.
   [Vectorized MCTS] Step 860: 64 games active. Completed: 353/1000. Step time: 1015.0ms.
   [Vectorized MCTS] Step 865: 64 games active. Completed: 356/1000. Step time: 1014.5ms.
   [Vectorized MCTS] Step 870: 64 games active. Completed: 358/1000. Step time: 1020.7ms.
   [Vectorized MCTS] Step 875: 64 games active. Completed: 359/1000. Step time: 1025.2ms.
   [Vectorized MCTS] Step 880: 64 games active. Completed: 364/1000. Step time: 1016.5ms.
   [Vectorized MCTS] Step 885: 64 games active. Completed: 366/1000. Step time: 1013.6ms.
   [Vectorized MCTS] Step 890: 64 games active. Completed: 370/1000. Step time: 1018.3ms.
   [Vectorized MCTS] Step 895: 64 games active. Completed: 372/1000. Step time: 1018.0ms.
   [Vectorized MCTS] Step 900: 64 games active. Completed: 373/1000. Step time: 1018.9ms.
   [Vectorized MCTS] Step 905: 64 games active. Completed: 377/1000. Step time: 1019.5ms.
   [Vectorized MCTS] Step 910: 64 games active. Completed: 377/1000. Step time: 1029.7ms.
   [Vectorized MCTS] Step 915: 64 games active. Completed: 378/1000. Step time: 1020.8ms.
   [Vectorized MCTS] Step 920: 64 games active. Completed: 381/1000. Step time: 1020.7ms.
   [Vectorized MCTS] Step 925: 64 games active. Completed: 385/1000. Step time: 1020.5ms.
   [Vectorized MCTS] Step 930: 64 games active. Completed: 385/1000. Step time: 1026.8ms.
   [Vectorized MCTS] Step 935: 64 games active. Completed: 387/1000. Step time: 1017.1ms.
   [Vectorized MCTS] Step 940: 64 games active. Completed: 390/1000. Step time: 1017.9ms.
   [Vectorized MCTS] Step 945: 64 games active. Completed: 391/1000. Step time: 1018.4ms.
   [Vectorized MCTS] Step 950: 64 games active. Completed: 393/1000. Step time: 1020.7ms.
   [Vectorized MCTS] Step 955: 64 games active. Completed: 395/1000. Step time: 1023.2ms.
   [Vectorized MCTS] Step 960: 64 games active. Completed: 397/1000. Step time: 1018.6ms.
   [Vectorized MCTS] Step 965: 64 games active. Completed: 403/1000. Step time: 1015.2ms.
   [Vectorized MCTS] Step 970: 64 games active. Completed: 405/1000. Step time: 1016.2ms.
   [Vectorized MCTS] Step 975: 64 games active. Completed: 407/1000. Step time: 1023.5ms.
   [Vectorized MCTS] Step 980: 64 games active. Completed: 408/1000. Step time: 1015.8ms.
   [Vectorized MCTS] Step 985: 64 games active. Completed: 411/1000. Step time: 1015.1ms.
   [Vectorized MCTS] Step 990: 64 games active. Completed: 412/1000. Step time: 1013.6ms.
   [Vectorized MCTS] Step 995: 64 games active. Completed: 413/1000. Step time: 1017.7ms.
   [Vectorized MCTS] Step 1000: 64 games active. Completed: 414/1000. Step time: 1026.0ms.
   [Vectorized MCTS] Step 1005: 64 games active. Completed: 415/1000. Step time: 1023.6ms.
   [Vectorized MCTS] Step 1010: 64 games active. Completed: 417/1000. Step time: 1021.8ms.
   [Vectorized MCTS] Step 1015: 64 games active. Completed: 418/1000. Step time: 1021.5ms.
   [Vectorized MCTS] Step 1020: 64 games active. Completed: 418/1000. Step time: 1020.8ms.
   [Vectorized MCTS] Step 1025: 64 games active. Completed: 421/1000. Step time: 1027.8ms.
   [Vectorized MCTS] Step 1030: 64 games active. Completed: 425/1000. Step time: 1022.6ms.
   [Vectorized MCTS] Step 1035: 64 games active. Completed: 427/1000. Step time: 1027.0ms.
   [Vectorized MCTS] Step 1040: 64 games active. Completed: 430/1000. Step time: 1020.4ms.
   [Vectorized MCTS] Step 1045: 64 games active. Completed: 432/1000. Step time: 1015.7ms.
   [Vectorized MCTS] Step 1050: 64 games active. Completed: 433/1000. Step time: 1018.1ms.
   [Vectorized MCTS] Step 1055: 64 games active. Completed: 435/1000. Step time: 1022.0ms.
   [Vectorized MCTS] Step 1060: 64 games active. Completed: 436/1000. Step time: 1020.0ms.
   [Vectorized MCTS] Step 1065: 64 games active. Completed: 440/1000. Step time: 1015.9ms.
   [Vectorized MCTS] Step 1070: 64 games active. Completed: 443/1000. Step time: 1017.7ms.
   [Vectorized MCTS] Step 1075: 64 games active. Completed: 445/1000. Step time: 1015.5ms.
   [Vectorized MCTS] Step 1080: 64 games active. Completed: 446/1000. Step time: 1019.9ms.
   [Vectorized MCTS] Step 1085: 64 games active. Completed: 448/1000. Step time: 1026.5ms.
   [Vectorized MCTS] Step 1090: 64 games active. Completed: 451/1000. Step time: 1017.9ms.
   [Vectorized MCTS] Step 1095: 64 games active. Completed: 453/1000. Step time: 1025.3ms.
   [Vectorized MCTS] Step 1100: 64 games active. Completed: 456/1000. Step time: 1021.3ms.
   [Vectorized MCTS] Step 1105: 64 games active. Completed: 459/1000. Step time: 1039.4ms.
   [Vectorized MCTS] Step 1110: 64 games active. Completed: 459/1000. Step time: 1034.7ms.
   [Vectorized MCTS] Step 1115: 64 games active. Completed: 460/1000. Step time: 1021.3ms.
   [Vectorized MCTS] Step 1120: 64 games active. Completed: 462/1000. Step time: 1018.4ms.
   [Vectorized MCTS] Step 1125: 64 games active. Completed: 464/1000. Step time: 1020.6ms.
   [Vectorized MCTS] Step 1130: 64 games active. Completed: 468/1000. Step time: 1016.8ms.
   [Vectorized MCTS] Step 1135: 64 games active. Completed: 470/1000. Step time: 1016.2ms.
   [Vectorized MCTS] Step 1140: 64 games active. Completed: 472/1000. Step time: 1014.0ms.
   [Vectorized MCTS] Step 1145: 64 games active. Completed: 478/1000. Step time: 1013.0ms.
   [Vectorized MCTS] Step 1150: 64 games active. Completed: 481/1000. Step time: 1012.1ms.
   [Vectorized MCTS] Step 1155: 64 games active. Completed: 487/1000. Step time: 1009.8ms.
   [Vectorized MCTS] Step 1160: 64 games active. Completed: 490/1000. Step time: 1009.4ms.
   [Vectorized MCTS] Step 1165: 64 games active. Completed: 490/1000. Step time: 1010.4ms.
   [Vectorized MCTS] Step 1170: 64 games active. Completed: 490/1000. Step time: 1018.7ms.
   [Vectorized MCTS] Step 1175: 64 games active. Completed: 490/1000. Step time: 1013.6ms.
   [Vectorized MCTS] Step 1180: 64 games active. Completed: 491/1000. Step time: 1021.7ms.
   [Vectorized MCTS] Step 1185: 64 games active. Completed: 491/1000. Step time: 1030.8ms.
   [Vectorized MCTS] Step 1190: 64 games active. Completed: 492/1000. Step time: 1026.3ms.
   [Vectorized MCTS] Step 1195: 64 games active. Completed: 499/1000. Step time: 1015.4ms.
   [Vectorized MCTS] Step 1200: 64 games active. Completed: 501/1000. Step time: 1018.1ms.
   [Vectorized MCTS] Step 1205: 64 games active. Completed: 504/1000. Step time: 1021.2ms.
   [Vectorized MCTS] Step 1210: 64 games active. Completed: 505/1000. Step time: 1020.1ms.
   [Vectorized MCTS] Step 1215: 64 games active. Completed: 507/1000. Step time: 1019.6ms.
   [Vectorized MCTS] Step 1220: 64 games active. Completed: 507/1000. Step time: 1017.5ms.
   [Vectorized MCTS] Step 1225: 64 games active. Completed: 507/1000. Step time: 1015.8ms.
   [Vectorized MCTS] Step 1230: 64 games active. Completed: 510/1000. Step time: 1018.3ms.
   [Vectorized MCTS] Step 1235: 64 games active. Completed: 514/1000. Step time: 1019.2ms.
   [Vectorized MCTS] Step 1240: 64 games active. Completed: 516/1000. Step time: 1016.7ms.
   [Vectorized MCTS] Step 1245: 64 games active. Completed: 517/1000. Step time: 1016.4ms.
   [Vectorized MCTS] Step 1250: 64 games active. Completed: 520/1000. Step time: 1015.8ms.
   [Vectorized MCTS] Step 1255: 64 games active. Completed: 522/1000. Step time: 1018.2ms.
   [Vectorized MCTS] Step 1260: 64 games active. Completed: 524/1000. Step time: 1018.0ms.
   [Vectorized MCTS] Step 1265: 64 games active. Completed: 527/1000. Step time: 1025.1ms.
   [Vectorized MCTS] Step 1270: 64 games active. Completed: 530/1000. Step time: 1021.1ms.
   [Vectorized MCTS] Step 1275: 64 games active. Completed: 533/1000. Step time: 1018.7ms.
   [Vectorized MCTS] Step 1280: 64 games active. Completed: 534/1000. Step time: 1016.9ms.
   [Vectorized MCTS] Step 1285: 64 games active. Completed: 538/1000. Step time: 1014.3ms.
   [Vectorized MCTS] Step 1290: 64 games active. Completed: 538/1000. Step time: 1019.7ms.
   [Vectorized MCTS] Step 1295: 64 games active. Completed: 542/1000. Step time: 1013.2ms.
   [Vectorized MCTS] Step 1300: 64 games active. Completed: 543/1000. Step time: 1016.2ms.
   [Vectorized MCTS] Step 1305: 64 games active. Completed: 547/1000. Step time: 1014.0ms.
   [Vectorized MCTS] Step 1310: 64 games active. Completed: 549/1000. Step time: 1012.7ms.
   [Vectorized MCTS] Step 1315: 64 games active. Completed: 551/1000. Step time: 1017.4ms.
   [Vectorized MCTS] Step 1320: 64 games active. Completed: 553/1000. Step time: 1016.6ms.
   [Vectorized MCTS] Step 1325: 64 games active. Completed: 555/1000. Step time: 1019.3ms.
   [Vectorized MCTS] Step 1330: 64 games active. Completed: 556/1000. Step time: 1015.1ms.
   [Vectorized MCTS] Step 1335: 64 games active. Completed: 558/1000. Step time: 1016.9ms.
   [Vectorized MCTS] Step 1340: 64 games active. Completed: 559/1000. Step time: 1023.2ms.
   [Vectorized MCTS] Step 1345: 64 games active. Completed: 561/1000. Step time: 1026.8ms.
   [Vectorized MCTS] Step 1350: 64 games active. Completed: 564/1000. Step time: 1024.8ms.
   [Vectorized MCTS] Step 1355: 64 games active. Completed: 566/1000. Step time: 1017.0ms.
   [Vectorized MCTS] Step 1360: 64 games active. Completed: 567/1000. Step time: 1017.7ms.
   [Vectorized MCTS] Step 1365: 64 games active. Completed: 569/1000. Step time: 1017.6ms.
   [Vectorized MCTS] Step 1370: 64 games active. Completed: 570/1000. Step time: 1024.1ms.
   [Vectorized MCTS] Step 1375: 64 games active. Completed: 574/1000. Step time: 1026.6ms.
   [Vectorized MCTS] Step 1380: 64 games active. Completed: 578/1000. Step time: 1025.9ms.
   [Vectorized MCTS] Step 1385: 64 games active. Completed: 580/1000. Step time: 1015.0ms.
   [Vectorized MCTS] Step 1390: 64 games active. Completed: 580/1000. Step time: 1017.6ms.
   [Vectorized MCTS] Step 1395: 64 games active. Completed: 585/1000. Step time: 1016.8ms.
   [Vectorized MCTS] Step 1400: 64 games active. Completed: 585/1000. Step time: 1021.7ms.
   [Vectorized MCTS] Step 1405: 64 games active. Completed: 587/1000. Step time: 1017.3ms.
   [Vectorized MCTS] Step 1410: 64 games active. Completed: 591/1000. Step time: 1016.0ms.
   [Vectorized MCTS] Step 1415: 64 games active. Completed: 592/1000. Step time: 1011.9ms.
   [Vectorized MCTS] Step 1420: 64 games active. Completed: 592/1000. Step time: 1025.9ms.
   [Vectorized MCTS] Step 1425: 64 games active. Completed: 592/1000. Step time: 1022.1ms.
   [Vectorized MCTS] Step 1430: 64 games active. Completed: 593/1000. Step time: 1022.5ms.
   [Vectorized MCTS] Step 1435: 64 games active. Completed: 596/1000. Step time: 1018.2ms.
   [Vectorized MCTS] Step 1440: 64 games active. Completed: 599/1000. Step time: 1015.0ms.
   [Vectorized MCTS] Step 1445: 64 games active. Completed: 602/1000. Step time: 1022.0ms.
   [Vectorized MCTS] Step 1450: 64 games active. Completed: 603/1000. Step time: 1020.2ms.
   [Vectorized MCTS] Step 1455: 64 games active. Completed: 604/1000. Step time: 1025.8ms.
   [Vectorized MCTS] Step 1460: 64 games active. Completed: 607/1000. Step time: 1014.2ms.
   [Vectorized MCTS] Step 1465: 64 games active. Completed: 609/1000. Step time: 1013.2ms.
   [Vectorized MCTS] Step 1470: 64 games active. Completed: 611/1000. Step time: 1017.1ms.
   [Vectorized MCTS] Step 1475: 64 games active. Completed: 613/1000. Step time: 1020.7ms.
   [Vectorized MCTS] Step 1480: 64 games active. Completed: 617/1000. Step time: 1017.8ms.
   [Vectorized MCTS] Step 1485: 64 games active. Completed: 621/1000. Step time: 1018.8ms.
   [Vectorized MCTS] Step 1490: 64 games active. Completed: 622/1000. Step time: 1012.0ms.
   [Vectorized MCTS] Step 1495: 64 games active. Completed: 624/1000. Step time: 1017.8ms.
   [Vectorized MCTS] Step 1500: 64 games active. Completed: 627/1000. Step time: 1017.7ms.
   [Vectorized MCTS] Step 1505: 64 games active. Completed: 629/1000. Step time: 1021.3ms.
   [Vectorized MCTS] Step 1510: 64 games active. Completed: 632/1000. Step time: 1014.9ms.
   [Vectorized MCTS] Step 1515: 64 games active. Completed: 636/1000. Step time: 1013.9ms.
   [Vectorized MCTS] Step 1520: 64 games active. Completed: 639/1000. Step time: 1015.2ms.
   [Vectorized MCTS] Step 1525: 64 games active. Completed: 640/1000. Step time: 1020.3ms.
   [Vectorized MCTS] Step 1530: 64 games active. Completed: 643/1000. Step time: 1018.8ms.
   [Vectorized MCTS] Step 1535: 64 games active. Completed: 646/1000. Step time: 1023.3ms.
   [Vectorized MCTS] Step 1540: 64 games active. Completed: 648/1000. Step time: 1013.7ms.
   [Vectorized MCTS] Step 1545: 64 games active. Completed: 650/1000. Step time: 1015.5ms.
   [Vectorized MCTS] Step 1550: 64 games active. Completed: 651/1000. Step time: 1017.4ms.
   [Vectorized MCTS] Step 1555: 64 games active. Completed: 652/1000. Step time: 1023.3ms.
   [Vectorized MCTS] Step 1560: 64 games active. Completed: 654/1000. Step time: 1022.5ms.
   [Vectorized MCTS] Step 1565: 64 games active. Completed: 655/1000. Step time: 1020.3ms.
   [Vectorized MCTS] Step 1570: 64 games active. Completed: 660/1000. Step time: 1018.9ms.
   [Vectorized MCTS] Step 1575: 64 games active. Completed: 664/1000. Step time: 1012.8ms.
   [Vectorized MCTS] Step 1580: 64 games active. Completed: 665/1000. Step time: 1021.2ms.
   [Vectorized MCTS] Step 1585: 64 games active. Completed: 668/1000. Step time: 1016.4ms.
   [Vectorized MCTS] Step 1590: 64 games active. Completed: 671/1000. Step time: 1017.2ms.
   [Vectorized MCTS] Step 1595: 64 games active. Completed: 673/1000. Step time: 1012.5ms.
   [Vectorized MCTS] Step 1600: 64 games active. Completed: 677/1000. Step time: 1020.1ms.
   [Vectorized MCTS] Step 1605: 64 games active. Completed: 680/1000. Step time: 1015.1ms.
   [Vectorized MCTS] Step 1610: 64 games active. Completed: 682/1000. Step time: 1022.9ms.
   [Vectorized MCTS] Step 1615: 64 games active. Completed: 683/1000. Step time: 1029.9ms.
   [Vectorized MCTS] Step 1620: 64 games active. Completed: 685/1000. Step time: 1012.1ms.
   [Vectorized MCTS] Step 1625: 64 games active. Completed: 690/1000. Step time: 1010.3ms.
   [Vectorized MCTS] Step 1630: 64 games active. Completed: 694/1000. Step time: 1014.7ms.
   [Vectorized MCTS] Step 1635: 64 games active. Completed: 697/1000. Step time: 1014.7ms.
   [Vectorized MCTS] Step 1640: 64 games active. Completed: 697/1000. Step time: 1022.8ms.
   [Vectorized MCTS] Step 1645: 64 games active. Completed: 698/1000. Step time: 1019.6ms.
   [Vectorized MCTS] Step 1650: 64 games active. Completed: 701/1000. Step time: 1016.9ms.
   [Vectorized MCTS] Step 1655: 64 games active. Completed: 701/1000. Step time: 1018.5ms.
   [Vectorized MCTS] Step 1660: 64 games active. Completed: 703/1000. Step time: 1014.5ms.
   [Vectorized MCTS] Step 1665: 64 games active. Completed: 705/1000. Step time: 1023.3ms.
   [Vectorized MCTS] Step 1670: 64 games active. Completed: 705/1000. Step time: 1025.0ms.
   [Vectorized MCTS] Step 1675: 64 games active. Completed: 705/1000. Step time: 1023.1ms.
   [Vectorized MCTS] Step 1680: 64 games active. Completed: 709/1000. Step time: 1017.7ms.
   [Vectorized MCTS] Step 1685: 64 games active. Completed: 712/1000. Step time: 1020.3ms.
   [Vectorized MCTS] Step 1690: 64 games active. Completed: 712/1000. Step time: 1022.3ms.
   [Vectorized MCTS] Step 1695: 64 games active. Completed: 715/1000. Step time: 1019.9ms.
   [Vectorized MCTS] Step 1700: 64 games active. Completed: 717/1000. Step time: 1026.6ms.
   [Vectorized MCTS] Step 1705: 64 games active. Completed: 717/1000. Step time: 1033.7ms.
   [Vectorized MCTS] Step 1710: 64 games active. Completed: 722/1000. Step time: 1013.8ms.
   [Vectorized MCTS] Step 1715: 64 games active. Completed: 724/1000. Step time: 1017.4ms.
   [Vectorized MCTS] Step 1720: 64 games active. Completed: 726/1000. Step time: 1015.1ms.
   [Vectorized MCTS] Step 1725: 64 games active. Completed: 728/1000. Step time: 1012.9ms.
   [Vectorized MCTS] Step 1730: 64 games active. Completed: 728/1000. Step time: 1015.7ms.
   [Vectorized MCTS] Step 1735: 64 games active. Completed: 733/1000. Step time: 1016.4ms.
   [Vectorized MCTS] Step 1740: 64 games active. Completed: 733/1000. Step time: 1019.9ms.
   [Vectorized MCTS] Step 1745: 64 games active. Completed: 735/1000. Step time: 1021.1ms.
   [Vectorized MCTS] Step 1750: 64 games active. Completed: 736/1000. Step time: 1018.5ms.
   [Vectorized MCTS] Step 1755: 64 games active. Completed: 736/1000. Step time: 1020.6ms.
   [Vectorized MCTS] Step 1760: 64 games active. Completed: 739/1000. Step time: 1018.6ms.
   [Vectorized MCTS] Step 1765: 64 games active. Completed: 740/1000. Step time: 1019.3ms.
   [Vectorized MCTS] Step 1770: 64 games active. Completed: 748/1000. Step time: 1020.7ms.
   [Vectorized MCTS] Step 1775: 64 games active. Completed: 748/1000. Step time: 1018.3ms.
   [Vectorized MCTS] Step 1780: 64 games active. Completed: 749/1000. Step time: 1015.4ms.
   [Vectorized MCTS] Step 1785: 64 games active. Completed: 750/1000. Step time: 1015.6ms.
   [Vectorized MCTS] Step 1790: 64 games active. Completed: 752/1000. Step time: 1018.2ms.
   [Vectorized MCTS] Step 1795: 64 games active. Completed: 754/1000. Step time: 1023.3ms.
   [Vectorized MCTS] Step 1800: 64 games active. Completed: 754/1000. Step time: 1022.1ms.
   [Vectorized MCTS] Step 1805: 64 games active. Completed: 757/1000. Step time: 1017.2ms.
   [Vectorized MCTS] Step 1810: 64 games active. Completed: 761/1000. Step time: 1018.9ms.
   [Vectorized MCTS] Step 1815: 64 games active. Completed: 763/1000. Step time: 1019.9ms.
   [Vectorized MCTS] Step 1820: 64 games active. Completed: 768/1000. Step time: 1020.1ms.
   [Vectorized MCTS] Step 1825: 64 games active. Completed: 769/1000. Step time: 1018.6ms.
   [Vectorized MCTS] Step 1830: 64 games active. Completed: 769/1000. Step time: 1020.6ms.
   [Vectorized MCTS] Step 1835: 64 games active. Completed: 769/1000. Step time: 1021.4ms.
   [Vectorized MCTS] Step 1840: 64 games active. Completed: 769/1000. Step time: 1025.9ms.
   [Vectorized MCTS] Step 1845: 64 games active. Completed: 772/1000. Step time: 1031.3ms.
   [Vectorized MCTS] Step 1850: 64 games active. Completed: 775/1000. Step time: 1038.5ms.
   [Vectorized MCTS] Step 1855: 64 games active. Completed: 778/1000. Step time: 1023.9ms.
   [Vectorized MCTS] Step 1860: 64 games active. Completed: 781/1000. Step time: 1019.2ms.
   [Vectorized MCTS] Step 1865: 64 games active. Completed: 781/1000. Step time: 1022.8ms.
   [Vectorized MCTS] Step 1870: 64 games active. Completed: 786/1000. Step time: 1018.8ms.
   [Vectorized MCTS] Step 1875: 64 games active. Completed: 791/1000. Step time: 1014.1ms.
   [Vectorized MCTS] Step 1880: 64 games active. Completed: 797/1000. Step time: 1009.0ms.
   [Vectorized MCTS] Step 1885: 64 games active. Completed: 799/1000. Step time: 1008.3ms.
   [Vectorized MCTS] Step 1890: 64 games active. Completed: 802/1000. Step time: 1011.2ms.
   [Vectorized MCTS] Step 1895: 64 games active. Completed: 803/1000. Step time: 1015.2ms.
   [Vectorized MCTS] Step 1900: 64 games active. Completed: 807/1000. Step time: 1015.7ms.
   [Vectorized MCTS] Step 1905: 64 games active. Completed: 807/1000. Step time: 1015.5ms.
   [Vectorized MCTS] Step 1910: 64 games active. Completed: 807/1000. Step time: 1017.0ms.
   [Vectorized MCTS] Step 1915: 64 games active. Completed: 810/1000. Step time: 1015.4ms.
   [Vectorized MCTS] Step 1920: 64 games active. Completed: 811/1000. Step time: 1020.3ms.
   [Vectorized MCTS] Step 1925: 64 games active. Completed: 812/1000. Step time: 1022.2ms.
   [Vectorized MCTS] Step 1930: 64 games active. Completed: 813/1000. Step time: 1022.2ms.
   [Vectorized MCTS] Step 1935: 64 games active. Completed: 815/1000. Step time: 1020.7ms.
   [Vectorized MCTS] Step 1940: 64 games active. Completed: 815/1000. Step time: 1021.0ms.
   [Vectorized MCTS] Step 1945: 64 games active. Completed: 815/1000. Step time: 1022.8ms.
   [Vectorized MCTS] Step 1950: 64 games active. Completed: 818/1000. Step time: 1025.2ms.
   [Vectorized MCTS] Step 1955: 64 games active. Completed: 818/1000. Step time: 1026.1ms.
   [Vectorized MCTS] Step 1960: 64 games active. Completed: 820/1000. Step time: 1019.8ms.
   [Vectorized MCTS] Step 1965: 64 games active. Completed: 821/1000. Step time: 1044.1ms.
   [Vectorized MCTS] Step 1970: 64 games active. Completed: 823/1000. Step time: 1023.4ms.
   [Vectorized MCTS] Step 1975: 64 games active. Completed: 825/1000. Step time: 1026.1ms.
   [Vectorized MCTS] Step 1980: 64 games active. Completed: 828/1000. Step time: 1019.5ms.
   [Vectorized MCTS] Step 1985: 64 games active. Completed: 833/1000. Step time: 1015.3ms.
   [Vectorized MCTS] Step 1990: 64 games active. Completed: 836/1000. Step time: 1012.3ms.
   [Vectorized MCTS] Step 1995: 64 games active. Completed: 841/1000. Step time: 1013.8ms.
   [Vectorized MCTS] Step 2000: 64 games active. Completed: 842/1000. Step time: 1013.1ms.
   [Vectorized MCTS] Step 2005: 64 games active. Completed: 844/1000. Step time: 1018.6ms.
   [Vectorized MCTS] Step 2010: 64 games active. Completed: 846/1000. Step time: 1011.9ms.
   [Vectorized MCTS] Step 2015: 64 games active. Completed: 847/1000. Step time: 1016.5ms.
   [Vectorized MCTS] Step 2020: 64 games active. Completed: 851/1000. Step time: 1013.4ms.
   [Vectorized MCTS] Step 2025: 64 games active. Completed: 854/1000. Step time: 1016.4ms.
   [Vectorized MCTS] Step 2030: 64 games active. Completed: 855/1000. Step time: 1018.3ms.
   [Vectorized MCTS] Step 2035: 64 games active. Completed: 857/1000. Step time: 1017.9ms.
   [Vectorized MCTS] Step 2040: 64 games active. Completed: 858/1000. Step time: 1015.0ms.
   [Vectorized MCTS] Step 2045: 64 games active. Completed: 860/1000. Step time: 1015.2ms.
   [Vectorized MCTS] Step 2050: 64 games active. Completed: 862/1000. Step time: 1017.1ms.
   [Vectorized MCTS] Step 2055: 64 games active. Completed: 864/1000. Step time: 1021.1ms.
   [Vectorized MCTS] Step 2060: 64 games active. Completed: 867/1000. Step time: 1023.5ms.
   [Vectorized MCTS] Step 2065: 64 games active. Completed: 868/1000. Step time: 1016.9ms.
   [Vectorized MCTS] Step 2070: 64 games active. Completed: 868/1000. Step time: 1016.1ms.
   [Vectorized MCTS] Step 2075: 64 games active. Completed: 870/1000. Step time: 1022.6ms.
   [Vectorized MCTS] Step 2080: 64 games active. Completed: 873/1000. Step time: 1028.4ms.
   [Vectorized MCTS] Step 2085: 64 games active. Completed: 874/1000. Step time: 1030.5ms.
   [Vectorized MCTS] Step 2090: 64 games active. Completed: 877/1000. Step time: 1017.9ms.
   [Vectorized MCTS] Step 2095: 64 games active. Completed: 881/1000. Step time: 1017.5ms.
   [Vectorized MCTS] Step 2100: 64 games active. Completed: 884/1000. Step time: 1018.3ms.
   [Vectorized MCTS] Step 2105: 64 games active. Completed: 885/1000. Step time: 1019.4ms.
   [Vectorized MCTS] Step 2110: 64 games active. Completed: 887/1000. Step time: 1020.0ms.
   [Vectorized MCTS] Step 2115: 64 games active. Completed: 890/1000. Step time: 1017.6ms.
   [Vectorized MCTS] Step 2120: 64 games active. Completed: 892/1000. Step time: 1019.2ms.
   [Vectorized MCTS] Step 2125: 64 games active. Completed: 894/1000. Step time: 1015.5ms.
   [Vectorized MCTS] Step 2130: 64 games active. Completed: 897/1000. Step time: 1019.1ms.
   [Vectorized MCTS] Step 2135: 64 games active. Completed: 900/1000. Step time: 1018.3ms.
   [Vectorized MCTS] Step 2140: 64 games active. Completed: 902/1000. Step time: 1016.1ms.
   [Vectorized MCTS] Step 2145: 64 games active. Completed: 904/1000. Step time: 1015.9ms.
   [Vectorized MCTS] Step 2150: 64 games active. Completed: 907/1000. Step time: 1012.6ms.
   [Vectorized MCTS] Step 2155: 64 games active. Completed: 907/1000. Step time: 1017.5ms.
   [Vectorized MCTS] Step 2160: 64 games active. Completed: 908/1000. Step time: 1021.0ms.
   [Vectorized MCTS] Step 2165: 64 games active. Completed: 911/1000. Step time: 1016.9ms.
   [Vectorized MCTS] Step 2170: 64 games active. Completed: 915/1000. Step time: 1013.4ms.
   [Vectorized MCTS] Step 2175: 64 games active. Completed: 915/1000. Step time: 1014.1ms.
   [Vectorized MCTS] Step 2180: 64 games active. Completed: 916/1000. Step time: 1018.8ms.
   [Vectorized MCTS] Step 2185: 64 games active. Completed: 919/1000. Step time: 1018.6ms.
   [Vectorized MCTS] Step 2190: 64 games active. Completed: 920/1000. Step time: 1020.2ms.
   [Vectorized MCTS] Step 2195: 64 games active. Completed: 921/1000. Step time: 1017.0ms.
   [Vectorized MCTS] Step 2200: 64 games active. Completed: 926/1000. Step time: 1028.5ms.
   [Vectorized MCTS] Step 2205: 64 games active. Completed: 927/1000. Step time: 1033.1ms.
   [Vectorized MCTS] Step 2210: 64 games active. Completed: 929/1000. Step time: 1015.3ms.
   [Vectorized MCTS] Step 2215: 64 games active. Completed: 931/1000. Step time: 1018.8ms.
   [Vectorized MCTS] Step 2220: 64 games active. Completed: 933/1000. Step time: 1018.4ms.
   [Vectorized MCTS] Step 2225: 63 games active. Completed: 937/1000. Step time: 1020.2ms.
   [Vectorized MCTS] Step 2230: 61 games active. Completed: 939/1000. Step time: 1066.5ms.
   [Vectorized MCTS] Step 2235: 59 games active. Completed: 941/1000. Step time: 999.0ms.
   [Vectorized MCTS] Step 2240: 56 games active. Completed: 944/1000. Step time: 996.2ms.
   [Vectorized MCTS] Step 2245: 50 games active. Completed: 950/1000. Step time: 984.3ms.
   [Vectorized MCTS] Step 2250: 48 games active. Completed: 952/1000. Step time: 735.4ms.
   [Vectorized MCTS] Step 2255: 48 games active. Completed: 952/1000. Step time: 720.0ms.
   [Vectorized MCTS] Step 2260: 44 games active. Completed: 956/1000. Step time: 673.4ms.
   [Vectorized MCTS] Step 2265: 41 games active. Completed: 959/1000. Step time: 650.5ms.
   [Vectorized MCTS] Step 2270: 37 games active. Completed: 963/1000. Step time: 596.2ms.
   [Vectorized MCTS] Step 2275: 33 games active. Completed: 967/1000. Step time: 545.0ms.
   [Vectorized MCTS] Step 2280: 32 games active. Completed: 968/1000. Step time: 518.3ms.
   [Vectorized MCTS] Step 2285: 28 games active. Completed: 972/1000. Step time: 452.4ms.
   [Vectorized MCTS] Step 2290: 27 games active. Completed: 973/1000. Step time: 445.0ms.
   [Vectorized MCTS] Step 2295: 25 games active. Completed: 975/1000. Step time: 424.9ms.
   [Vectorized MCTS] Step 2300: 25 games active. Completed: 975/1000. Step time: 420.2ms.
   [Vectorized MCTS] Step 2305: 23 games active. Completed: 977/1000. Step time: 394.9ms.
   [Vectorized MCTS] Step 2310: 22 games active. Completed: 978/1000. Step time: 376.1ms.
   [Vectorized MCTS] Step 2315: 20 games active. Completed: 980/1000. Step time: 368.4ms.
   [Vectorized MCTS] Step 2320: 19 games active. Completed: 981/1000. Step time: 357.1ms.
   [Vectorized MCTS] Step 2325: 18 games active. Completed: 982/1000. Step time: 340.5ms.
   [Vectorized MCTS] Step 2330: 16 games active. Completed: 984/1000. Step time: 297.0ms.
   [Vectorized MCTS] Step 2335: 16 games active. Completed: 984/1000. Step time: 316.0ms.
   [Vectorized MCTS] Step 2340: 15 games active. Completed: 985/1000. Step time: 282.2ms.
   [Vectorized MCTS] Step 2345: 14 games active. Completed: 986/1000. Step time: 284.0ms.
   [Vectorized MCTS] Step 2350: 13 games active. Completed: 987/1000. Step time: 290.4ms.
   [Vectorized MCTS] Step 2355: 13 games active. Completed: 987/1000. Step time: 280.1ms.
   [Vectorized MCTS] Step 2360: 13 games active. Completed: 987/1000. Step time: 284.2ms.
   [Vectorized MCTS] Step 2365: 12 games active. Completed: 988/1000. Step time: 271.6ms.
   [Vectorized MCTS] Step 2370: 11 games active. Completed: 989/1000. Step time: 241.0ms.
   [Vectorized MCTS] Step 2375: 10 games active. Completed: 990/1000. Step time: 273.8ms.
   [Vectorized MCTS] Step 2380: 10 games active. Completed: 990/1000. Step time: 270.0ms.
   [Vectorized MCTS] Step 2385: 10 games active. Completed: 990/1000. Step time: 278.1ms.
   [Vectorized MCTS] Step 2390: 09 games active. Completed: 991/1000. Step time: 238.6ms.
   [Vectorized MCTS] Step 2395: 09 games active. Completed: 991/1000. Step time: 242.5ms.
   [Vectorized MCTS] Step 2400: 08 games active. Completed: 992/1000. Step time: 233.3ms.
   [Vectorized MCTS] Step 2405: 08 games active. Completed: 992/1000. Step time: 225.8ms.
   [Vectorized MCTS] Step 2410: 06 games active. Completed: 994/1000. Step time: 207.7ms.
   [Vectorized MCTS] Step 2415: 06 games active. Completed: 994/1000. Step time: 208.3ms.
   [Vectorized MCTS] Step 2420: 04 games active. Completed: 996/1000. Step time: 203.5ms.
   [Vectorized MCTS] Step 2425: 03 games active. Completed: 997/1000. Step time: 162.3ms.
   [Vectorized MCTS] Step 2430: 03 games active. Completed: 997/1000. Step time: 162.1ms.
   [Vectorized MCTS] Step 2435: 03 games active. Completed: 997/1000. Step time: 157.6ms.
   [Vectorized MCTS] Step 2440: 03 games active. Completed: 997/1000. Step time: 164.0ms.
   [Vectorized MCTS] Step 2445: 03 games active. Completed: 997/1000. Step time: 159.9ms.
   [Vectorized MCTS] Step 2450: 02 games active. Completed: 998/1000. Step time: 151.5ms.
   [Vectorized MCTS] Step 2455: 01 games active. Completed: 999/1000. Step time: 135.1ms.
   [Vectorized MCTS] Step 2459: 00 games active. Completed: 1000/1000. Step time: 133.7ms.

Collection completed in 2362.1 seconds (2.362s/game average).
