Starting self-play collection using /Users/nilbot/playground/autogo-mlx/experiments/001_train_from_scratch/checkpoints/iter10.safetensors
--> Progressive sims enabled. Iteration 10 -> 64 simulations.
Config: num-games=1000, simulations=64, workers=8
--> Starting pool-swapping selfplay for all 1000 games with max_active_games=64...
   [Vectorized MCTS] Step 001: 64 games active. Completed: 0/1000. Step time: 4193.0ms.
   [Vectorized MCTS] Step 005: 64 games active. Completed: 0/1000. Step time: 4563.2ms.
   [Vectorized MCTS] Step 010: 64 games active. Completed: 0/1000. Step time: 4598.1ms.
   [Vectorized MCTS] Step 015: 64 games active. Completed: 0/1000. Step time: 4695.7ms.
   [Vectorized MCTS] Step 020: 64 games active. Completed: 0/1000. Step time: 4660.2ms.
   [Vectorized MCTS] Step 025: 64 games active. Completed: 0/1000. Step time: 4725.5ms.
   [Vectorized MCTS] Step 030: 64 games active. Completed: 0/1000. Step time: 4874.0ms.
   [Vectorized MCTS] Step 035: 64 games active. Completed: 0/1000. Step time: 4730.5ms.
   [Vectorized MCTS] Step 040: 64 games active. Completed: 0/1000. Step time: 4846.7ms.
   [Vectorized MCTS] Step 045: 64 games active. Completed: 0/1000. Step time: 4921.5ms.
   [Vectorized MCTS] Step 050: 64 games active. Completed: 0/1000. Step time: 4950.2ms.
   [Vectorized MCTS] Step 055: 64 games active. Completed: 0/1000. Step time: 4789.3ms.
   [Vectorized MCTS] Step 060: 64 games active. Completed: 0/1000. Step time: 5143.6ms.
   [Vectorized MCTS] Step 065: 64 games active. Completed: 5/1000. Step time: 4927.9ms.
   [Vectorized MCTS] Step 070: 64 games active. Completed: 6/1000. Step time: 4902.3ms.
   [Vectorized MCTS] Step 075: 64 games active. Completed: 6/1000. Step time: 4888.7ms.
   [Vectorized MCTS] Step 080: 64 games active. Completed: 6/1000. Step time: 5043.3ms.
   [Vectorized MCTS] Step 085: 64 games active. Completed: 6/1000. Step time: 5037.9ms.
   [Vectorized MCTS] Step 090: 64 games active. Completed: 7/1000. Step time: 4909.6ms.
   [Vectorized MCTS] Step 095: 64 games active. Completed: 7/1000. Step time: 5002.0ms.
   [Vectorized MCTS] Step 100: 64 games active. Completed: 7/1000. Step time: 5056.8ms.
   [Vectorized MCTS] Step 105: 64 games active. Completed: 7/1000. Step time: 4918.1ms.
   [Vectorized MCTS] Step 110: 64 games active. Completed: 8/1000. Step time: 4780.1ms.
   [Vectorized MCTS] Step 115: 64 games active. Completed: 10/1000. Step time: 5002.4ms.
   [Vectorized MCTS] Step 120: 64 games active. Completed: 12/1000. Step time: 5013.2ms.
   [Vectorized MCTS] Step 125: 64 games active. Completed: 17/1000. Step time: 4925.3ms.
   [Vectorized MCTS] Step 130: 64 games active. Completed: 21/1000. Step time: 4865.7ms.
   [Vectorized MCTS] Step 135: 64 games active. Completed: 22/1000. Step time: 6174.0ms.
   [Vectorized MCTS] Step 140: 64 games active. Completed: 27/1000. Step time: 4722.2ms.
   [Vectorized MCTS] Step 145: 64 games active. Completed: 33/1000. Step time: 4749.7ms.
   [Vectorized MCTS] Step 150: 64 games active. Completed: 38/1000. Step time: 4881.8ms.
   [Vectorized MCTS] Step 155: 64 games active. Completed: 40/1000. Step time: 4870.8ms.
   [Vectorized MCTS] Step 160: 64 games active. Completed: 45/1000. Step time: 4752.1ms.
   [Vectorized MCTS] Step 165: 64 games active. Completed: 52/1000. Step time: 5076.8ms.
   [Vectorized MCTS] Step 170: 64 games active. Completed: 52/1000. Step time: 4920.9ms.
   [Vectorized MCTS] Step 175: 64 games active. Completed: 52/1000. Step time: 4735.0ms.
   [Vectorized MCTS] Step 180: 64 games active. Completed: 54/1000. Step time: 4905.7ms.
   [Vectorized MCTS] Step 185: 64 games active. Completed: 55/1000. Step time: 4999.8ms.
   [Vectorized MCTS] Step 190: 64 games active. Completed: 56/1000. Step time: 4877.1ms.
   [Vectorized MCTS] Step 195: 64 games active. Completed: 56/1000. Step time: 4963.6ms.
   [Vectorized MCTS] Step 200: 64 games active. Completed: 56/1000. Step time: 5131.1ms.
   [Vectorized MCTS] Step 205: 64 games active. Completed: 56/1000. Step time: 4900.6ms.
   [Vectorized MCTS] Step 210: 64 games active. Completed: 60/1000. Step time: 4832.2ms.
   [Vectorized MCTS] Step 215: 64 games active. Completed: 61/1000. Step time: 4840.2ms.
   [Vectorized MCTS] Step 220: 64 games active. Completed: 61/1000. Step time: 5031.7ms.
   [Vectorized MCTS] Step 225: 64 games active. Completed: 64/1000. Step time: 4910.1ms.
   [Vectorized MCTS] Step 230: 64 games active. Completed: 65/1000. Step time: 5014.1ms.
   [Vectorized MCTS] Step 235: 64 games active. Completed: 65/1000. Step time: 5132.3ms.
   [Vectorized MCTS] Step 240: 64 games active. Completed: 67/1000. Step time: 5031.5ms.
   [Vectorized MCTS] Step 245: 64 games active. Completed: 67/1000. Step time: 4804.4ms.
   [Vectorized MCTS] Step 250: 64 games active. Completed: 81/1000. Step time: 4958.8ms.
   [Vectorized MCTS] Step 255: 64 games active. Completed: 82/1000. Step time: 4986.1ms.
   [Vectorized MCTS] Step 260: 64 games active. Completed: 82/1000. Step time: 4872.7ms.
   [Vectorized MCTS] Step 265: 64 games active. Completed: 84/1000. Step time: 4769.8ms.
   [Vectorized MCTS] Step 270: 64 games active. Completed: 88/1000. Step time: 5159.4ms.
   [Vectorized MCTS] Step 275: 64 games active. Completed: 89/1000. Step time: 4871.7ms.
   [Vectorized MCTS] Step 280: 64 games active. Completed: 91/1000. Step time: 4801.4ms.
   [Vectorized MCTS] Step 285: 64 games active. Completed: 94/1000. Step time: 5101.9ms.
   [Vectorized MCTS] Step 290: 64 games active. Completed: 96/1000. Step time: 4901.1ms.
   [Vectorized MCTS] Step 295: 64 games active. Completed: 97/1000. Step time: 4836.1ms.
   [Vectorized MCTS] Step 300: 64 games active. Completed: 99/1000. Step time: 4942.6ms.
   [Vectorized MCTS] Step 305: 64 games active. Completed: 104/1000. Step time: 4970.6ms.
   [Vectorized MCTS] Step 310: 64 games active. Completed: 106/1000. Step time: 4778.6ms.
   [Vectorized MCTS] Step 315: 64 games active. Completed: 112/1000. Step time: 4902.6ms.
   [Vectorized MCTS] Step 320: 64 games active. Completed: 114/1000. Step time: 4957.8ms.
   [Vectorized MCTS] Step 325: 64 games active. Completed: 115/1000. Step time: 4655.7ms.
   [Vectorized MCTS] Step 330: 64 games active. Completed: 117/1000. Step time: 4907.9ms.
   [Vectorized MCTS] Step 335: 64 games active. Completed: 120/1000. Step time: 5148.9ms.
   [Vectorized MCTS] Step 340: 64 games active. Completed: 123/1000. Step time: 4947.2ms.
   [Vectorized MCTS] Step 345: 64 games active. Completed: 123/1000. Step time: 4869.8ms.
   [Vectorized MCTS] Step 350: 64 games active. Completed: 127/1000. Step time: 4894.2ms.
   [Vectorized MCTS] Step 355: 64 games active. Completed: 128/1000. Step time: 5042.1ms.
   [Vectorized MCTS] Step 360: 64 games active. Completed: 128/1000. Step time: 4874.7ms.
   [Vectorized MCTS] Step 365: 64 games active. Completed: 129/1000. Step time: 4968.2ms.
   [Vectorized MCTS] Step 370: 64 games active. Completed: 130/1000. Step time: 5062.4ms.
   [Vectorized MCTS] Step 375: 64 games active. Completed: 130/1000. Step time: 4959.5ms.
   [Vectorized MCTS] Step 380: 64 games active. Completed: 133/1000. Step time: 4823.2ms.
   [Vectorized MCTS] Step 385: 64 games active. Completed: 135/1000. Step time: 4996.0ms.
   [Vectorized MCTS] Step 390: 64 games active. Completed: 138/1000. Step time: 4966.5ms.
   [Vectorized MCTS] Step 395: 64 games active. Completed: 143/1000. Step time: 4794.5ms.
   [Vectorized MCTS] Step 400: 64 games active. Completed: 145/1000. Step time: 4829.9ms.
   [Vectorized MCTS] Step 405: 64 games active. Completed: 148/1000. Step time: 5133.3ms.
   [Vectorized MCTS] Step 410: 64 games active. Completed: 148/1000. Step time: 4727.5ms.
   [Vectorized MCTS] Step 415: 64 games active. Completed: 153/1000. Step time: 4813.1ms.
   [Vectorized MCTS] Step 420: 64 games active. Completed: 157/1000. Step time: 4942.5ms.
   [Vectorized MCTS] Step 425: 64 games active. Completed: 157/1000. Step time: 4986.6ms.
   [Vectorized MCTS] Step 430: 64 games active. Completed: 158/1000. Step time: 4743.2ms.
   [Vectorized MCTS] Step 435: 64 games active. Completed: 159/1000. Step time: 5067.7ms.
   [Vectorized MCTS] Step 440: 64 games active. Completed: 160/1000. Step time: 4999.5ms.
   [Vectorized MCTS] Step 445: 64 games active. Completed: 164/1000. Step time: 4852.4ms.
   [Vectorized MCTS] Step 450: 64 games active. Completed: 165/1000. Step time: 4847.5ms.
   [Vectorized MCTS] Step 455: 64 games active. Completed: 168/1000. Step time: 4976.1ms.
   [Vectorized MCTS] Step 460: 64 games active. Completed: 170/1000. Step time: 4842.1ms.
   [Vectorized MCTS] Step 465: 64 games active. Completed: 173/1000. Step time: 5002.1ms.
   [Vectorized MCTS] Step 470: 64 games active. Completed: 174/1000. Step time: 5113.0ms.
   [Vectorized MCTS] Step 475: 64 games active. Completed: 176/1000. Step time: 4921.4ms.
   [Vectorized MCTS] Step 480: 64 games active. Completed: 178/1000. Step time: 4741.6ms.
   [Vectorized MCTS] Step 485: 64 games active. Completed: 180/1000. Step time: 4936.0ms.
   [Vectorized MCTS] Step 490: 64 games active. Completed: 183/1000. Step time: 4976.4ms.
   [Vectorized MCTS] Step 495: 64 games active. Completed: 184/1000. Step time: 4805.0ms.
   [Vectorized MCTS] Step 500: 64 games active. Completed: 188/1000. Step time: 4936.5ms.
   [Vectorized MCTS] Step 505: 64 games active. Completed: 189/1000. Step time: 5099.9ms.
   [Vectorized MCTS] Step 510: 64 games active. Completed: 194/1000. Step time: 4837.0ms.
   [Vectorized MCTS] Step 515: 64 games active. Completed: 197/1000. Step time: 4848.9ms.
   [Vectorized MCTS] Step 520: 64 games active. Completed: 197/1000. Step time: 4908.8ms.
   [Vectorized MCTS] Step 525: 64 games active. Completed: 200/1000. Step time: 4986.7ms.
   [Vectorized MCTS] Step 530: 64 games active. Completed: 201/1000. Step time: 4743.7ms.
   [Vectorized MCTS] Step 535: 64 games active. Completed: 204/1000. Step time: 4943.4ms.
   [Vectorized MCTS] Step 540: 64 games active. Completed: 205/1000. Step time: 4986.6ms.
   [Vectorized MCTS] Step 545: 64 games active. Completed: 208/1000. Step time: 4780.4ms.
   [Vectorized MCTS] Step 550: 64 games active. Completed: 210/1000. Step time: 4773.9ms.
   [Vectorized MCTS] Step 555: 64 games active. Completed: 212/1000. Step time: 5087.0ms.
   [Vectorized MCTS] Step 560: 64 games active. Completed: 214/1000. Step time: 4842.9ms.
   [Vectorized MCTS] Step 565: 64 games active. Completed: 216/1000. Step time: 4784.2ms.
   [Vectorized MCTS] Step 570: 64 games active. Completed: 218/1000. Step time: 5134.0ms.
   [Vectorized MCTS] Step 575: 64 games active. Completed: 220/1000. Step time: 5032.6ms.
   [Vectorized MCTS] Step 580: 64 games active. Completed: 223/1000. Step time: 4789.6ms.
   [Vectorized MCTS] Step 585: 64 games active. Completed: 223/1000. Step time: 5048.6ms.
   [Vectorized MCTS] Step 590: 64 games active. Completed: 226/1000. Step time: 4975.4ms.
   [Vectorized MCTS] Step 595: 64 games active. Completed: 226/1000. Step time: 4885.3ms.
   [Vectorized MCTS] Step 600: 64 games active. Completed: 230/1000. Step time: 4835.5ms.
   [Vectorized MCTS] Step 605: 64 games active. Completed: 232/1000. Step time: 5053.6ms.
   [Vectorized MCTS] Step 610: 64 games active. Completed: 235/1000. Step time: 4799.3ms.
   [Vectorized MCTS] Step 615: 64 games active. Completed: 237/1000. Step time: 4779.5ms.
   [Vectorized MCTS] Step 620: 64 games active. Completed: 237/1000. Step time: 5009.2ms.
   [Vectorized MCTS] Step 625: 64 games active. Completed: 238/1000. Step time: 5128.0ms.
   [Vectorized MCTS] Step 630: 64 games active. Completed: 242/1000. Step time: 4805.7ms.
   [Vectorized MCTS] Step 635: 64 games active. Completed: 246/1000. Step time: 4950.5ms.
   [Vectorized MCTS] Step 640: 64 games active. Completed: 250/1000. Step time: 4971.1ms.
   [Vectorized MCTS] Step 645: 64 games active. Completed: 252/1000. Step time: 4906.8ms.
   [Vectorized MCTS] Step 650: 64 games active. Completed: 255/1000. Step time: 4858.9ms.
   [Vectorized MCTS] Step 655: 64 games active. Completed: 260/1000. Step time: 5099.8ms.
   [Vectorized MCTS] Step 660: 64 games active. Completed: 261/1000. Step time: 4927.9ms.
   [Vectorized MCTS] Step 665: 64 games active. Completed: 262/1000. Step time: 4795.3ms.
   [Vectorized MCTS] Step 670: 64 games active. Completed: 264/1000. Step time: 4987.2ms.
   [Vectorized MCTS] Step 675: 64 games active. Completed: 266/1000. Step time: 5026.8ms.
   [Vectorized MCTS] Step 680: 64 games active. Completed: 268/1000. Step time: 4746.5ms.
   [Vectorized MCTS] Step 685: 64 games active. Completed: 271/1000. Step time: 4785.7ms.
   [Vectorized MCTS] Step 690: 64 games active. Completed: 273/1000. Step time: 5135.0ms.
   [Vectorized MCTS] Step 695: 64 games active. Completed: 277/1000. Step time: 4857.6ms.
   [Vectorized MCTS] Step 700: 64 games active. Completed: 282/1000. Step time: 4834.2ms.
   [Vectorized MCTS] Step 705: 64 games active. Completed: 285/1000. Step time: 5201.9ms.
   [Vectorized MCTS] Step 710: 64 games active. Completed: 288/1000. Step time: 4822.2ms.
   [Vectorized MCTS] Step 715: 64 games active. Completed: 290/1000. Step time: 4769.1ms.
   [Vectorized MCTS] Step 720: 64 games active. Completed: 292/1000. Step time: 4902.1ms.
   [Vectorized MCTS] Step 725: 64 games active. Completed: 294/1000. Step time: 4972.7ms.
   [Vectorized MCTS] Step 730: 64 games active. Completed: 294/1000. Step time: 4805.1ms.
   [Vectorized MCTS] Step 735: 64 games active. Completed: 294/1000. Step time: 4949.2ms.
   [Vectorized MCTS] Step 740: 64 games active. Completed: 296/1000. Step time: 5034.3ms.
   [Vectorized MCTS] Step 745: 64 games active. Completed: 298/1000. Step time: 4842.9ms.
   [Vectorized MCTS] Step 750: 64 games active. Completed: 299/1000. Step time: 4849.4ms.
   [Vectorized MCTS] Step 755: 64 games active. Completed: 300/1000. Step time: 5044.3ms.
   [Vectorized MCTS] Step 760: 64 games active. Completed: 302/1000. Step time: 4928.6ms.
   [Vectorized MCTS] Step 765: 64 games active. Completed: 304/1000. Step time: 4803.7ms.
   [Vectorized MCTS] Step 770: 64 games active. Completed: 308/1000. Step time: 4917.6ms.
   [Vectorized MCTS] Step 775: 64 games active. Completed: 310/1000. Step time: 4963.1ms.
   [Vectorized MCTS] Step 780: 64 games active. Completed: 311/1000. Step time: 4892.9ms.
   [Vectorized MCTS] Step 785: 64 games active. Completed: 317/1000. Step time: 4781.3ms.
   [Vectorized MCTS] Step 790: 64 games active. Completed: 317/1000. Step time: 5059.0ms.
   [Vectorized MCTS] Step 795: 64 games active. Completed: 318/1000. Step time: 4839.1ms.
   [Vectorized MCTS] Step 800: 64 games active. Completed: 322/1000. Step time: 4816.0ms.
   [Vectorized MCTS] Step 805: 64 games active. Completed: 325/1000. Step time: 5064.1ms.
   [Vectorized MCTS] Step 810: 64 games active. Completed: 329/1000. Step time: 4939.0ms.
   [Vectorized MCTS] Step 815: 64 games active. Completed: 331/1000. Step time: 4826.2ms.
   [Vectorized MCTS] Step 820: 64 games active. Completed: 331/1000. Step time: 5028.6ms.
   [Vectorized MCTS] Step 825: 64 games active. Completed: 333/1000. Step time: 4942.5ms.
   [Vectorized MCTS] Step 830: 64 games active. Completed: 337/1000. Step time: 4791.2ms.
   [Vectorized MCTS] Step 835: 64 games active. Completed: 341/1000. Step time: 4816.9ms.
   [Vectorized MCTS] Step 840: 64 games active. Completed: 342/1000. Step time: 6216.4ms.
   [Vectorized MCTS] Step 845: 64 games active. Completed: 345/1000. Step time: 4780.7ms.
   [Vectorized MCTS] Step 850: 64 games active. Completed: 348/1000. Step time: 4763.8ms.
   [Vectorized MCTS] Step 855: 64 games active. Completed: 350/1000. Step time: 4960.0ms.
   [Vectorized MCTS] Step 860: 64 games active. Completed: 352/1000. Step time: 4946.2ms.
   [Vectorized MCTS] Step 865: 64 games active. Completed: 354/1000. Step time: 4779.3ms.
   [Vectorized MCTS] Step 870: 64 games active. Completed: 354/1000. Step time: 5708.9ms.
   [Vectorized MCTS] Step 875: 64 games active. Completed: 355/1000. Step time: 5109.8ms.
   [Vectorized MCTS] Step 880: 64 games active. Completed: 358/1000. Step time: 4868.5ms.
   [Vectorized MCTS] Step 885: 64 games active. Completed: 359/1000. Step time: 4773.3ms.
   [Vectorized MCTS] Step 890: 64 games active. Completed: 359/1000. Step time: 4912.1ms.
   [Vectorized MCTS] Step 895: 64 games active. Completed: 363/1000. Step time: 5007.0ms.
   [Vectorized MCTS] Step 900: 64 games active. Completed: 363/1000. Step time: 4768.5ms.
   [Vectorized MCTS] Step 905: 64 games active. Completed: 365/1000. Step time: 4937.7ms.
   [Vectorized MCTS] Step 910: 64 games active. Completed: 368/1000. Step time: 5151.8ms.
   [Vectorized MCTS] Step 915: 64 games active. Completed: 372/1000. Step time: 4821.8ms.
   [Vectorized MCTS] Step 920: 64 games active. Completed: 375/1000. Step time: 4815.9ms.
   [Vectorized MCTS] Step 925: 64 games active. Completed: 377/1000. Step time: 5006.9ms.
   [Vectorized MCTS] Step 930: 64 games active. Completed: 380/1000. Step time: 4921.7ms.
   [Vectorized MCTS] Step 935: 64 games active. Completed: 381/1000. Step time: 4756.0ms.
   [Vectorized MCTS] Step 940: 64 games active. Completed: 382/1000. Step time: 5169.3ms.
   [Vectorized MCTS] Step 945: 64 games active. Completed: 387/1000. Step time: 5011.9ms.
   [Vectorized MCTS] Step 950: 64 games active. Completed: 390/1000. Step time: 4854.7ms.
   [Vectorized MCTS] Step 955: 64 games active. Completed: 392/1000. Step time: 4789.1ms.
   [Vectorized MCTS] Step 960: 64 games active. Completed: 393/1000. Step time: 4900.5ms.
   [Vectorized MCTS] Step 965: 64 games active. Completed: 396/1000. Step time: 4890.7ms.
   [Vectorized MCTS] Step 970: 64 games active. Completed: 399/1000. Step time: 4860.4ms.
   [Vectorized MCTS] Step 975: 64 games active. Completed: 403/1000. Step time: 5171.2ms.
   [Vectorized MCTS] Step 980: 64 games active. Completed: 406/1000. Step time: 4860.2ms.
   [Vectorized MCTS] Step 985: 64 games active. Completed: 406/1000. Step time: 4782.0ms.
   [Vectorized MCTS] Step 990: 64 games active. Completed: 408/1000. Step time: 4997.6ms.
   [Vectorized MCTS] Step 995: 64 games active. Completed: 408/1000. Step time: 4956.6ms.
   [Vectorized MCTS] Step 1000: 64 games active. Completed: 411/1000. Step time: 4792.7ms.
   [Vectorized MCTS] Step 1005: 64 games active. Completed: 413/1000. Step time: 4895.7ms.
   [Vectorized MCTS] Step 1010: 64 games active. Completed: 416/1000. Step time: 5049.2ms.
   [Vectorized MCTS] Step 1015: 64 games active. Completed: 418/1000. Step time: 4849.4ms.
   [Vectorized MCTS] Step 1020: 64 games active. Completed: 419/1000. Step time: 4839.0ms.
   [Vectorized MCTS] Step 1025: 64 games active. Completed: 421/1000. Step time: 5005.8ms.
   [Vectorized MCTS] Step 1030: 64 games active. Completed: 423/1000. Step time: 4840.1ms.
   [Vectorized MCTS] Step 1035: 64 games active. Completed: 425/1000. Step time: 4844.9ms.
   [Vectorized MCTS] Step 1040: 64 games active. Completed: 427/1000. Step time: 5002.0ms.
   [Vectorized MCTS] Step 1045: 64 games active. Completed: 429/1000. Step time: 5085.2ms.
   [Vectorized MCTS] Step 1050: 64 games active. Completed: 434/1000. Step time: 4820.1ms.
   [Vectorized MCTS] Step 1055: 64 games active. Completed: 435/1000. Step time: 4929.4ms.
   [Vectorized MCTS] Step 1060: 64 games active. Completed: 438/1000. Step time: 5014.7ms.
   [Vectorized MCTS] Step 1065: 64 games active. Completed: 440/1000. Step time: 4729.8ms.
   [Vectorized MCTS] Step 1070: 64 games active. Completed: 441/1000. Step time: 4837.2ms.
   [Vectorized MCTS] Step 1075: 64 games active. Completed: 444/1000. Step time: 5072.5ms.
   [Vectorized MCTS] Step 1080: 64 games active. Completed: 446/1000. Step time: 4878.3ms.
   [Vectorized MCTS] Step 1085: 64 games active. Completed: 450/1000. Step time: 4725.9ms.
   [Vectorized MCTS] Step 1090: 64 games active. Completed: 451/1000. Step time: 4999.4ms.
   [Vectorized MCTS] Step 1095: 64 games active. Completed: 451/1000. Step time: 4920.9ms.
   [Vectorized MCTS] Step 1100: 64 games active. Completed: 455/1000. Step time: 4822.9ms.
   [Vectorized MCTS] Step 1105: 64 games active. Completed: 457/1000. Step time: 4918.7ms.
   [Vectorized MCTS] Step 1110: 64 games active. Completed: 460/1000. Step time: 5051.6ms.
   [Vectorized MCTS] Step 1115: 64 games active. Completed: 461/1000. Step time: 4757.4ms.
   [Vectorized MCTS] Step 1120: 64 games active. Completed: 461/1000. Step time: 4860.8ms.
   [Vectorized MCTS] Step 1125: 64 games active. Completed: 467/1000. Step time: 4942.8ms.
   [Vectorized MCTS] Step 1130: 64 games active. Completed: 469/1000. Step time: 4946.4ms.
   [Vectorized MCTS] Step 1135: 64 games active. Completed: 469/1000. Step time: 4814.9ms.
   [Vectorized MCTS] Step 1140: 64 games active. Completed: 473/1000. Step time: 5069.8ms.
   [Vectorized MCTS] Step 1145: 64 games active. Completed: 474/1000. Step time: 4961.2ms.
   [Vectorized MCTS] Step 1150: 64 games active. Completed: 477/1000. Step time: 4852.1ms.
   [Vectorized MCTS] Step 1155: 64 games active. Completed: 478/1000. Step time: 4778.6ms.
   [Vectorized MCTS] Step 1160: 64 games active. Completed: 480/1000. Step time: 5012.8ms.
   [Vectorized MCTS] Step 1165: 64 games active. Completed: 484/1000. Step time: 4864.0ms.
   [Vectorized MCTS] Step 1170: 64 games active. Completed: 485/1000. Step time: 4832.6ms.
   [Vectorized MCTS] Step 1175: 64 games active. Completed: 486/1000. Step time: 4999.4ms.
   [Vectorized MCTS] Step 1180: 64 games active. Completed: 489/1000. Step time: 4905.1ms.
   [Vectorized MCTS] Step 1185: 64 games active. Completed: 495/1000. Step time: 4726.7ms.
   [Vectorized MCTS] Step 1190: 64 games active. Completed: 499/1000. Step time: 4947.3ms.
   [Vectorized MCTS] Step 1195: 64 games active. Completed: 502/1000. Step time: 4894.2ms.
   [Vectorized MCTS] Step 1200: 64 games active. Completed: 504/1000. Step time: 4874.4ms.
   [Vectorized MCTS] Step 1205: 64 games active. Completed: 506/1000. Step time: 4893.5ms.
   [Vectorized MCTS] Step 1210: 64 games active. Completed: 509/1000. Step time: 5151.1ms.
   [Vectorized MCTS] Step 1215: 64 games active. Completed: 512/1000. Step time: 4779.7ms.
   [Vectorized MCTS] Step 1220: 64 games active. Completed: 512/1000. Step time: 4827.7ms.
   [Vectorized MCTS] Step 1225: 64 games active. Completed: 513/1000. Step time: 4834.8ms.
   [Vectorized MCTS] Step 1230: 64 games active. Completed: 514/1000. Step time: 4994.5ms.
   [Vectorized MCTS] Step 1235: 64 games active. Completed: 517/1000. Step time: 4952.5ms.
   [Vectorized MCTS] Step 1240: 64 games active. Completed: 519/1000. Step time: 4965.3ms.
   [Vectorized MCTS] Step 1245: 64 games active. Completed: 522/1000. Step time: 5065.7ms.
   [Vectorized MCTS] Step 1250: 64 games active. Completed: 525/1000. Step time: 4923.0ms.
   [Vectorized MCTS] Step 1255: 64 games active. Completed: 527/1000. Step time: 4939.4ms.
   [Vectorized MCTS] Step 1260: 64 games active. Completed: 531/1000. Step time: 4909.0ms.
   [Vectorized MCTS] Step 1265: 64 games active. Completed: 533/1000. Step time: 4904.8ms.
   [Vectorized MCTS] Step 1270: 64 games active. Completed: 535/1000. Step time: 4822.5ms.
   [Vectorized MCTS] Step 1275: 64 games active. Completed: 537/1000. Step time: 4934.1ms.
   [Vectorized MCTS] Step 1280: 64 games active. Completed: 539/1000. Step time: 4928.3ms.
   [Vectorized MCTS] Step 1285: 64 games active. Completed: 543/1000. Step time: 4773.2ms.
   [Vectorized MCTS] Step 1290: 64 games active. Completed: 544/1000. Step time: 4886.4ms.
   [Vectorized MCTS] Step 1295: 64 games active. Completed: 547/1000. Step time: 4976.7ms.
   [Vectorized MCTS] Step 1300: 64 games active. Completed: 550/1000. Step time: 4738.4ms.
   [Vectorized MCTS] Step 1305: 64 games active. Completed: 553/1000. Step time: 4820.8ms.
   [Vectorized MCTS] Step 1310: 64 games active. Completed: 557/1000. Step time: 5066.2ms.
   [Vectorized MCTS] Step 1315: 64 games active. Completed: 558/1000. Step time: 4758.5ms.
   [Vectorized MCTS] Step 1320: 64 games active. Completed: 561/1000. Step time: 4712.0ms.
   [Vectorized MCTS] Step 1325: 64 games active. Completed: 562/1000. Step time: 4991.6ms.
   [Vectorized MCTS] Step 1330: 64 games active. Completed: 563/1000. Step time: 4977.5ms.
   [Vectorized MCTS] Step 1335: 64 games active. Completed: 566/1000. Step time: 3820.4ms.
   [Vectorized MCTS] Step 1340: 64 games active. Completed: 567/1000. Step time: 3989.1ms.
   [Vectorized MCTS] Step 1345: 64 games active. Completed: 569/1000. Step time: 3972.1ms.
   [Vectorized MCTS] Step 1350: 64 games active. Completed: 571/1000. Step time: 3980.8ms.
   [Vectorized MCTS] Step 1355: 64 games active. Completed: 575/1000. Step time: 4906.7ms.
   [Vectorized MCTS] Step 1360: 64 games active. Completed: 576/1000. Step time: 3964.9ms.
   [Vectorized MCTS] Step 1365: 64 games active. Completed: 578/1000. Step time: 3965.0ms.
   [Vectorized MCTS] Step 1370: 64 games active. Completed: 578/1000. Step time: 3975.2ms.
   [Vectorized MCTS] Step 1375: 64 games active. Completed: 581/1000. Step time: 3950.2ms.
   [Vectorized MCTS] Step 1380: 64 games active. Completed: 582/1000. Step time: 3956.0ms.
   [Vectorized MCTS] Step 1385: 64 games active. Completed: 585/1000. Step time: 3987.3ms.
   [Vectorized MCTS] Step 1390: 64 games active. Completed: 589/1000. Step time: 3954.0ms.
   [Vectorized MCTS] Step 1395: 64 games active. Completed: 590/1000. Step time: 3965.1ms.
   [Vectorized MCTS] Step 1400: 64 games active. Completed: 592/1000. Step time: 3955.0ms.
   [Vectorized MCTS] Step 1405: 64 games active. Completed: 593/1000. Step time: 3943.4ms.
   [Vectorized MCTS] Step 1410: 64 games active. Completed: 596/1000. Step time: 3929.7ms.
   [Vectorized MCTS] Step 1415: 64 games active. Completed: 599/1000. Step time: 3951.1ms.
   [Vectorized MCTS] Step 1420: 64 games active. Completed: 601/1000. Step time: 3920.1ms.
   [Vectorized MCTS] Step 1425: 64 games active. Completed: 605/1000. Step time: 3931.1ms.
   [Vectorized MCTS] Step 1430: 64 games active. Completed: 606/1000. Step time: 3943.3ms.
   [Vectorized MCTS] Step 1435: 64 games active. Completed: 607/1000. Step time: 3953.5ms.
   [Vectorized MCTS] Step 1440: 64 games active. Completed: 607/1000. Step time: 3977.6ms.
   [Vectorized MCTS] Step 1445: 64 games active. Completed: 608/1000. Step time: 3968.9ms.
   [Vectorized MCTS] Step 1450: 64 games active. Completed: 611/1000. Step time: 3969.3ms.
   [Vectorized MCTS] Step 1455: 64 games active. Completed: 614/1000. Step time: 3961.5ms.
   [Vectorized MCTS] Step 1460: 64 games active. Completed: 616/1000. Step time: 3961.6ms.
   [Vectorized MCTS] Step 1465: 64 games active. Completed: 618/1000. Step time: 3956.5ms.
   [Vectorized MCTS] Step 1470: 64 games active. Completed: 619/1000. Step time: 3948.1ms.
   [Vectorized MCTS] Step 1475: 64 games active. Completed: 622/1000. Step time: 3949.0ms.
   [Vectorized MCTS] Step 1480: 64 games active. Completed: 625/1000. Step time: 3953.2ms.
   [Vectorized MCTS] Step 1485: 64 games active. Completed: 625/1000. Step time: 3968.2ms.
   [Vectorized MCTS] Step 1490: 64 games active. Completed: 629/1000. Step time: 3961.6ms.
   [Vectorized MCTS] Step 1495: 64 games active. Completed: 632/1000. Step time: 3958.6ms.
   [Vectorized MCTS] Step 1500: 64 games active. Completed: 634/1000. Step time: 3964.1ms.
   [Vectorized MCTS] Step 1505: 64 games active. Completed: 636/1000. Step time: 4096.2ms.
   [Vectorized MCTS] Step 1510: 64 games active. Completed: 642/1000. Step time: 4067.8ms.
   [Vectorized MCTS] Step 1515: 64 games active. Completed: 643/1000. Step time: 4068.8ms.
   [Vectorized MCTS] Step 1520: 64 games active. Completed: 644/1000. Step time: 3928.8ms.
   [Vectorized MCTS] Step 1525: 64 games active. Completed: 646/1000. Step time: 3942.6ms.
   [Vectorized MCTS] Step 1530: 64 games active. Completed: 646/1000. Step time: 3949.4ms.
   [Vectorized MCTS] Step 1535: 64 games active. Completed: 647/1000. Step time: 3963.6ms.
   [Vectorized MCTS] Step 1540: 64 games active. Completed: 648/1000. Step time: 3957.6ms.
   [Vectorized MCTS] Step 1545: 64 games active. Completed: 648/1000. Step time: 3982.9ms.
   [Vectorized MCTS] Step 1550: 64 games active. Completed: 650/1000. Step time: 3966.3ms.
   [Vectorized MCTS] Step 1555: 64 games active. Completed: 654/1000. Step time: 3963.2ms.
   [Vectorized MCTS] Step 1560: 64 games active. Completed: 656/1000. Step time: 3952.5ms.
   [Vectorized MCTS] Step 1565: 64 games active. Completed: 657/1000. Step time: 3946.4ms.
   [Vectorized MCTS] Step 1570: 64 games active. Completed: 660/1000. Step time: 3937.2ms.
   [Vectorized MCTS] Step 1575: 64 games active. Completed: 660/1000. Step time: 3944.6ms.
   [Vectorized MCTS] Step 1580: 64 games active. Completed: 663/1000. Step time: 3930.0ms.
   [Vectorized MCTS] Step 1585: 64 games active. Completed: 663/1000. Step time: 3943.8ms.
   [Vectorized MCTS] Step 1590: 64 games active. Completed: 665/1000. Step time: 3945.7ms.
   [Vectorized MCTS] Step 1595: 64 games active. Completed: 668/1000. Step time: 3949.0ms.
   [Vectorized MCTS] Step 1600: 64 games active. Completed: 672/1000. Step time: 3942.5ms.
   [Vectorized MCTS] Step 1605: 64 games active. Completed: 673/1000. Step time: 3954.8ms.
   [Vectorized MCTS] Step 1610: 64 games active. Completed: 676/1000. Step time: 3928.7ms.
   [Vectorized MCTS] Step 1615: 64 games active. Completed: 679/1000. Step time: 3941.7ms.
   [Vectorized MCTS] Step 1620: 64 games active. Completed: 680/1000. Step time: 3930.1ms.
   [Vectorized MCTS] Step 1625: 64 games active. Completed: 685/1000. Step time: 3919.3ms.
   [Vectorized MCTS] Step 1630: 64 games active. Completed: 687/1000. Step time: 3934.7ms.
   [Vectorized MCTS] Step 1635: 64 games active. Completed: 689/1000. Step time: 3913.8ms.
   [Vectorized MCTS] Step 1640: 64 games active. Completed: 695/1000. Step time: 3904.3ms.
   [Vectorized MCTS] Step 1645: 64 games active. Completed: 697/1000. Step time: 3906.2ms.
   [Vectorized MCTS] Step 1650: 64 games active. Completed: 697/1000. Step time: 3917.7ms.
   [Vectorized MCTS] Step 1655: 64 games active. Completed: 698/1000. Step time: 3926.1ms.
   [Vectorized MCTS] Step 1660: 64 games active. Completed: 698/1000. Step time: 3932.3ms.
   [Vectorized MCTS] Step 1665: 64 games active. Completed: 702/1000. Step time: 3943.9ms.
   [Vectorized MCTS] Step 1670: 64 games active. Completed: 702/1000. Step time: 3973.6ms.
   [Vectorized MCTS] Step 1675: 64 games active. Completed: 705/1000. Step time: 3945.8ms.
   [Vectorized MCTS] Step 1680: 64 games active. Completed: 709/1000. Step time: 3947.6ms.
   [Vectorized MCTS] Step 1685: 64 games active. Completed: 712/1000. Step time: 3931.5ms.
   [Vectorized MCTS] Step 1690: 64 games active. Completed: 712/1000. Step time: 3949.7ms.
   [Vectorized MCTS] Step 1695: 64 games active. Completed: 713/1000. Step time: 3941.0ms.
   [Vectorized MCTS] Step 1700: 64 games active. Completed: 716/1000. Step time: 3954.6ms.
   [Vectorized MCTS] Step 1705: 64 games active. Completed: 722/1000. Step time: 3973.4ms.
   [Vectorized MCTS] Step 1710: 64 games active. Completed: 723/1000. Step time: 3949.9ms.
   [Vectorized MCTS] Step 1715: 64 games active. Completed: 726/1000. Step time: 3933.2ms.
   [Vectorized MCTS] Step 1720: 64 games active. Completed: 726/1000. Step time: 3945.8ms.
   [Vectorized MCTS] Step 1725: 64 games active. Completed: 729/1000. Step time: 3945.8ms.
   [Vectorized MCTS] Step 1730: 64 games active. Completed: 730/1000. Step time: 3955.0ms.
   [Vectorized MCTS] Step 1735: 64 games active. Completed: 731/1000. Step time: 3938.3ms.
   [Vectorized MCTS] Step 1740: 64 games active. Completed: 735/1000. Step time: 3943.6ms.
   [Vectorized MCTS] Step 1745: 64 games active. Completed: 737/1000. Step time: 3934.8ms.
   [Vectorized MCTS] Step 1750: 64 games active. Completed: 739/1000. Step time: 3946.2ms.
   [Vectorized MCTS] Step 1755: 64 games active. Completed: 741/1000. Step time: 3946.4ms.
   [Vectorized MCTS] Step 1760: 64 games active. Completed: 743/1000. Step time: 3939.7ms.
   [Vectorized MCTS] Step 1765: 64 games active. Completed: 745/1000. Step time: 3940.3ms.
   [Vectorized MCTS] Step 1770: 64 games active. Completed: 747/1000. Step time: 3926.4ms.
   [Vectorized MCTS] Step 1775: 64 games active. Completed: 749/1000. Step time: 3924.6ms.
   [Vectorized MCTS] Step 1780: 64 games active. Completed: 751/1000. Step time: 3918.9ms.
   [Vectorized MCTS] Step 1785: 64 games active. Completed: 755/1000. Step time: 3925.8ms.
   [Vectorized MCTS] Step 1790: 64 games active. Completed: 755/1000. Step time: 3935.9ms.
   [Vectorized MCTS] Step 1795: 64 games active. Completed: 755/1000. Step time: 3943.3ms.
   [Vectorized MCTS] Step 1800: 64 games active. Completed: 758/1000. Step time: 3939.5ms.
   [Vectorized MCTS] Step 1805: 64 games active. Completed: 760/1000. Step time: 3940.7ms.
   [Vectorized MCTS] Step 1810: 64 games active. Completed: 761/1000. Step time: 3945.4ms.
   [Vectorized MCTS] Step 1815: 64 games active. Completed: 762/1000. Step time: 3944.3ms.
   [Vectorized MCTS] Step 1820: 64 games active. Completed: 763/1000. Step time: 3961.7ms.
   [Vectorized MCTS] Step 1825: 64 games active. Completed: 770/1000. Step time: 3931.7ms.
   [Vectorized MCTS] Step 1830: 64 games active. Completed: 773/1000. Step time: 3925.1ms.
   [Vectorized MCTS] Step 1835: 64 games active. Completed: 776/1000. Step time: 3933.4ms.
   [Vectorized MCTS] Step 1840: 64 games active. Completed: 779/1000. Step time: 3962.3ms.
   [Vectorized MCTS] Step 1845: 64 games active. Completed: 781/1000. Step time: 3929.2ms.
   [Vectorized MCTS] Step 1850: 64 games active. Completed: 781/1000. Step time: 3952.8ms.
   [Vectorized MCTS] Step 1855: 64 games active. Completed: 782/1000. Step time: 3954.3ms.
   [Vectorized MCTS] Step 1860: 64 games active. Completed: 785/1000. Step time: 3959.0ms.
   [Vectorized MCTS] Step 1865: 64 games active. Completed: 789/1000. Step time: 3943.8ms.
   [Vectorized MCTS] Step 1870: 64 games active. Completed: 793/1000. Step time: 3927.8ms.
   [Vectorized MCTS] Step 1875: 64 games active. Completed: 797/1000. Step time: 3912.2ms.
   [Vectorized MCTS] Step 1880: 64 games active. Completed: 800/1000. Step time: 3904.8ms.
   [Vectorized MCTS] Step 1885: 64 games active. Completed: 801/1000. Step time: 3929.3ms.
   [Vectorized MCTS] Step 1890: 64 games active. Completed: 805/1000. Step time: 3900.7ms.
   [Vectorized MCTS] Step 1895: 64 games active. Completed: 808/1000. Step time: 3916.5ms.
   [Vectorized MCTS] Step 1900: 64 games active. Completed: 810/1000. Step time: 3941.1ms.
   [Vectorized MCTS] Step 1905: 64 games active. Completed: 812/1000. Step time: 3928.3ms.
   [Vectorized MCTS] Step 1910: 64 games active. Completed: 813/1000. Step time: 3941.5ms.
   [Vectorized MCTS] Step 1915: 64 games active. Completed: 813/1000. Step time: 3986.7ms.
   [Vectorized MCTS] Step 1920: 64 games active. Completed: 815/1000. Step time: 3956.6ms.
   [Vectorized MCTS] Step 1925: 64 games active. Completed: 817/1000. Step time: 3945.7ms.
   [Vectorized MCTS] Step 1930: 64 games active. Completed: 817/1000. Step time: 3980.8ms.
   [Vectorized MCTS] Step 1935: 64 games active. Completed: 820/1000. Step time: 3962.3ms.
   [Vectorized MCTS] Step 1940: 64 games active. Completed: 821/1000. Step time: 3962.3ms.
   [Vectorized MCTS] Step 1945: 64 games active. Completed: 823/1000. Step time: 3973.0ms.
   [Vectorized MCTS] Step 1950: 64 games active. Completed: 824/1000. Step time: 3940.0ms.
   [Vectorized MCTS] Step 1955: 64 games active. Completed: 825/1000. Step time: 3953.3ms.
   [Vectorized MCTS] Step 1960: 64 games active. Completed: 829/1000. Step time: 3944.3ms.
   [Vectorized MCTS] Step 1965: 64 games active. Completed: 835/1000. Step time: 3914.1ms.
   [Vectorized MCTS] Step 1970: 64 games active. Completed: 836/1000. Step time: 3915.0ms.
   [Vectorized MCTS] Step 1975: 64 games active. Completed: 837/1000. Step time: 3923.0ms.
   [Vectorized MCTS] Step 1980: 64 games active. Completed: 842/1000. Step time: 3909.6ms.
   [Vectorized MCTS] Step 1985: 64 games active. Completed: 843/1000. Step time: 3916.0ms.
   [Vectorized MCTS] Step 1990: 64 games active. Completed: 845/1000. Step time: 3941.5ms.
   [Vectorized MCTS] Step 1995: 64 games active. Completed: 847/1000. Step time: 3935.5ms.
   [Vectorized MCTS] Step 2000: 64 games active. Completed: 848/1000. Step time: 3960.7ms.
   [Vectorized MCTS] Step 2005: 64 games active. Completed: 851/1000. Step time: 3936.6ms.
   [Vectorized MCTS] Step 2010: 64 games active. Completed: 852/1000. Step time: 3939.3ms.
   [Vectorized MCTS] Step 2015: 64 games active. Completed: 857/1000. Step time: 3931.7ms.
   [Vectorized MCTS] Step 2020: 64 games active. Completed: 858/1000. Step time: 3928.3ms.
   [Vectorized MCTS] Step 2025: 64 games active. Completed: 860/1000. Step time: 3937.2ms.
   [Vectorized MCTS] Step 2030: 64 games active. Completed: 860/1000. Step time: 3942.5ms.
   [Vectorized MCTS] Step 2035: 64 games active. Completed: 863/1000. Step time: 3932.1ms.
   [Vectorized MCTS] Step 2040: 64 games active. Completed: 865/1000. Step time: 3937.6ms.
   [Vectorized MCTS] Step 2045: 64 games active. Completed: 866/1000. Step time: 3959.7ms.
   [Vectorized MCTS] Step 2050: 64 games active. Completed: 866/1000. Step time: 3963.7ms.
   [Vectorized MCTS] Step 2055: 64 games active. Completed: 870/1000. Step time: 3955.0ms.
   [Vectorized MCTS] Step 2060: 64 games active. Completed: 875/1000. Step time: 3932.6ms.
   [Vectorized MCTS] Step 2065: 64 games active. Completed: 876/1000. Step time: 3931.3ms.
   [Vectorized MCTS] Step 2070: 64 games active. Completed: 877/1000. Step time: 3931.7ms.
   [Vectorized MCTS] Step 2075: 64 games active. Completed: 880/1000. Step time: 3926.7ms.
   [Vectorized MCTS] Step 2080: 64 games active. Completed: 881/1000. Step time: 3932.5ms.
   [Vectorized MCTS] Step 2085: 64 games active. Completed: 886/1000. Step time: 3937.8ms.
   [Vectorized MCTS] Step 2090: 64 games active. Completed: 891/1000. Step time: 3940.9ms.
   [Vectorized MCTS] Step 2095: 64 games active. Completed: 892/1000. Step time: 3930.3ms.
   [Vectorized MCTS] Step 2100: 64 games active. Completed: 893/1000. Step time: 3937.0ms.
   [Vectorized MCTS] Step 2105: 64 games active. Completed: 895/1000. Step time: 3943.7ms.
   [Vectorized MCTS] Step 2110: 64 games active. Completed: 899/1000. Step time: 3923.8ms.
   [Vectorized MCTS] Step 2115: 64 games active. Completed: 900/1000. Step time: 3946.9ms.
   [Vectorized MCTS] Step 2120: 64 games active. Completed: 901/1000. Step time: 3950.7ms.
   [Vectorized MCTS] Step 2125: 64 games active. Completed: 902/1000. Step time: 3945.2ms.
   [Vectorized MCTS] Step 2130: 64 games active. Completed: 908/1000. Step time: 3936.5ms.
   [Vectorized MCTS] Step 2135: 64 games active. Completed: 911/1000. Step time: 3924.7ms.
   [Vectorized MCTS] Step 2140: 64 games active. Completed: 913/1000. Step time: 3912.4ms.
   [Vectorized MCTS] Step 2145: 64 games active. Completed: 917/1000. Step time: 3918.1ms.
   [Vectorized MCTS] Step 2150: 64 games active. Completed: 918/1000. Step time: 3957.3ms.
   [Vectorized MCTS] Step 2155: 64 games active. Completed: 920/1000. Step time: 3922.5ms.
   [Vectorized MCTS] Step 2160: 64 games active. Completed: 921/1000. Step time: 3933.5ms.
   [Vectorized MCTS] Step 2165: 64 games active. Completed: 922/1000. Step time: 3942.4ms.
   [Vectorized MCTS] Step 2170: 64 games active. Completed: 923/1000. Step time: 3947.4ms.
   [Vectorized MCTS] Step 2175: 64 games active. Completed: 926/1000. Step time: 3937.9ms.
   [Vectorized MCTS] Step 2180: 64 games active. Completed: 928/1000. Step time: 3956.3ms.
   [Vectorized MCTS] Step 2185: 64 games active. Completed: 932/1000. Step time: 3936.5ms.
   [Vectorized MCTS] Step 2190: 63 games active. Completed: 937/1000. Step time: 3929.0ms.
   [Vectorized MCTS] Step 2195: 61 games active. Completed: 939/1000. Step time: 3964.4ms.
   [Vectorized MCTS] Step 2200: 61 games active. Completed: 939/1000. Step time: 3972.9ms.
   [Vectorized MCTS] Step 2205: 60 games active. Completed: 940/1000. Step time: 3911.3ms.
   [Vectorized MCTS] Step 2210: 58 games active. Completed: 942/1000. Step time: 3843.4ms.
   [Vectorized MCTS] Step 2215: 57 games active. Completed: 943/1000. Step time: 3717.4ms.
   [Vectorized MCTS] Step 2220: 56 games active. Completed: 944/1000. Step time: 3705.5ms.
   [Vectorized MCTS] Step 2225: 51 games active. Completed: 949/1000. Step time: 3633.4ms.
   [Vectorized MCTS] Step 2230: 48 games active. Completed: 952/1000. Step time: 2815.5ms.
   [Vectorized MCTS] Step 2235: 45 games active. Completed: 955/1000. Step time: 2634.9ms.
   [Vectorized MCTS] Step 2240: 42 games active. Completed: 958/1000. Step time: 2505.2ms.
   [Vectorized MCTS] Step 2245: 38 games active. Completed: 962/1000. Step time: 2408.4ms.
   [Vectorized MCTS] Step 2250: 36 games active. Completed: 964/1000. Step time: 2212.0ms.
   [Vectorized MCTS] Step 2255: 34 games active. Completed: 966/1000. Step time: 2131.4ms.
   [Vectorized MCTS] Step 2260: 34 games active. Completed: 966/1000. Step time: 2145.8ms.
   [Vectorized MCTS] Step 2265: 30 games active. Completed: 970/1000. Step time: 1946.7ms.
   [Vectorized MCTS] Step 2270: 30 games active. Completed: 970/1000. Step time: 1936.2ms.
   [Vectorized MCTS] Step 2275: 30 games active. Completed: 970/1000. Step time: 1942.0ms.
   [Vectorized MCTS] Step 2280: 28 games active. Completed: 972/1000. Step time: 1882.5ms.
   [Vectorized MCTS] Step 2285: 26 games active. Completed: 974/1000. Step time: 1688.9ms.
   [Vectorized MCTS] Step 2290: 23 games active. Completed: 977/1000. Step time: 1614.9ms.
   [Vectorized MCTS] Step 2295: 20 games active. Completed: 980/1000. Step time: 1405.6ms.
   [Vectorized MCTS] Step 2300: 19 games active. Completed: 981/1000. Step time: 1384.4ms.
   [Vectorized MCTS] Step 2305: 18 games active. Completed: 982/1000. Step time: 1199.6ms.
   [Vectorized MCTS] Step 2310: 18 games active. Completed: 982/1000. Step time: 1214.7ms.
   [Vectorized MCTS] Step 2315: 16 games active. Completed: 984/1000. Step time: 1143.3ms.
   [Vectorized MCTS] Step 2320: 15 games active. Completed: 985/1000. Step time: 1137.5ms.
   [Vectorized MCTS] Step 2325: 14 games active. Completed: 986/1000. Step time: 1077.1ms.
   [Vectorized MCTS] Step 2330: 14 games active. Completed: 986/1000. Step time: 1086.8ms.
   [Vectorized MCTS] Step 2335: 12 games active. Completed: 988/1000. Step time: 1069.2ms.
   [Vectorized MCTS] Step 2340: 11 games active. Completed: 989/1000. Step time: 1021.0ms.
   [Vectorized MCTS] Step 2345: 11 games active. Completed: 989/1000. Step time: 997.2ms.
   [Vectorized MCTS] Step 2350: 10 games active. Completed: 990/1000. Step time: 980.3ms.
   [Vectorized MCTS] Step 2355: 10 games active. Completed: 990/1000. Step time: 985.4ms.
   [Vectorized MCTS] Step 2360: 09 games active. Completed: 991/1000. Step time: 920.5ms.
   [Vectorized MCTS] Step 2365: 09 games active. Completed: 991/1000. Step time: 925.8ms.
   [Vectorized MCTS] Step 2370: 09 games active. Completed: 991/1000. Step time: 921.7ms.
   [Vectorized MCTS] Step 2375: 09 games active. Completed: 991/1000. Step time: 920.2ms.
   [Vectorized MCTS] Step 2380: 08 games active. Completed: 992/1000. Step time: 920.6ms.
   [Vectorized MCTS] Step 2385: 08 games active. Completed: 992/1000. Step time: 919.3ms.
   [Vectorized MCTS] Step 2390: 06 games active. Completed: 994/1000. Step time: 870.1ms.
   [Vectorized MCTS] Step 2395: 05 games active. Completed: 995/1000. Step time: 785.0ms.
   [Vectorized MCTS] Step 2400: 05 games active. Completed: 995/1000. Step time: 781.5ms.
   [Vectorized MCTS] Step 2405: 04 games active. Completed: 996/1000. Step time: 682.4ms.
   [Vectorized MCTS] Step 2410: 04 games active. Completed: 996/1000. Step time: 709.2ms.
   [Vectorized MCTS] Step 2415: 04 games active. Completed: 996/1000. Step time: 709.3ms.
   [Vectorized MCTS] Step 2420: 04 games active. Completed: 996/1000. Step time: 694.4ms.
   [Vectorized MCTS] Step 2425: 03 games active. Completed: 997/1000. Step time: 642.7ms.
   [Vectorized MCTS] Step 2430: 02 games active. Completed: 998/1000. Step time: 578.3ms.
   [Vectorized MCTS] Step 2435: 01 games active. Completed: 999/1000. Step time: 505.8ms.
   [Vectorized MCTS] Step 2436: 00 games active. Completed: 1000/1000. Step time: 496.0ms.

Collection completed in 10633.0 seconds (10.633s/game average).
