Starting self-play collection using /Users/nilbot/playground/autogo-mlx/experiments/001_train_from_scratch/checkpoints/iter4.safetensors
--> Progressive sims enabled. Iteration 4 -> 32 simulations.
Config: num-games=1000, simulations=32, workers=8
--> Starting pool-swapping selfplay for all 1000 games with max_active_games=64...
   [Vectorized MCTS] Step 001: 64 games active. Completed: 0/1000. Step time: 2090.9ms.
   [Vectorized MCTS] Step 005: 64 games active. Completed: 0/1000. Step time: 2431.1ms.
   [Vectorized MCTS] Step 010: 64 games active. Completed: 0/1000. Step time: 2363.0ms.
   [Vectorized MCTS] Step 015: 64 games active. Completed: 0/1000. Step time: 2333.9ms.
   [Vectorized MCTS] Step 020: 64 games active. Completed: 0/1000. Step time: 2385.2ms.
   [Vectorized MCTS] Step 025: 64 games active. Completed: 0/1000. Step time: 2380.8ms.
   [Vectorized MCTS] Step 030: 64 games active. Completed: 0/1000. Step time: 2387.7ms.
   [Vectorized MCTS] Step 035: 64 games active. Completed: 0/1000. Step time: 2391.8ms.
   [Vectorized MCTS] Step 040: 64 games active. Completed: 0/1000. Step time: 2408.1ms.
   [Vectorized MCTS] Step 045: 64 games active. Completed: 0/1000. Step time: 2408.3ms.
   [Vectorized MCTS] Step 050: 64 games active. Completed: 0/1000. Step time: 2354.9ms.
   [Vectorized MCTS] Step 055: 64 games active. Completed: 0/1000. Step time: 2379.1ms.
   [Vectorized MCTS] Step 060: 64 games active. Completed: 0/1000. Step time: 2355.1ms.
   [Vectorized MCTS] Step 065: 64 games active. Completed: 13/1000. Step time: 2373.4ms.
   [Vectorized MCTS] Step 070: 64 games active. Completed: 17/1000. Step time: 2419.6ms.
   [Vectorized MCTS] Step 075: 64 games active. Completed: 21/1000. Step time: 2356.9ms.
   [Vectorized MCTS] Step 080: 64 games active. Completed: 22/1000. Step time: 2392.8ms.
   [Vectorized MCTS] Step 085: 64 games active. Completed: 25/1000. Step time: 2362.6ms.
   [Vectorized MCTS] Step 090: 64 games active. Completed: 25/1000. Step time: 2411.8ms.
   [Vectorized MCTS] Step 095: 64 games active. Completed: 28/1000. Step time: 2426.3ms.
   [Vectorized MCTS] Step 100: 64 games active. Completed: 28/1000. Step time: 2431.8ms.
   [Vectorized MCTS] Step 105: 64 games active. Completed: 28/1000. Step time: 2409.6ms.
   [Vectorized MCTS] Step 110: 64 games active. Completed: 28/1000. Step time: 2421.5ms.
   [Vectorized MCTS] Step 115: 64 games active. Completed: 30/1000. Step time: 2391.4ms.
   [Vectorized MCTS] Step 120: 64 games active. Completed: 31/1000. Step time: 2418.2ms.
   [Vectorized MCTS] Step 125: 64 games active. Completed: 35/1000. Step time: 2480.2ms.
   [Vectorized MCTS] Step 130: 64 games active. Completed: 39/1000. Step time: 2389.1ms.
   [Vectorized MCTS] Step 135: 64 games active. Completed: 45/1000. Step time: 2395.4ms.
   [Vectorized MCTS] Step 140: 64 games active. Completed: 50/1000. Step time: 2350.1ms.
   [Vectorized MCTS] Step 145: 64 games active. Completed: 56/1000. Step time: 2371.4ms.
   [Vectorized MCTS] Step 150: 64 games active. Completed: 61/1000. Step time: 2394.5ms.
   [Vectorized MCTS] Step 155: 64 games active. Completed: 61/1000. Step time: 2406.0ms.
   [Vectorized MCTS] Step 160: 64 games active. Completed: 61/1000. Step time: 2404.3ms.
   [Vectorized MCTS] Step 165: 64 games active. Completed: 69/1000. Step time: 2365.8ms.
   [Vectorized MCTS] Step 170: 64 games active. Completed: 70/1000. Step time: 2380.6ms.
   [Vectorized MCTS] Step 175: 64 games active. Completed: 71/1000. Step time: 2388.1ms.
   [Vectorized MCTS] Step 180: 64 games active. Completed: 72/1000. Step time: 2386.1ms.
   [Vectorized MCTS] Step 185: 64 games active. Completed: 76/1000. Step time: 2415.7ms.
   [Vectorized MCTS] Step 190: 64 games active. Completed: 76/1000. Step time: 2385.0ms.
   [Vectorized MCTS] Step 195: 64 games active. Completed: 77/1000. Step time: 2418.9ms.
   [Vectorized MCTS] Step 200: 64 games active. Completed: 81/1000. Step time: 2407.7ms.
   [Vectorized MCTS] Step 205: 64 games active. Completed: 86/1000. Step time: 2370.6ms.
   [Vectorized MCTS] Step 210: 64 games active. Completed: 87/1000. Step time: 2377.5ms.
   [Vectorized MCTS] Step 215: 64 games active. Completed: 88/1000. Step time: 2409.2ms.
   [Vectorized MCTS] Step 220: 64 games active. Completed: 90/1000. Step time: 2449.9ms.
   [Vectorized MCTS] Step 225: 64 games active. Completed: 93/1000. Step time: 2398.5ms.
   [Vectorized MCTS] Step 230: 64 games active. Completed: 97/1000. Step time: 2392.5ms.
   [Vectorized MCTS] Step 235: 64 games active. Completed: 98/1000. Step time: 2408.0ms.
   [Vectorized MCTS] Step 240: 64 games active. Completed: 100/1000. Step time: 2396.8ms.
   [Vectorized MCTS] Step 245: 64 games active. Completed: 103/1000. Step time: 2371.0ms.
   [Vectorized MCTS] Step 250: 64 games active. Completed: 109/1000. Step time: 2421.1ms.
   [Vectorized MCTS] Step 255: 64 games active. Completed: 113/1000. Step time: 2458.3ms.
   [Vectorized MCTS] Step 260: 64 games active. Completed: 117/1000. Step time: 2365.4ms.
   [Vectorized MCTS] Step 265: 64 games active. Completed: 121/1000. Step time: 2399.9ms.
   [Vectorized MCTS] Step 270: 64 games active. Completed: 125/1000. Step time: 2372.9ms.
   [Vectorized MCTS] Step 275: 64 games active. Completed: 126/1000. Step time: 2389.0ms.
   [Vectorized MCTS] Step 280: 64 games active. Completed: 129/1000. Step time: 2386.6ms.
   [Vectorized MCTS] Step 285: 64 games active. Completed: 132/1000. Step time: 2382.1ms.
   [Vectorized MCTS] Step 290: 64 games active. Completed: 135/1000. Step time: 2412.8ms.
   [Vectorized MCTS] Step 295: 64 games active. Completed: 141/1000. Step time: 2371.7ms.
   [Vectorized MCTS] Step 300: 64 games active. Completed: 144/1000. Step time: 2386.7ms.
   [Vectorized MCTS] Step 305: 64 games active. Completed: 149/1000. Step time: 2364.3ms.
   [Vectorized MCTS] Step 310: 64 games active. Completed: 154/1000. Step time: 2392.4ms.
   [Vectorized MCTS] Step 315: 64 games active. Completed: 158/1000. Step time: 2428.3ms.
   [Vectorized MCTS] Step 320: 64 games active. Completed: 159/1000. Step time: 2370.8ms.
   [Vectorized MCTS] Step 325: 64 games active. Completed: 159/1000. Step time: 2382.4ms.
   [Vectorized MCTS] Step 330: 64 games active. Completed: 159/1000. Step time: 2376.2ms.
   [Vectorized MCTS] Step 335: 64 games active. Completed: 164/1000. Step time: 2390.4ms.
   [Vectorized MCTS] Step 340: 64 games active. Completed: 165/1000. Step time: 2434.2ms.
   [Vectorized MCTS] Step 345: 64 games active. Completed: 167/1000. Step time: 2400.2ms.
   [Vectorized MCTS] Step 350: 64 games active. Completed: 168/1000. Step time: 2426.6ms.
   [Vectorized MCTS] Step 355: 64 games active. Completed: 169/1000. Step time: 2358.6ms.
   [Vectorized MCTS] Step 360: 64 games active. Completed: 173/1000. Step time: 2374.3ms.
   [Vectorized MCTS] Step 365: 64 games active. Completed: 177/1000. Step time: 2393.6ms.
   [Vectorized MCTS] Step 370: 64 games active. Completed: 180/1000. Step time: 2404.1ms.
   [Vectorized MCTS] Step 375: 64 games active. Completed: 184/1000. Step time: 2397.4ms.
   [Vectorized MCTS] Step 380: 64 games active. Completed: 187/1000. Step time: 2380.0ms.
   [Vectorized MCTS] Step 385: 64 games active. Completed: 187/1000. Step time: 2370.9ms.
   [Vectorized MCTS] Step 390: 64 games active. Completed: 190/1000. Step time: 2367.2ms.
   [Vectorized MCTS] Step 395: 64 games active. Completed: 192/1000. Step time: 2383.3ms.
   [Vectorized MCTS] Step 400: 64 games active. Completed: 196/1000. Step time: 2400.2ms.
   [Vectorized MCTS] Step 405: 64 games active. Completed: 200/1000. Step time: 2386.1ms.
   [Vectorized MCTS] Step 410: 64 games active. Completed: 204/1000. Step time: 2445.7ms.
   [Vectorized MCTS] Step 415: 64 games active. Completed: 206/1000. Step time: 2352.7ms.
   [Vectorized MCTS] Step 420: 64 games active. Completed: 208/1000. Step time: 2475.6ms.
   [Vectorized MCTS] Step 425: 64 games active. Completed: 210/1000. Step time: 2277.3ms.
   [Vectorized MCTS] Step 430: 64 games active. Completed: 214/1000. Step time: 2361.1ms.
   [Vectorized MCTS] Step 435: 64 games active. Completed: 216/1000. Step time: 2445.4ms.
   [Vectorized MCTS] Step 440: 64 games active. Completed: 219/1000. Step time: 2387.7ms.
   [Vectorized MCTS] Step 445: 64 games active. Completed: 223/1000. Step time: 2384.7ms.
   [Vectorized MCTS] Step 450: 64 games active. Completed: 224/1000. Step time: 2349.7ms.
   [Vectorized MCTS] Step 455: 64 games active. Completed: 225/1000. Step time: 2375.7ms.
   [Vectorized MCTS] Step 460: 64 games active. Completed: 229/1000. Step time: 2410.8ms.
   [Vectorized MCTS] Step 465: 64 games active. Completed: 232/1000. Step time: 2390.2ms.
   [Vectorized MCTS] Step 470: 64 games active. Completed: 236/1000. Step time: 2473.1ms.
   [Vectorized MCTS] Step 475: 64 games active. Completed: 238/1000. Step time: 2369.0ms.
   [Vectorized MCTS] Step 480: 64 games active. Completed: 239/1000. Step time: 2397.9ms.
   [Vectorized MCTS] Step 485: 64 games active. Completed: 243/1000. Step time: 2393.3ms.
   [Vectorized MCTS] Step 490: 64 games active. Completed: 246/1000. Step time: 2412.5ms.
   [Vectorized MCTS] Step 495: 64 games active. Completed: 247/1000. Step time: 2386.2ms.
   [Vectorized MCTS] Step 500: 64 games active. Completed: 250/1000. Step time: 2408.7ms.
   [Vectorized MCTS] Step 505: 64 games active. Completed: 256/1000. Step time: 2405.4ms.
   [Vectorized MCTS] Step 510: 64 games active. Completed: 256/1000. Step time: 2406.5ms.
   [Vectorized MCTS] Step 515: 64 games active. Completed: 261/1000. Step time: 2386.6ms.
   [Vectorized MCTS] Step 520: 64 games active. Completed: 261/1000. Step time: 2409.0ms.
   [Vectorized MCTS] Step 525: 64 games active. Completed: 266/1000. Step time: 2390.0ms.
   [Vectorized MCTS] Step 530: 64 games active. Completed: 267/1000. Step time: 2450.8ms.
   [Vectorized MCTS] Step 535: 64 games active. Completed: 275/1000. Step time: 2384.9ms.
   [Vectorized MCTS] Step 540: 64 games active. Completed: 277/1000. Step time: 2386.6ms.
   [Vectorized MCTS] Step 545: 64 games active. Completed: 280/1000. Step time: 2390.0ms.
   [Vectorized MCTS] Step 550: 64 games active. Completed: 282/1000. Step time: 2370.9ms.
   [Vectorized MCTS] Step 555: 64 games active. Completed: 284/1000. Step time: 2414.9ms.
   [Vectorized MCTS] Step 560: 64 games active. Completed: 285/1000. Step time: 2397.1ms.
   [Vectorized MCTS] Step 565: 64 games active. Completed: 289/1000. Step time: 2409.4ms.
   [Vectorized MCTS] Step 570: 64 games active. Completed: 291/1000. Step time: 2386.4ms.
   [Vectorized MCTS] Step 575: 64 games active. Completed: 296/1000. Step time: 2399.7ms.
   [Vectorized MCTS] Step 580: 64 games active. Completed: 299/1000. Step time: 2391.8ms.
   [Vectorized MCTS] Step 585: 64 games active. Completed: 302/1000. Step time: 2368.5ms.
   [Vectorized MCTS] Step 590: 64 games active. Completed: 303/1000. Step time: 2413.3ms.
   [Vectorized MCTS] Step 595: 64 games active. Completed: 306/1000. Step time: 2378.9ms.
   [Vectorized MCTS] Step 600: 64 games active. Completed: 310/1000. Step time: 2382.5ms.
   [Vectorized MCTS] Step 605: 64 games active. Completed: 313/1000. Step time: 2408.7ms.
   [Vectorized MCTS] Step 610: 64 games active. Completed: 316/1000. Step time: 2393.0ms.
   [Vectorized MCTS] Step 615: 64 games active. Completed: 319/1000. Step time: 2389.9ms.
   [Vectorized MCTS] Step 620: 64 games active. Completed: 323/1000. Step time: 2384.7ms.
   [Vectorized MCTS] Step 625: 64 games active. Completed: 326/1000. Step time: 2559.4ms.
   [Vectorized MCTS] Step 630: 64 games active. Completed: 326/1000. Step time: 2348.9ms.
   [Vectorized MCTS] Step 635: 64 games active. Completed: 327/1000. Step time: 2399.9ms.
   [Vectorized MCTS] Step 640: 64 games active. Completed: 329/1000. Step time: 2391.5ms.
   [Vectorized MCTS] Step 645: 64 games active. Completed: 329/1000. Step time: 2420.4ms.
   [Vectorized MCTS] Step 650: 64 games active. Completed: 332/1000. Step time: 2428.1ms.
   [Vectorized MCTS] Step 655: 64 games active. Completed: 335/1000. Step time: 2395.6ms.
   [Vectorized MCTS] Step 660: 64 games active. Completed: 335/1000. Step time: 2410.8ms.
   [Vectorized MCTS] Step 665: 64 games active. Completed: 343/1000. Step time: 2377.2ms.
   [Vectorized MCTS] Step 670: 64 games active. Completed: 347/1000. Step time: 2373.9ms.
   [Vectorized MCTS] Step 675: 64 games active. Completed: 349/1000. Step time: 2434.7ms.
   [Vectorized MCTS] Step 680: 64 games active. Completed: 353/1000. Step time: 2359.7ms.
   [Vectorized MCTS] Step 685: 64 games active. Completed: 358/1000. Step time: 2411.4ms.
   [Vectorized MCTS] Step 690: 64 games active. Completed: 362/1000. Step time: 2852.1ms.
   [Vectorized MCTS] Step 695: 64 games active. Completed: 365/1000. Step time: 2359.6ms.
   [Vectorized MCTS] Step 700: 64 games active. Completed: 371/1000. Step time: 2332.9ms.
   [Vectorized MCTS] Step 705: 64 games active. Completed: 372/1000. Step time: 2388.3ms.
   [Vectorized MCTS] Step 710: 64 games active. Completed: 374/1000. Step time: 2411.0ms.
   [Vectorized MCTS] Step 715: 64 games active. Completed: 375/1000. Step time: 2371.4ms.
   [Vectorized MCTS] Step 720: 64 games active. Completed: 376/1000. Step time: 2414.7ms.
   [Vectorized MCTS] Step 725: 64 games active. Completed: 379/1000. Step time: 2390.8ms.
   [Vectorized MCTS] Step 730: 64 games active. Completed: 380/1000. Step time: 2401.2ms.
   [Vectorized MCTS] Step 735: 64 games active. Completed: 383/1000. Step time: 2367.6ms.
   [Vectorized MCTS] Step 740: 64 games active. Completed: 384/1000. Step time: 2390.7ms.
   [Vectorized MCTS] Step 745: 64 games active. Completed: 387/1000. Step time: 2410.9ms.
   [Vectorized MCTS] Step 750: 64 games active. Completed: 392/1000. Step time: 2374.7ms.
   [Vectorized MCTS] Step 755: 64 games active. Completed: 395/1000. Step time: 2395.6ms.
   [Vectorized MCTS] Step 760: 64 games active. Completed: 398/1000. Step time: 2352.4ms.
   [Vectorized MCTS] Step 765: 64 games active. Completed: 401/1000. Step time: 2379.0ms.
   [Vectorized MCTS] Step 770: 64 games active. Completed: 404/1000. Step time: 2386.5ms.
   [Vectorized MCTS] Step 775: 64 games active. Completed: 406/1000. Step time: 2393.2ms.
   [Vectorized MCTS] Step 780: 64 games active. Completed: 411/1000. Step time: 2423.7ms.
   [Vectorized MCTS] Step 785: 64 games active. Completed: 414/1000. Step time: 2366.0ms.
   [Vectorized MCTS] Step 790: 64 games active. Completed: 414/1000. Step time: 2379.9ms.
   [Vectorized MCTS] Step 795: 64 games active. Completed: 416/1000. Step time: 2361.7ms.
   [Vectorized MCTS] Step 800: 64 games active. Completed: 418/1000. Step time: 2407.0ms.
   [Vectorized MCTS] Step 805: 64 games active. Completed: 420/1000. Step time: 2400.9ms.
   [Vectorized MCTS] Step 810: 64 games active. Completed: 422/1000. Step time: 2399.3ms.
   [Vectorized MCTS] Step 815: 64 games active. Completed: 423/1000. Step time: 2410.5ms.
   [Vectorized MCTS] Step 820: 64 games active. Completed: 428/1000. Step time: 2390.6ms.
   [Vectorized MCTS] Step 825: 64 games active. Completed: 432/1000. Step time: 2393.9ms.
   [Vectorized MCTS] Step 830: 64 games active. Completed: 433/1000. Step time: 2375.8ms.
   [Vectorized MCTS] Step 835: 64 games active. Completed: 438/1000. Step time: 2438.4ms.
   [Vectorized MCTS] Step 840: 64 games active. Completed: 444/1000. Step time: 2425.3ms.
   [Vectorized MCTS] Step 845: 64 games active. Completed: 447/1000. Step time: 2394.7ms.
   [Vectorized MCTS] Step 850: 64 games active. Completed: 449/1000. Step time: 2421.2ms.
   [Vectorized MCTS] Step 855: 64 games active. Completed: 449/1000. Step time: 2376.7ms.
   [Vectorized MCTS] Step 860: 64 games active. Completed: 450/1000. Step time: 2383.7ms.
   [Vectorized MCTS] Step 865: 64 games active. Completed: 452/1000. Step time: 2399.0ms.
   [Vectorized MCTS] Step 870: 64 games active. Completed: 452/1000. Step time: 2412.4ms.
   [Vectorized MCTS] Step 875: 64 games active. Completed: 455/1000. Step time: 2434.5ms.
   [Vectorized MCTS] Step 880: 64 games active. Completed: 459/1000. Step time: 2415.7ms.
   [Vectorized MCTS] Step 885: 64 games active. Completed: 459/1000. Step time: 2404.3ms.
   [Vectorized MCTS] Step 890: 64 games active. Completed: 463/1000. Step time: 2406.9ms.
   [Vectorized MCTS] Step 895: 64 games active. Completed: 466/1000. Step time: 2397.5ms.
   [Vectorized MCTS] Step 900: 64 games active. Completed: 469/1000. Step time: 2425.9ms.
   [Vectorized MCTS] Step 905: 64 games active. Completed: 471/1000. Step time: 2409.3ms.
   [Vectorized MCTS] Step 910: 64 games active. Completed: 474/1000. Step time: 2433.6ms.
   [Vectorized MCTS] Step 915: 64 games active. Completed: 477/1000. Step time: 2366.3ms.
   [Vectorized MCTS] Step 920: 64 games active. Completed: 480/1000. Step time: 2380.9ms.
   [Vectorized MCTS] Step 925: 64 games active. Completed: 482/1000. Step time: 2387.7ms.
   [Vectorized MCTS] Step 930: 64 games active. Completed: 486/1000. Step time: 2411.9ms.
   [Vectorized MCTS] Step 935: 64 games active. Completed: 488/1000. Step time: 2424.2ms.
   [Vectorized MCTS] Step 940: 64 games active. Completed: 492/1000. Step time: 2377.7ms.
   [Vectorized MCTS] Step 945: 64 games active. Completed: 493/1000. Step time: 2422.2ms.
   [Vectorized MCTS] Step 950: 64 games active. Completed: 495/1000. Step time: 2361.1ms.
   [Vectorized MCTS] Step 955: 64 games active. Completed: 500/1000. Step time: 2377.2ms.
   [Vectorized MCTS] Step 960: 64 games active. Completed: 506/1000. Step time: 2377.9ms.
   [Vectorized MCTS] Step 965: 64 games active. Completed: 509/1000. Step time: 2370.9ms.
   [Vectorized MCTS] Step 970: 64 games active. Completed: 515/1000. Step time: 2421.4ms.
   [Vectorized MCTS] Step 975: 64 games active. Completed: 517/1000. Step time: 2373.4ms.
   [Vectorized MCTS] Step 980: 64 games active. Completed: 519/1000. Step time: 2384.3ms.
   [Vectorized MCTS] Step 985: 64 games active. Completed: 522/1000. Step time: 2379.6ms.
   [Vectorized MCTS] Step 990: 64 games active. Completed: 526/1000. Step time: 2382.4ms.
   [Vectorized MCTS] Step 995: 64 games active. Completed: 526/1000. Step time: 2399.2ms.
   [Vectorized MCTS] Step 1000: 64 games active. Completed: 529/1000. Step time: 2384.7ms.
   [Vectorized MCTS] Step 1005: 64 games active. Completed: 530/1000. Step time: 2387.2ms.
   [Vectorized MCTS] Step 1010: 64 games active. Completed: 532/1000. Step time: 2365.5ms.
   [Vectorized MCTS] Step 1015: 64 games active. Completed: 532/1000. Step time: 2359.6ms.
   [Vectorized MCTS] Step 1020: 64 games active. Completed: 534/1000. Step time: 2380.0ms.
   [Vectorized MCTS] Step 1025: 64 games active. Completed: 537/1000. Step time: 2387.0ms.
   [Vectorized MCTS] Step 1030: 64 games active. Completed: 538/1000. Step time: 2432.4ms.
   [Vectorized MCTS] Step 1035: 64 games active. Completed: 539/1000. Step time: 2381.7ms.
   [Vectorized MCTS] Step 1040: 64 games active. Completed: 540/1000. Step time: 2372.1ms.
   [Vectorized MCTS] Step 1045: 64 games active. Completed: 544/1000. Step time: 2399.6ms.
   [Vectorized MCTS] Step 1050: 64 games active. Completed: 546/1000. Step time: 2400.7ms.
   [Vectorized MCTS] Step 1055: 64 games active. Completed: 548/1000. Step time: 2436.2ms.
   [Vectorized MCTS] Step 1060: 64 games active. Completed: 550/1000. Step time: 2377.1ms.
   [Vectorized MCTS] Step 1065: 64 games active. Completed: 557/1000. Step time: 2382.4ms.
   [Vectorized MCTS] Step 1070: 64 games active. Completed: 561/1000. Step time: 2415.6ms.
   [Vectorized MCTS] Step 1075: 64 games active. Completed: 565/1000. Step time: 2355.3ms.
   [Vectorized MCTS] Step 1080: 64 games active. Completed: 566/1000. Step time: 2397.1ms.
   [Vectorized MCTS] Step 1085: 64 games active. Completed: 567/1000. Step time: 2424.3ms.
   [Vectorized MCTS] Step 1090: 64 games active. Completed: 572/1000. Step time: 2403.4ms.
   [Vectorized MCTS] Step 1095: 64 games active. Completed: 572/1000. Step time: 2397.3ms.
   [Vectorized MCTS] Step 1100: 64 games active. Completed: 575/1000. Step time: 2373.3ms.
   [Vectorized MCTS] Step 1105: 64 games active. Completed: 576/1000. Step time: 2386.3ms.
   [Vectorized MCTS] Step 1110: 64 games active. Completed: 580/1000. Step time: 2375.0ms.
   [Vectorized MCTS] Step 1115: 64 games active. Completed: 580/1000. Step time: 2378.1ms.
   [Vectorized MCTS] Step 1120: 64 games active. Completed: 586/1000. Step time: 2397.7ms.
   [Vectorized MCTS] Step 1125: 64 games active. Completed: 589/1000. Step time: 2385.3ms.
   [Vectorized MCTS] Step 1130: 64 games active. Completed: 590/1000. Step time: 2374.0ms.
   [Vectorized MCTS] Step 1135: 64 games active. Completed: 594/1000. Step time: 2387.4ms.
   [Vectorized MCTS] Step 1140: 64 games active. Completed: 595/1000. Step time: 2365.7ms.
   [Vectorized MCTS] Step 1145: 64 games active. Completed: 599/1000. Step time: 2400.6ms.
   [Vectorized MCTS] Step 1150: 64 games active. Completed: 601/1000. Step time: 2401.5ms.
   [Vectorized MCTS] Step 1155: 64 games active. Completed: 603/1000. Step time: 2390.0ms.
   [Vectorized MCTS] Step 1160: 64 games active. Completed: 608/1000. Step time: 2418.5ms.
   [Vectorized MCTS] Step 1165: 64 games active. Completed: 611/1000. Step time: 2402.4ms.
   [Vectorized MCTS] Step 1170: 64 games active. Completed: 614/1000. Step time: 2386.4ms.
   [Vectorized MCTS] Step 1175: 64 games active. Completed: 616/1000. Step time: 2418.0ms.
   [Vectorized MCTS] Step 1180: 64 games active. Completed: 618/1000. Step time: 2373.3ms.
   [Vectorized MCTS] Step 1185: 64 games active. Completed: 624/1000. Step time: 2439.8ms.
   [Vectorized MCTS] Step 1190: 64 games active. Completed: 625/1000. Step time: 2391.7ms.
   [Vectorized MCTS] Step 1195: 64 games active. Completed: 627/1000. Step time: 2394.5ms.
   [Vectorized MCTS] Step 1200: 64 games active. Completed: 630/1000. Step time: 2418.0ms.
   [Vectorized MCTS] Step 1205: 64 games active. Completed: 630/1000. Step time: 2383.7ms.
   [Vectorized MCTS] Step 1210: 64 games active. Completed: 633/1000. Step time: 2390.2ms.
   [Vectorized MCTS] Step 1215: 64 games active. Completed: 635/1000. Step time: 2397.1ms.
   [Vectorized MCTS] Step 1220: 64 games active. Completed: 637/1000. Step time: 2420.8ms.
   [Vectorized MCTS] Step 1225: 64 games active. Completed: 640/1000. Step time: 2377.0ms.
   [Vectorized MCTS] Step 1230: 64 games active. Completed: 643/1000. Step time: 2397.1ms.
   [Vectorized MCTS] Step 1235: 64 games active. Completed: 646/1000. Step time: 2393.6ms.
   [Vectorized MCTS] Step 1240: 64 games active. Completed: 649/1000. Step time: 2417.0ms.
   [Vectorized MCTS] Step 1245: 64 games active. Completed: 651/1000. Step time: 2420.9ms.
   [Vectorized MCTS] Step 1250: 64 games active. Completed: 653/1000. Step time: 2368.9ms.
   [Vectorized MCTS] Step 1255: 64 games active. Completed: 654/1000. Step time: 2397.2ms.
   [Vectorized MCTS] Step 1260: 64 games active. Completed: 659/1000. Step time: 2421.7ms.
   [Vectorized MCTS] Step 1265: 64 games active. Completed: 660/1000. Step time: 2370.1ms.
   [Vectorized MCTS] Step 1270: 64 games active. Completed: 661/1000. Step time: 2426.9ms.
   [Vectorized MCTS] Step 1275: 64 games active. Completed: 664/1000. Step time: 2377.2ms.
   [Vectorized MCTS] Step 1280: 64 games active. Completed: 668/1000. Step time: 2429.8ms.
   [Vectorized MCTS] Step 1285: 64 games active. Completed: 672/1000. Step time: 2379.0ms.
   [Vectorized MCTS] Step 1290: 64 games active. Completed: 672/1000. Step time: 2385.1ms.
   [Vectorized MCTS] Step 1295: 64 games active. Completed: 675/1000. Step time: 2381.1ms.
   [Vectorized MCTS] Step 1300: 64 games active. Completed: 677/1000. Step time: 2397.1ms.
   [Vectorized MCTS] Step 1305: 64 games active. Completed: 679/1000. Step time: 2399.0ms.
   [Vectorized MCTS] Step 1310: 64 games active. Completed: 681/1000. Step time: 2390.8ms.
   [Vectorized MCTS] Step 1315: 64 games active. Completed: 682/1000. Step time: 2402.3ms.
   [Vectorized MCTS] Step 1320: 64 games active. Completed: 682/1000. Step time: 2368.5ms.
   [Vectorized MCTS] Step 1325: 64 games active. Completed: 685/1000. Step time: 2371.2ms.
   [Vectorized MCTS] Step 1330: 64 games active. Completed: 686/1000. Step time: 2379.8ms.
   [Vectorized MCTS] Step 1335: 64 games active. Completed: 690/1000. Step time: 2420.7ms.
   [Vectorized MCTS] Step 1340: 64 games active. Completed: 696/1000. Step time: 2415.1ms.
   [Vectorized MCTS] Step 1345: 64 games active. Completed: 699/1000. Step time: 2423.6ms.
   [Vectorized MCTS] Step 1350: 64 games active. Completed: 702/1000. Step time: 2402.2ms.
   [Vectorized MCTS] Step 1355: 64 games active. Completed: 705/1000. Step time: 2358.4ms.
   [Vectorized MCTS] Step 1360: 64 games active. Completed: 707/1000. Step time: 2374.6ms.
   [Vectorized MCTS] Step 1365: 64 games active. Completed: 708/1000. Step time: 2393.3ms.
   [Vectorized MCTS] Step 1370: 64 games active. Completed: 709/1000. Step time: 2380.5ms.
   [Vectorized MCTS] Step 1375: 64 games active. Completed: 711/1000. Step time: 2405.6ms.
   [Vectorized MCTS] Step 1380: 64 games active. Completed: 712/1000. Step time: 2371.4ms.
   [Vectorized MCTS] Step 1385: 64 games active. Completed: 718/1000. Step time: 2366.5ms.
   [Vectorized MCTS] Step 1390: 64 games active. Completed: 719/1000. Step time: 2386.9ms.
   [Vectorized MCTS] Step 1395: 64 games active. Completed: 722/1000. Step time: 2395.1ms.
   [Vectorized MCTS] Step 1400: 64 games active. Completed: 726/1000. Step time: 2421.9ms.
   [Vectorized MCTS] Step 1405: 64 games active. Completed: 727/1000. Step time: 2360.5ms.
   [Vectorized MCTS] Step 1410: 64 games active. Completed: 728/1000. Step time: 2403.3ms.
   [Vectorized MCTS] Step 1415: 64 games active. Completed: 732/1000. Step time: 2395.5ms.
   [Vectorized MCTS] Step 1420: 64 games active. Completed: 735/1000. Step time: 2357.3ms.
   [Vectorized MCTS] Step 1425: 64 games active. Completed: 742/1000. Step time: 2392.7ms.
   [Vectorized MCTS] Step 1430: 64 games active. Completed: 742/1000. Step time: 2389.7ms.
   [Vectorized MCTS] Step 1435: 64 games active. Completed: 746/1000. Step time: 2391.6ms.
   [Vectorized MCTS] Step 1440: 64 games active. Completed: 749/1000. Step time: 2367.0ms.
   [Vectorized MCTS] Step 1445: 64 games active. Completed: 752/1000. Step time: 2399.5ms.
   [Vectorized MCTS] Step 1450: 64 games active. Completed: 754/1000. Step time: 2387.7ms.
   [Vectorized MCTS] Step 1455: 64 games active. Completed: 757/1000. Step time: 2352.2ms.
   [Vectorized MCTS] Step 1460: 64 games active. Completed: 760/1000. Step time: 2403.6ms.
   [Vectorized MCTS] Step 1465: 64 games active. Completed: 762/1000. Step time: 2393.5ms.
   [Vectorized MCTS] Step 1470: 64 games active. Completed: 765/1000. Step time: 2403.8ms.
   [Vectorized MCTS] Step 1475: 64 games active. Completed: 766/1000. Step time: 2374.8ms.
   [Vectorized MCTS] Step 1480: 64 games active. Completed: 768/1000. Step time: 2374.2ms.
   [Vectorized MCTS] Step 1485: 64 games active. Completed: 773/1000. Step time: 2371.4ms.
   [Vectorized MCTS] Step 1490: 64 games active. Completed: 775/1000. Step time: 2379.8ms.
   [Vectorized MCTS] Step 1495: 64 games active. Completed: 778/1000. Step time: 2425.6ms.
   [Vectorized MCTS] Step 1500: 64 games active. Completed: 780/1000. Step time: 2422.0ms.
   [Vectorized MCTS] Step 1505: 64 games active. Completed: 787/1000. Step time: 2389.8ms.
   [Vectorized MCTS] Step 1510: 64 games active. Completed: 788/1000. Step time: 2375.6ms.
   [Vectorized MCTS] Step 1515: 64 games active. Completed: 790/1000. Step time: 2372.5ms.
   [Vectorized MCTS] Step 1520: 64 games active. Completed: 793/1000. Step time: 2381.1ms.
   [Vectorized MCTS] Step 1525: 64 games active. Completed: 794/1000. Step time: 2416.0ms.
   [Vectorized MCTS] Step 1530: 64 games active. Completed: 797/1000. Step time: 2445.1ms.
   [Vectorized MCTS] Step 1535: 64 games active. Completed: 797/1000. Step time: 2396.9ms.
   [Vectorized MCTS] Step 1540: 64 games active. Completed: 799/1000. Step time: 2398.4ms.
   [Vectorized MCTS] Step 1545: 64 games active. Completed: 800/1000. Step time: 2370.4ms.
   [Vectorized MCTS] Step 1550: 64 games active. Completed: 803/1000. Step time: 2378.9ms.
   [Vectorized MCTS] Step 1555: 64 games active. Completed: 804/1000. Step time: 2406.6ms.
   [Vectorized MCTS] Step 1560: 64 games active. Completed: 807/1000. Step time: 2384.7ms.
   [Vectorized MCTS] Step 1565: 64 games active. Completed: 814/1000. Step time: 2401.9ms.
   [Vectorized MCTS] Step 1570: 64 games active. Completed: 817/1000. Step time: 2363.3ms.
   [Vectorized MCTS] Step 1575: 64 games active. Completed: 820/1000. Step time: 2363.6ms.
   [Vectorized MCTS] Step 1580: 64 games active. Completed: 823/1000. Step time: 2415.5ms.
   [Vectorized MCTS] Step 1585: 64 games active. Completed: 823/1000. Step time: 2358.8ms.
   [Vectorized MCTS] Step 1590: 64 games active. Completed: 827/1000. Step time: 2422.0ms.
   [Vectorized MCTS] Step 1595: 64 games active. Completed: 829/1000. Step time: 2377.8ms.
   [Vectorized MCTS] Step 1600: 64 games active. Completed: 833/1000. Step time: 2374.7ms.
   [Vectorized MCTS] Step 1605: 64 games active. Completed: 838/1000. Step time: 2404.1ms.
   [Vectorized MCTS] Step 1610: 64 games active. Completed: 839/1000. Step time: 2361.1ms.
   [Vectorized MCTS] Step 1615: 64 games active. Completed: 840/1000. Step time: 2426.3ms.
   [Vectorized MCTS] Step 1620: 64 games active. Completed: 842/1000. Step time: 2366.0ms.
   [Vectorized MCTS] Step 1625: 64 games active. Completed: 848/1000. Step time: 2413.8ms.
   [Vectorized MCTS] Step 1630: 64 games active. Completed: 853/1000. Step time: 2396.7ms.
   [Vectorized MCTS] Step 1635: 64 games active. Completed: 853/1000. Step time: 2371.0ms.
   [Vectorized MCTS] Step 1640: 64 games active. Completed: 854/1000. Step time: 2374.5ms.
   [Vectorized MCTS] Step 1645: 64 games active. Completed: 861/1000. Step time: 2410.3ms.
   [Vectorized MCTS] Step 1650: 64 games active. Completed: 865/1000. Step time: 2405.2ms.
   [Vectorized MCTS] Step 1655: 64 games active. Completed: 868/1000. Step time: 2377.4ms.
   [Vectorized MCTS] Step 1660: 64 games active. Completed: 869/1000. Step time: 2380.6ms.
   [Vectorized MCTS] Step 1665: 64 games active. Completed: 872/1000. Step time: 2370.0ms.
   [Vectorized MCTS] Step 1670: 64 games active. Completed: 874/1000. Step time: 2372.2ms.
   [Vectorized MCTS] Step 1675: 64 games active. Completed: 880/1000. Step time: 2385.9ms.
   [Vectorized MCTS] Step 1680: 64 games active. Completed: 883/1000. Step time: 2357.6ms.
   [Vectorized MCTS] Step 1685: 64 games active. Completed: 884/1000. Step time: 2406.8ms.
   [Vectorized MCTS] Step 1690: 64 games active. Completed: 887/1000. Step time: 2387.0ms.
   [Vectorized MCTS] Step 1695: 64 games active. Completed: 890/1000. Step time: 2365.2ms.
   [Vectorized MCTS] Step 1700: 64 games active. Completed: 894/1000. Step time: 2387.6ms.
   [Vectorized MCTS] Step 1705: 64 games active. Completed: 894/1000. Step time: 2376.3ms.
   [Vectorized MCTS] Step 1710: 64 games active. Completed: 898/1000. Step time: 2391.1ms.
   [Vectorized MCTS] Step 1715: 64 games active. Completed: 901/1000. Step time: 2380.2ms.
   [Vectorized MCTS] Step 1720: 64 games active. Completed: 905/1000. Step time: 2411.0ms.
   [Vectorized MCTS] Step 1725: 64 games active. Completed: 909/1000. Step time: 2363.1ms.
   [Vectorized MCTS] Step 1730: 64 games active. Completed: 913/1000. Step time: 2351.1ms.
   [Vectorized MCTS] Step 1735: 64 games active. Completed: 914/1000. Step time: 2334.2ms.
   [Vectorized MCTS] Step 1740: 64 games active. Completed: 914/1000. Step time: 2412.3ms.
   [Vectorized MCTS] Step 1745: 64 games active. Completed: 918/1000. Step time: 2400.2ms.
   [Vectorized MCTS] Step 1750: 64 games active. Completed: 920/1000. Step time: 2396.1ms.
   [Vectorized MCTS] Step 1755: 64 games active. Completed: 924/1000. Step time: 2369.7ms.
   [Vectorized MCTS] Step 1760: 64 games active. Completed: 927/1000. Step time: 2356.7ms.
   [Vectorized MCTS] Step 1765: 64 games active. Completed: 930/1000. Step time: 2382.4ms.
   [Vectorized MCTS] Step 1770: 64 games active. Completed: 932/1000. Step time: 2391.1ms.
   [Vectorized MCTS] Step 1775: 64 games active. Completed: 934/1000. Step time: 2367.1ms.
   [Vectorized MCTS] Step 1780: 64 games active. Completed: 935/1000. Step time: 2412.5ms.
   [Vectorized MCTS] Step 1785: 63 games active. Completed: 937/1000. Step time: 2520.2ms.
   [Vectorized MCTS] Step 1790: 58 games active. Completed: 942/1000. Step time: 2295.4ms.
   [Vectorized MCTS] Step 1795: 56 games active. Completed: 944/1000. Step time: 2338.1ms.
   [Vectorized MCTS] Step 1800: 52 games active. Completed: 948/1000. Step time: 2176.2ms.
   [Vectorized MCTS] Step 1805: 50 games active. Completed: 950/1000. Step time: 1984.0ms.
   [Vectorized MCTS] Step 1810: 48 games active. Completed: 952/1000. Step time: 1724.1ms.
   [Vectorized MCTS] Step 1815: 46 games active. Completed: 954/1000. Step time: 1685.9ms.
   [Vectorized MCTS] Step 1820: 44 games active. Completed: 956/1000. Step time: 1688.8ms.
   [Vectorized MCTS] Step 1825: 40 games active. Completed: 960/1000. Step time: 1520.9ms.
   [Vectorized MCTS] Step 1830: 37 games active. Completed: 963/1000. Step time: 1421.3ms.
   [Vectorized MCTS] Step 1835: 34 games active. Completed: 966/1000. Step time: 1332.6ms.
   [Vectorized MCTS] Step 1840: 33 games active. Completed: 967/1000. Step time: 1304.1ms.
   [Vectorized MCTS] Step 1845: 32 games active. Completed: 968/1000. Step time: 1263.2ms.
   [Vectorized MCTS] Step 1850: 30 games active. Completed: 970/1000. Step time: 1175.9ms.
   [Vectorized MCTS] Step 1855: 25 games active. Completed: 975/1000. Step time: 1012.7ms.
   [Vectorized MCTS] Step 1860: 23 games active. Completed: 977/1000. Step time: 989.9ms.
   [Vectorized MCTS] Step 1865: 22 games active. Completed: 978/1000. Step time: 907.2ms.
   [Vectorized MCTS] Step 1870: 22 games active. Completed: 978/1000. Step time: 925.1ms.
   [Vectorized MCTS] Step 1875: 22 games active. Completed: 978/1000. Step time: 914.6ms.
   [Vectorized MCTS] Step 1880: 21 games active. Completed: 979/1000. Step time: 888.0ms.
   [Vectorized MCTS] Step 1885: 20 games active. Completed: 980/1000. Step time: 882.2ms.
   [Vectorized MCTS] Step 1890: 19 games active. Completed: 981/1000. Step time: 823.7ms.
   [Vectorized MCTS] Step 1895: 16 games active. Completed: 984/1000. Step time: 722.4ms.
   [Vectorized MCTS] Step 1900: 13 games active. Completed: 987/1000. Step time: 638.3ms.
   [Vectorized MCTS] Step 1905: 13 games active. Completed: 987/1000. Step time: 615.4ms.
   [Vectorized MCTS] Step 1910: 13 games active. Completed: 987/1000. Step time: 662.3ms.
   [Vectorized MCTS] Step 1915: 13 games active. Completed: 987/1000. Step time: 644.2ms.
   [Vectorized MCTS] Step 1920: 12 games active. Completed: 988/1000. Step time: 579.7ms.
   [Vectorized MCTS] Step 1925: 12 games active. Completed: 988/1000. Step time: 555.8ms.
   [Vectorized MCTS] Step 1930: 10 games active. Completed: 990/1000. Step time: 499.7ms.
   [Vectorized MCTS] Step 1935: 10 games active. Completed: 990/1000. Step time: 522.0ms.
   [Vectorized MCTS] Step 1940: 10 games active. Completed: 990/1000. Step time: 478.9ms.
   [Vectorized MCTS] Step 1945: 09 games active. Completed: 991/1000. Step time: 461.2ms.
   [Vectorized MCTS] Step 1950: 09 games active. Completed: 991/1000. Step time: 459.6ms.
   [Vectorized MCTS] Step 1955: 09 games active. Completed: 991/1000. Step time: 459.0ms.
   [Vectorized MCTS] Step 1960: 09 games active. Completed: 991/1000. Step time: 469.2ms.
   [Vectorized MCTS] Step 1965: 08 games active. Completed: 992/1000. Step time: 480.3ms.
   [Vectorized MCTS] Step 1970: 06 games active. Completed: 994/1000. Step time: 426.2ms.
   [Vectorized MCTS] Step 1975: 06 games active. Completed: 994/1000. Step time: 407.4ms.
   [Vectorized MCTS] Step 1980: 06 games active. Completed: 994/1000. Step time: 406.9ms.
   [Vectorized MCTS] Step 1985: 06 games active. Completed: 994/1000. Step time: 407.7ms.
   [Vectorized MCTS] Step 1990: 06 games active. Completed: 994/1000. Step time: 406.2ms.
   [Vectorized MCTS] Step 1995: 05 games active. Completed: 995/1000. Step time: 392.1ms.
   [Vectorized MCTS] Step 2000: 04 games active. Completed: 996/1000. Step time: 357.3ms.
   [Vectorized MCTS] Step 2005: 04 games active. Completed: 996/1000. Step time: 353.0ms.
   [Vectorized MCTS] Step 2010: 04 games active. Completed: 996/1000. Step time: 355.9ms.
   [Vectorized MCTS] Step 2015: 02 games active. Completed: 998/1000. Step time: 310.3ms.
   [Vectorized MCTS] Step 2020: 01 games active. Completed: 999/1000. Step time: 256.3ms.
   [Vectorized MCTS] Step 2025: 01 games active. Completed: 999/1000. Step time: 261.1ms.
   [Vectorized MCTS] Step 2028: 00 games active. Completed: 1000/1000. Step time: 259.9ms.

Collection completed in 4706.7 seconds (4.707s/game average).
