Starting self-play collection using /Users/nilbot/playground/autogo-mlx/experiments/001_train_from_scratch/checkpoints/iter12.safetensors
--> Progressive sims enabled. Iteration 12 -> 64 simulations.
Config: num-games=1000, simulations=64, workers=8
--> Starting pool-swapping selfplay for all 1000 games with max_active_games=64...
   [Vectorized MCTS] Step 001: 64 games active. Completed: 0/1000. Step time: 3716.3ms.
   [Vectorized MCTS] Step 005: 64 games active. Completed: 0/1000. Step time: 3816.4ms.
   [Vectorized MCTS] Step 010: 64 games active. Completed: 0/1000. Step time: 3809.7ms.
   [Vectorized MCTS] Step 015: 64 games active. Completed: 0/1000. Step time: 3831.6ms.
   [Vectorized MCTS] Step 020: 64 games active. Completed: 0/1000. Step time: 3840.4ms.
   [Vectorized MCTS] Step 025: 64 games active. Completed: 0/1000. Step time: 3844.8ms.
   [Vectorized MCTS] Step 030: 64 games active. Completed: 0/1000. Step time: 3869.7ms.
   [Vectorized MCTS] Step 035: 64 games active. Completed: 0/1000. Step time: 3915.0ms.
   [Vectorized MCTS] Step 040: 64 games active. Completed: 0/1000. Step time: 3944.9ms.
   [Vectorized MCTS] Step 045: 64 games active. Completed: 0/1000. Step time: 3966.5ms.
   [Vectorized MCTS] Step 050: 64 games active. Completed: 0/1000. Step time: 3950.6ms.
   [Vectorized MCTS] Step 055: 64 games active. Completed: 0/1000. Step time: 3940.5ms.
   [Vectorized MCTS] Step 060: 64 games active. Completed: 0/1000. Step time: 3936.6ms.
   [Vectorized MCTS] Step 065: 64 games active. Completed: 1/1000. Step time: 3949.4ms.
   [Vectorized MCTS] Step 070: 64 games active. Completed: 1/1000. Step time: 3969.9ms.
   [Vectorized MCTS] Step 075: 64 games active. Completed: 1/1000. Step time: 3985.5ms.
   [Vectorized MCTS] Step 080: 64 games active. Completed: 1/1000. Step time: 4021.2ms.
   [Vectorized MCTS] Step 085: 64 games active. Completed: 1/1000. Step time: 4018.5ms.
   [Vectorized MCTS] Step 090: 64 games active. Completed: 1/1000. Step time: 4024.9ms.
   [Vectorized MCTS] Step 095: 64 games active. Completed: 1/1000. Step time: 4023.4ms.
   [Vectorized MCTS] Step 100: 64 games active. Completed: 1/1000. Step time: 4016.1ms.
   [Vectorized MCTS] Step 105: 64 games active. Completed: 2/1000. Step time: 3982.0ms.
   [Vectorized MCTS] Step 110: 64 games active. Completed: 2/1000. Step time: 3959.2ms.
   [Vectorized MCTS] Step 115: 64 games active. Completed: 6/1000. Step time: 3935.9ms.
   [Vectorized MCTS] Step 120: 64 games active. Completed: 11/1000. Step time: 3923.9ms.
   [Vectorized MCTS] Step 125: 64 games active. Completed: 13/1000. Step time: 3908.1ms.
   [Vectorized MCTS] Step 130: 64 games active. Completed: 19/1000. Step time: 3879.0ms.
   [Vectorized MCTS] Step 135: 64 games active. Completed: 25/1000. Step time: 3889.1ms.
   [Vectorized MCTS] Step 140: 64 games active. Completed: 29/1000. Step time: 3886.6ms.
   [Vectorized MCTS] Step 145: 64 games active. Completed: 37/1000. Step time: 3851.5ms.
   [Vectorized MCTS] Step 150: 64 games active. Completed: 42/1000. Step time: 3867.1ms.
   [Vectorized MCTS] Step 155: 64 games active. Completed: 45/1000. Step time: 3836.2ms.
   [Vectorized MCTS] Step 160: 64 games active. Completed: 51/1000. Step time: 3889.3ms.
   [Vectorized MCTS] Step 165: 64 games active. Completed: 54/1000. Step time: 3858.4ms.
   [Vectorized MCTS] Step 170: 64 games active. Completed: 54/1000. Step time: 3910.3ms.
   [Vectorized MCTS] Step 175: 64 games active. Completed: 54/1000. Step time: 3893.2ms.
   [Vectorized MCTS] Step 180: 64 games active. Completed: 54/1000. Step time: 3921.7ms.
   [Vectorized MCTS] Step 185: 64 games active. Completed: 55/1000. Step time: 3925.8ms.
   [Vectorized MCTS] Step 190: 64 games active. Completed: 55/1000. Step time: 3951.8ms.
   [Vectorized MCTS] Step 195: 64 games active. Completed: 55/1000. Step time: 4030.7ms.
   [Vectorized MCTS] Step 200: 64 games active. Completed: 55/1000. Step time: 4022.1ms.
   [Vectorized MCTS] Step 205: 64 games active. Completed: 55/1000. Step time: 3989.7ms.
   [Vectorized MCTS] Step 210: 64 games active. Completed: 55/1000. Step time: 4013.8ms.
   [Vectorized MCTS] Step 215: 64 games active. Completed: 55/1000. Step time: 4006.0ms.
   [Vectorized MCTS] Step 220: 64 games active. Completed: 55/1000. Step time: 4055.6ms.
   [Vectorized MCTS] Step 225: 64 games active. Completed: 57/1000. Step time: 4007.1ms.
   [Vectorized MCTS] Step 230: 64 games active. Completed: 57/1000. Step time: 4003.3ms.
   [Vectorized MCTS] Step 235: 64 games active. Completed: 59/1000. Step time: 4008.3ms.
   [Vectorized MCTS] Step 240: 64 games active. Completed: 60/1000. Step time: 4011.7ms.
   [Vectorized MCTS] Step 245: 64 games active. Completed: 61/1000. Step time: 4001.5ms.
   [Vectorized MCTS] Step 250: 64 games active. Completed: 74/1000. Step time: 3998.9ms.
   [Vectorized MCTS] Step 255: 64 games active. Completed: 75/1000. Step time: 3913.1ms.
   [Vectorized MCTS] Step 260: 64 games active. Completed: 78/1000. Step time: 3969.6ms.
   [Vectorized MCTS] Step 265: 64 games active. Completed: 79/1000. Step time: 3914.1ms.
   [Vectorized MCTS] Step 270: 64 games active. Completed: 83/1000. Step time: 3913.7ms.
   [Vectorized MCTS] Step 275: 64 games active. Completed: 87/1000. Step time: 3904.7ms.
   [Vectorized MCTS] Step 280: 64 games active. Completed: 91/1000. Step time: 3889.9ms.
   [Vectorized MCTS] Step 285: 64 games active. Completed: 92/1000. Step time: 3896.7ms.
   [Vectorized MCTS] Step 290: 64 games active. Completed: 97/1000. Step time: 3903.5ms.
   [Vectorized MCTS] Step 295: 64 games active. Completed: 98/1000. Step time: 3888.1ms.
   [Vectorized MCTS] Step 300: 64 games active. Completed: 99/1000. Step time: 3895.0ms.
   [Vectorized MCTS] Step 305: 64 games active. Completed: 103/1000. Step time: 3886.0ms.
   [Vectorized MCTS] Step 310: 64 games active. Completed: 104/1000. Step time: 3897.0ms.
   [Vectorized MCTS] Step 315: 64 games active. Completed: 106/1000. Step time: 3921.6ms.
   [Vectorized MCTS] Step 320: 64 games active. Completed: 108/1000. Step time: 3936.0ms.
   [Vectorized MCTS] Step 325: 64 games active. Completed: 108/1000. Step time: 3993.2ms.
   [Vectorized MCTS] Step 330: 64 games active. Completed: 108/1000. Step time: 3982.1ms.
   [Vectorized MCTS] Step 335: 64 games active. Completed: 109/1000. Step time: 3987.3ms.
   [Vectorized MCTS] Step 340: 64 games active. Completed: 109/1000. Step time: 4002.8ms.
   [Vectorized MCTS] Step 345: 64 games active. Completed: 109/1000. Step time: 3997.7ms.
   [Vectorized MCTS] Step 350: 64 games active. Completed: 109/1000. Step time: 4062.0ms.
   [Vectorized MCTS] Step 355: 64 games active. Completed: 109/1000. Step time: 4014.2ms.
   [Vectorized MCTS] Step 360: 64 games active. Completed: 109/1000. Step time: 3999.2ms.
   [Vectorized MCTS] Step 365: 64 games active. Completed: 110/1000. Step time: 3994.8ms.
   [Vectorized MCTS] Step 370: 64 games active. Completed: 111/1000. Step time: 3973.8ms.
   [Vectorized MCTS] Step 375: 64 games active. Completed: 115/1000. Step time: 3950.3ms.
   [Vectorized MCTS] Step 380: 64 games active. Completed: 122/1000. Step time: 3964.2ms.
   [Vectorized MCTS] Step 385: 64 games active. Completed: 125/1000. Step time: 3942.1ms.
   [Vectorized MCTS] Step 390: 64 games active. Completed: 128/1000. Step time: 3914.8ms.
   [Vectorized MCTS] Step 395: 64 games active. Completed: 137/1000. Step time: 3866.6ms.
   [Vectorized MCTS] Step 400: 64 games active. Completed: 140/1000. Step time: 3881.6ms.
   [Vectorized MCTS] Step 405: 64 games active. Completed: 145/1000. Step time: 3890.1ms.
   [Vectorized MCTS] Step 410: 64 games active. Completed: 145/1000. Step time: 3893.4ms.
   [Vectorized MCTS] Step 415: 64 games active. Completed: 147/1000. Step time: 3911.9ms.
   [Vectorized MCTS] Step 420: 64 games active. Completed: 147/1000. Step time: 3921.2ms.
   [Vectorized MCTS] Step 425: 64 games active. Completed: 147/1000. Step time: 3940.4ms.
   [Vectorized MCTS] Step 430: 64 games active. Completed: 148/1000. Step time: 3957.3ms.
   [Vectorized MCTS] Step 435: 64 games active. Completed: 152/1000. Step time: 3929.8ms.
   [Vectorized MCTS] Step 440: 64 games active. Completed: 155/1000. Step time: 3929.6ms.
   [Vectorized MCTS] Step 445: 64 games active. Completed: 156/1000. Step time: 3944.8ms.
   [Vectorized MCTS] Step 450: 64 games active. Completed: 159/1000. Step time: 3935.3ms.
   [Vectorized MCTS] Step 455: 64 games active. Completed: 159/1000. Step time: 3944.8ms.
   [Vectorized MCTS] Step 460: 64 games active. Completed: 160/1000. Step time: 4013.1ms.
   [Vectorized MCTS] Step 465: 64 games active. Completed: 160/1000. Step time: 3967.5ms.
   [Vectorized MCTS] Step 470: 64 games active. Completed: 161/1000. Step time: 3977.3ms.
   [Vectorized MCTS] Step 475: 64 games active. Completed: 163/1000. Step time: 3998.5ms.
   [Vectorized MCTS] Step 480: 64 games active. Completed: 165/1000. Step time: 3977.0ms.
   [Vectorized MCTS] Step 485: 64 games active. Completed: 165/1000. Step time: 3977.9ms.
   [Vectorized MCTS] Step 490: 64 games active. Completed: 166/1000. Step time: 3985.9ms.
   [Vectorized MCTS] Step 495: 64 games active. Completed: 168/1000. Step time: 3985.3ms.
   [Vectorized MCTS] Step 500: 64 games active. Completed: 174/1000. Step time: 3962.4ms.
   [Vectorized MCTS] Step 505: 64 games active. Completed: 174/1000. Step time: 3976.9ms.
   [Vectorized MCTS] Step 510: 64 games active. Completed: 175/1000. Step time: 3955.7ms.
   [Vectorized MCTS] Step 515: 64 games active. Completed: 176/1000. Step time: 3952.9ms.
   [Vectorized MCTS] Step 520: 64 games active. Completed: 179/1000. Step time: 3961.7ms.
   [Vectorized MCTS] Step 525: 64 games active. Completed: 182/1000. Step time: 3923.6ms.
   [Vectorized MCTS] Step 530: 64 games active. Completed: 191/1000. Step time: 3900.2ms.
   [Vectorized MCTS] Step 535: 64 games active. Completed: 195/1000. Step time: 3899.7ms.
   [Vectorized MCTS] Step 540: 64 games active. Completed: 199/1000. Step time: 3875.0ms.
   [Vectorized MCTS] Step 545: 64 games active. Completed: 202/1000. Step time: 3953.6ms.
   [Vectorized MCTS] Step 550: 64 games active. Completed: 203/1000. Step time: 3886.9ms.
   [Vectorized MCTS] Step 555: 64 games active. Completed: 205/1000. Step time: 3899.2ms.
   [Vectorized MCTS] Step 560: 64 games active. Completed: 207/1000. Step time: 3906.0ms.
   [Vectorized MCTS] Step 565: 64 games active. Completed: 209/1000. Step time: 3909.9ms.
   [Vectorized MCTS] Step 570: 64 games active. Completed: 210/1000. Step time: 3923.5ms.
   [Vectorized MCTS] Step 575: 64 games active. Completed: 211/1000. Step time: 3936.2ms.
   [Vectorized MCTS] Step 580: 64 games active. Completed: 215/1000. Step time: 3985.0ms.
   [Vectorized MCTS] Step 585: 64 games active. Completed: 217/1000. Step time: 3942.3ms.
   [Vectorized MCTS] Step 590: 64 games active. Completed: 218/1000. Step time: 3949.2ms.
   [Vectorized MCTS] Step 595: 64 games active. Completed: 218/1000. Step time: 3964.7ms.
   [Vectorized MCTS] Step 600: 64 games active. Completed: 219/1000. Step time: 3971.3ms.
   [Vectorized MCTS] Step 605: 64 games active. Completed: 220/1000. Step time: 3998.2ms.
   [Vectorized MCTS] Step 610: 64 games active. Completed: 220/1000. Step time: 3995.8ms.
   [Vectorized MCTS] Step 615: 64 games active. Completed: 221/1000. Step time: 4010.8ms.
   [Vectorized MCTS] Step 620: 64 games active. Completed: 224/1000. Step time: 4003.7ms.
   [Vectorized MCTS] Step 625: 64 games active. Completed: 226/1000. Step time: 3996.9ms.
   [Vectorized MCTS] Step 630: 64 games active. Completed: 229/1000. Step time: 3976.7ms.
   [Vectorized MCTS] Step 635: 64 games active. Completed: 229/1000. Step time: 3985.1ms.
   [Vectorized MCTS] Step 640: 64 games active. Completed: 230/1000. Step time: 3964.9ms.
   [Vectorized MCTS] Step 645: 64 games active. Completed: 233/1000. Step time: 3951.0ms.
   [Vectorized MCTS] Step 650: 64 games active. Completed: 237/1000. Step time: 3945.3ms.
   [Vectorized MCTS] Step 655: 64 games active. Completed: 241/1000. Step time: 3931.2ms.
   [Vectorized MCTS] Step 660: 64 games active. Completed: 244/1000. Step time: 3943.1ms.
   [Vectorized MCTS] Step 665: 64 games active. Completed: 247/1000. Step time: 3929.6ms.
   [Vectorized MCTS] Step 670: 64 games active. Completed: 248/1000. Step time: 3927.1ms.
   [Vectorized MCTS] Step 675: 64 games active. Completed: 253/1000. Step time: 3912.2ms.
   [Vectorized MCTS] Step 680: 64 games active. Completed: 257/1000. Step time: 3930.5ms.
   [Vectorized MCTS] Step 685: 64 games active. Completed: 261/1000. Step time: 3889.1ms.
   [Vectorized MCTS] Step 690: 64 games active. Completed: 263/1000. Step time: 3895.2ms.
   [Vectorized MCTS] Step 695: 64 games active. Completed: 267/1000. Step time: 3917.7ms.
   [Vectorized MCTS] Step 700: 64 games active. Completed: 270/1000. Step time: 3907.7ms.
   [Vectorized MCTS] Step 705: 64 games active. Completed: 270/1000. Step time: 3920.4ms.
   [Vectorized MCTS] Step 710: 64 games active. Completed: 272/1000. Step time: 3950.7ms.
   [Vectorized MCTS] Step 715: 64 games active. Completed: 274/1000. Step time: 3945.7ms.
   [Vectorized MCTS] Step 720: 64 games active. Completed: 275/1000. Step time: 3953.0ms.
   [Vectorized MCTS] Step 725: 64 games active. Completed: 276/1000. Step time: 4005.7ms.
   [Vectorized MCTS] Step 730: 64 games active. Completed: 276/1000. Step time: 4013.2ms.
   [Vectorized MCTS] Step 735: 64 games active. Completed: 277/1000. Step time: 3990.0ms.
   [Vectorized MCTS] Step 740: 64 games active. Completed: 279/1000. Step time: 4003.3ms.
   [Vectorized MCTS] Step 745: 64 games active. Completed: 280/1000. Step time: 4052.0ms.
   [Vectorized MCTS] Step 750: 64 games active. Completed: 282/1000. Step time: 3988.5ms.
   [Vectorized MCTS] Step 755: 64 games active. Completed: 282/1000. Step time: 3996.5ms.
   [Vectorized MCTS] Step 760: 64 games active. Completed: 282/1000. Step time: 3983.1ms.
   [Vectorized MCTS] Step 765: 64 games active. Completed: 283/1000. Step time: 3981.2ms.
   [Vectorized MCTS] Step 770: 64 games active. Completed: 285/1000. Step time: 3990.7ms.
   [Vectorized MCTS] Step 775: 64 games active. Completed: 287/1000. Step time: 3957.6ms.
   [Vectorized MCTS] Step 780: 64 games active. Completed: 293/1000. Step time: 3948.2ms.
   [Vectorized MCTS] Step 785: 64 games active. Completed: 295/1000. Step time: 3959.7ms.
   [Vectorized MCTS] Step 790: 64 games active. Completed: 296/1000. Step time: 3946.8ms.
   [Vectorized MCTS] Step 795: 64 games active. Completed: 298/1000. Step time: 3929.6ms.
   [Vectorized MCTS] Step 800: 64 games active. Completed: 301/1000. Step time: 3931.9ms.
   [Vectorized MCTS] Step 805: 64 games active. Completed: 306/1000. Step time: 3904.1ms.
   [Vectorized MCTS] Step 810: 64 games active. Completed: 309/1000. Step time: 3965.1ms.
   [Vectorized MCTS] Step 815: 64 games active. Completed: 309/1000. Step time: 3933.9ms.
   [Vectorized MCTS] Step 820: 64 games active. Completed: 310/1000. Step time: 3931.8ms.
   [Vectorized MCTS] Step 825: 64 games active. Completed: 315/1000. Step time: 3997.3ms.
   [Vectorized MCTS] Step 830: 64 games active. Completed: 320/1000. Step time: 3933.3ms.
   [Vectorized MCTS] Step 835: 64 games active. Completed: 322/1000. Step time: 3900.1ms.
   [Vectorized MCTS] Step 840: 64 games active. Completed: 326/1000. Step time: 3907.4ms.
   [Vectorized MCTS] Step 845: 64 games active. Completed: 326/1000. Step time: 3922.4ms.
   [Vectorized MCTS] Step 850: 64 games active. Completed: 327/1000. Step time: 3933.7ms.
   [Vectorized MCTS] Step 855: 64 games active. Completed: 330/1000. Step time: 3936.8ms.
   [Vectorized MCTS] Step 860: 64 games active. Completed: 331/1000. Step time: 3938.6ms.
   [Vectorized MCTS] Step 865: 64 games active. Completed: 332/1000. Step time: 3965.9ms.
   [Vectorized MCTS] Step 870: 64 games active. Completed: 333/1000. Step time: 3967.4ms.
   [Vectorized MCTS] Step 875: 64 games active. Completed: 335/1000. Step time: 3966.8ms.
   [Vectorized MCTS] Step 880: 64 games active. Completed: 335/1000. Step time: 3971.1ms.
   [Vectorized MCTS] Step 885: 64 games active. Completed: 336/1000. Step time: 3997.8ms.
   [Vectorized MCTS] Step 890: 64 games active. Completed: 339/1000. Step time: 3989.3ms.
   [Vectorized MCTS] Step 895: 64 games active. Completed: 340/1000. Step time: 3976.9ms.
   [Vectorized MCTS] Step 900: 64 games active. Completed: 340/1000. Step time: 3979.6ms.
   [Vectorized MCTS] Step 905: 64 games active. Completed: 343/1000. Step time: 3963.5ms.
   [Vectorized MCTS] Step 910: 64 games active. Completed: 345/1000. Step time: 3975.7ms.
   [Vectorized MCTS] Step 915: 64 games active. Completed: 347/1000. Step time: 3977.5ms.
   [Vectorized MCTS] Step 920: 64 games active. Completed: 349/1000. Step time: 3966.4ms.
   [Vectorized MCTS] Step 925: 64 games active. Completed: 351/1000. Step time: 3948.1ms.
   [Vectorized MCTS] Step 930: 64 games active. Completed: 355/1000. Step time: 3928.1ms.
   [Vectorized MCTS] Step 935: 64 games active. Completed: 359/1000. Step time: 3942.7ms.
   [Vectorized MCTS] Step 940: 64 games active. Completed: 361/1000. Step time: 3938.4ms.
   [Vectorized MCTS] Step 945: 64 games active. Completed: 363/1000. Step time: 3937.9ms.
   [Vectorized MCTS] Step 950: 64 games active. Completed: 365/1000. Step time: 3944.2ms.
   [Vectorized MCTS] Step 955: 64 games active. Completed: 368/1000. Step time: 3933.6ms.
   [Vectorized MCTS] Step 960: 64 games active. Completed: 372/1000. Step time: 3925.8ms.
   [Vectorized MCTS] Step 965: 64 games active. Completed: 372/1000. Step time: 3933.8ms.
   [Vectorized MCTS] Step 970: 64 games active. Completed: 375/1000. Step time: 3935.0ms.
   [Vectorized MCTS] Step 975: 64 games active. Completed: 376/1000. Step time: 3946.3ms.
   [Vectorized MCTS] Step 980: 64 games active. Completed: 376/1000. Step time: 3940.0ms.
   [Vectorized MCTS] Step 985: 64 games active. Completed: 384/1000. Step time: 3930.6ms.
   [Vectorized MCTS] Step 990: 64 games active. Completed: 386/1000. Step time: 3996.2ms.
   [Vectorized MCTS] Step 995: 64 games active. Completed: 388/1000. Step time: 3930.7ms.
   [Vectorized MCTS] Step 1000: 64 games active. Completed: 390/1000. Step time: 3943.0ms.
   [Vectorized MCTS] Step 1005: 64 games active. Completed: 390/1000. Step time: 3968.4ms.
   [Vectorized MCTS] Step 1010: 64 games active. Completed: 391/1000. Step time: 3962.5ms.
   [Vectorized MCTS] Step 1015: 64 games active. Completed: 393/1000. Step time: 3953.4ms.
   [Vectorized MCTS] Step 1020: 64 games active. Completed: 394/1000. Step time: 3959.5ms.
   [Vectorized MCTS] Step 1025: 64 games active. Completed: 398/1000. Step time: 3955.2ms.
   [Vectorized MCTS] Step 1030: 64 games active. Completed: 399/1000. Step time: 3951.8ms.
   [Vectorized MCTS] Step 1035: 64 games active. Completed: 400/1000. Step time: 3963.3ms.
   [Vectorized MCTS] Step 1040: 64 games active. Completed: 403/1000. Step time: 3961.7ms.
   [Vectorized MCTS] Step 1045: 64 games active. Completed: 406/1000. Step time: 3929.3ms.
   [Vectorized MCTS] Step 1050: 64 games active. Completed: 409/1000. Step time: 3996.6ms.
   [Vectorized MCTS] Step 1055: 64 games active. Completed: 411/1000. Step time: 3937.2ms.
   [Vectorized MCTS] Step 1060: 64 games active. Completed: 412/1000. Step time: 3938.7ms.
   [Vectorized MCTS] Step 1065: 64 games active. Completed: 416/1000. Step time: 3957.3ms.
   [Vectorized MCTS] Step 1070: 64 games active. Completed: 419/1000. Step time: 3920.6ms.
   [Vectorized MCTS] Step 1075: 64 games active. Completed: 421/1000. Step time: 3927.5ms.
   [Vectorized MCTS] Step 1080: 64 games active. Completed: 425/1000. Step time: 3917.4ms.
   [Vectorized MCTS] Step 1085: 64 games active. Completed: 427/1000. Step time: 3918.9ms.
   [Vectorized MCTS] Step 1090: 64 games active. Completed: 430/1000. Step time: 3904.8ms.
   [Vectorized MCTS] Step 1095: 64 games active. Completed: 435/1000. Step time: 3912.8ms.
   [Vectorized MCTS] Step 1100: 64 games active. Completed: 437/1000. Step time: 3906.2ms.
   [Vectorized MCTS] Step 1105: 64 games active. Completed: 440/1000. Step time: 3913.4ms.
   [Vectorized MCTS] Step 1110: 64 games active. Completed: 440/1000. Step time: 3966.0ms.
   [Vectorized MCTS] Step 1115: 64 games active. Completed: 440/1000. Step time: 3962.8ms.
   [Vectorized MCTS] Step 1120: 64 games active. Completed: 442/1000. Step time: 3967.4ms.
   [Vectorized MCTS] Step 1125: 64 games active. Completed: 443/1000. Step time: 3948.7ms.
   [Vectorized MCTS] Step 1130: 64 games active. Completed: 447/1000. Step time: 3934.6ms.
   [Vectorized MCTS] Step 1135: 64 games active. Completed: 450/1000. Step time: 3940.3ms.
   [Vectorized MCTS] Step 1140: 64 games active. Completed: 450/1000. Step time: 3945.5ms.
   [Vectorized MCTS] Step 1145: 64 games active. Completed: 451/1000. Step time: 4002.6ms.
   [Vectorized MCTS] Step 1150: 64 games active. Completed: 454/1000. Step time: 3948.4ms.
   [Vectorized MCTS] Step 1155: 64 games active. Completed: 457/1000. Step time: 3963.7ms.
   [Vectorized MCTS] Step 1160: 64 games active. Completed: 458/1000. Step time: 3938.3ms.
   [Vectorized MCTS] Step 1165: 64 games active. Completed: 459/1000. Step time: 3953.3ms.
   [Vectorized MCTS] Step 1170: 64 games active. Completed: 459/1000. Step time: 3955.2ms.
   [Vectorized MCTS] Step 1175: 64 games active. Completed: 459/1000. Step time: 3966.5ms.
   [Vectorized MCTS] Step 1180: 64 games active. Completed: 461/1000. Step time: 4044.0ms.
   [Vectorized MCTS] Step 1185: 64 games active. Completed: 469/1000. Step time: 3940.9ms.
   [Vectorized MCTS] Step 1190: 64 games active. Completed: 470/1000. Step time: 3946.6ms.
   [Vectorized MCTS] Step 1195: 64 games active. Completed: 473/1000. Step time: 3942.3ms.
   [Vectorized MCTS] Step 1200: 64 games active. Completed: 474/1000. Step time: 3937.7ms.
   [Vectorized MCTS] Step 1205: 64 games active. Completed: 478/1000. Step time: 3938.5ms.
   [Vectorized MCTS] Step 1210: 64 games active. Completed: 481/1000. Step time: 3939.8ms.
   [Vectorized MCTS] Step 1215: 64 games active. Completed: 481/1000. Step time: 4013.1ms.
   [Vectorized MCTS] Step 1220: 64 games active. Completed: 484/1000. Step time: 3935.2ms.
   [Vectorized MCTS] Step 1225: 64 games active. Completed: 488/1000. Step time: 3954.5ms.
   [Vectorized MCTS] Step 1230: 64 games active. Completed: 491/1000. Step time: 3925.3ms.
   [Vectorized MCTS] Step 1235: 64 games active. Completed: 495/1000. Step time: 3909.6ms.
   [Vectorized MCTS] Step 1240: 64 games active. Completed: 497/1000. Step time: 3924.3ms.
   [Vectorized MCTS] Step 1245: 64 games active. Completed: 500/1000. Step time: 3923.4ms.
   [Vectorized MCTS] Step 1250: 64 games active. Completed: 500/1000. Step time: 3926.6ms.
   [Vectorized MCTS] Step 1255: 64 games active. Completed: 502/1000. Step time: 3942.7ms.
   [Vectorized MCTS] Step 1260: 64 games active. Completed: 504/1000. Step time: 3936.9ms.
   [Vectorized MCTS] Step 1265: 64 games active. Completed: 506/1000. Step time: 3934.4ms.
   [Vectorized MCTS] Step 1270: 64 games active. Completed: 509/1000. Step time: 3959.7ms.
   [Vectorized MCTS] Step 1275: 64 games active. Completed: 509/1000. Step time: 3956.4ms.
   [Vectorized MCTS] Step 1280: 64 games active. Completed: 510/1000. Step time: 3967.1ms.
   [Vectorized MCTS] Step 1285: 64 games active. Completed: 512/1000. Step time: 3985.5ms.
   [Vectorized MCTS] Step 1290: 64 games active. Completed: 513/1000. Step time: 3951.3ms.
   [Vectorized MCTS] Step 1295: 64 games active. Completed: 515/1000. Step time: 3942.2ms.
   [Vectorized MCTS] Step 1300: 64 games active. Completed: 517/1000. Step time: 3957.2ms.
   [Vectorized MCTS] Step 1305: 64 games active. Completed: 521/1000. Step time: 3934.1ms.
   [Vectorized MCTS] Step 1310: 64 games active. Completed: 524/1000. Step time: 3929.2ms.
   [Vectorized MCTS] Step 1315: 64 games active. Completed: 526/1000. Step time: 3949.1ms.
   [Vectorized MCTS] Step 1320: 64 games active. Completed: 527/1000. Step time: 3946.4ms.
   [Vectorized MCTS] Step 1325: 64 games active. Completed: 528/1000. Step time: 3951.4ms.
   [Vectorized MCTS] Step 1330: 64 games active. Completed: 529/1000. Step time: 3965.4ms.
   [Vectorized MCTS] Step 1335: 64 games active. Completed: 533/1000. Step time: 3961.6ms.
   [Vectorized MCTS] Step 1340: 64 games active. Completed: 534/1000. Step time: 3948.7ms.
   [Vectorized MCTS] Step 1345: 64 games active. Completed: 539/1000. Step time: 3939.7ms.
   [Vectorized MCTS] Step 1350: 64 games active. Completed: 541/1000. Step time: 3918.2ms.
   [Vectorized MCTS] Step 1355: 64 games active. Completed: 544/1000. Step time: 3909.2ms.
   [Vectorized MCTS] Step 1360: 64 games active. Completed: 545/1000. Step time: 3935.1ms.
   [Vectorized MCTS] Step 1365: 64 games active. Completed: 547/1000. Step time: 3934.6ms.
   [Vectorized MCTS] Step 1370: 64 games active. Completed: 549/1000. Step time: 3986.4ms.
   [Vectorized MCTS] Step 1375: 64 games active. Completed: 551/1000. Step time: 3964.5ms.
   [Vectorized MCTS] Step 1380: 64 games active. Completed: 553/1000. Step time: 3944.9ms.
   [Vectorized MCTS] Step 1385: 64 games active. Completed: 554/1000. Step time: 3948.2ms.
   [Vectorized MCTS] Step 1390: 64 games active. Completed: 555/1000. Step time: 3935.6ms.
   [Vectorized MCTS] Step 1395: 64 games active. Completed: 556/1000. Step time: 3944.9ms.
   [Vectorized MCTS] Step 1400: 64 games active. Completed: 561/1000. Step time: 3941.3ms.
   [Vectorized MCTS] Step 1405: 64 games active. Completed: 561/1000. Step time: 3934.7ms.
   [Vectorized MCTS] Step 1410: 64 games active. Completed: 564/1000. Step time: 3946.4ms.
   [Vectorized MCTS] Step 1415: 64 games active. Completed: 564/1000. Step time: 3969.8ms.
   [Vectorized MCTS] Step 1420: 64 games active. Completed: 565/1000. Step time: 3959.7ms.
   [Vectorized MCTS] Step 1425: 64 games active. Completed: 567/1000. Step time: 3966.3ms.
   [Vectorized MCTS] Step 1430: 64 games active. Completed: 567/1000. Step time: 3972.8ms.
   [Vectorized MCTS] Step 1435: 64 games active. Completed: 572/1000. Step time: 3962.9ms.
   [Vectorized MCTS] Step 1440: 64 games active. Completed: 574/1000. Step time: 3949.2ms.
   [Vectorized MCTS] Step 1445: 64 games active. Completed: 581/1000. Step time: 3915.9ms.
   [Vectorized MCTS] Step 1450: 64 games active. Completed: 582/1000. Step time: 3940.7ms.
   [Vectorized MCTS] Step 1455: 64 games active. Completed: 584/1000. Step time: 3939.1ms.
   [Vectorized MCTS] Step 1460: 64 games active. Completed: 586/1000. Step time: 3943.8ms.
   [Vectorized MCTS] Step 1465: 64 games active. Completed: 586/1000. Step time: 3955.2ms.
   [Vectorized MCTS] Step 1470: 64 games active. Completed: 588/1000. Step time: 3976.0ms.
   [Vectorized MCTS] Step 1475: 64 games active. Completed: 590/1000. Step time: 3975.2ms.
   [Vectorized MCTS] Step 1480: 64 games active. Completed: 594/1000. Step time: 3937.6ms.
   [Vectorized MCTS] Step 1485: 64 games active. Completed: 596/1000. Step time: 3925.4ms.
   [Vectorized MCTS] Step 1490: 64 games active. Completed: 597/1000. Step time: 3942.4ms.
   [Vectorized MCTS] Step 1495: 64 games active. Completed: 600/1000. Step time: 3931.8ms.
   [Vectorized MCTS] Step 1500: 64 games active. Completed: 601/1000. Step time: 3937.7ms.
   [Vectorized MCTS] Step 1505: 64 games active. Completed: 603/1000. Step time: 3928.2ms.
   [Vectorized MCTS] Step 1510: 64 games active. Completed: 606/1000. Step time: 3923.1ms.
   [Vectorized MCTS] Step 1515: 64 games active. Completed: 611/1000. Step time: 3931.4ms.
   [Vectorized MCTS] Step 1520: 64 games active. Completed: 612/1000. Step time: 3936.6ms.
   [Vectorized MCTS] Step 1525: 64 games active. Completed: 612/1000. Step time: 3949.5ms.
   [Vectorized MCTS] Step 1530: 64 games active. Completed: 614/1000. Step time: 3965.1ms.
   [Vectorized MCTS] Step 1535: 64 games active. Completed: 615/1000. Step time: 3959.8ms.
   [Vectorized MCTS] Step 1540: 64 games active. Completed: 615/1000. Step time: 3968.8ms.
   [Vectorized MCTS] Step 1545: 64 games active. Completed: 616/1000. Step time: 3960.2ms.
   [Vectorized MCTS] Step 1550: 64 games active. Completed: 618/1000. Step time: 4024.5ms.
   [Vectorized MCTS] Step 1555: 64 games active. Completed: 620/1000. Step time: 3959.2ms.
   [Vectorized MCTS] Step 1560: 64 games active. Completed: 622/1000. Step time: 3917.1ms.
   [Vectorized MCTS] Step 1565: 64 games active. Completed: 628/1000. Step time: 3932.2ms.
   [Vectorized MCTS] Step 1570: 64 games active. Completed: 630/1000. Step time: 3916.0ms.
   [Vectorized MCTS] Step 1575: 64 games active. Completed: 630/1000. Step time: 3936.7ms.
   [Vectorized MCTS] Step 1580: 64 games active. Completed: 632/1000. Step time: 4010.4ms.
   [Vectorized MCTS] Step 1585: 64 games active. Completed: 633/1000. Step time: 3959.7ms.
   [Vectorized MCTS] Step 1590: 64 games active. Completed: 634/1000. Step time: 3968.1ms.
   [Vectorized MCTS] Step 1595: 64 games active. Completed: 636/1000. Step time: 3971.1ms.
   [Vectorized MCTS] Step 1600: 64 games active. Completed: 640/1000. Step time: 3962.6ms.
   [Vectorized MCTS] Step 1605: 64 games active. Completed: 646/1000. Step time: 3930.1ms.
   [Vectorized MCTS] Step 1610: 64 games active. Completed: 650/1000. Step time: 3918.7ms.
   [Vectorized MCTS] Step 1615: 64 games active. Completed: 650/1000. Step time: 3928.7ms.
   [Vectorized MCTS] Step 1620: 64 games active. Completed: 651/1000. Step time: 3951.2ms.
   [Vectorized MCTS] Step 1625: 64 games active. Completed: 651/1000. Step time: 3957.4ms.
   [Vectorized MCTS] Step 1630: 64 games active. Completed: 656/1000. Step time: 3951.3ms.
   [Vectorized MCTS] Step 1635: 64 games active. Completed: 657/1000. Step time: 3956.6ms.
   [Vectorized MCTS] Step 1640: 64 games active. Completed: 658/1000. Step time: 3977.3ms.
   [Vectorized MCTS] Step 1645: 64 games active. Completed: 660/1000. Step time: 3963.9ms.
   [Vectorized MCTS] Step 1650: 64 games active. Completed: 665/1000. Step time: 3942.6ms.
   [Vectorized MCTS] Step 1655: 64 games active. Completed: 666/1000. Step time: 3949.6ms.
   [Vectorized MCTS] Step 1660: 64 games active. Completed: 666/1000. Step time: 3949.1ms.
   [Vectorized MCTS] Step 1665: 64 games active. Completed: 668/1000. Step time: 3962.7ms.
   [Vectorized MCTS] Step 1670: 64 games active. Completed: 669/1000. Step time: 3975.6ms.
   [Vectorized MCTS] Step 1675: 64 games active. Completed: 671/1000. Step time: 3975.4ms.
   [Vectorized MCTS] Step 1680: 64 games active. Completed: 671/1000. Step time: 3972.7ms.
   [Vectorized MCTS] Step 1685: 64 games active. Completed: 672/1000. Step time: 3981.9ms.
   [Vectorized MCTS] Step 1690: 64 games active. Completed: 673/1000. Step time: 3968.9ms.
   [Vectorized MCTS] Step 1695: 64 games active. Completed: 676/1000. Step time: 3970.1ms.
   [Vectorized MCTS] Step 1700: 64 games active. Completed: 679/1000. Step time: 3954.0ms.
   [Vectorized MCTS] Step 1705: 64 games active. Completed: 684/1000. Step time: 3926.3ms.
   [Vectorized MCTS] Step 1710: 64 games active. Completed: 685/1000. Step time: 3934.5ms.
   [Vectorized MCTS] Step 1715: 64 games active. Completed: 687/1000. Step time: 3939.8ms.
   [Vectorized MCTS] Step 1720: 64 games active. Completed: 693/1000. Step time: 3948.4ms.
   [Vectorized MCTS] Step 1725: 64 games active. Completed: 695/1000. Step time: 3945.5ms.
   [Vectorized MCTS] Step 1730: 64 games active. Completed: 697/1000. Step time: 3987.5ms.
   [Vectorized MCTS] Step 1735: 64 games active. Completed: 699/1000. Step time: 3933.8ms.
   [Vectorized MCTS] Step 1740: 64 games active. Completed: 701/1000. Step time: 3938.1ms.
   [Vectorized MCTS] Step 1745: 64 games active. Completed: 703/1000. Step time: 3936.4ms.
   [Vectorized MCTS] Step 1750: 64 games active. Completed: 707/1000. Step time: 3934.5ms.
   [Vectorized MCTS] Step 1755: 64 games active. Completed: 707/1000. Step time: 3946.0ms.
   [Vectorized MCTS] Step 1760: 64 games active. Completed: 710/1000. Step time: 3978.5ms.
   [Vectorized MCTS] Step 1765: 64 games active. Completed: 710/1000. Step time: 3941.0ms.
   [Vectorized MCTS] Step 1770: 64 games active. Completed: 711/1000. Step time: 3949.5ms.
   [Vectorized MCTS] Step 1775: 64 games active. Completed: 716/1000. Step time: 3952.6ms.
   [Vectorized MCTS] Step 1780: 64 games active. Completed: 718/1000. Step time: 3961.9ms.
   [Vectorized MCTS] Step 1785: 64 games active. Completed: 720/1000. Step time: 3961.8ms.
   [Vectorized MCTS] Step 1790: 64 games active. Completed: 722/1000. Step time: 3981.7ms.
   [Vectorized MCTS] Step 1795: 64 games active. Completed: 724/1000. Step time: 3966.1ms.
   [Vectorized MCTS] Step 1800: 64 games active. Completed: 727/1000. Step time: 4047.6ms.
   [Vectorized MCTS] Step 1805: 64 games active. Completed: 728/1000. Step time: 3951.5ms.
   [Vectorized MCTS] Step 1810: 64 games active. Completed: 729/1000. Step time: 3959.3ms.
   [Vectorized MCTS] Step 1815: 64 games active. Completed: 732/1000. Step time: 3982.4ms.
   [Vectorized MCTS] Step 1820: 64 games active. Completed: 734/1000. Step time: 4004.8ms.
   [Vectorized MCTS] Step 1825: 64 games active. Completed: 737/1000. Step time: 3961.0ms.
   [Vectorized MCTS] Step 1830: 64 games active. Completed: 738/1000. Step time: 3983.9ms.
   [Vectorized MCTS] Step 1835: 64 games active. Completed: 742/1000. Step time: 3956.0ms.
   [Vectorized MCTS] Step 1840: 64 games active. Completed: 745/1000. Step time: 3929.1ms.
   [Vectorized MCTS] Step 1845: 64 games active. Completed: 748/1000. Step time: 3962.1ms.
   [Vectorized MCTS] Step 1850: 64 games active. Completed: 750/1000. Step time: 3940.7ms.
   [Vectorized MCTS] Step 1855: 64 games active. Completed: 755/1000. Step time: 3929.2ms.
   [Vectorized MCTS] Step 1860: 64 games active. Completed: 757/1000. Step time: 3957.4ms.
   [Vectorized MCTS] Step 1865: 64 games active. Completed: 759/1000. Step time: 3928.1ms.
   [Vectorized MCTS] Step 1870: 64 games active. Completed: 761/1000. Step time: 3936.4ms.
   [Vectorized MCTS] Step 1875: 64 games active. Completed: 762/1000. Step time: 3946.2ms.
   [Vectorized MCTS] Step 1880: 64 games active. Completed: 764/1000. Step time: 3947.5ms.
   [Vectorized MCTS] Step 1885: 64 games active. Completed: 765/1000. Step time: 3947.1ms.
   [Vectorized MCTS] Step 1890: 64 games active. Completed: 769/1000. Step time: 3953.4ms.
   [Vectorized MCTS] Step 1895: 64 games active. Completed: 772/1000. Step time: 3983.7ms.
   [Vectorized MCTS] Step 1900: 64 games active. Completed: 775/1000. Step time: 3909.4ms.
   [Vectorized MCTS] Step 1905: 64 games active. Completed: 776/1000. Step time: 3951.8ms.
   [Vectorized MCTS] Step 1910: 64 games active. Completed: 778/1000. Step time: 3943.6ms.
   [Vectorized MCTS] Step 1915: 64 games active. Completed: 780/1000. Step time: 3948.2ms.
   [Vectorized MCTS] Step 1920: 64 games active. Completed: 783/1000. Step time: 3974.8ms.
   [Vectorized MCTS] Step 1925: 64 games active. Completed: 785/1000. Step time: 3952.1ms.
   [Vectorized MCTS] Step 1930: 64 games active. Completed: 786/1000. Step time: 4028.4ms.
   [Vectorized MCTS] Step 1935: 64 games active. Completed: 791/1000. Step time: 3954.7ms.
   [Vectorized MCTS] Step 1940: 64 games active. Completed: 791/1000. Step time: 3952.0ms.
   [Vectorized MCTS] Step 1945: 64 games active. Completed: 792/1000. Step time: 3945.6ms.
   [Vectorized MCTS] Step 1950: 64 games active. Completed: 793/1000. Step time: 3979.8ms.
   [Vectorized MCTS] Step 1955: 64 games active. Completed: 795/1000. Step time: 3957.1ms.
   [Vectorized MCTS] Step 1960: 64 games active. Completed: 797/1000. Step time: 3940.8ms.
   [Vectorized MCTS] Step 1965: 64 games active. Completed: 800/1000. Step time: 3942.1ms.
   [Vectorized MCTS] Step 1970: 64 games active. Completed: 801/1000. Step time: 3951.7ms.
   [Vectorized MCTS] Step 1975: 64 games active. Completed: 806/1000. Step time: 3942.6ms.
   [Vectorized MCTS] Step 1980: 64 games active. Completed: 809/1000. Step time: 3931.4ms.
   [Vectorized MCTS] Step 1985: 64 games active. Completed: 812/1000. Step time: 3925.1ms.
   [Vectorized MCTS] Step 1990: 64 games active. Completed: 815/1000. Step time: 3933.4ms.
   [Vectorized MCTS] Step 1995: 64 games active. Completed: 818/1000. Step time: 3915.8ms.
   [Vectorized MCTS] Step 2000: 64 games active. Completed: 821/1000. Step time: 3907.8ms.
   [Vectorized MCTS] Step 2005: 64 games active. Completed: 823/1000. Step time: 3908.9ms.
   [Vectorized MCTS] Step 2010: 64 games active. Completed: 827/1000. Step time: 3907.0ms.
   [Vectorized MCTS] Step 2015: 64 games active. Completed: 828/1000. Step time: 3922.4ms.
   [Vectorized MCTS] Step 2020: 64 games active. Completed: 828/1000. Step time: 3990.4ms.
   [Vectorized MCTS] Step 2025: 64 games active. Completed: 829/1000. Step time: 3943.5ms.
   [Vectorized MCTS] Step 2030: 64 games active. Completed: 830/1000. Step time: 3957.8ms.
   [Vectorized MCTS] Step 2035: 64 games active. Completed: 833/1000. Step time: 3951.7ms.
   [Vectorized MCTS] Step 2040: 64 games active. Completed: 836/1000. Step time: 3947.6ms.
   [Vectorized MCTS] Step 2045: 64 games active. Completed: 838/1000. Step time: 3963.4ms.
   [Vectorized MCTS] Step 2050: 64 games active. Completed: 841/1000. Step time: 3958.3ms.
   [Vectorized MCTS] Step 2055: 64 games active. Completed: 845/1000. Step time: 3973.6ms.
   [Vectorized MCTS] Step 2060: 64 games active. Completed: 846/1000. Step time: 3937.3ms.
   [Vectorized MCTS] Step 2065: 64 games active. Completed: 849/1000. Step time: 3949.1ms.
   [Vectorized MCTS] Step 2070: 64 games active. Completed: 849/1000. Step time: 3953.4ms.
   [Vectorized MCTS] Step 2075: 64 games active. Completed: 851/1000. Step time: 3961.8ms.
   [Vectorized MCTS] Step 2080: 64 games active. Completed: 853/1000. Step time: 3966.9ms.
   [Vectorized MCTS] Step 2085: 64 games active. Completed: 856/1000. Step time: 4000.7ms.
   [Vectorized MCTS] Step 2090: 64 games active. Completed: 856/1000. Step time: 3966.0ms.
   [Vectorized MCTS] Step 2095: 64 games active. Completed: 858/1000. Step time: 3960.7ms.
   [Vectorized MCTS] Step 2100: 64 games active. Completed: 861/1000. Step time: 3940.6ms.
   [Vectorized MCTS] Step 2105: 64 games active. Completed: 866/1000. Step time: 3925.4ms.
   [Vectorized MCTS] Step 2110: 64 games active. Completed: 869/1000. Step time: 3915.5ms.
   [Vectorized MCTS] Step 2115: 64 games active. Completed: 873/1000. Step time: 3918.4ms.
   [Vectorized MCTS] Step 2120: 64 games active. Completed: 874/1000. Step time: 3916.7ms.
   [Vectorized MCTS] Step 2125: 64 games active. Completed: 877/1000. Step time: 3930.5ms.
   [Vectorized MCTS] Step 2130: 64 games active. Completed: 877/1000. Step time: 3943.3ms.
   [Vectorized MCTS] Step 2135: 64 games active. Completed: 881/1000. Step time: 3946.6ms.
   [Vectorized MCTS] Step 2140: 64 games active. Completed: 881/1000. Step time: 3956.0ms.
   [Vectorized MCTS] Step 2145: 64 games active. Completed: 884/1000. Step time: 3960.4ms.
   [Vectorized MCTS] Step 2150: 64 games active. Completed: 885/1000. Step time: 3938.5ms.
   [Vectorized MCTS] Step 2155: 64 games active. Completed: 888/1000. Step time: 3951.0ms.
   [Vectorized MCTS] Step 2160: 64 games active. Completed: 888/1000. Step time: 3967.5ms.
   [Vectorized MCTS] Step 2165: 64 games active. Completed: 889/1000. Step time: 3957.7ms.
   [Vectorized MCTS] Step 2170: 64 games active. Completed: 890/1000. Step time: 4001.9ms.
   [Vectorized MCTS] Step 2175: 64 games active. Completed: 891/1000. Step time: 3975.5ms.
   [Vectorized MCTS] Step 2180: 64 games active. Completed: 894/1000. Step time: 3977.2ms.
   [Vectorized MCTS] Step 2185: 64 games active. Completed: 899/1000. Step time: 3949.7ms.
   [Vectorized MCTS] Step 2190: 64 games active. Completed: 900/1000. Step time: 3934.0ms.
   [Vectorized MCTS] Step 2195: 64 games active. Completed: 905/1000. Step time: 3916.8ms.
   [Vectorized MCTS] Step 2200: 64 games active. Completed: 910/1000. Step time: 3937.1ms.
   [Vectorized MCTS] Step 2205: 64 games active. Completed: 911/1000. Step time: 3933.3ms.
   [Vectorized MCTS] Step 2210: 64 games active. Completed: 913/1000. Step time: 3957.8ms.
   [Vectorized MCTS] Step 2215: 64 games active. Completed: 916/1000. Step time: 3969.9ms.
   [Vectorized MCTS] Step 2220: 64 games active. Completed: 917/1000. Step time: 4008.8ms.
   [Vectorized MCTS] Step 2225: 64 games active. Completed: 919/1000. Step time: 3966.7ms.
   [Vectorized MCTS] Step 2230: 64 games active. Completed: 921/1000. Step time: 3964.7ms.
   [Vectorized MCTS] Step 2235: 64 games active. Completed: 921/1000. Step time: 3970.7ms.
   [Vectorized MCTS] Step 2240: 64 games active. Completed: 922/1000. Step time: 3959.6ms.
   [Vectorized MCTS] Step 2245: 64 games active. Completed: 926/1000. Step time: 3943.8ms.
   [Vectorized MCTS] Step 2250: 64 games active. Completed: 928/1000. Step time: 3954.9ms.
   [Vectorized MCTS] Step 2255: 64 games active. Completed: 931/1000. Step time: 3941.5ms.
   [Vectorized MCTS] Step 2260: 64 games active. Completed: 932/1000. Step time: 3946.9ms.
   [Vectorized MCTS] Step 2265: 64 games active. Completed: 935/1000. Step time: 3952.6ms.
   [Vectorized MCTS] Step 2270: 62 games active. Completed: 938/1000. Step time: 3965.0ms.
   [Vectorized MCTS] Step 2275: 60 games active. Completed: 940/1000. Step time: 3876.0ms.
   [Vectorized MCTS] Step 2280: 58 games active. Completed: 942/1000. Step time: 3827.8ms.
   [Vectorized MCTS] Step 2285: 53 games active. Completed: 947/1000. Step time: 3625.7ms.
   [Vectorized MCTS] Step 2290: 53 games active. Completed: 947/1000. Step time: 3561.7ms.
   [Vectorized MCTS] Step 2295: 52 games active. Completed: 948/1000. Step time: 3480.7ms.
   [Vectorized MCTS] Step 2300: 50 games active. Completed: 950/1000. Step time: 2892.9ms.
   [Vectorized MCTS] Step 2305: 47 games active. Completed: 953/1000. Step time: 2841.9ms.
   [Vectorized MCTS] Step 2310: 45 games active. Completed: 955/1000. Step time: 2616.7ms.
   [Vectorized MCTS] Step 2315: 41 games active. Completed: 959/1000. Step time: 2537.2ms.
   [Vectorized MCTS] Step 2320: 40 games active. Completed: 960/1000. Step time: 2388.5ms.
   [Vectorized MCTS] Step 2325: 39 games active. Completed: 961/1000. Step time: 2344.7ms.
   [Vectorized MCTS] Step 2330: 38 games active. Completed: 962/1000. Step time: 2299.5ms.
   [Vectorized MCTS] Step 2335: 34 games active. Completed: 966/1000. Step time: 2253.5ms.
   [Vectorized MCTS] Step 2340: 32 games active. Completed: 968/1000. Step time: 2030.9ms.
   [Vectorized MCTS] Step 2345: 31 games active. Completed: 969/1000. Step time: 1974.9ms.
   [Vectorized MCTS] Step 2350: 28 games active. Completed: 972/1000. Step time: 1918.0ms.
   [Vectorized MCTS] Step 2355: 25 games active. Completed: 975/1000. Step time: 1736.8ms.
   [Vectorized MCTS] Step 2360: 23 games active. Completed: 977/1000. Step time: 1521.1ms.
   [Vectorized MCTS] Step 2365: 22 games active. Completed: 978/1000. Step time: 1474.1ms.
   [Vectorized MCTS] Step 2370: 20 games active. Completed: 980/1000. Step time: 1378.6ms.
   [Vectorized MCTS] Step 2375: 19 games active. Completed: 981/1000. Step time: 1316.6ms.
   [Vectorized MCTS] Step 2380: 17 games active. Completed: 983/1000. Step time: 1217.5ms.
   [Vectorized MCTS] Step 2385: 13 games active. Completed: 987/1000. Step time: 1069.6ms.
   [Vectorized MCTS] Step 2390: 12 games active. Completed: 988/1000. Step time: 1047.8ms.
   [Vectorized MCTS] Step 2395: 10 games active. Completed: 990/1000. Step time: 996.3ms.
   [Vectorized MCTS] Step 2400: 10 games active. Completed: 990/1000. Step time: 1011.7ms.
   [Vectorized MCTS] Step 2405: 10 games active. Completed: 990/1000. Step time: 1001.6ms.
   [Vectorized MCTS] Step 2410: 09 games active. Completed: 991/1000. Step time: 923.8ms.
   [Vectorized MCTS] Step 2415: 07 games active. Completed: 993/1000. Step time: 867.1ms.
   [Vectorized MCTS] Step 2420: 07 games active. Completed: 993/1000. Step time: 860.5ms.
   [Vectorized MCTS] Step 2425: 07 games active. Completed: 993/1000. Step time: 870.8ms.
   [Vectorized MCTS] Step 2430: 05 games active. Completed: 995/1000. Step time: 781.5ms.
   [Vectorized MCTS] Step 2435: 04 games active. Completed: 996/1000. Step time: 702.3ms.
   [Vectorized MCTS] Step 2440: 04 games active. Completed: 996/1000. Step time: 694.3ms.
   [Vectorized MCTS] Step 2445: 03 games active. Completed: 997/1000. Step time: 626.2ms.
   [Vectorized MCTS] Step 2450: 02 games active. Completed: 998/1000. Step time: 598.3ms.
   [Vectorized MCTS] Step 2455: 02 games active. Completed: 998/1000. Step time: 585.5ms.
   [Vectorized MCTS] Step 2460: 02 games active. Completed: 998/1000. Step time: 566.2ms.
   [Vectorized MCTS] Step 2465: 02 games active. Completed: 998/1000. Step time: 584.5ms.
   [Vectorized MCTS] Step 2470: 02 games active. Completed: 998/1000. Step time: 584.4ms.
   [Vectorized MCTS] Step 2475: 02 games active. Completed: 998/1000. Step time: 584.1ms.
   [Vectorized MCTS] Step 2480: 02 games active. Completed: 998/1000. Step time: 577.0ms.
   [Vectorized MCTS] Step 2485: 02 games active. Completed: 998/1000. Step time: 587.0ms.
   [Vectorized MCTS] Step 2490: 01 games active. Completed: 999/1000. Step time: 501.9ms.
   [Vectorized MCTS] Step 2495: 01 games active. Completed: 999/1000. Step time: 520.1ms.
   [Vectorized MCTS] Step 2500: 01 games active. Completed: 999/1000. Step time: 516.8ms.
   [Vectorized MCTS] Step 2505: 01 games active. Completed: 999/1000. Step time: 518.6ms.
   [Vectorized MCTS] Step 2508: 00 games active. Completed: 1000/1000. Step time: 516.3ms.

Collection completed in 9360.4 seconds (9.360s/game average).
