Starting self-play collection using /Users/nilbot/playground/autogo-mlx/experiments/001_train_from_scratch/checkpoints/iter7.safetensors
--> Progressive sims enabled. Iteration 7 -> 32 simulations.
Config: num-games=1000, simulations=32, workers=8
--> Starting pool-swapping selfplay for all 1000 games with max_active_games=64...
   [Vectorized MCTS] Step 001: 64 games active. Completed: 0/1000. Step time: 2061.8ms.
   [Vectorized MCTS] Step 005: 64 games active. Completed: 0/1000. Step time: 2310.5ms.
   [Vectorized MCTS] Step 010: 64 games active. Completed: 0/1000. Step time: 2396.0ms.
   [Vectorized MCTS] Step 015: 64 games active. Completed: 0/1000. Step time: 2366.8ms.
   [Vectorized MCTS] Step 020: 64 games active. Completed: 0/1000. Step time: 2383.6ms.
   [Vectorized MCTS] Step 025: 64 games active. Completed: 0/1000. Step time: 2411.3ms.
   [Vectorized MCTS] Step 030: 64 games active. Completed: 0/1000. Step time: 2355.0ms.
   [Vectorized MCTS] Step 035: 64 games active. Completed: 0/1000. Step time: 2379.0ms.
   [Vectorized MCTS] Step 040: 64 games active. Completed: 0/1000. Step time: 2397.6ms.
   [Vectorized MCTS] Step 045: 64 games active. Completed: 0/1000. Step time: 2345.6ms.
   [Vectorized MCTS] Step 050: 64 games active. Completed: 0/1000. Step time: 2377.5ms.
   [Vectorized MCTS] Step 055: 64 games active. Completed: 0/1000. Step time: 2433.4ms.
   [Vectorized MCTS] Step 060: 64 games active. Completed: 0/1000. Step time: 2388.4ms.
   [Vectorized MCTS] Step 065: 64 games active. Completed: 32/1000. Step time: 2373.7ms.
   [Vectorized MCTS] Step 070: 64 games active. Completed: 34/1000. Step time: 2376.5ms.
   [Vectorized MCTS] Step 075: 64 games active. Completed: 36/1000. Step time: 2377.2ms.
   [Vectorized MCTS] Step 080: 64 games active. Completed: 37/1000. Step time: 2404.5ms.
   [Vectorized MCTS] Step 085: 64 games active. Completed: 37/1000. Step time: 2398.6ms.
   [Vectorized MCTS] Step 090: 64 games active. Completed: 39/1000. Step time: 2404.9ms.
   [Vectorized MCTS] Step 095: 64 games active. Completed: 40/1000. Step time: 2384.8ms.
   [Vectorized MCTS] Step 100: 64 games active. Completed: 40/1000. Step time: 2404.7ms.
   [Vectorized MCTS] Step 105: 64 games active. Completed: 42/1000. Step time: 2378.0ms.
   [Vectorized MCTS] Step 110: 64 games active. Completed: 43/1000. Step time: 2363.7ms.
   [Vectorized MCTS] Step 115: 64 games active. Completed: 45/1000. Step time: 2510.6ms.
   [Vectorized MCTS] Step 120: 64 games active. Completed: 47/1000. Step time: 2403.8ms.
   [Vectorized MCTS] Step 125: 64 games active. Completed: 58/1000. Step time: 2396.2ms.
   [Vectorized MCTS] Step 130: 64 games active. Completed: 69/1000. Step time: 2324.5ms.
   [Vectorized MCTS] Step 135: 64 games active. Completed: 72/1000. Step time: 2364.6ms.
   [Vectorized MCTS] Step 140: 64 games active. Completed: 74/1000. Step time: 2404.9ms.
   [Vectorized MCTS] Step 145: 64 games active. Completed: 77/1000. Step time: 2378.1ms.
   [Vectorized MCTS] Step 150: 64 games active. Completed: 82/1000. Step time: 2401.5ms.
   [Vectorized MCTS] Step 155: 64 games active. Completed: 83/1000. Step time: 2425.6ms.
   [Vectorized MCTS] Step 160: 64 games active. Completed: 86/1000. Step time: 2375.9ms.
   [Vectorized MCTS] Step 165: 64 games active. Completed: 86/1000. Step time: 2368.6ms.
   [Vectorized MCTS] Step 170: 64 games active. Completed: 89/1000. Step time: 2352.6ms.
   [Vectorized MCTS] Step 175: 64 games active. Completed: 89/1000. Step time: 2321.2ms.
   [Vectorized MCTS] Step 180: 64 games active. Completed: 93/1000. Step time: 2388.3ms.
   [Vectorized MCTS] Step 185: 64 games active. Completed: 96/1000. Step time: 2418.4ms.
   [Vectorized MCTS] Step 190: 64 games active. Completed: 106/1000. Step time: 2383.9ms.
   [Vectorized MCTS] Step 195: 64 games active. Completed: 115/1000. Step time: 2376.5ms.
   [Vectorized MCTS] Step 200: 64 games active. Completed: 118/1000. Step time: 2359.3ms.
   [Vectorized MCTS] Step 205: 64 games active. Completed: 121/1000. Step time: 2356.6ms.
   [Vectorized MCTS] Step 210: 64 games active. Completed: 126/1000. Step time: 2360.3ms.
   [Vectorized MCTS] Step 215: 64 games active. Completed: 130/1000. Step time: 2381.8ms.
   [Vectorized MCTS] Step 220: 64 games active. Completed: 132/1000. Step time: 2415.5ms.
   [Vectorized MCTS] Step 225: 64 games active. Completed: 134/1000. Step time: 2378.0ms.
   [Vectorized MCTS] Step 230: 64 games active. Completed: 136/1000. Step time: 2346.0ms.
   [Vectorized MCTS] Step 235: 64 games active. Completed: 136/1000. Step time: 2379.6ms.
   [Vectorized MCTS] Step 240: 64 games active. Completed: 138/1000. Step time: 2378.4ms.
   [Vectorized MCTS] Step 245: 64 games active. Completed: 140/1000. Step time: 2384.4ms.
   [Vectorized MCTS] Step 250: 64 games active. Completed: 143/1000. Step time: 2385.8ms.
   [Vectorized MCTS] Step 255: 64 games active. Completed: 151/1000. Step time: 2419.7ms.
   [Vectorized MCTS] Step 260: 64 games active. Completed: 157/1000. Step time: 2361.6ms.
   [Vectorized MCTS] Step 265: 64 games active. Completed: 160/1000. Step time: 2359.4ms.
   [Vectorized MCTS] Step 270: 64 games active. Completed: 164/1000. Step time: 2370.5ms.
   [Vectorized MCTS] Step 275: 64 games active. Completed: 167/1000. Step time: 2390.5ms.
   [Vectorized MCTS] Step 280: 64 games active. Completed: 169/1000. Step time: 2371.7ms.
   [Vectorized MCTS] Step 285: 64 games active. Completed: 172/1000. Step time: 2391.8ms.
   [Vectorized MCTS] Step 290: 64 games active. Completed: 176/1000. Step time: 2444.2ms.
   [Vectorized MCTS] Step 295: 64 games active. Completed: 179/1000. Step time: 2358.1ms.
   [Vectorized MCTS] Step 300: 64 games active. Completed: 182/1000. Step time: 2385.3ms.
   [Vectorized MCTS] Step 305: 64 games active. Completed: 183/1000. Step time: 2392.0ms.
   [Vectorized MCTS] Step 310: 64 games active. Completed: 188/1000. Step time: 2335.4ms.
   [Vectorized MCTS] Step 315: 64 games active. Completed: 192/1000. Step time: 2464.9ms.
   [Vectorized MCTS] Step 320: 64 games active. Completed: 198/1000. Step time: 2391.8ms.
   [Vectorized MCTS] Step 325: 64 games active. Completed: 203/1000. Step time: 2396.0ms.
   [Vectorized MCTS] Step 330: 64 games active. Completed: 206/1000. Step time: 2374.8ms.
   [Vectorized MCTS] Step 335: 64 games active. Completed: 213/1000. Step time: 2354.8ms.
   [Vectorized MCTS] Step 340: 64 games active. Completed: 217/1000. Step time: 2389.2ms.
   [Vectorized MCTS] Step 345: 64 games active. Completed: 221/1000. Step time: 2398.2ms.
   [Vectorized MCTS] Step 350: 64 games active. Completed: 223/1000. Step time: 2416.1ms.
   [Vectorized MCTS] Step 355: 64 games active. Completed: 224/1000. Step time: 2373.6ms.
   [Vectorized MCTS] Step 360: 64 games active. Completed: 228/1000. Step time: 2386.0ms.
   [Vectorized MCTS] Step 365: 64 games active. Completed: 230/1000. Step time: 2378.1ms.
   [Vectorized MCTS] Step 370: 64 games active. Completed: 233/1000. Step time: 2388.3ms.
   [Vectorized MCTS] Step 375: 64 games active. Completed: 235/1000. Step time: 2381.8ms.
   [Vectorized MCTS] Step 380: 64 games active. Completed: 241/1000. Step time: 2365.7ms.
   [Vectorized MCTS] Step 385: 64 games active. Completed: 244/1000. Step time: 2399.3ms.
   [Vectorized MCTS] Step 390: 64 games active. Completed: 249/1000. Step time: 2390.0ms.
   [Vectorized MCTS] Step 395: 64 games active. Completed: 256/1000. Step time: 2360.2ms.
   [Vectorized MCTS] Step 400: 64 games active. Completed: 261/1000. Step time: 2379.0ms.
   [Vectorized MCTS] Step 405: 64 games active. Completed: 267/1000. Step time: 2332.4ms.
   [Vectorized MCTS] Step 410: 64 games active. Completed: 269/1000. Step time: 2383.0ms.
   [Vectorized MCTS] Step 415: 64 games active. Completed: 271/1000. Step time: 2407.0ms.
   [Vectorized MCTS] Step 420: 64 games active. Completed: 276/1000. Step time: 2405.8ms.
   [Vectorized MCTS] Step 425: 64 games active. Completed: 277/1000. Step time: 2411.2ms.
   [Vectorized MCTS] Step 430: 64 games active. Completed: 280/1000. Step time: 2292.6ms.
   [Vectorized MCTS] Step 435: 64 games active. Completed: 282/1000. Step time: 2357.9ms.
   [Vectorized MCTS] Step 440: 64 games active. Completed: 287/1000. Step time: 2396.8ms.
   [Vectorized MCTS] Step 445: 64 games active. Completed: 290/1000. Step time: 2442.6ms.
   [Vectorized MCTS] Step 450: 64 games active. Completed: 296/1000. Step time: 2372.7ms.
   [Vectorized MCTS] Step 455: 64 games active. Completed: 302/1000. Step time: 2372.0ms.
   [Vectorized MCTS] Step 460: 64 games active. Completed: 305/1000. Step time: 2342.2ms.
   [Vectorized MCTS] Step 465: 64 games active. Completed: 308/1000. Step time: 2359.8ms.
   [Vectorized MCTS] Step 470: 64 games active. Completed: 313/1000. Step time: 2344.9ms.
   [Vectorized MCTS] Step 475: 64 games active. Completed: 315/1000. Step time: 2404.9ms.
   [Vectorized MCTS] Step 480: 64 games active. Completed: 319/1000. Step time: 2409.4ms.
   [Vectorized MCTS] Step 485: 64 games active. Completed: 324/1000. Step time: 2378.8ms.
   [Vectorized MCTS] Step 490: 64 games active. Completed: 325/1000. Step time: 2386.8ms.
   [Vectorized MCTS] Step 495: 64 games active. Completed: 328/1000. Step time: 2368.5ms.
   [Vectorized MCTS] Step 500: 64 games active. Completed: 334/1000. Step time: 2371.3ms.
   [Vectorized MCTS] Step 505: 64 games active. Completed: 338/1000. Step time: 2402.5ms.
   [Vectorized MCTS] Step 510: 64 games active. Completed: 343/1000. Step time: 2400.3ms.
   [Vectorized MCTS] Step 515: 64 games active. Completed: 347/1000. Step time: 2406.6ms.
   [Vectorized MCTS] Step 520: 64 games active. Completed: 353/1000. Step time: 2354.4ms.
   [Vectorized MCTS] Step 525: 64 games active. Completed: 354/1000. Step time: 2373.5ms.
   [Vectorized MCTS] Step 530: 64 games active. Completed: 356/1000. Step time: 2349.5ms.
   [Vectorized MCTS] Step 535: 64 games active. Completed: 357/1000. Step time: 2405.5ms.
   [Vectorized MCTS] Step 540: 64 games active. Completed: 363/1000. Step time: 2396.1ms.
   [Vectorized MCTS] Step 545: 64 games active. Completed: 366/1000. Step time: 2369.8ms.
   [Vectorized MCTS] Step 550: 64 games active. Completed: 370/1000. Step time: 2440.0ms.
   [Vectorized MCTS] Step 555: 64 games active. Completed: 373/1000. Step time: 2336.2ms.
   [Vectorized MCTS] Step 560: 64 games active. Completed: 377/1000. Step time: 2353.6ms.
   [Vectorized MCTS] Step 565: 64 games active. Completed: 380/1000. Step time: 2412.9ms.
   [Vectorized MCTS] Step 570: 64 games active. Completed: 387/1000. Step time: 2355.0ms.
   [Vectorized MCTS] Step 575: 64 games active. Completed: 390/1000. Step time: 2406.3ms.
   [Vectorized MCTS] Step 580: 64 games active. Completed: 396/1000. Step time: 2392.9ms.
   [Vectorized MCTS] Step 585: 64 games active. Completed: 399/1000. Step time: 2391.4ms.
   [Vectorized MCTS] Step 590: 64 games active. Completed: 400/1000. Step time: 2381.9ms.
   [Vectorized MCTS] Step 595: 64 games active. Completed: 406/1000. Step time: 2348.5ms.
   [Vectorized MCTS] Step 600: 64 games active. Completed: 411/1000. Step time: 2377.6ms.
   [Vectorized MCTS] Step 605: 64 games active. Completed: 416/1000. Step time: 2378.3ms.
   [Vectorized MCTS] Step 610: 64 games active. Completed: 420/1000. Step time: 2393.2ms.
   [Vectorized MCTS] Step 615: 64 games active. Completed: 423/1000. Step time: 2360.4ms.
   [Vectorized MCTS] Step 620: 64 games active. Completed: 427/1000. Step time: 2387.0ms.
   [Vectorized MCTS] Step 625: 64 games active. Completed: 429/1000. Step time: 2363.7ms.
   [Vectorized MCTS] Step 630: 64 games active. Completed: 435/1000. Step time: 2358.3ms.
   [Vectorized MCTS] Step 635: 64 games active. Completed: 438/1000. Step time: 2349.7ms.
   [Vectorized MCTS] Step 640: 64 games active. Completed: 444/1000. Step time: 2346.5ms.
   [Vectorized MCTS] Step 645: 64 games active. Completed: 449/1000. Step time: 2414.4ms.
   [Vectorized MCTS] Step 650: 64 games active. Completed: 450/1000. Step time: 2380.7ms.
   [Vectorized MCTS] Step 655: 64 games active. Completed: 454/1000. Step time: 2387.6ms.
   [Vectorized MCTS] Step 660: 64 games active. Completed: 457/1000. Step time: 2360.1ms.
   [Vectorized MCTS] Step 665: 64 games active. Completed: 462/1000. Step time: 2352.8ms.
   [Vectorized MCTS] Step 670: 64 games active. Completed: 467/1000. Step time: 2379.5ms.
   [Vectorized MCTS] Step 675: 64 games active. Completed: 469/1000. Step time: 2526.1ms.
   [Vectorized MCTS] Step 680: 64 games active. Completed: 472/1000. Step time: 2403.5ms.
   [Vectorized MCTS] Step 685: 64 games active. Completed: 474/1000. Step time: 2401.4ms.
   [Vectorized MCTS] Step 690: 64 games active. Completed: 478/1000. Step time: 2380.6ms.
   [Vectorized MCTS] Step 695: 64 games active. Completed: 482/1000. Step time: 2381.7ms.
   [Vectorized MCTS] Step 700: 64 games active. Completed: 485/1000. Step time: 2372.8ms.
   [Vectorized MCTS] Step 705: 64 games active. Completed: 491/1000. Step time: 2417.5ms.
   [Vectorized MCTS] Step 710: 64 games active. Completed: 493/1000. Step time: 2408.5ms.
   [Vectorized MCTS] Step 715: 64 games active. Completed: 498/1000. Step time: 2426.0ms.
   [Vectorized MCTS] Step 720: 64 games active. Completed: 501/1000. Step time: 2377.3ms.
   [Vectorized MCTS] Step 725: 64 games active. Completed: 503/1000. Step time: 2378.3ms.
   [Vectorized MCTS] Step 730: 64 games active. Completed: 507/1000. Step time: 2375.6ms.
   [Vectorized MCTS] Step 735: 64 games active. Completed: 513/1000. Step time: 2384.0ms.
   [Vectorized MCTS] Step 740: 64 games active. Completed: 513/1000. Step time: 2449.9ms.
   [Vectorized MCTS] Step 745: 64 games active. Completed: 518/1000. Step time: 2391.2ms.
   [Vectorized MCTS] Step 750: 64 games active. Completed: 523/1000. Step time: 2374.6ms.
   [Vectorized MCTS] Step 755: 64 games active. Completed: 526/1000. Step time: 2382.0ms.
   [Vectorized MCTS] Step 760: 64 games active. Completed: 529/1000. Step time: 2366.5ms.
   [Vectorized MCTS] Step 765: 64 games active. Completed: 533/1000. Step time: 2354.6ms.
   [Vectorized MCTS] Step 770: 64 games active. Completed: 536/1000. Step time: 2380.5ms.
   [Vectorized MCTS] Step 775: 64 games active. Completed: 542/1000. Step time: 2397.5ms.
   [Vectorized MCTS] Step 780: 64 games active. Completed: 544/1000. Step time: 2377.9ms.
   [Vectorized MCTS] Step 785: 64 games active. Completed: 548/1000. Step time: 2380.6ms.
   [Vectorized MCTS] Step 790: 64 games active. Completed: 551/1000. Step time: 2359.8ms.
   [Vectorized MCTS] Step 795: 64 games active. Completed: 560/1000. Step time: 2382.6ms.
   [Vectorized MCTS] Step 800: 64 games active. Completed: 562/1000. Step time: 2398.2ms.
   [Vectorized MCTS] Step 805: 64 games active. Completed: 563/1000. Step time: 2392.7ms.
   [Vectorized MCTS] Step 810: 64 games active. Completed: 567/1000. Step time: 2415.8ms.
   [Vectorized MCTS] Step 815: 64 games active. Completed: 571/1000. Step time: 2369.2ms.
   [Vectorized MCTS] Step 820: 64 games active. Completed: 573/1000. Step time: 2390.2ms.
   [Vectorized MCTS] Step 825: 64 games active. Completed: 576/1000. Step time: 2352.7ms.
   [Vectorized MCTS] Step 830: 64 games active. Completed: 577/1000. Step time: 2397.8ms.
   [Vectorized MCTS] Step 835: 64 games active. Completed: 584/1000. Step time: 2406.2ms.
   [Vectorized MCTS] Step 840: 64 games active. Completed: 588/1000. Step time: 2389.4ms.
   [Vectorized MCTS] Step 845: 64 games active. Completed: 592/1000. Step time: 2363.4ms.
   [Vectorized MCTS] Step 850: 64 games active. Completed: 596/1000. Step time: 2365.4ms.
   [Vectorized MCTS] Step 855: 64 games active. Completed: 599/1000. Step time: 2359.4ms.
   [Vectorized MCTS] Step 860: 64 games active. Completed: 606/1000. Step time: 2367.6ms.
   [Vectorized MCTS] Step 865: 64 games active. Completed: 609/1000. Step time: 2369.1ms.
   [Vectorized MCTS] Step 870: 64 games active. Completed: 612/1000. Step time: 2410.3ms.
   [Vectorized MCTS] Step 875: 64 games active. Completed: 615/1000. Step time: 2401.1ms.
   [Vectorized MCTS] Step 880: 64 games active. Completed: 620/1000. Step time: 2371.7ms.
   [Vectorized MCTS] Step 885: 64 games active. Completed: 624/1000. Step time: 2339.6ms.
   [Vectorized MCTS] Step 890: 64 games active. Completed: 627/1000. Step time: 2364.5ms.
   [Vectorized MCTS] Step 895: 64 games active. Completed: 628/1000. Step time: 2378.2ms.
   [Vectorized MCTS] Step 900: 64 games active. Completed: 635/1000. Step time: 2380.3ms.
   [Vectorized MCTS] Step 905: 64 games active. Completed: 637/1000. Step time: 2391.4ms.
   [Vectorized MCTS] Step 910: 64 games active. Completed: 641/1000. Step time: 2391.1ms.
   [Vectorized MCTS] Step 915: 64 games active. Completed: 647/1000. Step time: 2364.8ms.
   [Vectorized MCTS] Step 920: 64 games active. Completed: 649/1000. Step time: 2406.5ms.
   [Vectorized MCTS] Step 925: 64 games active. Completed: 651/1000. Step time: 2343.1ms.
   [Vectorized MCTS] Step 930: 64 games active. Completed: 657/1000. Step time: 2348.4ms.
   [Vectorized MCTS] Step 935: 64 games active. Completed: 660/1000. Step time: 2389.9ms.
   [Vectorized MCTS] Step 940: 64 games active. Completed: 663/1000. Step time: 2410.1ms.
   [Vectorized MCTS] Step 945: 64 games active. Completed: 669/1000. Step time: 2369.8ms.
   [Vectorized MCTS] Step 950: 64 games active. Completed: 673/1000. Step time: 2398.2ms.
   [Vectorized MCTS] Step 955: 64 games active. Completed: 676/1000. Step time: 2341.7ms.
   [Vectorized MCTS] Step 960: 64 games active. Completed: 678/1000. Step time: 2362.1ms.
   [Vectorized MCTS] Step 965: 64 games active. Completed: 682/1000. Step time: 2397.6ms.
   [Vectorized MCTS] Step 970: 64 games active. Completed: 689/1000. Step time: 2405.5ms.
   [Vectorized MCTS] Step 975: 64 games active. Completed: 691/1000. Step time: 2379.5ms.
   [Vectorized MCTS] Step 980: 64 games active. Completed: 693/1000. Step time: 2359.3ms.
   [Vectorized MCTS] Step 985: 64 games active. Completed: 695/1000. Step time: 2374.0ms.
   [Vectorized MCTS] Step 990: 64 games active. Completed: 696/1000. Step time: 2345.4ms.
   [Vectorized MCTS] Step 995: 64 games active. Completed: 700/1000. Step time: 2364.3ms.
   [Vectorized MCTS] Step 1000: 64 games active. Completed: 703/1000. Step time: 2403.1ms.
   [Vectorized MCTS] Step 1005: 64 games active. Completed: 707/1000. Step time: 2414.8ms.
   [Vectorized MCTS] Step 1010: 64 games active. Completed: 710/1000. Step time: 2389.9ms.
   [Vectorized MCTS] Step 1015: 64 games active. Completed: 712/1000. Step time: 2369.6ms.
   [Vectorized MCTS] Step 1020: 64 games active. Completed: 713/1000. Step time: 2334.2ms.
   [Vectorized MCTS] Step 1025: 64 games active. Completed: 717/1000. Step time: 2319.1ms.
   [Vectorized MCTS] Step 1030: 64 games active. Completed: 720/1000. Step time: 2400.7ms.
   [Vectorized MCTS] Step 1035: 64 games active. Completed: 724/1000. Step time: 2398.3ms.
   [Vectorized MCTS] Step 1040: 64 games active. Completed: 729/1000. Step time: 2379.5ms.
   [Vectorized MCTS] Step 1045: 64 games active. Completed: 731/1000. Step time: 2405.9ms.
   [Vectorized MCTS] Step 1050: 64 games active. Completed: 734/1000. Step time: 2339.5ms.
   [Vectorized MCTS] Step 1055: 64 games active. Completed: 738/1000. Step time: 2370.2ms.
   [Vectorized MCTS] Step 1060: 64 games active. Completed: 741/1000. Step time: 2364.9ms.
   [Vectorized MCTS] Step 1065: 64 games active. Completed: 744/1000. Step time: 2351.2ms.
   [Vectorized MCTS] Step 1070: 64 games active. Completed: 752/1000. Step time: 2535.0ms.
   [Vectorized MCTS] Step 1075: 64 games active. Completed: 755/1000. Step time: 2479.8ms.
   [Vectorized MCTS] Step 1080: 64 games active. Completed: 758/1000. Step time: 2368.9ms.
   [Vectorized MCTS] Step 1085: 64 games active. Completed: 765/1000. Step time: 2349.5ms.
   [Vectorized MCTS] Step 1090: 64 games active. Completed: 768/1000. Step time: 2299.2ms.
   [Vectorized MCTS] Step 1095: 64 games active. Completed: 776/1000. Step time: 2426.2ms.
   [Vectorized MCTS] Step 1100: 64 games active. Completed: 778/1000. Step time: 2374.7ms.
   [Vectorized MCTS] Step 1105: 64 games active. Completed: 780/1000. Step time: 2381.2ms.
   [Vectorized MCTS] Step 1110: 64 games active. Completed: 782/1000. Step time: 2412.3ms.
   [Vectorized MCTS] Step 1115: 64 games active. Completed: 783/1000. Step time: 2379.7ms.
   [Vectorized MCTS] Step 1120: 64 games active. Completed: 783/1000. Step time: 2381.2ms.
   [Vectorized MCTS] Step 1125: 64 games active. Completed: 786/1000. Step time: 2392.9ms.
   [Vectorized MCTS] Step 1130: 64 games active. Completed: 791/1000. Step time: 2379.4ms.
   [Vectorized MCTS] Step 1135: 64 games active. Completed: 796/1000. Step time: 2380.9ms.
   [Vectorized MCTS] Step 1140: 64 games active. Completed: 800/1000. Step time: 2428.7ms.
   [Vectorized MCTS] Step 1145: 64 games active. Completed: 804/1000. Step time: 2383.9ms.
   [Vectorized MCTS] Step 1150: 64 games active. Completed: 807/1000. Step time: 2354.0ms.
   [Vectorized MCTS] Step 1155: 64 games active. Completed: 814/1000. Step time: 2493.7ms.
   [Vectorized MCTS] Step 1160: 64 games active. Completed: 818/1000. Step time: 2402.2ms.
   [Vectorized MCTS] Step 1165: 64 games active. Completed: 822/1000. Step time: 2378.6ms.
   [Vectorized MCTS] Step 1170: 64 games active. Completed: 824/1000. Step time: 2386.6ms.
   [Vectorized MCTS] Step 1175: 64 games active. Completed: 829/1000. Step time: 2422.5ms.
   [Vectorized MCTS] Step 1180: 64 games active. Completed: 832/1000. Step time: 2376.3ms.
   [Vectorized MCTS] Step 1185: 64 games active. Completed: 836/1000. Step time: 2400.0ms.
   [Vectorized MCTS] Step 1190: 64 games active. Completed: 838/1000. Step time: 2385.5ms.
   [Vectorized MCTS] Step 1195: 64 games active. Completed: 843/1000. Step time: 2357.6ms.
   [Vectorized MCTS] Step 1200: 64 games active. Completed: 845/1000. Step time: 2404.1ms.
   [Vectorized MCTS] Step 1205: 64 games active. Completed: 849/1000. Step time: 2423.3ms.
   [Vectorized MCTS] Step 1210: 64 games active. Completed: 852/1000. Step time: 2389.7ms.
   [Vectorized MCTS] Step 1215: 64 games active. Completed: 855/1000. Step time: 2386.1ms.
   [Vectorized MCTS] Step 1220: 64 games active. Completed: 860/1000. Step time: 2338.6ms.
   [Vectorized MCTS] Step 1225: 64 games active. Completed: 863/1000. Step time: 2383.7ms.
   [Vectorized MCTS] Step 1230: 64 games active. Completed: 866/1000. Step time: 2475.4ms.
   [Vectorized MCTS] Step 1235: 64 games active. Completed: 870/1000. Step time: 2461.6ms.
   [Vectorized MCTS] Step 1240: 64 games active. Completed: 873/1000. Step time: 2401.7ms.
   [Vectorized MCTS] Step 1245: 64 games active. Completed: 878/1000. Step time: 2378.9ms.
   [Vectorized MCTS] Step 1250: 64 games active. Completed: 880/1000. Step time: 2391.6ms.
   [Vectorized MCTS] Step 1255: 64 games active. Completed: 881/1000. Step time: 2346.5ms.
   [Vectorized MCTS] Step 1260: 64 games active. Completed: 885/1000. Step time: 2353.4ms.
   [Vectorized MCTS] Step 1265: 64 games active. Completed: 887/1000. Step time: 2372.5ms.
   [Vectorized MCTS] Step 1270: 64 games active. Completed: 889/1000. Step time: 2422.7ms.
   [Vectorized MCTS] Step 1275: 64 games active. Completed: 892/1000. Step time: 2389.1ms.
   [Vectorized MCTS] Step 1280: 64 games active. Completed: 899/1000. Step time: 2400.6ms.
   [Vectorized MCTS] Step 1285: 64 games active. Completed: 902/1000. Step time: 2369.7ms.
   [Vectorized MCTS] Step 1290: 64 games active. Completed: 905/1000. Step time: 2372.3ms.
   [Vectorized MCTS] Step 1295: 64 games active. Completed: 907/1000. Step time: 2372.7ms.
   [Vectorized MCTS] Step 1300: 64 games active. Completed: 911/1000. Step time: 2351.9ms.
   [Vectorized MCTS] Step 1305: 64 games active. Completed: 913/1000. Step time: 2421.9ms.
   [Vectorized MCTS] Step 1310: 64 games active. Completed: 918/1000. Step time: 2399.1ms.
   [Vectorized MCTS] Step 1315: 64 games active. Completed: 919/1000. Step time: 2353.3ms.
   [Vectorized MCTS] Step 1320: 64 games active. Completed: 921/1000. Step time: 2378.2ms.
   [Vectorized MCTS] Step 1325: 64 games active. Completed: 926/1000. Step time: 2354.0ms.
   [Vectorized MCTS] Step 1330: 64 games active. Completed: 931/1000. Step time: 2372.0ms.
   [Vectorized MCTS] Step 1335: 62 games active. Completed: 938/1000. Step time: 2559.2ms.
   [Vectorized MCTS] Step 1340: 54 games active. Completed: 946/1000. Step time: 2238.3ms.
   [Vectorized MCTS] Step 1345: 49 games active. Completed: 951/1000. Step time: 1958.0ms.
   [Vectorized MCTS] Step 1350: 46 games active. Completed: 954/1000. Step time: 1666.1ms.
   [Vectorized MCTS] Step 1355: 44 games active. Completed: 956/1000. Step time: 1620.4ms.
   [Vectorized MCTS] Step 1360: 39 games active. Completed: 961/1000. Step time: 1546.5ms.
   [Vectorized MCTS] Step 1365: 37 games active. Completed: 963/1000. Step time: 1464.8ms.
   [Vectorized MCTS] Step 1370: 35 games active. Completed: 965/1000. Step time: 1411.2ms.
   [Vectorized MCTS] Step 1375: 32 games active. Completed: 968/1000. Step time: 1274.6ms.
   [Vectorized MCTS] Step 1380: 29 games active. Completed: 971/1000. Step time: 1192.7ms.
   [Vectorized MCTS] Step 1385: 25 games active. Completed: 975/1000. Step time: 1131.0ms.
   [Vectorized MCTS] Step 1390: 22 games active. Completed: 978/1000. Step time: 943.1ms.
   [Vectorized MCTS] Step 1395: 19 games active. Completed: 981/1000. Step time: 869.9ms.
   [Vectorized MCTS] Step 1400: 18 games active. Completed: 982/1000. Step time: 759.6ms.
   [Vectorized MCTS] Step 1405: 17 games active. Completed: 983/1000. Step time: 748.5ms.
   [Vectorized MCTS] Step 1410: 15 games active. Completed: 985/1000. Step time: 727.6ms.
   [Vectorized MCTS] Step 1415: 14 games active. Completed: 986/1000. Step time: 640.2ms.
   [Vectorized MCTS] Step 1420: 12 games active. Completed: 988/1000. Step time: 593.8ms.
   [Vectorized MCTS] Step 1425: 12 games active. Completed: 988/1000. Step time: 563.7ms.
   [Vectorized MCTS] Step 1430: 12 games active. Completed: 988/1000. Step time: 560.6ms.
   [Vectorized MCTS] Step 1435: 12 games active. Completed: 988/1000. Step time: 560.1ms.
   [Vectorized MCTS] Step 1440: 11 games active. Completed: 989/1000. Step time: 540.5ms.
   [Vectorized MCTS] Step 1445: 08 games active. Completed: 992/1000. Step time: 446.3ms.
   [Vectorized MCTS] Step 1450: 08 games active. Completed: 992/1000. Step time: 449.6ms.
   [Vectorized MCTS] Step 1455: 08 games active. Completed: 992/1000. Step time: 452.7ms.
   [Vectorized MCTS] Step 1460: 07 games active. Completed: 993/1000. Step time: 430.5ms.
   [Vectorized MCTS] Step 1465: 06 games active. Completed: 994/1000. Step time: 400.7ms.
   [Vectorized MCTS] Step 1470: 06 games active. Completed: 994/1000. Step time: 409.4ms.
   [Vectorized MCTS] Step 1475: 05 games active. Completed: 995/1000. Step time: 393.8ms.
   [Vectorized MCTS] Step 1480: 05 games active. Completed: 995/1000. Step time: 383.5ms.
   [Vectorized MCTS] Step 1485: 05 games active. Completed: 995/1000. Step time: 396.1ms.
   [Vectorized MCTS] Step 1490: 04 games active. Completed: 996/1000. Step time: 360.3ms.
   [Vectorized MCTS] Step 1495: 04 games active. Completed: 996/1000. Step time: 362.2ms.
   [Vectorized MCTS] Step 1500: 04 games active. Completed: 996/1000. Step time: 360.6ms.
   [Vectorized MCTS] Step 1505: 03 games active. Completed: 997/1000. Step time: 317.0ms.
   [Vectorized MCTS] Step 1510: 03 games active. Completed: 997/1000. Step time: 319.1ms.
   [Vectorized MCTS] Step 1515: 03 games active. Completed: 997/1000. Step time: 317.5ms.
   [Vectorized MCTS] Step 1520: 03 games active. Completed: 997/1000. Step time: 318.5ms.
   [Vectorized MCTS] Step 1525: 03 games active. Completed: 997/1000. Step time: 320.9ms.
   [Vectorized MCTS] Step 1530: 02 games active. Completed: 998/1000. Step time: 318.2ms.
   [Vectorized MCTS] Step 1535: 02 games active. Completed: 998/1000. Step time: 289.7ms.
   [Vectorized MCTS] Step 1540: 01 games active. Completed: 999/1000. Step time: 293.8ms.
   [Vectorized MCTS] Step 1545: 01 games active. Completed: 999/1000. Step time: 259.6ms.
   [Vectorized MCTS] Step 1550: 01 games active. Completed: 999/1000. Step time: 260.7ms.
   [Vectorized MCTS] Step 1555: 01 games active. Completed: 999/1000. Step time: 261.5ms.
   [Vectorized MCTS] Step 1560: 01 games active. Completed: 999/1000. Step time: 263.3ms.
   [Vectorized MCTS] Step 1565: 01 games active. Completed: 999/1000. Step time: 260.4ms.
   [Vectorized MCTS] Step 1570: 01 games active. Completed: 999/1000. Step time: 263.8ms.
   [Vectorized MCTS] Step 1575: 01 games active. Completed: 999/1000. Step time: 261.3ms.
   [Vectorized MCTS] Step 1576: 00 games active. Completed: 1000/1000. Step time: 237.6ms.

Collection completed in 3562.2 seconds (3.562s/game average).
