Starting self-play collection using /Users/nilbot/playground/autogo-mlx/experiments/001_train_from_scratch/checkpoints/iter3.safetensors
--> Progressive sims enabled. Iteration 3 -> 16 simulations.
Config: num-games=1000, simulations=16, workers=8
--> Starting pool-swapping selfplay for all 1000 games with max_active_games=64...
   [Vectorized MCTS] Step 001: 64 games active. Completed: 0/1000. Step time: 1120.6ms.
   [Vectorized MCTS] Step 005: 64 games active. Completed: 0/1000. Step time: 1918.3ms.
   [Vectorized MCTS] Step 010: 64 games active. Completed: 0/1000. Step time: 1205.8ms.
   [Vectorized MCTS] Step 015: 64 games active. Completed: 0/1000. Step time: 1300.2ms.
   [Vectorized MCTS] Step 020: 64 games active. Completed: 0/1000. Step time: 1473.3ms.
   [Vectorized MCTS] Step 025: 64 games active. Completed: 0/1000. Step time: 1401.7ms.
   [Vectorized MCTS] Step 030: 64 games active. Completed: 0/1000. Step time: 1452.3ms.
   [Vectorized MCTS] Step 035: 64 games active. Completed: 0/1000. Step time: 1386.4ms.
   [Vectorized MCTS] Step 040: 64 games active. Completed: 0/1000. Step time: 1482.8ms.
   [Vectorized MCTS] Step 045: 64 games active. Completed: 0/1000. Step time: 1430.4ms.
   [Vectorized MCTS] Step 050: 64 games active. Completed: 0/1000. Step time: 1491.8ms.
   [Vectorized MCTS] Step 055: 64 games active. Completed: 0/1000. Step time: 1412.6ms.
   [Vectorized MCTS] Step 060: 64 games active. Completed: 0/1000. Step time: 1516.8ms.
   [Vectorized MCTS] Step 065: 64 games active. Completed: 5/1000. Step time: 1438.3ms.
   [Vectorized MCTS] Step 070: 64 games active. Completed: 11/1000. Step time: 1444.0ms.
   [Vectorized MCTS] Step 075: 64 games active. Completed: 14/1000. Step time: 1415.8ms.
   [Vectorized MCTS] Step 080: 64 games active. Completed: 17/1000. Step time: 1473.5ms.
   [Vectorized MCTS] Step 085: 64 games active. Completed: 23/1000. Step time: 1450.7ms.
   [Vectorized MCTS] Step 090: 64 games active. Completed: 25/1000. Step time: 1483.7ms.
   [Vectorized MCTS] Step 095: 64 games active. Completed: 29/1000. Step time: 1431.6ms.
   [Vectorized MCTS] Step 100: 64 games active. Completed: 35/1000. Step time: 1475.7ms.
   [Vectorized MCTS] Step 105: 64 games active. Completed: 37/1000. Step time: 1419.6ms.
   [Vectorized MCTS] Step 110: 64 games active. Completed: 38/1000. Step time: 1467.8ms.
   [Vectorized MCTS] Step 115: 64 games active. Completed: 38/1000. Step time: 1430.1ms.
   [Vectorized MCTS] Step 120: 64 games active. Completed: 40/1000. Step time: 1503.3ms.
   [Vectorized MCTS] Step 125: 64 games active. Completed: 42/1000. Step time: 1455.1ms.
   [Vectorized MCTS] Step 130: 64 games active. Completed: 44/1000. Step time: 1445.9ms.
   [Vectorized MCTS] Step 135: 64 games active. Completed: 47/1000. Step time: 1444.6ms.
   [Vectorized MCTS] Step 140: 64 games active. Completed: 49/1000. Step time: 1457.5ms.
   [Vectorized MCTS] Step 145: 64 games active. Completed: 53/1000. Step time: 1496.7ms.
   [Vectorized MCTS] Step 150: 64 games active. Completed: 55/1000. Step time: 1402.3ms.
   [Vectorized MCTS] Step 155: 64 games active. Completed: 56/1000. Step time: 1471.7ms.
   [Vectorized MCTS] Step 160: 64 games active. Completed: 57/1000. Step time: 1422.2ms.
   [Vectorized MCTS] Step 165: 64 games active. Completed: 61/1000. Step time: 1452.3ms.
   [Vectorized MCTS] Step 170: 64 games active. Completed: 68/1000. Step time: 1481.0ms.
   [Vectorized MCTS] Step 175: 64 games active. Completed: 70/1000. Step time: 1420.4ms.
   [Vectorized MCTS] Step 180: 64 games active. Completed: 73/1000. Step time: 1455.7ms.
   [Vectorized MCTS] Step 185: 64 games active. Completed: 74/1000. Step time: 1471.5ms.
   [Vectorized MCTS] Step 190: 64 games active. Completed: 74/1000. Step time: 1423.0ms.
   [Vectorized MCTS] Step 195: 64 games active. Completed: 75/1000. Step time: 1478.1ms.
   [Vectorized MCTS] Step 200: 64 games active. Completed: 76/1000. Step time: 1439.9ms.
   [Vectorized MCTS] Step 205: 64 games active. Completed: 78/1000. Step time: 1514.0ms.
   [Vectorized MCTS] Step 210: 64 games active. Completed: 82/1000. Step time: 1473.3ms.
   [Vectorized MCTS] Step 215: 64 games active. Completed: 85/1000. Step time: 1491.0ms.
   [Vectorized MCTS] Step 220: 64 games active. Completed: 90/1000. Step time: 1412.8ms.
   [Vectorized MCTS] Step 225: 64 games active. Completed: 92/1000. Step time: 1498.4ms.
   [Vectorized MCTS] Step 230: 64 games active. Completed: 97/1000. Step time: 1464.5ms.
   [Vectorized MCTS] Step 235: 64 games active. Completed: 99/1000. Step time: 1449.7ms.
   [Vectorized MCTS] Step 240: 64 games active. Completed: 101/1000. Step time: 1441.6ms.
   [Vectorized MCTS] Step 245: 64 games active. Completed: 103/1000. Step time: 1465.0ms.
   [Vectorized MCTS] Step 250: 64 games active. Completed: 112/1000. Step time: 1466.2ms.
   [Vectorized MCTS] Step 255: 64 games active. Completed: 114/1000. Step time: 1422.2ms.
   [Vectorized MCTS] Step 260: 64 games active. Completed: 117/1000. Step time: 1465.8ms.
   [Vectorized MCTS] Step 265: 64 games active. Completed: 119/1000. Step time: 1455.1ms.
   [Vectorized MCTS] Step 270: 64 games active. Completed: 119/1000. Step time: 1436.7ms.
   [Vectorized MCTS] Step 275: 64 games active. Completed: 120/1000. Step time: 1436.9ms.
   [Vectorized MCTS] Step 280: 64 games active. Completed: 122/1000. Step time: 1458.5ms.
   [Vectorized MCTS] Step 285: 64 games active. Completed: 124/1000. Step time: 1490.9ms.
   [Vectorized MCTS] Step 290: 64 games active. Completed: 130/1000. Step time: 1465.1ms.
   [Vectorized MCTS] Step 295: 64 games active. Completed: 132/1000. Step time: 1424.7ms.
   [Vectorized MCTS] Step 300: 64 games active. Completed: 134/1000. Step time: 1459.2ms.
   [Vectorized MCTS] Step 305: 64 games active. Completed: 136/1000. Step time: 1474.5ms.
   [Vectorized MCTS] Step 310: 64 games active. Completed: 138/1000. Step time: 1464.4ms.
   [Vectorized MCTS] Step 315: 64 games active. Completed: 142/1000. Step time: 1464.9ms.
   [Vectorized MCTS] Step 320: 64 games active. Completed: 147/1000. Step time: 1433.7ms.
   [Vectorized MCTS] Step 325: 64 games active. Completed: 150/1000. Step time: 1449.3ms.
   [Vectorized MCTS] Step 330: 64 games active. Completed: 153/1000. Step time: 1476.3ms.
   [Vectorized MCTS] Step 335: 64 games active. Completed: 158/1000. Step time: 1438.9ms.
   [Vectorized MCTS] Step 340: 64 games active. Completed: 161/1000. Step time: 1468.7ms.
   [Vectorized MCTS] Step 345: 64 games active. Completed: 162/1000. Step time: 1464.4ms.
   [Vectorized MCTS] Step 350: 64 games active. Completed: 168/1000. Step time: 1465.8ms.
   [Vectorized MCTS] Step 355: 64 games active. Completed: 170/1000. Step time: 1420.9ms.
   [Vectorized MCTS] Step 360: 64 games active. Completed: 171/1000. Step time: 1483.7ms.
   [Vectorized MCTS] Step 365: 64 games active. Completed: 172/1000. Step time: 1424.5ms.
   [Vectorized MCTS] Step 370: 64 games active. Completed: 174/1000. Step time: 1500.4ms.
   [Vectorized MCTS] Step 375: 64 games active. Completed: 176/1000. Step time: 1437.7ms.
   [Vectorized MCTS] Step 380: 64 games active. Completed: 178/1000. Step time: 1482.9ms.
   [Vectorized MCTS] Step 385: 64 games active. Completed: 179/1000. Step time: 1463.3ms.
   [Vectorized MCTS] Step 390: 64 games active. Completed: 183/1000. Step time: 1499.2ms.
   [Vectorized MCTS] Step 395: 64 games active. Completed: 183/1000. Step time: 1443.9ms.
   [Vectorized MCTS] Step 400: 64 games active. Completed: 185/1000. Step time: 1496.8ms.
   [Vectorized MCTS] Step 405: 64 games active. Completed: 190/1000. Step time: 1385.4ms.
   [Vectorized MCTS] Step 410: 64 games active. Completed: 195/1000. Step time: 1539.2ms.
   [Vectorized MCTS] Step 415: 64 games active. Completed: 199/1000. Step time: 1412.1ms.
   [Vectorized MCTS] Step 420: 64 games active. Completed: 201/1000. Step time: 1503.2ms.
   [Vectorized MCTS] Step 425: 64 games active. Completed: 204/1000. Step time: 1416.9ms.
   [Vectorized MCTS] Step 430: 64 games active. Completed: 208/1000. Step time: 1508.9ms.
   [Vectorized MCTS] Step 435: 64 games active. Completed: 210/1000. Step time: 1413.8ms.
   [Vectorized MCTS] Step 440: 64 games active. Completed: 212/1000. Step time: 1486.5ms.
   [Vectorized MCTS] Step 445: 64 games active. Completed: 212/1000. Step time: 1446.8ms.
   [Vectorized MCTS] Step 450: 64 games active. Completed: 215/1000. Step time: 1486.6ms.
   [Vectorized MCTS] Step 455: 64 games active. Completed: 220/1000. Step time: 1476.2ms.
   [Vectorized MCTS] Step 460: 64 games active. Completed: 222/1000. Step time: 1444.4ms.
   [Vectorized MCTS] Step 465: 64 games active. Completed: 225/1000. Step time: 1449.2ms.
   [Vectorized MCTS] Step 470: 64 games active. Completed: 226/1000. Step time: 1491.9ms.
   [Vectorized MCTS] Step 475: 64 games active. Completed: 229/1000. Step time: 1451.9ms.
   [Vectorized MCTS] Step 480: 64 games active. Completed: 236/1000. Step time: 1430.8ms.
   [Vectorized MCTS] Step 485: 64 games active. Completed: 239/1000. Step time: 1457.9ms.
   [Vectorized MCTS] Step 490: 64 games active. Completed: 243/1000. Step time: 1434.5ms.
   [Vectorized MCTS] Step 495: 64 games active. Completed: 244/1000. Step time: 1484.1ms.
   [Vectorized MCTS] Step 500: 64 games active. Completed: 248/1000. Step time: 1426.4ms.
   [Vectorized MCTS] Step 505: 64 games active. Completed: 249/1000. Step time: 1474.5ms.
   [Vectorized MCTS] Step 510: 64 games active. Completed: 251/1000. Step time: 1426.3ms.
   [Vectorized MCTS] Step 515: 64 games active. Completed: 259/1000. Step time: 1453.9ms.
   [Vectorized MCTS] Step 520: 64 games active. Completed: 260/1000. Step time: 1426.7ms.
   [Vectorized MCTS] Step 525: 64 games active. Completed: 261/1000. Step time: 1465.8ms.
   [Vectorized MCTS] Step 530: 64 games active. Completed: 261/1000. Step time: 1416.6ms.
   [Vectorized MCTS] Step 535: 64 games active. Completed: 264/1000. Step time: 1501.3ms.
   [Vectorized MCTS] Step 540: 64 games active. Completed: 265/1000. Step time: 1450.6ms.
   [Vectorized MCTS] Step 545: 64 games active. Completed: 266/1000. Step time: 1447.7ms.
   [Vectorized MCTS] Step 550: 64 games active. Completed: 272/1000. Step time: 1447.6ms.
   [Vectorized MCTS] Step 555: 64 games active. Completed: 275/1000. Step time: 1475.4ms.
   [Vectorized MCTS] Step 560: 64 games active. Completed: 278/1000. Step time: 1443.4ms.
   [Vectorized MCTS] Step 565: 64 games active. Completed: 278/1000. Step time: 1449.6ms.
   [Vectorized MCTS] Step 570: 64 games active. Completed: 279/1000. Step time: 1444.0ms.
   [Vectorized MCTS] Step 575: 64 games active. Completed: 283/1000. Step time: 1499.1ms.
   [Vectorized MCTS] Step 580: 64 games active. Completed: 290/1000. Step time: 1455.3ms.
   [Vectorized MCTS] Step 585: 64 games active. Completed: 298/1000. Step time: 1466.3ms.
   [Vectorized MCTS] Step 590: 64 games active. Completed: 303/1000. Step time: 1397.0ms.
   [Vectorized MCTS] Step 595: 64 games active. Completed: 304/1000. Step time: 1491.2ms.
   [Vectorized MCTS] Step 600: 64 games active. Completed: 305/1000. Step time: 1402.9ms.
   [Vectorized MCTS] Step 605: 64 games active. Completed: 306/1000. Step time: 1471.1ms.
   [Vectorized MCTS] Step 610: 64 games active. Completed: 308/1000. Step time: 1426.3ms.
   [Vectorized MCTS] Step 615: 64 games active. Completed: 309/1000. Step time: 1560.2ms.
   [Vectorized MCTS] Step 620: 64 games active. Completed: 312/1000. Step time: 1413.2ms.
   [Vectorized MCTS] Step 625: 64 games active. Completed: 313/1000. Step time: 1485.0ms.
   [Vectorized MCTS] Step 630: 64 games active. Completed: 317/1000. Step time: 1462.6ms.
   [Vectorized MCTS] Step 635: 64 games active. Completed: 320/1000. Step time: 1443.9ms.
   [Vectorized MCTS] Step 640: 64 games active. Completed: 323/1000. Step time: 1471.8ms.
   [Vectorized MCTS] Step 645: 64 games active. Completed: 325/1000. Step time: 1410.8ms.
   [Vectorized MCTS] Step 650: 64 games active. Completed: 327/1000. Step time: 1459.8ms.
   [Vectorized MCTS] Step 655: 64 games active. Completed: 330/1000. Step time: 1457.8ms.
   [Vectorized MCTS] Step 660: 64 games active. Completed: 334/1000. Step time: 1457.3ms.
   [Vectorized MCTS] Step 665: 64 games active. Completed: 334/1000. Step time: 1426.1ms.
   [Vectorized MCTS] Step 670: 64 games active. Completed: 338/1000. Step time: 1461.8ms.
   [Vectorized MCTS] Step 675: 64 games active. Completed: 343/1000. Step time: 1828.9ms.
   [Vectorized MCTS] Step 680: 64 games active. Completed: 346/1000. Step time: 1336.5ms.
   [Vectorized MCTS] Step 685: 64 games active. Completed: 347/1000. Step time: 1561.3ms.
   [Vectorized MCTS] Step 690: 64 games active. Completed: 348/1000. Step time: 1379.3ms.
   [Vectorized MCTS] Step 695: 64 games active. Completed: 351/1000. Step time: 1519.2ms.
   [Vectorized MCTS] Step 700: 64 games active. Completed: 355/1000. Step time: 1410.3ms.
   [Vectorized MCTS] Step 705: 64 games active. Completed: 360/1000. Step time: 1489.9ms.
   [Vectorized MCTS] Step 710: 64 games active. Completed: 365/1000. Step time: 1442.9ms.
   [Vectorized MCTS] Step 715: 64 games active. Completed: 366/1000. Step time: 1417.9ms.
   [Vectorized MCTS] Step 720: 64 games active. Completed: 370/1000. Step time: 1442.8ms.
   [Vectorized MCTS] Step 725: 64 games active. Completed: 373/1000. Step time: 1441.7ms.
   [Vectorized MCTS] Step 730: 64 games active. Completed: 376/1000. Step time: 1441.0ms.
   [Vectorized MCTS] Step 735: 64 games active. Completed: 377/1000. Step time: 1432.2ms.
   [Vectorized MCTS] Step 740: 64 games active. Completed: 380/1000. Step time: 1508.8ms.
   [Vectorized MCTS] Step 745: 64 games active. Completed: 383/1000. Step time: 1440.2ms.
   [Vectorized MCTS] Step 750: 64 games active. Completed: 384/1000. Step time: 1471.5ms.
   [Vectorized MCTS] Step 755: 64 games active. Completed: 385/1000. Step time: 1432.7ms.
   [Vectorized MCTS] Step 760: 64 games active. Completed: 385/1000. Step time: 1480.3ms.
   [Vectorized MCTS] Step 765: 64 games active. Completed: 389/1000. Step time: 1474.8ms.
   [Vectorized MCTS] Step 770: 64 games active. Completed: 391/1000. Step time: 1456.5ms.
   [Vectorized MCTS] Step 775: 64 games active. Completed: 393/1000. Step time: 1441.2ms.
   [Vectorized MCTS] Step 780: 64 games active. Completed: 397/1000. Step time: 1493.3ms.
   [Vectorized MCTS] Step 785: 64 games active. Completed: 400/1000. Step time: 1455.4ms.
   [Vectorized MCTS] Step 790: 64 games active. Completed: 405/1000. Step time: 1457.3ms.
   [Vectorized MCTS] Step 795: 64 games active. Completed: 409/1000. Step time: 1426.9ms.
   [Vectorized MCTS] Step 800: 64 games active. Completed: 410/1000. Step time: 1478.2ms.
   [Vectorized MCTS] Step 805: 64 games active. Completed: 412/1000. Step time: 1501.2ms.
   [Vectorized MCTS] Step 810: 64 games active. Completed: 414/1000. Step time: 1432.6ms.
   [Vectorized MCTS] Step 815: 64 games active. Completed: 416/1000. Step time: 1460.5ms.
   [Vectorized MCTS] Step 820: 64 games active. Completed: 421/1000. Step time: 1481.4ms.
   [Vectorized MCTS] Step 825: 64 games active. Completed: 422/1000. Step time: 1470.4ms.
   [Vectorized MCTS] Step 830: 64 games active. Completed: 427/1000. Step time: 1430.4ms.
   [Vectorized MCTS] Step 835: 64 games active. Completed: 431/1000. Step time: 1483.4ms.
   [Vectorized MCTS] Step 840: 64 games active. Completed: 434/1000. Step time: 1427.0ms.
   [Vectorized MCTS] Step 845: 64 games active. Completed: 435/1000. Step time: 1476.2ms.
   [Vectorized MCTS] Step 850: 64 games active. Completed: 438/1000. Step time: 1433.8ms.
   [Vectorized MCTS] Step 855: 64 games active. Completed: 441/1000. Step time: 1473.6ms.
   [Vectorized MCTS] Step 860: 64 games active. Completed: 444/1000. Step time: 1435.1ms.
   [Vectorized MCTS] Step 865: 64 games active. Completed: 444/1000. Step time: 1452.9ms.
   [Vectorized MCTS] Step 870: 64 games active. Completed: 445/1000. Step time: 1498.1ms.
   [Vectorized MCTS] Step 875: 64 games active. Completed: 445/1000. Step time: 1415.3ms.
   [Vectorized MCTS] Step 880: 64 games active. Completed: 448/1000. Step time: 1487.8ms.
   [Vectorized MCTS] Step 885: 64 games active. Completed: 452/1000. Step time: 1448.7ms.
   [Vectorized MCTS] Step 890: 64 games active. Completed: 454/1000. Step time: 1438.8ms.
   [Vectorized MCTS] Step 895: 64 games active. Completed: 459/1000. Step time: 1468.8ms.
   [Vectorized MCTS] Step 900: 64 games active. Completed: 462/1000. Step time: 1478.1ms.
   [Vectorized MCTS] Step 905: 64 games active. Completed: 462/1000. Step time: 1457.1ms.
   [Vectorized MCTS] Step 910: 64 games active. Completed: 464/1000. Step time: 1455.5ms.
   [Vectorized MCTS] Step 915: 64 games active. Completed: 465/1000. Step time: 1470.0ms.
   [Vectorized MCTS] Step 920: 64 games active. Completed: 468/1000. Step time: 1467.4ms.
   [Vectorized MCTS] Step 925: 64 games active. Completed: 471/1000. Step time: 1486.4ms.
   [Vectorized MCTS] Step 930: 64 games active. Completed: 472/1000. Step time: 1448.5ms.
   [Vectorized MCTS] Step 935: 64 games active. Completed: 474/1000. Step time: 1503.9ms.
   [Vectorized MCTS] Step 940: 64 games active. Completed: 476/1000. Step time: 1455.6ms.
   [Vectorized MCTS] Step 945: 64 games active. Completed: 480/1000. Step time: 1499.0ms.
   [Vectorized MCTS] Step 950: 64 games active. Completed: 483/1000. Step time: 1440.0ms.
   [Vectorized MCTS] Step 955: 64 games active. Completed: 488/1000. Step time: 1497.7ms.
   [Vectorized MCTS] Step 960: 64 games active. Completed: 491/1000. Step time: 1402.5ms.
   [Vectorized MCTS] Step 965: 64 games active. Completed: 493/1000. Step time: 1535.1ms.
   [Vectorized MCTS] Step 970: 64 games active. Completed: 498/1000. Step time: 1453.3ms.
   [Vectorized MCTS] Step 975: 64 games active. Completed: 500/1000. Step time: 1462.2ms.
   [Vectorized MCTS] Step 980: 64 games active. Completed: 504/1000. Step time: 1462.0ms.
   [Vectorized MCTS] Step 985: 64 games active. Completed: 507/1000. Step time: 1469.8ms.
   [Vectorized MCTS] Step 990: 64 games active. Completed: 510/1000. Step time: 1471.3ms.
   [Vectorized MCTS] Step 995: 64 games active. Completed: 513/1000. Step time: 1466.3ms.
   [Vectorized MCTS] Step 1000: 64 games active. Completed: 513/1000. Step time: 1438.8ms.
   [Vectorized MCTS] Step 1005: 64 games active. Completed: 515/1000. Step time: 1491.4ms.
   [Vectorized MCTS] Step 1010: 64 games active. Completed: 518/1000. Step time: 1422.8ms.
   [Vectorized MCTS] Step 1015: 64 games active. Completed: 521/1000. Step time: 1468.6ms.
   [Vectorized MCTS] Step 1020: 64 games active. Completed: 524/1000. Step time: 1428.9ms.
   [Vectorized MCTS] Step 1025: 64 games active. Completed: 528/1000. Step time: 1711.5ms.
   [Vectorized MCTS] Step 1030: 64 games active. Completed: 529/1000. Step time: 1328.2ms.
   [Vectorized MCTS] Step 1035: 64 games active. Completed: 531/1000. Step time: 1527.9ms.
   [Vectorized MCTS] Step 1040: 64 games active. Completed: 535/1000. Step time: 1413.6ms.
   [Vectorized MCTS] Step 1045: 64 games active. Completed: 538/1000. Step time: 1526.3ms.
   [Vectorized MCTS] Step 1050: 64 games active. Completed: 541/1000. Step time: 1433.8ms.
   [Vectorized MCTS] Step 1055: 64 games active. Completed: 541/1000. Step time: 1445.4ms.
   [Vectorized MCTS] Step 1060: 64 games active. Completed: 543/1000. Step time: 1475.8ms.
   [Vectorized MCTS] Step 1065: 64 games active. Completed: 548/1000. Step time: 1484.4ms.
   [Vectorized MCTS] Step 1070: 64 games active. Completed: 548/1000. Step time: 1450.8ms.
   [Vectorized MCTS] Step 1075: 64 games active. Completed: 550/1000. Step time: 1449.4ms.
   [Vectorized MCTS] Step 1080: 64 games active. Completed: 550/1000. Step time: 1494.7ms.
   [Vectorized MCTS] Step 1085: 64 games active. Completed: 553/1000. Step time: 1466.6ms.
   [Vectorized MCTS] Step 1090: 64 games active. Completed: 554/1000. Step time: 1468.3ms.
   [Vectorized MCTS] Step 1095: 64 games active. Completed: 558/1000. Step time: 1452.5ms.
   [Vectorized MCTS] Step 1100: 64 games active. Completed: 561/1000. Step time: 1487.3ms.
   [Vectorized MCTS] Step 1105: 64 games active. Completed: 564/1000. Step time: 1459.0ms.
   [Vectorized MCTS] Step 1110: 64 games active. Completed: 564/1000. Step time: 1469.8ms.
   [Vectorized MCTS] Step 1115: 64 games active. Completed: 568/1000. Step time: 1446.8ms.
   [Vectorized MCTS] Step 1120: 64 games active. Completed: 573/1000. Step time: 1449.8ms.
   [Vectorized MCTS] Step 1125: 64 games active. Completed: 576/1000. Step time: 1466.7ms.
   [Vectorized MCTS] Step 1130: 64 games active. Completed: 579/1000. Step time: 1437.7ms.
   [Vectorized MCTS] Step 1135: 64 games active. Completed: 581/1000. Step time: 1416.7ms.
   [Vectorized MCTS] Step 1140: 64 games active. Completed: 582/1000. Step time: 1434.2ms.
   [Vectorized MCTS] Step 1145: 64 games active. Completed: 584/1000. Step time: 1457.1ms.
   [Vectorized MCTS] Step 1150: 64 games active. Completed: 586/1000. Step time: 1479.3ms.
   [Vectorized MCTS] Step 1155: 64 games active. Completed: 588/1000. Step time: 1458.9ms.
   [Vectorized MCTS] Step 1160: 64 games active. Completed: 591/1000. Step time: 1428.8ms.
   [Vectorized MCTS] Step 1165: 64 games active. Completed: 594/1000. Step time: 1478.2ms.
   [Vectorized MCTS] Step 1170: 64 games active. Completed: 599/1000. Step time: 1512.8ms.
   [Vectorized MCTS] Step 1175: 64 games active. Completed: 601/1000. Step time: 1399.4ms.
   [Vectorized MCTS] Step 1180: 64 games active. Completed: 603/1000. Step time: 1488.2ms.
   [Vectorized MCTS] Step 1185: 64 games active. Completed: 604/1000. Step time: 1403.7ms.
   [Vectorized MCTS] Step 1190: 64 games active. Completed: 605/1000. Step time: 1562.7ms.
   [Vectorized MCTS] Step 1195: 64 games active. Completed: 608/1000. Step time: 1414.6ms.
   [Vectorized MCTS] Step 1200: 64 games active. Completed: 612/1000. Step time: 1491.0ms.
   [Vectorized MCTS] Step 1205: 64 games active. Completed: 612/1000. Step time: 1474.3ms.
   [Vectorized MCTS] Step 1210: 64 games active. Completed: 614/1000. Step time: 1520.2ms.
   [Vectorized MCTS] Step 1215: 64 games active. Completed: 616/1000. Step time: 1431.2ms.
   [Vectorized MCTS] Step 1220: 64 games active. Completed: 620/1000. Step time: 1543.6ms.
   [Vectorized MCTS] Step 1225: 64 games active. Completed: 625/1000. Step time: 1410.3ms.
   [Vectorized MCTS] Step 1230: 64 games active. Completed: 628/1000. Step time: 1539.9ms.
   [Vectorized MCTS] Step 1235: 64 games active. Completed: 630/1000. Step time: 1426.8ms.
   [Vectorized MCTS] Step 1240: 64 games active. Completed: 632/1000. Step time: 1480.7ms.
   [Vectorized MCTS] Step 1245: 64 games active. Completed: 634/1000. Step time: 1426.3ms.
   [Vectorized MCTS] Step 1250: 64 games active. Completed: 637/1000. Step time: 1493.3ms.
   [Vectorized MCTS] Step 1255: 64 games active. Completed: 640/1000. Step time: 1407.6ms.
   [Vectorized MCTS] Step 1260: 64 games active. Completed: 643/1000. Step time: 1479.8ms.
   [Vectorized MCTS] Step 1265: 64 games active. Completed: 647/1000. Step time: 1430.1ms.
   [Vectorized MCTS] Step 1270: 64 games active. Completed: 650/1000. Step time: 1467.8ms.
   [Vectorized MCTS] Step 1275: 64 games active. Completed: 653/1000. Step time: 1435.1ms.
   [Vectorized MCTS] Step 1280: 64 games active. Completed: 661/1000. Step time: 1460.9ms.
   [Vectorized MCTS] Step 1285: 64 games active. Completed: 664/1000. Step time: 1431.7ms.
   [Vectorized MCTS] Step 1290: 64 games active. Completed: 664/1000. Step time: 1478.5ms.
   [Vectorized MCTS] Step 1295: 64 games active. Completed: 666/1000. Step time: 1444.3ms.
   [Vectorized MCTS] Step 1300: 64 games active. Completed: 668/1000. Step time: 1445.2ms.
   [Vectorized MCTS] Step 1305: 64 games active. Completed: 671/1000. Step time: 1463.4ms.
   [Vectorized MCTS] Step 1310: 64 games active. Completed: 673/1000. Step time: 1432.4ms.
   [Vectorized MCTS] Step 1315: 64 games active. Completed: 676/1000. Step time: 1464.3ms.
   [Vectorized MCTS] Step 1320: 64 games active. Completed: 681/1000. Step time: 1429.0ms.
   [Vectorized MCTS] Step 1325: 64 games active. Completed: 681/1000. Step time: 1442.4ms.
   [Vectorized MCTS] Step 1330: 64 games active. Completed: 683/1000. Step time: 1471.7ms.
   [Vectorized MCTS] Step 1335: 64 games active. Completed: 686/1000. Step time: 1454.3ms.
   [Vectorized MCTS] Step 1340: 64 games active. Completed: 687/1000. Step time: 1432.2ms.
   [Vectorized MCTS] Step 1345: 64 games active. Completed: 691/1000. Step time: 1467.3ms.
   [Vectorized MCTS] Step 1350: 64 games active. Completed: 694/1000. Step time: 1424.6ms.
   [Vectorized MCTS] Step 1355: 64 games active. Completed: 696/1000. Step time: 1495.9ms.
   [Vectorized MCTS] Step 1360: 64 games active. Completed: 698/1000. Step time: 1410.4ms.
   [Vectorized MCTS] Step 1365: 64 games active. Completed: 700/1000. Step time: 1481.1ms.
   [Vectorized MCTS] Step 1370: 64 games active. Completed: 703/1000. Step time: 1414.5ms.
   [Vectorized MCTS] Step 1375: 64 games active. Completed: 708/1000. Step time: 1503.5ms.
   [Vectorized MCTS] Step 1380: 64 games active. Completed: 711/1000. Step time: 1424.6ms.
   [Vectorized MCTS] Step 1385: 64 games active. Completed: 714/1000. Step time: 1473.4ms.
   [Vectorized MCTS] Step 1390: 64 games active. Completed: 716/1000. Step time: 1432.1ms.
   [Vectorized MCTS] Step 1395: 64 games active. Completed: 719/1000. Step time: 1494.7ms.
   [Vectorized MCTS] Step 1400: 64 games active. Completed: 722/1000. Step time: 1455.7ms.
   [Vectorized MCTS] Step 1405: 64 games active. Completed: 723/1000. Step time: 1451.5ms.
   [Vectorized MCTS] Step 1410: 64 games active. Completed: 725/1000. Step time: 1442.7ms.
   [Vectorized MCTS] Step 1415: 64 games active. Completed: 728/1000. Step time: 1503.5ms.
   [Vectorized MCTS] Step 1420: 64 games active. Completed: 731/1000. Step time: 1431.8ms.
   [Vectorized MCTS] Step 1425: 64 games active. Completed: 733/1000. Step time: 1454.3ms.
   [Vectorized MCTS] Step 1430: 64 games active. Completed: 735/1000. Step time: 1436.9ms.
   [Vectorized MCTS] Step 1435: 64 games active. Completed: 738/1000. Step time: 1477.9ms.
   [Vectorized MCTS] Step 1440: 64 games active. Completed: 740/1000. Step time: 1486.6ms.
   [Vectorized MCTS] Step 1445: 64 games active. Completed: 744/1000. Step time: 1430.8ms.
   [Vectorized MCTS] Step 1450: 64 games active. Completed: 747/1000. Step time: 1448.0ms.
   [Vectorized MCTS] Step 1455: 64 games active. Completed: 750/1000. Step time: 1460.8ms.
   [Vectorized MCTS] Step 1460: 64 games active. Completed: 752/1000. Step time: 1457.6ms.
   [Vectorized MCTS] Step 1465: 64 games active. Completed: 754/1000. Step time: 1457.8ms.
   [Vectorized MCTS] Step 1470: 64 games active. Completed: 758/1000. Step time: 1441.4ms.
   [Vectorized MCTS] Step 1475: 64 games active. Completed: 760/1000. Step time: 1489.1ms.
   [Vectorized MCTS] Step 1480: 64 games active. Completed: 761/1000. Step time: 1435.2ms.
   [Vectorized MCTS] Step 1485: 64 games active. Completed: 763/1000. Step time: 1489.9ms.
   [Vectorized MCTS] Step 1490: 64 games active. Completed: 767/1000. Step time: 1451.2ms.
   [Vectorized MCTS] Step 1495: 64 games active. Completed: 767/1000. Step time: 1488.0ms.
   [Vectorized MCTS] Step 1500: 64 games active. Completed: 769/1000. Step time: 1459.8ms.
   [Vectorized MCTS] Step 1505: 64 games active. Completed: 769/1000. Step time: 1436.1ms.
   [Vectorized MCTS] Step 1510: 64 games active. Completed: 777/1000. Step time: 1485.2ms.
   [Vectorized MCTS] Step 1515: 64 games active. Completed: 781/1000. Step time: 1453.5ms.
   [Vectorized MCTS] Step 1520: 64 games active. Completed: 786/1000. Step time: 1502.2ms.
   [Vectorized MCTS] Step 1525: 64 games active. Completed: 786/1000. Step time: 1432.8ms.
   [Vectorized MCTS] Step 1530: 64 games active. Completed: 790/1000. Step time: 1450.1ms.
   [Vectorized MCTS] Step 1535: 64 games active. Completed: 791/1000. Step time: 1442.1ms.
   [Vectorized MCTS] Step 1540: 64 games active. Completed: 796/1000. Step time: 1488.7ms.
   [Vectorized MCTS] Step 1545: 64 games active. Completed: 799/1000. Step time: 1429.4ms.
   [Vectorized MCTS] Step 1550: 64 games active. Completed: 800/1000. Step time: 1473.4ms.
   [Vectorized MCTS] Step 1555: 64 games active. Completed: 804/1000. Step time: 1409.4ms.
   [Vectorized MCTS] Step 1560: 64 games active. Completed: 806/1000. Step time: 1531.2ms.
   [Vectorized MCTS] Step 1565: 64 games active. Completed: 809/1000. Step time: 1445.4ms.
   [Vectorized MCTS] Step 1570: 64 games active. Completed: 812/1000. Step time: 1473.6ms.
   [Vectorized MCTS] Step 1575: 64 games active. Completed: 815/1000. Step time: 1455.1ms.
   [Vectorized MCTS] Step 1580: 64 games active. Completed: 815/1000. Step time: 1488.0ms.
   [Vectorized MCTS] Step 1585: 64 games active. Completed: 816/1000. Step time: 1458.8ms.
   [Vectorized MCTS] Step 1590: 64 games active. Completed: 821/1000. Step time: 1473.1ms.
   [Vectorized MCTS] Step 1595: 64 games active. Completed: 827/1000. Step time: 1427.4ms.
   [Vectorized MCTS] Step 1600: 64 games active. Completed: 830/1000. Step time: 1477.7ms.
   [Vectorized MCTS] Step 1605: 64 games active. Completed: 830/1000. Step time: 1434.7ms.
   [Vectorized MCTS] Step 1610: 64 games active. Completed: 833/1000. Step time: 1466.8ms.
   [Vectorized MCTS] Step 1615: 64 games active. Completed: 836/1000. Step time: 1417.8ms.
   [Vectorized MCTS] Step 1620: 64 games active. Completed: 840/1000. Step time: 1512.6ms.
   [Vectorized MCTS] Step 1625: 64 games active. Completed: 843/1000. Step time: 1469.8ms.
   [Vectorized MCTS] Step 1630: 64 games active. Completed: 846/1000. Step time: 1436.3ms.
   [Vectorized MCTS] Step 1635: 64 games active. Completed: 849/1000. Step time: 1453.5ms.
   [Vectorized MCTS] Step 1640: 64 games active. Completed: 852/1000. Step time: 1491.9ms.
   [Vectorized MCTS] Step 1645: 64 games active. Completed: 854/1000. Step time: 1449.7ms.
   [Vectorized MCTS] Step 1650: 64 games active. Completed: 855/1000. Step time: 1477.6ms.
   [Vectorized MCTS] Step 1655: 64 games active. Completed: 857/1000. Step time: 1437.7ms.
   [Vectorized MCTS] Step 1660: 64 games active. Completed: 860/1000. Step time: 1492.3ms.
   [Vectorized MCTS] Step 1665: 64 games active. Completed: 869/1000. Step time: 1431.0ms.
   [Vectorized MCTS] Step 1670: 64 games active. Completed: 872/1000. Step time: 1459.0ms.
   [Vectorized MCTS] Step 1675: 64 games active. Completed: 877/1000. Step time: 1433.6ms.
   [Vectorized MCTS] Step 1680: 64 games active. Completed: 880/1000. Step time: 1472.1ms.
   [Vectorized MCTS] Step 1685: 64 games active. Completed: 881/1000. Step time: 1434.2ms.
   [Vectorized MCTS] Step 1690: 64 games active. Completed: 884/1000. Step time: 1431.2ms.
   [Vectorized MCTS] Step 1695: 64 games active. Completed: 886/1000. Step time: 1488.6ms.
   [Vectorized MCTS] Step 1700: 64 games active. Completed: 886/1000. Step time: 1428.9ms.
   [Vectorized MCTS] Step 1705: 64 games active. Completed: 893/1000. Step time: 1486.1ms.
   [Vectorized MCTS] Step 1710: 64 games active. Completed: 897/1000. Step time: 1448.4ms.
   [Vectorized MCTS] Step 1715: 64 games active. Completed: 899/1000. Step time: 1460.2ms.
   [Vectorized MCTS] Step 1720: 64 games active. Completed: 900/1000. Step time: 1404.5ms.
   [Vectorized MCTS] Step 1725: 64 games active. Completed: 901/1000. Step time: 1492.5ms.
   [Vectorized MCTS] Step 1730: 64 games active. Completed: 904/1000. Step time: 1447.7ms.
   [Vectorized MCTS] Step 1735: 64 games active. Completed: 906/1000. Step time: 1462.8ms.
   [Vectorized MCTS] Step 1740: 64 games active. Completed: 911/1000. Step time: 1443.8ms.
   [Vectorized MCTS] Step 1745: 64 games active. Completed: 913/1000. Step time: 1492.6ms.
   [Vectorized MCTS] Step 1750: 64 games active. Completed: 914/1000. Step time: 1430.5ms.
   [Vectorized MCTS] Step 1755: 64 games active. Completed: 917/1000. Step time: 1484.7ms.
   [Vectorized MCTS] Step 1760: 64 games active. Completed: 919/1000. Step time: 1446.3ms.
   [Vectorized MCTS] Step 1765: 64 games active. Completed: 921/1000. Step time: 1506.0ms.
   [Vectorized MCTS] Step 1770: 64 games active. Completed: 925/1000. Step time: 1414.9ms.
   [Vectorized MCTS] Step 1775: 64 games active. Completed: 928/1000. Step time: 1485.6ms.
   [Vectorized MCTS] Step 1780: 64 games active. Completed: 930/1000. Step time: 1451.9ms.
   [Vectorized MCTS] Step 1785: 64 games active. Completed: 934/1000. Step time: 1536.7ms.
   [Vectorized MCTS] Step 1790: 62 games active. Completed: 938/1000. Step time: 1499.7ms.
   [Vectorized MCTS] Step 1795: 61 games active. Completed: 939/1000. Step time: 1451.7ms.
   [Vectorized MCTS] Step 1800: 56 games active. Completed: 944/1000. Step time: 1373.6ms.
   [Vectorized MCTS] Step 1805: 49 games active. Completed: 951/1000. Step time: 1242.4ms.
   [Vectorized MCTS] Step 1810: 49 games active. Completed: 951/1000. Step time: 1118.0ms.
   [Vectorized MCTS] Step 1815: 47 games active. Completed: 953/1000. Step time: 947.8ms.
   [Vectorized MCTS] Step 1820: 45 games active. Completed: 955/1000. Step time: 905.3ms.
   [Vectorized MCTS] Step 1825: 43 games active. Completed: 957/1000. Step time: 920.0ms.
   [Vectorized MCTS] Step 1830: 41 games active. Completed: 959/1000. Step time: 891.1ms.
   [Vectorized MCTS] Step 1835: 41 games active. Completed: 959/1000. Step time: 873.4ms.
   [Vectorized MCTS] Step 1840: 37 games active. Completed: 963/1000. Step time: 853.4ms.
   [Vectorized MCTS] Step 1845: 33 games active. Completed: 967/1000. Step time: 751.4ms.
   [Vectorized MCTS] Step 1850: 33 games active. Completed: 967/1000. Step time: 730.7ms.
   [Vectorized MCTS] Step 1855: 32 games active. Completed: 968/1000. Step time: 740.2ms.
   [Vectorized MCTS] Step 1860: 31 games active. Completed: 969/1000. Step time: 693.2ms.
   [Vectorized MCTS] Step 1865: 28 games active. Completed: 972/1000. Step time: 618.6ms.
   [Vectorized MCTS] Step 1870: 26 games active. Completed: 974/1000. Step time: 606.7ms.
   [Vectorized MCTS] Step 1875: 25 games active. Completed: 975/1000. Step time: 577.3ms.
   [Vectorized MCTS] Step 1880: 24 games active. Completed: 976/1000. Step time: 566.5ms.
   [Vectorized MCTS] Step 1885: 22 games active. Completed: 978/1000. Step time: 555.0ms.
   [Vectorized MCTS] Step 1890: 22 games active. Completed: 978/1000. Step time: 541.9ms.
   [Vectorized MCTS] Step 1895: 20 games active. Completed: 980/1000. Step time: 483.8ms.
   [Vectorized MCTS] Step 1900: 14 games active. Completed: 986/1000. Step time: 405.2ms.
   [Vectorized MCTS] Step 1905: 11 games active. Completed: 989/1000. Step time: 308.6ms.
   [Vectorized MCTS] Step 1910: 10 games active. Completed: 990/1000. Step time: 296.7ms.
   [Vectorized MCTS] Step 1915: 10 games active. Completed: 990/1000. Step time: 304.1ms.
   [Vectorized MCTS] Step 1920: 10 games active. Completed: 990/1000. Step time: 297.4ms.
   [Vectorized MCTS] Step 1925: 08 games active. Completed: 992/1000. Step time: 235.9ms.
   [Vectorized MCTS] Step 1930: 08 games active. Completed: 992/1000. Step time: 243.6ms.
   [Vectorized MCTS] Step 1935: 08 games active. Completed: 992/1000. Step time: 241.1ms.
   [Vectorized MCTS] Step 1940: 08 games active. Completed: 992/1000. Step time: 240.5ms.
   [Vectorized MCTS] Step 1945: 07 games active. Completed: 993/1000. Step time: 227.1ms.
   [Vectorized MCTS] Step 1950: 06 games active. Completed: 994/1000. Step time: 223.6ms.
   [Vectorized MCTS] Step 1955: 05 games active. Completed: 995/1000. Step time: 202.6ms.
   [Vectorized MCTS] Step 1960: 05 games active. Completed: 995/1000. Step time: 203.1ms.
   [Vectorized MCTS] Step 1965: 05 games active. Completed: 995/1000. Step time: 205.3ms.
   [Vectorized MCTS] Step 1970: 05 games active. Completed: 995/1000. Step time: 197.1ms.
   [Vectorized MCTS] Step 1975: 05 games active. Completed: 995/1000. Step time: 205.6ms.
   [Vectorized MCTS] Step 1980: 05 games active. Completed: 995/1000. Step time: 198.7ms.
   [Vectorized MCTS] Step 1985: 02 games active. Completed: 998/1000. Step time: 146.9ms.
   [Vectorized MCTS] Step 1990: 02 games active. Completed: 998/1000. Step time: 148.0ms.
   [Vectorized MCTS] Step 1995: 02 games active. Completed: 998/1000. Step time: 150.2ms.
   [Vectorized MCTS] Step 2000: 01 games active. Completed: 999/1000. Step time: 132.6ms.
   [Vectorized MCTS] Step 2001: 00 games active. Completed: 1000/1000. Step time: 121.1ms.

Collection completed in 2725.3 seconds (2.725s/game average).
