Starting self-play collection using /Users/nilbot/playground/autogo-mlx/experiments/001_train_from_scratch/checkpoints/iter1.safetensors
--> Progressive sims enabled. Iteration 1 -> 16 simulations.
Config: num-games=1000, simulations=16, workers=8
--> Starting pool-swapping selfplay for all 1000 games with max_active_games=64...
   [Vectorized MCTS] Step 001: 64 games active. Completed: 0/1000. Step time: 1013.4ms.
   [Vectorized MCTS] Step 005: 64 games active. Completed: 0/1000. Step time: 997.4ms.
   [Vectorized MCTS] Step 010: 64 games active. Completed: 0/1000. Step time: 976.5ms.
   [Vectorized MCTS] Step 015: 64 games active. Completed: 0/1000. Step time: 1001.4ms.
   [Vectorized MCTS] Step 020: 64 games active. Completed: 0/1000. Step time: 1026.6ms.
   [Vectorized MCTS] Step 025: 64 games active. Completed: 0/1000. Step time: 1012.5ms.
   [Vectorized MCTS] Step 030: 64 games active. Completed: 0/1000. Step time: 1006.8ms.
   [Vectorized MCTS] Step 035: 64 games active. Completed: 0/1000. Step time: 1011.1ms.
   [Vectorized MCTS] Step 040: 64 games active. Completed: 0/1000. Step time: 1020.7ms.
   [Vectorized MCTS] Step 045: 64 games active. Completed: 0/1000. Step time: 1030.3ms.
   [Vectorized MCTS] Step 050: 64 games active. Completed: 0/1000. Step time: 1029.3ms.
   [Vectorized MCTS] Step 055: 64 games active. Completed: 0/1000. Step time: 1031.8ms.
   [Vectorized MCTS] Step 060: 64 games active. Completed: 0/1000. Step time: 1023.8ms.
   [Vectorized MCTS] Step 065: 64 games active. Completed: 1/1000. Step time: 1021.3ms.
   [Vectorized MCTS] Step 070: 64 games active. Completed: 3/1000. Step time: 1022.1ms.
   [Vectorized MCTS] Step 075: 64 games active. Completed: 6/1000. Step time: 1021.9ms.
   [Vectorized MCTS] Step 080: 64 games active. Completed: 14/1000. Step time: 1017.4ms.
   [Vectorized MCTS] Step 085: 64 games active. Completed: 21/1000. Step time: 1008.0ms.
   [Vectorized MCTS] Step 090: 64 games active. Completed: 25/1000. Step time: 1007.3ms.
   [Vectorized MCTS] Step 095: 64 games active. Completed: 31/1000. Step time: 1008.3ms.
   [Vectorized MCTS] Step 100: 64 games active. Completed: 34/1000. Step time: 1010.5ms.
   [Vectorized MCTS] Step 105: 64 games active. Completed: 37/1000. Step time: 1014.0ms.
   [Vectorized MCTS] Step 110: 64 games active. Completed: 39/1000. Step time: 1014.5ms.
   [Vectorized MCTS] Step 115: 64 games active. Completed: 42/1000. Step time: 1018.4ms.
   [Vectorized MCTS] Step 120: 64 games active. Completed: 46/1000. Step time: 1017.1ms.
   [Vectorized MCTS] Step 125: 64 games active. Completed: 47/1000. Step time: 1022.6ms.
   [Vectorized MCTS] Step 130: 64 games active. Completed: 50/1000. Step time: 1023.2ms.
   [Vectorized MCTS] Step 135: 64 games active. Completed: 51/1000. Step time: 1026.9ms.
   [Vectorized MCTS] Step 140: 64 games active. Completed: 53/1000. Step time: 1024.2ms.
   [Vectorized MCTS] Step 145: 64 games active. Completed: 53/1000. Step time: 1022.7ms.
   [Vectorized MCTS] Step 150: 64 games active. Completed: 57/1000. Step time: 1023.6ms.
   [Vectorized MCTS] Step 155: 64 games active. Completed: 63/1000. Step time: 1017.5ms.
   [Vectorized MCTS] Step 160: 64 games active. Completed: 66/1000. Step time: 1015.2ms.
   [Vectorized MCTS] Step 165: 64 games active. Completed: 67/1000. Step time: 1011.5ms.
   [Vectorized MCTS] Step 170: 64 games active. Completed: 68/1000. Step time: 1016.5ms.
   [Vectorized MCTS] Step 175: 64 games active. Completed: 72/1000. Step time: 1016.6ms.
   [Vectorized MCTS] Step 180: 64 games active. Completed: 75/1000. Step time: 1016.6ms.
   [Vectorized MCTS] Step 185: 64 games active. Completed: 76/1000. Step time: 1020.1ms.
   [Vectorized MCTS] Step 190: 64 games active. Completed: 80/1000. Step time: 1019.3ms.
   [Vectorized MCTS] Step 195: 64 games active. Completed: 82/1000. Step time: 1013.0ms.
   [Vectorized MCTS] Step 200: 64 games active. Completed: 83/1000. Step time: 1019.1ms.
   [Vectorized MCTS] Step 205: 64 games active. Completed: 86/1000. Step time: 1024.0ms.
   [Vectorized MCTS] Step 210: 64 games active. Completed: 88/1000. Step time: 1026.5ms.
   [Vectorized MCTS] Step 215: 64 games active. Completed: 89/1000. Step time: 1028.0ms.
   [Vectorized MCTS] Step 220: 64 games active. Completed: 93/1000. Step time: 1018.9ms.
   [Vectorized MCTS] Step 225: 64 games active. Completed: 95/1000. Step time: 1020.1ms.
   [Vectorized MCTS] Step 230: 64 games active. Completed: 96/1000. Step time: 1026.8ms.
   [Vectorized MCTS] Step 235: 64 games active. Completed: 99/1000. Step time: 1027.4ms.
   [Vectorized MCTS] Step 240: 64 games active. Completed: 104/1000. Step time: 1021.4ms.
   [Vectorized MCTS] Step 245: 64 games active. Completed: 105/1000. Step time: 1021.6ms.
   [Vectorized MCTS] Step 250: 64 games active. Completed: 116/1000. Step time: 1018.4ms.
   [Vectorized MCTS] Step 255: 64 games active. Completed: 121/1000. Step time: 1020.9ms.
   [Vectorized MCTS] Step 260: 64 games active. Completed: 123/1000. Step time: 1018.5ms.
   [Vectorized MCTS] Step 265: 64 games active. Completed: 128/1000. Step time: 1010.7ms.
   [Vectorized MCTS] Step 270: 64 games active. Completed: 129/1000. Step time: 1016.3ms.
   [Vectorized MCTS] Step 275: 64 games active. Completed: 131/1000. Step time: 1016.2ms.
   [Vectorized MCTS] Step 280: 64 games active. Completed: 133/1000. Step time: 1014.3ms.
   [Vectorized MCTS] Step 285: 64 games active. Completed: 139/1000. Step time: 1017.9ms.
   [Vectorized MCTS] Step 290: 64 games active. Completed: 139/1000. Step time: 1019.1ms.
   [Vectorized MCTS] Step 295: 64 games active. Completed: 140/1000. Step time: 1022.9ms.
   [Vectorized MCTS] Step 300: 64 games active. Completed: 140/1000. Step time: 1021.6ms.
   [Vectorized MCTS] Step 305: 64 games active. Completed: 141/1000. Step time: 1027.0ms.
   [Vectorized MCTS] Step 310: 64 games active. Completed: 143/1000. Step time: 1029.9ms.
   [Vectorized MCTS] Step 315: 64 games active. Completed: 145/1000. Step time: 1031.3ms.
   [Vectorized MCTS] Step 320: 64 games active. Completed: 150/1000. Step time: 1021.2ms.
   [Vectorized MCTS] Step 325: 64 games active. Completed: 153/1000. Step time: 1019.8ms.
   [Vectorized MCTS] Step 330: 64 games active. Completed: 157/1000. Step time: 1016.6ms.
   [Vectorized MCTS] Step 335: 64 games active. Completed: 159/1000. Step time: 1019.7ms.
   [Vectorized MCTS] Step 340: 64 games active. Completed: 163/1000. Step time: 1017.3ms.
   [Vectorized MCTS] Step 345: 64 games active. Completed: 165/1000. Step time: 1018.8ms.
   [Vectorized MCTS] Step 350: 64 games active. Completed: 170/1000. Step time: 1011.2ms.
   [Vectorized MCTS] Step 355: 64 games active. Completed: 174/1000. Step time: 1019.9ms.
   [Vectorized MCTS] Step 360: 64 games active. Completed: 175/1000. Step time: 1020.6ms.
   [Vectorized MCTS] Step 365: 64 games active. Completed: 180/1000. Step time: 1011.6ms.
   [Vectorized MCTS] Step 370: 64 games active. Completed: 180/1000. Step time: 1018.6ms.
   [Vectorized MCTS] Step 375: 64 games active. Completed: 182/1000. Step time: 1019.9ms.
   [Vectorized MCTS] Step 380: 64 games active. Completed: 184/1000. Step time: 1020.2ms.
   [Vectorized MCTS] Step 385: 64 games active. Completed: 186/1000. Step time: 1020.1ms.
   [Vectorized MCTS] Step 390: 64 games active. Completed: 187/1000. Step time: 1024.7ms.
   [Vectorized MCTS] Step 395: 64 games active. Completed: 190/1000. Step time: 1026.2ms.
   [Vectorized MCTS] Step 400: 64 games active. Completed: 194/1000. Step time: 1016.6ms.
   [Vectorized MCTS] Step 405: 64 games active. Completed: 195/1000. Step time: 1023.9ms.
   [Vectorized MCTS] Step 410: 64 games active. Completed: 199/1000. Step time: 1024.4ms.
   [Vectorized MCTS] Step 415: 64 games active. Completed: 201/1000. Step time: 1022.6ms.
   [Vectorized MCTS] Step 420: 64 games active. Completed: 205/1000. Step time: 1018.5ms.
   [Vectorized MCTS] Step 425: 64 games active. Completed: 207/1000. Step time: 1017.6ms.
   [Vectorized MCTS] Step 430: 64 games active. Completed: 208/1000. Step time: 1019.1ms.
   [Vectorized MCTS] Step 435: 64 games active. Completed: 210/1000. Step time: 1026.5ms.
   [Vectorized MCTS] Step 440: 64 games active. Completed: 212/1000. Step time: 1025.7ms.
   [Vectorized MCTS] Step 445: 64 games active. Completed: 213/1000. Step time: 1023.5ms.
   [Vectorized MCTS] Step 450: 64 games active. Completed: 215/1000. Step time: 1026.1ms.
   [Vectorized MCTS] Step 455: 64 games active. Completed: 219/1000. Step time: 1035.0ms.
   [Vectorized MCTS] Step 460: 64 games active. Completed: 221/1000. Step time: 1024.9ms.
   [Vectorized MCTS] Step 465: 64 games active. Completed: 224/1000. Step time: 1022.9ms.
   [Vectorized MCTS] Step 470: 64 games active. Completed: 227/1000. Step time: 1024.1ms.
   [Vectorized MCTS] Step 475: 64 games active. Completed: 229/1000. Step time: 1020.3ms.
   [Vectorized MCTS] Step 480: 64 games active. Completed: 234/1000. Step time: 1021.0ms.
   [Vectorized MCTS] Step 485: 64 games active. Completed: 236/1000. Step time: 1019.4ms.
   [Vectorized MCTS] Step 490: 64 games active. Completed: 237/1000. Step time: 1020.4ms.
   [Vectorized MCTS] Step 495: 64 games active. Completed: 239/1000. Step time: 1034.3ms.
   [Vectorized MCTS] Step 500: 64 games active. Completed: 242/1000. Step time: 1035.7ms.
   [Vectorized MCTS] Step 505: 64 games active. Completed: 247/1000. Step time: 1017.8ms.
   [Vectorized MCTS] Step 510: 64 games active. Completed: 250/1000. Step time: 1022.1ms.
   [Vectorized MCTS] Step 515: 64 games active. Completed: 255/1000. Step time: 1019.9ms.
   [Vectorized MCTS] Step 520: 64 games active. Completed: 256/1000. Step time: 1016.9ms.
   [Vectorized MCTS] Step 525: 64 games active. Completed: 258/1000. Step time: 1017.5ms.
   [Vectorized MCTS] Step 530: 64 games active. Completed: 259/1000. Step time: 1021.4ms.
   [Vectorized MCTS] Step 535: 64 games active. Completed: 266/1000. Step time: 1013.3ms.
   [Vectorized MCTS] Step 540: 64 games active. Completed: 266/1000. Step time: 1019.9ms.
   [Vectorized MCTS] Step 545: 64 games active. Completed: 267/1000. Step time: 1018.3ms.
   [Vectorized MCTS] Step 550: 64 games active. Completed: 270/1000. Step time: 1019.7ms.
   [Vectorized MCTS] Step 555: 64 games active. Completed: 272/1000. Step time: 1024.5ms.
   [Vectorized MCTS] Step 560: 64 games active. Completed: 275/1000. Step time: 1026.5ms.
   [Vectorized MCTS] Step 565: 64 games active. Completed: 277/1000. Step time: 1026.0ms.
   [Vectorized MCTS] Step 570: 64 games active. Completed: 278/1000. Step time: 1021.7ms.
   [Vectorized MCTS] Step 575: 64 games active. Completed: 283/1000. Step time: 1018.7ms.
   [Vectorized MCTS] Step 580: 64 games active. Completed: 288/1000. Step time: 1024.5ms.
   [Vectorized MCTS] Step 585: 64 games active. Completed: 290/1000. Step time: 1024.3ms.
   [Vectorized MCTS] Step 590: 64 games active. Completed: 293/1000. Step time: 1020.1ms.
   [Vectorized MCTS] Step 595: 64 games active. Completed: 297/1000. Step time: 1017.4ms.
   [Vectorized MCTS] Step 600: 64 games active. Completed: 300/1000. Step time: 1010.4ms.
   [Vectorized MCTS] Step 605: 64 games active. Completed: 306/1000. Step time: 1016.3ms.
   [Vectorized MCTS] Step 610: 64 games active. Completed: 309/1000. Step time: 1018.6ms.
   [Vectorized MCTS] Step 615: 64 games active. Completed: 312/1000. Step time: 1016.0ms.
   [Vectorized MCTS] Step 620: 64 games active. Completed: 314/1000. Step time: 1015.3ms.
   [Vectorized MCTS] Step 625: 64 games active. Completed: 315/1000. Step time: 1014.8ms.
   [Vectorized MCTS] Step 630: 64 games active. Completed: 316/1000. Step time: 1023.0ms.
   [Vectorized MCTS] Step 635: 64 games active. Completed: 319/1000. Step time: 1026.4ms.
   [Vectorized MCTS] Step 640: 64 games active. Completed: 320/1000. Step time: 1026.7ms.
   [Vectorized MCTS] Step 645: 64 games active. Completed: 324/1000. Step time: 1018.6ms.
   [Vectorized MCTS] Step 650: 64 games active. Completed: 326/1000. Step time: 1012.0ms.
   [Vectorized MCTS] Step 655: 64 games active. Completed: 327/1000. Step time: 1025.9ms.
   [Vectorized MCTS] Step 660: 64 games active. Completed: 328/1000. Step time: 1024.6ms.
   [Vectorized MCTS] Step 665: 64 games active. Completed: 328/1000. Step time: 1026.9ms.
   [Vectorized MCTS] Step 670: 64 games active. Completed: 334/1000. Step time: 1028.0ms.
   [Vectorized MCTS] Step 675: 64 games active. Completed: 338/1000. Step time: 1018.6ms.
   [Vectorized MCTS] Step 680: 64 games active. Completed: 340/1000. Step time: 1043.2ms.
   [Vectorized MCTS] Step 685: 64 games active. Completed: 343/1000. Step time: 1023.5ms.
   [Vectorized MCTS] Step 690: 64 games active. Completed: 345/1000. Step time: 1025.8ms.
   [Vectorized MCTS] Step 695: 64 games active. Completed: 350/1000. Step time: 1022.4ms.
   [Vectorized MCTS] Step 700: 64 games active. Completed: 354/1000. Step time: 1020.3ms.
   [Vectorized MCTS] Step 705: 64 games active. Completed: 355/1000. Step time: 1025.8ms.
   [Vectorized MCTS] Step 710: 64 games active. Completed: 357/1000. Step time: 1031.2ms.
   [Vectorized MCTS] Step 715: 64 games active. Completed: 362/1000. Step time: 1031.2ms.
   [Vectorized MCTS] Step 720: 64 games active. Completed: 364/1000. Step time: 1025.1ms.
   [Vectorized MCTS] Step 725: 64 games active. Completed: 368/1000. Step time: 1016.6ms.
   [Vectorized MCTS] Step 730: 64 games active. Completed: 372/1000. Step time: 1016.6ms.
   [Vectorized MCTS] Step 735: 64 games active. Completed: 375/1000. Step time: 1020.1ms.
   [Vectorized MCTS] Step 740: 64 games active. Completed: 379/1000. Step time: 1017.5ms.
   [Vectorized MCTS] Step 745: 64 games active. Completed: 380/1000. Step time: 1028.3ms.
   [Vectorized MCTS] Step 750: 64 games active. Completed: 383/1000. Step time: 1022.1ms.
   [Vectorized MCTS] Step 755: 64 games active. Completed: 388/1000. Step time: 1018.0ms.
   [Vectorized MCTS] Step 760: 64 games active. Completed: 389/1000. Step time: 1021.1ms.
   [Vectorized MCTS] Step 765: 64 games active. Completed: 393/1000. Step time: 1016.8ms.
   [Vectorized MCTS] Step 770: 64 games active. Completed: 395/1000. Step time: 1018.5ms.
   [Vectorized MCTS] Step 775: 64 games active. Completed: 398/1000. Step time: 1018.7ms.
   [Vectorized MCTS] Step 780: 64 games active. Completed: 400/1000. Step time: 1019.7ms.
   [Vectorized MCTS] Step 785: 64 games active. Completed: 404/1000. Step time: 1024.2ms.
   [Vectorized MCTS] Step 790: 64 games active. Completed: 405/1000. Step time: 1018.7ms.
   [Vectorized MCTS] Step 795: 64 games active. Completed: 406/1000. Step time: 1020.3ms.
   [Vectorized MCTS] Step 800: 64 games active. Completed: 408/1000. Step time: 1020.8ms.
   [Vectorized MCTS] Step 805: 64 games active. Completed: 413/1000. Step time: 1020.8ms.
   [Vectorized MCTS] Step 810: 64 games active. Completed: 415/1000. Step time: 1019.7ms.
   [Vectorized MCTS] Step 815: 64 games active. Completed: 418/1000. Step time: 1029.1ms.
   [Vectorized MCTS] Step 820: 64 games active. Completed: 421/1000. Step time: 1019.4ms.
   [Vectorized MCTS] Step 825: 64 games active. Completed: 425/1000. Step time: 1002.7ms.
   [Vectorized MCTS] Step 830: 64 games active. Completed: 426/1000. Step time: 1020.0ms.
   [Vectorized MCTS] Step 835: 64 games active. Completed: 428/1000. Step time: 1028.2ms.
   [Vectorized MCTS] Step 840: 64 games active. Completed: 430/1000. Step time: 1031.0ms.
   [Vectorized MCTS] Step 845: 64 games active. Completed: 437/1000. Step time: 1022.4ms.
   [Vectorized MCTS] Step 850: 64 games active. Completed: 444/1000. Step time: 1016.9ms.
   [Vectorized MCTS] Step 855: 64 games active. Completed: 446/1000. Step time: 1017.4ms.
   [Vectorized MCTS] Step 860: 64 games active. Completed: 447/1000. Step time: 1018.0ms.
   [Vectorized MCTS] Step 865: 64 games active. Completed: 450/1000. Step time: 1015.6ms.
   [Vectorized MCTS] Step 870: 64 games active. Completed: 454/1000. Step time: 1016.2ms.
   [Vectorized MCTS] Step 875: 64 games active. Completed: 456/1000. Step time: 1015.8ms.
   [Vectorized MCTS] Step 880: 64 games active. Completed: 457/1000. Step time: 1039.7ms.
   [Vectorized MCTS] Step 885: 64 games active. Completed: 461/1000. Step time: 1018.9ms.
   [Vectorized MCTS] Step 890: 64 games active. Completed: 461/1000. Step time: 1033.6ms.
   [Vectorized MCTS] Step 895: 64 games active. Completed: 462/1000. Step time: 1029.2ms.
   [Vectorized MCTS] Step 900: 64 games active. Completed: 464/1000. Step time: 1025.7ms.
   [Vectorized MCTS] Step 905: 64 games active. Completed: 465/1000. Step time: 1025.5ms.
   [Vectorized MCTS] Step 910: 64 games active. Completed: 469/1000. Step time: 1025.0ms.
   [Vectorized MCTS] Step 915: 64 games active. Completed: 470/1000. Step time: 1025.5ms.
   [Vectorized MCTS] Step 920: 64 games active. Completed: 474/1000. Step time: 1023.7ms.
   [Vectorized MCTS] Step 925: 64 games active. Completed: 482/1000. Step time: 1012.1ms.
   [Vectorized MCTS] Step 930: 64 games active. Completed: 484/1000. Step time: 1014.7ms.
   [Vectorized MCTS] Step 935: 64 games active. Completed: 488/1000. Step time: 1126.6ms.
   [Vectorized MCTS] Step 940: 64 games active. Completed: 490/1000. Step time: 1517.1ms.
   [Vectorized MCTS] Step 945: 64 games active. Completed: 494/1000. Step time: 1660.3ms.
   [Vectorized MCTS] Step 950: 64 games active. Completed: 496/1000. Step time: 1253.7ms.
   [Vectorized MCTS] Step 955: 64 games active. Completed: 497/1000. Step time: 1433.0ms.
   [Vectorized MCTS] Step 960: 64 games active. Completed: 500/1000. Step time: 1341.7ms.
   [Vectorized MCTS] Step 965: 64 games active. Completed: 504/1000. Step time: 1428.5ms.
   [Vectorized MCTS] Step 970: 64 games active. Completed: 504/1000. Step time: 1430.0ms.
   [Vectorized MCTS] Step 975: 64 games active. Completed: 508/1000. Step time: 1320.8ms.
   [Vectorized MCTS] Step 980: 64 games active. Completed: 509/1000. Step time: 1376.0ms.
   [Vectorized MCTS] Step 985: 64 games active. Completed: 509/1000. Step time: 1376.8ms.
   [Vectorized MCTS] Step 990: 64 games active. Completed: 513/1000. Step time: 1360.2ms.
   [Vectorized MCTS] Step 995: 64 games active. Completed: 516/1000. Step time: 1398.3ms.
   [Vectorized MCTS] Step 1000: 64 games active. Completed: 523/1000. Step time: 1343.4ms.
   [Vectorized MCTS] Step 1005: 64 games active. Completed: 527/1000. Step time: 1349.8ms.
   [Vectorized MCTS] Step 1010: 64 games active. Completed: 531/1000. Step time: 1367.3ms.
   [Vectorized MCTS] Step 1015: 64 games active. Completed: 536/1000. Step time: 1318.0ms.
   [Vectorized MCTS] Step 1020: 64 games active. Completed: 538/1000. Step time: 1343.1ms.
   [Vectorized MCTS] Step 1025: 64 games active. Completed: 542/1000. Step time: 1349.1ms.
   [Vectorized MCTS] Step 1030: 64 games active. Completed: 546/1000. Step time: 1370.3ms.
   [Vectorized MCTS] Step 1035: 64 games active. Completed: 547/1000. Step time: 1334.8ms.
   [Vectorized MCTS] Step 1040: 64 games active. Completed: 551/1000. Step time: 1320.8ms.
   [Vectorized MCTS] Step 1045: 64 games active. Completed: 553/1000. Step time: 1406.4ms.
   [Vectorized MCTS] Step 1050: 64 games active. Completed: 556/1000. Step time: 1329.2ms.
   [Vectorized MCTS] Step 1055: 64 games active. Completed: 557/1000. Step time: 1369.3ms.
   [Vectorized MCTS] Step 1060: 64 games active. Completed: 560/1000. Step time: 1366.4ms.
   [Vectorized MCTS] Step 1065: 64 games active. Completed: 563/1000. Step time: 1345.2ms.
   [Vectorized MCTS] Step 1070: 64 games active. Completed: 564/1000. Step time: 1336.7ms.
   [Vectorized MCTS] Step 1075: 64 games active. Completed: 565/1000. Step time: 1367.3ms.
   [Vectorized MCTS] Step 1080: 64 games active. Completed: 567/1000. Step time: 1350.5ms.
   [Vectorized MCTS] Step 1085: 64 games active. Completed: 573/1000. Step time: 1366.6ms.
   [Vectorized MCTS] Step 1090: 64 games active. Completed: 577/1000. Step time: 1350.7ms.
   [Vectorized MCTS] Step 1095: 64 games active. Completed: 579/1000. Step time: 1350.4ms.
   [Vectorized MCTS] Step 1100: 64 games active. Completed: 583/1000. Step time: 1378.4ms.
   [Vectorized MCTS] Step 1105: 64 games active. Completed: 584/1000. Step time: 1305.4ms.
   [Vectorized MCTS] Step 1110: 64 games active. Completed: 588/1000. Step time: 1369.8ms.
   [Vectorized MCTS] Step 1115: 64 games active. Completed: 592/1000. Step time: 1325.0ms.
   [Vectorized MCTS] Step 1120: 64 games active. Completed: 595/1000. Step time: 1429.6ms.
   [Vectorized MCTS] Step 1125: 64 games active. Completed: 598/1000. Step time: 1324.7ms.
   [Vectorized MCTS] Step 1130: 64 games active. Completed: 602/1000. Step time: 1369.0ms.
   [Vectorized MCTS] Step 1135: 64 games active. Completed: 604/1000. Step time: 1351.8ms.
   [Vectorized MCTS] Step 1140: 64 games active. Completed: 606/1000. Step time: 1390.9ms.
   [Vectorized MCTS] Step 1145: 64 games active. Completed: 607/1000. Step time: 1347.9ms.
   [Vectorized MCTS] Step 1150: 64 games active. Completed: 608/1000. Step time: 1359.4ms.
   [Vectorized MCTS] Step 1155: 64 games active. Completed: 609/1000. Step time: 1373.6ms.
   [Vectorized MCTS] Step 1160: 64 games active. Completed: 611/1000. Step time: 1363.0ms.
   [Vectorized MCTS] Step 1165: 64 games active. Completed: 612/1000. Step time: 1363.8ms.
   [Vectorized MCTS] Step 1170: 64 games active. Completed: 617/1000. Step time: 1319.7ms.
   [Vectorized MCTS] Step 1175: 64 games active. Completed: 620/1000. Step time: 1373.4ms.
   [Vectorized MCTS] Step 1180: 64 games active. Completed: 621/1000. Step time: 1336.8ms.
   [Vectorized MCTS] Step 1185: 64 games active. Completed: 623/1000. Step time: 1375.4ms.
   [Vectorized MCTS] Step 1190: 64 games active. Completed: 627/1000. Step time: 1376.1ms.
   [Vectorized MCTS] Step 1195: 64 games active. Completed: 630/1000. Step time: 1325.4ms.
   [Vectorized MCTS] Step 1200: 64 games active. Completed: 636/1000. Step time: 1342.3ms.
   [Vectorized MCTS] Step 1205: 64 games active. Completed: 642/1000. Step time: 1385.2ms.
   [Vectorized MCTS] Step 1210: 64 games active. Completed: 643/1000. Step time: 1353.7ms.
   [Vectorized MCTS] Step 1215: 64 games active. Completed: 644/1000. Step time: 1339.2ms.
   [Vectorized MCTS] Step 1220: 64 games active. Completed: 647/1000. Step time: 1354.4ms.
   [Vectorized MCTS] Step 1225: 64 games active. Completed: 651/1000. Step time: 1361.4ms.
   [Vectorized MCTS] Step 1230: 64 games active. Completed: 656/1000. Step time: 1378.0ms.
   [Vectorized MCTS] Step 1235: 64 games active. Completed: 658/1000. Step time: 1354.5ms.
   [Vectorized MCTS] Step 1240: 64 games active. Completed: 660/1000. Step time: 1319.3ms.
   [Vectorized MCTS] Step 1245: 64 games active. Completed: 662/1000. Step time: 1357.1ms.
   [Vectorized MCTS] Step 1250: 64 games active. Completed: 667/1000. Step time: 1381.0ms.
   [Vectorized MCTS] Step 1255: 64 games active. Completed: 670/1000. Step time: 1319.6ms.
   [Vectorized MCTS] Step 1260: 64 games active. Completed: 673/1000. Step time: 1351.1ms.
   [Vectorized MCTS] Step 1265: 64 games active. Completed: 675/1000. Step time: 1361.5ms.
   [Vectorized MCTS] Step 1270: 64 games active. Completed: 676/1000. Step time: 1347.3ms.
   [Vectorized MCTS] Step 1275: 64 games active. Completed: 677/1000. Step time: 1396.8ms.
   [Vectorized MCTS] Step 1280: 64 games active. Completed: 683/1000. Step time: 1323.9ms.
   [Vectorized MCTS] Step 1285: 64 games active. Completed: 687/1000. Step time: 1348.2ms.
   [Vectorized MCTS] Step 1290: 64 games active. Completed: 690/1000. Step time: 1370.2ms.
   [Vectorized MCTS] Step 1295: 64 games active. Completed: 694/1000. Step time: 1356.4ms.
   [Vectorized MCTS] Step 1300: 64 games active. Completed: 697/1000. Step time: 1347.5ms.
   [Vectorized MCTS] Step 1305: 64 games active. Completed: 700/1000. Step time: 1304.8ms.
   [Vectorized MCTS] Step 1310: 64 games active. Completed: 702/1000. Step time: 1370.8ms.
   [Vectorized MCTS] Step 1315: 64 games active. Completed: 703/1000. Step time: 1326.2ms.
   [Vectorized MCTS] Step 1320: 64 games active. Completed: 705/1000. Step time: 1367.1ms.
   [Vectorized MCTS] Step 1325: 64 games active. Completed: 707/1000. Step time: 1337.9ms.
   [Vectorized MCTS] Step 1330: 64 games active. Completed: 712/1000. Step time: 1347.6ms.
   [Vectorized MCTS] Step 1335: 64 games active. Completed: 715/1000. Step time: 1328.9ms.
   [Vectorized MCTS] Step 1340: 64 games active. Completed: 718/1000. Step time: 1407.4ms.
   [Vectorized MCTS] Step 1345: 64 games active. Completed: 720/1000. Step time: 1322.5ms.
   [Vectorized MCTS] Step 1350: 64 games active. Completed: 722/1000. Step time: 1360.0ms.
   [Vectorized MCTS] Step 1355: 64 games active. Completed: 724/1000. Step time: 1358.4ms.
   [Vectorized MCTS] Step 1360: 64 games active. Completed: 730/1000. Step time: 1353.1ms.
   [Vectorized MCTS] Step 1365: 64 games active. Completed: 732/1000. Step time: 1361.1ms.
   [Vectorized MCTS] Step 1370: 64 games active. Completed: 737/1000. Step time: 1302.2ms.
   [Vectorized MCTS] Step 1375: 64 games active. Completed: 737/1000. Step time: 1357.9ms.
   [Vectorized MCTS] Step 1380: 64 games active. Completed: 740/1000. Step time: 1308.6ms.
   [Vectorized MCTS] Step 1385: 64 games active. Completed: 744/1000. Step time: 1385.8ms.
   [Vectorized MCTS] Step 1390: 64 games active. Completed: 747/1000. Step time: 1355.1ms.
   [Vectorized MCTS] Step 1395: 64 games active. Completed: 750/1000. Step time: 1326.6ms.
   [Vectorized MCTS] Step 1400: 64 games active. Completed: 750/1000. Step time: 1352.2ms.
   [Vectorized MCTS] Step 1405: 64 games active. Completed: 753/1000. Step time: 1351.2ms.
   [Vectorized MCTS] Step 1410: 64 games active. Completed: 758/1000. Step time: 1402.0ms.
   [Vectorized MCTS] Step 1415: 64 games active. Completed: 758/1000. Step time: 1340.9ms.
   [Vectorized MCTS] Step 1420: 64 games active. Completed: 759/1000. Step time: 1362.4ms.
   [Vectorized MCTS] Step 1425: 64 games active. Completed: 761/1000. Step time: 1344.1ms.
   [Vectorized MCTS] Step 1430: 64 games active. Completed: 763/1000. Step time: 1400.4ms.
   [Vectorized MCTS] Step 1435: 64 games active. Completed: 764/1000. Step time: 1328.1ms.
   [Vectorized MCTS] Step 1440: 64 games active. Completed: 766/1000. Step time: 1356.9ms.
   [Vectorized MCTS] Step 1445: 64 games active. Completed: 770/1000. Step time: 1364.3ms.
   [Vectorized MCTS] Step 1450: 64 games active. Completed: 774/1000. Step time: 1360.2ms.
   [Vectorized MCTS] Step 1455: 64 games active. Completed: 778/1000. Step time: 1368.2ms.
   [Vectorized MCTS] Step 1460: 64 games active. Completed: 781/1000. Step time: 1320.9ms.
   [Vectorized MCTS] Step 1465: 64 games active. Completed: 784/1000. Step time: 1369.6ms.
   [Vectorized MCTS] Step 1470: 64 games active. Completed: 787/1000. Step time: 1339.3ms.
   [Vectorized MCTS] Step 1475: 64 games active. Completed: 791/1000. Step time: 1383.1ms.
   [Vectorized MCTS] Step 1480: 64 games active. Completed: 795/1000. Step time: 1308.4ms.
   [Vectorized MCTS] Step 1485: 64 games active. Completed: 797/1000. Step time: 1347.2ms.
   [Vectorized MCTS] Step 1490: 64 games active. Completed: 798/1000. Step time: 1358.6ms.
   [Vectorized MCTS] Step 1495: 64 games active. Completed: 801/1000. Step time: 1373.9ms.
   [Vectorized MCTS] Step 1500: 64 games active. Completed: 805/1000. Step time: 1343.4ms.
   [Vectorized MCTS] Step 1505: 64 games active. Completed: 807/1000. Step time: 1327.9ms.
   [Vectorized MCTS] Step 1510: 64 games active. Completed: 809/1000. Step time: 1349.6ms.
   [Vectorized MCTS] Step 1515: 64 games active. Completed: 813/1000. Step time: 1399.2ms.
   [Vectorized MCTS] Step 1520: 64 games active. Completed: 813/1000. Step time: 1333.0ms.
   [Vectorized MCTS] Step 1525: 64 games active. Completed: 818/1000. Step time: 1335.0ms.
   [Vectorized MCTS] Step 1530: 64 games active. Completed: 819/1000. Step time: 1372.0ms.
   [Vectorized MCTS] Step 1535: 64 games active. Completed: 819/1000. Step time: 1312.5ms.
   [Vectorized MCTS] Step 1540: 64 games active. Completed: 826/1000. Step time: 1401.4ms.
   [Vectorized MCTS] Step 1545: 64 games active. Completed: 827/1000. Step time: 1318.3ms.
   [Vectorized MCTS] Step 1550: 64 games active. Completed: 831/1000. Step time: 1352.4ms.
   [Vectorized MCTS] Step 1555: 64 games active. Completed: 835/1000. Step time: 1340.1ms.
   [Vectorized MCTS] Step 1560: 64 games active. Completed: 839/1000. Step time: 1319.2ms.
   [Vectorized MCTS] Step 1565: 64 games active. Completed: 842/1000. Step time: 1420.3ms.
   [Vectorized MCTS] Step 1570: 64 games active. Completed: 844/1000. Step time: 1274.2ms.
   [Vectorized MCTS] Step 1575: 64 games active. Completed: 847/1000. Step time: 1410.5ms.
   [Vectorized MCTS] Step 1580: 64 games active. Completed: 850/1000. Step time: 1292.0ms.
   [Vectorized MCTS] Step 1585: 64 games active. Completed: 856/1000. Step time: 1375.7ms.
   [Vectorized MCTS] Step 1590: 64 games active. Completed: 857/1000. Step time: 1360.5ms.
   [Vectorized MCTS] Step 1595: 64 games active. Completed: 861/1000. Step time: 1326.5ms.
   [Vectorized MCTS] Step 1600: 64 games active. Completed: 862/1000. Step time: 1363.1ms.
   [Vectorized MCTS] Step 1605: 64 games active. Completed: 864/1000. Step time: 1347.8ms.
   [Vectorized MCTS] Step 1610: 64 games active. Completed: 865/1000. Step time: 1353.5ms.
   [Vectorized MCTS] Step 1615: 64 games active. Completed: 868/1000. Step time: 1316.6ms.
   [Vectorized MCTS] Step 1620: 64 games active. Completed: 871/1000. Step time: 1370.3ms.
   [Vectorized MCTS] Step 1625: 64 games active. Completed: 874/1000. Step time: 1328.5ms.
   [Vectorized MCTS] Step 1630: 64 games active. Completed: 875/1000. Step time: 1368.2ms.
   [Vectorized MCTS] Step 1635: 64 games active. Completed: 876/1000. Step time: 1352.7ms.
   [Vectorized MCTS] Step 1640: 64 games active. Completed: 878/1000. Step time: 1346.1ms.
   [Vectorized MCTS] Step 1645: 64 games active. Completed: 884/1000. Step time: 1353.3ms.
   [Vectorized MCTS] Step 1650: 64 games active. Completed: 888/1000. Step time: 1350.3ms.
   [Vectorized MCTS] Step 1655: 64 games active. Completed: 892/1000. Step time: 1359.6ms.
   [Vectorized MCTS] Step 1660: 64 games active. Completed: 897/1000. Step time: 1299.7ms.
   [Vectorized MCTS] Step 1665: 64 games active. Completed: 898/1000. Step time: 1354.3ms.
   [Vectorized MCTS] Step 1670: 64 games active. Completed: 901/1000. Step time: 1342.7ms.
   [Vectorized MCTS] Step 1675: 64 games active. Completed: 902/1000. Step time: 1359.7ms.
   [Vectorized MCTS] Step 1680: 64 games active. Completed: 903/1000. Step time: 1335.4ms.
   [Vectorized MCTS] Step 1685: 64 games active. Completed: 906/1000. Step time: 1348.6ms.
   [Vectorized MCTS] Step 1690: 64 games active. Completed: 909/1000. Step time: 1337.0ms.
   [Vectorized MCTS] Step 1695: 64 games active. Completed: 915/1000. Step time: 1421.4ms.
   [Vectorized MCTS] Step 1700: 64 games active. Completed: 917/1000. Step time: 1306.1ms.
   [Vectorized MCTS] Step 1705: 64 games active. Completed: 919/1000. Step time: 1333.4ms.
   [Vectorized MCTS] Step 1710: 64 games active. Completed: 921/1000. Step time: 1344.3ms.
   [Vectorized MCTS] Step 1715: 64 games active. Completed: 925/1000. Step time: 1359.3ms.
   [Vectorized MCTS] Step 1720: 64 games active. Completed: 925/1000. Step time: 1375.1ms.
   [Vectorized MCTS] Step 1725: 64 games active. Completed: 927/1000. Step time: 1314.0ms.
   [Vectorized MCTS] Step 1730: 64 games active. Completed: 932/1000. Step time: 1431.9ms.
   [Vectorized MCTS] Step 1735: 64 games active. Completed: 934/1000. Step time: 1297.9ms.
   [Vectorized MCTS] Step 1740: 64 games active. Completed: 936/1000. Step time: 1426.7ms.
   [Vectorized MCTS] Step 1745: 62 games active. Completed: 938/1000. Step time: 1342.1ms.
   [Vectorized MCTS] Step 1750: 56 games active. Completed: 944/1000. Step time: 1306.8ms.
   [Vectorized MCTS] Step 1755: 54 games active. Completed: 946/1000. Step time: 1294.9ms.
   [Vectorized MCTS] Step 1760: 51 games active. Completed: 949/1000. Step time: 1226.2ms.
   [Vectorized MCTS] Step 1765: 51 games active. Completed: 949/1000. Step time: 1236.3ms.
   [Vectorized MCTS] Step 1770: 49 games active. Completed: 951/1000. Step time: 1209.8ms.
   [Vectorized MCTS] Step 1775: 47 games active. Completed: 953/1000. Step time: 984.1ms.
   [Vectorized MCTS] Step 1780: 45 games active. Completed: 955/1000. Step time: 905.9ms.
   [Vectorized MCTS] Step 1785: 40 games active. Completed: 960/1000. Step time: 854.1ms.
   [Vectorized MCTS] Step 1790: 39 games active. Completed: 961/1000. Step time: 817.6ms.
   [Vectorized MCTS] Step 1795: 35 games active. Completed: 965/1000. Step time: 770.2ms.
   [Vectorized MCTS] Step 1800: 32 games active. Completed: 968/1000. Step time: 729.3ms.
   [Vectorized MCTS] Step 1805: 29 games active. Completed: 971/1000. Step time: 676.2ms.
   [Vectorized MCTS] Step 1810: 28 games active. Completed: 972/1000. Step time: 615.2ms.
   [Vectorized MCTS] Step 1815: 24 games active. Completed: 976/1000. Step time: 572.1ms.
   [Vectorized MCTS] Step 1820: 23 games active. Completed: 977/1000. Step time: 546.0ms.
   [Vectorized MCTS] Step 1825: 18 games active. Completed: 982/1000. Step time: 441.2ms.
   [Vectorized MCTS] Step 1830: 14 games active. Completed: 986/1000. Step time: 369.7ms.
   [Vectorized MCTS] Step 1835: 12 games active. Completed: 988/1000. Step time: 327.4ms.
   [Vectorized MCTS] Step 1840: 10 games active. Completed: 990/1000. Step time: 305.8ms.
   [Vectorized MCTS] Step 1845: 10 games active. Completed: 990/1000. Step time: 305.9ms.
   [Vectorized MCTS] Step 1850: 09 games active. Completed: 991/1000. Step time: 245.6ms.
   [Vectorized MCTS] Step 1855: 09 games active. Completed: 991/1000. Step time: 252.6ms.
   [Vectorized MCTS] Step 1860: 09 games active. Completed: 991/1000. Step time: 242.7ms.
   [Vectorized MCTS] Step 1865: 08 games active. Completed: 992/1000. Step time: 235.1ms.
   [Vectorized MCTS] Step 1870: 07 games active. Completed: 993/1000. Step time: 237.2ms.
   [Vectorized MCTS] Step 1875: 06 games active. Completed: 994/1000. Step time: 207.6ms.
   [Vectorized MCTS] Step 1880: 06 games active. Completed: 994/1000. Step time: 207.9ms.
   [Vectorized MCTS] Step 1885: 06 games active. Completed: 994/1000. Step time: 208.9ms.
   [Vectorized MCTS] Step 1890: 06 games active. Completed: 994/1000. Step time: 204.9ms.
   [Vectorized MCTS] Step 1895: 06 games active. Completed: 994/1000. Step time: 207.2ms.
   [Vectorized MCTS] Step 1900: 06 games active. Completed: 994/1000. Step time: 216.0ms.
   [Vectorized MCTS] Step 1905: 05 games active. Completed: 995/1000. Step time: 205.0ms.
   [Vectorized MCTS] Step 1910: 05 games active. Completed: 995/1000. Step time: 202.9ms.
   [Vectorized MCTS] Step 1915: 05 games active. Completed: 995/1000. Step time: 200.3ms.
   [Vectorized MCTS] Step 1920: 04 games active. Completed: 996/1000. Step time: 182.6ms.
   [Vectorized MCTS] Step 1925: 04 games active. Completed: 996/1000. Step time: 180.1ms.
   [Vectorized MCTS] Step 1930: 04 games active. Completed: 996/1000. Step time: 181.8ms.
   [Vectorized MCTS] Step 1935: 04 games active. Completed: 996/1000. Step time: 179.2ms.
   [Vectorized MCTS] Step 1940: 04 games active. Completed: 996/1000. Step time: 181.1ms.
   [Vectorized MCTS] Step 1945: 04 games active. Completed: 996/1000. Step time: 179.5ms.
   [Vectorized MCTS] Step 1950: 03 games active. Completed: 997/1000. Step time: 162.1ms.
   [Vectorized MCTS] Step 1955: 02 games active. Completed: 998/1000. Step time: 153.4ms.
   [Vectorized MCTS] Step 1960: 02 games active. Completed: 998/1000. Step time: 152.1ms.
   [Vectorized MCTS] Step 1965: 01 games active. Completed: 999/1000. Step time: 133.5ms.
   [Vectorized MCTS] Step 1969: 00 games active. Completed: 1000/1000. Step time: 133.1ms.

Collection completed in 2164.5 seconds (2.164s/game average).
