Starting self-play collection using /Users/nilbot/playground/autogo-mlx/experiments/001_train_from_scratch/checkpoints/iter6.safetensors
--> Progressive sims enabled. Iteration 6 -> 32 simulations.
Config: num-games=1000, simulations=32, workers=8
--> Starting pool-swapping selfplay for all 1000 games with max_active_games=64...
   [Vectorized MCTS] Step 001: 64 games active. Completed: 0/1000. Step time: 2175.3ms.
   [Vectorized MCTS] Step 005: 64 games active. Completed: 0/1000. Step time: 2360.0ms.
   [Vectorized MCTS] Step 010: 64 games active. Completed: 0/1000. Step time: 2709.2ms.
   [Vectorized MCTS] Step 015: 64 games active. Completed: 0/1000. Step time: 2513.1ms.
   [Vectorized MCTS] Step 020: 64 games active. Completed: 0/1000. Step time: 2428.1ms.
   [Vectorized MCTS] Step 025: 64 games active. Completed: 0/1000. Step time: 2445.0ms.
   [Vectorized MCTS] Step 030: 64 games active. Completed: 0/1000. Step time: 2398.5ms.
   [Vectorized MCTS] Step 035: 64 games active. Completed: 0/1000. Step time: 2397.5ms.
   [Vectorized MCTS] Step 040: 64 games active. Completed: 0/1000. Step time: 2440.5ms.
   [Vectorized MCTS] Step 045: 64 games active. Completed: 0/1000. Step time: 2397.4ms.
   [Vectorized MCTS] Step 050: 64 games active. Completed: 0/1000. Step time: 2412.6ms.
   [Vectorized MCTS] Step 055: 64 games active. Completed: 0/1000. Step time: 2518.4ms.
   [Vectorized MCTS] Step 060: 64 games active. Completed: 0/1000. Step time: 2494.1ms.
   [Vectorized MCTS] Step 065: 64 games active. Completed: 26/1000. Step time: 2438.0ms.
   [Vectorized MCTS] Step 070: 64 games active. Completed: 31/1000. Step time: 2516.8ms.
   [Vectorized MCTS] Step 075: 64 games active. Completed: 31/1000. Step time: 2472.8ms.
   [Vectorized MCTS] Step 080: 64 games active. Completed: 31/1000. Step time: 2446.6ms.
   [Vectorized MCTS] Step 085: 64 games active. Completed: 31/1000. Step time: 2429.3ms.
   [Vectorized MCTS] Step 090: 64 games active. Completed: 31/1000. Step time: 2443.3ms.
   [Vectorized MCTS] Step 095: 64 games active. Completed: 31/1000. Step time: 2404.7ms.
   [Vectorized MCTS] Step 100: 64 games active. Completed: 32/1000. Step time: 2404.4ms.
   [Vectorized MCTS] Step 105: 64 games active. Completed: 35/1000. Step time: 2467.9ms.
   [Vectorized MCTS] Step 110: 64 games active. Completed: 38/1000. Step time: 2420.8ms.
   [Vectorized MCTS] Step 115: 64 games active. Completed: 38/1000. Step time: 2529.7ms.
   [Vectorized MCTS] Step 120: 64 games active. Completed: 40/1000. Step time: 2456.8ms.
   [Vectorized MCTS] Step 125: 64 games active. Completed: 48/1000. Step time: 2428.2ms.
   [Vectorized MCTS] Step 130: 64 games active. Completed: 55/1000. Step time: 2390.0ms.
   [Vectorized MCTS] Step 135: 64 games active. Completed: 65/1000. Step time: 2445.0ms.
   [Vectorized MCTS] Step 140: 64 games active. Completed: 68/1000. Step time: 2411.8ms.
   [Vectorized MCTS] Step 145: 64 games active. Completed: 72/1000. Step time: 2421.8ms.
   [Vectorized MCTS] Step 150: 64 games active. Completed: 77/1000. Step time: 2462.7ms.
   [Vectorized MCTS] Step 155: 64 games active. Completed: 80/1000. Step time: 2426.8ms.
   [Vectorized MCTS] Step 160: 64 games active. Completed: 80/1000. Step time: 2824.8ms.
   [Vectorized MCTS] Step 165: 64 games active. Completed: 82/1000. Step time: 2618.4ms.
   [Vectorized MCTS] Step 170: 64 games active. Completed: 84/1000. Step time: 2627.5ms.
   [Vectorized MCTS] Step 175: 64 games active. Completed: 86/1000. Step time: 2462.6ms.
   [Vectorized MCTS] Step 180: 64 games active. Completed: 87/1000. Step time: 2446.7ms.
   [Vectorized MCTS] Step 185: 64 games active. Completed: 89/1000. Step time: 2425.7ms.
   [Vectorized MCTS] Step 190: 64 games active. Completed: 96/1000. Step time: 2506.9ms.
   [Vectorized MCTS] Step 195: 64 games active. Completed: 104/1000. Step time: 2467.2ms.
   [Vectorized MCTS] Step 200: 64 games active. Completed: 105/1000. Step time: 2471.7ms.
   [Vectorized MCTS] Step 205: 64 games active. Completed: 111/1000. Step time: 2581.2ms.
   [Vectorized MCTS] Step 210: 64 games active. Completed: 118/1000. Step time: 2514.8ms.
   [Vectorized MCTS] Step 215: 64 games active. Completed: 122/1000. Step time: 2560.8ms.
   [Vectorized MCTS] Step 220: 64 games active. Completed: 123/1000. Step time: 2478.3ms.
   [Vectorized MCTS] Step 225: 64 games active. Completed: 125/1000. Step time: 2518.4ms.
   [Vectorized MCTS] Step 230: 64 games active. Completed: 126/1000. Step time: 2479.7ms.
   [Vectorized MCTS] Step 235: 64 games active. Completed: 129/1000. Step time: 2439.1ms.
   [Vectorized MCTS] Step 240: 64 games active. Completed: 130/1000. Step time: 2455.3ms.
   [Vectorized MCTS] Step 245: 64 games active. Completed: 133/1000. Step time: 2467.3ms.
   [Vectorized MCTS] Step 250: 64 games active. Completed: 137/1000. Step time: 2506.9ms.
   [Vectorized MCTS] Step 255: 64 games active. Completed: 141/1000. Step time: 2503.4ms.
   [Vectorized MCTS] Step 260: 64 games active. Completed: 144/1000. Step time: 2599.3ms.
   [Vectorized MCTS] Step 265: 64 games active. Completed: 148/1000. Step time: 2493.8ms.
   [Vectorized MCTS] Step 270: 64 games active. Completed: 152/1000. Step time: 2589.9ms.
   [Vectorized MCTS] Step 275: 64 games active. Completed: 156/1000. Step time: 2443.2ms.
   [Vectorized MCTS] Step 280: 64 games active. Completed: 162/1000. Step time: 2386.1ms.
   [Vectorized MCTS] Step 285: 64 games active. Completed: 164/1000. Step time: 2484.9ms.
   [Vectorized MCTS] Step 290: 64 games active. Completed: 166/1000. Step time: 2416.6ms.
   [Vectorized MCTS] Step 295: 64 games active. Completed: 170/1000. Step time: 2509.9ms.
   [Vectorized MCTS] Step 300: 64 games active. Completed: 173/1000. Step time: 2553.6ms.
   [Vectorized MCTS] Step 305: 64 games active. Completed: 173/1000. Step time: 2547.8ms.
   [Vectorized MCTS] Step 310: 64 games active. Completed: 176/1000. Step time: 2440.3ms.
   [Vectorized MCTS] Step 315: 64 games active. Completed: 181/1000. Step time: 2481.5ms.
   [Vectorized MCTS] Step 320: 64 games active. Completed: 184/1000. Step time: 2423.5ms.
   [Vectorized MCTS] Step 325: 64 games active. Completed: 187/1000. Step time: 2418.1ms.
   [Vectorized MCTS] Step 330: 64 games active. Completed: 192/1000. Step time: 2469.7ms.
   [Vectorized MCTS] Step 335: 64 games active. Completed: 194/1000. Step time: 2414.8ms.
   [Vectorized MCTS] Step 340: 64 games active. Completed: 198/1000. Step time: 2422.0ms.
   [Vectorized MCTS] Step 345: 64 games active. Completed: 199/1000. Step time: 2428.6ms.
   [Vectorized MCTS] Step 350: 64 games active. Completed: 203/1000. Step time: 2553.8ms.
   [Vectorized MCTS] Step 355: 64 games active. Completed: 209/1000. Step time: 2386.3ms.
   [Vectorized MCTS] Step 360: 64 games active. Completed: 211/1000. Step time: 2497.0ms.
   [Vectorized MCTS] Step 365: 64 games active. Completed: 214/1000. Step time: 2481.7ms.
   [Vectorized MCTS] Step 370: 64 games active. Completed: 218/1000. Step time: 2399.9ms.
   [Vectorized MCTS] Step 375: 64 games active. Completed: 222/1000. Step time: 2944.8ms.
   [Vectorized MCTS] Step 380: 64 games active. Completed: 225/1000. Step time: 4278.0ms.
   [Vectorized MCTS] Step 385: 64 games active. Completed: 227/1000. Step time: 3786.5ms.
   [Vectorized MCTS] Step 390: 64 games active. Completed: 230/1000. Step time: 4897.4ms.
   [Vectorized MCTS] Step 395: 64 games active. Completed: 233/1000. Step time: 4581.0ms.
   [Vectorized MCTS] Step 400: 64 games active. Completed: 237/1000. Step time: 6731.2ms.
   [Vectorized MCTS] Step 405: 64 games active. Completed: 243/1000. Step time: 5064.6ms.
   [Vectorized MCTS] Step 410: 64 games active. Completed: 244/1000. Step time: 4730.8ms.
   [Vectorized MCTS] Step 415: 64 games active. Completed: 246/1000. Step time: 4964.6ms.
   [Vectorized MCTS] Step 420: 64 games active. Completed: 249/1000. Step time: 4992.5ms.
   [Vectorized MCTS] Step 425: 64 games active. Completed: 252/1000. Step time: 5232.8ms.
   [Vectorized MCTS] Step 430: 64 games active. Completed: 253/1000. Step time: 4577.7ms.
   [Vectorized MCTS] Step 435: 64 games active. Completed: 257/1000. Step time: 3601.7ms.
   [Vectorized MCTS] Step 440: 64 games active. Completed: 261/1000. Step time: 2440.5ms.
   [Vectorized MCTS] Step 445: 64 games active. Completed: 262/1000. Step time: 2453.4ms.
   [Vectorized MCTS] Step 450: 64 games active. Completed: 263/1000. Step time: 2481.2ms.
   [Vectorized MCTS] Step 455: 64 games active. Completed: 264/1000. Step time: 2442.9ms.
   [Vectorized MCTS] Step 460: 64 games active. Completed: 267/1000. Step time: 2425.4ms.
   [Vectorized MCTS] Step 465: 64 games active. Completed: 271/1000. Step time: 2381.2ms.
   [Vectorized MCTS] Step 470: 64 games active. Completed: 275/1000. Step time: 2378.7ms.
   [Vectorized MCTS] Step 475: 64 games active. Completed: 283/1000. Step time: 2467.4ms.
   [Vectorized MCTS] Step 480: 64 games active. Completed: 286/1000. Step time: 2489.2ms.
   [Vectorized MCTS] Step 485: 64 games active. Completed: 292/1000. Step time: 2474.4ms.
   [Vectorized MCTS] Step 490: 64 games active. Completed: 293/1000. Step time: 2525.9ms.
   [Vectorized MCTS] Step 495: 64 games active. Completed: 297/1000. Step time: 2483.5ms.
   [Vectorized MCTS] Step 500: 64 games active. Completed: 301/1000. Step time: 2486.0ms.
   [Vectorized MCTS] Step 505: 64 games active. Completed: 303/1000. Step time: 2440.3ms.
   [Vectorized MCTS] Step 510: 64 games active. Completed: 306/1000. Step time: 2409.5ms.
   [Vectorized MCTS] Step 515: 64 games active. Completed: 308/1000. Step time: 2407.8ms.
   [Vectorized MCTS] Step 520: 64 games active. Completed: 311/1000. Step time: 2454.2ms.
   [Vectorized MCTS] Step 525: 64 games active. Completed: 313/1000. Step time: 2460.4ms.
   [Vectorized MCTS] Step 530: 64 games active. Completed: 317/1000. Step time: 2431.0ms.
   [Vectorized MCTS] Step 535: 64 games active. Completed: 324/1000. Step time: 2609.6ms.
   [Vectorized MCTS] Step 540: 64 games active. Completed: 328/1000. Step time: 2427.9ms.
   [Vectorized MCTS] Step 545: 64 games active. Completed: 332/1000. Step time: 2468.9ms.
   [Vectorized MCTS] Step 550: 64 games active. Completed: 334/1000. Step time: 2497.2ms.
   [Vectorized MCTS] Step 555: 64 games active. Completed: 336/1000. Step time: 2442.6ms.
   [Vectorized MCTS] Step 560: 64 games active. Completed: 338/1000. Step time: 2435.0ms.
   [Vectorized MCTS] Step 565: 64 games active. Completed: 341/1000. Step time: 2424.6ms.
   [Vectorized MCTS] Step 570: 64 games active. Completed: 343/1000. Step time: 2420.3ms.
   [Vectorized MCTS] Step 575: 64 games active. Completed: 348/1000. Step time: 2434.1ms.
   [Vectorized MCTS] Step 580: 64 games active. Completed: 350/1000. Step time: 2463.5ms.
   [Vectorized MCTS] Step 585: 64 games active. Completed: 351/1000. Step time: 2465.1ms.
   [Vectorized MCTS] Step 590: 64 games active. Completed: 352/1000. Step time: 2588.3ms.
   [Vectorized MCTS] Step 595: 64 games active. Completed: 356/1000. Step time: 2517.3ms.
   [Vectorized MCTS] Step 600: 64 games active. Completed: 358/1000. Step time: 2511.8ms.
   [Vectorized MCTS] Step 605: 64 games active. Completed: 360/1000. Step time: 2398.3ms.
   [Vectorized MCTS] Step 610: 64 games active. Completed: 364/1000. Step time: 2418.9ms.
   [Vectorized MCTS] Step 615: 64 games active. Completed: 368/1000. Step time: 2401.1ms.
   [Vectorized MCTS] Step 620: 64 games active. Completed: 370/1000. Step time: 2419.9ms.
   [Vectorized MCTS] Step 625: 64 games active. Completed: 375/1000. Step time: 2409.4ms.
   [Vectorized MCTS] Step 630: 64 games active. Completed: 378/1000. Step time: 2477.3ms.
   [Vectorized MCTS] Step 635: 64 games active. Completed: 381/1000. Step time: 2507.5ms.
   [Vectorized MCTS] Step 640: 64 games active. Completed: 388/1000. Step time: 2471.8ms.
   [Vectorized MCTS] Step 645: 64 games active. Completed: 389/1000. Step time: 2416.2ms.
   [Vectorized MCTS] Step 650: 64 games active. Completed: 390/1000. Step time: 2435.7ms.
   [Vectorized MCTS] Step 655: 64 games active. Completed: 392/1000. Step time: 2391.6ms.
   [Vectorized MCTS] Step 660: 64 games active. Completed: 396/1000. Step time: 2443.7ms.
   [Vectorized MCTS] Step 665: 64 games active. Completed: 398/1000. Step time: 2398.2ms.
   [Vectorized MCTS] Step 670: 64 games active. Completed: 400/1000. Step time: 2371.0ms.
   [Vectorized MCTS] Step 675: 64 games active. Completed: 402/1000. Step time: 2408.1ms.
   [Vectorized MCTS] Step 680: 64 games active. Completed: 404/1000. Step time: 2570.7ms.
   [Vectorized MCTS] Step 685: 64 games active. Completed: 407/1000. Step time: 2486.4ms.
   [Vectorized MCTS] Step 690: 64 games active. Completed: 411/1000. Step time: 2593.1ms.
   [Vectorized MCTS] Step 695: 64 games active. Completed: 415/1000. Step time: 2486.8ms.
   [Vectorized MCTS] Step 700: 64 games active. Completed: 420/1000. Step time: 2410.4ms.
   [Vectorized MCTS] Step 705: 64 games active. Completed: 422/1000. Step time: 2497.2ms.
   [Vectorized MCTS] Step 710: 64 games active. Completed: 425/1000. Step time: 2427.0ms.
   [Vectorized MCTS] Step 715: 64 games active. Completed: 426/1000. Step time: 2427.0ms.
   [Vectorized MCTS] Step 720: 64 games active. Completed: 427/1000. Step time: 2458.3ms.
   [Vectorized MCTS] Step 725: 64 games active. Completed: 429/1000. Step time: 2528.8ms.
   [Vectorized MCTS] Step 730: 64 games active. Completed: 432/1000. Step time: 2528.8ms.
   [Vectorized MCTS] Step 735: 64 games active. Completed: 432/1000. Step time: 2570.5ms.
   [Vectorized MCTS] Step 740: 64 games active. Completed: 435/1000. Step time: 2498.2ms.
   [Vectorized MCTS] Step 745: 64 games active. Completed: 438/1000. Step time: 2487.0ms.
   [Vectorized MCTS] Step 750: 64 games active. Completed: 442/1000. Step time: 2522.9ms.
   [Vectorized MCTS] Step 755: 64 games active. Completed: 443/1000. Step time: 2505.8ms.
   [Vectorized MCTS] Step 760: 64 games active. Completed: 445/1000. Step time: 2456.8ms.
   [Vectorized MCTS] Step 765: 64 games active. Completed: 450/1000. Step time: 2475.5ms.
   [Vectorized MCTS] Step 770: 64 games active. Completed: 453/1000. Step time: 2461.3ms.
   [Vectorized MCTS] Step 775: 64 games active. Completed: 457/1000. Step time: 2423.0ms.
   [Vectorized MCTS] Step 780: 64 games active. Completed: 462/1000. Step time: 2533.0ms.
   [Vectorized MCTS] Step 785: 64 games active. Completed: 464/1000. Step time: 2530.5ms.
   [Vectorized MCTS] Step 790: 64 games active. Completed: 469/1000. Step time: 2472.7ms.
   [Vectorized MCTS] Step 795: 64 games active. Completed: 469/1000. Step time: 2521.2ms.
   [Vectorized MCTS] Step 800: 64 games active. Completed: 472/1000. Step time: 2473.7ms.
   [Vectorized MCTS] Step 805: 64 games active. Completed: 473/1000. Step time: 2397.0ms.
   [Vectorized MCTS] Step 810: 64 games active. Completed: 475/1000. Step time: 2451.8ms.
   [Vectorized MCTS] Step 815: 64 games active. Completed: 478/1000. Step time: 2425.1ms.
   [Vectorized MCTS] Step 820: 64 games active. Completed: 482/1000. Step time: 2431.8ms.
   [Vectorized MCTS] Step 825: 64 games active. Completed: 487/1000. Step time: 2521.4ms.
   [Vectorized MCTS] Step 830: 64 games active. Completed: 495/1000. Step time: 2476.2ms.
   [Vectorized MCTS] Step 835: 64 games active. Completed: 499/1000. Step time: 2605.9ms.
   [Vectorized MCTS] Step 840: 64 games active. Completed: 503/1000. Step time: 2509.2ms.
   [Vectorized MCTS] Step 845: 64 games active. Completed: 505/1000. Step time: 2443.6ms.
   [Vectorized MCTS] Step 850: 64 games active. Completed: 509/1000. Step time: 2450.0ms.
   [Vectorized MCTS] Step 855: 64 games active. Completed: 512/1000. Step time: 2425.2ms.
   [Vectorized MCTS] Step 860: 64 games active. Completed: 515/1000. Step time: 2436.0ms.
   [Vectorized MCTS] Step 865: 64 games active. Completed: 518/1000. Step time: 2496.0ms.
   [Vectorized MCTS] Step 870: 64 games active. Completed: 523/1000. Step time: 2473.4ms.
   [Vectorized MCTS] Step 875: 64 games active. Completed: 525/1000. Step time: 2474.2ms.
   [Vectorized MCTS] Step 880: 64 games active. Completed: 531/1000. Step time: 2552.3ms.
   [Vectorized MCTS] Step 885: 64 games active. Completed: 536/1000. Step time: 2483.6ms.
   [Vectorized MCTS] Step 890: 64 games active. Completed: 540/1000. Step time: 2454.6ms.
   [Vectorized MCTS] Step 895: 64 games active. Completed: 542/1000. Step time: 2402.3ms.
   [Vectorized MCTS] Step 900: 64 games active. Completed: 543/1000. Step time: 2410.2ms.
   [Vectorized MCTS] Step 905: 64 games active. Completed: 546/1000. Step time: 2422.3ms.
   [Vectorized MCTS] Step 910: 64 games active. Completed: 547/1000. Step time: 2404.1ms.
   [Vectorized MCTS] Step 915: 64 games active. Completed: 548/1000. Step time: 2435.1ms.
   [Vectorized MCTS] Step 920: 64 games active. Completed: 550/1000. Step time: 2419.2ms.
   [Vectorized MCTS] Step 925: 64 games active. Completed: 551/1000. Step time: 2598.8ms.
   [Vectorized MCTS] Step 930: 64 games active. Completed: 554/1000. Step time: 2532.1ms.
   [Vectorized MCTS] Step 935: 64 games active. Completed: 559/1000. Step time: 2487.8ms.
   [Vectorized MCTS] Step 940: 64 games active. Completed: 563/1000. Step time: 2420.8ms.
   [Vectorized MCTS] Step 945: 64 games active. Completed: 567/1000. Step time: 2410.4ms.
   [Vectorized MCTS] Step 950: 64 games active. Completed: 571/1000. Step time: 2416.8ms.
   [Vectorized MCTS] Step 955: 64 games active. Completed: 573/1000. Step time: 2458.7ms.
   [Vectorized MCTS] Step 960: 64 games active. Completed: 578/1000. Step time: 2478.9ms.
   [Vectorized MCTS] Step 965: 64 games active. Completed: 584/1000. Step time: 2472.5ms.
   [Vectorized MCTS] Step 970: 64 games active. Completed: 589/1000. Step time: 2492.8ms.
   [Vectorized MCTS] Step 975: 64 games active. Completed: 590/1000. Step time: 2457.0ms.
   [Vectorized MCTS] Step 980: 64 games active. Completed: 592/1000. Step time: 2497.6ms.
   [Vectorized MCTS] Step 985: 64 games active. Completed: 594/1000. Step time: 2402.2ms.
   [Vectorized MCTS] Step 990: 64 games active. Completed: 599/1000. Step time: 2408.6ms.
   [Vectorized MCTS] Step 995: 64 games active. Completed: 603/1000. Step time: 2449.9ms.
   [Vectorized MCTS] Step 1000: 64 games active. Completed: 609/1000. Step time: 2416.9ms.
   [Vectorized MCTS] Step 1005: 64 games active. Completed: 612/1000. Step time: 2450.4ms.
   [Vectorized MCTS] Step 1010: 64 games active. Completed: 617/1000. Step time: 2396.7ms.
   [Vectorized MCTS] Step 1015: 64 games active. Completed: 620/1000. Step time: 2438.6ms.
   [Vectorized MCTS] Step 1020: 64 games active. Completed: 622/1000. Step time: 2417.2ms.
   [Vectorized MCTS] Step 1025: 64 games active. Completed: 626/1000. Step time: 2520.8ms.
   [Vectorized MCTS] Step 1030: 64 games active. Completed: 627/1000. Step time: 2499.8ms.
   [Vectorized MCTS] Step 1035: 64 games active. Completed: 631/1000. Step time: 2450.0ms.
   [Vectorized MCTS] Step 1040: 64 games active. Completed: 633/1000. Step time: 2445.9ms.
   [Vectorized MCTS] Step 1045: 64 games active. Completed: 635/1000. Step time: 2410.6ms.
   [Vectorized MCTS] Step 1050: 64 games active. Completed: 637/1000. Step time: 2383.5ms.
   [Vectorized MCTS] Step 1055: 64 games active. Completed: 642/1000. Step time: 2436.3ms.
   [Vectorized MCTS] Step 1060: 64 games active. Completed: 644/1000. Step time: 2488.3ms.
   [Vectorized MCTS] Step 1065: 64 games active. Completed: 648/1000. Step time: 2450.0ms.
   [Vectorized MCTS] Step 1070: 64 games active. Completed: 651/1000. Step time: 2585.8ms.
   [Vectorized MCTS] Step 1075: 64 games active. Completed: 657/1000. Step time: 2510.6ms.
   [Vectorized MCTS] Step 1080: 64 games active. Completed: 659/1000. Step time: 2516.7ms.
   [Vectorized MCTS] Step 1085: 64 games active. Completed: 663/1000. Step time: 2443.3ms.
   [Vectorized MCTS] Step 1090: 64 games active. Completed: 665/1000. Step time: 2458.3ms.
   [Vectorized MCTS] Step 1095: 64 games active. Completed: 672/1000. Step time: 2430.9ms.
   [Vectorized MCTS] Step 1100: 64 games active. Completed: 674/1000. Step time: 2421.5ms.
   [Vectorized MCTS] Step 1105: 64 games active. Completed: 677/1000. Step time: 2526.0ms.
   [Vectorized MCTS] Step 1110: 64 games active. Completed: 679/1000. Step time: 2525.5ms.
   [Vectorized MCTS] Step 1115: 64 games active. Completed: 679/1000. Step time: 2630.3ms.
   [Vectorized MCTS] Step 1120: 64 games active. Completed: 681/1000. Step time: 2589.7ms.
   [Vectorized MCTS] Step 1125: 64 games active. Completed: 684/1000. Step time: 2542.0ms.
   [Vectorized MCTS] Step 1130: 64 games active. Completed: 686/1000. Step time: 2440.1ms.
   [Vectorized MCTS] Step 1135: 64 games active. Completed: 692/1000. Step time: 2523.1ms.
   [Vectorized MCTS] Step 1140: 64 games active. Completed: 693/1000. Step time: 2439.3ms.
   [Vectorized MCTS] Step 1145: 64 games active. Completed: 696/1000. Step time: 2456.2ms.
   [Vectorized MCTS] Step 1150: 64 games active. Completed: 698/1000. Step time: 2453.3ms.
   [Vectorized MCTS] Step 1155: 64 games active. Completed: 702/1000. Step time: 2400.7ms.
   [Vectorized MCTS] Step 1160: 64 games active. Completed: 705/1000. Step time: 2555.6ms.
   [Vectorized MCTS] Step 1165: 64 games active. Completed: 706/1000. Step time: 2548.6ms.
   [Vectorized MCTS] Step 1170: 64 games active. Completed: 708/1000. Step time: 2541.8ms.
   [Vectorized MCTS] Step 1175: 64 games active. Completed: 713/1000. Step time: 2429.8ms.
   [Vectorized MCTS] Step 1180: 64 games active. Completed: 716/1000. Step time: 2421.6ms.
   [Vectorized MCTS] Step 1185: 64 games active. Completed: 716/1000. Step time: 2451.6ms.
   [Vectorized MCTS] Step 1190: 64 games active. Completed: 719/1000. Step time: 2414.6ms.
   [Vectorized MCTS] Step 1195: 64 games active. Completed: 723/1000. Step time: 2511.7ms.
   [Vectorized MCTS] Step 1200: 64 games active. Completed: 728/1000. Step time: 2443.0ms.
   [Vectorized MCTS] Step 1205: 64 games active. Completed: 730/1000. Step time: 2429.5ms.
   [Vectorized MCTS] Step 1210: 64 games active. Completed: 736/1000. Step time: 2458.4ms.
   [Vectorized MCTS] Step 1215: 64 games active. Completed: 739/1000. Step time: 2570.9ms.
   [Vectorized MCTS] Step 1220: 64 games active. Completed: 742/1000. Step time: 2500.1ms.
   [Vectorized MCTS] Step 1225: 64 games active. Completed: 742/1000. Step time: 2525.1ms.
   [Vectorized MCTS] Step 1230: 64 games active. Completed: 744/1000. Step time: 2436.8ms.
   [Vectorized MCTS] Step 1235: 64 games active. Completed: 745/1000. Step time: 2487.7ms.
   [Vectorized MCTS] Step 1240: 64 games active. Completed: 749/1000. Step time: 2451.9ms.
   [Vectorized MCTS] Step 1245: 64 games active. Completed: 753/1000. Step time: 2456.3ms.
   [Vectorized MCTS] Step 1250: 64 games active. Completed: 753/1000. Step time: 2421.5ms.
   [Vectorized MCTS] Step 1255: 64 games active. Completed: 756/1000. Step time: 2457.3ms.
   [Vectorized MCTS] Step 1260: 64 games active. Completed: 760/1000. Step time: 2406.6ms.
   [Vectorized MCTS] Step 1265: 64 games active. Completed: 764/1000. Step time: 2528.5ms.
   [Vectorized MCTS] Step 1270: 64 games active. Completed: 769/1000. Step time: 2548.0ms.
   [Vectorized MCTS] Step 1275: 64 games active. Completed: 773/1000. Step time: 2505.8ms.
   [Vectorized MCTS] Step 1280: 64 games active. Completed: 778/1000. Step time: 2441.5ms.
   [Vectorized MCTS] Step 1285: 64 games active. Completed: 778/1000. Step time: 2466.0ms.
   [Vectorized MCTS] Step 1290: 64 games active. Completed: 779/1000. Step time: 2410.6ms.
   [Vectorized MCTS] Step 1295: 64 games active. Completed: 782/1000. Step time: 2428.9ms.
   [Vectorized MCTS] Step 1300: 64 games active. Completed: 784/1000. Step time: 2454.3ms.
   [Vectorized MCTS] Step 1305: 64 games active. Completed: 789/1000. Step time: 2475.1ms.
   [Vectorized MCTS] Step 1310: 64 games active. Completed: 793/1000. Step time: 2416.4ms.
   [Vectorized MCTS] Step 1315: 64 games active. Completed: 796/1000. Step time: 2530.1ms.
   [Vectorized MCTS] Step 1320: 64 games active. Completed: 799/1000. Step time: 2482.8ms.
   [Vectorized MCTS] Step 1325: 64 games active. Completed: 802/1000. Step time: 2437.7ms.
   [Vectorized MCTS] Step 1330: 64 games active. Completed: 806/1000. Step time: 2427.1ms.
   [Vectorized MCTS] Step 1335: 64 games active. Completed: 811/1000. Step time: 2419.0ms.
   [Vectorized MCTS] Step 1340: 64 games active. Completed: 817/1000. Step time: 2399.8ms.
   [Vectorized MCTS] Step 1345: 64 games active. Completed: 820/1000. Step time: 2412.3ms.
   [Vectorized MCTS] Step 1350: 64 games active. Completed: 821/1000. Step time: 2429.1ms.
   [Vectorized MCTS] Step 1355: 64 games active. Completed: 822/1000. Step time: 2423.2ms.
   [Vectorized MCTS] Step 1360: 64 games active. Completed: 826/1000. Step time: 2534.8ms.
   [Vectorized MCTS] Step 1365: 64 games active. Completed: 829/1000. Step time: 2471.5ms.
   [Vectorized MCTS] Step 1370: 64 games active. Completed: 832/1000. Step time: 2492.7ms.
   [Vectorized MCTS] Step 1375: 64 games active. Completed: 835/1000. Step time: 2407.1ms.
   [Vectorized MCTS] Step 1380: 64 games active. Completed: 837/1000. Step time: 2387.9ms.
   [Vectorized MCTS] Step 1385: 64 games active. Completed: 839/1000. Step time: 2390.9ms.
   [Vectorized MCTS] Step 1390: 64 games active. Completed: 841/1000. Step time: 2429.7ms.
   [Vectorized MCTS] Step 1395: 64 games active. Completed: 848/1000. Step time: 2422.4ms.
   [Vectorized MCTS] Step 1400: 64 games active. Completed: 850/1000. Step time: 2519.9ms.
   [Vectorized MCTS] Step 1405: 64 games active. Completed: 853/1000. Step time: 2539.0ms.
   [Vectorized MCTS] Step 1410: 64 games active. Completed: 856/1000. Step time: 2511.6ms.
   [Vectorized MCTS] Step 1415: 64 games active. Completed: 858/1000. Step time: 2561.3ms.
   [Vectorized MCTS] Step 1420: 64 games active. Completed: 864/1000. Step time: 2532.1ms.
   [Vectorized MCTS] Step 1425: 64 games active. Completed: 868/1000. Step time: 2486.5ms.
   [Vectorized MCTS] Step 1430: 64 games active. Completed: 870/1000. Step time: 2423.2ms.
   [Vectorized MCTS] Step 1435: 64 games active. Completed: 870/1000. Step time: 2506.9ms.
   [Vectorized MCTS] Step 1440: 64 games active. Completed: 876/1000. Step time: 2467.2ms.
   [Vectorized MCTS] Step 1445: 64 games active. Completed: 881/1000. Step time: 2423.2ms.
   [Vectorized MCTS] Step 1450: 64 games active. Completed: 883/1000. Step time: 2478.6ms.
   [Vectorized MCTS] Step 1455: 64 games active. Completed: 886/1000. Step time: 2527.1ms.
   [Vectorized MCTS] Step 1460: 64 games active. Completed: 890/1000. Step time: 2548.9ms.
   [Vectorized MCTS] Step 1465: 64 games active. Completed: 892/1000. Step time: 2525.7ms.
   [Vectorized MCTS] Step 1470: 64 games active. Completed: 896/1000. Step time: 2504.2ms.
   [Vectorized MCTS] Step 1475: 64 games active. Completed: 897/1000. Step time: 2432.1ms.
   [Vectorized MCTS] Step 1480: 64 games active. Completed: 902/1000. Step time: 2468.4ms.
   [Vectorized MCTS] Step 1485: 64 games active. Completed: 905/1000. Step time: 2453.6ms.
   [Vectorized MCTS] Step 1490: 64 games active. Completed: 909/1000. Step time: 2423.6ms.
   [Vectorized MCTS] Step 1495: 64 games active. Completed: 910/1000. Step time: 2457.3ms.
   [Vectorized MCTS] Step 1500: 64 games active. Completed: 915/1000. Step time: 2532.2ms.
   [Vectorized MCTS] Step 1505: 64 games active. Completed: 919/1000. Step time: 2571.6ms.
   [Vectorized MCTS] Step 1510: 64 games active. Completed: 924/1000. Step time: 2490.2ms.
   [Vectorized MCTS] Step 1515: 64 games active. Completed: 926/1000. Step time: 2583.7ms.
   [Vectorized MCTS] Step 1520: 64 games active. Completed: 930/1000. Step time: 2475.0ms.
   [Vectorized MCTS] Step 1525: 64 games active. Completed: 932/1000. Step time: 2483.5ms.
   [Vectorized MCTS] Step 1530: 64 games active. Completed: 935/1000. Step time: 2494.7ms.
   [Vectorized MCTS] Step 1535: 63 games active. Completed: 937/1000. Step time: 2449.3ms.
   [Vectorized MCTS] Step 1540: 61 games active. Completed: 939/1000. Step time: 2492.1ms.
   [Vectorized MCTS] Step 1545: 57 games active. Completed: 943/1000. Step time: 2417.8ms.
   [Vectorized MCTS] Step 1550: 53 games active. Completed: 947/1000. Step time: 2281.6ms.
   [Vectorized MCTS] Step 1555: 49 games active. Completed: 951/1000. Step time: 2087.0ms.
   [Vectorized MCTS] Step 1560: 46 games active. Completed: 954/1000. Step time: 1693.2ms.
   [Vectorized MCTS] Step 1565: 46 games active. Completed: 954/1000. Step time: 1858.3ms.
   [Vectorized MCTS] Step 1570: 42 games active. Completed: 958/1000. Step time: 1660.3ms.
   [Vectorized MCTS] Step 1575: 40 games active. Completed: 960/1000. Step time: 1608.1ms.
   [Vectorized MCTS] Step 1580: 37 games active. Completed: 963/1000. Step time: 1548.7ms.
   [Vectorized MCTS] Step 1585: 35 games active. Completed: 965/1000. Step time: 1440.1ms.
   [Vectorized MCTS] Step 1590: 33 games active. Completed: 967/1000. Step time: 1358.3ms.
   [Vectorized MCTS] Step 1595: 25 games active. Completed: 975/1000. Step time: 1079.0ms.
   [Vectorized MCTS] Step 1600: 25 games active. Completed: 975/1000. Step time: 1052.6ms.
   [Vectorized MCTS] Step 1605: 24 games active. Completed: 976/1000. Step time: 1039.0ms.
   [Vectorized MCTS] Step 1610: 22 games active. Completed: 978/1000. Step time: 973.3ms.
   [Vectorized MCTS] Step 1615: 21 games active. Completed: 979/1000. Step time: 951.0ms.
   [Vectorized MCTS] Step 1620: 18 games active. Completed: 982/1000. Step time: 799.6ms.
   [Vectorized MCTS] Step 1625: 15 games active. Completed: 985/1000. Step time: 707.7ms.
   [Vectorized MCTS] Step 1630: 15 games active. Completed: 985/1000. Step time: 719.9ms.
   [Vectorized MCTS] Step 1635: 11 games active. Completed: 989/1000. Step time: 567.7ms.
   [Vectorized MCTS] Step 1640: 09 games active. Completed: 991/1000. Step time: 465.5ms.
   [Vectorized MCTS] Step 1645: 09 games active. Completed: 991/1000. Step time: 468.1ms.
   [Vectorized MCTS] Step 1650: 08 games active. Completed: 992/1000. Step time: 454.7ms.
   [Vectorized MCTS] Step 1655: 06 games active. Completed: 994/1000. Step time: 408.6ms.
   [Vectorized MCTS] Step 1660: 06 games active. Completed: 994/1000. Step time: 397.7ms.
   [Vectorized MCTS] Step 1665: 06 games active. Completed: 994/1000. Step time: 398.3ms.
   [Vectorized MCTS] Step 1670: 05 games active. Completed: 995/1000. Step time: 393.0ms.
   [Vectorized MCTS] Step 1675: 05 games active. Completed: 995/1000. Step time: 392.9ms.
   [Vectorized MCTS] Step 1680: 05 games active. Completed: 995/1000. Step time: 401.1ms.
   [Vectorized MCTS] Step 1685: 05 games active. Completed: 995/1000. Step time: 394.7ms.
   [Vectorized MCTS] Step 1690: 04 games active. Completed: 996/1000. Step time: 361.0ms.
   [Vectorized MCTS] Step 1695: 04 games active. Completed: 996/1000. Step time: 357.8ms.
   [Vectorized MCTS] Step 1700: 04 games active. Completed: 996/1000. Step time: 358.2ms.
   [Vectorized MCTS] Step 1705: 04 games active. Completed: 996/1000. Step time: 356.3ms.
   [Vectorized MCTS] Step 1710: 04 games active. Completed: 996/1000. Step time: 353.0ms.
   [Vectorized MCTS] Step 1715: 03 games active. Completed: 997/1000. Step time: 319.8ms.
   [Vectorized MCTS] Step 1720: 03 games active. Completed: 997/1000. Step time: 313.9ms.
   [Vectorized MCTS] Step 1725: 03 games active. Completed: 997/1000. Step time: 315.0ms.
   [Vectorized MCTS] Step 1730: 02 games active. Completed: 998/1000. Step time: 291.9ms.
   [Vectorized MCTS] Step 1735: 02 games active. Completed: 998/1000. Step time: 301.4ms.
   [Vectorized MCTS] Step 1740: 02 games active. Completed: 998/1000. Step time: 293.8ms.
   [Vectorized MCTS] Step 1745: 02 games active. Completed: 998/1000. Step time: 295.2ms.
   [Vectorized MCTS] Step 1750: 02 games active. Completed: 998/1000. Step time: 289.9ms.
   [Vectorized MCTS] Step 1755: 02 games active. Completed: 998/1000. Step time: 288.4ms.
   [Vectorized MCTS] Step 1760: 01 games active. Completed: 999/1000. Step time: 262.5ms.
   [Vectorized MCTS] Step 1762: 00 games active. Completed: 1000/1000. Step time: 252.5ms.

Collection completed in 4454.1 seconds (4.454s/game average).
