Starting self-play collection using /Users/nilbot/playground/autogo-mlx/experiments/001_train_from_scratch/checkpoints/iter5.safetensors
--> Progressive sims enabled. Iteration 5 -> 32 simulations.
Config: num-games=1000, simulations=32, workers=8
--> Starting pool-swapping selfplay for all 1000 games with max_active_games=64...
   [Vectorized MCTS] Step 001: 64 games active. Completed: 0/1000. Step time: 2146.2ms.
   [Vectorized MCTS] Step 005: 64 games active. Completed: 0/1000. Step time: 2479.0ms.
   [Vectorized MCTS] Step 010: 64 games active. Completed: 0/1000. Step time: 2545.9ms.
   [Vectorized MCTS] Step 015: 64 games active. Completed: 0/1000. Step time: 2416.0ms.
   [Vectorized MCTS] Step 020: 64 games active. Completed: 0/1000. Step time: 2505.2ms.
   [Vectorized MCTS] Step 025: 64 games active. Completed: 0/1000. Step time: 2409.5ms.
   [Vectorized MCTS] Step 030: 64 games active. Completed: 0/1000. Step time: 2425.7ms.
   [Vectorized MCTS] Step 035: 64 games active. Completed: 0/1000. Step time: 2464.6ms.
   [Vectorized MCTS] Step 040: 64 games active. Completed: 0/1000. Step time: 2600.1ms.
   [Vectorized MCTS] Step 045: 64 games active. Completed: 0/1000. Step time: 2515.1ms.
   [Vectorized MCTS] Step 050: 64 games active. Completed: 0/1000. Step time: 2530.6ms.
   [Vectorized MCTS] Step 055: 64 games active. Completed: 0/1000. Step time: 2456.0ms.
   [Vectorized MCTS] Step 060: 64 games active. Completed: 0/1000. Step time: 2450.6ms.
   [Vectorized MCTS] Step 065: 64 games active. Completed: 6/1000. Step time: 2476.0ms.
   [Vectorized MCTS] Step 070: 64 games active. Completed: 7/1000. Step time: 2453.1ms.
   [Vectorized MCTS] Step 075: 64 games active. Completed: 10/1000. Step time: 2471.3ms.
   [Vectorized MCTS] Step 080: 64 games active. Completed: 16/1000. Step time: 2473.2ms.
   [Vectorized MCTS] Step 085: 64 games active. Completed: 19/1000. Step time: 2550.2ms.
   [Vectorized MCTS] Step 090: 64 games active. Completed: 20/1000. Step time: 2538.6ms.
   [Vectorized MCTS] Step 095: 64 games active. Completed: 22/1000. Step time: 2590.9ms.
   [Vectorized MCTS] Step 100: 64 games active. Completed: 24/1000. Step time: 2551.9ms.
   [Vectorized MCTS] Step 105: 64 games active. Completed: 29/1000. Step time: 2436.4ms.
   [Vectorized MCTS] Step 110: 64 games active. Completed: 31/1000. Step time: 2470.3ms.
   [Vectorized MCTS] Step 115: 64 games active. Completed: 32/1000. Step time: 2445.8ms.
   [Vectorized MCTS] Step 120: 64 games active. Completed: 34/1000. Step time: 2427.5ms.
   [Vectorized MCTS] Step 125: 64 games active. Completed: 37/1000. Step time: 2481.4ms.
   [Vectorized MCTS] Step 130: 64 games active. Completed: 43/1000. Step time: 2518.4ms.
   [Vectorized MCTS] Step 135: 64 games active. Completed: 45/1000. Step time: 2482.3ms.
   [Vectorized MCTS] Step 140: 64 games active. Completed: 48/1000. Step time: 2530.3ms.
   [Vectorized MCTS] Step 145: 64 games active. Completed: 53/1000. Step time: 2509.5ms.
   [Vectorized MCTS] Step 150: 64 games active. Completed: 57/1000. Step time: 2403.9ms.
   [Vectorized MCTS] Step 155: 64 games active. Completed: 59/1000. Step time: 2449.0ms.
   [Vectorized MCTS] Step 160: 64 games active. Completed: 61/1000. Step time: 2395.4ms.
   [Vectorized MCTS] Step 165: 64 games active. Completed: 64/1000. Step time: 2411.0ms.
   [Vectorized MCTS] Step 170: 64 games active. Completed: 66/1000. Step time: 2491.5ms.
   [Vectorized MCTS] Step 175: 64 games active. Completed: 67/1000. Step time: 2500.6ms.
   [Vectorized MCTS] Step 180: 64 games active. Completed: 68/1000. Step time: 2483.0ms.
   [Vectorized MCTS] Step 185: 64 games active. Completed: 71/1000. Step time: 2597.6ms.
   [Vectorized MCTS] Step 190: 64 games active. Completed: 75/1000. Step time: 2517.8ms.
   [Vectorized MCTS] Step 195: 64 games active. Completed: 76/1000. Step time: 2438.8ms.
   [Vectorized MCTS] Step 200: 64 games active. Completed: 76/1000. Step time: 2448.6ms.
   [Vectorized MCTS] Step 205: 64 games active. Completed: 80/1000. Step time: 2458.9ms.
   [Vectorized MCTS] Step 210: 64 games active. Completed: 85/1000. Step time: 2397.2ms.
   [Vectorized MCTS] Step 215: 64 games active. Completed: 86/1000. Step time: 2439.9ms.
   [Vectorized MCTS] Step 220: 64 games active. Completed: 89/1000. Step time: 2527.2ms.
   [Vectorized MCTS] Step 225: 64 games active. Completed: 94/1000. Step time: 2498.4ms.
   [Vectorized MCTS] Step 230: 64 games active. Completed: 96/1000. Step time: 2500.0ms.
   [Vectorized MCTS] Step 235: 64 games active. Completed: 99/1000. Step time: 2492.4ms.
   [Vectorized MCTS] Step 240: 64 games active. Completed: 99/1000. Step time: 2475.5ms.
   [Vectorized MCTS] Step 245: 64 games active. Completed: 102/1000. Step time: 2433.4ms.
   [Vectorized MCTS] Step 250: 64 games active. Completed: 110/1000. Step time: 2490.3ms.
   [Vectorized MCTS] Step 255: 64 games active. Completed: 110/1000. Step time: 2418.0ms.
   [Vectorized MCTS] Step 260: 64 games active. Completed: 111/1000. Step time: 2441.1ms.
   [Vectorized MCTS] Step 265: 64 games active. Completed: 113/1000. Step time: 2465.9ms.
   [Vectorized MCTS] Step 270: 64 games active. Completed: 113/1000. Step time: 2446.7ms.
   [Vectorized MCTS] Step 275: 64 games active. Completed: 113/1000. Step time: 2557.9ms.
   [Vectorized MCTS] Step 280: 64 games active. Completed: 115/1000. Step time: 2534.5ms.
   [Vectorized MCTS] Step 285: 64 games active. Completed: 116/1000. Step time: 2521.9ms.
   [Vectorized MCTS] Step 290: 64 games active. Completed: 117/1000. Step time: 2422.6ms.
   [Vectorized MCTS] Step 295: 64 games active. Completed: 123/1000. Step time: 2542.2ms.
   [Vectorized MCTS] Step 300: 64 games active. Completed: 127/1000. Step time: 2426.8ms.
   [Vectorized MCTS] Step 305: 64 games active. Completed: 131/1000. Step time: 2485.4ms.
   [Vectorized MCTS] Step 310: 64 games active. Completed: 132/1000. Step time: 2522.7ms.
   [Vectorized MCTS] Step 315: 64 games active. Completed: 137/1000. Step time: 2466.4ms.
   [Vectorized MCTS] Step 320: 64 games active. Completed: 143/1000. Step time: 2472.9ms.
   [Vectorized MCTS] Step 325: 64 games active. Completed: 145/1000. Step time: 2516.1ms.
   [Vectorized MCTS] Step 330: 64 games active. Completed: 149/1000. Step time: 2536.4ms.
   [Vectorized MCTS] Step 335: 64 games active. Completed: 150/1000. Step time: 2523.2ms.
   [Vectorized MCTS] Step 340: 64 games active. Completed: 153/1000. Step time: 2613.1ms.
   [Vectorized MCTS] Step 345: 64 games active. Completed: 154/1000. Step time: 2475.4ms.
   [Vectorized MCTS] Step 350: 64 games active. Completed: 155/1000. Step time: 2514.7ms.
   [Vectorized MCTS] Step 355: 64 games active. Completed: 161/1000. Step time: 2528.7ms.
   [Vectorized MCTS] Step 360: 64 games active. Completed: 162/1000. Step time: 2473.0ms.
   [Vectorized MCTS] Step 365: 64 games active. Completed: 164/1000. Step time: 2437.3ms.
   [Vectorized MCTS] Step 370: 64 games active. Completed: 165/1000. Step time: 2472.5ms.
   [Vectorized MCTS] Step 375: 64 games active. Completed: 167/1000. Step time: 2594.2ms.
   [Vectorized MCTS] Step 380: 64 games active. Completed: 171/1000. Step time: 2529.6ms.
   [Vectorized MCTS] Step 385: 64 games active. Completed: 172/1000. Step time: 2597.8ms.
   [Vectorized MCTS] Step 390: 64 games active. Completed: 172/1000. Step time: 2583.3ms.
   [Vectorized MCTS] Step 395: 64 games active. Completed: 176/1000. Step time: 2483.4ms.
   [Vectorized MCTS] Step 400: 64 games active. Completed: 180/1000. Step time: 2478.4ms.
   [Vectorized MCTS] Step 405: 64 games active. Completed: 181/1000. Step time: 2417.5ms.
   [Vectorized MCTS] Step 410: 64 games active. Completed: 181/1000. Step time: 2433.0ms.
   [Vectorized MCTS] Step 415: 64 games active. Completed: 183/1000. Step time: 2482.4ms.
   [Vectorized MCTS] Step 420: 64 games active. Completed: 187/1000. Step time: 2595.6ms.
   [Vectorized MCTS] Step 425: 64 games active. Completed: 191/1000. Step time: 2570.5ms.
   [Vectorized MCTS] Step 430: 64 games active. Completed: 194/1000. Step time: 2618.3ms.
   [Vectorized MCTS] Step 435: 64 games active. Completed: 196/1000. Step time: 2531.7ms.
   [Vectorized MCTS] Step 440: 64 games active. Completed: 202/1000. Step time: 2533.4ms.
   [Vectorized MCTS] Step 445: 64 games active. Completed: 206/1000. Step time: 2445.4ms.
   [Vectorized MCTS] Step 450: 64 games active. Completed: 211/1000. Step time: 2492.5ms.
   [Vectorized MCTS] Step 455: 64 games active. Completed: 213/1000. Step time: 2420.7ms.
   [Vectorized MCTS] Step 460: 64 games active. Completed: 217/1000. Step time: 2416.2ms.
   [Vectorized MCTS] Step 465: 64 games active. Completed: 219/1000. Step time: 2531.6ms.
   [Vectorized MCTS] Step 470: 64 games active. Completed: 219/1000. Step time: 2507.4ms.
   [Vectorized MCTS] Step 475: 64 games active. Completed: 222/1000. Step time: 2535.6ms.
   [Vectorized MCTS] Step 480: 64 games active. Completed: 224/1000. Step time: 2525.0ms.
   [Vectorized MCTS] Step 485: 64 games active. Completed: 228/1000. Step time: 2566.8ms.
   [Vectorized MCTS] Step 490: 64 games active. Completed: 230/1000. Step time: 2483.7ms.
   [Vectorized MCTS] Step 495: 64 games active. Completed: 233/1000. Step time: 2468.9ms.
   [Vectorized MCTS] Step 500: 64 games active. Completed: 234/1000. Step time: 2441.8ms.
   [Vectorized MCTS] Step 505: 64 games active. Completed: 238/1000. Step time: 2413.9ms.
   [Vectorized MCTS] Step 510: 64 games active. Completed: 240/1000. Step time: 2532.3ms.
   [Vectorized MCTS] Step 515: 64 games active. Completed: 240/1000. Step time: 2462.8ms.
   [Vectorized MCTS] Step 520: 64 games active. Completed: 243/1000. Step time: 2447.3ms.
   [Vectorized MCTS] Step 525: 64 games active. Completed: 248/1000. Step time: 2440.8ms.
   [Vectorized MCTS] Step 530: 64 games active. Completed: 249/1000. Step time: 2544.2ms.
   [Vectorized MCTS] Step 535: 64 games active. Completed: 253/1000. Step time: 2478.3ms.
   [Vectorized MCTS] Step 540: 64 games active. Completed: 254/1000. Step time: 2499.3ms.
   [Vectorized MCTS] Step 545: 64 games active. Completed: 255/1000. Step time: 2498.7ms.
   [Vectorized MCTS] Step 550: 64 games active. Completed: 257/1000. Step time: 2472.9ms.
   [Vectorized MCTS] Step 555: 64 games active. Completed: 258/1000. Step time: 2551.7ms.
   [Vectorized MCTS] Step 560: 64 games active. Completed: 260/1000. Step time: 2471.0ms.
   [Vectorized MCTS] Step 565: 64 games active. Completed: 264/1000. Step time: 2428.3ms.
   [Vectorized MCTS] Step 570: 64 games active. Completed: 269/1000. Step time: 2428.9ms.
   [Vectorized MCTS] Step 575: 64 games active. Completed: 272/1000. Step time: 2540.8ms.
   [Vectorized MCTS] Step 580: 64 games active. Completed: 274/1000. Step time: 2489.3ms.
   [Vectorized MCTS] Step 585: 64 games active. Completed: 275/1000. Step time: 2530.1ms.
   [Vectorized MCTS] Step 590: 64 games active. Completed: 279/1000. Step time: 2519.1ms.
   [Vectorized MCTS] Step 595: 64 games active. Completed: 282/1000. Step time: 2460.2ms.
   [Vectorized MCTS] Step 600: 64 games active. Completed: 284/1000. Step time: 2518.9ms.
   [Vectorized MCTS] Step 605: 64 games active. Completed: 288/1000. Step time: 2434.1ms.
   [Vectorized MCTS] Step 610: 64 games active. Completed: 289/1000. Step time: 2398.3ms.
   [Vectorized MCTS] Step 615: 64 games active. Completed: 290/1000. Step time: 2438.9ms.
   [Vectorized MCTS] Step 620: 64 games active. Completed: 291/1000. Step time: 2480.1ms.
   [Vectorized MCTS] Step 625: 64 games active. Completed: 292/1000. Step time: 2498.3ms.
   [Vectorized MCTS] Step 630: 64 games active. Completed: 298/1000. Step time: 2567.4ms.
   [Vectorized MCTS] Step 635: 64 games active. Completed: 299/1000. Step time: 2481.1ms.
   [Vectorized MCTS] Step 640: 64 games active. Completed: 302/1000. Step time: 2415.6ms.
   [Vectorized MCTS] Step 645: 64 games active. Completed: 306/1000. Step time: 2452.7ms.
   [Vectorized MCTS] Step 650: 64 games active. Completed: 309/1000. Step time: 2489.6ms.
   [Vectorized MCTS] Step 655: 64 games active. Completed: 312/1000. Step time: 2465.7ms.
   [Vectorized MCTS] Step 660: 64 games active. Completed: 315/1000. Step time: 2518.9ms.
   [Vectorized MCTS] Step 665: 64 games active. Completed: 318/1000. Step time: 2478.7ms.
   [Vectorized MCTS] Step 670: 64 games active. Completed: 318/1000. Step time: 2579.8ms.
   [Vectorized MCTS] Step 675: 64 games active. Completed: 319/1000. Step time: 2687.8ms.
   [Vectorized MCTS] Step 680: 64 games active. Completed: 324/1000. Step time: 2577.6ms.
   [Vectorized MCTS] Step 685: 64 games active. Completed: 327/1000. Step time: 2546.5ms.
   [Vectorized MCTS] Step 690: 64 games active. Completed: 329/1000. Step time: 2475.2ms.
   [Vectorized MCTS] Step 695: 64 games active. Completed: 335/1000. Step time: 2498.6ms.
   [Vectorized MCTS] Step 700: 64 games active. Completed: 337/1000. Step time: 2427.8ms.
   [Vectorized MCTS] Step 705: 64 games active. Completed: 340/1000. Step time: 2518.1ms.
   [Vectorized MCTS] Step 710: 64 games active. Completed: 342/1000. Step time: 2537.6ms.
   [Vectorized MCTS] Step 715: 64 games active. Completed: 345/1000. Step time: 2518.0ms.
   [Vectorized MCTS] Step 720: 64 games active. Completed: 349/1000. Step time: 2540.4ms.
   [Vectorized MCTS] Step 725: 64 games active. Completed: 353/1000. Step time: 2523.1ms.
   [Vectorized MCTS] Step 730: 64 games active. Completed: 354/1000. Step time: 2523.5ms.
   [Vectorized MCTS] Step 735: 64 games active. Completed: 355/1000. Step time: 2466.1ms.
   [Vectorized MCTS] Step 740: 64 games active. Completed: 356/1000. Step time: 2557.9ms.
   [Vectorized MCTS] Step 745: 64 games active. Completed: 359/1000. Step time: 2472.6ms.
   [Vectorized MCTS] Step 750: 64 games active. Completed: 360/1000. Step time: 2470.6ms.
   [Vectorized MCTS] Step 755: 64 games active. Completed: 364/1000. Step time: 2504.5ms.
   [Vectorized MCTS] Step 760: 64 games active. Completed: 366/1000. Step time: 2431.1ms.
   [Vectorized MCTS] Step 765: 64 games active. Completed: 368/1000. Step time: 2477.5ms.
   [Vectorized MCTS] Step 770: 64 games active. Completed: 372/1000. Step time: 2536.9ms.
   [Vectorized MCTS] Step 775: 64 games active. Completed: 374/1000. Step time: 2516.9ms.
   [Vectorized MCTS] Step 780: 64 games active. Completed: 380/1000. Step time: 2483.3ms.
   [Vectorized MCTS] Step 785: 64 games active. Completed: 383/1000. Step time: 2529.5ms.
   [Vectorized MCTS] Step 790: 64 games active. Completed: 385/1000. Step time: 2434.7ms.
   [Vectorized MCTS] Step 795: 64 games active. Completed: 387/1000. Step time: 2437.3ms.
   [Vectorized MCTS] Step 800: 64 games active. Completed: 390/1000. Step time: 2441.4ms.
   [Vectorized MCTS] Step 805: 64 games active. Completed: 393/1000. Step time: 2429.3ms.
   [Vectorized MCTS] Step 810: 64 games active. Completed: 397/1000. Step time: 2419.7ms.
   [Vectorized MCTS] Step 815: 64 games active. Completed: 401/1000. Step time: 2465.8ms.
   [Vectorized MCTS] Step 820: 64 games active. Completed: 402/1000. Step time: 2482.6ms.
   [Vectorized MCTS] Step 825: 64 games active. Completed: 403/1000. Step time: 2443.1ms.
   [Vectorized MCTS] Step 830: 64 games active. Completed: 406/1000. Step time: 2500.4ms.
   [Vectorized MCTS] Step 835: 64 games active. Completed: 407/1000. Step time: 2451.7ms.
   [Vectorized MCTS] Step 840: 64 games active. Completed: 411/1000. Step time: 2473.3ms.
   [Vectorized MCTS] Step 845: 64 games active. Completed: 413/1000. Step time: 2503.6ms.
   [Vectorized MCTS] Step 850: 64 games active. Completed: 420/1000. Step time: 2424.4ms.
   [Vectorized MCTS] Step 855: 64 games active. Completed: 423/1000. Step time: 2421.0ms.
   [Vectorized MCTS] Step 860: 64 games active. Completed: 425/1000. Step time: 2452.6ms.
   [Vectorized MCTS] Step 865: 64 games active. Completed: 427/1000. Step time: 2631.5ms.
   [Vectorized MCTS] Step 870: 64 games active. Completed: 429/1000. Step time: 2464.4ms.
   [Vectorized MCTS] Step 875: 64 games active. Completed: 430/1000. Step time: 2492.6ms.
   [Vectorized MCTS] Step 880: 64 games active. Completed: 433/1000. Step time: 2473.7ms.
   [Vectorized MCTS] Step 885: 64 games active. Completed: 438/1000. Step time: 2488.3ms.
   [Vectorized MCTS] Step 890: 64 games active. Completed: 443/1000. Step time: 2439.8ms.
   [Vectorized MCTS] Step 895: 64 games active. Completed: 445/1000. Step time: 2426.1ms.
   [Vectorized MCTS] Step 900: 64 games active. Completed: 447/1000. Step time: 2420.9ms.
   [Vectorized MCTS] Step 905: 64 games active. Completed: 448/1000. Step time: 2416.1ms.
   [Vectorized MCTS] Step 910: 64 games active. Completed: 450/1000. Step time: 2591.4ms.
   [Vectorized MCTS] Step 915: 64 games active. Completed: 454/1000. Step time: 2485.8ms.
   [Vectorized MCTS] Step 920: 64 games active. Completed: 458/1000. Step time: 2565.6ms.
   [Vectorized MCTS] Step 925: 64 games active. Completed: 459/1000. Step time: 2494.9ms.
   [Vectorized MCTS] Step 930: 64 games active. Completed: 463/1000. Step time: 2423.1ms.
   [Vectorized MCTS] Step 935: 64 games active. Completed: 465/1000. Step time: 2423.1ms.
   [Vectorized MCTS] Step 940: 64 games active. Completed: 471/1000. Step time: 2415.6ms.
   [Vectorized MCTS] Step 945: 64 games active. Completed: 475/1000. Step time: 2402.0ms.
   [Vectorized MCTS] Step 950: 64 games active. Completed: 478/1000. Step time: 2417.4ms.
   [Vectorized MCTS] Step 955: 64 games active. Completed: 480/1000. Step time: 2483.5ms.
   [Vectorized MCTS] Step 960: 64 games active. Completed: 482/1000. Step time: 2476.1ms.
   [Vectorized MCTS] Step 965: 64 games active. Completed: 485/1000. Step time: 2534.3ms.
   [Vectorized MCTS] Step 970: 64 games active. Completed: 487/1000. Step time: 2458.4ms.
   [Vectorized MCTS] Step 975: 64 games active. Completed: 488/1000. Step time: 2441.5ms.
   [Vectorized MCTS] Step 980: 64 games active. Completed: 489/1000. Step time: 2431.2ms.
   [Vectorized MCTS] Step 985: 64 games active. Completed: 492/1000. Step time: 2404.8ms.
   [Vectorized MCTS] Step 990: 64 games active. Completed: 493/1000. Step time: 2378.3ms.
   [Vectorized MCTS] Step 995: 64 games active. Completed: 498/1000. Step time: 2444.4ms.
   [Vectorized MCTS] Step 1000: 64 games active. Completed: 500/1000. Step time: 2497.1ms.
   [Vectorized MCTS] Step 1005: 64 games active. Completed: 506/1000. Step time: 2448.8ms.
   [Vectorized MCTS] Step 1010: 64 games active. Completed: 509/1000. Step time: 2427.6ms.
   [Vectorized MCTS] Step 1015: 64 games active. Completed: 510/1000. Step time: 2419.2ms.
   [Vectorized MCTS] Step 1020: 64 games active. Completed: 512/1000. Step time: 2431.8ms.
   [Vectorized MCTS] Step 1025: 64 games active. Completed: 513/1000. Step time: 2465.0ms.
   [Vectorized MCTS] Step 1030: 64 games active. Completed: 516/1000. Step time: 2843.2ms.
   [Vectorized MCTS] Step 1035: 64 games active. Completed: 517/1000. Step time: 2524.3ms.
   [Vectorized MCTS] Step 1040: 64 games active. Completed: 519/1000. Step time: 2400.0ms.
   [Vectorized MCTS] Step 1045: 64 games active. Completed: 524/1000. Step time: 2413.1ms.
   [Vectorized MCTS] Step 1050: 64 games active. Completed: 529/1000. Step time: 2445.1ms.
   [Vectorized MCTS] Step 1055: 64 games active. Completed: 531/1000. Step time: 2472.9ms.
   [Vectorized MCTS] Step 1060: 64 games active. Completed: 535/1000. Step time: 2479.6ms.
   [Vectorized MCTS] Step 1065: 64 games active. Completed: 539/1000. Step time: 2625.5ms.
   [Vectorized MCTS] Step 1070: 64 games active. Completed: 544/1000. Step time: 2526.6ms.
   [Vectorized MCTS] Step 1075: 64 games active. Completed: 545/1000. Step time: 2568.5ms.
   [Vectorized MCTS] Step 1080: 64 games active. Completed: 547/1000. Step time: 2555.7ms.
   [Vectorized MCTS] Step 1085: 64 games active. Completed: 550/1000. Step time: 2471.2ms.
   [Vectorized MCTS] Step 1090: 64 games active. Completed: 552/1000. Step time: 2518.2ms.
   [Vectorized MCTS] Step 1095: 64 games active. Completed: 553/1000. Step time: 2487.0ms.
   [Vectorized MCTS] Step 1100: 64 games active. Completed: 556/1000. Step time: 2441.3ms.
   [Vectorized MCTS] Step 1105: 64 games active. Completed: 558/1000. Step time: 2445.8ms.
   [Vectorized MCTS] Step 1110: 64 games active. Completed: 558/1000. Step time: 2514.0ms.
   [Vectorized MCTS] Step 1115: 64 games active. Completed: 560/1000. Step time: 2580.8ms.
   [Vectorized MCTS] Step 1120: 64 games active. Completed: 564/1000. Step time: 2656.8ms.
   [Vectorized MCTS] Step 1125: 64 games active. Completed: 565/1000. Step time: 2596.1ms.
   [Vectorized MCTS] Step 1130: 64 games active. Completed: 569/1000. Step time: 2536.9ms.
   [Vectorized MCTS] Step 1135: 64 games active. Completed: 573/1000. Step time: 2489.6ms.
   [Vectorized MCTS] Step 1140: 64 games active. Completed: 575/1000. Step time: 2420.4ms.
   [Vectorized MCTS] Step 1145: 64 games active. Completed: 576/1000. Step time: 2427.4ms.
   [Vectorized MCTS] Step 1150: 64 games active. Completed: 581/1000. Step time: 2426.1ms.
   [Vectorized MCTS] Step 1155: 64 games active. Completed: 582/1000. Step time: 2523.8ms.
   [Vectorized MCTS] Step 1160: 64 games active. Completed: 584/1000. Step time: 2556.6ms.
   [Vectorized MCTS] Step 1165: 64 games active. Completed: 585/1000. Step time: 2597.6ms.
   [Vectorized MCTS] Step 1170: 64 games active. Completed: 588/1000. Step time: 2652.3ms.
   [Vectorized MCTS] Step 1175: 64 games active. Completed: 590/1000. Step time: 3007.4ms.
   [Vectorized MCTS] Step 1180: 64 games active. Completed: 595/1000. Step time: 2560.4ms.
   [Vectorized MCTS] Step 1185: 64 games active. Completed: 597/1000. Step time: 2455.1ms.
   [Vectorized MCTS] Step 1190: 64 games active. Completed: 600/1000. Step time: 2405.2ms.
   [Vectorized MCTS] Step 1195: 64 games active. Completed: 603/1000. Step time: 2407.5ms.
   [Vectorized MCTS] Step 1200: 64 games active. Completed: 607/1000. Step time: 2436.9ms.
   [Vectorized MCTS] Step 1205: 64 games active. Completed: 607/1000. Step time: 2514.2ms.
   [Vectorized MCTS] Step 1210: 64 games active. Completed: 611/1000. Step time: 2519.3ms.
   [Vectorized MCTS] Step 1215: 64 games active. Completed: 615/1000. Step time: 2543.0ms.
   [Vectorized MCTS] Step 1220: 64 games active. Completed: 618/1000. Step time: 2579.7ms.
   [Vectorized MCTS] Step 1225: 64 games active. Completed: 620/1000. Step time: 2416.6ms.
   [Vectorized MCTS] Step 1230: 64 games active. Completed: 622/1000. Step time: 2501.9ms.
   [Vectorized MCTS] Step 1235: 64 games active. Completed: 623/1000. Step time: 2475.4ms.
   [Vectorized MCTS] Step 1240: 64 games active. Completed: 626/1000. Step time: 2463.9ms.
   [Vectorized MCTS] Step 1245: 64 games active. Completed: 629/1000. Step time: 2430.9ms.
   [Vectorized MCTS] Step 1250: 64 games active. Completed: 633/1000. Step time: 2471.8ms.
   [Vectorized MCTS] Step 1255: 64 games active. Completed: 635/1000. Step time: 2470.1ms.
   [Vectorized MCTS] Step 1260: 64 games active. Completed: 637/1000. Step time: 2548.6ms.
   [Vectorized MCTS] Step 1265: 64 games active. Completed: 642/1000. Step time: 2567.6ms.
   [Vectorized MCTS] Step 1270: 64 games active. Completed: 643/1000. Step time: 2470.2ms.
   [Vectorized MCTS] Step 1275: 64 games active. Completed: 646/1000. Step time: 2838.0ms.
   [Vectorized MCTS] Step 1280: 64 games active. Completed: 646/1000. Step time: 2550.7ms.
   [Vectorized MCTS] Step 1285: 64 games active. Completed: 649/1000. Step time: 2906.0ms.
   [Vectorized MCTS] Step 1290: 64 games active. Completed: 651/1000. Step time: 2466.0ms.
   [Vectorized MCTS] Step 1295: 64 games active. Completed: 654/1000. Step time: 2433.5ms.
   [Vectorized MCTS] Step 1300: 64 games active. Completed: 657/1000. Step time: 2384.9ms.
   [Vectorized MCTS] Step 1305: 64 games active. Completed: 660/1000. Step time: 2418.2ms.
   [Vectorized MCTS] Step 1310: 64 games active. Completed: 662/1000. Step time: 2473.4ms.
   [Vectorized MCTS] Step 1315: 64 games active. Completed: 664/1000. Step time: 2468.1ms.
   [Vectorized MCTS] Step 1320: 64 games active. Completed: 666/1000. Step time: 2534.5ms.
   [Vectorized MCTS] Step 1325: 64 games active. Completed: 671/1000. Step time: 2478.5ms.
   [Vectorized MCTS] Step 1330: 64 games active. Completed: 672/1000. Step time: 2535.2ms.
   [Vectorized MCTS] Step 1335: 64 games active. Completed: 673/1000. Step time: 2485.8ms.
   [Vectorized MCTS] Step 1340: 64 games active. Completed: 673/1000. Step time: 2519.9ms.
   [Vectorized MCTS] Step 1345: 64 games active. Completed: 677/1000. Step time: 2443.2ms.
   [Vectorized MCTS] Step 1350: 64 games active. Completed: 679/1000. Step time: 2423.2ms.
   [Vectorized MCTS] Step 1355: 64 games active. Completed: 684/1000. Step time: 2438.3ms.
   [Vectorized MCTS] Step 1360: 64 games active. Completed: 687/1000. Step time: 2407.4ms.
   [Vectorized MCTS] Step 1365: 64 games active. Completed: 690/1000. Step time: 2524.4ms.
   [Vectorized MCTS] Step 1370: 64 games active. Completed: 694/1000. Step time: 2540.7ms.
   [Vectorized MCTS] Step 1375: 64 games active. Completed: 694/1000. Step time: 2515.7ms.
   [Vectorized MCTS] Step 1380: 64 games active. Completed: 696/1000. Step time: 2497.7ms.
   [Vectorized MCTS] Step 1385: 64 games active. Completed: 702/1000. Step time: 2535.7ms.
   [Vectorized MCTS] Step 1390: 64 games active. Completed: 704/1000. Step time: 2439.1ms.
   [Vectorized MCTS] Step 1395: 64 games active. Completed: 704/1000. Step time: 2390.1ms.
   [Vectorized MCTS] Step 1400: 64 games active. Completed: 709/1000. Step time: 2411.8ms.
   [Vectorized MCTS] Step 1405: 64 games active. Completed: 711/1000. Step time: 2410.9ms.
   [Vectorized MCTS] Step 1410: 64 games active. Completed: 715/1000. Step time: 2419.0ms.
   [Vectorized MCTS] Step 1415: 64 games active. Completed: 719/1000. Step time: 2500.5ms.
   [Vectorized MCTS] Step 1420: 64 games active. Completed: 719/1000. Step time: 2600.7ms.
   [Vectorized MCTS] Step 1425: 64 games active. Completed: 721/1000. Step time: 2500.3ms.
   [Vectorized MCTS] Step 1430: 64 games active. Completed: 724/1000. Step time: 2479.0ms.
   [Vectorized MCTS] Step 1435: 64 games active. Completed: 726/1000. Step time: 2408.1ms.
   [Vectorized MCTS] Step 1440: 64 games active. Completed: 730/1000. Step time: 2415.0ms.
   [Vectorized MCTS] Step 1445: 64 games active. Completed: 734/1000. Step time: 2425.0ms.
   [Vectorized MCTS] Step 1450: 64 games active. Completed: 735/1000. Step time: 2426.9ms.
   [Vectorized MCTS] Step 1455: 64 games active. Completed: 737/1000. Step time: 2425.0ms.
   [Vectorized MCTS] Step 1460: 64 games active. Completed: 738/1000. Step time: 2426.7ms.
   [Vectorized MCTS] Step 1465: 64 games active. Completed: 739/1000. Step time: 2504.0ms.
   [Vectorized MCTS] Step 1470: 64 games active. Completed: 746/1000. Step time: 2482.6ms.
   [Vectorized MCTS] Step 1475: 64 games active. Completed: 748/1000. Step time: 2573.6ms.
   [Vectorized MCTS] Step 1480: 64 games active. Completed: 749/1000. Step time: 2501.9ms.
   [Vectorized MCTS] Step 1485: 64 games active. Completed: 749/1000. Step time: 2483.0ms.
   [Vectorized MCTS] Step 1490: 64 games active. Completed: 752/1000. Step time: 2570.3ms.
   [Vectorized MCTS] Step 1495: 64 games active. Completed: 754/1000. Step time: 2473.7ms.
   [Vectorized MCTS] Step 1500: 64 games active. Completed: 757/1000. Step time: 2477.2ms.
   [Vectorized MCTS] Step 1505: 64 games active. Completed: 762/1000. Step time: 2500.3ms.
   [Vectorized MCTS] Step 1510: 64 games active. Completed: 763/1000. Step time: 2506.6ms.
   [Vectorized MCTS] Step 1515: 64 games active. Completed: 766/1000. Step time: 2495.8ms.
   [Vectorized MCTS] Step 1520: 64 games active. Completed: 768/1000. Step time: 2542.8ms.
   [Vectorized MCTS] Step 1525: 64 games active. Completed: 773/1000. Step time: 2565.4ms.
   [Vectorized MCTS] Step 1530: 64 games active. Completed: 778/1000. Step time: 2517.2ms.
   [Vectorized MCTS] Step 1535: 64 games active. Completed: 780/1000. Step time: 2562.4ms.
   [Vectorized MCTS] Step 1540: 64 games active. Completed: 781/1000. Step time: 2506.0ms.
   [Vectorized MCTS] Step 1545: 64 games active. Completed: 786/1000. Step time: 2450.3ms.
   [Vectorized MCTS] Step 1550: 64 games active. Completed: 788/1000. Step time: 2495.1ms.
   [Vectorized MCTS] Step 1555: 64 games active. Completed: 789/1000. Step time: 2459.2ms.
   [Vectorized MCTS] Step 1560: 64 games active. Completed: 792/1000. Step time: 2500.9ms.
   [Vectorized MCTS] Step 1565: 64 games active. Completed: 793/1000. Step time: 2545.3ms.
   [Vectorized MCTS] Step 1570: 64 games active. Completed: 797/1000. Step time: 2549.5ms.
   [Vectorized MCTS] Step 1575: 64 games active. Completed: 802/1000. Step time: 2553.2ms.
   [Vectorized MCTS] Step 1580: 64 games active. Completed: 806/1000. Step time: 2474.8ms.
   [Vectorized MCTS] Step 1585: 64 games active. Completed: 809/1000. Step time: 2514.1ms.
   [Vectorized MCTS] Step 1590: 64 games active. Completed: 813/1000. Step time: 2432.3ms.
   [Vectorized MCTS] Step 1595: 64 games active. Completed: 816/1000. Step time: 2423.9ms.
   [Vectorized MCTS] Step 1600: 64 games active. Completed: 817/1000. Step time: 2424.0ms.
   [Vectorized MCTS] Step 1605: 64 games active. Completed: 823/1000. Step time: 2450.7ms.
   [Vectorized MCTS] Step 1610: 64 games active. Completed: 824/1000. Step time: 2494.9ms.
   [Vectorized MCTS] Step 1615: 64 games active. Completed: 824/1000. Step time: 2561.2ms.
   [Vectorized MCTS] Step 1620: 64 games active. Completed: 828/1000. Step time: 2570.5ms.
   [Vectorized MCTS] Step 1625: 64 games active. Completed: 832/1000. Step time: 2457.1ms.
   [Vectorized MCTS] Step 1630: 64 games active. Completed: 835/1000. Step time: 2510.5ms.
   [Vectorized MCTS] Step 1635: 64 games active. Completed: 836/1000. Step time: 2428.1ms.
   [Vectorized MCTS] Step 1640: 64 games active. Completed: 838/1000. Step time: 2423.3ms.
   [Vectorized MCTS] Step 1645: 64 games active. Completed: 838/1000. Step time: 2470.2ms.
   [Vectorized MCTS] Step 1650: 64 games active. Completed: 840/1000. Step time: 2429.8ms.
   [Vectorized MCTS] Step 1655: 64 games active. Completed: 842/1000. Step time: 2559.5ms.
   [Vectorized MCTS] Step 1660: 64 games active. Completed: 843/1000. Step time: 2594.6ms.
   [Vectorized MCTS] Step 1665: 64 games active. Completed: 846/1000. Step time: 2538.3ms.
   [Vectorized MCTS] Step 1670: 64 games active. Completed: 847/1000. Step time: 2546.4ms.
   [Vectorized MCTS] Step 1675: 64 games active. Completed: 848/1000. Step time: 2612.0ms.
   [Vectorized MCTS] Step 1680: 64 games active. Completed: 852/1000. Step time: 2544.7ms.
   [Vectorized MCTS] Step 1685: 64 games active. Completed: 856/1000. Step time: 2450.1ms.
   [Vectorized MCTS] Step 1690: 64 games active. Completed: 858/1000. Step time: 2482.0ms.
   [Vectorized MCTS] Step 1695: 64 games active. Completed: 861/1000. Step time: 2468.9ms.
   [Vectorized MCTS] Step 1700: 64 games active. Completed: 864/1000. Step time: 2432.2ms.
   [Vectorized MCTS] Step 1705: 64 games active. Completed: 866/1000. Step time: 2453.8ms.
   [Vectorized MCTS] Step 1710: 64 games active. Completed: 868/1000. Step time: 2510.0ms.
   [Vectorized MCTS] Step 1715: 64 games active. Completed: 870/1000. Step time: 2511.9ms.
   [Vectorized MCTS] Step 1720: 64 games active. Completed: 874/1000. Step time: 2527.6ms.
   [Vectorized MCTS] Step 1725: 64 games active. Completed: 880/1000. Step time: 2524.0ms.
   [Vectorized MCTS] Step 1730: 64 games active. Completed: 882/1000. Step time: 2511.2ms.
   [Vectorized MCTS] Step 1735: 64 games active. Completed: 883/1000. Step time: 2484.0ms.
   [Vectorized MCTS] Step 1740: 64 games active. Completed: 886/1000. Step time: 2389.8ms.
   [Vectorized MCTS] Step 1745: 64 games active. Completed: 887/1000. Step time: 2428.3ms.
   [Vectorized MCTS] Step 1750: 64 games active. Completed: 890/1000. Step time: 2430.9ms.
   [Vectorized MCTS] Step 1755: 64 games active. Completed: 896/1000. Step time: 2425.6ms.
   [Vectorized MCTS] Step 1760: 64 games active. Completed: 899/1000. Step time: 2439.5ms.
   [Vectorized MCTS] Step 1765: 64 games active. Completed: 903/1000. Step time: 2513.1ms.
   [Vectorized MCTS] Step 1770: 64 games active. Completed: 906/1000. Step time: 2417.2ms.
   [Vectorized MCTS] Step 1775: 64 games active. Completed: 908/1000. Step time: 2460.3ms.
   [Vectorized MCTS] Step 1780: 64 games active. Completed: 909/1000. Step time: 2461.0ms.
   [Vectorized MCTS] Step 1785: 64 games active. Completed: 914/1000. Step time: 2399.9ms.
   [Vectorized MCTS] Step 1790: 64 games active. Completed: 917/1000. Step time: 2415.0ms.
   [Vectorized MCTS] Step 1795: 64 games active. Completed: 917/1000. Step time: 2422.6ms.
   [Vectorized MCTS] Step 1800: 64 games active. Completed: 922/1000. Step time: 2461.9ms.
   [Vectorized MCTS] Step 1805: 64 games active. Completed: 925/1000. Step time: 2429.3ms.
   [Vectorized MCTS] Step 1810: 64 games active. Completed: 927/1000. Step time: 2479.6ms.
   [Vectorized MCTS] Step 1815: 64 games active. Completed: 928/1000. Step time: 2564.9ms.
   [Vectorized MCTS] Step 1820: 64 games active. Completed: 930/1000. Step time: 2513.1ms.
   [Vectorized MCTS] Step 1825: 64 games active. Completed: 931/1000. Step time: 2535.2ms.
   [Vectorized MCTS] Step 1830: 64 games active. Completed: 933/1000. Step time: 2448.4ms.
   [Vectorized MCTS] Step 1835: 64 games active. Completed: 935/1000. Step time: 2399.3ms.
   [Vectorized MCTS] Step 1840: 62 games active. Completed: 938/1000. Step time: 2455.1ms.
   [Vectorized MCTS] Step 1845: 59 games active. Completed: 941/1000. Step time: 2500.0ms.
   [Vectorized MCTS] Step 1850: 59 games active. Completed: 941/1000. Step time: 2427.6ms.
   [Vectorized MCTS] Step 1855: 54 games active. Completed: 946/1000. Step time: 2417.1ms.
   [Vectorized MCTS] Step 1860: 53 games active. Completed: 947/1000. Step time: 2276.1ms.
   [Vectorized MCTS] Step 1865: 49 games active. Completed: 951/1000. Step time: 2039.3ms.
   [Vectorized MCTS] Step 1870: 45 games active. Completed: 955/1000. Step time: 1728.9ms.
   [Vectorized MCTS] Step 1875: 43 games active. Completed: 957/1000. Step time: 1707.9ms.
   [Vectorized MCTS] Step 1880: 37 games active. Completed: 963/1000. Step time: 1533.5ms.
   [Vectorized MCTS] Step 1885: 37 games active. Completed: 963/1000. Step time: 1498.3ms.
   [Vectorized MCTS] Step 1890: 33 games active. Completed: 967/1000. Step time: 1402.9ms.
   [Vectorized MCTS] Step 1895: 32 games active. Completed: 968/1000. Step time: 1344.0ms.
   [Vectorized MCTS] Step 1900: 30 games active. Completed: 970/1000. Step time: 1318.9ms.
   [Vectorized MCTS] Step 1905: 29 games active. Completed: 971/1000. Step time: 1176.2ms.
   [Vectorized MCTS] Step 1910: 27 games active. Completed: 973/1000. Step time: 1177.0ms.
   [Vectorized MCTS] Step 1915: 25 games active. Completed: 975/1000. Step time: 1073.8ms.
   [Vectorized MCTS] Step 1920: 23 games active. Completed: 977/1000. Step time: 980.6ms.
   [Vectorized MCTS] Step 1925: 20 games active. Completed: 980/1000. Step time: 902.3ms.
   [Vectorized MCTS] Step 1930: 19 games active. Completed: 981/1000. Step time: 892.6ms.
   [Vectorized MCTS] Step 1935: 12 games active. Completed: 988/1000. Step time: 686.8ms.
   [Vectorized MCTS] Step 1940: 12 games active. Completed: 988/1000. Step time: 656.5ms.
   [Vectorized MCTS] Step 1945: 10 games active. Completed: 990/1000. Step time: 608.6ms.
   [Vectorized MCTS] Step 1950: 09 games active. Completed: 991/1000. Step time: 471.5ms.
   [Vectorized MCTS] Step 1955: 09 games active. Completed: 991/1000. Step time: 491.4ms.
   [Vectorized MCTS] Step 1960: 07 games active. Completed: 993/1000. Step time: 419.3ms.
   [Vectorized MCTS] Step 1965: 07 games active. Completed: 993/1000. Step time: 444.1ms.
   [Vectorized MCTS] Step 1970: 07 games active. Completed: 993/1000. Step time: 418.8ms.
   [Vectorized MCTS] Step 1975: 06 games active. Completed: 994/1000. Step time: 396.5ms.
   [Vectorized MCTS] Step 1980: 05 games active. Completed: 995/1000. Step time: 393.5ms.
   [Vectorized MCTS] Step 1985: 05 games active. Completed: 995/1000. Step time: 396.7ms.
   [Vectorized MCTS] Step 1990: 04 games active. Completed: 996/1000. Step time: 354.6ms.
   [Vectorized MCTS] Step 1995: 04 games active. Completed: 996/1000. Step time: 361.4ms.
   [Vectorized MCTS] Step 2000: 02 games active. Completed: 998/1000. Step time: 298.3ms.
   [Vectorized MCTS] Step 2005: 02 games active. Completed: 998/1000. Step time: 296.1ms.
   [Vectorized MCTS] Step 2010: 02 games active. Completed: 998/1000. Step time: 286.4ms.
   [Vectorized MCTS] Step 2015: 02 games active. Completed: 998/1000. Step time: 298.1ms.
   [Vectorized MCTS] Step 2019: 00 games active. Completed: 1000/1000. Step time: 292.7ms.

Collection completed in 5143.8 seconds (5.144s/game average).
