Starting self-play collection using /Users/nilbot/playground/autogo-mlx/experiments/001_train_from_scratch/checkpoints/iter2.safetensors
--> Progressive sims enabled. Iteration 2 -> 16 simulations.
Config: num-games=1000, simulations=16, workers=8
--> Starting pool-swapping selfplay for all 1000 games with max_active_games=64...
   [Vectorized MCTS] Step 001: 64 games active. Completed: 0/1000. Step time: 1251.7ms.
   [Vectorized MCTS] Step 005: 64 games active. Completed: 0/1000. Step time: 2859.2ms.
   [Vectorized MCTS] Step 010: 64 games active. Completed: 0/1000. Step time: 1489.3ms.
   [Vectorized MCTS] Step 015: 64 games active. Completed: 0/1000. Step time: 1727.1ms.
   [Vectorized MCTS] Step 020: 64 games active. Completed: 0/1000. Step time: 1777.1ms.
   [Vectorized MCTS] Step 025: 64 games active. Completed: 0/1000. Step time: 1695.8ms.
   [Vectorized MCTS] Step 030: 64 games active. Completed: 0/1000. Step time: 1725.1ms.
   [Vectorized MCTS] Step 035: 64 games active. Completed: 0/1000. Step time: 1786.1ms.
   [Vectorized MCTS] Step 040: 64 games active. Completed: 0/1000. Step time: 1682.2ms.
   [Vectorized MCTS] Step 045: 64 games active. Completed: 0/1000. Step time: 1717.7ms.
   [Vectorized MCTS] Step 050: 64 games active. Completed: 0/1000. Step time: 1804.5ms.
   [Vectorized MCTS] Step 055: 64 games active. Completed: 0/1000. Step time: 1779.0ms.
   [Vectorized MCTS] Step 060: 64 games active. Completed: 0/1000. Step time: 1712.7ms.
   [Vectorized MCTS] Step 065: 64 games active. Completed: 1/1000. Step time: 1734.7ms.
   [Vectorized MCTS] Step 070: 64 games active. Completed: 5/1000. Step time: 1691.3ms.
   [Vectorized MCTS] Step 075: 64 games active. Completed: 9/1000. Step time: 1788.3ms.
   [Vectorized MCTS] Step 080: 64 games active. Completed: 17/1000. Step time: 1654.4ms.
   [Vectorized MCTS] Step 085: 64 games active. Completed: 24/1000. Step time: 1697.4ms.
   [Vectorized MCTS] Step 090: 64 games active. Completed: 26/1000. Step time: 1646.0ms.
   [Vectorized MCTS] Step 095: 64 games active. Completed: 27/1000. Step time: 1674.6ms.
   [Vectorized MCTS] Step 100: 64 games active. Completed: 32/1000. Step time: 1670.3ms.
   [Vectorized MCTS] Step 105: 64 games active. Completed: 36/1000. Step time: 1634.2ms.
   [Vectorized MCTS] Step 110: 64 games active. Completed: 37/1000. Step time: 1658.8ms.
   [Vectorized MCTS] Step 115: 64 games active. Completed: 41/1000. Step time: 1610.2ms.
   [Vectorized MCTS] Step 120: 64 games active. Completed: 42/1000. Step time: 1598.6ms.
   [Vectorized MCTS] Step 125: 64 games active. Completed: 43/1000. Step time: 1589.4ms.
   [Vectorized MCTS] Step 130: 64 games active. Completed: 44/1000. Step time: 1554.6ms.
   [Vectorized MCTS] Step 135: 64 games active. Completed: 48/1000. Step time: 1583.0ms.
   [Vectorized MCTS] Step 140: 64 games active. Completed: 49/1000. Step time: 1523.1ms.
   [Vectorized MCTS] Step 145: 64 games active. Completed: 54/1000. Step time: 1517.2ms.
   [Vectorized MCTS] Step 150: 64 games active. Completed: 56/1000. Step time: 1495.2ms.
   [Vectorized MCTS] Step 155: 64 games active. Completed: 57/1000. Step time: 1556.0ms.
   [Vectorized MCTS] Step 160: 64 games active. Completed: 57/1000. Step time: 1487.7ms.
   [Vectorized MCTS] Step 165: 64 games active. Completed: 63/1000. Step time: 1506.0ms.
   [Vectorized MCTS] Step 170: 64 games active. Completed: 64/1000. Step time: 1475.9ms.
   [Vectorized MCTS] Step 175: 64 games active. Completed: 67/1000. Step time: 1469.0ms.
   [Vectorized MCTS] Step 180: 64 games active. Completed: 69/1000. Step time: 1449.6ms.
   [Vectorized MCTS] Step 185: 64 games active. Completed: 70/1000. Step time: 1444.7ms.
   [Vectorized MCTS] Step 190: 64 games active. Completed: 72/1000. Step time: 1444.1ms.
   [Vectorized MCTS] Step 195: 64 games active. Completed: 77/1000. Step time: 1434.0ms.
   [Vectorized MCTS] Step 200: 64 games active. Completed: 80/1000. Step time: 1448.3ms.
   [Vectorized MCTS] Step 205: 64 games active. Completed: 80/1000. Step time: 1421.9ms.
   [Vectorized MCTS] Step 210: 64 games active. Completed: 82/1000. Step time: 1389.8ms.
   [Vectorized MCTS] Step 215: 64 games active. Completed: 85/1000. Step time: 1407.8ms.
   [Vectorized MCTS] Step 220: 64 games active. Completed: 91/1000. Step time: 1427.1ms.
   [Vectorized MCTS] Step 225: 64 games active. Completed: 95/1000. Step time: 1393.7ms.
   [Vectorized MCTS] Step 230: 64 games active. Completed: 97/1000. Step time: 1355.2ms.
   [Vectorized MCTS] Step 235: 64 games active. Completed: 102/1000. Step time: 1334.4ms.
   [Vectorized MCTS] Step 240: 64 games active. Completed: 104/1000. Step time: 1409.8ms.
   [Vectorized MCTS] Step 245: 64 games active. Completed: 109/1000. Step time: 1321.7ms.
   [Vectorized MCTS] Step 250: 64 games active. Completed: 116/1000. Step time: 1355.0ms.
   [Vectorized MCTS] Step 255: 64 games active. Completed: 117/1000. Step time: 1310.6ms.
   [Vectorized MCTS] Step 260: 64 games active. Completed: 118/1000. Step time: 1316.2ms.
   [Vectorized MCTS] Step 265: 64 games active. Completed: 120/1000. Step time: 1340.8ms.
   [Vectorized MCTS] Step 270: 64 games active. Completed: 121/1000. Step time: 1277.7ms.
   [Vectorized MCTS] Step 275: 64 games active. Completed: 123/1000. Step time: 1340.6ms.
   [Vectorized MCTS] Step 280: 64 games active. Completed: 125/1000. Step time: 1253.8ms.
   [Vectorized MCTS] Step 285: 64 games active. Completed: 127/1000. Step time: 1370.7ms.
   [Vectorized MCTS] Step 290: 64 games active. Completed: 131/1000. Step time: 1317.0ms.
   [Vectorized MCTS] Step 295: 64 games active. Completed: 132/1000. Step time: 1255.6ms.
   [Vectorized MCTS] Step 300: 64 games active. Completed: 137/1000. Step time: 1268.0ms.
   [Vectorized MCTS] Step 305: 64 games active. Completed: 141/1000. Step time: 1272.1ms.
   [Vectorized MCTS] Step 310: 64 games active. Completed: 147/1000. Step time: 1256.3ms.
   [Vectorized MCTS] Step 315: 64 games active. Completed: 152/1000. Step time: 1299.9ms.
   [Vectorized MCTS] Step 320: 64 games active. Completed: 153/1000. Step time: 1229.5ms.
   [Vectorized MCTS] Step 325: 64 games active. Completed: 155/1000. Step time: 1249.4ms.
   [Vectorized MCTS] Step 330: 64 games active. Completed: 158/1000. Step time: 1239.1ms.
   [Vectorized MCTS] Step 335: 64 games active. Completed: 160/1000. Step time: 1242.9ms.
   [Vectorized MCTS] Step 340: 64 games active. Completed: 164/1000. Step time: 1233.8ms.
   [Vectorized MCTS] Step 345: 64 games active. Completed: 167/1000. Step time: 1228.9ms.
   [Vectorized MCTS] Step 350: 64 games active. Completed: 171/1000. Step time: 1239.4ms.
   [Vectorized MCTS] Step 355: 64 games active. Completed: 174/1000. Step time: 1500.1ms.
   [Vectorized MCTS] Step 360: 64 games active. Completed: 178/1000. Step time: 1186.3ms.
   [Vectorized MCTS] Step 365: 64 games active. Completed: 180/1000. Step time: 1170.3ms.
   [Vectorized MCTS] Step 370: 64 games active. Completed: 183/1000. Step time: 1244.6ms.
   [Vectorized MCTS] Step 375: 64 games active. Completed: 184/1000. Step time: 1204.0ms.
   [Vectorized MCTS] Step 380: 64 games active. Completed: 186/1000. Step time: 1183.1ms.
   [Vectorized MCTS] Step 385: 64 games active. Completed: 188/1000. Step time: 1222.7ms.
   [Vectorized MCTS] Step 390: 64 games active. Completed: 192/1000. Step time: 1214.4ms.
   [Vectorized MCTS] Step 395: 64 games active. Completed: 194/1000. Step time: 1220.9ms.
   [Vectorized MCTS] Step 400: 64 games active. Completed: 197/1000. Step time: 1195.3ms.
   [Vectorized MCTS] Step 405: 64 games active. Completed: 199/1000. Step time: 1204.1ms.
   [Vectorized MCTS] Step 410: 64 games active. Completed: 200/1000. Step time: 1209.8ms.
   [Vectorized MCTS] Step 415: 64 games active. Completed: 205/1000. Step time: 1185.1ms.
   [Vectorized MCTS] Step 420: 64 games active. Completed: 209/1000. Step time: 1192.3ms.
   [Vectorized MCTS] Step 425: 64 games active. Completed: 214/1000. Step time: 1184.4ms.
   [Vectorized MCTS] Step 430: 64 games active. Completed: 217/1000. Step time: 1182.5ms.
   [Vectorized MCTS] Step 435: 64 games active. Completed: 222/1000. Step time: 1217.9ms.
   [Vectorized MCTS] Step 440: 64 games active. Completed: 224/1000. Step time: 1181.5ms.
   [Vectorized MCTS] Step 445: 64 games active. Completed: 226/1000. Step time: 1174.8ms.
   [Vectorized MCTS] Step 450: 64 games active. Completed: 227/1000. Step time: 1211.5ms.
   [Vectorized MCTS] Step 455: 64 games active. Completed: 229/1000. Step time: 1210.6ms.
   [Vectorized MCTS] Step 460: 64 games active. Completed: 231/1000. Step time: 1217.6ms.
   [Vectorized MCTS] Step 465: 64 games active. Completed: 232/1000. Step time: 1193.9ms.
   [Vectorized MCTS] Step 470: 64 games active. Completed: 235/1000. Step time: 1199.5ms.
   [Vectorized MCTS] Step 475: 64 games active. Completed: 239/1000. Step time: 1198.5ms.
   [Vectorized MCTS] Step 480: 64 games active. Completed: 239/1000. Step time: 1217.1ms.
   [Vectorized MCTS] Step 485: 64 games active. Completed: 244/1000. Step time: 1223.8ms.
   [Vectorized MCTS] Step 490: 64 games active. Completed: 247/1000. Step time: 1194.8ms.
   [Vectorized MCTS] Step 495: 64 games active. Completed: 249/1000. Step time: 1202.0ms.
   [Vectorized MCTS] Step 500: 64 games active. Completed: 250/1000. Step time: 1217.9ms.
   [Vectorized MCTS] Step 505: 64 games active. Completed: 256/1000. Step time: 1198.3ms.
   [Vectorized MCTS] Step 510: 64 games active. Completed: 259/1000. Step time: 1223.7ms.
   [Vectorized MCTS] Step 515: 64 games active. Completed: 261/1000. Step time: 1234.0ms.
   [Vectorized MCTS] Step 520: 64 games active. Completed: 265/1000. Step time: 1216.5ms.
   [Vectorized MCTS] Step 525: 64 games active. Completed: 268/1000. Step time: 1196.5ms.
   [Vectorized MCTS] Step 530: 64 games active. Completed: 270/1000. Step time: 1215.0ms.
   [Vectorized MCTS] Step 535: 64 games active. Completed: 271/1000. Step time: 1234.3ms.
   [Vectorized MCTS] Step 540: 64 games active. Completed: 275/1000. Step time: 1204.3ms.
   [Vectorized MCTS] Step 545: 64 games active. Completed: 276/1000. Step time: 1203.4ms.
   [Vectorized MCTS] Step 550: 64 games active. Completed: 280/1000. Step time: 1215.7ms.
   [Vectorized MCTS] Step 555: 64 games active. Completed: 280/1000. Step time: 1211.2ms.
   [Vectorized MCTS] Step 560: 64 games active. Completed: 285/1000. Step time: 1220.3ms.
   [Vectorized MCTS] Step 565: 64 games active. Completed: 287/1000. Step time: 1213.5ms.
   [Vectorized MCTS] Step 570: 64 games active. Completed: 287/1000. Step time: 1218.5ms.
   [Vectorized MCTS] Step 575: 64 games active. Completed: 289/1000. Step time: 1216.7ms.
   [Vectorized MCTS] Step 580: 64 games active. Completed: 289/1000. Step time: 1232.8ms.
   [Vectorized MCTS] Step 585: 64 games active. Completed: 293/1000. Step time: 1225.3ms.
   [Vectorized MCTS] Step 590: 64 games active. Completed: 294/1000. Step time: 1216.4ms.
   [Vectorized MCTS] Step 595: 64 games active. Completed: 295/1000. Step time: 1216.2ms.
   [Vectorized MCTS] Step 600: 64 games active. Completed: 300/1000. Step time: 1212.8ms.
   [Vectorized MCTS] Step 605: 64 games active. Completed: 302/1000. Step time: 1236.4ms.
   [Vectorized MCTS] Step 610: 64 games active. Completed: 303/1000. Step time: 1222.6ms.
   [Vectorized MCTS] Step 615: 64 games active. Completed: 304/1000. Step time: 1198.6ms.
   [Vectorized MCTS] Step 620: 64 games active. Completed: 306/1000. Step time: 1220.5ms.
   [Vectorized MCTS] Step 625: 64 games active. Completed: 308/1000. Step time: 1212.0ms.
   [Vectorized MCTS] Step 630: 64 games active. Completed: 312/1000. Step time: 1225.8ms.
   [Vectorized MCTS] Step 635: 64 games active. Completed: 313/1000. Step time: 1228.0ms.
   [Vectorized MCTS] Step 640: 64 games active. Completed: 317/1000. Step time: 1209.9ms.
   [Vectorized MCTS] Step 645: 64 games active. Completed: 317/1000. Step time: 1206.8ms.
   [Vectorized MCTS] Step 650: 64 games active. Completed: 320/1000. Step time: 1214.0ms.
   [Vectorized MCTS] Step 655: 64 games active. Completed: 321/1000. Step time: 1214.9ms.
   [Vectorized MCTS] Step 660: 64 games active. Completed: 324/1000. Step time: 1211.0ms.
   [Vectorized MCTS] Step 665: 64 games active. Completed: 329/1000. Step time: 1207.9ms.
   [Vectorized MCTS] Step 670: 64 games active. Completed: 332/1000. Step time: 1212.3ms.
   [Vectorized MCTS] Step 675: 64 games active. Completed: 335/1000. Step time: 1204.0ms.
   [Vectorized MCTS] Step 680: 64 games active. Completed: 339/1000. Step time: 1249.8ms.
   [Vectorized MCTS] Step 685: 64 games active. Completed: 340/1000. Step time: 1219.6ms.
   [Vectorized MCTS] Step 690: 64 games active. Completed: 341/1000. Step time: 1200.6ms.
   [Vectorized MCTS] Step 695: 64 games active. Completed: 342/1000. Step time: 1212.7ms.
   [Vectorized MCTS] Step 700: 64 games active. Completed: 346/1000. Step time: 1231.0ms.
   [Vectorized MCTS] Step 705: 64 games active. Completed: 349/1000. Step time: 1226.4ms.
   [Vectorized MCTS] Step 710: 64 games active. Completed: 352/1000. Step time: 1220.2ms.
   [Vectorized MCTS] Step 715: 64 games active. Completed: 355/1000. Step time: 1210.2ms.
   [Vectorized MCTS] Step 720: 64 games active. Completed: 358/1000. Step time: 1211.3ms.
   [Vectorized MCTS] Step 725: 64 games active. Completed: 364/1000. Step time: 1199.8ms.
   [Vectorized MCTS] Step 730: 64 games active. Completed: 368/1000. Step time: 1217.3ms.
   [Vectorized MCTS] Step 735: 64 games active. Completed: 369/1000. Step time: 1216.3ms.
   [Vectorized MCTS] Step 740: 64 games active. Completed: 373/1000. Step time: 1199.7ms.
   [Vectorized MCTS] Step 745: 64 games active. Completed: 376/1000. Step time: 1198.4ms.
   [Vectorized MCTS] Step 750: 64 games active. Completed: 377/1000. Step time: 1220.4ms.
   [Vectorized MCTS] Step 755: 64 games active. Completed: 378/1000. Step time: 1240.0ms.
   [Vectorized MCTS] Step 760: 64 games active. Completed: 379/1000. Step time: 1208.8ms.
   [Vectorized MCTS] Step 765: 64 games active. Completed: 383/1000. Step time: 1196.9ms.
   [Vectorized MCTS] Step 770: 64 games active. Completed: 387/1000. Step time: 1216.0ms.
   [Vectorized MCTS] Step 775: 64 games active. Completed: 389/1000. Step time: 1245.6ms.
   [Vectorized MCTS] Step 780: 64 games active. Completed: 390/1000. Step time: 1248.1ms.
   [Vectorized MCTS] Step 785: 64 games active. Completed: 391/1000. Step time: 1178.5ms.
   [Vectorized MCTS] Step 790: 64 games active. Completed: 396/1000. Step time: 1213.9ms.
   [Vectorized MCTS] Step 795: 64 games active. Completed: 396/1000. Step time: 1233.0ms.
   [Vectorized MCTS] Step 800: 64 games active. Completed: 400/1000. Step time: 1232.8ms.
   [Vectorized MCTS] Step 805: 64 games active. Completed: 404/1000. Step time: 1235.4ms.
   [Vectorized MCTS] Step 810: 64 games active. Completed: 407/1000. Step time: 1210.7ms.
   [Vectorized MCTS] Step 815: 64 games active. Completed: 410/1000. Step time: 1199.9ms.
   [Vectorized MCTS] Step 820: 64 games active. Completed: 413/1000. Step time: 1197.5ms.
   [Vectorized MCTS] Step 825: 64 games active. Completed: 418/1000. Step time: 1208.3ms.
   [Vectorized MCTS] Step 830: 64 games active. Completed: 419/1000. Step time: 1228.5ms.
   [Vectorized MCTS] Step 835: 64 games active. Completed: 424/1000. Step time: 1227.6ms.
   [Vectorized MCTS] Step 840: 64 games active. Completed: 427/1000. Step time: 1198.7ms.
   [Vectorized MCTS] Step 845: 64 games active. Completed: 429/1000. Step time: 1199.1ms.
   [Vectorized MCTS] Step 850: 64 games active. Completed: 432/1000. Step time: 1213.0ms.
   [Vectorized MCTS] Step 855: 64 games active. Completed: 435/1000. Step time: 1237.1ms.
   [Vectorized MCTS] Step 860: 64 games active. Completed: 437/1000. Step time: 1201.4ms.
   [Vectorized MCTS] Step 865: 64 games active. Completed: 439/1000. Step time: 1199.9ms.
   [Vectorized MCTS] Step 870: 64 games active. Completed: 440/1000. Step time: 1215.5ms.
   [Vectorized MCTS] Step 875: 64 games active. Completed: 442/1000. Step time: 1216.2ms.
   [Vectorized MCTS] Step 880: 64 games active. Completed: 443/1000. Step time: 1246.6ms.
   [Vectorized MCTS] Step 885: 64 games active. Completed: 448/1000. Step time: 1206.2ms.
   [Vectorized MCTS] Step 890: 64 games active. Completed: 451/1000. Step time: 1193.5ms.
   [Vectorized MCTS] Step 895: 64 games active. Completed: 452/1000. Step time: 1223.3ms.
   [Vectorized MCTS] Step 900: 64 games active. Completed: 456/1000. Step time: 1242.8ms.
   [Vectorized MCTS] Step 905: 64 games active. Completed: 461/1000. Step time: 1281.6ms.
   [Vectorized MCTS] Step 910: 64 games active. Completed: 463/1000. Step time: 1172.3ms.
   [Vectorized MCTS] Step 915: 64 games active. Completed: 465/1000. Step time: 1212.0ms.
   [Vectorized MCTS] Step 920: 64 games active. Completed: 471/1000. Step time: 1224.6ms.
   [Vectorized MCTS] Step 925: 64 games active. Completed: 472/1000. Step time: 1231.7ms.
   [Vectorized MCTS] Step 930: 64 games active. Completed: 475/1000. Step time: 1227.7ms.
   [Vectorized MCTS] Step 935: 64 games active. Completed: 481/1000. Step time: 1195.3ms.
   [Vectorized MCTS] Step 940: 64 games active. Completed: 482/1000. Step time: 1208.6ms.
   [Vectorized MCTS] Step 945: 64 games active. Completed: 485/1000. Step time: 1204.9ms.
   [Vectorized MCTS] Step 950: 64 games active. Completed: 488/1000. Step time: 1217.9ms.
   [Vectorized MCTS] Step 955: 64 games active. Completed: 491/1000. Step time: 1226.5ms.
   [Vectorized MCTS] Step 960: 64 games active. Completed: 491/1000. Step time: 1192.0ms.
   [Vectorized MCTS] Step 965: 64 games active. Completed: 491/1000. Step time: 1216.3ms.
   [Vectorized MCTS] Step 970: 64 games active. Completed: 493/1000. Step time: 1218.6ms.
   [Vectorized MCTS] Step 975: 64 games active. Completed: 497/1000. Step time: 1223.3ms.
   [Vectorized MCTS] Step 980: 64 games active. Completed: 498/1000. Step time: 1227.8ms.
   [Vectorized MCTS] Step 985: 64 games active. Completed: 499/1000. Step time: 1214.4ms.
   [Vectorized MCTS] Step 990: 64 games active. Completed: 503/1000. Step time: 1226.6ms.
   [Vectorized MCTS] Step 995: 64 games active. Completed: 507/1000. Step time: 1200.1ms.
   [Vectorized MCTS] Step 1000: 64 games active. Completed: 512/1000. Step time: 1225.9ms.
   [Vectorized MCTS] Step 1005: 64 games active. Completed: 513/1000. Step time: 1231.7ms.
   [Vectorized MCTS] Step 1010: 64 games active. Completed: 514/1000. Step time: 1185.7ms.
   [Vectorized MCTS] Step 1015: 64 games active. Completed: 515/1000. Step time: 1212.4ms.
   [Vectorized MCTS] Step 1020: 64 games active. Completed: 520/1000. Step time: 1203.8ms.
   [Vectorized MCTS] Step 1025: 64 games active. Completed: 521/1000. Step time: 1229.7ms.
   [Vectorized MCTS] Step 1030: 64 games active. Completed: 522/1000. Step time: 1240.9ms.
   [Vectorized MCTS] Step 1035: 64 games active. Completed: 523/1000. Step time: 1220.4ms.
   [Vectorized MCTS] Step 1040: 64 games active. Completed: 525/1000. Step time: 1211.6ms.
   [Vectorized MCTS] Step 1045: 64 games active. Completed: 530/1000. Step time: 1201.9ms.
   [Vectorized MCTS] Step 1050: 64 games active. Completed: 532/1000. Step time: 1244.5ms.
   [Vectorized MCTS] Step 1055: 64 games active. Completed: 537/1000. Step time: 1234.5ms.
   [Vectorized MCTS] Step 1060: 64 games active. Completed: 543/1000. Step time: 1205.2ms.
   [Vectorized MCTS] Step 1065: 64 games active. Completed: 547/1000. Step time: 1217.0ms.
   [Vectorized MCTS] Step 1070: 64 games active. Completed: 548/1000. Step time: 1211.6ms.
   [Vectorized MCTS] Step 1075: 64 games active. Completed: 551/1000. Step time: 1219.3ms.
   [Vectorized MCTS] Step 1080: 64 games active. Completed: 552/1000. Step time: 1224.9ms.
   [Vectorized MCTS] Step 1085: 64 games active. Completed: 555/1000. Step time: 1208.2ms.
   [Vectorized MCTS] Step 1090: 64 games active. Completed: 558/1000. Step time: 1199.3ms.
   [Vectorized MCTS] Step 1095: 64 games active. Completed: 565/1000. Step time: 1203.8ms.
   [Vectorized MCTS] Step 1100: 64 games active. Completed: 568/1000. Step time: 1219.5ms.
   [Vectorized MCTS] Step 1105: 64 games active. Completed: 570/1000. Step time: 1224.0ms.
   [Vectorized MCTS] Step 1110: 64 games active. Completed: 571/1000. Step time: 1183.2ms.
   [Vectorized MCTS] Step 1115: 64 games active. Completed: 574/1000. Step time: 1231.5ms.
   [Vectorized MCTS] Step 1120: 64 games active. Completed: 574/1000. Step time: 1208.0ms.
   [Vectorized MCTS] Step 1125: 64 games active. Completed: 574/1000. Step time: 1221.1ms.
   [Vectorized MCTS] Step 1130: 64 games active. Completed: 575/1000. Step time: 1224.3ms.
   [Vectorized MCTS] Step 1135: 64 games active. Completed: 578/1000. Step time: 1212.3ms.
   [Vectorized MCTS] Step 1140: 64 games active. Completed: 585/1000. Step time: 1203.4ms.
   [Vectorized MCTS] Step 1145: 64 games active. Completed: 587/1000. Step time: 1203.3ms.
   [Vectorized MCTS] Step 1150: 64 games active. Completed: 587/1000. Step time: 1238.3ms.
   [Vectorized MCTS] Step 1155: 64 games active. Completed: 590/1000. Step time: 1226.1ms.
   [Vectorized MCTS] Step 1160: 64 games active. Completed: 595/1000. Step time: 1209.5ms.
   [Vectorized MCTS] Step 1165: 64 games active. Completed: 602/1000. Step time: 1219.5ms.
   [Vectorized MCTS] Step 1170: 64 games active. Completed: 604/1000. Step time: 1214.9ms.
   [Vectorized MCTS] Step 1175: 64 games active. Completed: 607/1000. Step time: 1220.4ms.
   [Vectorized MCTS] Step 1180: 64 games active. Completed: 613/1000. Step time: 1214.7ms.
   [Vectorized MCTS] Step 1185: 64 games active. Completed: 615/1000. Step time: 1204.5ms.
   [Vectorized MCTS] Step 1190: 64 games active. Completed: 620/1000. Step time: 1212.1ms.
   [Vectorized MCTS] Step 1195: 64 games active. Completed: 620/1000. Step time: 1210.4ms.
   [Vectorized MCTS] Step 1200: 64 games active. Completed: 623/1000. Step time: 1221.1ms.
   [Vectorized MCTS] Step 1205: 64 games active. Completed: 626/1000. Step time: 1227.1ms.
   [Vectorized MCTS] Step 1210: 64 games active. Completed: 627/1000. Step time: 1208.0ms.
   [Vectorized MCTS] Step 1215: 64 games active. Completed: 631/1000. Step time: 1221.7ms.
   [Vectorized MCTS] Step 1220: 64 games active. Completed: 634/1000. Step time: 1213.0ms.
   [Vectorized MCTS] Step 1225: 64 games active. Completed: 634/1000. Step time: 1217.6ms.
   [Vectorized MCTS] Step 1230: 64 games active. Completed: 637/1000. Step time: 1218.3ms.
   [Vectorized MCTS] Step 1235: 64 games active. Completed: 637/1000. Step time: 1213.6ms.
   [Vectorized MCTS] Step 1240: 64 games active. Completed: 639/1000. Step time: 1208.9ms.
   [Vectorized MCTS] Step 1245: 64 games active. Completed: 645/1000. Step time: 1218.2ms.
   [Vectorized MCTS] Step 1250: 64 games active. Completed: 647/1000. Step time: 1233.3ms.
   [Vectorized MCTS] Step 1255: 64 games active. Completed: 650/1000. Step time: 1208.7ms.
   [Vectorized MCTS] Step 1260: 64 games active. Completed: 652/1000. Step time: 1209.9ms.
   [Vectorized MCTS] Step 1265: 64 games active. Completed: 655/1000. Step time: 1216.1ms.
   [Vectorized MCTS] Step 1270: 64 games active. Completed: 659/1000. Step time: 1225.3ms.
   [Vectorized MCTS] Step 1275: 64 games active. Completed: 662/1000. Step time: 1217.6ms.
   [Vectorized MCTS] Step 1280: 64 games active. Completed: 664/1000. Step time: 1220.4ms.
   [Vectorized MCTS] Step 1285: 64 games active. Completed: 665/1000. Step time: 1227.0ms.
   [Vectorized MCTS] Step 1290: 64 games active. Completed: 667/1000. Step time: 1212.6ms.
   [Vectorized MCTS] Step 1295: 64 games active. Completed: 670/1000. Step time: 1208.7ms.
   [Vectorized MCTS] Step 1300: 64 games active. Completed: 674/1000. Step time: 1233.6ms.
   [Vectorized MCTS] Step 1305: 64 games active. Completed: 677/1000. Step time: 1226.8ms.
   [Vectorized MCTS] Step 1310: 64 games active. Completed: 678/1000. Step time: 1215.7ms.
   [Vectorized MCTS] Step 1315: 64 games active. Completed: 679/1000. Step time: 1228.1ms.
   [Vectorized MCTS] Step 1320: 64 games active. Completed: 681/1000. Step time: 1225.2ms.
   [Vectorized MCTS] Step 1325: 64 games active. Completed: 684/1000. Step time: 1219.7ms.
   [Vectorized MCTS] Step 1330: 64 games active. Completed: 686/1000. Step time: 1208.9ms.
   [Vectorized MCTS] Step 1335: 64 games active. Completed: 689/1000. Step time: 1219.6ms.
   [Vectorized MCTS] Step 1340: 64 games active. Completed: 692/1000. Step time: 1218.2ms.
   [Vectorized MCTS] Step 1345: 64 games active. Completed: 700/1000. Step time: 1222.5ms.
   [Vectorized MCTS] Step 1350: 64 games active. Completed: 701/1000. Step time: 1228.6ms.
   [Vectorized MCTS] Step 1355: 64 games active. Completed: 703/1000. Step time: 1205.2ms.
   [Vectorized MCTS] Step 1360: 64 games active. Completed: 705/1000. Step time: 1218.1ms.
   [Vectorized MCTS] Step 1365: 64 games active. Completed: 708/1000. Step time: 1208.5ms.
   [Vectorized MCTS] Step 1370: 64 games active. Completed: 709/1000. Step time: 1229.5ms.
   [Vectorized MCTS] Step 1375: 64 games active. Completed: 712/1000. Step time: 1248.9ms.
   [Vectorized MCTS] Step 1380: 64 games active. Completed: 716/1000. Step time: 1202.0ms.
   [Vectorized MCTS] Step 1385: 64 games active. Completed: 721/1000. Step time: 1212.3ms.
   [Vectorized MCTS] Step 1390: 64 games active. Completed: 724/1000. Step time: 1197.1ms.
   [Vectorized MCTS] Step 1395: 64 games active. Completed: 725/1000. Step time: 1239.3ms.
   [Vectorized MCTS] Step 1400: 64 games active. Completed: 727/1000. Step time: 1238.9ms.
   [Vectorized MCTS] Step 1405: 64 games active. Completed: 729/1000. Step time: 1217.8ms.
   [Vectorized MCTS] Step 1410: 64 games active. Completed: 731/1000. Step time: 1214.5ms.
   [Vectorized MCTS] Step 1415: 64 games active. Completed: 734/1000. Step time: 1217.1ms.
   [Vectorized MCTS] Step 1420: 64 games active. Completed: 736/1000. Step time: 1238.0ms.
   [Vectorized MCTS] Step 1425: 64 games active. Completed: 738/1000. Step time: 1238.1ms.
   [Vectorized MCTS] Step 1430: 64 games active. Completed: 743/1000. Step time: 1220.4ms.
   [Vectorized MCTS] Step 1435: 64 games active. Completed: 745/1000. Step time: 1228.5ms.
   [Vectorized MCTS] Step 1440: 64 games active. Completed: 749/1000. Step time: 1205.7ms.
   [Vectorized MCTS] Step 1445: 64 games active. Completed: 751/1000. Step time: 1219.2ms.
   [Vectorized MCTS] Step 1450: 64 games active. Completed: 754/1000. Step time: 1210.5ms.
   [Vectorized MCTS] Step 1455: 64 games active. Completed: 757/1000. Step time: 1213.9ms.
   [Vectorized MCTS] Step 1460: 64 games active. Completed: 760/1000. Step time: 1225.7ms.
   [Vectorized MCTS] Step 1465: 64 games active. Completed: 761/1000. Step time: 1199.8ms.
   [Vectorized MCTS] Step 1470: 64 games active. Completed: 763/1000. Step time: 1228.7ms.
   [Vectorized MCTS] Step 1475: 64 games active. Completed: 766/1000. Step time: 1225.1ms.
   [Vectorized MCTS] Step 1480: 64 games active. Completed: 768/1000. Step time: 1200.7ms.
   [Vectorized MCTS] Step 1485: 64 games active. Completed: 772/1000. Step time: 1219.3ms.
   [Vectorized MCTS] Step 1490: 64 games active. Completed: 773/1000. Step time: 1216.7ms.
   [Vectorized MCTS] Step 1495: 64 games active. Completed: 781/1000. Step time: 1228.7ms.
   [Vectorized MCTS] Step 1500: 64 games active. Completed: 786/1000. Step time: 1225.3ms.
   [Vectorized MCTS] Step 1505: 64 games active. Completed: 792/1000. Step time: 1205.2ms.
   [Vectorized MCTS] Step 1510: 64 games active. Completed: 794/1000. Step time: 1219.9ms.
   [Vectorized MCTS] Step 1515: 64 games active. Completed: 797/1000. Step time: 1209.3ms.
   [Vectorized MCTS] Step 1520: 64 games active. Completed: 799/1000. Step time: 1225.5ms.
   [Vectorized MCTS] Step 1525: 64 games active. Completed: 803/1000. Step time: 1226.9ms.
   [Vectorized MCTS] Step 1530: 64 games active. Completed: 804/1000. Step time: 1204.7ms.
   [Vectorized MCTS] Step 1535: 64 games active. Completed: 804/1000. Step time: 1219.6ms.
   [Vectorized MCTS] Step 1540: 64 games active. Completed: 807/1000. Step time: 1231.3ms.
   [Vectorized MCTS] Step 1545: 64 games active. Completed: 808/1000. Step time: 1220.7ms.
   [Vectorized MCTS] Step 1550: 64 games active. Completed: 809/1000. Step time: 1220.3ms.
   [Vectorized MCTS] Step 1555: 64 games active. Completed: 811/1000. Step time: 1234.1ms.
   [Vectorized MCTS] Step 1560: 64 games active. Completed: 812/1000. Step time: 1239.6ms.
   [Vectorized MCTS] Step 1565: 64 games active. Completed: 812/1000. Step time: 1214.2ms.
   [Vectorized MCTS] Step 1570: 64 games active. Completed: 819/1000. Step time: 1238.5ms.
   [Vectorized MCTS] Step 1575: 64 games active. Completed: 821/1000. Step time: 1223.7ms.
   [Vectorized MCTS] Step 1580: 64 games active. Completed: 823/1000. Step time: 1221.9ms.
   [Vectorized MCTS] Step 1585: 64 games active. Completed: 825/1000. Step time: 1229.3ms.
   [Vectorized MCTS] Step 1590: 64 games active. Completed: 832/1000. Step time: 1225.2ms.
   [Vectorized MCTS] Step 1595: 64 games active. Completed: 835/1000. Step time: 1229.1ms.
   [Vectorized MCTS] Step 1600: 64 games active. Completed: 838/1000. Step time: 1208.5ms.
   [Vectorized MCTS] Step 1605: 64 games active. Completed: 843/1000. Step time: 1226.4ms.
   [Vectorized MCTS] Step 1610: 64 games active. Completed: 845/1000. Step time: 1227.2ms.
   [Vectorized MCTS] Step 1615: 64 games active. Completed: 848/1000. Step time: 1212.9ms.
   [Vectorized MCTS] Step 1620: 64 games active. Completed: 850/1000. Step time: 1226.3ms.
   [Vectorized MCTS] Step 1625: 64 games active. Completed: 851/1000. Step time: 1214.8ms.
   [Vectorized MCTS] Step 1630: 64 games active. Completed: 854/1000. Step time: 1201.6ms.
   [Vectorized MCTS] Step 1635: 64 games active. Completed: 855/1000. Step time: 1224.8ms.
   [Vectorized MCTS] Step 1640: 64 games active. Completed: 858/1000. Step time: 1217.7ms.
   [Vectorized MCTS] Step 1645: 64 games active. Completed: 860/1000. Step time: 1220.7ms.
   [Vectorized MCTS] Step 1650: 64 games active. Completed: 860/1000. Step time: 1215.1ms.
   [Vectorized MCTS] Step 1655: 64 games active. Completed: 864/1000. Step time: 1227.2ms.
   [Vectorized MCTS] Step 1660: 64 games active. Completed: 866/1000. Step time: 1214.1ms.
   [Vectorized MCTS] Step 1665: 64 games active. Completed: 868/1000. Step time: 1218.7ms.
   [Vectorized MCTS] Step 1670: 64 games active. Completed: 872/1000. Step time: 1229.6ms.
   [Vectorized MCTS] Step 1675: 64 games active. Completed: 873/1000. Step time: 1215.2ms.
   [Vectorized MCTS] Step 1680: 64 games active. Completed: 874/1000. Step time: 1233.8ms.
   [Vectorized MCTS] Step 1685: 64 games active. Completed: 876/1000. Step time: 1207.5ms.
   [Vectorized MCTS] Step 1690: 64 games active. Completed: 878/1000. Step time: 1248.5ms.
   [Vectorized MCTS] Step 1695: 64 games active. Completed: 880/1000. Step time: 1254.1ms.
   [Vectorized MCTS] Step 1700: 64 games active. Completed: 883/1000. Step time: 1208.8ms.
   [Vectorized MCTS] Step 1705: 64 games active. Completed: 885/1000. Step time: 1226.9ms.
   [Vectorized MCTS] Step 1710: 64 games active. Completed: 888/1000. Step time: 1235.2ms.
   [Vectorized MCTS] Step 1715: 64 games active. Completed: 892/1000. Step time: 1235.3ms.
   [Vectorized MCTS] Step 1720: 64 games active. Completed: 893/1000. Step time: 1233.7ms.
   [Vectorized MCTS] Step 1725: 64 games active. Completed: 899/1000. Step time: 1214.5ms.
   [Vectorized MCTS] Step 1730: 64 games active. Completed: 901/1000. Step time: 1216.9ms.
   [Vectorized MCTS] Step 1735: 64 games active. Completed: 905/1000. Step time: 1206.8ms.
   [Vectorized MCTS] Step 1740: 64 games active. Completed: 907/1000. Step time: 1230.6ms.
   [Vectorized MCTS] Step 1745: 64 games active. Completed: 911/1000. Step time: 1225.6ms.
   [Vectorized MCTS] Step 1750: 64 games active. Completed: 914/1000. Step time: 1206.1ms.
   [Vectorized MCTS] Step 1755: 64 games active. Completed: 918/1000. Step time: 1230.0ms.
   [Vectorized MCTS] Step 1760: 64 games active. Completed: 924/1000. Step time: 1209.6ms.
   [Vectorized MCTS] Step 1765: 64 games active. Completed: 927/1000. Step time: 1203.8ms.
   [Vectorized MCTS] Step 1770: 64 games active. Completed: 929/1000. Step time: 1206.0ms.
   [Vectorized MCTS] Step 1775: 64 games active. Completed: 929/1000. Step time: 1218.9ms.
   [Vectorized MCTS] Step 1780: 64 games active. Completed: 932/1000. Step time: 1210.4ms.
   [Vectorized MCTS] Step 1785: 64 games active. Completed: 934/1000. Step time: 1206.2ms.
   [Vectorized MCTS] Step 1790: 64 games active. Completed: 935/1000. Step time: 1232.9ms.
   [Vectorized MCTS] Step 1795: 63 games active. Completed: 937/1000. Step time: 1230.7ms.
   [Vectorized MCTS] Step 1800: 59 games active. Completed: 941/1000. Step time: 1193.2ms.
   [Vectorized MCTS] Step 1805: 56 games active. Completed: 944/1000. Step time: 1135.4ms.
   [Vectorized MCTS] Step 1810: 56 games active. Completed: 944/1000. Step time: 1167.4ms.
   [Vectorized MCTS] Step 1815: 52 games active. Completed: 948/1000. Step time: 1143.1ms.
   [Vectorized MCTS] Step 1820: 48 games active. Completed: 952/1000. Step time: 987.1ms.
   [Vectorized MCTS] Step 1825: 45 games active. Completed: 955/1000. Step time: 905.7ms.
   [Vectorized MCTS] Step 1830: 43 games active. Completed: 957/1000. Step time: 804.5ms.
   [Vectorized MCTS] Step 1835: 40 games active. Completed: 960/1000. Step time: 732.1ms.
   [Vectorized MCTS] Step 1840: 35 games active. Completed: 965/1000. Step time: 670.1ms.
   [Vectorized MCTS] Step 1845: 31 games active. Completed: 969/1000. Step time: 606.1ms.
   [Vectorized MCTS] Step 1850: 28 games active. Completed: 972/1000. Step time: 578.6ms.
   [Vectorized MCTS] Step 1855: 28 games active. Completed: 972/1000. Step time: 556.5ms.
   [Vectorized MCTS] Step 1860: 24 games active. Completed: 976/1000. Step time: 527.5ms.
   [Vectorized MCTS] Step 1865: 24 games active. Completed: 976/1000. Step time: 495.0ms.
   [Vectorized MCTS] Step 1870: 19 games active. Completed: 981/1000. Step time: 417.0ms.
   [Vectorized MCTS] Step 1875: 18 games active. Completed: 982/1000. Step time: 374.6ms.
   [Vectorized MCTS] Step 1880: 16 games active. Completed: 984/1000. Step time: 345.8ms.
   [Vectorized MCTS] Step 1885: 15 games active. Completed: 985/1000. Step time: 333.2ms.
   [Vectorized MCTS] Step 1890: 13 games active. Completed: 987/1000. Step time: 312.3ms.
   [Vectorized MCTS] Step 1895: 13 games active. Completed: 987/1000. Step time: 304.5ms.
   [Vectorized MCTS] Step 1900: 12 games active. Completed: 988/1000. Step time: 288.4ms.
   [Vectorized MCTS] Step 1905: 12 games active. Completed: 988/1000. Step time: 290.0ms.
   [Vectorized MCTS] Step 1910: 12 games active. Completed: 988/1000. Step time: 296.2ms.
   [Vectorized MCTS] Step 1915: 12 games active. Completed: 988/1000. Step time: 270.3ms.
   [Vectorized MCTS] Step 1920: 10 games active. Completed: 990/1000. Step time: 266.0ms.
   [Vectorized MCTS] Step 1925: 08 games active. Completed: 992/1000. Step time: 229.7ms.
   [Vectorized MCTS] Step 1930: 07 games active. Completed: 993/1000. Step time: 223.0ms.
   [Vectorized MCTS] Step 1935: 07 games active. Completed: 993/1000. Step time: 224.2ms.
   [Vectorized MCTS] Step 1940: 07 games active. Completed: 993/1000. Step time: 218.0ms.
   [Vectorized MCTS] Step 1945: 06 games active. Completed: 994/1000. Step time: 211.1ms.
   [Vectorized MCTS] Step 1950: 05 games active. Completed: 995/1000. Step time: 202.6ms.
   [Vectorized MCTS] Step 1955: 05 games active. Completed: 995/1000. Step time: 201.9ms.
   [Vectorized MCTS] Step 1960: 05 games active. Completed: 995/1000. Step time: 204.2ms.
   [Vectorized MCTS] Step 1965: 03 games active. Completed: 997/1000. Step time: 180.9ms.
   [Vectorized MCTS] Step 1970: 02 games active. Completed: 998/1000. Step time: 147.7ms.
   [Vectorized MCTS] Step 1975: 02 games active. Completed: 998/1000. Step time: 151.3ms.
   [Vectorized MCTS] Step 1980: 02 games active. Completed: 998/1000. Step time: 150.7ms.
   [Vectorized MCTS] Step 1985: 01 games active. Completed: 999/1000. Step time: 133.8ms.
   [Vectorized MCTS] Step 1990: 01 games active. Completed: 999/1000. Step time: 134.1ms.
   [Vectorized MCTS] Step 1995: 01 games active. Completed: 999/1000. Step time: 133.7ms.
   [Vectorized MCTS] Step 2000: 01 games active. Completed: 999/1000. Step time: 132.7ms.
   [Vectorized MCTS] Step 2005: 01 games active. Completed: 999/1000. Step time: 133.4ms.
   [Vectorized MCTS] Step 2010: 01 games active. Completed: 999/1000. Step time: 133.9ms.
   [Vectorized MCTS] Step 2015: 01 games active. Completed: 999/1000. Step time: 133.5ms.
   [Vectorized MCTS] Step 2020: 01 games active. Completed: 999/1000. Step time: 132.2ms.
   [Vectorized MCTS] Step 2025: 01 games active. Completed: 999/1000. Step time: 133.7ms.
   [Vectorized MCTS] Step 2030: 01 games active. Completed: 999/1000. Step time: 135.9ms.
   [Vectorized MCTS] Step 2035: 00 games active. Completed: 1000/1000. Step time: 135.6ms.

Collection completed in 2382.9 seconds (2.383s/game average).
