Starting self-play collection using /Users/nilbot/playground/autogo-mlx/experiments/001_train_from_scratch/checkpoints/iter8.safetensors
--> Progressive sims enabled. Iteration 8 -> 64 simulations.
Config: num-games=1000, simulations=64, workers=8
--> Starting pool-swapping selfplay for all 1000 games with max_active_games=64...
   [Vectorized MCTS] Step 001: 64 games active. Completed: 0/1000. Step time: 4287.5ms.
   [Vectorized MCTS] Step 005: 64 games active. Completed: 0/1000. Step time: 4640.8ms.
   [Vectorized MCTS] Step 010: 64 games active. Completed: 0/1000. Step time: 4731.8ms.
   [Vectorized MCTS] Step 015: 64 games active. Completed: 0/1000. Step time: 4689.0ms.
   [Vectorized MCTS] Step 020: 64 games active. Completed: 0/1000. Step time: 4626.9ms.
   [Vectorized MCTS] Step 025: 64 games active. Completed: 0/1000. Step time: 4719.0ms.
   [Vectorized MCTS] Step 030: 64 games active. Completed: 0/1000. Step time: 4709.6ms.
   [Vectorized MCTS] Step 035: 64 games active. Completed: 0/1000. Step time: 4677.7ms.
   [Vectorized MCTS] Step 040: 64 games active. Completed: 0/1000. Step time: 4726.8ms.
   [Vectorized MCTS] Step 045: 64 games active. Completed: 0/1000. Step time: 4747.6ms.
   [Vectorized MCTS] Step 050: 64 games active. Completed: 0/1000. Step time: 4779.9ms.
   [Vectorized MCTS] Step 055: 64 games active. Completed: 0/1000. Step time: 4771.0ms.
   [Vectorized MCTS] Step 060: 64 games active. Completed: 0/1000. Step time: 4735.9ms.
   [Vectorized MCTS] Step 065: 64 games active. Completed: 24/1000. Step time: 4705.8ms.
   [Vectorized MCTS] Step 070: 64 games active. Completed: 24/1000. Step time: 4778.3ms.
   [Vectorized MCTS] Step 075: 64 games active. Completed: 26/1000. Step time: 4798.4ms.
   [Vectorized MCTS] Step 080: 64 games active. Completed: 27/1000. Step time: 4836.4ms.
   [Vectorized MCTS] Step 085: 64 games active. Completed: 27/1000. Step time: 4964.8ms.
   [Vectorized MCTS] Step 090: 64 games active. Completed: 27/1000. Step time: 4782.8ms.
   [Vectorized MCTS] Step 095: 64 games active. Completed: 28/1000. Step time: 4789.6ms.
   [Vectorized MCTS] Step 100: 64 games active. Completed: 28/1000. Step time: 4773.9ms.
   [Vectorized MCTS] Step 105: 64 games active. Completed: 30/1000. Step time: 4766.6ms.
   [Vectorized MCTS] Step 110: 64 games active. Completed: 31/1000. Step time: 4944.4ms.
   [Vectorized MCTS] Step 115: 64 games active. Completed: 36/1000. Step time: 4778.4ms.
   [Vectorized MCTS] Step 120: 64 games active. Completed: 40/1000. Step time: 4759.2ms.
   [Vectorized MCTS] Step 125: 64 games active. Completed: 51/1000. Step time: 4727.5ms.
   [Vectorized MCTS] Step 130: 64 games active. Completed: 59/1000. Step time: 4760.9ms.
   [Vectorized MCTS] Step 135: 64 games active. Completed: 60/1000. Step time: 4769.4ms.
   [Vectorized MCTS] Step 140: 64 games active. Completed: 66/1000. Step time: 4867.8ms.
   [Vectorized MCTS] Step 145: 64 games active. Completed: 70/1000. Step time: 4751.9ms.
   [Vectorized MCTS] Step 150: 64 games active. Completed: 71/1000. Step time: 4748.7ms.
   [Vectorized MCTS] Step 155: 64 games active. Completed: 75/1000. Step time: 4728.6ms.
   [Vectorized MCTS] Step 160: 64 games active. Completed: 76/1000. Step time: 4738.9ms.
   [Vectorized MCTS] Step 165: 64 games active. Completed: 78/1000. Step time: 4842.9ms.
   [Vectorized MCTS] Step 170: 64 games active. Completed: 81/1000. Step time: 4744.8ms.
   [Vectorized MCTS] Step 175: 64 games active. Completed: 86/1000. Step time: 4887.4ms.
   [Vectorized MCTS] Step 180: 64 games active. Completed: 91/1000. Step time: 4854.4ms.
   [Vectorized MCTS] Step 185: 64 games active. Completed: 92/1000. Step time: 4835.6ms.
   [Vectorized MCTS] Step 190: 64 games active. Completed: 97/1000. Step time: 4781.2ms.
   [Vectorized MCTS] Step 195: 64 games active. Completed: 100/1000. Step time: 4830.2ms.
   [Vectorized MCTS] Step 200: 64 games active. Completed: 103/1000. Step time: 4701.6ms.
   [Vectorized MCTS] Step 205: 64 games active. Completed: 107/1000. Step time: 4773.2ms.
   [Vectorized MCTS] Step 210: 64 games active. Completed: 110/1000. Step time: 4778.0ms.
   [Vectorized MCTS] Step 215: 64 games active. Completed: 111/1000. Step time: 4732.5ms.
   [Vectorized MCTS] Step 220: 64 games active. Completed: 111/1000. Step time: 4774.0ms.
   [Vectorized MCTS] Step 225: 64 games active. Completed: 115/1000. Step time: 4785.6ms.
   [Vectorized MCTS] Step 230: 64 games active. Completed: 118/1000. Step time: 4751.7ms.
   [Vectorized MCTS] Step 235: 64 games active. Completed: 120/1000. Step time: 4783.2ms.
   [Vectorized MCTS] Step 240: 64 games active. Completed: 120/1000. Step time: 4716.2ms.
   [Vectorized MCTS] Step 245: 64 games active. Completed: 128/1000. Step time: 4742.7ms.
   [Vectorized MCTS] Step 250: 64 games active. Completed: 135/1000. Step time: 4970.5ms.
   [Vectorized MCTS] Step 255: 64 games active. Completed: 141/1000. Step time: 4984.0ms.
   [Vectorized MCTS] Step 260: 64 games active. Completed: 144/1000. Step time: 5082.9ms.
   [Vectorized MCTS] Step 265: 64 games active. Completed: 147/1000. Step time: 5108.5ms.
   [Vectorized MCTS] Step 270: 64 games active. Completed: 149/1000. Step time: 5155.3ms.
   [Vectorized MCTS] Step 275: 64 games active. Completed: 151/1000. Step time: 4971.8ms.
   [Vectorized MCTS] Step 280: 64 games active. Completed: 154/1000. Step time: 4986.0ms.
   [Vectorized MCTS] Step 285: 64 games active. Completed: 155/1000. Step time: 4990.8ms.
   [Vectorized MCTS] Step 290: 64 games active. Completed: 162/1000. Step time: 5054.6ms.
   [Vectorized MCTS] Step 295: 64 games active. Completed: 164/1000. Step time: 5046.3ms.
   [Vectorized MCTS] Step 300: 64 games active. Completed: 166/1000. Step time: 4946.7ms.
   [Vectorized MCTS] Step 305: 64 games active. Completed: 171/1000. Step time: 5005.9ms.
   [Vectorized MCTS] Step 310: 64 games active. Completed: 175/1000. Step time: 4966.0ms.
   [Vectorized MCTS] Step 315: 64 games active. Completed: 183/1000. Step time: 5016.7ms.
   [Vectorized MCTS] Step 320: 64 games active. Completed: 187/1000. Step time: 4889.5ms.
   [Vectorized MCTS] Step 325: 64 games active. Completed: 187/1000. Step time: 5138.6ms.
   [Vectorized MCTS] Step 330: 64 games active. Completed: 189/1000. Step time: 5167.8ms.
   [Vectorized MCTS] Step 335: 64 games active. Completed: 191/1000. Step time: 4877.2ms.
   [Vectorized MCTS] Step 340: 64 games active. Completed: 193/1000. Step time: 4970.2ms.
   [Vectorized MCTS] Step 345: 64 games active. Completed: 195/1000. Step time: 5028.4ms.
   [Vectorized MCTS] Step 350: 64 games active. Completed: 199/1000. Step time: 4943.0ms.
   [Vectorized MCTS] Step 355: 64 games active. Completed: 203/1000. Step time: 4891.6ms.
   [Vectorized MCTS] Step 360: 64 games active. Completed: 205/1000. Step time: 5145.4ms.
   [Vectorized MCTS] Step 365: 64 games active. Completed: 207/1000. Step time: 5057.7ms.
   [Vectorized MCTS] Step 370: 64 games active. Completed: 209/1000. Step time: 4961.7ms.
   [Vectorized MCTS] Step 375: 64 games active. Completed: 213/1000. Step time: 4855.3ms.
   [Vectorized MCTS] Step 380: 64 games active. Completed: 219/1000. Step time: 4998.9ms.
   [Vectorized MCTS] Step 385: 64 games active. Completed: 224/1000. Step time: 4949.2ms.
   [Vectorized MCTS] Step 390: 64 games active. Completed: 227/1000. Step time: 5032.8ms.
   [Vectorized MCTS] Step 395: 64 games active. Completed: 228/1000. Step time: 5191.6ms.
   [Vectorized MCTS] Step 400: 64 games active. Completed: 232/1000. Step time: 6066.7ms.
   [Vectorized MCTS] Step 405: 64 games active. Completed: 234/1000. Step time: 4958.6ms.
   [Vectorized MCTS] Step 410: 64 games active. Completed: 236/1000. Step time: 4905.0ms.
   [Vectorized MCTS] Step 415: 64 games active. Completed: 239/1000. Step time: 4946.4ms.
   [Vectorized MCTS] Step 420: 64 games active. Completed: 244/1000. Step time: 5020.9ms.
   [Vectorized MCTS] Step 425: 64 games active. Completed: 250/1000. Step time: 4857.1ms.
   [Vectorized MCTS] Step 430: 64 games active. Completed: 255/1000. Step time: 4880.9ms.
   [Vectorized MCTS] Step 435: 64 games active. Completed: 258/1000. Step time: 5031.3ms.
   [Vectorized MCTS] Step 440: 64 games active. Completed: 261/1000. Step time: 4980.1ms.
   [Vectorized MCTS] Step 445: 64 games active. Completed: 264/1000. Step time: 4889.3ms.
   [Vectorized MCTS] Step 450: 64 games active. Completed: 270/1000. Step time: 4948.0ms.
   [Vectorized MCTS] Step 455: 64 games active. Completed: 276/1000. Step time: 5039.0ms.
   [Vectorized MCTS] Step 460: 64 games active. Completed: 281/1000. Step time: 4890.4ms.
   [Vectorized MCTS] Step 465: 64 games active. Completed: 285/1000. Step time: 4805.7ms.
   [Vectorized MCTS] Step 470: 64 games active. Completed: 286/1000. Step time: 5015.3ms.
   [Vectorized MCTS] Step 475: 64 games active. Completed: 288/1000. Step time: 4911.8ms.
   [Vectorized MCTS] Step 480: 64 games active. Completed: 291/1000. Step time: 5619.0ms.
   [Vectorized MCTS] Step 485: 64 games active. Completed: 295/1000. Step time: 4771.2ms.
   [Vectorized MCTS] Step 490: 64 games active. Completed: 295/1000. Step time: 5075.6ms.
   [Vectorized MCTS] Step 495: 64 games active. Completed: 299/1000. Step time: 4898.3ms.
   [Vectorized MCTS] Step 500: 64 games active. Completed: 303/1000. Step time: 4938.5ms.
   [Vectorized MCTS] Step 505: 64 games active. Completed: 304/1000. Step time: 4967.5ms.
   [Vectorized MCTS] Step 510: 64 games active. Completed: 308/1000. Step time: 5098.3ms.
   [Vectorized MCTS] Step 515: 64 games active. Completed: 313/1000. Step time: 4913.2ms.
   [Vectorized MCTS] Step 520: 64 games active. Completed: 315/1000. Step time: 5011.2ms.
   [Vectorized MCTS] Step 525: 64 games active. Completed: 320/1000. Step time: 4857.8ms.
   [Vectorized MCTS] Step 530: 64 games active. Completed: 321/1000. Step time: 4972.1ms.
   [Vectorized MCTS] Step 535: 64 games active. Completed: 324/1000. Step time: 4956.1ms.
   [Vectorized MCTS] Step 540: 64 games active. Completed: 326/1000. Step time: 5016.2ms.
   [Vectorized MCTS] Step 545: 64 games active. Completed: 326/1000. Step time: 5068.2ms.
   [Vectorized MCTS] Step 550: 64 games active. Completed: 329/1000. Step time: 5050.9ms.
   [Vectorized MCTS] Step 555: 64 games active. Completed: 332/1000. Step time: 4929.0ms.
   [Vectorized MCTS] Step 560: 64 games active. Completed: 333/1000. Step time: 5006.3ms.
   [Vectorized MCTS] Step 565: 64 games active. Completed: 338/1000. Step time: 4956.0ms.
   [Vectorized MCTS] Step 570: 64 games active. Completed: 341/1000. Step time: 4986.9ms.
   [Vectorized MCTS] Step 575: 64 games active. Completed: 349/1000. Step time: 4939.3ms.
   [Vectorized MCTS] Step 580: 64 games active. Completed: 355/1000. Step time: 5014.3ms.
   [Vectorized MCTS] Step 585: 64 games active. Completed: 357/1000. Step time: 4986.5ms.
   [Vectorized MCTS] Step 590: 64 games active. Completed: 363/1000. Step time: 4922.2ms.
   [Vectorized MCTS] Step 595: 64 games active. Completed: 364/1000. Step time: 4845.4ms.
   [Vectorized MCTS] Step 600: 64 games active. Completed: 368/1000. Step time: 5062.9ms.
   [Vectorized MCTS] Step 605: 64 games active. Completed: 371/1000. Step time: 4942.8ms.
   [Vectorized MCTS] Step 610: 64 games active. Completed: 372/1000. Step time: 5065.9ms.
   [Vectorized MCTS] Step 615: 64 games active. Completed: 374/1000. Step time: 5262.9ms.
   [Vectorized MCTS] Step 620: 64 games active. Completed: 377/1000. Step time: 4923.4ms.
   [Vectorized MCTS] Step 625: 64 games active. Completed: 382/1000. Step time: 4882.5ms.
   [Vectorized MCTS] Step 630: 64 games active. Completed: 386/1000. Step time: 4955.9ms.
   [Vectorized MCTS] Step 635: 64 games active. Completed: 392/1000. Step time: 4970.6ms.
   [Vectorized MCTS] Step 640: 64 games active. Completed: 395/1000. Step time: 4819.3ms.
   [Vectorized MCTS] Step 645: 64 games active. Completed: 398/1000. Step time: 4882.3ms.
   [Vectorized MCTS] Step 650: 64 games active. Completed: 403/1000. Step time: 5138.1ms.
   [Vectorized MCTS] Step 655: 64 games active. Completed: 408/1000. Step time: 5030.2ms.
   [Vectorized MCTS] Step 660: 64 games active. Completed: 409/1000. Step time: 5005.1ms.
   [Vectorized MCTS] Step 665: 64 games active. Completed: 412/1000. Step time: 4853.0ms.
   [Vectorized MCTS] Step 670: 64 games active. Completed: 412/1000. Step time: 5084.7ms.
   [Vectorized MCTS] Step 675: 64 games active. Completed: 413/1000. Step time: 4920.5ms.
   [Vectorized MCTS] Step 680: 64 games active. Completed: 413/1000. Step time: 4865.3ms.
   [Vectorized MCTS] Step 685: 64 games active. Completed: 426/1000. Step time: 5063.4ms.
   [Vectorized MCTS] Step 690: 64 games active. Completed: 433/1000. Step time: 5193.2ms.
   [Vectorized MCTS] Step 695: 64 games active. Completed: 435/1000. Step time: 4835.2ms.
   [Vectorized MCTS] Step 700: 64 games active. Completed: 439/1000. Step time: 4802.5ms.
   [Vectorized MCTS] Step 705: 64 games active. Completed: 444/1000. Step time: 5026.3ms.
   [Vectorized MCTS] Step 710: 64 games active. Completed: 446/1000. Step time: 5097.0ms.
   [Vectorized MCTS] Step 715: 64 games active. Completed: 452/1000. Step time: 4768.7ms.
   [Vectorized MCTS] Step 720: 64 games active. Completed: 452/1000. Step time: 5016.7ms.
   [Vectorized MCTS] Step 725: 64 games active. Completed: 454/1000. Step time: 5232.7ms.
   [Vectorized MCTS] Step 730: 64 games active. Completed: 459/1000. Step time: 4868.0ms.
   [Vectorized MCTS] Step 735: 64 games active. Completed: 460/1000. Step time: 4780.2ms.
   [Vectorized MCTS] Step 740: 64 games active. Completed: 461/1000. Step time: 5129.1ms.
   [Vectorized MCTS] Step 745: 64 games active. Completed: 467/1000. Step time: 5104.2ms.
   [Vectorized MCTS] Step 750: 64 games active. Completed: 470/1000. Step time: 4870.2ms.
   [Vectorized MCTS] Step 755: 64 games active. Completed: 474/1000. Step time: 5002.2ms.
   [Vectorized MCTS] Step 760: 64 games active. Completed: 481/1000. Step time: 5122.6ms.
   [Vectorized MCTS] Step 765: 64 games active. Completed: 485/1000. Step time: 4928.2ms.
   [Vectorized MCTS] Step 770: 64 games active. Completed: 489/1000. Step time: 4920.6ms.
   [Vectorized MCTS] Step 775: 64 games active. Completed: 490/1000. Step time: 5045.9ms.
   [Vectorized MCTS] Step 780: 64 games active. Completed: 494/1000. Step time: 5031.7ms.
   [Vectorized MCTS] Step 785: 64 games active. Completed: 495/1000. Step time: 4863.5ms.
   [Vectorized MCTS] Step 790: 64 games active. Completed: 499/1000. Step time: 4982.1ms.
   [Vectorized MCTS] Step 795: 64 games active. Completed: 499/1000. Step time: 5007.8ms.
   [Vectorized MCTS] Step 800: 64 games active. Completed: 500/1000. Step time: 4963.6ms.
   [Vectorized MCTS] Step 805: 64 games active. Completed: 503/1000. Step time: 4969.5ms.
   [Vectorized MCTS] Step 810: 64 games active. Completed: 505/1000. Step time: 4956.6ms.
   [Vectorized MCTS] Step 815: 64 games active. Completed: 510/1000. Step time: 5031.7ms.
   [Vectorized MCTS] Step 820: 64 games active. Completed: 517/1000. Step time: 4942.8ms.
   [Vectorized MCTS] Step 825: 64 games active. Completed: 519/1000. Step time: 4920.1ms.
   [Vectorized MCTS] Step 830: 64 games active. Completed: 526/1000. Step time: 5014.5ms.
   [Vectorized MCTS] Step 835: 64 games active. Completed: 528/1000. Step time: 4990.5ms.
   [Vectorized MCTS] Step 840: 64 games active. Completed: 534/1000. Step time: 5028.5ms.
   [Vectorized MCTS] Step 845: 64 games active. Completed: 537/1000. Step time: 4944.6ms.
   [Vectorized MCTS] Step 850: 64 games active. Completed: 539/1000. Step time: 5049.1ms.
   [Vectorized MCTS] Step 855: 64 games active. Completed: 541/1000. Step time: 4875.7ms.
   [Vectorized MCTS] Step 860: 64 games active. Completed: 545/1000. Step time: 4961.9ms.
   [Vectorized MCTS] Step 865: 64 games active. Completed: 548/1000. Step time: 5161.8ms.
   [Vectorized MCTS] Step 870: 64 games active. Completed: 551/1000. Step time: 4999.5ms.
   [Vectorized MCTS] Step 875: 64 games active. Completed: 555/1000. Step time: 4918.5ms.
   [Vectorized MCTS] Step 880: 64 games active. Completed: 558/1000. Step time: 4917.5ms.
   [Vectorized MCTS] Step 885: 64 games active. Completed: 561/1000. Step time: 4999.6ms.
   [Vectorized MCTS] Step 890: 64 games active. Completed: 566/1000. Step time: 4864.7ms.
   [Vectorized MCTS] Step 895: 64 games active. Completed: 569/1000. Step time: 5016.3ms.
   [Vectorized MCTS] Step 900: 64 games active. Completed: 570/1000. Step time: 5169.9ms.
   [Vectorized MCTS] Step 905: 64 games active. Completed: 573/1000. Step time: 4956.0ms.
   [Vectorized MCTS] Step 910: 64 games active. Completed: 576/1000. Step time: 4959.0ms.
   [Vectorized MCTS] Step 915: 64 games active. Completed: 578/1000. Step time: 5064.5ms.
   [Vectorized MCTS] Step 920: 64 games active. Completed: 578/1000. Step time: 4990.3ms.
   [Vectorized MCTS] Step 925: 64 games active. Completed: 580/1000. Step time: 4973.3ms.
   [Vectorized MCTS] Step 930: 64 games active. Completed: 585/1000. Step time: 4815.4ms.
   [Vectorized MCTS] Step 935: 64 games active. Completed: 587/1000. Step time: 5064.0ms.
   [Vectorized MCTS] Step 940: 64 games active. Completed: 590/1000. Step time: 5055.1ms.
   [Vectorized MCTS] Step 945: 64 games active. Completed: 594/1000. Step time: 4849.1ms.
   [Vectorized MCTS] Step 950: 64 games active. Completed: 596/1000. Step time: 4943.5ms.
   [Vectorized MCTS] Step 955: 64 games active. Completed: 600/1000. Step time: 4966.6ms.
   [Vectorized MCTS] Step 960: 64 games active. Completed: 604/1000. Step time: 4911.3ms.
   [Vectorized MCTS] Step 965: 64 games active. Completed: 607/1000. Step time: 4901.1ms.
   [Vectorized MCTS] Step 970: 64 games active. Completed: 612/1000. Step time: 5053.3ms.
   [Vectorized MCTS] Step 975: 64 games active. Completed: 614/1000. Step time: 5057.3ms.
   [Vectorized MCTS] Step 980: 64 games active. Completed: 617/1000. Step time: 4942.7ms.
   [Vectorized MCTS] Step 985: 64 games active. Completed: 620/1000. Step time: 4899.2ms.
   [Vectorized MCTS] Step 990: 64 games active. Completed: 626/1000. Step time: 4976.0ms.
   [Vectorized MCTS] Step 995: 64 games active. Completed: 628/1000. Step time: 5045.5ms.
   [Vectorized MCTS] Step 1000: 64 games active. Completed: 633/1000. Step time: 4843.2ms.
   [Vectorized MCTS] Step 1005: 64 games active. Completed: 635/1000. Step time: 5064.6ms.
   [Vectorized MCTS] Step 1010: 64 games active. Completed: 638/1000. Step time: 5075.0ms.
   [Vectorized MCTS] Step 1015: 64 games active. Completed: 639/1000. Step time: 4982.2ms.
   [Vectorized MCTS] Step 1020: 64 games active. Completed: 643/1000. Step time: 4879.0ms.
   [Vectorized MCTS] Step 1025: 64 games active. Completed: 648/1000. Step time: 4939.3ms.
   [Vectorized MCTS] Step 1030: 64 games active. Completed: 651/1000. Step time: 4984.8ms.
   [Vectorized MCTS] Step 1035: 64 games active. Completed: 654/1000. Step time: 4863.9ms.
   [Vectorized MCTS] Step 1040: 64 games active. Completed: 658/1000. Step time: 4985.0ms.
   [Vectorized MCTS] Step 1045: 64 games active. Completed: 659/1000. Step time: 5187.2ms.
   [Vectorized MCTS] Step 1050: 64 games active. Completed: 662/1000. Step time: 4900.9ms.
   [Vectorized MCTS] Step 1055: 64 games active. Completed: 665/1000. Step time: 5022.4ms.
   [Vectorized MCTS] Step 1060: 64 games active. Completed: 667/1000. Step time: 4916.6ms.
   [Vectorized MCTS] Step 1065: 64 games active. Completed: 670/1000. Step time: 5046.2ms.
   [Vectorized MCTS] Step 1070: 64 games active. Completed: 671/1000. Step time: 4993.5ms.
   [Vectorized MCTS] Step 1075: 64 games active. Completed: 676/1000. Step time: 5009.4ms.
   [Vectorized MCTS] Step 1080: 64 games active. Completed: 680/1000. Step time: 5070.4ms.
   [Vectorized MCTS] Step 1085: 64 games active. Completed: 681/1000. Step time: 4951.8ms.
   [Vectorized MCTS] Step 1090: 64 games active. Completed: 687/1000. Step time: 4896.9ms.
   [Vectorized MCTS] Step 1095: 64 games active. Completed: 691/1000. Step time: 4948.2ms.
   [Vectorized MCTS] Step 1100: 64 games active. Completed: 694/1000. Step time: 5213.3ms.
   [Vectorized MCTS] Step 1105: 64 games active. Completed: 696/1000. Step time: 4970.6ms.
   [Vectorized MCTS] Step 1110: 64 games active. Completed: 699/1000. Step time: 4806.4ms.
   [Vectorized MCTS] Step 1115: 64 games active. Completed: 704/1000. Step time: 5003.8ms.
   [Vectorized MCTS] Step 1120: 64 games active. Completed: 710/1000. Step time: 5035.3ms.
   [Vectorized MCTS] Step 1125: 64 games active. Completed: 715/1000. Step time: 4892.9ms.
   [Vectorized MCTS] Step 1130: 64 games active. Completed: 720/1000. Step time: 4770.9ms.
   [Vectorized MCTS] Step 1135: 64 games active. Completed: 722/1000. Step time: 5086.2ms.
   [Vectorized MCTS] Step 1140: 64 games active. Completed: 724/1000. Step time: 5411.7ms.
   [Vectorized MCTS] Step 1145: 64 games active. Completed: 726/1000. Step time: 4850.6ms.
   [Vectorized MCTS] Step 1150: 64 games active. Completed: 732/1000. Step time: 5045.9ms.
   [Vectorized MCTS] Step 1155: 64 games active. Completed: 737/1000. Step time: 5054.1ms.
   [Vectorized MCTS] Step 1160: 64 games active. Completed: 739/1000. Step time: 4856.8ms.
   [Vectorized MCTS] Step 1165: 64 games active. Completed: 742/1000. Step time: 5009.7ms.
   [Vectorized MCTS] Step 1170: 64 games active. Completed: 744/1000. Step time: 5012.2ms.
   [Vectorized MCTS] Step 1175: 64 games active. Completed: 747/1000. Step time: 4959.4ms.
   [Vectorized MCTS] Step 1180: 64 games active. Completed: 750/1000. Step time: 4611.8ms.
   [Vectorized MCTS] Step 1185: 64 games active. Completed: 755/1000. Step time: 5078.1ms.
   [Vectorized MCTS] Step 1190: 64 games active. Completed: 758/1000. Step time: 5017.2ms.
   [Vectorized MCTS] Step 1195: 64 games active. Completed: 761/1000. Step time: 4847.2ms.
   [Vectorized MCTS] Step 1200: 64 games active. Completed: 763/1000. Step time: 4905.6ms.
   [Vectorized MCTS] Step 1205: 64 games active. Completed: 766/1000. Step time: 5013.8ms.
   [Vectorized MCTS] Step 1210: 64 games active. Completed: 770/1000. Step time: 4954.4ms.
   [Vectorized MCTS] Step 1215: 64 games active. Completed: 773/1000. Step time: 4865.2ms.
   [Vectorized MCTS] Step 1220: 64 games active. Completed: 778/1000. Step time: 5073.7ms.
   [Vectorized MCTS] Step 1225: 64 games active. Completed: 779/1000. Step time: 5055.7ms.
   [Vectorized MCTS] Step 1230: 64 games active. Completed: 781/1000. Step time: 4964.1ms.
   [Vectorized MCTS] Step 1235: 64 games active. Completed: 784/1000. Step time: 4931.7ms.
   [Vectorized MCTS] Step 1240: 64 games active. Completed: 785/1000. Step time: 4957.9ms.
   [Vectorized MCTS] Step 1245: 64 games active. Completed: 788/1000. Step time: 5018.2ms.
   [Vectorized MCTS] Step 1250: 64 games active. Completed: 792/1000. Step time: 4902.9ms.
   [Vectorized MCTS] Step 1255: 64 games active. Completed: 798/1000. Step time: 4944.7ms.
   [Vectorized MCTS] Step 1260: 64 games active. Completed: 801/1000. Step time: 5172.5ms.
   [Vectorized MCTS] Step 1265: 64 games active. Completed: 803/1000. Step time: 5006.1ms.
   [Vectorized MCTS] Step 1270: 64 games active. Completed: 811/1000. Step time: 4840.5ms.
   [Vectorized MCTS] Step 1275: 64 games active. Completed: 815/1000. Step time: 5019.7ms.
   [Vectorized MCTS] Step 1280: 64 games active. Completed: 821/1000. Step time: 5142.0ms.
   [Vectorized MCTS] Step 1285: 64 games active. Completed: 822/1000. Step time: 4844.7ms.
   [Vectorized MCTS] Step 1290: 64 games active. Completed: 824/1000. Step time: 4919.2ms.
   [Vectorized MCTS] Step 1295: 64 games active. Completed: 825/1000. Step time: 5119.3ms.
   [Vectorized MCTS] Step 1300: 64 games active. Completed: 831/1000. Step time: 4967.8ms.
   [Vectorized MCTS] Step 1305: 64 games active. Completed: 835/1000. Step time: 4854.2ms.
   [Vectorized MCTS] Step 1310: 64 games active. Completed: 836/1000. Step time: 4967.0ms.
   [Vectorized MCTS] Step 1315: 64 games active. Completed: 839/1000. Step time: 5046.5ms.
   [Vectorized MCTS] Step 1320: 64 games active. Completed: 843/1000. Step time: 4861.6ms.
   [Vectorized MCTS] Step 1325: 64 games active. Completed: 846/1000. Step time: 4919.1ms.
   [Vectorized MCTS] Step 1330: 64 games active. Completed: 850/1000. Step time: 5093.0ms.
   [Vectorized MCTS] Step 1335: 64 games active. Completed: 855/1000. Step time: 4935.3ms.
   [Vectorized MCTS] Step 1340: 64 games active. Completed: 863/1000. Step time: 4948.2ms.
   [Vectorized MCTS] Step 1345: 64 games active. Completed: 867/1000. Step time: 4919.6ms.
   [Vectorized MCTS] Step 1350: 64 games active. Completed: 869/1000. Step time: 4947.7ms.
   [Vectorized MCTS] Step 1355: 64 games active. Completed: 873/1000. Step time: 4801.8ms.
   [Vectorized MCTS] Step 1360: 64 games active. Completed: 878/1000. Step time: 4908.1ms.
   [Vectorized MCTS] Step 1365: 64 games active. Completed: 880/1000. Step time: 4970.0ms.
   [Vectorized MCTS] Step 1370: 64 games active. Completed: 883/1000. Step time: 4997.7ms.
   [Vectorized MCTS] Step 1375: 64 games active. Completed: 883/1000. Step time: 4858.4ms.
   [Vectorized MCTS] Step 1380: 64 games active. Completed: 888/1000. Step time: 4932.5ms.
   [Vectorized MCTS] Step 1385: 64 games active. Completed: 889/1000. Step time: 5050.7ms.
   [Vectorized MCTS] Step 1390: 64 games active. Completed: 892/1000. Step time: 5031.6ms.
   [Vectorized MCTS] Step 1395: 64 games active. Completed: 895/1000. Step time: 4906.3ms.
   [Vectorized MCTS] Step 1400: 64 games active. Completed: 899/1000. Step time: 5055.4ms.
   [Vectorized MCTS] Step 1405: 64 games active. Completed: 901/1000. Step time: 5057.2ms.
   [Vectorized MCTS] Step 1410: 64 games active. Completed: 905/1000. Step time: 4882.7ms.
   [Vectorized MCTS] Step 1415: 64 games active. Completed: 907/1000. Step time: 4901.6ms.
   [Vectorized MCTS] Step 1420: 64 games active. Completed: 908/1000. Step time: 4925.4ms.
   [Vectorized MCTS] Step 1425: 64 games active. Completed: 913/1000. Step time: 4845.8ms.
   [Vectorized MCTS] Step 1430: 64 games active. Completed: 914/1000. Step time: 4960.0ms.
   [Vectorized MCTS] Step 1435: 64 games active. Completed: 915/1000. Step time: 5102.9ms.
   [Vectorized MCTS] Step 1440: 64 games active. Completed: 919/1000. Step time: 5114.6ms.
   [Vectorized MCTS] Step 1445: 64 games active. Completed: 923/1000. Step time: 4889.7ms.
   [Vectorized MCTS] Step 1450: 64 games active. Completed: 927/1000. Step time: 4916.5ms.
   [Vectorized MCTS] Step 1455: 64 games active. Completed: 932/1000. Step time: 4891.4ms.
   [Vectorized MCTS] Step 1460: 64 games active. Completed: 935/1000. Step time: 5127.0ms.
   [Vectorized MCTS] Step 1465: 62 games active. Completed: 938/1000. Step time: 5082.2ms.
   [Vectorized MCTS] Step 1470: 58 games active. Completed: 942/1000. Step time: 4740.8ms.
   [Vectorized MCTS] Step 1475: 56 games active. Completed: 944/1000. Step time: 4625.3ms.
   [Vectorized MCTS] Step 1480: 54 games active. Completed: 946/1000. Step time: 4399.0ms.
   [Vectorized MCTS] Step 1485: 49 games active. Completed: 951/1000. Step time: 4027.8ms.
   [Vectorized MCTS] Step 1490: 48 games active. Completed: 952/1000. Step time: 3498.5ms.
   [Vectorized MCTS] Step 1495: 45 games active. Completed: 955/1000. Step time: 3289.5ms.
   [Vectorized MCTS] Step 1500: 45 games active. Completed: 955/1000. Step time: 3369.4ms.
   [Vectorized MCTS] Step 1505: 42 games active. Completed: 958/1000. Step time: 3147.0ms.
   [Vectorized MCTS] Step 1510: 36 games active. Completed: 964/1000. Step time: 2804.9ms.
   [Vectorized MCTS] Step 1515: 35 games active. Completed: 965/1000. Step time: 2686.2ms.
   [Vectorized MCTS] Step 1520: 32 games active. Completed: 968/1000. Step time: 2549.5ms.
   [Vectorized MCTS] Step 1525: 29 games active. Completed: 971/1000. Step time: 2299.2ms.
   [Vectorized MCTS] Step 1530: 27 games active. Completed: 973/1000. Step time: 2178.3ms.
   [Vectorized MCTS] Step 1535: 24 games active. Completed: 976/1000. Step time: 1948.1ms.
   [Vectorized MCTS] Step 1540: 21 games active. Completed: 979/1000. Step time: 1770.1ms.
   [Vectorized MCTS] Step 1545: 19 games active. Completed: 981/1000. Step time: 1687.0ms.
   [Vectorized MCTS] Step 1550: 18 games active. Completed: 982/1000. Step time: 1626.1ms.
   [Vectorized MCTS] Step 1555: 16 games active. Completed: 984/1000. Step time: 1408.0ms.
   [Vectorized MCTS] Step 1560: 15 games active. Completed: 985/1000. Step time: 1370.0ms.
   [Vectorized MCTS] Step 1565: 12 games active. Completed: 988/1000. Step time: 1138.5ms.
   [Vectorized MCTS] Step 1570: 11 games active. Completed: 989/1000. Step time: 1148.4ms.
   [Vectorized MCTS] Step 1575: 09 games active. Completed: 991/1000. Step time: 998.3ms.
   [Vectorized MCTS] Step 1580: 05 games active. Completed: 995/1000. Step time: 750.2ms.
   [Vectorized MCTS] Step 1585: 04 games active. Completed: 996/1000. Step time: 691.8ms.
   [Vectorized MCTS] Step 1590: 04 games active. Completed: 996/1000. Step time: 674.0ms.
   [Vectorized MCTS] Step 1595: 04 games active. Completed: 996/1000. Step time: 674.8ms.
   [Vectorized MCTS] Step 1600: 04 games active. Completed: 996/1000. Step time: 680.6ms.
   [Vectorized MCTS] Step 1605: 04 games active. Completed: 996/1000. Step time: 690.2ms.
   [Vectorized MCTS] Step 1610: 04 games active. Completed: 996/1000. Step time: 695.2ms.
   [Vectorized MCTS] Step 1615: 04 games active. Completed: 996/1000. Step time: 691.6ms.
   [Vectorized MCTS] Step 1620: 03 games active. Completed: 997/1000. Step time: 633.6ms.
   [Vectorized MCTS] Step 1625: 03 games active. Completed: 997/1000. Step time: 609.1ms.
   [Vectorized MCTS] Step 1630: 03 games active. Completed: 997/1000. Step time: 616.1ms.
   [Vectorized MCTS] Step 1635: 03 games active. Completed: 997/1000. Step time: 627.0ms.
   [Vectorized MCTS] Step 1640: 03 games active. Completed: 997/1000. Step time: 622.5ms.
   [Vectorized MCTS] Step 1645: 03 games active. Completed: 997/1000. Step time: 633.8ms.
   [Vectorized MCTS] Step 1650: 03 games active. Completed: 997/1000. Step time: 627.2ms.
   [Vectorized MCTS] Step 1655: 02 games active. Completed: 998/1000. Step time: 572.9ms.
   [Vectorized MCTS] Step 1660: 02 games active. Completed: 998/1000. Step time: 566.9ms.
   [Vectorized MCTS] Step 1665: 02 games active. Completed: 998/1000. Step time: 574.2ms.
   [Vectorized MCTS] Step 1670: 02 games active. Completed: 998/1000. Step time: 579.3ms.
   [Vectorized MCTS] Step 1675: 02 games active. Completed: 998/1000. Step time: 573.0ms.
   [Vectorized MCTS] Step 1680: 02 games active. Completed: 998/1000. Step time: 582.1ms.
   [Vectorized MCTS] Step 1685: 02 games active. Completed: 998/1000. Step time: 580.9ms.
   [Vectorized MCTS] Step 1690: 02 games active. Completed: 998/1000. Step time: 584.4ms.
   [Vectorized MCTS] Step 1695: 01 games active. Completed: 999/1000. Step time: 514.6ms.
   [Vectorized MCTS] Step 1700: 01 games active. Completed: 999/1000. Step time: 514.4ms.
   [Vectorized MCTS] Step 1705: 01 games active. Completed: 999/1000. Step time: 517.0ms.
   [Vectorized MCTS] Step 1707: 00 games active. Completed: 1000/1000. Step time: 506.7ms.

Collection completed in 7886.4 seconds (7.886s/game average).
