Starting self-play collection using /Users/nilbot/playground/autogo-mlx/experiments/001_train_from_scratch/checkpoints/iter9.safetensors
--> Progressive sims enabled. Iteration 9 -> 64 simulations.
Config: num-games=1000, simulations=64, workers=8
--> Starting pool-swapping selfplay for all 1000 games with max_active_games=64...
   [Vectorized MCTS] Step 001: 64 games active. Completed: 0/1000. Step time: 4152.6ms.
   [Vectorized MCTS] Step 005: 64 games active. Completed: 0/1000. Step time: 4598.5ms.
   [Vectorized MCTS] Step 010: 64 games active. Completed: 0/1000. Step time: 4663.3ms.
   [Vectorized MCTS] Step 015: 64 games active. Completed: 0/1000. Step time: 4610.4ms.
   [Vectorized MCTS] Step 020: 64 games active. Completed: 0/1000. Step time: 4676.3ms.
   [Vectorized MCTS] Step 025: 64 games active. Completed: 0/1000. Step time: 4676.3ms.
   [Vectorized MCTS] Step 030: 64 games active. Completed: 0/1000. Step time: 4701.5ms.
   [Vectorized MCTS] Step 035: 64 games active. Completed: 0/1000. Step time: 4936.9ms.
   [Vectorized MCTS] Step 040: 64 games active. Completed: 0/1000. Step time: 4783.4ms.
   [Vectorized MCTS] Step 045: 64 games active. Completed: 0/1000. Step time: 4775.2ms.
   [Vectorized MCTS] Step 050: 64 games active. Completed: 0/1000. Step time: 4888.1ms.
   [Vectorized MCTS] Step 055: 64 games active. Completed: 0/1000. Step time: 4780.9ms.
   [Vectorized MCTS] Step 060: 64 games active. Completed: 0/1000. Step time: 4789.9ms.
   [Vectorized MCTS] Step 065: 64 games active. Completed: 9/1000. Step time: 5031.9ms.
   [Vectorized MCTS] Step 070: 64 games active. Completed: 11/1000. Step time: 4844.3ms.
   [Vectorized MCTS] Step 075: 64 games active. Completed: 11/1000. Step time: 4880.9ms.
   [Vectorized MCTS] Step 080: 64 games active. Completed: 12/1000. Step time: 4814.5ms.
   [Vectorized MCTS] Step 085: 64 games active. Completed: 12/1000. Step time: 4884.2ms.
   [Vectorized MCTS] Step 090: 64 games active. Completed: 13/1000. Step time: 4827.5ms.
   [Vectorized MCTS] Step 095: 64 games active. Completed: 13/1000. Step time: 5008.8ms.
   [Vectorized MCTS] Step 100: 64 games active. Completed: 14/1000. Step time: 4906.9ms.
   [Vectorized MCTS] Step 105: 64 games active. Completed: 16/1000. Step time: 4763.6ms.
   [Vectorized MCTS] Step 110: 64 games active. Completed: 17/1000. Step time: 4810.1ms.
   [Vectorized MCTS] Step 115: 64 games active. Completed: 18/1000. Step time: 4932.9ms.
   [Vectorized MCTS] Step 120: 64 games active. Completed: 21/1000. Step time: 4892.6ms.
   [Vectorized MCTS] Step 125: 64 games active. Completed: 29/1000. Step time: 4743.8ms.
   [Vectorized MCTS] Step 130: 64 games active. Completed: 33/1000. Step time: 4926.5ms.
   [Vectorized MCTS] Step 135: 64 games active. Completed: 38/1000. Step time: 4725.6ms.
   [Vectorized MCTS] Step 140: 64 games active. Completed: 43/1000. Step time: 4803.3ms.
   [Vectorized MCTS] Step 145: 64 games active. Completed: 47/1000. Step time: 4859.0ms.
   [Vectorized MCTS] Step 150: 64 games active. Completed: 52/1000. Step time: 4751.5ms.
   [Vectorized MCTS] Step 155: 64 games active. Completed: 55/1000. Step time: 4794.2ms.
   [Vectorized MCTS] Step 160: 64 games active. Completed: 57/1000. Step time: 4908.8ms.
   [Vectorized MCTS] Step 165: 64 games active. Completed: 60/1000. Step time: 4757.0ms.
   [Vectorized MCTS] Step 170: 64 games active. Completed: 61/1000. Step time: 4763.4ms.
   [Vectorized MCTS] Step 175: 64 games active. Completed: 61/1000. Step time: 4941.5ms.
   [Vectorized MCTS] Step 180: 64 games active. Completed: 63/1000. Step time: 4792.9ms.
   [Vectorized MCTS] Step 185: 64 games active. Completed: 64/1000. Step time: 4857.0ms.
   [Vectorized MCTS] Step 190: 64 games active. Completed: 66/1000. Step time: 5109.9ms.
   [Vectorized MCTS] Step 195: 64 games active. Completed: 70/1000. Step time: 4748.5ms.
   [Vectorized MCTS] Step 200: 64 games active. Completed: 72/1000. Step time: 4648.7ms.
   [Vectorized MCTS] Step 205: 64 games active. Completed: 75/1000. Step time: 4987.2ms.
   [Vectorized MCTS] Step 210: 64 games active. Completed: 77/1000. Step time: 4800.2ms.
   [Vectorized MCTS] Step 215: 64 games active. Completed: 77/1000. Step time: 4814.8ms.
   [Vectorized MCTS] Step 220: 64 games active. Completed: 78/1000. Step time: 5030.7ms.
   [Vectorized MCTS] Step 225: 64 games active. Completed: 79/1000. Step time: 4887.7ms.
   [Vectorized MCTS] Step 230: 64 games active. Completed: 81/1000. Step time: 4771.5ms.
   [Vectorized MCTS] Step 235: 64 games active. Completed: 83/1000. Step time: 4982.3ms.
   [Vectorized MCTS] Step 240: 64 games active. Completed: 86/1000. Step time: 4954.4ms.
   [Vectorized MCTS] Step 245: 64 games active. Completed: 86/1000. Step time: 4735.8ms.
   [Vectorized MCTS] Step 250: 64 games active. Completed: 94/1000. Step time: 4989.1ms.
   [Vectorized MCTS] Step 255: 64 games active. Completed: 97/1000. Step time: 4923.7ms.
   [Vectorized MCTS] Step 260: 64 games active. Completed: 98/1000. Step time: 4824.1ms.
   [Vectorized MCTS] Step 265: 64 games active. Completed: 103/1000. Step time: 4818.7ms.
   [Vectorized MCTS] Step 270: 64 games active. Completed: 104/1000. Step time: 4865.9ms.
   [Vectorized MCTS] Step 275: 64 games active. Completed: 107/1000. Step time: 4740.6ms.
   [Vectorized MCTS] Step 280: 64 games active. Completed: 108/1000. Step time: 4894.1ms.
   [Vectorized MCTS] Step 285: 64 games active. Completed: 112/1000. Step time: 4871.4ms.
   [Vectorized MCTS] Step 290: 64 games active. Completed: 116/1000. Step time: 4749.5ms.
   [Vectorized MCTS] Step 295: 64 games active. Completed: 121/1000. Step time: 4856.8ms.
   [Vectorized MCTS] Step 300: 64 games active. Completed: 123/1000. Step time: 4901.5ms.
   [Vectorized MCTS] Step 305: 64 games active. Completed: 124/1000. Step time: 4737.1ms.
   [Vectorized MCTS] Step 310: 64 games active. Completed: 125/1000. Step time: 5099.3ms.
   [Vectorized MCTS] Step 315: 64 games active. Completed: 127/1000. Step time: 4935.6ms.
   [Vectorized MCTS] Step 320: 64 games active. Completed: 129/1000. Step time: 4718.7ms.
   [Vectorized MCTS] Step 325: 64 games active. Completed: 130/1000. Step time: 4880.2ms.
   [Vectorized MCTS] Step 330: 64 games active. Completed: 133/1000. Step time: 4853.0ms.
   [Vectorized MCTS] Step 335: 64 games active. Completed: 137/1000. Step time: 4765.6ms.
   [Vectorized MCTS] Step 340: 64 games active. Completed: 137/1000. Step time: 5002.1ms.
   [Vectorized MCTS] Step 345: 64 games active. Completed: 138/1000. Step time: 4945.7ms.
   [Vectorized MCTS] Step 350: 64 games active. Completed: 139/1000. Step time: 4837.3ms.
   [Vectorized MCTS] Step 355: 64 games active. Completed: 143/1000. Step time: 4867.9ms.
   [Vectorized MCTS] Step 360: 64 games active. Completed: 144/1000. Step time: 4885.2ms.
   [Vectorized MCTS] Step 365: 64 games active. Completed: 149/1000. Step time: 4774.3ms.
   [Vectorized MCTS] Step 370: 64 games active. Completed: 152/1000. Step time: 4860.1ms.
   [Vectorized MCTS] Step 375: 64 games active. Completed: 156/1000. Step time: 4807.4ms.
   [Vectorized MCTS] Step 380: 64 games active. Completed: 156/1000. Step time: 4867.0ms.
   [Vectorized MCTS] Step 385: 64 games active. Completed: 158/1000. Step time: 4807.3ms.
   [Vectorized MCTS] Step 390: 64 games active. Completed: 160/1000. Step time: 4820.6ms.
   [Vectorized MCTS] Step 395: 64 games active. Completed: 165/1000. Step time: 4792.7ms.
   [Vectorized MCTS] Step 400: 64 games active. Completed: 168/1000. Step time: 4813.6ms.
   [Vectorized MCTS] Step 405: 64 games active. Completed: 173/1000. Step time: 4928.5ms.
   [Vectorized MCTS] Step 410: 64 games active. Completed: 173/1000. Step time: 4751.1ms.
   [Vectorized MCTS] Step 415: 64 games active. Completed: 176/1000. Step time: 4763.6ms.
   [Vectorized MCTS] Step 420: 64 games active. Completed: 180/1000. Step time: 4833.4ms.
   [Vectorized MCTS] Step 425: 64 games active. Completed: 183/1000. Step time: 4753.3ms.
   [Vectorized MCTS] Step 430: 64 games active. Completed: 184/1000. Step time: 4955.5ms.
   [Vectorized MCTS] Step 435: 64 games active. Completed: 187/1000. Step time: 4862.4ms.
   [Vectorized MCTS] Step 440: 64 games active. Completed: 191/1000. Step time: 4754.4ms.
   [Vectorized MCTS] Step 445: 64 games active. Completed: 193/1000. Step time: 4798.0ms.
   [Vectorized MCTS] Step 450: 64 games active. Completed: 194/1000. Step time: 4760.2ms.
   [Vectorized MCTS] Step 455: 64 games active. Completed: 195/1000. Step time: 4772.4ms.
   [Vectorized MCTS] Step 460: 64 games active. Completed: 199/1000. Step time: 4893.0ms.
   [Vectorized MCTS] Step 465: 64 games active. Completed: 201/1000. Step time: 5040.1ms.
   [Vectorized MCTS] Step 470: 64 games active. Completed: 201/1000. Step time: 4933.4ms.
   [Vectorized MCTS] Step 475: 64 games active. Completed: 203/1000. Step time: 4895.2ms.
   [Vectorized MCTS] Step 480: 64 games active. Completed: 205/1000. Step time: 4899.6ms.
   [Vectorized MCTS] Step 485: 64 games active. Completed: 206/1000. Step time: 4767.5ms.
   [Vectorized MCTS] Step 490: 64 games active. Completed: 209/1000. Step time: 4958.3ms.
   [Vectorized MCTS] Step 495: 64 games active. Completed: 214/1000. Step time: 4952.8ms.
   [Vectorized MCTS] Step 500: 64 games active. Completed: 217/1000. Step time: 4773.6ms.
   [Vectorized MCTS] Step 505: 64 games active. Completed: 219/1000. Step time: 4778.0ms.
   [Vectorized MCTS] Step 510: 64 games active. Completed: 220/1000. Step time: 4993.9ms.
   [Vectorized MCTS] Step 515: 64 games active. Completed: 226/1000. Step time: 4833.6ms.
   [Vectorized MCTS] Step 520: 64 games active. Completed: 230/1000. Step time: 4814.0ms.
   [Vectorized MCTS] Step 525: 64 games active. Completed: 234/1000. Step time: 4957.8ms.
   [Vectorized MCTS] Step 530: 64 games active. Completed: 235/1000. Step time: 4809.5ms.
   [Vectorized MCTS] Step 535: 64 games active. Completed: 239/1000. Step time: 4864.1ms.
   [Vectorized MCTS] Step 540: 64 games active. Completed: 241/1000. Step time: 4909.6ms.
   [Vectorized MCTS] Step 545: 64 games active. Completed: 245/1000. Step time: 4750.8ms.
   [Vectorized MCTS] Step 550: 64 games active. Completed: 247/1000. Step time: 4802.5ms.
   [Vectorized MCTS] Step 555: 64 games active. Completed: 250/1000. Step time: 4983.1ms.
   [Vectorized MCTS] Step 560: 64 games active. Completed: 254/1000. Step time: 4831.0ms.
   [Vectorized MCTS] Step 565: 64 games active. Completed: 256/1000. Step time: 4936.3ms.
   [Vectorized MCTS] Step 570: 64 games active. Completed: 258/1000. Step time: 4879.6ms.
   [Vectorized MCTS] Step 575: 64 games active. Completed: 260/1000. Step time: 4903.5ms.
   [Vectorized MCTS] Step 580: 64 games active. Completed: 262/1000. Step time: 4815.8ms.
   [Vectorized MCTS] Step 585: 64 games active. Completed: 264/1000. Step time: 4984.3ms.
   [Vectorized MCTS] Step 590: 64 games active. Completed: 267/1000. Step time: 4754.3ms.
   [Vectorized MCTS] Step 595: 64 games active. Completed: 274/1000. Step time: 4761.4ms.
   [Vectorized MCTS] Step 600: 64 games active. Completed: 277/1000. Step time: 4811.3ms.
   [Vectorized MCTS] Step 605: 64 games active. Completed: 279/1000. Step time: 4766.2ms.
   [Vectorized MCTS] Step 610: 64 games active. Completed: 279/1000. Step time: 4927.2ms.
   [Vectorized MCTS] Step 615: 64 games active. Completed: 282/1000. Step time: 4914.0ms.
   [Vectorized MCTS] Step 620: 64 games active. Completed: 283/1000. Step time: 4889.2ms.
   [Vectorized MCTS] Step 625: 64 games active. Completed: 287/1000. Step time: 4818.6ms.
   [Vectorized MCTS] Step 630: 64 games active. Completed: 289/1000. Step time: 4913.6ms.
   [Vectorized MCTS] Step 635: 64 games active. Completed: 291/1000. Step time: 4783.9ms.
   [Vectorized MCTS] Step 640: 64 games active. Completed: 293/1000. Step time: 4795.9ms.
   [Vectorized MCTS] Step 645: 64 games active. Completed: 293/1000. Step time: 4995.8ms.
   [Vectorized MCTS] Step 650: 64 games active. Completed: 296/1000. Step time: 4853.6ms.
   [Vectorized MCTS] Step 655: 64 games active. Completed: 297/1000. Step time: 4838.2ms.
   [Vectorized MCTS] Step 660: 64 games active. Completed: 299/1000. Step time: 4961.3ms.
   [Vectorized MCTS] Step 665: 64 games active. Completed: 300/1000. Step time: 4778.6ms.
   [Vectorized MCTS] Step 670: 64 games active. Completed: 305/1000. Step time: 4868.4ms.
   [Vectorized MCTS] Step 675: 64 games active. Completed: 307/1000. Step time: 4935.8ms.
   [Vectorized MCTS] Step 680: 64 games active. Completed: 310/1000. Step time: 4757.3ms.
   [Vectorized MCTS] Step 685: 64 games active. Completed: 314/1000. Step time: 4802.0ms.
   [Vectorized MCTS] Step 690: 64 games active. Completed: 320/1000. Step time: 4800.7ms.
   [Vectorized MCTS] Step 695: 64 games active. Completed: 326/1000. Step time: 4937.0ms.
   [Vectorized MCTS] Step 700: 64 games active. Completed: 328/1000. Step time: 4763.7ms.
   [Vectorized MCTS] Step 705: 64 games active. Completed: 330/1000. Step time: 4921.9ms.
   [Vectorized MCTS] Step 710: 64 games active. Completed: 332/1000. Step time: 4870.5ms.
   [Vectorized MCTS] Step 715: 64 games active. Completed: 334/1000. Step time: 4785.6ms.
   [Vectorized MCTS] Step 720: 64 games active. Completed: 334/1000. Step time: 4864.4ms.
   [Vectorized MCTS] Step 725: 64 games active. Completed: 335/1000. Step time: 4803.3ms.
   [Vectorized MCTS] Step 730: 64 games active. Completed: 337/1000. Step time: 4839.1ms.
   [Vectorized MCTS] Step 735: 64 games active. Completed: 339/1000. Step time: 4994.4ms.
   [Vectorized MCTS] Step 740: 64 games active. Completed: 341/1000. Step time: 4855.4ms.
   [Vectorized MCTS] Step 745: 64 games active. Completed: 343/1000. Step time: 4780.7ms.
   [Vectorized MCTS] Step 750: 64 games active. Completed: 345/1000. Step time: 4880.0ms.
   [Vectorized MCTS] Step 755: 64 games active. Completed: 350/1000. Step time: 4769.9ms.
   [Vectorized MCTS] Step 760: 64 games active. Completed: 353/1000. Step time: 4798.6ms.
   [Vectorized MCTS] Step 765: 64 games active. Completed: 353/1000. Step time: 4925.0ms.
   [Vectorized MCTS] Step 770: 64 games active. Completed: 356/1000. Step time: 4865.2ms.
   [Vectorized MCTS] Step 775: 64 games active. Completed: 360/1000. Step time: 4810.2ms.
   [Vectorized MCTS] Step 780: 64 games active. Completed: 361/1000. Step time: 4860.1ms.
   [Vectorized MCTS] Step 785: 64 games active. Completed: 363/1000. Step time: 4769.2ms.
   [Vectorized MCTS] Step 790: 64 games active. Completed: 365/1000. Step time: 4800.2ms.
   [Vectorized MCTS] Step 795: 64 games active. Completed: 368/1000. Step time: 5048.3ms.
   [Vectorized MCTS] Step 800: 64 games active. Completed: 372/1000. Step time: 4796.9ms.
   [Vectorized MCTS] Step 805: 64 games active. Completed: 375/1000. Step time: 4750.5ms.
   [Vectorized MCTS] Step 810: 64 games active. Completed: 379/1000. Step time: 4875.1ms.
   [Vectorized MCTS] Step 815: 64 games active. Completed: 380/1000. Step time: 4859.4ms.
   [Vectorized MCTS] Step 820: 64 games active. Completed: 382/1000. Step time: 4841.9ms.
   [Vectorized MCTS] Step 825: 64 games active. Completed: 384/1000. Step time: 4941.4ms.
   [Vectorized MCTS] Step 830: 64 games active. Completed: 389/1000. Step time: 4846.6ms.
   [Vectorized MCTS] Step 835: 64 games active. Completed: 391/1000. Step time: 4774.0ms.
   [Vectorized MCTS] Step 840: 64 games active. Completed: 391/1000. Step time: 4802.6ms.
   [Vectorized MCTS] Step 845: 64 games active. Completed: 396/1000. Step time: 4800.8ms.
   [Vectorized MCTS] Step 850: 64 games active. Completed: 398/1000. Step time: 4562.7ms.
   [Vectorized MCTS] Step 855: 64 games active. Completed: 401/1000. Step time: 4881.1ms.
   [Vectorized MCTS] Step 860: 64 games active. Completed: 404/1000. Step time: 4913.3ms.
   [Vectorized MCTS] Step 865: 64 games active. Completed: 407/1000. Step time: 4835.1ms.
   [Vectorized MCTS] Step 870: 64 games active. Completed: 408/1000. Step time: 4834.6ms.
   [Vectorized MCTS] Step 875: 64 games active. Completed: 411/1000. Step time: 5147.8ms.
   [Vectorized MCTS] Step 880: 64 games active. Completed: 415/1000. Step time: 4766.0ms.
   [Vectorized MCTS] Step 885: 64 games active. Completed: 416/1000. Step time: 4892.6ms.
   [Vectorized MCTS] Step 890: 64 games active. Completed: 419/1000. Step time: 5827.7ms.
   [Vectorized MCTS] Step 895: 64 games active. Completed: 426/1000. Step time: 4714.9ms.
   [Vectorized MCTS] Step 900: 64 games active. Completed: 428/1000. Step time: 4773.5ms.
   [Vectorized MCTS] Step 905: 64 games active. Completed: 431/1000. Step time: 4894.6ms.
   [Vectorized MCTS] Step 910: 64 games active. Completed: 435/1000. Step time: 4965.1ms.
   [Vectorized MCTS] Step 915: 64 games active. Completed: 437/1000. Step time: 4887.2ms.
   [Vectorized MCTS] Step 920: 64 games active. Completed: 441/1000. Step time: 5024.8ms.
   [Vectorized MCTS] Step 925: 64 games active. Completed: 443/1000. Step time: 4868.4ms.
   [Vectorized MCTS] Step 930: 64 games active. Completed: 443/1000. Step time: 4838.5ms.
   [Vectorized MCTS] Step 935: 64 games active. Completed: 444/1000. Step time: 4883.6ms.
   [Vectorized MCTS] Step 940: 64 games active. Completed: 445/1000. Step time: 4743.6ms.
   [Vectorized MCTS] Step 945: 64 games active. Completed: 448/1000. Step time: 4847.9ms.
   [Vectorized MCTS] Step 950: 64 games active. Completed: 450/1000. Step time: 4973.3ms.
   [Vectorized MCTS] Step 955: 64 games active. Completed: 452/1000. Step time: 4813.5ms.
   [Vectorized MCTS] Step 960: 64 games active. Completed: 453/1000. Step time: 4805.4ms.
   [Vectorized MCTS] Step 965: 64 games active. Completed: 454/1000. Step time: 4882.7ms.
   [Vectorized MCTS] Step 970: 64 games active. Completed: 454/1000. Step time: 4952.5ms.
   [Vectorized MCTS] Step 975: 64 games active. Completed: 458/1000. Step time: 4795.0ms.
   [Vectorized MCTS] Step 980: 64 games active. Completed: 462/1000. Step time: 4888.7ms.
   [Vectorized MCTS] Step 985: 64 games active. Completed: 463/1000. Step time: 4967.2ms.
   [Vectorized MCTS] Step 990: 64 games active. Completed: 463/1000. Step time: 4821.0ms.
   [Vectorized MCTS] Step 995: 64 games active. Completed: 463/1000. Step time: 4787.5ms.
   [Vectorized MCTS] Step 1000: 64 games active. Completed: 467/1000. Step time: 4993.7ms.
   [Vectorized MCTS] Step 1005: 64 games active. Completed: 467/1000. Step time: 4831.1ms.
   [Vectorized MCTS] Step 1010: 64 games active. Completed: 470/1000. Step time: 4990.3ms.
   [Vectorized MCTS] Step 1015: 64 games active. Completed: 472/1000. Step time: 4924.0ms.
   [Vectorized MCTS] Step 1020: 64 games active. Completed: 474/1000. Step time: 4759.9ms.
   [Vectorized MCTS] Step 1025: 64 games active. Completed: 480/1000. Step time: 4830.6ms.
   [Vectorized MCTS] Step 1030: 64 games active. Completed: 480/1000. Step time: 4994.5ms.
   [Vectorized MCTS] Step 1035: 64 games active. Completed: 490/1000. Step time: 4707.4ms.
   [Vectorized MCTS] Step 1040: 64 games active. Completed: 494/1000. Step time: 4760.3ms.
   [Vectorized MCTS] Step 1045: 64 games active. Completed: 497/1000. Step time: 4897.2ms.
   [Vectorized MCTS] Step 1050: 64 games active. Completed: 497/1000. Step time: 4718.6ms.
   [Vectorized MCTS] Step 1055: 64 games active. Completed: 499/1000. Step time: 4817.5ms.
   [Vectorized MCTS] Step 1060: 64 games active. Completed: 501/1000. Step time: 4828.4ms.
   [Vectorized MCTS] Step 1065: 64 games active. Completed: 504/1000. Step time: 4728.8ms.
   [Vectorized MCTS] Step 1070: 64 games active. Completed: 507/1000. Step time: 4834.7ms.
   [Vectorized MCTS] Step 1075: 64 games active. Completed: 509/1000. Step time: 4895.2ms.
   [Vectorized MCTS] Step 1080: 64 games active. Completed: 509/1000. Step time: 4773.0ms.
   [Vectorized MCTS] Step 1085: 64 games active. Completed: 511/1000. Step time: 4926.4ms.
   [Vectorized MCTS] Step 1090: 64 games active. Completed: 512/1000. Step time: 4896.6ms.
   [Vectorized MCTS] Step 1095: 64 games active. Completed: 517/1000. Step time: 4786.6ms.
   [Vectorized MCTS] Step 1100: 64 games active. Completed: 518/1000. Step time: 4844.5ms.
   [Vectorized MCTS] Step 1105: 64 games active. Completed: 519/1000. Step time: 5039.6ms.
   [Vectorized MCTS] Step 1110: 64 games active. Completed: 524/1000. Step time: 4742.8ms.
   [Vectorized MCTS] Step 1115: 64 games active. Completed: 524/1000. Step time: 4796.2ms.
   [Vectorized MCTS] Step 1120: 64 games active. Completed: 524/1000. Step time: 4823.3ms.
   [Vectorized MCTS] Step 1125: 64 games active. Completed: 526/1000. Step time: 4943.6ms.
   [Vectorized MCTS] Step 1130: 64 games active. Completed: 528/1000. Step time: 4813.3ms.
   [Vectorized MCTS] Step 1135: 64 games active. Completed: 529/1000. Step time: 5018.1ms.
   [Vectorized MCTS] Step 1140: 64 games active. Completed: 531/1000. Step time: 4915.2ms.
   [Vectorized MCTS] Step 1145: 64 games active. Completed: 534/1000. Step time: 4872.1ms.
   [Vectorized MCTS] Step 1150: 64 games active. Completed: 535/1000. Step time: 4820.3ms.
   [Vectorized MCTS] Step 1155: 64 games active. Completed: 541/1000. Step time: 4799.9ms.
   [Vectorized MCTS] Step 1160: 64 games active. Completed: 544/1000. Step time: 4754.6ms.
   [Vectorized MCTS] Step 1165: 64 games active. Completed: 548/1000. Step time: 4908.0ms.
   [Vectorized MCTS] Step 1170: 64 games active. Completed: 553/1000. Step time: 4815.0ms.
   [Vectorized MCTS] Step 1175: 64 games active. Completed: 554/1000. Step time: 4719.0ms.
   [Vectorized MCTS] Step 1180: 64 games active. Completed: 557/1000. Step time: 4847.0ms.
   [Vectorized MCTS] Step 1185: 64 games active. Completed: 558/1000. Step time: 4865.6ms.
   [Vectorized MCTS] Step 1190: 64 games active. Completed: 561/1000. Step time: 4953.1ms.
   [Vectorized MCTS] Step 1195: 64 games active. Completed: 563/1000. Step time: 5015.0ms.
   [Vectorized MCTS] Step 1200: 64 games active. Completed: 566/1000. Step time: 4868.6ms.
   [Vectorized MCTS] Step 1205: 64 games active. Completed: 569/1000. Step time: 4784.4ms.
   [Vectorized MCTS] Step 1210: 64 games active. Completed: 571/1000. Step time: 4858.4ms.
   [Vectorized MCTS] Step 1215: 64 games active. Completed: 572/1000. Step time: 4921.0ms.
   [Vectorized MCTS] Step 1220: 64 games active. Completed: 575/1000. Step time: 4730.4ms.
   [Vectorized MCTS] Step 1225: 64 games active. Completed: 582/1000. Step time: 5007.3ms.
   [Vectorized MCTS] Step 1230: 64 games active. Completed: 584/1000. Step time: 4763.4ms.
   [Vectorized MCTS] Step 1235: 64 games active. Completed: 584/1000. Step time: 4833.6ms.
   [Vectorized MCTS] Step 1240: 64 games active. Completed: 585/1000. Step time: 4824.9ms.
   [Vectorized MCTS] Step 1245: 64 games active. Completed: 586/1000. Step time: 5031.4ms.
   [Vectorized MCTS] Step 1250: 64 games active. Completed: 590/1000. Step time: 4766.9ms.
   [Vectorized MCTS] Step 1255: 64 games active. Completed: 591/1000. Step time: 4936.2ms.
   [Vectorized MCTS] Step 1260: 64 games active. Completed: 593/1000. Step time: 5023.5ms.
   [Vectorized MCTS] Step 1265: 64 games active. Completed: 594/1000. Step time: 4813.5ms.
   [Vectorized MCTS] Step 1270: 64 games active. Completed: 596/1000. Step time: 4879.3ms.
   [Vectorized MCTS] Step 1275: 64 games active. Completed: 600/1000. Step time: 4903.8ms.
   [Vectorized MCTS] Step 1280: 64 games active. Completed: 603/1000. Step time: 4712.1ms.
   [Vectorized MCTS] Step 1285: 64 games active. Completed: 605/1000. Step time: 4910.8ms.
   [Vectorized MCTS] Step 1290: 64 games active. Completed: 611/1000. Step time: 4800.6ms.
   [Vectorized MCTS] Step 1295: 64 games active. Completed: 614/1000. Step time: 4741.0ms.
   [Vectorized MCTS] Step 1300: 64 games active. Completed: 617/1000. Step time: 4820.4ms.
   [Vectorized MCTS] Step 1305: 64 games active. Completed: 618/1000. Step time: 4921.4ms.
   [Vectorized MCTS] Step 1310: 64 games active. Completed: 620/1000. Step time: 4844.5ms.
   [Vectorized MCTS] Step 1315: 64 games active. Completed: 624/1000. Step time: 4893.4ms.
   [Vectorized MCTS] Step 1320: 64 games active. Completed: 626/1000. Step time: 4913.7ms.
   [Vectorized MCTS] Step 1325: 64 games active. Completed: 627/1000. Step time: 4731.2ms.
   [Vectorized MCTS] Step 1330: 64 games active. Completed: 629/1000. Step time: 4802.9ms.
   [Vectorized MCTS] Step 1335: 64 games active. Completed: 632/1000. Step time: 4851.6ms.
   [Vectorized MCTS] Step 1340: 64 games active. Completed: 635/1000. Step time: 4735.1ms.
   [Vectorized MCTS] Step 1345: 64 games active. Completed: 638/1000. Step time: 5073.8ms.
   [Vectorized MCTS] Step 1350: 64 games active. Completed: 642/1000. Step time: 4767.5ms.
   [Vectorized MCTS] Step 1355: 64 games active. Completed: 647/1000. Step time: 4713.2ms.
   [Vectorized MCTS] Step 1360: 64 games active. Completed: 648/1000. Step time: 4828.5ms.
   [Vectorized MCTS] Step 1365: 64 games active. Completed: 649/1000. Step time: 4968.6ms.
   [Vectorized MCTS] Step 1370: 64 games active. Completed: 649/1000. Step time: 4766.7ms.
   [Vectorized MCTS] Step 1375: 64 games active. Completed: 652/1000. Step time: 4858.0ms.
   [Vectorized MCTS] Step 1380: 64 games active. Completed: 655/1000. Step time: 4948.7ms.
   [Vectorized MCTS] Step 1385: 64 games active. Completed: 655/1000. Step time: 4834.4ms.
   [Vectorized MCTS] Step 1390: 64 games active. Completed: 655/1000. Step time: 4809.5ms.
   [Vectorized MCTS] Step 1395: 64 games active. Completed: 659/1000. Step time: 4883.1ms.
   [Vectorized MCTS] Step 1400: 64 games active. Completed: 660/1000. Step time: 4771.9ms.
   [Vectorized MCTS] Step 1405: 64 games active. Completed: 661/1000. Step time: 4869.1ms.
   [Vectorized MCTS] Step 1410: 64 games active. Completed: 666/1000. Step time: 4899.3ms.
   [Vectorized MCTS] Step 1415: 64 games active. Completed: 673/1000. Step time: 4718.0ms.
   [Vectorized MCTS] Step 1420: 64 games active. Completed: 677/1000. Step time: 4757.7ms.
   [Vectorized MCTS] Step 1425: 64 games active. Completed: 680/1000. Step time: 4877.8ms.
   [Vectorized MCTS] Step 1430: 64 games active. Completed: 681/1000. Step time: 4806.6ms.
   [Vectorized MCTS] Step 1435: 64 games active. Completed: 687/1000. Step time: 4791.0ms.
   [Vectorized MCTS] Step 1440: 64 games active. Completed: 688/1000. Step time: 4959.4ms.
   [Vectorized MCTS] Step 1445: 64 games active. Completed: 690/1000. Step time: 4832.9ms.
   [Vectorized MCTS] Step 1450: 64 games active. Completed: 694/1000. Step time: 4751.9ms.
   [Vectorized MCTS] Step 1455: 64 games active. Completed: 696/1000. Step time: 4809.9ms.
   [Vectorized MCTS] Step 1460: 64 games active. Completed: 697/1000. Step time: 4884.3ms.
   [Vectorized MCTS] Step 1465: 64 games active. Completed: 699/1000. Step time: 4820.9ms.
   [Vectorized MCTS] Step 1470: 64 games active. Completed: 700/1000. Step time: 4871.4ms.
   [Vectorized MCTS] Step 1475: 64 games active. Completed: 706/1000. Step time: 4761.5ms.
   [Vectorized MCTS] Step 1480: 64 games active. Completed: 707/1000. Step time: 4810.3ms.
   [Vectorized MCTS] Step 1485: 64 games active. Completed: 707/1000. Step time: 4885.5ms.
   [Vectorized MCTS] Step 1490: 64 games active. Completed: 710/1000. Step time: 4769.8ms.
   [Vectorized MCTS] Step 1495: 64 games active. Completed: 713/1000. Step time: 4864.8ms.
   [Vectorized MCTS] Step 1500: 64 games active. Completed: 714/1000. Step time: 4958.1ms.
   [Vectorized MCTS] Step 1505: 64 games active. Completed: 717/1000. Step time: 4757.0ms.
   [Vectorized MCTS] Step 1510: 64 games active. Completed: 721/1000. Step time: 4791.9ms.
   [Vectorized MCTS] Step 1515: 64 games active. Completed: 722/1000. Step time: 4857.9ms.
   [Vectorized MCTS] Step 1520: 64 games active. Completed: 722/1000. Step time: 4824.9ms.
   [Vectorized MCTS] Step 1525: 64 games active. Completed: 724/1000. Step time: 4870.6ms.
   [Vectorized MCTS] Step 1530: 64 games active. Completed: 726/1000. Step time: 4987.5ms.
   [Vectorized MCTS] Step 1535: 64 games active. Completed: 727/1000. Step time: 4766.9ms.
   [Vectorized MCTS] Step 1540: 64 games active. Completed: 730/1000. Step time: 4835.2ms.
   [Vectorized MCTS] Step 1545: 64 games active. Completed: 736/1000. Step time: 4919.4ms.
   [Vectorized MCTS] Step 1550: 64 games active. Completed: 740/1000. Step time: 4892.5ms.
   [Vectorized MCTS] Step 1555: 64 games active. Completed: 744/1000. Step time: 4916.1ms.
   [Vectorized MCTS] Step 1560: 64 games active. Completed: 748/1000. Step time: 4935.3ms.
   [Vectorized MCTS] Step 1565: 64 games active. Completed: 749/1000. Step time: 4916.8ms.
   [Vectorized MCTS] Step 1570: 64 games active. Completed: 753/1000. Step time: 4757.6ms.
   [Vectorized MCTS] Step 1575: 64 games active. Completed: 754/1000. Step time: 4914.4ms.
   [Vectorized MCTS] Step 1580: 64 games active. Completed: 755/1000. Step time: 5059.4ms.
   [Vectorized MCTS] Step 1585: 64 games active. Completed: 755/1000. Step time: 4857.2ms.
   [Vectorized MCTS] Step 1590: 64 games active. Completed: 757/1000. Step time: 4908.4ms.
   [Vectorized MCTS] Step 1595: 64 games active. Completed: 759/1000. Step time: 4921.3ms.
   [Vectorized MCTS] Step 1600: 64 games active. Completed: 760/1000. Step time: 4910.5ms.
   [Vectorized MCTS] Step 1605: 64 games active. Completed: 765/1000. Step time: 4755.2ms.
   [Vectorized MCTS] Step 1610: 64 games active. Completed: 768/1000. Step time: 5070.3ms.
   [Vectorized MCTS] Step 1615: 64 games active. Completed: 771/1000. Step time: 4996.0ms.
   [Vectorized MCTS] Step 1620: 64 games active. Completed: 774/1000. Step time: 4918.2ms.
   [Vectorized MCTS] Step 1625: 64 games active. Completed: 779/1000. Step time: 4959.6ms.
   [Vectorized MCTS] Step 1630: 64 games active. Completed: 781/1000. Step time: 5200.1ms.
   [Vectorized MCTS] Step 1635: 64 games active. Completed: 781/1000. Step time: 4969.8ms.
   [Vectorized MCTS] Step 1640: 64 games active. Completed: 783/1000. Step time: 4889.3ms.
   [Vectorized MCTS] Step 1645: 64 games active. Completed: 783/1000. Step time: 4971.1ms.
   [Vectorized MCTS] Step 1650: 64 games active. Completed: 786/1000. Step time: 5053.4ms.
   [Vectorized MCTS] Step 1655: 64 games active. Completed: 788/1000. Step time: 4771.2ms.
   [Vectorized MCTS] Step 1660: 64 games active. Completed: 793/1000. Step time: 4987.0ms.
   [Vectorized MCTS] Step 1665: 64 games active. Completed: 796/1000. Step time: 4974.5ms.
   [Vectorized MCTS] Step 1670: 64 games active. Completed: 799/1000. Step time: 4845.2ms.
   [Vectorized MCTS] Step 1675: 64 games active. Completed: 800/1000. Step time: 4812.5ms.
   [Vectorized MCTS] Step 1680: 64 games active. Completed: 804/1000. Step time: 5016.7ms.
   [Vectorized MCTS] Step 1685: 64 games active. Completed: 808/1000. Step time: 4841.5ms.
   [Vectorized MCTS] Step 1690: 64 games active. Completed: 811/1000. Step time: 4805.9ms.
   [Vectorized MCTS] Step 1695: 64 games active. Completed: 812/1000. Step time: 4947.7ms.
   [Vectorized MCTS] Step 1700: 64 games active. Completed: 812/1000. Step time: 5097.9ms.
   [Vectorized MCTS] Step 1705: 64 games active. Completed: 816/1000. Step time: 4785.8ms.
   [Vectorized MCTS] Step 1710: 64 games active. Completed: 819/1000. Step time: 4926.8ms.
   [Vectorized MCTS] Step 1715: 64 games active. Completed: 821/1000. Step time: 5007.4ms.
   [Vectorized MCTS] Step 1720: 64 games active. Completed: 825/1000. Step time: 4985.3ms.
   [Vectorized MCTS] Step 1725: 64 games active. Completed: 827/1000. Step time: 4929.2ms.
   [Vectorized MCTS] Step 1730: 64 games active. Completed: 830/1000. Step time: 5094.5ms.
   [Vectorized MCTS] Step 1735: 64 games active. Completed: 831/1000. Step time: 5078.1ms.
   [Vectorized MCTS] Step 1740: 64 games active. Completed: 834/1000. Step time: 4798.9ms.
   [Vectorized MCTS] Step 1745: 64 games active. Completed: 834/1000. Step time: 4970.8ms.
   [Vectorized MCTS] Step 1750: 64 games active. Completed: 835/1000. Step time: 4943.8ms.
   [Vectorized MCTS] Step 1755: 64 games active. Completed: 838/1000. Step time: 4793.8ms.
   [Vectorized MCTS] Step 1760: 64 games active. Completed: 840/1000. Step time: 4881.2ms.
   [Vectorized MCTS] Step 1765: 64 games active. Completed: 842/1000. Step time: 5159.9ms.
   [Vectorized MCTS] Step 1770: 64 games active. Completed: 844/1000. Step time: 4863.4ms.
   [Vectorized MCTS] Step 1775: 64 games active. Completed: 846/1000. Step time: 4805.8ms.
   [Vectorized MCTS] Step 1780: 64 games active. Completed: 852/1000. Step time: 4998.0ms.
   [Vectorized MCTS] Step 1785: 64 games active. Completed: 856/1000. Step time: 4983.6ms.
   [Vectorized MCTS] Step 1790: 64 games active. Completed: 857/1000. Step time: 4844.5ms.
   [Vectorized MCTS] Step 1795: 64 games active. Completed: 858/1000. Step time: 5200.0ms.
   [Vectorized MCTS] Step 1800: 64 games active. Completed: 861/1000. Step time: 4994.1ms.
   [Vectorized MCTS] Step 1805: 64 games active. Completed: 862/1000. Step time: 4802.7ms.
   [Vectorized MCTS] Step 1810: 64 games active. Completed: 864/1000. Step time: 4891.9ms.
   [Vectorized MCTS] Step 1815: 64 games active. Completed: 869/1000. Step time: 4935.4ms.
   [Vectorized MCTS] Step 1820: 64 games active. Completed: 872/1000. Step time: 4877.3ms.
   [Vectorized MCTS] Step 1825: 64 games active. Completed: 872/1000. Step time: 4827.8ms.
   [Vectorized MCTS] Step 1830: 64 games active. Completed: 875/1000. Step time: 4911.5ms.
   [Vectorized MCTS] Step 1835: 64 games active. Completed: 878/1000. Step time: 5006.7ms.
   [Vectorized MCTS] Step 1840: 64 games active. Completed: 887/1000. Step time: 4848.8ms.
   [Vectorized MCTS] Step 1845: 64 games active. Completed: 888/1000. Step time: 5072.2ms.
   [Vectorized MCTS] Step 1850: 64 games active. Completed: 890/1000. Step time: 5016.4ms.
   [Vectorized MCTS] Step 1855: 64 games active. Completed: 891/1000. Step time: 4844.0ms.
   [Vectorized MCTS] Step 1860: 64 games active. Completed: 894/1000. Step time: 4865.1ms.
   [Vectorized MCTS] Step 1865: 64 games active. Completed: 896/1000. Step time: 5092.7ms.
   [Vectorized MCTS] Step 1870: 64 games active. Completed: 900/1000. Step time: 4903.2ms.
   [Vectorized MCTS] Step 1875: 64 games active. Completed: 902/1000. Step time: 4763.0ms.
   [Vectorized MCTS] Step 1880: 64 games active. Completed: 903/1000. Step time: 5041.3ms.
   [Vectorized MCTS] Step 1885: 64 games active. Completed: 903/1000. Step time: 5098.7ms.
   [Vectorized MCTS] Step 1890: 64 games active. Completed: 904/1000. Step time: 4797.9ms.
   [Vectorized MCTS] Step 1895: 64 games active. Completed: 909/1000. Step time: 4897.1ms.
   [Vectorized MCTS] Step 1900: 64 games active. Completed: 912/1000. Step time: 5048.9ms.
   [Vectorized MCTS] Step 1905: 64 games active. Completed: 915/1000. Step time: 4773.1ms.
   [Vectorized MCTS] Step 1910: 64 games active. Completed: 916/1000. Step time: 4866.1ms.
   [Vectorized MCTS] Step 1915: 64 games active. Completed: 917/1000. Step time: 5019.9ms.
   [Vectorized MCTS] Step 1920: 64 games active. Completed: 922/1000. Step time: 5061.3ms.
   [Vectorized MCTS] Step 1925: 64 games active. Completed: 924/1000. Step time: 4782.8ms.
   [Vectorized MCTS] Step 1930: 64 games active. Completed: 928/1000. Step time: 5043.2ms.
   [Vectorized MCTS] Step 1935: 64 games active. Completed: 933/1000. Step time: 4911.7ms.
   [Vectorized MCTS] Step 1940: 64 games active. Completed: 935/1000. Step time: 4850.9ms.
   [Vectorized MCTS] Step 1945: 60 games active. Completed: 940/1000. Step time: 5148.9ms.
   [Vectorized MCTS] Step 1950: 60 games active. Completed: 940/1000. Step time: 4718.2ms.
   [Vectorized MCTS] Step 1955: 57 games active. Completed: 943/1000. Step time: 4638.3ms.
   [Vectorized MCTS] Step 1960: 54 games active. Completed: 946/1000. Step time: 4453.8ms.
   [Vectorized MCTS] Step 1965: 51 games active. Completed: 949/1000. Step time: 4106.0ms.
   [Vectorized MCTS] Step 1970: 48 games active. Completed: 952/1000. Step time: 3346.9ms.
   [Vectorized MCTS] Step 1975: 47 games active. Completed: 953/1000. Step time: 3439.5ms.
   [Vectorized MCTS] Step 1980: 44 games active. Completed: 956/1000. Step time: 3288.6ms.
   [Vectorized MCTS] Step 1985: 41 games active. Completed: 959/1000. Step time: 2956.6ms.
   [Vectorized MCTS] Step 1990: 38 games active. Completed: 962/1000. Step time: 2800.0ms.
   [Vectorized MCTS] Step 1995: 36 games active. Completed: 964/1000. Step time: 2749.4ms.
   [Vectorized MCTS] Step 2000: 32 games active. Completed: 968/1000. Step time: 2487.0ms.
   [Vectorized MCTS] Step 2005: 29 games active. Completed: 971/1000. Step time: 2309.4ms.
   [Vectorized MCTS] Step 2010: 29 games active. Completed: 971/1000. Step time: 2276.3ms.
   [Vectorized MCTS] Step 2015: 28 games active. Completed: 972/1000. Step time: 2119.0ms.
   [Vectorized MCTS] Step 2020: 27 games active. Completed: 973/1000. Step time: 2200.0ms.
   [Vectorized MCTS] Step 2025: 25 games active. Completed: 975/1000. Step time: 2032.5ms.
   [Vectorized MCTS] Step 2030: 25 games active. Completed: 975/1000. Step time: 2010.3ms.
   [Vectorized MCTS] Step 2035: 24 games active. Completed: 976/1000. Step time: 1916.7ms.
   [Vectorized MCTS] Step 2040: 22 games active. Completed: 978/1000. Step time: 1887.7ms.
   [Vectorized MCTS] Step 2045: 20 games active. Completed: 980/1000. Step time: 1746.2ms.
   [Vectorized MCTS] Step 2050: 17 games active. Completed: 983/1000. Step time: 1496.6ms.
   [Vectorized MCTS] Step 2055: 15 games active. Completed: 985/1000. Step time: 1297.4ms.
   [Vectorized MCTS] Step 2060: 12 games active. Completed: 988/1000. Step time: 1189.1ms.
   [Vectorized MCTS] Step 2065: 12 games active. Completed: 988/1000. Step time: 1102.0ms.
   [Vectorized MCTS] Step 2070: 06 games active. Completed: 994/1000. Step time: 878.4ms.
   [Vectorized MCTS] Step 2075: 06 games active. Completed: 994/1000. Step time: 827.1ms.
   [Vectorized MCTS] Step 2080: 04 games active. Completed: 996/1000. Step time: 702.9ms.
   [Vectorized MCTS] Step 2085: 04 games active. Completed: 996/1000. Step time: 706.8ms.
   [Vectorized MCTS] Step 2090: 03 games active. Completed: 997/1000. Step time: 623.7ms.
   [Vectorized MCTS] Step 2095: 03 games active. Completed: 997/1000. Step time: 611.8ms.
   [Vectorized MCTS] Step 2100: 03 games active. Completed: 997/1000. Step time: 625.8ms.
   [Vectorized MCTS] Step 2105: 03 games active. Completed: 997/1000. Step time: 626.7ms.
   [Vectorized MCTS] Step 2110: 03 games active. Completed: 997/1000. Step time: 626.5ms.
   [Vectorized MCTS] Step 2115: 03 games active. Completed: 997/1000. Step time: 626.6ms.
   [Vectorized MCTS] Step 2120: 03 games active. Completed: 997/1000. Step time: 621.5ms.
   [Vectorized MCTS] Step 2125: 02 games active. Completed: 998/1000. Step time: 575.1ms.
   [Vectorized MCTS] Step 2130: 02 games active. Completed: 998/1000. Step time: 571.4ms.
   [Vectorized MCTS] Step 2135: 02 games active. Completed: 998/1000. Step time: 580.0ms.
   [Vectorized MCTS] Step 2140: 01 games active. Completed: 999/1000. Step time: 516.3ms.
   [Vectorized MCTS] Step 2145: 01 games active. Completed: 999/1000. Step time: 518.2ms.
   [Vectorized MCTS] Step 2150: 01 games active. Completed: 999/1000. Step time: 514.1ms.
   [Vectorized MCTS] Step 2155: 01 games active. Completed: 999/1000. Step time: 517.1ms.
   [Vectorized MCTS] Step 2160: 01 games active. Completed: 999/1000. Step time: 520.8ms.
   [Vectorized MCTS] Step 2165: 01 games active. Completed: 999/1000. Step time: 518.8ms.
   [Vectorized MCTS] Step 2170: 01 games active. Completed: 999/1000. Step time: 522.3ms.
   [Vectorized MCTS] Step 2175: 01 games active. Completed: 999/1000. Step time: 521.2ms.
   [Vectorized MCTS] Step 2180: 01 games active. Completed: 999/1000. Step time: 520.2ms.
   [Vectorized MCTS] Step 2185: 01 games active. Completed: 999/1000. Step time: 521.0ms.
   [Vectorized MCTS] Step 2190: 01 games active. Completed: 999/1000. Step time: 515.9ms.
   [Vectorized MCTS] Step 2191: 00 games active. Completed: 1000/1000. Step time: 477.2ms.

Collection completed in 10196.2 seconds (10.196s/game average).
