Starting self-play collection using /Users/nilbot/playground/autogo-mlx/experiments/001_train_from_scratch/checkpoints/iter14.safetensors
--> Progressive sims enabled. Iteration 14 -> 64 simulations.
--> League play enabled: Selected historical opponent iter11.safetensors (8-channel model)
Config: num-games=1000, simulations=64, workers=8
--> Starting batch of 64 vectorized games (games 0 to 63)...
   [Vectorized MCTS] Step 001: 64 games active. Step time: 4226.9ms. Total moves played: 64
   [Vectorized MCTS] Step 005: 64 games active. Step time: 4291.4ms. Total moves played: 320
   [Vectorized MCTS] Step 010: 61 games active. Step time: 4454.3ms. Total moves played: 640
   [Vectorized MCTS] Step 015: 25 games active. Step time: 2098.3ms. Total moves played: 815
   [Vectorized MCTS] Step 020: 22 games active. Step time: 1845.0ms. Total moves played: 932
   [Vectorized MCTS] Step 025: 21 games active. Step time: 1818.2ms. Total moves played: 1041
   [Vectorized MCTS] Step 030: 21 games active. Step time: 1789.4ms. Total moves played: 1146
   [Vectorized MCTS] Step 035: 21 games active. Step time: 1845.7ms. Total moves played: 1251
   [Vectorized MCTS] Step 040: 21 games active. Step time: 1800.7ms. Total moves played: 1356
   [Vectorized MCTS] Step 045: 21 games active. Step time: 1842.4ms. Total moves played: 1461
   [Vectorized MCTS] Step 050: 21 games active. Step time: 1815.4ms. Total moves played: 1566
   [Vectorized MCTS] Step 055: 21 games active. Step time: 1822.6ms. Total moves played: 1671
   [Vectorized MCTS] Step 060: 21 games active. Step time: 1804.8ms. Total moves played: 1776
   [Vectorized MCTS] Step 065: 21 games active. Step time: 1813.8ms. Total moves played: 1881
   [Vectorized MCTS] Step 070: 21 games active. Step time: 1800.6ms. Total moves played: 1986
   [Vectorized MCTS] Step 075: 21 games active. Step time: 1847.9ms. Total moves played: 2091
   [Vectorized MCTS] Step 080: 21 games active. Step time: 1797.3ms. Total moves played: 2196
   [Vectorized MCTS] Step 085: 21 games active. Step time: 1850.3ms. Total moves played: 2301
   [Vectorized MCTS] Step 090: 21 games active. Step time: 1804.3ms. Total moves played: 2406
   [Vectorized MCTS] Step 095: 21 games active. Step time: 1830.7ms. Total moves played: 2511
   [Vectorized MCTS] Step 100: 21 games active. Step time: 1813.1ms. Total moves played: 2616
   [Vectorized MCTS] Step 105: 20 games active. Step time: 1815.8ms. Total moves played: 2719
   [Vectorized MCTS] Step 110: 20 games active. Step time: 1758.2ms. Total moves played: 2819
   [Vectorized MCTS] Step 115: 20 games active. Step time: 1779.3ms. Total moves played: 2919
   [Vectorized MCTS] Step 120: 20 games active. Step time: 1753.2ms. Total moves played: 3019
   [Vectorized MCTS] Step 125: 20 games active. Step time: 1804.3ms. Total moves played: 3119
   [Vectorized MCTS] Step 130: 19 games active. Step time: 1649.3ms. Total moves played: 3216
   [Vectorized MCTS] Step 135: 18 games active. Step time: 1637.1ms. Total moves played: 3308
   [Vectorized MCTS] Step 140: 17 games active. Step time: 1584.6ms. Total moves played: 3398
   [Vectorized MCTS] Step 145: 17 games active. Step time: 1600.2ms. Total moves played: 3483
   [Vectorized MCTS] Step 150: 16 games active. Step time: 1044.4ms. Total moves played: 3565
   [Vectorized MCTS] Step 155: 14 games active. Step time: 1433.8ms. Total moves played: 3640
   [Vectorized MCTS] Step 160: 07 games active. Step time: 933.4ms. Total moves played: 3699
   [Vectorized MCTS] Step 165: 02 games active. Step time: 1010.3ms. Total moves played: 3719
   [Vectorized MCTS] Step 170: 02 games active. Step time: 570.2ms. Total moves played: 3729
   [Vectorized MCTS] Step 175: 01 games active. Step time: 510.8ms. Total moves played: 3738
   [Vectorized MCTS] Step 180: 01 games active. Step time: 508.3ms. Total moves played: 3743
   [Vectorized MCTS] Step 185: 01 games active. Step time: 504.9ms. Total moves played: 3748
   [Vectorized MCTS] Step 190: 01 games active. Step time: 503.5ms. Total moves played: 3753
   [Vectorized MCTS] Step 195: 01 games active. Step time: 503.0ms. Total moves played: 3758
   [Vectorized MCTS] Step 200: 01 games active. Step time: 501.5ms. Total moves played: 3763
   [Vectorized MCTS] Step 205: 01 games active. Step time: 511.1ms. Total moves played: 3768
   [Vectorized MCTS] Step 210: 01 games active. Step time: 498.4ms. Total moves played: 3773
   [Vectorized MCTS] Step 211: 00 games active. Step time: 509.3ms. Total moves played: 3774
[0064/1000] Vectorized selfplay games completed.
--> Starting batch of 64 vectorized games (games 64 to 127)...
   [Vectorized MCTS] Step 001: 64 games active. Step time: 4224.8ms. Total moves played: 64
   [Vectorized MCTS] Step 005: 64 games active. Step time: 4327.2ms. Total moves played: 320
   [Vectorized MCTS] Step 010: 62 games active. Step time: 4317.7ms. Total moves played: 640
   [Vectorized MCTS] Step 015: 28 games active. Step time: 2171.0ms. Total moves played: 824
   [Vectorized MCTS] Step 020: 26 games active. Step time: 2096.1ms. Total moves played: 961
   [Vectorized MCTS] Step 025: 26 games active. Step time: 2018.1ms. Total moves played: 1091
   [Vectorized MCTS] Step 030: 26 games active. Step time: 2078.6ms. Total moves played: 1221
   [Vectorized MCTS] Step 035: 26 games active. Step time: 2010.3ms. Total moves played: 1351
   [Vectorized MCTS] Step 040: 26 games active. Step time: 2079.2ms. Total moves played: 1481
   [Vectorized MCTS] Step 045: 26 games active. Step time: 2028.1ms. Total moves played: 1611
   [Vectorized MCTS] Step 050: 26 games active. Step time: 2104.6ms. Total moves played: 1741
   [Vectorized MCTS] Step 055: 26 games active. Step time: 2019.6ms. Total moves played: 1871
   [Vectorized MCTS] Step 060: 26 games active. Step time: 2100.5ms. Total moves played: 2001
   [Vectorized MCTS] Step 065: 26 games active. Step time: 2030.5ms. Total moves played: 2131
   [Vectorized MCTS] Step 070: 26 games active. Step time: 2099.7ms. Total moves played: 2261
   [Vectorized MCTS] Step 075: 26 games active. Step time: 2019.6ms. Total moves played: 2391
   [Vectorized MCTS] Step 080: 26 games active. Step time: 2101.2ms. Total moves played: 2521
   [Vectorized MCTS] Step 085: 26 games active. Step time: 1999.5ms. Total moves played: 2651
   [Vectorized MCTS] Step 090: 26 games active. Step time: 2092.2ms. Total moves played: 2781
   [Vectorized MCTS] Step 095: 26 games active. Step time: 2004.5ms. Total moves played: 2911
   [Vectorized MCTS] Step 100: 26 games active. Step time: 2108.9ms. Total moves played: 3041
   [Vectorized MCTS] Step 105: 26 games active. Step time: 2003.8ms. Total moves played: 3171
   [Vectorized MCTS] Step 110: 26 games active. Step time: 2108.6ms. Total moves played: 3301
   [Vectorized MCTS] Step 115: 25 games active. Step time: 2038.2ms. Total moves played: 3431
   [Vectorized MCTS] Step 120: 25 games active. Step time: 2068.7ms. Total moves played: 3556
   [Vectorized MCTS] Step 125: 25 games active. Step time: 1981.8ms. Total moves played: 3681
   [Vectorized MCTS] Step 130: 25 games active. Step time: 2050.4ms. Total moves played: 3806
   [Vectorized MCTS] Step 135: 25 games active. Step time: 1989.9ms. Total moves played: 3931
   [Vectorized MCTS] Step 140: 25 games active. Step time: 2017.7ms. Total moves played: 4056
   [Vectorized MCTS] Step 145: 24 games active. Step time: 1892.0ms. Total moves played: 4179
   [Vectorized MCTS] Step 150: 18 games active. Step time: 1543.8ms. Total moves played: 4287
   [Vectorized MCTS] Step 155: 15 games active. Step time: 1455.7ms. Total moves played: 4370
   [Vectorized MCTS] Step 160: 08 games active. Step time: 821.9ms. Total moves played: 4431
   [Vectorized MCTS] Step 163: 00 games active. Step time: 534.0ms. Total moves played: 4448
[0128/1000] Vectorized selfplay games completed.
--> Starting batch of 64 vectorized games (games 128 to 191)...
   [Vectorized MCTS] Step 001: 64 games active. Step time: 4211.0ms. Total moves played: 64
   [Vectorized MCTS] Step 005: 63 games active. Step time: 4228.0ms. Total moves played: 317
   [Vectorized MCTS] Step 010: 61 games active. Step time: 4307.7ms. Total moves played: 632
   [Vectorized MCTS] Step 015: 19 games active. Step time: 1615.1ms. Total moves played: 779
   [Vectorized MCTS] Step 020: 17 games active. Step time: 1736.9ms. Total moves played: 868
   [Vectorized MCTS] Step 025: 17 games active. Step time: 1594.2ms. Total moves played: 953
   [Vectorized MCTS] Step 030: 17 games active. Step time: 1759.0ms. Total moves played: 1038
   [Vectorized MCTS] Step 035: 17 games active. Step time: 1594.0ms. Total moves played: 1123
   [Vectorized MCTS] Step 040: 17 games active. Step time: 1656.8ms. Total moves played: 1208
   [Vectorized MCTS] Step 045: 17 games active. Step time: 1588.8ms. Total moves played: 1293
   [Vectorized MCTS] Step 050: 17 games active. Step time: 1691.1ms. Total moves played: 1378
   [Vectorized MCTS] Step 055: 17 games active. Step time: 1596.1ms. Total moves played: 1463
   [Vectorized MCTS] Step 060: 17 games active. Step time: 1692.1ms. Total moves played: 1548
   [Vectorized MCTS] Step 065: 17 games active. Step time: 1588.1ms. Total moves played: 1633
   [Vectorized MCTS] Step 070: 17 games active. Step time: 1657.4ms. Total moves played: 1718
   [Vectorized MCTS] Step 075: 17 games active. Step time: 1595.3ms. Total moves played: 1803
   [Vectorized MCTS] Step 080: 17 games active. Step time: 1666.3ms. Total moves played: 1888
   [Vectorized MCTS] Step 085: 17 games active. Step time: 1557.3ms. Total moves played: 1973
   [Vectorized MCTS] Step 090: 17 games active. Step time: 1693.4ms. Total moves played: 2058
   [Vectorized MCTS] Step 095: 17 games active. Step time: 1572.3ms. Total moves played: 2143
   [Vectorized MCTS] Step 100: 16 games active. Step time: 1643.2ms. Total moves played: 2228
   [Vectorized MCTS] Step 105: 16 games active. Step time: 1091.7ms. Total moves played: 2308
   [Vectorized MCTS] Step 110: 16 games active. Step time: 1654.7ms. Total moves played: 2388
   [Vectorized MCTS] Step 115: 16 games active. Step time: 1107.3ms. Total moves played: 2468
   [Vectorized MCTS] Step 120: 16 games active. Step time: 1728.4ms. Total moves played: 2548
   [Vectorized MCTS] Step 125: 15 games active. Step time: 1060.6ms. Total moves played: 2625
   [Vectorized MCTS] Step 130: 15 games active. Step time: 1550.6ms. Total moves played: 2700
   [Vectorized MCTS] Step 135: 15 games active. Step time: 1053.6ms. Total moves played: 2775
   [Vectorized MCTS] Step 140: 15 games active. Step time: 1586.0ms. Total moves played: 2850
   [Vectorized MCTS] Step 145: 15 games active. Step time: 1014.1ms. Total moves played: 2925
   [Vectorized MCTS] Step 150: 12 games active. Step time: 1488.4ms. Total moves played: 2998
   [Vectorized MCTS] Step 155: 09 games active. Step time: 813.7ms. Total moves played: 3053
   [Vectorized MCTS] Step 160: 07 games active. Step time: 748.0ms. Total moves played: 3090
   [Vectorized MCTS] Step 165: 01 games active. Step time: 501.2ms. Total moves played: 3107
   [Vectorized MCTS] Step 168: 00 games active. Step time: 497.3ms. Total moves played: 3110
[0192/1000] Vectorized selfplay games completed.
--> Starting batch of 64 vectorized games (games 192 to 255)...
   [Vectorized MCTS] Step 001: 64 games active. Step time: 4255.0ms. Total moves played: 64
   [Vectorized MCTS] Step 005: 64 games active. Step time: 4331.4ms. Total moves played: 320
   [Vectorized MCTS] Step 010: 62 games active. Step time: 4368.2ms. Total moves played: 640
   [Vectorized MCTS] Step 015: 29 games active. Step time: 2160.1ms. Total moves played: 824
   [Vectorized MCTS] Step 020: 28 games active. Step time: 2086.9ms. Total moves played: 967
   [Vectorized MCTS] Step 025: 28 games active. Step time: 2146.6ms. Total moves played: 1107
   [Vectorized MCTS] Step 030: 28 games active. Step time: 2099.3ms. Total moves played: 1247
   [Vectorized MCTS] Step 035: 28 games active. Step time: 2152.5ms. Total moves played: 1387
   [Vectorized MCTS] Step 040: 28 games active. Step time: 2109.0ms. Total moves played: 1527
   [Vectorized MCTS] Step 045: 28 games active. Step time: 2154.6ms. Total moves played: 1667
   [Vectorized MCTS] Step 050: 28 games active. Step time: 2107.7ms. Total moves played: 1807
   [Vectorized MCTS] Step 055: 28 games active. Step time: 2135.2ms. Total moves played: 1947
   [Vectorized MCTS] Step 060: 28 games active. Step time: 2096.4ms. Total moves played: 2087
   [Vectorized MCTS] Step 065: 28 games active. Step time: 2168.1ms. Total moves played: 2227
   [Vectorized MCTS] Step 070: 28 games active. Step time: 2106.3ms. Total moves played: 2367
   [Vectorized MCTS] Step 075: 28 games active. Step time: 2155.3ms. Total moves played: 2507
   [Vectorized MCTS] Step 080: 28 games active. Step time: 2098.7ms. Total moves played: 2647
   [Vectorized MCTS] Step 085: 28 games active. Step time: 2144.1ms. Total moves played: 2787
   [Vectorized MCTS] Step 090: 28 games active. Step time: 2092.3ms. Total moves played: 2927
   [Vectorized MCTS] Step 095: 27 games active. Step time: 2100.6ms. Total moves played: 3065
   [Vectorized MCTS] Step 100: 27 games active. Step time: 2039.7ms. Total moves played: 3200
   [Vectorized MCTS] Step 105: 27 games active. Step time: 2101.2ms. Total moves played: 3335
   [Vectorized MCTS] Step 110: 26 games active. Step time: 1989.8ms. Total moves played: 3469
   [Vectorized MCTS] Step 115: 26 games active. Step time: 2069.5ms. Total moves played: 3599
   [Vectorized MCTS] Step 120: 25 games active. Step time: 1956.3ms. Total moves played: 3727
   [Vectorized MCTS] Step 125: 24 games active. Step time: 1965.7ms. Total moves played: 3850
   [Vectorized MCTS] Step 130: 24 games active. Step time: 1915.1ms. Total moves played: 3970
   [Vectorized MCTS] Step 135: 23 games active. Step time: 1880.3ms. Total moves played: 4088
   [Vectorized MCTS] Step 140: 23 games active. Step time: 1863.8ms. Total moves played: 4203
   [Vectorized MCTS] Step 145: 22 games active. Step time: 1865.4ms. Total moves played: 4318
   [Vectorized MCTS] Step 150: 22 games active. Step time: 1765.3ms. Total moves played: 4428
   [Vectorized MCTS] Step 155: 17 games active. Step time: 1057.2ms. Total moves played: 4523
   [Vectorized MCTS] Step 160: 08 games active. Step time: 832.1ms. Total moves played: 4590
   [Vectorized MCTS] Step 162: 00 games active. Step time: 760.1ms. Total moves played: 4606
[0256/1000] Vectorized selfplay games completed.
--> Starting batch of 64 vectorized games (games 256 to 319)...
   [Vectorized MCTS] Step 001: 64 games active. Step time: 4217.3ms. Total moves played: 64
   [Vectorized MCTS] Step 005: 64 games active. Step time: 4294.7ms. Total moves played: 320
   [Vectorized MCTS] Step 010: 62 games active. Step time: 4312.6ms. Total moves played: 640
   [Vectorized MCTS] Step 015: 27 games active. Step time: 2082.3ms. Total moves played: 817
   [Vectorized MCTS] Step 020: 25 games active. Step time: 2115.4ms. Total moves played: 949
   [Vectorized MCTS] Step 025: 24 games active. Step time: 1893.1ms. Total moves played: 1071
   [Vectorized MCTS] Step 030: 24 games active. Step time: 1956.3ms. Total moves played: 1191
   [Vectorized MCTS] Step 035: 24 games active. Step time: 1890.2ms. Total moves played: 1311
   [Vectorized MCTS] Step 040: 24 games active. Step time: 1961.4ms. Total moves played: 1431
   [Vectorized MCTS] Step 045: 24 games active. Step time: 1900.3ms. Total moves played: 1551
   [Vectorized MCTS] Step 050: 24 games active. Step time: 1970.1ms. Total moves played: 1671
   [Vectorized MCTS] Step 055: 24 games active. Step time: 1874.7ms. Total moves played: 1791
   [Vectorized MCTS] Step 060: 24 games active. Step time: 1964.0ms. Total moves played: 1911
   [Vectorized MCTS] Step 065: 24 games active. Step time: 1923.2ms. Total moves played: 2031
   [Vectorized MCTS] Step 070: 24 games active. Step time: 1963.1ms. Total moves played: 2151
   [Vectorized MCTS] Step 075: 24 games active. Step time: 1906.1ms. Total moves played: 2271
   [Vectorized MCTS] Step 080: 24 games active. Step time: 1993.1ms. Total moves played: 2391
   [Vectorized MCTS] Step 085: 24 games active. Step time: 1912.9ms. Total moves played: 2511
   [Vectorized MCTS] Step 090: 24 games active. Step time: 1974.4ms. Total moves played: 2631
   [Vectorized MCTS] Step 095: 24 games active. Step time: 1927.4ms. Total moves played: 2751
   [Vectorized MCTS] Step 100: 24 games active. Step time: 1991.5ms. Total moves played: 2871
   [Vectorized MCTS] Step 105: 21 games active. Step time: 1886.4ms. Total moves played: 2989
   [Vectorized MCTS] Step 110: 21 games active. Step time: 1784.8ms. Total moves played: 3094
   [Vectorized MCTS] Step 115: 20 games active. Step time: 1776.0ms. Total moves played: 3199
   [Vectorized MCTS] Step 120: 20 games active. Step time: 1728.6ms. Total moves played: 3299
   [Vectorized MCTS] Step 125: 20 games active. Step time: 1682.0ms. Total moves played: 3399
   [Vectorized MCTS] Step 130: 20 games active. Step time: 1709.4ms. Total moves played: 3499
   [Vectorized MCTS] Step 135: 20 games active. Step time: 1703.9ms. Total moves played: 3599
   [Vectorized MCTS] Step 140: 19 games active. Step time: 1664.7ms. Total moves played: 3697
   [Vectorized MCTS] Step 145: 16 games active. Step time: 1577.7ms. Total moves played: 3790
   [Vectorized MCTS] Step 150: 16 games active. Step time: 1465.7ms. Total moves played: 3870
   [Vectorized MCTS] Step 155: 12 games active. Step time: 892.0ms. Total moves played: 3940
   [Vectorized MCTS] Step 160: 05 games active. Step time: 763.9ms. Total moves played: 3980
   [Vectorized MCTS] Step 165: 01 games active. Step time: 498.8ms. Total moves played: 3993
   [Vectorized MCTS] Step 170: 00 games active. Step time: 497.7ms. Total moves played: 3998
[0320/1000] Vectorized selfplay games completed.
--> Starting batch of 64 vectorized games (games 320 to 383)...
   [Vectorized MCTS] Step 001: 64 games active. Step time: 4178.0ms. Total moves played: 64
   [Vectorized MCTS] Step 005: 64 games active. Step time: 4313.2ms. Total moves played: 320
   [Vectorized MCTS] Step 010: 62 games active. Step time: 4376.3ms. Total moves played: 640
   [Vectorized MCTS] Step 015: 30 games active. Step time: 2258.0ms. Total moves played: 832
   [Vectorized MCTS] Step 020: 29 games active. Step time: 2222.8ms. Total moves played: 982
   [Vectorized MCTS] Step 025: 29 games active. Step time: 2158.8ms. Total moves played: 1127
   [Vectorized MCTS] Step 030: 29 games active. Step time: 2190.1ms. Total moves played: 1272
   [Vectorized MCTS] Step 035: 29 games active. Step time: 2159.4ms. Total moves played: 1417
   [Vectorized MCTS] Step 040: 29 games active. Step time: 2195.8ms. Total moves played: 1562
   [Vectorized MCTS] Step 045: 29 games active. Step time: 2137.3ms. Total moves played: 1707
   [Vectorized MCTS] Step 050: 29 games active. Step time: 2175.9ms. Total moves played: 1852
   [Vectorized MCTS] Step 055: 29 games active. Step time: 2171.8ms. Total moves played: 1997
   [Vectorized MCTS] Step 060: 29 games active. Step time: 2181.3ms. Total moves played: 2142
   [Vectorized MCTS] Step 065: 29 games active. Step time: 2175.7ms. Total moves played: 2287
   [Vectorized MCTS] Step 070: 29 games active. Step time: 2173.4ms. Total moves played: 2432
   [Vectorized MCTS] Step 075: 29 games active. Step time: 2187.9ms. Total moves played: 2577
   [Vectorized MCTS] Step 080: 29 games active. Step time: 2196.7ms. Total moves played: 2722
   [Vectorized MCTS] Step 085: 29 games active. Step time: 2179.6ms. Total moves played: 2867
   [Vectorized MCTS] Step 090: 29 games active. Step time: 2195.1ms. Total moves played: 3012
   [Vectorized MCTS] Step 095: 29 games active. Step time: 2168.5ms. Total moves played: 3157
   [Vectorized MCTS] Step 100: 28 games active. Step time: 2143.0ms. Total moves played: 3302
   [Vectorized MCTS] Step 105: 28 games active. Step time: 2132.0ms. Total moves played: 3442
   [Vectorized MCTS] Step 110: 28 games active. Step time: 2175.4ms. Total moves played: 3582
   [Vectorized MCTS] Step 115: 27 games active. Step time: 2044.3ms. Total moves played: 3718
   [Vectorized MCTS] Step 120: 27 games active. Step time: 2117.3ms. Total moves played: 3853
   [Vectorized MCTS] Step 125: 27 games active. Step time: 2052.8ms. Total moves played: 3988
   [Vectorized MCTS] Step 130: 26 games active. Step time: 2048.7ms. Total moves played: 4120
   [Vectorized MCTS] Step 135: 26 games active. Step time: 2024.7ms. Total moves played: 4250
   [Vectorized MCTS] Step 140: 26 games active. Step time: 2028.0ms. Total moves played: 4380
   [Vectorized MCTS] Step 145: 25 games active. Step time: 1502.1ms. Total moves played: 4508
   [Vectorized MCTS] Step 150: 23 games active. Step time: 1847.1ms. Total moves played: 4629
   [Vectorized MCTS] Step 155: 21 games active. Step time: 1299.0ms. Total moves played: 4738
   [Vectorized MCTS] Step 160: 12 games active. Step time: 880.8ms. Total moves played: 4817
   [Vectorized MCTS] Step 162: 00 games active. Step time: 835.8ms. Total moves played: 4841
[0384/1000] Vectorized selfplay games completed.
--> Starting batch of 64 vectorized games (games 384 to 447)...
   [Vectorized MCTS] Step 001: 64 games active. Step time: 4179.8ms. Total moves played: 64
   [Vectorized MCTS] Step 005: 64 games active. Step time: 4328.1ms. Total moves played: 320
   [Vectorized MCTS] Step 010: 61 games active. Step time: 4365.0ms. Total moves played: 640
   [Vectorized MCTS] Step 015: 22 games active. Step time: 1832.6ms. Total moves played: 798
   [Vectorized MCTS] Step 020: 21 games active. Step time: 1803.8ms. Total moves played: 906
   [Vectorized MCTS] Step 025: 21 games active. Step time: 1789.8ms. Total moves played: 1011
   [Vectorized MCTS] Step 030: 21 games active. Step time: 1799.2ms. Total moves played: 1116
   [Vectorized MCTS] Step 035: 21 games active. Step time: 1819.1ms. Total moves played: 1221
   [Vectorized MCTS] Step 040: 21 games active. Step time: 1803.2ms. Total moves played: 1326
   [Vectorized MCTS] Step 045: 21 games active. Step time: 1808.4ms. Total moves played: 1431
   [Vectorized MCTS] Step 050: 21 games active. Step time: 1817.5ms. Total moves played: 1536
   [Vectorized MCTS] Step 055: 21 games active. Step time: 1809.8ms. Total moves played: 1641
   [Vectorized MCTS] Step 060: 21 games active. Step time: 1797.8ms. Total moves played: 1746
   [Vectorized MCTS] Step 065: 21 games active. Step time: 1822.4ms. Total moves played: 1851
   [Vectorized MCTS] Step 070: 21 games active. Step time: 1799.6ms. Total moves played: 1956
   [Vectorized MCTS] Step 075: 21 games active. Step time: 1814.6ms. Total moves played: 2061
   [Vectorized MCTS] Step 080: 21 games active. Step time: 1796.3ms. Total moves played: 2166
   [Vectorized MCTS] Step 085: 21 games active. Step time: 1818.6ms. Total moves played: 2271
   [Vectorized MCTS] Step 090: 21 games active. Step time: 1809.2ms. Total moves played: 2376
   [Vectorized MCTS] Step 095: 21 games active. Step time: 1792.3ms. Total moves played: 2481
   [Vectorized MCTS] Step 100: 21 games active. Step time: 1829.9ms. Total moves played: 2586
   [Vectorized MCTS] Step 105: 21 games active. Step time: 1802.1ms. Total moves played: 2691
   [Vectorized MCTS] Step 110: 21 games active. Step time: 1805.1ms. Total moves played: 2796
   [Vectorized MCTS] Step 115: 21 games active. Step time: 1806.9ms. Total moves played: 2901
   [Vectorized MCTS] Step 120: 21 games active. Step time: 1806.3ms. Total moves played: 3006
   [Vectorized MCTS] Step 125: 20 games active. Step time: 1722.4ms. Total moves played: 3109
   [Vectorized MCTS] Step 130: 19 games active. Step time: 1641.2ms. Total moves played: 3208
   [Vectorized MCTS] Step 135: 19 games active. Step time: 1665.5ms. Total moves played: 3303
   [Vectorized MCTS] Step 140: 19 games active. Step time: 1634.0ms. Total moves played: 3398
   [Vectorized MCTS] Step 145: 18 games active. Step time: 1554.3ms. Total moves played: 3489
   [Vectorized MCTS] Step 150: 16 games active. Step time: 1492.4ms. Total moves played: 3577
   [Vectorized MCTS] Step 155: 15 games active. Step time: 1467.4ms. Total moves played: 3657
   [Vectorized MCTS] Step 160: 07 games active. Step time: 803.0ms. Total moves played: 3718
   [Vectorized MCTS] Step 162: 00 games active. Step time: 752.7ms. Total moves played: 3732
[0448/1000] Vectorized selfplay games completed.
--> Starting batch of 64 vectorized games (games 448 to 511)...
   [Vectorized MCTS] Step 001: 64 games active. Step time: 4298.2ms. Total moves played: 64
   [Vectorized MCTS] Step 005: 64 games active. Step time: 4388.0ms. Total moves played: 320
   [Vectorized MCTS] Step 010: 61 games active. Step time: 4362.4ms. Total moves played: 640
   [Vectorized MCTS] Step 015: 25 games active. Step time: 2017.3ms. Total moves played: 814
   [Vectorized MCTS] Step 020: 24 games active. Step time: 1980.0ms. Total moves played: 939
   [Vectorized MCTS] Step 025: 24 games active. Step time: 1931.2ms. Total moves played: 1059
   [Vectorized MCTS] Step 030: 24 games active. Step time: 1939.0ms. Total moves played: 1179
   [Vectorized MCTS] Step 035: 24 games active. Step time: 1951.8ms. Total moves played: 1299
   [Vectorized MCTS] Step 040: 24 games active. Step time: 1938.7ms. Total moves played: 1419
   [Vectorized MCTS] Step 045: 24 games active. Step time: 1955.5ms. Total moves played: 1539
   [Vectorized MCTS] Step 050: 24 games active. Step time: 1919.3ms. Total moves played: 1659
   [Vectorized MCTS] Step 055: 24 games active. Step time: 1959.4ms. Total moves played: 1779
   [Vectorized MCTS] Step 060: 24 games active. Step time: 1935.4ms. Total moves played: 1899
   [Vectorized MCTS] Step 065: 24 games active. Step time: 1954.2ms. Total moves played: 2019
   [Vectorized MCTS] Step 070: 24 games active. Step time: 1931.7ms. Total moves played: 2139
   [Vectorized MCTS] Step 075: 24 games active. Step time: 1957.9ms. Total moves played: 2259
   [Vectorized MCTS] Step 080: 24 games active. Step time: 1950.3ms. Total moves played: 2379
   [Vectorized MCTS] Step 085: 24 games active. Step time: 1961.8ms. Total moves played: 2499
   [Vectorized MCTS] Step 090: 24 games active. Step time: 1934.2ms. Total moves played: 2619
   [Vectorized MCTS] Step 095: 22 games active. Step time: 1921.1ms. Total moves played: 2736
   [Vectorized MCTS] Step 100: 20 games active. Step time: 1698.1ms. Total moves played: 2843
   [Vectorized MCTS] Step 105: 20 games active. Step time: 1684.9ms. Total moves played: 2943
   [Vectorized MCTS] Step 110: 20 games active. Step time: 1717.2ms. Total moves played: 3043
   [Vectorized MCTS] Step 115: 20 games active. Step time: 1720.9ms. Total moves played: 3143
   [Vectorized MCTS] Step 120: 19 games active. Step time: 1698.6ms. Total moves played: 3242
   [Vectorized MCTS] Step 125: 19 games active. Step time: 1635.4ms. Total moves played: 3337
   [Vectorized MCTS] Step 130: 19 games active. Step time: 1698.0ms. Total moves played: 3432
   [Vectorized MCTS] Step 135: 19 games active. Step time: 1625.6ms. Total moves played: 3527
   [Vectorized MCTS] Step 140: 19 games active. Step time: 1660.0ms. Total moves played: 3622
   [Vectorized MCTS] Step 145: 19 games active. Step time: 1551.7ms. Total moves played: 3717
   [Vectorized MCTS] Step 150: 18 games active. Step time: 1585.4ms. Total moves played: 3809
   [Vectorized MCTS] Step 155: 14 games active. Step time: 898.7ms. Total moves played: 3891
   [Vectorized MCTS] Step 160: 05 games active. Step time: 826.1ms. Total moves played: 3945
   [Vectorized MCTS] Step 162: 00 games active. Step time: 692.2ms. Total moves played: 3955
[0512/1000] Vectorized selfplay games completed.
--> Starting batch of 64 vectorized games (games 512 to 575)...
   [Vectorized MCTS] Step 001: 64 games active. Step time: 4255.1ms. Total moves played: 64
   [Vectorized MCTS] Step 005: 64 games active. Step time: 4323.4ms. Total moves played: 320
   [Vectorized MCTS] Step 010: 63 games active. Step time: 4325.8ms. Total moves played: 640
   [Vectorized MCTS] Step 015: 28 games active. Step time: 2117.2ms. Total moves played: 820
   [Vectorized MCTS] Step 020: 27 games active. Step time: 2106.7ms. Total moves played: 960
   [Vectorized MCTS] Step 025: 27 games active. Step time: 2075.8ms. Total moves played: 1095
   [Vectorized MCTS] Step 030: 27 games active. Step time: 1637.8ms. Total moves played: 1230
   [Vectorized MCTS] Step 035: 27 games active. Step time: 2096.6ms. Total moves played: 1365
   [Vectorized MCTS] Step 040: 27 games active. Step time: 1641.3ms. Total moves played: 1500
   [Vectorized MCTS] Step 045: 27 games active. Step time: 2122.1ms. Total moves played: 1635
   [Vectorized MCTS] Step 050: 27 games active. Step time: 1639.9ms. Total moves played: 1770
   [Vectorized MCTS] Step 055: 27 games active. Step time: 2112.9ms. Total moves played: 1905
   [Vectorized MCTS] Step 060: 27 games active. Step time: 1657.8ms. Total moves played: 2040
   [Vectorized MCTS] Step 065: 27 games active. Step time: 2104.3ms. Total moves played: 2175
   [Vectorized MCTS] Step 070: 27 games active. Step time: 1648.9ms. Total moves played: 2310
   [Vectorized MCTS] Step 075: 27 games active. Step time: 2111.4ms. Total moves played: 2445
   [Vectorized MCTS] Step 080: 27 games active. Step time: 1646.9ms. Total moves played: 2580
   [Vectorized MCTS] Step 085: 27 games active. Step time: 2125.4ms. Total moves played: 2715
   [Vectorized MCTS] Step 090: 26 games active. Step time: 1589.3ms. Total moves played: 2849
   [Vectorized MCTS] Step 095: 26 games active. Step time: 2030.9ms. Total moves played: 2979
   [Vectorized MCTS] Step 100: 26 games active. Step time: 1592.5ms. Total moves played: 3109
   [Vectorized MCTS] Step 105: 26 games active. Step time: 2004.8ms. Total moves played: 3239
   [Vectorized MCTS] Step 110: 26 games active. Step time: 1598.9ms. Total moves played: 3369
   [Vectorized MCTS] Step 115: 25 games active. Step time: 1972.0ms. Total moves played: 3498
   [Vectorized MCTS] Step 120: 25 games active. Step time: 1558.5ms. Total moves played: 3623
   [Vectorized MCTS] Step 125: 25 games active. Step time: 1993.5ms. Total moves played: 3748
   [Vectorized MCTS] Step 130: 25 games active. Step time: 1535.7ms. Total moves played: 3873
   [Vectorized MCTS] Step 135: 24 games active. Step time: 1911.2ms. Total moves played: 3994
   [Vectorized MCTS] Step 140: 24 games active. Step time: 1476.2ms. Total moves played: 4114
   [Vectorized MCTS] Step 145: 23 games active. Step time: 1419.6ms. Total moves played: 4230
   [Vectorized MCTS] Step 150: 23 games active. Step time: 1398.4ms. Total moves played: 4345
   [Vectorized MCTS] Step 155: 23 games active. Step time: 1400.4ms. Total moves played: 4460
   [Vectorized MCTS] Step 160: 09 games active. Step time: 1050.1ms. Total moves played: 4555
   [Vectorized MCTS] Step 164: 00 games active. Step time: 498.1ms. Total moves played: 4575
[0576/1000] Vectorized selfplay games completed.
--> Starting batch of 64 vectorized games (games 576 to 639)...
   [Vectorized MCTS] Step 001: 64 games active. Step time: 4228.0ms. Total moves played: 64
   [Vectorized MCTS] Step 005: 64 games active. Step time: 4319.5ms. Total moves played: 320
   [Vectorized MCTS] Step 010: 60 games active. Step time: 4353.6ms. Total moves played: 640
   [Vectorized MCTS] Step 015: 26 games active. Step time: 2021.6ms. Total moves played: 811
   [Vectorized MCTS] Step 020: 24 games active. Step time: 1952.4ms. Total moves played: 933
   [Vectorized MCTS] Step 025: 24 games active. Step time: 1969.0ms. Total moves played: 1053
   [Vectorized MCTS] Step 030: 24 games active. Step time: 1960.5ms. Total moves played: 1173
   [Vectorized MCTS] Step 035: 24 games active. Step time: 1962.3ms. Total moves played: 1293
   [Vectorized MCTS] Step 040: 24 games active. Step time: 1938.3ms. Total moves played: 1413
   [Vectorized MCTS] Step 045: 24 games active. Step time: 1978.5ms. Total moves played: 1533
   [Vectorized MCTS] Step 050: 24 games active. Step time: 1954.9ms. Total moves played: 1653
   [Vectorized MCTS] Step 055: 24 games active. Step time: 1978.9ms. Total moves played: 1773
   [Vectorized MCTS] Step 060: 24 games active. Step time: 1947.2ms. Total moves played: 1893
   [Vectorized MCTS] Step 065: 24 games active. Step time: 1958.5ms. Total moves played: 2013
   [Vectorized MCTS] Step 070: 24 games active. Step time: 1949.0ms. Total moves played: 2133
   [Vectorized MCTS] Step 075: 24 games active. Step time: 1965.7ms. Total moves played: 2253
   [Vectorized MCTS] Step 080: 24 games active. Step time: 1960.8ms. Total moves played: 2373
   [Vectorized MCTS] Step 085: 24 games active. Step time: 1976.0ms. Total moves played: 2493
   [Vectorized MCTS] Step 090: 24 games active. Step time: 1958.2ms. Total moves played: 2613
   [Vectorized MCTS] Step 095: 23 games active. Step time: 1903.2ms. Total moves played: 2732
   [Vectorized MCTS] Step 100: 23 games active. Step time: 1930.6ms. Total moves played: 2847
   [Vectorized MCTS] Step 105: 23 games active. Step time: 1893.6ms. Total moves played: 2962
   [Vectorized MCTS] Step 110: 23 games active. Step time: 1923.2ms. Total moves played: 3077
   [Vectorized MCTS] Step 115: 23 games active. Step time: 1914.0ms. Total moves played: 3192
   [Vectorized MCTS] Step 120: 23 games active. Step time: 1936.1ms. Total moves played: 3307
   [Vectorized MCTS] Step 125: 22 games active. Step time: 1858.2ms. Total moves played: 3420
   [Vectorized MCTS] Step 130: 21 games active. Step time: 1763.6ms. Total moves played: 3526
   [Vectorized MCTS] Step 135: 21 games active. Step time: 1794.9ms. Total moves played: 3631
   [Vectorized MCTS] Step 140: 21 games active. Step time: 1722.1ms. Total moves played: 3736
   [Vectorized MCTS] Step 145: 19 games active. Step time: 1677.0ms. Total moves played: 3840
   [Vectorized MCTS] Step 150: 16 games active. Step time: 1535.8ms. Total moves played: 3931
   [Vectorized MCTS] Step 155: 15 games active. Step time: 1425.0ms. Total moves played: 4010
   [Vectorized MCTS] Step 160: 07 games active. Step time: 868.6ms. Total moves played: 4080
   [Vectorized MCTS] Step 165: 01 games active. Step time: 498.2ms. Total moves played: 4097
   [Vectorized MCTS] Step 168: 00 games active. Step time: 499.2ms. Total moves played: 4100
[0640/1000] Vectorized selfplay games completed.
--> Starting batch of 64 vectorized games (games 640 to 703)...
   [Vectorized MCTS] Step 001: 64 games active. Step time: 4218.4ms. Total moves played: 64
   [Vectorized MCTS] Step 005: 64 games active. Step time: 4305.7ms. Total moves played: 320
   [Vectorized MCTS] Step 010: 63 games active. Step time: 4340.9ms. Total moves played: 636
   [Vectorized MCTS] Step 015: 27 games active. Step time: 2072.7ms. Total moves played: 816
   [Vectorized MCTS] Step 020: 24 games active. Step time: 1921.2ms. Total moves played: 943
   [Vectorized MCTS] Step 025: 24 games active. Step time: 1894.6ms. Total moves played: 1063
   [Vectorized MCTS] Step 030: 24 games active. Step time: 1953.7ms. Total moves played: 1183
   [Vectorized MCTS] Step 035: 24 games active. Step time: 1900.1ms. Total moves played: 1303
   [Vectorized MCTS] Step 040: 24 games active. Step time: 1941.2ms. Total moves played: 1423
   [Vectorized MCTS] Step 045: 24 games active. Step time: 1907.3ms. Total moves played: 1543
   [Vectorized MCTS] Step 050: 24 games active. Step time: 1946.7ms. Total moves played: 1663
   [Vectorized MCTS] Step 055: 24 games active. Step time: 1909.1ms. Total moves played: 1783
   [Vectorized MCTS] Step 060: 24 games active. Step time: 1939.8ms. Total moves played: 1903
   [Vectorized MCTS] Step 065: 24 games active. Step time: 1890.7ms. Total moves played: 2023
   [Vectorized MCTS] Step 070: 24 games active. Step time: 1922.0ms. Total moves played: 2143
   [Vectorized MCTS] Step 075: 24 games active. Step time: 1905.5ms. Total moves played: 2263
   [Vectorized MCTS] Step 080: 24 games active. Step time: 1937.6ms. Total moves played: 2383
   [Vectorized MCTS] Step 085: 24 games active. Step time: 1941.3ms. Total moves played: 2503
   [Vectorized MCTS] Step 090: 24 games active. Step time: 1956.1ms. Total moves played: 2623
   [Vectorized MCTS] Step 095: 24 games active. Step time: 1916.9ms. Total moves played: 2743
   [Vectorized MCTS] Step 100: 23 games active. Step time: 1936.5ms. Total moves played: 2863
   [Vectorized MCTS] Step 105: 23 games active. Step time: 1831.2ms. Total moves played: 2978
   [Vectorized MCTS] Step 110: 23 games active. Step time: 1908.5ms. Total moves played: 3093
   [Vectorized MCTS] Step 115: 23 games active. Step time: 1865.3ms. Total moves played: 3208
   [Vectorized MCTS] Step 120: 22 games active. Step time: 1865.2ms. Total moves played: 3321
   [Vectorized MCTS] Step 125: 20 games active. Step time: 1668.6ms. Total moves played: 3424
   [Vectorized MCTS] Step 130: 19 games active. Step time: 1683.4ms. Total moves played: 3521
   [Vectorized MCTS] Step 135: 18 games active. Step time: 1577.0ms. Total moves played: 3615
   [Vectorized MCTS] Step 140: 18 games active. Step time: 1609.7ms. Total moves played: 3705
   [Vectorized MCTS] Step 145: 18 games active. Step time: 1592.4ms. Total moves played: 3795
   [Vectorized MCTS] Step 150: 16 games active. Step time: 1566.7ms. Total moves played: 3883
   [Vectorized MCTS] Step 155: 14 games active. Step time: 896.0ms. Total moves played: 3958
   [Vectorized MCTS] Step 160: 05 games active. Step time: 787.6ms. Total moves played: 4012
   [Vectorized MCTS] Step 162: 00 games active. Step time: 710.3ms. Total moves played: 4022
[0704/1000] Vectorized selfplay games completed.
--> Starting batch of 64 vectorized games (games 704 to 767)...
   [Vectorized MCTS] Step 001: 64 games active. Step time: 4255.8ms. Total moves played: 64
   [Vectorized MCTS] Step 005: 64 games active. Step time: 4336.9ms. Total moves played: 320
   [Vectorized MCTS] Step 010: 61 games active. Step time: 4355.0ms. Total moves played: 640
   [Vectorized MCTS] Step 015: 27 games active. Step time: 2045.4ms. Total moves played: 814
   [Vectorized MCTS] Step 020: 25 games active. Step time: 1971.3ms. Total moves played: 943
   [Vectorized MCTS] Step 025: 25 games active. Step time: 1952.0ms. Total moves played: 1068
   [Vectorized MCTS] Step 030: 25 games active. Step time: 1984.6ms. Total moves played: 1193
   [Vectorized MCTS] Step 035: 25 games active. Step time: 1967.6ms. Total moves played: 1318
   [Vectorized MCTS] Step 040: 25 games active. Step time: 1993.5ms. Total moves played: 1443
   [Vectorized MCTS] Step 045: 25 games active. Step time: 1971.9ms. Total moves played: 1568
   [Vectorized MCTS] Step 050: 25 games active. Step time: 1982.0ms. Total moves played: 1693
   [Vectorized MCTS] Step 055: 25 games active. Step time: 1986.6ms. Total moves played: 1818
   [Vectorized MCTS] Step 060: 25 games active. Step time: 1997.7ms. Total moves played: 1943
   [Vectorized MCTS] Step 065: 25 games active. Step time: 1971.0ms. Total moves played: 2068
   [Vectorized MCTS] Step 070: 25 games active. Step time: 1978.1ms. Total moves played: 2193
   [Vectorized MCTS] Step 075: 25 games active. Step time: 1985.2ms. Total moves played: 2318
   [Vectorized MCTS] Step 080: 25 games active. Step time: 1940.3ms. Total moves played: 2443
   [Vectorized MCTS] Step 085: 25 games active. Step time: 1984.5ms. Total moves played: 2568
   [Vectorized MCTS] Step 090: 25 games active. Step time: 1969.8ms. Total moves played: 2693
   [Vectorized MCTS] Step 095: 25 games active. Step time: 1966.0ms. Total moves played: 2818
   [Vectorized MCTS] Step 100: 24 games active. Step time: 1964.5ms. Total moves played: 2940
   [Vectorized MCTS] Step 105: 24 games active. Step time: 1520.2ms. Total moves played: 3060
   [Vectorized MCTS] Step 110: 24 games active. Step time: 1952.6ms. Total moves played: 3180
   [Vectorized MCTS] Step 115: 24 games active. Step time: 1497.2ms. Total moves played: 3300
   [Vectorized MCTS] Step 120: 24 games active. Step time: 1947.9ms. Total moves played: 3420
   [Vectorized MCTS] Step 125: 24 games active. Step time: 1505.1ms. Total moves played: 3540
   [Vectorized MCTS] Step 130: 24 games active. Step time: 1935.2ms. Total moves played: 3660
   [Vectorized MCTS] Step 135: 24 games active. Step time: 1479.9ms. Total moves played: 3780
   [Vectorized MCTS] Step 140: 24 games active. Step time: 1932.3ms. Total moves played: 3900
   [Vectorized MCTS] Step 145: 24 games active. Step time: 1462.6ms. Total moves played: 4020
   [Vectorized MCTS] Step 150: 24 games active. Step time: 1902.2ms. Total moves played: 4140
   [Vectorized MCTS] Step 155: 24 games active. Step time: 1417.4ms. Total moves played: 4260
   [Vectorized MCTS] Step 160: 10 games active. Step time: 1214.8ms. Total moves played: 4366
   [Vectorized MCTS] Step 162: 00 games active. Step time: 799.9ms. Total moves played: 4386
[0768/1000] Vectorized selfplay games completed.
--> Starting batch of 64 vectorized games (games 768 to 831)...
   [Vectorized MCTS] Step 001: 64 games active. Step time: 4251.1ms. Total moves played: 64
   [Vectorized MCTS] Step 005: 64 games active. Step time: 4287.6ms. Total moves played: 320
   [Vectorized MCTS] Step 010: 62 games active. Step time: 4394.2ms. Total moves played: 640
   [Vectorized MCTS] Step 015: 28 games active. Step time: 2113.2ms. Total moves played: 820
   [Vectorized MCTS] Step 020: 27 games active. Step time: 2047.1ms. Total moves played: 958
   [Vectorized MCTS] Step 025: 27 games active. Step time: 2089.6ms. Total moves played: 1093
   [Vectorized MCTS] Step 030: 27 games active. Step time: 2049.9ms. Total moves played: 1228
   [Vectorized MCTS] Step 035: 27 games active. Step time: 2108.8ms. Total moves played: 1363
   [Vectorized MCTS] Step 040: 27 games active. Step time: 2055.2ms. Total moves played: 1498
   [Vectorized MCTS] Step 045: 27 games active. Step time: 2098.9ms. Total moves played: 1633
   [Vectorized MCTS] Step 050: 27 games active. Step time: 2062.8ms. Total moves played: 1768
   [Vectorized MCTS] Step 055: 27 games active. Step time: 2091.5ms. Total moves played: 1903
   [Vectorized MCTS] Step 060: 27 games active. Step time: 2053.0ms. Total moves played: 2038
   [Vectorized MCTS] Step 065: 27 games active. Step time: 2098.1ms. Total moves played: 2173
   [Vectorized MCTS] Step 070: 27 games active. Step time: 2062.6ms. Total moves played: 2308
   [Vectorized MCTS] Step 075: 27 games active. Step time: 2133.3ms. Total moves played: 2443
   [Vectorized MCTS] Step 080: 27 games active. Step time: 2057.8ms. Total moves played: 2578
   [Vectorized MCTS] Step 085: 27 games active. Step time: 2118.0ms. Total moves played: 2713
   [Vectorized MCTS] Step 090: 27 games active. Step time: 2076.1ms. Total moves played: 2848
   [Vectorized MCTS] Step 095: 27 games active. Step time: 2112.0ms. Total moves played: 2983
   [Vectorized MCTS] Step 100: 26 games active. Step time: 2019.7ms. Total moves played: 3117
   [Vectorized MCTS] Step 105: 25 games active. Step time: 1980.4ms. Total moves played: 3243
   [Vectorized MCTS] Step 110: 24 games active. Step time: 1936.1ms. Total moves played: 3367
   [Vectorized MCTS] Step 115: 24 games active. Step time: 1944.6ms. Total moves played: 3487
   [Vectorized MCTS] Step 120: 24 games active. Step time: 1932.0ms. Total moves played: 3607
   [Vectorized MCTS] Step 125: 24 games active. Step time: 1941.0ms. Total moves played: 3727
   [Vectorized MCTS] Step 130: 23 games active. Step time: 1889.0ms. Total moves played: 3846
   [Vectorized MCTS] Step 135: 23 games active. Step time: 1856.8ms. Total moves played: 3961
   [Vectorized MCTS] Step 140: 22 games active. Step time: 1801.9ms. Total moves played: 4075
   [Vectorized MCTS] Step 145: 22 games active. Step time: 1379.8ms. Total moves played: 4185
   [Vectorized MCTS] Step 150: 20 games active. Step time: 1796.8ms. Total moves played: 4295
   [Vectorized MCTS] Step 155: 17 games active. Step time: 1047.8ms. Total moves played: 4388
   [Vectorized MCTS] Step 160: 08 games active. Step time: 862.0ms. Total moves played: 4461
   [Vectorized MCTS] Step 164: 00 games active. Step time: 524.2ms. Total moves played: 4479
[0832/1000] Vectorized selfplay games completed.
--> Starting batch of 64 vectorized games (games 832 to 895)...
   [Vectorized MCTS] Step 001: 64 games active. Step time: 4246.4ms. Total moves played: 64
   [Vectorized MCTS] Step 005: 64 games active. Step time: 4309.6ms. Total moves played: 320
   [Vectorized MCTS] Step 010: 63 games active. Step time: 4302.9ms. Total moves played: 640
   [Vectorized MCTS] Step 015: 26 games active. Step time: 1999.0ms. Total moves played: 813
   [Vectorized MCTS] Step 020: 24 games active. Step time: 1965.4ms. Total moves played: 937
   [Vectorized MCTS] Step 025: 23 games active. Step time: 1896.3ms. Total moves played: 1053
   [Vectorized MCTS] Step 030: 23 games active. Step time: 1851.4ms. Total moves played: 1168
   [Vectorized MCTS] Step 035: 23 games active. Step time: 1916.6ms. Total moves played: 1283
   [Vectorized MCTS] Step 040: 23 games active. Step time: 1832.9ms. Total moves played: 1398
   [Vectorized MCTS] Step 045: 23 games active. Step time: 1907.5ms. Total moves played: 1513
   [Vectorized MCTS] Step 050: 23 games active. Step time: 1835.1ms. Total moves played: 1628
   [Vectorized MCTS] Step 055: 23 games active. Step time: 1910.5ms. Total moves played: 1743
   [Vectorized MCTS] Step 060: 23 games active. Step time: 1832.1ms. Total moves played: 1858
   [Vectorized MCTS] Step 065: 23 games active. Step time: 1912.2ms. Total moves played: 1973
   [Vectorized MCTS] Step 070: 23 games active. Step time: 1863.6ms. Total moves played: 2088
   [Vectorized MCTS] Step 075: 23 games active. Step time: 1923.4ms. Total moves played: 2203
   [Vectorized MCTS] Step 080: 23 games active. Step time: 1829.6ms. Total moves played: 2318
   [Vectorized MCTS] Step 085: 23 games active. Step time: 1910.2ms. Total moves played: 2433
   [Vectorized MCTS] Step 090: 23 games active. Step time: 1856.5ms. Total moves played: 2548
   [Vectorized MCTS] Step 095: 21 games active. Step time: 1356.8ms. Total moves played: 2655
   [Vectorized MCTS] Step 100: 21 games active. Step time: 1786.8ms. Total moves played: 2760
   [Vectorized MCTS] Step 105: 21 games active. Step time: 1378.4ms. Total moves played: 2865
   [Vectorized MCTS] Step 110: 21 games active. Step time: 1842.1ms. Total moves played: 2970
   [Vectorized MCTS] Step 115: 21 games active. Step time: 1380.5ms. Total moves played: 3075
   [Vectorized MCTS] Step 120: 21 games active. Step time: 1813.0ms. Total moves played: 3180
   [Vectorized MCTS] Step 125: 21 games active. Step time: 1368.1ms. Total moves played: 3285
   [Vectorized MCTS] Step 130: 21 games active. Step time: 1816.5ms. Total moves played: 3390
   [Vectorized MCTS] Step 135: 21 games active. Step time: 1352.8ms. Total moves played: 3495
   [Vectorized MCTS] Step 140: 21 games active. Step time: 1789.3ms. Total moves played: 3600
   [Vectorized MCTS] Step 145: 21 games active. Step time: 1331.7ms. Total moves played: 3705
   [Vectorized MCTS] Step 150: 17 games active. Step time: 1484.4ms. Total moves played: 3800
   [Vectorized MCTS] Step 155: 16 games active. Step time: 1012.0ms. Total moves played: 3882
   [Vectorized MCTS] Step 160: 07 games active. Step time: 822.5ms. Total moves played: 3940
   [Vectorized MCTS] Step 162: 00 games active. Step time: 757.6ms. Total moves played: 3954
[0896/1000] Vectorized selfplay games completed.
--> Starting batch of 64 vectorized games (games 896 to 959)...
   [Vectorized MCTS] Step 001: 64 games active. Step time: 4267.4ms. Total moves played: 64
   [Vectorized MCTS] Step 005: 64 games active. Step time: 4406.9ms. Total moves played: 320
   [Vectorized MCTS] Step 010: 62 games active. Step time: 4346.6ms. Total moves played: 640
   [Vectorized MCTS] Step 015: 29 games active. Step time: 2243.5ms. Total moves played: 826
   [Vectorized MCTS] Step 020: 27 games active. Step time: 2072.7ms. Total moves played: 968
   [Vectorized MCTS] Step 025: 27 games active. Step time: 2134.4ms. Total moves played: 1103
   [Vectorized MCTS] Step 030: 27 games active. Step time: 2062.9ms. Total moves played: 1238
   [Vectorized MCTS] Step 035: 27 games active. Step time: 2148.8ms. Total moves played: 1373
   [Vectorized MCTS] Step 040: 27 games active. Step time: 2055.1ms. Total moves played: 1508
   [Vectorized MCTS] Step 045: 27 games active. Step time: 2135.9ms. Total moves played: 1643
   [Vectorized MCTS] Step 050: 27 games active. Step time: 2069.8ms. Total moves played: 1778
   [Vectorized MCTS] Step 055: 27 games active. Step time: 2150.7ms. Total moves played: 1913
   [Vectorized MCTS] Step 060: 27 games active. Step time: 2084.4ms. Total moves played: 2048
   [Vectorized MCTS] Step 065: 27 games active. Step time: 2144.4ms. Total moves played: 2183
   [Vectorized MCTS] Step 070: 27 games active. Step time: 2055.4ms. Total moves played: 2318
   [Vectorized MCTS] Step 075: 27 games active. Step time: 2160.2ms. Total moves played: 2453
   [Vectorized MCTS] Step 080: 27 games active. Step time: 2077.7ms. Total moves played: 2588
   [Vectorized MCTS] Step 085: 27 games active. Step time: 2144.9ms. Total moves played: 2723
   [Vectorized MCTS] Step 090: 27 games active. Step time: 2097.7ms. Total moves played: 2858
   [Vectorized MCTS] Step 095: 26 games active. Step time: 2137.1ms. Total moves played: 2993
   [Vectorized MCTS] Step 100: 26 games active. Step time: 2041.2ms. Total moves played: 3123
   [Vectorized MCTS] Step 105: 26 games active. Step time: 2080.0ms. Total moves played: 3253
   [Vectorized MCTS] Step 110: 26 games active. Step time: 2048.6ms. Total moves played: 3383
   [Vectorized MCTS] Step 115: 26 games active. Step time: 2083.2ms. Total moves played: 3513
   [Vectorized MCTS] Step 120: 26 games active. Step time: 2040.8ms. Total moves played: 3643
   [Vectorized MCTS] Step 125: 26 games active. Step time: 2074.8ms. Total moves played: 3773
   [Vectorized MCTS] Step 130: 26 games active. Step time: 2044.7ms. Total moves played: 3903
   [Vectorized MCTS] Step 135: 25 games active. Step time: 1985.1ms. Total moves played: 4031
   [Vectorized MCTS] Step 140: 24 games active. Step time: 1931.2ms. Total moves played: 4155
   [Vectorized MCTS] Step 145: 22 games active. Step time: 1805.9ms. Total moves played: 4273
   [Vectorized MCTS] Step 150: 21 games active. Step time: 1745.3ms. Total moves played: 4382
   [Vectorized MCTS] Step 155: 20 games active. Step time: 1244.0ms. Total moves played: 4486
   [Vectorized MCTS] Step 160: 09 games active. Step time: 861.7ms. Total moves played: 4560
   [Vectorized MCTS] Step 162: 00 games active. Step time: 763.3ms. Total moves played: 4578
[0960/1000] Vectorized selfplay games completed.
--> Starting batch of 40 vectorized games (games 960 to 999)...
   [Vectorized MCTS] Step 001: 40 games active. Step time: 2612.0ms. Total moves played: 40
   [Vectorized MCTS] Step 005: 40 games active. Step time: 2677.9ms. Total moves played: 200
   [Vectorized MCTS] Step 010: 38 games active. Step time: 2675.0ms. Total moves played: 400
   [Vectorized MCTS] Step 015: 18 games active. Step time: 1626.8ms. Total moves played: 514
   [Vectorized MCTS] Step 020: 18 games active. Step time: 1623.8ms. Total moves played: 604
   [Vectorized MCTS] Step 025: 18 games active. Step time: 1686.1ms. Total moves played: 694
   [Vectorized MCTS] Step 030: 18 games active. Step time: 1653.6ms. Total moves played: 784
   [Vectorized MCTS] Step 035: 18 games active. Step time: 1723.8ms. Total moves played: 874
   [Vectorized MCTS] Step 040: 18 games active. Step time: 1655.1ms. Total moves played: 964
   [Vectorized MCTS] Step 045: 18 games active. Step time: 1676.8ms. Total moves played: 1054
   [Vectorized MCTS] Step 050: 18 games active. Step time: 1653.6ms. Total moves played: 1144
   [Vectorized MCTS] Step 055: 18 games active. Step time: 1727.1ms. Total moves played: 1234
   [Vectorized MCTS] Step 060: 18 games active. Step time: 1687.3ms. Total moves played: 1324
   [Vectorized MCTS] Step 065: 18 games active. Step time: 1727.8ms. Total moves played: 1414
   [Vectorized MCTS] Step 070: 18 games active. Step time: 1669.1ms. Total moves played: 1504
   [Vectorized MCTS] Step 075: 18 games active. Step time: 1737.4ms. Total moves played: 1594
   [Vectorized MCTS] Step 080: 18 games active. Step time: 1643.7ms. Total moves played: 1684
   [Vectorized MCTS] Step 085: 18 games active. Step time: 1671.5ms. Total moves played: 1774
   [Vectorized MCTS] Step 090: 17 games active. Step time: 1621.7ms. Total moves played: 1863
   [Vectorized MCTS] Step 095: 16 games active. Step time: 1590.9ms. Total moves played: 1948
   [Vectorized MCTS] Step 100: 16 games active. Step time: 1547.9ms. Total moves played: 2028
   [Vectorized MCTS] Step 105: 16 games active. Step time: 1582.2ms. Total moves played: 2108
   [Vectorized MCTS] Step 110: 16 games active. Step time: 1559.2ms. Total moves played: 2188
   [Vectorized MCTS] Step 115: 15 games active. Step time: 1525.5ms. Total moves played: 2264
   [Vectorized MCTS] Step 120: 15 games active. Step time: 1591.2ms. Total moves played: 2339
   [Vectorized MCTS] Step 125: 15 games active. Step time: 1513.2ms. Total moves played: 2414
   [Vectorized MCTS] Step 130: 15 games active. Step time: 1530.9ms. Total moves played: 2489
   [Vectorized MCTS] Step 135: 14 games active. Step time: 1507.1ms. Total moves played: 2564
   [Vectorized MCTS] Step 140: 14 games active. Step time: 1504.0ms. Total moves played: 2634
   [Vectorized MCTS] Step 145: 14 games active. Step time: 965.7ms. Total moves played: 2704
   [Vectorized MCTS] Step 150: 13 games active. Step time: 1390.4ms. Total moves played: 2772
   [Vectorized MCTS] Step 155: 09 games active. Step time: 776.5ms. Total moves played: 2829
   [Vectorized MCTS] Step 160: 05 games active. Step time: 764.6ms. Total moves played: 2866
   [Vectorized MCTS] Step 162: 00 games active. Step time: 709.1ms. Total moves played: 2876
[1000/1000] Vectorized selfplay games completed.

Collection completed in 5150.1 seconds (5.150s/game average).
