Starting self-play collection using /Users/nilbot/playground/autogo-mlx/experiments/001_train_from_scratch/checkpoints/iter15.safetensors
--> Progressive sims enabled. Iteration 15 -> 64 simulations.
--> League play enabled: Selected historical opponent iter10.safetensors (8-channel model)
Config: num-games=1000, simulations=64, workers=8
--> Starting batch of 64 vectorized games (games 0 to 63)...
   [Vectorized MCTS] Step 001: 64 games active. Step time: 4209.4ms. Total moves played: 64
   [Vectorized MCTS] Step 005: 64 games active. Step time: 4320.9ms. Total moves played: 320
   [Vectorized MCTS] Step 010: 64 games active. Step time: 4338.8ms. Total moves played: 640
   [Vectorized MCTS] Step 015: 55 games active. Step time: 3904.5ms. Total moves played: 925
   [Vectorized MCTS] Step 020: 49 games active. Step time: 3136.8ms. Total moves played: 1185
   [Vectorized MCTS] Step 025: 49 games active. Step time: 3125.9ms. Total moves played: 1430
   [Vectorized MCTS] Step 030: 49 games active. Step time: 2699.1ms. Total moves played: 1675
   [Vectorized MCTS] Step 035: 49 games active. Step time: 3104.5ms. Total moves played: 1920
   [Vectorized MCTS] Step 040: 49 games active. Step time: 2600.1ms. Total moves played: 2165
   [Vectorized MCTS] Step 045: 49 games active. Step time: 2971.6ms. Total moves played: 2410
   [Vectorized MCTS] Step 050: 49 games active. Step time: 2619.2ms. Total moves played: 2655
   [Vectorized MCTS] Step 055: 49 games active. Step time: 2987.9ms. Total moves played: 2900
   [Vectorized MCTS] Step 060: 49 games active. Step time: 2609.9ms. Total moves played: 3145
   [Vectorized MCTS] Step 065: 49 games active. Step time: 2959.5ms. Total moves played: 3390
   [Vectorized MCTS] Step 070: 49 games active. Step time: 2594.2ms. Total moves played: 3635
   [Vectorized MCTS] Step 075: 49 games active. Step time: 2991.4ms. Total moves played: 3880
   [Vectorized MCTS] Step 080: 49 games active. Step time: 2621.7ms. Total moves played: 4125
   [Vectorized MCTS] Step 085: 49 games active. Step time: 2992.5ms. Total moves played: 4370
   [Vectorized MCTS] Step 090: 49 games active. Step time: 2604.2ms. Total moves played: 4615
   [Vectorized MCTS] Step 095: 49 games active. Step time: 2960.6ms. Total moves played: 4860
   [Vectorized MCTS] Step 100: 49 games active. Step time: 2597.3ms. Total moves played: 5105
   [Vectorized MCTS] Step 105: 49 games active. Step time: 2980.3ms. Total moves played: 5350
   [Vectorized MCTS] Step 110: 49 games active. Step time: 2614.6ms. Total moves played: 5595
   [Vectorized MCTS] Step 115: 49 games active. Step time: 2988.4ms. Total moves played: 5840
   [Vectorized MCTS] Step 120: 49 games active. Step time: 2572.0ms. Total moves played: 6085
   [Vectorized MCTS] Step 125: 49 games active. Step time: 3005.1ms. Total moves played: 6330
   [Vectorized MCTS] Step 130: 49 games active. Step time: 2592.9ms. Total moves played: 6575
   [Vectorized MCTS] Step 135: 49 games active. Step time: 2950.8ms. Total moves played: 6820
   [Vectorized MCTS] Step 140: 48 games active. Step time: 2458.8ms. Total moves played: 7064
   [Vectorized MCTS] Step 145: 46 games active. Step time: 2798.9ms. Total moves played: 7297
   [Vectorized MCTS] Step 150: 45 games active. Step time: 2310.0ms. Total moves played: 7525
   [Vectorized MCTS] Step 155: 42 games active. Step time: 2181.0ms. Total moves played: 7740
   [Vectorized MCTS] Step 160: 26 games active. Step time: 2017.2ms. Total moves played: 7942
   [Vectorized MCTS] Step 162: 00 games active. Step time: 1395.8ms. Total moves played: 7994
[0064/1000] Vectorized selfplay games completed.
--> Starting batch of 64 vectorized games (games 64 to 127)...
   [Vectorized MCTS] Step 001: 64 games active. Step time: 4017.1ms. Total moves played: 64
   [Vectorized MCTS] Step 005: 64 games active. Step time: 4124.8ms. Total moves played: 320
   [Vectorized MCTS] Step 010: 63 games active. Step time: 4123.5ms. Total moves played: 640
   [Vectorized MCTS] Step 015: 52 games active. Step time: 3108.1ms. Total moves played: 913
   [Vectorized MCTS] Step 020: 47 games active. Step time: 2968.6ms. Total moves played: 1161
   [Vectorized MCTS] Step 025: 47 games active. Step time: 2886.5ms. Total moves played: 1396
   [Vectorized MCTS] Step 030: 47 games active. Step time: 2891.7ms. Total moves played: 1631
   [Vectorized MCTS] Step 035: 47 games active. Step time: 2913.7ms. Total moves played: 1866
   [Vectorized MCTS] Step 040: 47 games active. Step time: 2928.5ms. Total moves played: 2101
   [Vectorized MCTS] Step 045: 47 games active. Step time: 2901.7ms. Total moves played: 2336
   [Vectorized MCTS] Step 050: 47 games active. Step time: 2894.6ms. Total moves played: 2571
   [Vectorized MCTS] Step 055: 47 games active. Step time: 2902.5ms. Total moves played: 2806
   [Vectorized MCTS] Step 060: 47 games active. Step time: 2920.0ms. Total moves played: 3041
   [Vectorized MCTS] Step 065: 47 games active. Step time: 2918.7ms. Total moves played: 3276
   [Vectorized MCTS] Step 070: 47 games active. Step time: 2934.5ms. Total moves played: 3511
   [Vectorized MCTS] Step 075: 47 games active. Step time: 2900.2ms. Total moves played: 3746
   [Vectorized MCTS] Step 080: 47 games active. Step time: 2932.2ms. Total moves played: 3981
   [Vectorized MCTS] Step 085: 47 games active. Step time: 2991.9ms. Total moves played: 4216
   [Vectorized MCTS] Step 090: 47 games active. Step time: 2980.8ms. Total moves played: 4451
   [Vectorized MCTS] Step 095: 47 games active. Step time: 3006.0ms. Total moves played: 4686
   [Vectorized MCTS] Step 100: 47 games active. Step time: 2983.2ms. Total moves played: 4921
   [Vectorized MCTS] Step 105: 47 games active. Step time: 3005.8ms. Total moves played: 5156
   [Vectorized MCTS] Step 110: 47 games active. Step time: 3039.7ms. Total moves played: 5391
   [Vectorized MCTS] Step 115: 46 games active. Step time: 2973.6ms. Total moves played: 5622
   [Vectorized MCTS] Step 120: 46 games active. Step time: 2971.9ms. Total moves played: 5852
   [Vectorized MCTS] Step 125: 45 games active. Step time: 2909.5ms. Total moves played: 6079
   [Vectorized MCTS] Step 130: 44 games active. Step time: 2883.5ms. Total moves played: 6301
   [Vectorized MCTS] Step 135: 44 games active. Step time: 2851.5ms. Total moves played: 6521
   [Vectorized MCTS] Step 140: 42 games active. Step time: 2775.5ms. Total moves played: 6740
   [Vectorized MCTS] Step 145: 40 games active. Step time: 2627.9ms. Total moves played: 6944
   [Vectorized MCTS] Step 150: 39 games active. Step time: 2086.5ms. Total moves played: 7140
   [Vectorized MCTS] Step 155: 36 games active. Step time: 2362.9ms. Total moves played: 7329
   [Vectorized MCTS] Step 160: 16 games active. Step time: 1605.1ms. Total moves played: 7489
   [Vectorized MCTS] Step 162: 00 games active. Step time: 901.9ms. Total moves played: 7520
[0128/1000] Vectorized selfplay games completed.
--> Starting batch of 64 vectorized games (games 128 to 191)...
   [Vectorized MCTS] Step 001: 64 games active. Step time: 4210.6ms. Total moves played: 64
   [Vectorized MCTS] Step 005: 64 games active. Step time: 4329.0ms. Total moves played: 320
   [Vectorized MCTS] Step 010: 64 games active. Step time: 4167.9ms. Total moves played: 640
   [Vectorized MCTS] Step 015: 52 games active. Step time: 3168.1ms. Total moves played: 913
   [Vectorized MCTS] Step 020: 49 games active. Step time: 3095.7ms. Total moves played: 1167
   [Vectorized MCTS] Step 025: 49 games active. Step time: 3048.6ms. Total moves played: 1412
   [Vectorized MCTS] Step 030: 48 games active. Step time: 2967.1ms. Total moves played: 1654
   [Vectorized MCTS] Step 035: 48 games active. Step time: 3013.7ms. Total moves played: 1894
   [Vectorized MCTS] Step 040: 48 games active. Step time: 2983.3ms. Total moves played: 2134
   [Vectorized MCTS] Step 045: 48 games active. Step time: 3015.6ms. Total moves played: 2374
   [Vectorized MCTS] Step 050: 48 games active. Step time: 2983.3ms. Total moves played: 2614
   [Vectorized MCTS] Step 055: 48 games active. Step time: 3009.9ms. Total moves played: 2854
   [Vectorized MCTS] Step 060: 48 games active. Step time: 2985.1ms. Total moves played: 3094
   [Vectorized MCTS] Step 065: 48 games active. Step time: 3017.1ms. Total moves played: 3334
   [Vectorized MCTS] Step 070: 48 games active. Step time: 2974.9ms. Total moves played: 3574
   [Vectorized MCTS] Step 075: 48 games active. Step time: 2958.3ms. Total moves played: 3814
   [Vectorized MCTS] Step 080: 48 games active. Step time: 2953.9ms. Total moves played: 4054
   [Vectorized MCTS] Step 085: 48 games active. Step time: 3001.2ms. Total moves played: 4294
   [Vectorized MCTS] Step 090: 48 games active. Step time: 2980.0ms. Total moves played: 4534
   [Vectorized MCTS] Step 095: 48 games active. Step time: 2996.0ms. Total moves played: 4774
   [Vectorized MCTS] Step 100: 48 games active. Step time: 2977.1ms. Total moves played: 5014
   [Vectorized MCTS] Step 105: 48 games active. Step time: 2997.6ms. Total moves played: 5254
   [Vectorized MCTS] Step 110: 47 games active. Step time: 2957.4ms. Total moves played: 5490
   [Vectorized MCTS] Step 115: 45 games active. Step time: 2929.0ms. Total moves played: 5721
   [Vectorized MCTS] Step 120: 44 games active. Step time: 2818.2ms. Total moves played: 5944
   [Vectorized MCTS] Step 125: 43 games active. Step time: 2815.5ms. Total moves played: 6161
   [Vectorized MCTS] Step 130: 43 games active. Step time: 2767.3ms. Total moves played: 6376
   [Vectorized MCTS] Step 135: 43 games active. Step time: 2725.2ms. Total moves played: 6591
   [Vectorized MCTS] Step 140: 39 games active. Step time: 2492.4ms. Total moves played: 6802
   [Vectorized MCTS] Step 145: 39 games active. Step time: 2406.2ms. Total moves played: 6997
   [Vectorized MCTS] Step 150: 37 games active. Step time: 1949.5ms. Total moves played: 7185
   [Vectorized MCTS] Step 155: 36 games active. Step time: 1779.1ms. Total moves played: 7369
   [Vectorized MCTS] Step 160: 20 games active. Step time: 1535.1ms. Total moves played: 7537
   [Vectorized MCTS] Step 162: 00 games active. Step time: 1085.1ms. Total moves played: 7577
[0192/1000] Vectorized selfplay games completed.
--> Starting batch of 64 vectorized games (games 192 to 255)...
   [Vectorized MCTS] Step 001: 64 games active. Step time: 3925.3ms. Total moves played: 64
   [Vectorized MCTS] Step 005: 63 games active. Step time: 3900.5ms. Total moves played: 317
   [Vectorized MCTS] Step 010: 63 games active. Step time: 4048.6ms. Total moves played: 632
   [Vectorized MCTS] Step 015: 55 games active. Step time: 3206.4ms. Total moves played: 919
   [Vectorized MCTS] Step 020: 53 games active. Step time: 3090.4ms. Total moves played: 1188
   [Vectorized MCTS] Step 025: 53 games active. Step time: 3147.7ms. Total moves played: 1453
   [Vectorized MCTS] Step 030: 53 games active. Step time: 3168.6ms. Total moves played: 1718
   [Vectorized MCTS] Step 035: 53 games active. Step time: 3195.0ms. Total moves played: 1983
   [Vectorized MCTS] Step 040: 53 games active. Step time: 3149.6ms. Total moves played: 2248
   [Vectorized MCTS] Step 045: 53 games active. Step time: 3199.3ms. Total moves played: 2513
   [Vectorized MCTS] Step 050: 53 games active. Step time: 3174.6ms. Total moves played: 2778
   [Vectorized MCTS] Step 055: 53 games active. Step time: 3206.2ms. Total moves played: 3043
   [Vectorized MCTS] Step 060: 53 games active. Step time: 3193.8ms. Total moves played: 3308
   [Vectorized MCTS] Step 065: 53 games active. Step time: 3221.1ms. Total moves played: 3573
   [Vectorized MCTS] Step 070: 53 games active. Step time: 3194.9ms. Total moves played: 3838
   [Vectorized MCTS] Step 075: 53 games active. Step time: 3217.4ms. Total moves played: 4103
   [Vectorized MCTS] Step 080: 53 games active. Step time: 3191.0ms. Total moves played: 4368
   [Vectorized MCTS] Step 085: 52 games active. Step time: 3127.4ms. Total moves played: 4631
   [Vectorized MCTS] Step 090: 52 games active. Step time: 3147.5ms. Total moves played: 4891
   [Vectorized MCTS] Step 095: 52 games active. Step time: 3162.1ms. Total moves played: 5151
   [Vectorized MCTS] Step 100: 52 games active. Step time: 3172.6ms. Total moves played: 5411
   [Vectorized MCTS] Step 105: 52 games active. Step time: 3141.4ms. Total moves played: 5671
   [Vectorized MCTS] Step 110: 51 games active. Step time: 3074.2ms. Total moves played: 5930
   [Vectorized MCTS] Step 115: 51 games active. Step time: 3104.8ms. Total moves played: 6185
   [Vectorized MCTS] Step 120: 50 games active. Step time: 2999.7ms. Total moves played: 6436
   [Vectorized MCTS] Step 125: 50 games active. Step time: 2998.1ms. Total moves played: 6686
   [Vectorized MCTS] Step 130: 50 games active. Step time: 2985.3ms. Total moves played: 6936
   [Vectorized MCTS] Step 135: 50 games active. Step time: 2972.5ms. Total moves played: 7186
   [Vectorized MCTS] Step 140: 48 games active. Step time: 3032.6ms. Total moves played: 7433
   [Vectorized MCTS] Step 145: 48 games active. Step time: 2961.8ms. Total moves played: 7673
   [Vectorized MCTS] Step 150: 45 games active. Step time: 2378.3ms. Total moves played: 7904
   [Vectorized MCTS] Step 155: 40 games active. Step time: 2115.3ms. Total moves played: 8119
   [Vectorized MCTS] Step 160: 20 games active. Step time: 1719.2ms. Total moves played: 8303
   [Vectorized MCTS] Step 162: 00 games active. Step time: 1180.3ms. Total moves played: 8343
[0256/1000] Vectorized selfplay games completed.
--> Starting batch of 64 vectorized games (games 256 to 319)...
   [Vectorized MCTS] Step 001: 64 games active. Step time: 4200.3ms. Total moves played: 64
   [Vectorized MCTS] Step 005: 64 games active. Step time: 4231.8ms. Total moves played: 320
   [Vectorized MCTS] Step 010: 64 games active. Step time: 4262.2ms. Total moves played: 640
   [Vectorized MCTS] Step 015: 48 games active. Step time: 3013.9ms. Total moves played: 899
   [Vectorized MCTS] Step 020: 45 games active. Step time: 2811.3ms. Total moves played: 1129
   [Vectorized MCTS] Step 025: 45 games active. Step time: 2876.0ms. Total moves played: 1354
   [Vectorized MCTS] Step 030: 45 games active. Step time: 2823.7ms. Total moves played: 1579
   [Vectorized MCTS] Step 035: 45 games active. Step time: 2926.5ms. Total moves played: 1804
   [Vectorized MCTS] Step 040: 45 games active. Step time: 2842.1ms. Total moves played: 2029
   [Vectorized MCTS] Step 045: 45 games active. Step time: 2908.4ms. Total moves played: 2254
   [Vectorized MCTS] Step 050: 45 games active. Step time: 2804.2ms. Total moves played: 2479
   [Vectorized MCTS] Step 055: 45 games active. Step time: 2919.6ms. Total moves played: 2704
   [Vectorized MCTS] Step 060: 45 games active. Step time: 2861.2ms. Total moves played: 2929
   [Vectorized MCTS] Step 065: 45 games active. Step time: 2911.4ms. Total moves played: 3154
   [Vectorized MCTS] Step 070: 45 games active. Step time: 2854.1ms. Total moves played: 3379
   [Vectorized MCTS] Step 075: 45 games active. Step time: 2908.2ms. Total moves played: 3604
   [Vectorized MCTS] Step 080: 45 games active. Step time: 2842.0ms. Total moves played: 3829
   [Vectorized MCTS] Step 085: 44 games active. Step time: 2917.6ms. Total moves played: 4054
   [Vectorized MCTS] Step 090: 44 games active. Step time: 2821.1ms. Total moves played: 4274
   [Vectorized MCTS] Step 095: 44 games active. Step time: 2843.2ms. Total moves played: 4494
   [Vectorized MCTS] Step 100: 44 games active. Step time: 2804.4ms. Total moves played: 4714
   [Vectorized MCTS] Step 105: 44 games active. Step time: 2819.4ms. Total moves played: 4934
   [Vectorized MCTS] Step 110: 44 games active. Step time: 2818.4ms. Total moves played: 5154
   [Vectorized MCTS] Step 115: 44 games active. Step time: 2827.5ms. Total moves played: 5374
   [Vectorized MCTS] Step 120: 44 games active. Step time: 2826.3ms. Total moves played: 5594
   [Vectorized MCTS] Step 125: 42 games active. Step time: 2727.9ms. Total moves played: 5812
   [Vectorized MCTS] Step 130: 42 games active. Step time: 2617.1ms. Total moves played: 6022
   [Vectorized MCTS] Step 135: 40 games active. Step time: 2041.1ms. Total moves played: 6228
   [Vectorized MCTS] Step 140: 39 games active. Step time: 2442.8ms. Total moves played: 6428
   [Vectorized MCTS] Step 145: 38 games active. Step time: 2056.5ms. Total moves played: 6622
   [Vectorized MCTS] Step 150: 38 games active. Step time: 1992.1ms. Total moves played: 6812
   [Vectorized MCTS] Step 155: 38 games active. Step time: 1972.9ms. Total moves played: 7002
   [Vectorized MCTS] Step 160: 15 games active. Step time: 1493.0ms. Total moves played: 7166
   [Vectorized MCTS] Step 162: 00 games active. Step time: 841.8ms. Total moves played: 7196
[0320/1000] Vectorized selfplay games completed.
--> Starting batch of 64 vectorized games (games 320 to 383)...
   [Vectorized MCTS] Step 001: 64 games active. Step time: 4009.8ms. Total moves played: 64
   [Vectorized MCTS] Step 005: 64 games active. Step time: 3972.4ms. Total moves played: 320
   [Vectorized MCTS] Step 010: 64 games active. Step time: 4068.0ms. Total moves played: 640
   [Vectorized MCTS] Step 015: 51 games active. Step time: 2991.0ms. Total moves played: 912
   [Vectorized MCTS] Step 020: 49 games active. Step time: 2968.1ms. Total moves played: 1159
   [Vectorized MCTS] Step 025: 49 games active. Step time: 2929.3ms. Total moves played: 1404
   [Vectorized MCTS] Step 030: 49 games active. Step time: 2944.0ms. Total moves played: 1649
   [Vectorized MCTS] Step 035: 49 games active. Step time: 2969.8ms. Total moves played: 1894
   [Vectorized MCTS] Step 040: 49 games active. Step time: 2962.7ms. Total moves played: 2139
   [Vectorized MCTS] Step 045: 49 games active. Step time: 2979.2ms. Total moves played: 2384
   [Vectorized MCTS] Step 050: 49 games active. Step time: 2997.3ms. Total moves played: 2629
   [Vectorized MCTS] Step 055: 49 games active. Step time: 2927.0ms. Total moves played: 2874
   [Vectorized MCTS] Step 060: 49 games active. Step time: 3012.4ms. Total moves played: 3119
   [Vectorized MCTS] Step 065: 49 games active. Step time: 3061.5ms. Total moves played: 3364
   [Vectorized MCTS] Step 070: 49 games active. Step time: 2962.7ms. Total moves played: 3609
   [Vectorized MCTS] Step 075: 49 games active. Step time: 2984.7ms. Total moves played: 3854
   [Vectorized MCTS] Step 080: 49 games active. Step time: 2973.9ms. Total moves played: 4099
   [Vectorized MCTS] Step 085: 49 games active. Step time: 3007.3ms. Total moves played: 4344
   [Vectorized MCTS] Step 090: 49 games active. Step time: 2991.2ms. Total moves played: 4589
   [Vectorized MCTS] Step 095: 49 games active. Step time: 2982.4ms. Total moves played: 4834
   [Vectorized MCTS] Step 100: 49 games active. Step time: 3029.6ms. Total moves played: 5079
   [Vectorized MCTS] Step 105: 49 games active. Step time: 2998.8ms. Total moves played: 5324
   [Vectorized MCTS] Step 110: 49 games active. Step time: 3013.1ms. Total moves played: 5569
   [Vectorized MCTS] Step 115: 49 games active. Step time: 3038.2ms. Total moves played: 5814
   [Vectorized MCTS] Step 120: 49 games active. Step time: 3058.6ms. Total moves played: 6059
   [Vectorized MCTS] Step 125: 49 games active. Step time: 3046.8ms. Total moves played: 6304
   [Vectorized MCTS] Step 130: 48 games active. Step time: 2956.3ms. Total moves played: 6548
   [Vectorized MCTS] Step 135: 48 games active. Step time: 2976.8ms. Total moves played: 6788
   [Vectorized MCTS] Step 140: 46 games active. Step time: 2834.5ms. Total moves played: 7024
   [Vectorized MCTS] Step 145: 45 games active. Step time: 2788.7ms. Total moves played: 7252
   [Vectorized MCTS] Step 150: 41 games active. Step time: 2256.5ms. Total moves played: 7472
   [Vectorized MCTS] Step 155: 38 games active. Step time: 2472.5ms. Total moves played: 7673
   [Vectorized MCTS] Step 160: 23 games active. Step time: 1656.5ms. Total moves played: 7840
   [Vectorized MCTS] Step 162: 00 games active. Step time: 1320.3ms. Total moves played: 7886
[0384/1000] Vectorized selfplay games completed.
--> Starting batch of 64 vectorized games (games 384 to 447)...
   [Vectorized MCTS] Step 001: 64 games active. Step time: 4103.0ms. Total moves played: 64
   [Vectorized MCTS] Step 005: 64 games active. Step time: 4210.5ms. Total moves played: 320
   [Vectorized MCTS] Step 010: 64 games active. Step time: 4158.8ms. Total moves played: 640
   [Vectorized MCTS] Step 015: 56 games active. Step time: 3835.5ms. Total moves played: 930
   [Vectorized MCTS] Step 020: 51 games active. Step time: 3123.6ms. Total moves played: 1198
   [Vectorized MCTS] Step 025: 51 games active. Step time: 3193.1ms. Total moves played: 1453
   [Vectorized MCTS] Step 030: 51 games active. Step time: 3076.9ms. Total moves played: 1708
   [Vectorized MCTS] Step 035: 51 games active. Step time: 3211.2ms. Total moves played: 1963
   [Vectorized MCTS] Step 040: 51 games active. Step time: 3116.2ms. Total moves played: 2218
   [Vectorized MCTS] Step 045: 51 games active. Step time: 3295.5ms. Total moves played: 2473
   [Vectorized MCTS] Step 050: 51 games active. Step time: 3191.8ms. Total moves played: 2728
   [Vectorized MCTS] Step 055: 51 games active. Step time: 3287.1ms. Total moves played: 2983
   [Vectorized MCTS] Step 060: 51 games active. Step time: 3163.0ms. Total moves played: 3238
   [Vectorized MCTS] Step 065: 51 games active. Step time: 3277.7ms. Total moves played: 3493
   [Vectorized MCTS] Step 070: 51 games active. Step time: 3187.7ms. Total moves played: 3748
   [Vectorized MCTS] Step 075: 51 games active. Step time: 3280.4ms. Total moves played: 4003
   [Vectorized MCTS] Step 080: 51 games active. Step time: 3072.7ms. Total moves played: 4258
   [Vectorized MCTS] Step 085: 51 games active. Step time: 3185.6ms. Total moves played: 4513
   [Vectorized MCTS] Step 090: 51 games active. Step time: 3075.4ms. Total moves played: 4768
   [Vectorized MCTS] Step 095: 51 games active. Step time: 3184.1ms. Total moves played: 5023
   [Vectorized MCTS] Step 100: 50 games active. Step time: 3068.3ms. Total moves played: 5276
   [Vectorized MCTS] Step 105: 50 games active. Step time: 3081.5ms. Total moves played: 5526
   [Vectorized MCTS] Step 110: 50 games active. Step time: 3078.2ms. Total moves played: 5776
   [Vectorized MCTS] Step 115: 49 games active. Step time: 3034.7ms. Total moves played: 6025
   [Vectorized MCTS] Step 120: 48 games active. Step time: 2976.5ms. Total moves played: 6267
   [Vectorized MCTS] Step 125: 48 games active. Step time: 2977.8ms. Total moves played: 6507
   [Vectorized MCTS] Step 130: 48 games active. Step time: 2942.8ms. Total moves played: 6747
   [Vectorized MCTS] Step 135: 47 games active. Step time: 2897.5ms. Total moves played: 6985
   [Vectorized MCTS] Step 140: 46 games active. Step time: 2833.7ms. Total moves played: 7217
   [Vectorized MCTS] Step 145: 45 games active. Step time: 2752.8ms. Total moves played: 7444
   [Vectorized MCTS] Step 150: 43 games active. Step time: 2706.4ms. Total moves played: 7667
   [Vectorized MCTS] Step 155: 40 games active. Step time: 2106.3ms. Total moves played: 7876
   [Vectorized MCTS] Step 160: 18 games active. Step time: 1420.4ms. Total moves played: 8038
   [Vectorized MCTS] Step 162: 00 games active. Step time: 1002.2ms. Total moves played: 8074
[0448/1000] Vectorized selfplay games completed.
--> Starting batch of 64 vectorized games (games 448 to 511)...
   [Vectorized MCTS] Step 001: 64 games active. Step time: 4474.8ms. Total moves played: 64
   [Vectorized MCTS] Step 005: 64 games active. Step time: 4179.9ms. Total moves played: 320
   [Vectorized MCTS] Step 010: 64 games active. Step time: 4156.8ms. Total moves played: 640
   [Vectorized MCTS] Step 015: 47 games active. Step time: 2898.9ms. Total moves played: 892
   [Vectorized MCTS] Step 020: 45 games active. Step time: 2882.5ms. Total moves played: 1121
   [Vectorized MCTS] Step 025: 45 games active. Step time: 2894.1ms. Total moves played: 1346
   [Vectorized MCTS] Step 030: 45 games active. Step time: 2864.9ms. Total moves played: 1571
   [Vectorized MCTS] Step 035: 45 games active. Step time: 2915.3ms. Total moves played: 1796
   [Vectorized MCTS] Step 040: 45 games active. Step time: 2915.3ms. Total moves played: 2021
   [Vectorized MCTS] Step 045: 45 games active. Step time: 2911.2ms. Total moves played: 2246
   [Vectorized MCTS] Step 050: 45 games active. Step time: 2842.2ms. Total moves played: 2471
   [Vectorized MCTS] Step 055: 45 games active. Step time: 2898.8ms. Total moves played: 2696
   [Vectorized MCTS] Step 060: 45 games active. Step time: 2910.1ms. Total moves played: 2921
   [Vectorized MCTS] Step 065: 45 games active. Step time: 2885.2ms. Total moves played: 3146
   [Vectorized MCTS] Step 070: 45 games active. Step time: 2927.4ms. Total moves played: 3371
   [Vectorized MCTS] Step 075: 45 games active. Step time: 2896.2ms. Total moves played: 3596
   [Vectorized MCTS] Step 080: 45 games active. Step time: 2907.7ms. Total moves played: 3821
   [Vectorized MCTS] Step 085: 45 games active. Step time: 2913.1ms. Total moves played: 4046
   [Vectorized MCTS] Step 090: 45 games active. Step time: 2907.4ms. Total moves played: 4271
   [Vectorized MCTS] Step 095: 45 games active. Step time: 2907.2ms. Total moves played: 4496
   [Vectorized MCTS] Step 100: 45 games active. Step time: 2880.3ms. Total moves played: 4721
   [Vectorized MCTS] Step 105: 45 games active. Step time: 2926.9ms. Total moves played: 4946
   [Vectorized MCTS] Step 110: 45 games active. Step time: 2945.6ms. Total moves played: 5171
   [Vectorized MCTS] Step 115: 45 games active. Step time: 2932.1ms. Total moves played: 5396
   [Vectorized MCTS] Step 120: 45 games active. Step time: 2901.3ms. Total moves played: 5621
   [Vectorized MCTS] Step 125: 44 games active. Step time: 2842.0ms. Total moves played: 5843
   [Vectorized MCTS] Step 130: 44 games active. Step time: 2882.1ms. Total moves played: 6063
   [Vectorized MCTS] Step 135: 43 games active. Step time: 2789.6ms. Total moves played: 6279
   [Vectorized MCTS] Step 140: 42 games active. Step time: 2782.7ms. Total moves played: 6494
   [Vectorized MCTS] Step 145: 41 games active. Step time: 2687.4ms. Total moves played: 6702
   [Vectorized MCTS] Step 150: 39 games active. Step time: 2075.3ms. Total moves played: 6900
   [Vectorized MCTS] Step 155: 37 games active. Step time: 2006.0ms. Total moves played: 7091
   [Vectorized MCTS] Step 160: 15 games active. Step time: 1531.4ms. Total moves played: 7252
   [Vectorized MCTS] Step 162: 00 games active. Step time: 897.6ms. Total moves played: 7282
[0512/1000] Vectorized selfplay games completed.
--> Starting batch of 64 vectorized games (games 512 to 575)...
   [Vectorized MCTS] Step 001: 64 games active. Step time: 4255.1ms. Total moves played: 64
   [Vectorized MCTS] Step 005: 64 games active. Step time: 4222.8ms. Total moves played: 320
   [Vectorized MCTS] Step 010: 64 games active. Step time: 4261.3ms. Total moves played: 640
   [Vectorized MCTS] Step 015: 54 games active. Step time: 3279.9ms. Total moves played: 921
   [Vectorized MCTS] Step 020: 51 games active. Step time: 3192.0ms. Total moves played: 1185
   [Vectorized MCTS] Step 025: 50 games active. Step time: 3097.6ms. Total moves played: 1437
   [Vectorized MCTS] Step 030: 50 games active. Step time: 3157.4ms. Total moves played: 1687
   [Vectorized MCTS] Step 035: 50 games active. Step time: 3126.4ms. Total moves played: 1937
   [Vectorized MCTS] Step 040: 50 games active. Step time: 3140.1ms. Total moves played: 2187
   [Vectorized MCTS] Step 045: 50 games active. Step time: 3132.5ms. Total moves played: 2437
   [Vectorized MCTS] Step 050: 50 games active. Step time: 3148.3ms. Total moves played: 2687
   [Vectorized MCTS] Step 055: 50 games active. Step time: 3098.8ms. Total moves played: 2937
   [Vectorized MCTS] Step 060: 50 games active. Step time: 3124.5ms. Total moves played: 3187
   [Vectorized MCTS] Step 065: 50 games active. Step time: 3135.1ms. Total moves played: 3437
   [Vectorized MCTS] Step 070: 50 games active. Step time: 3151.6ms. Total moves played: 3687
   [Vectorized MCTS] Step 075: 50 games active. Step time: 3139.4ms. Total moves played: 3937
   [Vectorized MCTS] Step 080: 50 games active. Step time: 3118.8ms. Total moves played: 4187
   [Vectorized MCTS] Step 085: 50 games active. Step time: 3084.3ms. Total moves played: 4437
   [Vectorized MCTS] Step 090: 50 games active. Step time: 3041.6ms. Total moves played: 4687
   [Vectorized MCTS] Step 095: 49 games active. Step time: 2987.3ms. Total moves played: 4936
   [Vectorized MCTS] Step 100: 49 games active. Step time: 3003.1ms. Total moves played: 5181
   [Vectorized MCTS] Step 105: 49 games active. Step time: 3032.4ms. Total moves played: 5426
   [Vectorized MCTS] Step 110: 49 games active. Step time: 3028.9ms. Total moves played: 5671
   [Vectorized MCTS] Step 115: 46 games active. Step time: 2856.8ms. Total moves played: 5909
   [Vectorized MCTS] Step 120: 46 games active. Step time: 2865.8ms. Total moves played: 6139
   [Vectorized MCTS] Step 125: 46 games active. Step time: 2861.9ms. Total moves played: 6369
   [Vectorized MCTS] Step 130: 46 games active. Step time: 2814.0ms. Total moves played: 6599
   [Vectorized MCTS] Step 135: 46 games active. Step time: 2816.2ms. Total moves played: 6829
   [Vectorized MCTS] Step 140: 43 games active. Step time: 2728.1ms. Total moves played: 7053
   [Vectorized MCTS] Step 145: 41 games active. Step time: 2591.7ms. Total moves played: 7265
   [Vectorized MCTS] Step 150: 40 games active. Step time: 2526.6ms. Total moves played: 7466
   [Vectorized MCTS] Step 155: 37 games active. Step time: 1934.2ms. Total moves played: 7659
   [Vectorized MCTS] Step 160: 16 games active. Step time: 1487.9ms. Total moves played: 7820
   [Vectorized MCTS] Step 162: 00 games active. Step time: 928.1ms. Total moves played: 7852
[0576/1000] Vectorized selfplay games completed.
--> Starting batch of 64 vectorized games (games 576 to 639)...
   [Vectorized MCTS] Step 001: 64 games active. Step time: 4189.0ms. Total moves played: 64
   [Vectorized MCTS] Step 005: 64 games active. Step time: 4085.9ms. Total moves played: 320
   [Vectorized MCTS] Step 010: 64 games active. Step time: 4096.2ms. Total moves played: 640
   [Vectorized MCTS] Step 015: 48 games active. Step time: 3001.0ms. Total moves played: 899
   [Vectorized MCTS] Step 020: 44 games active. Step time: 2823.6ms. Total moves played: 1133
   [Vectorized MCTS] Step 025: 43 games active. Step time: 2797.1ms. Total moves played: 1352
   [Vectorized MCTS] Step 030: 43 games active. Step time: 2725.2ms. Total moves played: 1567
   [Vectorized MCTS] Step 035: 43 games active. Step time: 2832.9ms. Total moves played: 1782
   [Vectorized MCTS] Step 040: 43 games active. Step time: 2789.6ms. Total moves played: 1997
   [Vectorized MCTS] Step 045: 43 games active. Step time: 2874.4ms. Total moves played: 2212
   [Vectorized MCTS] Step 050: 43 games active. Step time: 2782.2ms. Total moves played: 2427
   [Vectorized MCTS] Step 055: 43 games active. Step time: 2881.6ms. Total moves played: 2642
   [Vectorized MCTS] Step 060: 43 games active. Step time: 2801.7ms. Total moves played: 2857
   [Vectorized MCTS] Step 065: 43 games active. Step time: 2890.5ms. Total moves played: 3072
   [Vectorized MCTS] Step 070: 43 games active. Step time: 2817.1ms. Total moves played: 3287
   [Vectorized MCTS] Step 075: 43 games active. Step time: 2890.8ms. Total moves played: 3502
   [Vectorized MCTS] Step 080: 43 games active. Step time: 2776.3ms. Total moves played: 3717
   [Vectorized MCTS] Step 085: 43 games active. Step time: 2872.4ms. Total moves played: 3932
   [Vectorized MCTS] Step 090: 43 games active. Step time: 2775.6ms. Total moves played: 4147
   [Vectorized MCTS] Step 095: 43 games active. Step time: 2872.7ms. Total moves played: 4362
   [Vectorized MCTS] Step 100: 43 games active. Step time: 2750.0ms. Total moves played: 4577
   [Vectorized MCTS] Step 105: 43 games active. Step time: 2879.9ms. Total moves played: 4792
   [Vectorized MCTS] Step 110: 43 games active. Step time: 2797.9ms. Total moves played: 5007
   [Vectorized MCTS] Step 115: 43 games active. Step time: 2871.2ms. Total moves played: 5222
   [Vectorized MCTS] Step 120: 42 games active. Step time: 2312.0ms. Total moves played: 5433
   [Vectorized MCTS] Step 125: 42 games active. Step time: 2779.7ms. Total moves played: 5643
   [Vectorized MCTS] Step 130: 42 games active. Step time: 2294.8ms. Total moves played: 5853
   [Vectorized MCTS] Step 135: 41 games active. Step time: 2679.8ms. Total moves played: 6059
   [Vectorized MCTS] Step 140: 40 games active. Step time: 2178.4ms. Total moves played: 6261
   [Vectorized MCTS] Step 145: 38 games active. Step time: 2644.3ms. Total moves played: 6461
   [Vectorized MCTS] Step 150: 38 games active. Step time: 2079.3ms. Total moves played: 6651
   [Vectorized MCTS] Step 155: 37 games active. Step time: 1971.8ms. Total moves played: 6838
   [Vectorized MCTS] Step 160: 19 games active. Step time: 1640.6ms. Total moves played: 7001
   [Vectorized MCTS] Step 162: 00 games active. Step time: 1123.8ms. Total moves played: 7039
[0640/1000] Vectorized selfplay games completed.
--> Starting batch of 64 vectorized games (games 640 to 703)...
   [Vectorized MCTS] Step 001: 64 games active. Step time: 4238.9ms. Total moves played: 64
   [Vectorized MCTS] Step 005: 64 games active. Step time: 4231.5ms. Total moves played: 320
   [Vectorized MCTS] Step 010: 63 games active. Step time: 4229.9ms. Total moves played: 640
   [Vectorized MCTS] Step 015: 54 games active. Step time: 3828.0ms. Total moves played: 919
   [Vectorized MCTS] Step 020: 52 games active. Step time: 3712.7ms. Total moves played: 1185
   [Vectorized MCTS] Step 025: 52 games active. Step time: 3265.1ms. Total moves played: 1445
   [Vectorized MCTS] Step 030: 52 games active. Step time: 3313.7ms. Total moves played: 1705
   [Vectorized MCTS] Step 035: 52 games active. Step time: 3302.9ms. Total moves played: 1965
   [Vectorized MCTS] Step 040: 52 games active. Step time: 3309.1ms. Total moves played: 2225
   [Vectorized MCTS] Step 045: 52 games active. Step time: 3281.8ms. Total moves played: 2485
   [Vectorized MCTS] Step 050: 52 games active. Step time: 3283.5ms. Total moves played: 2745
   [Vectorized MCTS] Step 055: 52 games active. Step time: 3288.4ms. Total moves played: 3005
   [Vectorized MCTS] Step 060: 52 games active. Step time: 3313.9ms. Total moves played: 3265
   [Vectorized MCTS] Step 065: 52 games active. Step time: 3295.1ms. Total moves played: 3525
   [Vectorized MCTS] Step 070: 52 games active. Step time: 3329.3ms. Total moves played: 3785
   [Vectorized MCTS] Step 075: 52 games active. Step time: 3276.7ms. Total moves played: 4045
   [Vectorized MCTS] Step 080: 52 games active. Step time: 3318.3ms. Total moves played: 4305
   [Vectorized MCTS] Step 085: 52 games active. Step time: 3268.0ms. Total moves played: 4565
   [Vectorized MCTS] Step 090: 52 games active. Step time: 3307.3ms. Total moves played: 4825
   [Vectorized MCTS] Step 095: 52 games active. Step time: 3290.8ms. Total moves played: 5085
   [Vectorized MCTS] Step 100: 52 games active. Step time: 3290.9ms. Total moves played: 5345
   [Vectorized MCTS] Step 105: 52 games active. Step time: 3276.8ms. Total moves played: 5605
   [Vectorized MCTS] Step 110: 52 games active. Step time: 3320.2ms. Total moves played: 5865
   [Vectorized MCTS] Step 115: 52 games active. Step time: 3315.6ms. Total moves played: 6125
   [Vectorized MCTS] Step 120: 52 games active. Step time: 3314.8ms. Total moves played: 6385
   [Vectorized MCTS] Step 125: 52 games active. Step time: 3313.9ms. Total moves played: 6645
   [Vectorized MCTS] Step 130: 52 games active. Step time: 3284.4ms. Total moves played: 6905
   [Vectorized MCTS] Step 135: 52 games active. Step time: 3226.2ms. Total moves played: 7165
   [Vectorized MCTS] Step 140: 52 games active. Step time: 3320.1ms. Total moves played: 7425
   [Vectorized MCTS] Step 145: 50 games active. Step time: 3174.7ms. Total moves played: 7685
   [Vectorized MCTS] Step 150: 49 games active. Step time: 2598.0ms. Total moves played: 7933
   [Vectorized MCTS] Step 155: 48 games active. Step time: 2585.6ms. Total moves played: 8174
   [Vectorized MCTS] Step 160: 26 games active. Step time: 2216.2ms. Total moves played: 8400
   [Vectorized MCTS] Step 162: 00 games active. Step time: 1459.0ms. Total moves played: 8452
[0704/1000] Vectorized selfplay games completed.
--> Starting batch of 64 vectorized games (games 704 to 767)...
   [Vectorized MCTS] Step 001: 64 games active. Step time: 4315.4ms. Total moves played: 64
   [Vectorized MCTS] Step 005: 64 games active. Step time: 4308.1ms. Total moves played: 320
   [Vectorized MCTS] Step 010: 64 games active. Step time: 4258.1ms. Total moves played: 640
   [Vectorized MCTS] Step 015: 48 games active. Step time: 2981.1ms. Total moves played: 902
   [Vectorized MCTS] Step 020: 46 games active. Step time: 2854.1ms. Total moves played: 1134
   [Vectorized MCTS] Step 025: 46 games active. Step time: 2872.6ms. Total moves played: 1364
   [Vectorized MCTS] Step 030: 46 games active. Step time: 2893.1ms. Total moves played: 1594
   [Vectorized MCTS] Step 035: 46 games active. Step time: 2904.8ms. Total moves played: 1824
   [Vectorized MCTS] Step 040: 46 games active. Step time: 2899.8ms. Total moves played: 2054
   [Vectorized MCTS] Step 045: 46 games active. Step time: 2899.9ms. Total moves played: 2284
   [Vectorized MCTS] Step 050: 46 games active. Step time: 2912.2ms. Total moves played: 2514
   [Vectorized MCTS] Step 055: 46 games active. Step time: 2908.6ms. Total moves played: 2744
   [Vectorized MCTS] Step 060: 46 games active. Step time: 2890.3ms. Total moves played: 2974
   [Vectorized MCTS] Step 065: 46 games active. Step time: 2883.2ms. Total moves played: 3204
   [Vectorized MCTS] Step 070: 46 games active. Step time: 2898.6ms. Total moves played: 3434
   [Vectorized MCTS] Step 075: 46 games active. Step time: 2883.8ms. Total moves played: 3664
   [Vectorized MCTS] Step 080: 46 games active. Step time: 2938.4ms. Total moves played: 3894
   [Vectorized MCTS] Step 085: 46 games active. Step time: 2890.1ms. Total moves played: 4124
   [Vectorized MCTS] Step 090: 46 games active. Step time: 2864.5ms. Total moves played: 4354
   [Vectorized MCTS] Step 095: 46 games active. Step time: 2901.0ms. Total moves played: 4584
   [Vectorized MCTS] Step 100: 46 games active. Step time: 2890.4ms. Total moves played: 4814
   [Vectorized MCTS] Step 105: 46 games active. Step time: 2923.9ms. Total moves played: 5044
   [Vectorized MCTS] Step 110: 46 games active. Step time: 2975.0ms. Total moves played: 5274
   [Vectorized MCTS] Step 115: 46 games active. Step time: 3010.5ms. Total moves played: 5504
   [Vectorized MCTS] Step 120: 45 games active. Step time: 2950.0ms. Total moves played: 5731
   [Vectorized MCTS] Step 125: 45 games active. Step time: 2931.1ms. Total moves played: 5956
   [Vectorized MCTS] Step 130: 44 games active. Step time: 2882.1ms. Total moves played: 6180
   [Vectorized MCTS] Step 135: 44 games active. Step time: 2887.0ms. Total moves played: 6400
   [Vectorized MCTS] Step 140: 43 games active. Step time: 2811.9ms. Total moves played: 6617
   [Vectorized MCTS] Step 145: 41 games active. Step time: 2739.8ms. Total moves played: 6829
   [Vectorized MCTS] Step 150: 39 games active. Step time: 2606.6ms. Total moves played: 7026
   [Vectorized MCTS] Step 155: 37 games active. Step time: 2008.9ms. Total moves played: 7219
   [Vectorized MCTS] Step 160: 20 games active. Step time: 1636.9ms. Total moves played: 7386
   [Vectorized MCTS] Step 162: 00 games active. Step time: 1205.5ms. Total moves played: 7426
[0768/1000] Vectorized selfplay games completed.
--> Starting batch of 64 vectorized games (games 768 to 831)...
   [Vectorized MCTS] Step 001: 64 games active. Step time: 4353.6ms. Total moves played: 64
   [Vectorized MCTS] Step 005: 64 games active. Step time: 4317.0ms. Total moves played: 320
   [Vectorized MCTS] Step 010: 64 games active. Step time: 4359.8ms. Total moves played: 640
   [Vectorized MCTS] Step 015: 50 games active. Step time: 3082.5ms. Total moves played: 907
   [Vectorized MCTS] Step 020: 46 games active. Step time: 2847.7ms. Total moves played: 1147
   [Vectorized MCTS] Step 025: 46 games active. Step time: 2905.8ms. Total moves played: 1377
   [Vectorized MCTS] Step 030: 46 games active. Step time: 2870.6ms. Total moves played: 1607
   [Vectorized MCTS] Step 035: 46 games active. Step time: 2912.1ms. Total moves played: 1837
   [Vectorized MCTS] Step 040: 46 games active. Step time: 2887.7ms. Total moves played: 2067
   [Vectorized MCTS] Step 045: 46 games active. Step time: 2970.1ms. Total moves played: 2297
   [Vectorized MCTS] Step 050: 46 games active. Step time: 2911.8ms. Total moves played: 2527
   [Vectorized MCTS] Step 055: 46 games active. Step time: 2943.2ms. Total moves played: 2757
   [Vectorized MCTS] Step 060: 46 games active. Step time: 2897.5ms. Total moves played: 2987
   [Vectorized MCTS] Step 065: 46 games active. Step time: 2925.2ms. Total moves played: 3217
   [Vectorized MCTS] Step 070: 46 games active. Step time: 2891.7ms. Total moves played: 3447
   [Vectorized MCTS] Step 075: 46 games active. Step time: 2902.4ms. Total moves played: 3677
   [Vectorized MCTS] Step 080: 46 games active. Step time: 2875.3ms. Total moves played: 3907
   [Vectorized MCTS] Step 085: 46 games active. Step time: 2922.2ms. Total moves played: 4137
   [Vectorized MCTS] Step 090: 46 games active. Step time: 2816.8ms. Total moves played: 4367
   [Vectorized MCTS] Step 095: 46 games active. Step time: 2874.2ms. Total moves played: 4597
   [Vectorized MCTS] Step 100: 44 games active. Step time: 2780.5ms. Total moves played: 4821
   [Vectorized MCTS] Step 105: 44 games active. Step time: 2834.0ms. Total moves played: 5041
   [Vectorized MCTS] Step 110: 44 games active. Step time: 2819.4ms. Total moves played: 5261
   [Vectorized MCTS] Step 115: 44 games active. Step time: 2847.2ms. Total moves played: 5481
   [Vectorized MCTS] Step 120: 44 games active. Step time: 2893.3ms. Total moves played: 5701
   [Vectorized MCTS] Step 125: 43 games active. Step time: 2875.6ms. Total moves played: 5918
   [Vectorized MCTS] Step 130: 43 games active. Step time: 2822.8ms. Total moves played: 6133
   [Vectorized MCTS] Step 135: 42 games active. Step time: 2881.0ms. Total moves played: 6348
   [Vectorized MCTS] Step 140: 41 games active. Step time: 2747.2ms. Total moves played: 6557
   [Vectorized MCTS] Step 145: 39 games active. Step time: 2675.9ms. Total moves played: 6761
   [Vectorized MCTS] Step 150: 38 games active. Step time: 2122.3ms. Total moves played: 6954
   [Vectorized MCTS] Step 155: 36 games active. Step time: 1993.8ms. Total moves played: 7139
   [Vectorized MCTS] Step 160: 12 games active. Step time: 1458.7ms. Total moves played: 7287
   [Vectorized MCTS] Step 162: 00 games active. Step time: 849.7ms. Total moves played: 7311
[0832/1000] Vectorized selfplay games completed.
--> Starting batch of 64 vectorized games (games 832 to 895)...
   [Vectorized MCTS] Step 001: 64 games active. Step time: 4340.6ms. Total moves played: 64
   [Vectorized MCTS] Step 005: 64 games active. Step time: 4323.7ms. Total moves played: 320
   [Vectorized MCTS] Step 010: 64 games active. Step time: 4329.9ms. Total moves played: 640
   [Vectorized MCTS] Step 015: 53 games active. Step time: 3358.4ms. Total moves played: 919
   [Vectorized MCTS] Step 020: 49 games active. Step time: 3190.5ms. Total moves played: 1176
   [Vectorized MCTS] Step 025: 49 games active. Step time: 3131.8ms. Total moves played: 1421
   [Vectorized MCTS] Step 030: 49 games active. Step time: 3117.5ms. Total moves played: 1666
   [Vectorized MCTS] Step 035: 49 games active. Step time: 3142.4ms. Total moves played: 1911
   [Vectorized MCTS] Step 040: 49 games active. Step time: 3126.1ms. Total moves played: 2156
   [Vectorized MCTS] Step 045: 49 games active. Step time: 3148.1ms. Total moves played: 2401
   [Vectorized MCTS] Step 050: 49 games active. Step time: 3149.6ms. Total moves played: 2646
   [Vectorized MCTS] Step 055: 49 games active. Step time: 3113.5ms. Total moves played: 2891
   [Vectorized MCTS] Step 060: 49 games active. Step time: 3198.9ms. Total moves played: 3136
   [Vectorized MCTS] Step 065: 49 games active. Step time: 3126.8ms. Total moves played: 3381
   [Vectorized MCTS] Step 070: 49 games active. Step time: 3127.0ms. Total moves played: 3626
   [Vectorized MCTS] Step 075: 49 games active. Step time: 3133.0ms. Total moves played: 3871
   [Vectorized MCTS] Step 080: 49 games active. Step time: 3149.9ms. Total moves played: 4116
   [Vectorized MCTS] Step 085: 49 games active. Step time: 3136.4ms. Total moves played: 4361
   [Vectorized MCTS] Step 090: 49 games active. Step time: 3130.6ms. Total moves played: 4606
   [Vectorized MCTS] Step 095: 49 games active. Step time: 3147.3ms. Total moves played: 4851
   [Vectorized MCTS] Step 100: 49 games active. Step time: 3118.4ms. Total moves played: 5096
   [Vectorized MCTS] Step 105: 49 games active. Step time: 3160.3ms. Total moves played: 5341
   [Vectorized MCTS] Step 110: 49 games active. Step time: 3136.6ms. Total moves played: 5586
   [Vectorized MCTS] Step 115: 48 games active. Step time: 3142.9ms. Total moves played: 5831
   [Vectorized MCTS] Step 120: 47 games active. Step time: 3018.1ms. Total moves played: 6070
   [Vectorized MCTS] Step 125: 47 games active. Step time: 3039.6ms. Total moves played: 6305
   [Vectorized MCTS] Step 130: 47 games active. Step time: 3017.1ms. Total moves played: 6540
   [Vectorized MCTS] Step 135: 47 games active. Step time: 2960.9ms. Total moves played: 6775
   [Vectorized MCTS] Step 140: 45 games active. Step time: 2981.4ms. Total moves played: 7009
   [Vectorized MCTS] Step 145: 45 games active. Step time: 2934.8ms. Total moves played: 7234
   [Vectorized MCTS] Step 150: 45 games active. Step time: 2388.5ms. Total moves played: 7459
   [Vectorized MCTS] Step 155: 40 games active. Step time: 2676.2ms. Total moves played: 7677
   [Vectorized MCTS] Step 160: 19 games active. Step time: 1965.9ms. Total moves played: 7869
   [Vectorized MCTS] Step 162: 00 games active. Step time: 1168.6ms. Total moves played: 7907
[0896/1000] Vectorized selfplay games completed.
--> Starting batch of 64 vectorized games (games 896 to 959)...
   [Vectorized MCTS] Step 001: 64 games active. Step time: 4373.0ms. Total moves played: 64
   [Vectorized MCTS] Step 005: 64 games active. Step time: 4324.1ms. Total moves played: 320
   [Vectorized MCTS] Step 010: 63 games active. Step time: 4254.1ms. Total moves played: 638
   [Vectorized MCTS] Step 015: 52 games active. Step time: 3284.3ms. Total moves played: 909
   [Vectorized MCTS] Step 020: 51 games active. Step time: 3218.1ms. Total moves played: 1165
   [Vectorized MCTS] Step 025: 50 games active. Step time: 3252.6ms. Total moves played: 1417
   [Vectorized MCTS] Step 030: 50 games active. Step time: 3216.4ms. Total moves played: 1667
   [Vectorized MCTS] Step 035: 50 games active. Step time: 3251.7ms. Total moves played: 1917
   [Vectorized MCTS] Step 040: 50 games active. Step time: 3175.8ms. Total moves played: 2167
   [Vectorized MCTS] Step 045: 50 games active. Step time: 3254.8ms. Total moves played: 2417
   [Vectorized MCTS] Step 050: 50 games active. Step time: 3168.3ms. Total moves played: 2667
   [Vectorized MCTS] Step 055: 50 games active. Step time: 3272.3ms. Total moves played: 2917
   [Vectorized MCTS] Step 060: 50 games active. Step time: 3186.3ms. Total moves played: 3167
   [Vectorized MCTS] Step 065: 50 games active. Step time: 3256.5ms. Total moves played: 3417
   [Vectorized MCTS] Step 070: 50 games active. Step time: 3181.1ms. Total moves played: 3667
   [Vectorized MCTS] Step 075: 50 games active. Step time: 3243.7ms. Total moves played: 3917
   [Vectorized MCTS] Step 080: 50 games active. Step time: 3166.4ms. Total moves played: 4167
   [Vectorized MCTS] Step 085: 50 games active. Step time: 3221.3ms. Total moves played: 4417
   [Vectorized MCTS] Step 090: 50 games active. Step time: 3200.3ms. Total moves played: 4667
   [Vectorized MCTS] Step 095: 50 games active. Step time: 3229.7ms. Total moves played: 4917
   [Vectorized MCTS] Step 100: 49 games active. Step time: 3196.9ms. Total moves played: 5167
   [Vectorized MCTS] Step 105: 48 games active. Step time: 3162.1ms. Total moves played: 5411
   [Vectorized MCTS] Step 110: 48 games active. Step time: 3100.0ms. Total moves played: 5651
   [Vectorized MCTS] Step 115: 48 games active. Step time: 3185.0ms. Total moves played: 5891
   [Vectorized MCTS] Step 120: 48 games active. Step time: 3106.1ms. Total moves played: 6131
   [Vectorized MCTS] Step 125: 48 games active. Step time: 3113.1ms. Total moves played: 6371
   [Vectorized MCTS] Step 130: 48 games active. Step time: 3097.4ms. Total moves played: 6611
   [Vectorized MCTS] Step 135: 48 games active. Step time: 3116.8ms. Total moves played: 6851
   [Vectorized MCTS] Step 140: 47 games active. Step time: 2991.0ms. Total moves played: 7090
   [Vectorized MCTS] Step 145: 45 games active. Step time: 3003.1ms. Total moves played: 7323
   [Vectorized MCTS] Step 150: 42 games active. Step time: 2794.5ms. Total moves played: 7541
   [Vectorized MCTS] Step 155: 41 games active. Step time: 2659.7ms. Total moves played: 7747
   [Vectorized MCTS] Step 160: 16 games active. Step time: 1495.0ms. Total moves played: 7907
   [Vectorized MCTS] Step 162: 00 games active. Step time: 1005.8ms. Total moves played: 7939
[0960/1000] Vectorized selfplay games completed.
--> Starting batch of 40 vectorized games (games 960 to 999)...
   [Vectorized MCTS] Step 001: 40 games active. Step time: 2645.8ms. Total moves played: 40
   [Vectorized MCTS] Step 005: 40 games active. Step time: 2687.3ms. Total moves played: 200
   [Vectorized MCTS] Step 010: 40 games active. Step time: 2690.3ms. Total moves played: 400
   [Vectorized MCTS] Step 015: 33 games active. Step time: 2344.8ms. Total moves played: 575
   [Vectorized MCTS] Step 020: 32 games active. Step time: 1881.8ms. Total moves played: 737
   [Vectorized MCTS] Step 025: 32 games active. Step time: 2318.8ms. Total moves played: 897
   [Vectorized MCTS] Step 030: 32 games active. Step time: 1879.4ms. Total moves played: 1057
   [Vectorized MCTS] Step 035: 32 games active. Step time: 2340.2ms. Total moves played: 1217
   [Vectorized MCTS] Step 040: 32 games active. Step time: 1910.5ms. Total moves played: 1377
   [Vectorized MCTS] Step 045: 32 games active. Step time: 2375.6ms. Total moves played: 1537
   [Vectorized MCTS] Step 050: 32 games active. Step time: 1893.5ms. Total moves played: 1697
   [Vectorized MCTS] Step 055: 32 games active. Step time: 2330.9ms. Total moves played: 1857
   [Vectorized MCTS] Step 060: 32 games active. Step time: 1907.5ms. Total moves played: 2017
   [Vectorized MCTS] Step 065: 32 games active. Step time: 2382.0ms. Total moves played: 2177
   [Vectorized MCTS] Step 070: 32 games active. Step time: 1929.0ms. Total moves played: 2337
   [Vectorized MCTS] Step 075: 32 games active. Step time: 2353.5ms. Total moves played: 2497
   [Vectorized MCTS] Step 080: 32 games active. Step time: 1916.1ms. Total moves played: 2657
   [Vectorized MCTS] Step 085: 32 games active. Step time: 2320.5ms. Total moves played: 2817
   [Vectorized MCTS] Step 090: 32 games active. Step time: 1912.9ms. Total moves played: 2977
   [Vectorized MCTS] Step 095: 32 games active. Step time: 2363.8ms. Total moves played: 3137
   [Vectorized MCTS] Step 100: 32 games active. Step time: 1895.5ms. Total moves played: 3297
   [Vectorized MCTS] Step 105: 32 games active. Step time: 2362.9ms. Total moves played: 3457
   [Vectorized MCTS] Step 110: 32 games active. Step time: 1895.8ms. Total moves played: 3617
   [Vectorized MCTS] Step 115: 30 games active. Step time: 2224.5ms. Total moves played: 3773
   [Vectorized MCTS] Step 120: 30 games active. Step time: 1796.3ms. Total moves played: 3923
   [Vectorized MCTS] Step 125: 30 games active. Step time: 2248.6ms. Total moves played: 4073
   [Vectorized MCTS] Step 130: 30 games active. Step time: 1794.2ms. Total moves played: 4223
   [Vectorized MCTS] Step 135: 30 games active. Step time: 2203.0ms. Total moves played: 4373
   [Vectorized MCTS] Step 140: 30 games active. Step time: 1745.9ms. Total moves played: 4523
   [Vectorized MCTS] Step 145: 27 games active. Step time: 2104.7ms. Total moves played: 4670
   [Vectorized MCTS] Step 150: 25 games active. Step time: 1510.4ms. Total moves played: 4800
   [Vectorized MCTS] Step 155: 24 games active. Step time: 1432.3ms. Total moves played: 4924
   [Vectorized MCTS] Step 160: 12 games active. Step time: 1012.2ms. Total moves played: 5024
   [Vectorized MCTS] Step 162: 00 games active. Step time: 847.5ms. Total moves played: 5048
[1000/1000] Vectorized selfplay games completed.

Collection completed in 7569.5 seconds (7.570s/game average).
