Starting self-play collection using /Users/nilbot/playground/autogo-mlx/experiments/001_train_from_scratch/checkpoints/iter13.safetensors
--> Progressive sims enabled. Iteration 13 -> 64 simulations.
--> League play enabled: Selected historical opponent iter1.safetensors (3-channel model)
Config: num-games=1000, simulations=64, workers=8
--> Starting batch of 64 vectorized games (games 0 to 63)...
   [Vectorized MCTS] Step 001: 64 games active. Step time: 4108.2ms. Total moves played: 64
   [Vectorized MCTS] Step 005: 64 games active. Step time: 4093.7ms. Total moves played: 320
   [Vectorized MCTS] Step 010: 47 games active. Step time: 4293.1ms. Total moves played: 640
   [Vectorized MCTS] Step 015: 25 games active. Step time: 1883.8ms. Total moves played: 794
   [Vectorized MCTS] Step 020: 25 games active. Step time: 1825.7ms. Total moves played: 919
   [Vectorized MCTS] Step 025: 25 games active. Step time: 1870.6ms. Total moves played: 1044
   [Vectorized MCTS] Step 030: 25 games active. Step time: 1958.9ms. Total moves played: 1169
   [Vectorized MCTS] Step 035: 25 games active. Step time: 1863.6ms. Total moves played: 1294
   [Vectorized MCTS] Step 040: 25 games active. Step time: 2022.8ms. Total moves played: 1419
   [Vectorized MCTS] Step 045: 25 games active. Step time: 1868.4ms. Total moves played: 1544
   [Vectorized MCTS] Step 050: 25 games active. Step time: 1854.0ms. Total moves played: 1669
   [Vectorized MCTS] Step 055: 25 games active. Step time: 1840.4ms. Total moves played: 1794
   [Vectorized MCTS] Step 060: 25 games active. Step time: 1889.9ms. Total moves played: 1919
   [Vectorized MCTS] Step 065: 25 games active. Step time: 1866.6ms. Total moves played: 2044
   [Vectorized MCTS] Step 070: 25 games active. Step time: 1814.6ms. Total moves played: 2169
   [Vectorized MCTS] Step 075: 25 games active. Step time: 1831.0ms. Total moves played: 2294
   [Vectorized MCTS] Step 080: 25 games active. Step time: 1814.8ms. Total moves played: 2419
   [Vectorized MCTS] Step 085: 25 games active. Step time: 1860.3ms. Total moves played: 2544
   [Vectorized MCTS] Step 090: 25 games active. Step time: 2009.7ms. Total moves played: 2669
   [Vectorized MCTS] Step 095: 25 games active. Step time: 1984.7ms. Total moves played: 2794
   [Vectorized MCTS] Step 100: 25 games active. Step time: 1921.4ms. Total moves played: 2919
   [Vectorized MCTS] Step 105: 25 games active. Step time: 1948.3ms. Total moves played: 3044
   [Vectorized MCTS] Step 110: 25 games active. Step time: 1970.7ms. Total moves played: 3169
   [Vectorized MCTS] Step 115: 24 games active. Step time: 1910.2ms. Total moves played: 3294
   [Vectorized MCTS] Step 120: 24 games active. Step time: 1819.3ms. Total moves played: 3414
   [Vectorized MCTS] Step 125: 21 games active. Step time: 1755.1ms. Total moves played: 3528
   [Vectorized MCTS] Step 130: 20 games active. Step time: 1608.6ms. Total moves played: 3629
   [Vectorized MCTS] Step 135: 19 games active. Step time: 1552.3ms. Total moves played: 3728
   [Vectorized MCTS] Step 140: 16 games active. Step time: 1481.6ms. Total moves played: 3816
   [Vectorized MCTS] Step 145: 13 games active. Step time: 1308.1ms. Total moves played: 3888
   [Vectorized MCTS] Step 150: 12 games active. Step time: 1394.5ms. Total moves played: 3951
   [Vectorized MCTS] Step 155: 10 games active. Step time: 1246.2ms. Total moves played: 4005
   [Vectorized MCTS] Step 160: 07 games active. Step time: 1183.8ms. Total moves played: 4047
   [Vectorized MCTS] Step 165: 03 games active. Step time: 569.1ms. Total moves played: 4069
   [Vectorized MCTS] Step 170: 01 games active. Step time: 480.7ms. Total moves played: 4080
   [Vectorized MCTS] Step 175: 01 games active. Step time: 471.1ms. Total moves played: 4085
   [Vectorized MCTS] Step 180: 01 games active. Step time: 481.6ms. Total moves played: 4090
   [Vectorized MCTS] Step 185: 01 games active. Step time: 473.4ms. Total moves played: 4095
   [Vectorized MCTS] Step 190: 00 games active. Step time: 475.9ms. Total moves played: 4100
[0064/1000] Vectorized selfplay games completed.
--> Starting batch of 64 vectorized games (games 64 to 127)...
   [Vectorized MCTS] Step 001: 64 games active. Step time: 3988.6ms. Total moves played: 64
   [Vectorized MCTS] Step 005: 64 games active. Step time: 4107.1ms. Total moves played: 320
   [Vectorized MCTS] Step 010: 53 games active. Step time: 4084.0ms. Total moves played: 640
   [Vectorized MCTS] Step 015: 33 games active. Step time: 2179.3ms. Total moves played: 828
   [Vectorized MCTS] Step 020: 33 games active. Step time: 2229.2ms. Total moves played: 993
   [Vectorized MCTS] Step 025: 33 games active. Step time: 2168.1ms. Total moves played: 1158
   [Vectorized MCTS] Step 030: 33 games active. Step time: 2213.3ms. Total moves played: 1323
   [Vectorized MCTS] Step 035: 33 games active. Step time: 2175.7ms. Total moves played: 1488
   [Vectorized MCTS] Step 040: 33 games active. Step time: 2192.3ms. Total moves played: 1653
   [Vectorized MCTS] Step 045: 33 games active. Step time: 2161.9ms. Total moves played: 1818
   [Vectorized MCTS] Step 050: 33 games active. Step time: 2238.9ms. Total moves played: 1983
   [Vectorized MCTS] Step 055: 33 games active. Step time: 2160.4ms. Total moves played: 2148
   [Vectorized MCTS] Step 060: 33 games active. Step time: 2206.0ms. Total moves played: 2313
   [Vectorized MCTS] Step 065: 33 games active. Step time: 2130.6ms. Total moves played: 2478
   [Vectorized MCTS] Step 070: 33 games active. Step time: 2101.6ms. Total moves played: 2643
   [Vectorized MCTS] Step 075: 33 games active. Step time: 2186.8ms. Total moves played: 2808
   [Vectorized MCTS] Step 080: 33 games active. Step time: 2194.1ms. Total moves played: 2973
   [Vectorized MCTS] Step 085: 33 games active. Step time: 2187.9ms. Total moves played: 3138
   [Vectorized MCTS] Step 090: 33 games active. Step time: 2250.2ms. Total moves played: 3303
   [Vectorized MCTS] Step 095: 33 games active. Step time: 2210.6ms. Total moves played: 3468
   [Vectorized MCTS] Step 100: 33 games active. Step time: 2308.6ms. Total moves played: 3633
   [Vectorized MCTS] Step 105: 33 games active. Step time: 2181.4ms. Total moves played: 3798
   [Vectorized MCTS] Step 110: 33 games active. Step time: 2268.3ms. Total moves played: 3963
   [Vectorized MCTS] Step 115: 32 games active. Step time: 2148.5ms. Total moves played: 4124
   [Vectorized MCTS] Step 120: 30 games active. Step time: 2130.1ms. Total moves played: 4282
   [Vectorized MCTS] Step 125: 28 games active. Step time: 1916.9ms. Total moves played: 4426
   [Vectorized MCTS] Step 130: 25 games active. Step time: 2035.1ms. Total moves played: 4564
   [Vectorized MCTS] Step 135: 23 games active. Step time: 1766.2ms. Total moves played: 4686
   [Vectorized MCTS] Step 140: 20 games active. Step time: 1652.2ms. Total moves played: 4795
   [Vectorized MCTS] Step 145: 19 games active. Step time: 1555.6ms. Total moves played: 4894
   [Vectorized MCTS] Step 150: 19 games active. Step time: 1535.3ms. Total moves played: 4989
   [Vectorized MCTS] Step 155: 18 games active. Step time: 1522.8ms. Total moves played: 5083
   [Vectorized MCTS] Step 160: 14 games active. Step time: 1433.8ms. Total moves played: 5165
   [Vectorized MCTS] Step 165: 02 games active. Step time: 534.9ms. Total moves played: 5202
   [Vectorized MCTS] Step 170: 01 games active. Step time: 476.7ms. Total moves played: 5210
   [Vectorized MCTS] Step 175: 01 games active. Step time: 486.4ms. Total moves played: 5215
   [Vectorized MCTS] Step 180: 01 games active. Step time: 475.6ms. Total moves played: 5220
   [Vectorized MCTS] Step 185: 01 games active. Step time: 491.0ms. Total moves played: 5225
   [Vectorized MCTS] Step 190: 01 games active. Step time: 478.3ms. Total moves played: 5230
   [Vectorized MCTS] Step 195: 01 games active. Step time: 483.9ms. Total moves played: 5235
   [Vectorized MCTS] Step 200: 01 games active. Step time: 473.0ms. Total moves played: 5240
   [Vectorized MCTS] Step 205: 01 games active. Step time: 479.5ms. Total moves played: 5245
   [Vectorized MCTS] Step 209: 00 games active. Step time: 482.3ms. Total moves played: 5249
[0128/1000] Vectorized selfplay games completed.
--> Starting batch of 64 vectorized games (games 128 to 191)...
   [Vectorized MCTS] Step 001: 64 games active. Step time: 4129.1ms. Total moves played: 64
   [Vectorized MCTS] Step 005: 64 games active. Step time: 4143.4ms. Total moves played: 320
   [Vectorized MCTS] Step 010: 49 games active. Step time: 4197.7ms. Total moves played: 640
   [Vectorized MCTS] Step 015: 31 games active. Step time: 2130.5ms. Total moves played: 816
   [Vectorized MCTS] Step 020: 31 games active. Step time: 2150.4ms. Total moves played: 971
   [Vectorized MCTS] Step 025: 31 games active. Step time: 2091.8ms. Total moves played: 1126
   [Vectorized MCTS] Step 030: 31 games active. Step time: 2110.5ms. Total moves played: 1281
   [Vectorized MCTS] Step 035: 31 games active. Step time: 2089.6ms. Total moves played: 1436
   [Vectorized MCTS] Step 040: 31 games active. Step time: 2096.7ms. Total moves played: 1591
   [Vectorized MCTS] Step 045: 31 games active. Step time: 2081.6ms. Total moves played: 1746
   [Vectorized MCTS] Step 050: 31 games active. Step time: 2001.4ms. Total moves played: 1901
   [Vectorized MCTS] Step 055: 31 games active. Step time: 2173.0ms. Total moves played: 2056
   [Vectorized MCTS] Step 060: 31 games active. Step time: 2128.6ms. Total moves played: 2211
   [Vectorized MCTS] Step 065: 31 games active. Step time: 2185.4ms. Total moves played: 2366
   [Vectorized MCTS] Step 070: 31 games active. Step time: 2138.2ms. Total moves played: 2521
   [Vectorized MCTS] Step 075: 31 games active. Step time: 2152.5ms. Total moves played: 2676
   [Vectorized MCTS] Step 080: 31 games active. Step time: 2152.5ms. Total moves played: 2831
   [Vectorized MCTS] Step 085: 31 games active. Step time: 2196.2ms. Total moves played: 2986
   [Vectorized MCTS] Step 090: 31 games active. Step time: 2156.6ms. Total moves played: 3141
   [Vectorized MCTS] Step 095: 31 games active. Step time: 2175.0ms. Total moves played: 3296
   [Vectorized MCTS] Step 100: 31 games active. Step time: 2143.8ms. Total moves played: 3451
   [Vectorized MCTS] Step 105: 31 games active. Step time: 2157.6ms. Total moves played: 3606
   [Vectorized MCTS] Step 110: 28 games active. Step time: 1958.3ms. Total moves played: 3751
   [Vectorized MCTS] Step 115: 26 games active. Step time: 1986.5ms. Total moves played: 3888
   [Vectorized MCTS] Step 120: 26 games active. Step time: 1834.3ms. Total moves played: 4018
   [Vectorized MCTS] Step 125: 23 games active. Step time: 1848.6ms. Total moves played: 4141
   [Vectorized MCTS] Step 130: 21 games active. Step time: 1716.5ms. Total moves played: 4252
   [Vectorized MCTS] Step 135: 20 games active. Step time: 1592.2ms. Total moves played: 4356
   [Vectorized MCTS] Step 140: 16 games active. Step time: 1621.0ms. Total moves played: 4448
   [Vectorized MCTS] Step 145: 13 games active. Step time: 903.0ms. Total moves played: 4519
   [Vectorized MCTS] Step 150: 11 games active. Step time: 1268.6ms. Total moves played: 4580
   [Vectorized MCTS] Step 155: 09 games active. Step time: 793.5ms. Total moves played: 4631
   [Vectorized MCTS] Step 160: 07 games active. Step time: 1201.1ms. Total moves played: 4671
   [Vectorized MCTS] Step 165: 01 games active. Step time: 477.9ms. Total moves played: 4690
   [Vectorized MCTS] Step 170: 01 games active. Step time: 476.1ms. Total moves played: 4695
   [Vectorized MCTS] Step 172: 00 games active. Step time: 475.4ms. Total moves played: 4697
[0192/1000] Vectorized selfplay games completed.
--> Starting batch of 64 vectorized games (games 192 to 255)...
   [Vectorized MCTS] Step 001: 64 games active. Step time: 4245.4ms. Total moves played: 64
   [Vectorized MCTS] Step 005: 64 games active. Step time: 4306.8ms. Total moves played: 320
   [Vectorized MCTS] Step 010: 48 games active. Step time: 4327.9ms. Total moves played: 640
   [Vectorized MCTS] Step 015: 25 games active. Step time: 1918.7ms. Total moves played: 795
   [Vectorized MCTS] Step 020: 25 games active. Step time: 1892.2ms. Total moves played: 920
   [Vectorized MCTS] Step 025: 25 games active. Step time: 1893.5ms. Total moves played: 1045
   [Vectorized MCTS] Step 030: 24 games active. Step time: 1868.4ms. Total moves played: 1170
   [Vectorized MCTS] Step 035: 24 games active. Step time: 1908.5ms. Total moves played: 1290
   [Vectorized MCTS] Step 040: 24 games active. Step time: 1967.9ms. Total moves played: 1410
   [Vectorized MCTS] Step 045: 24 games active. Step time: 1919.3ms. Total moves played: 1530
   [Vectorized MCTS] Step 050: 24 games active. Step time: 1939.3ms. Total moves played: 1650
   [Vectorized MCTS] Step 055: 24 games active. Step time: 1926.7ms. Total moves played: 1770
   [Vectorized MCTS] Step 060: 24 games active. Step time: 1918.2ms. Total moves played: 1890
   [Vectorized MCTS] Step 065: 24 games active. Step time: 1899.3ms. Total moves played: 2010
   [Vectorized MCTS] Step 070: 24 games active. Step time: 1941.7ms. Total moves played: 2130
   [Vectorized MCTS] Step 075: 24 games active. Step time: 1930.4ms. Total moves played: 2250
   [Vectorized MCTS] Step 080: 24 games active. Step time: 1945.2ms. Total moves played: 2370
   [Vectorized MCTS] Step 085: 24 games active. Step time: 1911.7ms. Total moves played: 2490
   [Vectorized MCTS] Step 090: 24 games active. Step time: 1910.9ms. Total moves played: 2610
   [Vectorized MCTS] Step 095: 24 games active. Step time: 1909.0ms. Total moves played: 2730
   [Vectorized MCTS] Step 100: 24 games active. Step time: 1926.3ms. Total moves played: 2850
   [Vectorized MCTS] Step 105: 24 games active. Step time: 1929.8ms. Total moves played: 2970
   [Vectorized MCTS] Step 110: 24 games active. Step time: 1923.3ms. Total moves played: 3090
   [Vectorized MCTS] Step 115: 22 games active. Step time: 1849.1ms. Total moves played: 3203
   [Vectorized MCTS] Step 120: 22 games active. Step time: 1850.8ms. Total moves played: 3313
   [Vectorized MCTS] Step 125: 19 games active. Step time: 1637.8ms. Total moves played: 3417
   [Vectorized MCTS] Step 130: 15 games active. Step time: 1529.3ms. Total moves played: 3502
   [Vectorized MCTS] Step 135: 15 games active. Step time: 1518.2ms. Total moves played: 3577
   [Vectorized MCTS] Step 140: 14 games active. Step time: 1509.9ms. Total moves played: 3652
   [Vectorized MCTS] Step 145: 12 games active. Step time: 1399.0ms. Total moves played: 3715
   [Vectorized MCTS] Step 150: 11 games active. Step time: 1362.9ms. Total moves played: 3775
   [Vectorized MCTS] Step 155: 10 games active. Step time: 1355.0ms. Total moves played: 3829
   [Vectorized MCTS] Step 160: 09 games active. Step time: 1277.5ms. Total moves played: 3877
   [Vectorized MCTS] Step 165: 02 games active. Step time: 562.9ms. Total moves played: 3905
   [Vectorized MCTS] Step 169: 00 games active. Step time: 507.9ms. Total moves played: 3910
[0256/1000] Vectorized selfplay games completed.
--> Starting batch of 64 vectorized games (games 256 to 319)...
   [Vectorized MCTS] Step 001: 64 games active. Step time: 4294.9ms. Total moves played: 64
   [Vectorized MCTS] Step 005: 64 games active. Step time: 4320.8ms. Total moves played: 320
   [Vectorized MCTS] Step 010: 46 games active. Step time: 4267.8ms. Total moves played: 640
   [Vectorized MCTS] Step 015: 25 games active. Step time: 1983.7ms. Total moves played: 789
   [Vectorized MCTS] Step 020: 25 games active. Step time: 1945.2ms. Total moves played: 914
   [Vectorized MCTS] Step 025: 25 games active. Step time: 1965.3ms. Total moves played: 1039
   [Vectorized MCTS] Step 030: 25 games active. Step time: 1936.4ms. Total moves played: 1164
   [Vectorized MCTS] Step 035: 25 games active. Step time: 2007.9ms. Total moves played: 1289
   [Vectorized MCTS] Step 040: 25 games active. Step time: 1934.7ms. Total moves played: 1414
   [Vectorized MCTS] Step 045: 25 games active. Step time: 1988.2ms. Total moves played: 1539
   [Vectorized MCTS] Step 050: 25 games active. Step time: 1934.5ms. Total moves played: 1664
   [Vectorized MCTS] Step 055: 25 games active. Step time: 1948.0ms. Total moves played: 1789
   [Vectorized MCTS] Step 060: 25 games active. Step time: 1948.2ms. Total moves played: 1914
   [Vectorized MCTS] Step 065: 25 games active. Step time: 1945.8ms. Total moves played: 2039
   [Vectorized MCTS] Step 070: 25 games active. Step time: 1917.4ms. Total moves played: 2164
   [Vectorized MCTS] Step 075: 25 games active. Step time: 1954.6ms. Total moves played: 2289
   [Vectorized MCTS] Step 080: 25 games active. Step time: 1899.6ms. Total moves played: 2414
   [Vectorized MCTS] Step 085: 25 games active. Step time: 1966.0ms. Total moves played: 2539
   [Vectorized MCTS] Step 090: 25 games active. Step time: 1921.2ms. Total moves played: 2664
   [Vectorized MCTS] Step 095: 25 games active. Step time: 1948.5ms. Total moves played: 2789
   [Vectorized MCTS] Step 100: 25 games active. Step time: 1942.0ms. Total moves played: 2914
   [Vectorized MCTS] Step 105: 25 games active. Step time: 1983.6ms. Total moves played: 3039
   [Vectorized MCTS] Step 110: 25 games active. Step time: 1911.2ms. Total moves played: 3164
   [Vectorized MCTS] Step 115: 22 games active. Step time: 1836.0ms. Total moves played: 3283
   [Vectorized MCTS] Step 120: 22 games active. Step time: 1854.7ms. Total moves played: 3393
   [Vectorized MCTS] Step 125: 19 games active. Step time: 1746.3ms. Total moves played: 3494
   [Vectorized MCTS] Step 130: 18 games active. Step time: 1651.1ms. Total moves played: 3588
   [Vectorized MCTS] Step 135: 17 games active. Step time: 1646.6ms. Total moves played: 3676
   [Vectorized MCTS] Step 140: 14 games active. Step time: 1563.1ms. Total moves played: 3756
   [Vectorized MCTS] Step 145: 12 games active. Step time: 1456.6ms. Total moves played: 3822
   [Vectorized MCTS] Step 150: 12 games active. Step time: 1508.8ms. Total moves played: 3882
   [Vectorized MCTS] Step 155: 11 games active. Step time: 1387.8ms. Total moves played: 3939
   [Vectorized MCTS] Step 160: 09 games active. Step time: 1377.2ms. Total moves played: 3986
   [Vectorized MCTS] Step 165: 02 games active. Step time: 1051.4ms. Total moves played: 4016
   [Vectorized MCTS] Step 170: 01 games active. Step time: 510.8ms. Total moves played: 4022
   [Vectorized MCTS] Step 175: 01 games active. Step time: 512.4ms. Total moves played: 4027
   [Vectorized MCTS] Step 180: 01 games active. Step time: 507.7ms. Total moves played: 4032
   [Vectorized MCTS] Step 185: 01 games active. Step time: 507.0ms. Total moves played: 4037
   [Vectorized MCTS] Step 190: 01 games active. Step time: 518.9ms. Total moves played: 4042
   [Vectorized MCTS] Step 195: 01 games active. Step time: 506.7ms. Total moves played: 4047
   [Vectorized MCTS] Step 200: 01 games active. Step time: 508.7ms. Total moves played: 4052
   [Vectorized MCTS] Step 205: 01 games active. Step time: 502.3ms. Total moves played: 4057
   [Vectorized MCTS] Step 210: 01 games active. Step time: 508.7ms. Total moves played: 4062
   [Vectorized MCTS] Step 215: 01 games active. Step time: 497.2ms. Total moves played: 4067
   [Vectorized MCTS] Step 220: 01 games active. Step time: 510.0ms. Total moves played: 4072
   [Vectorized MCTS] Step 225: 01 games active. Step time: 501.8ms. Total moves played: 4077
   [Vectorized MCTS] Step 228: 00 games active. Step time: 497.7ms. Total moves played: 4080
[0320/1000] Vectorized selfplay games completed.
--> Starting batch of 64 vectorized games (games 320 to 383)...
   [Vectorized MCTS] Step 001: 64 games active. Step time: 4230.2ms. Total moves played: 64
   [Vectorized MCTS] Step 005: 64 games active. Step time: 4320.7ms. Total moves played: 320
   [Vectorized MCTS] Step 010: 49 games active. Step time: 4321.2ms. Total moves played: 640
   [Vectorized MCTS] Step 015: 28 games active. Step time: 2161.7ms. Total moves played: 806
   [Vectorized MCTS] Step 020: 28 games active. Step time: 2114.4ms. Total moves played: 946
   [Vectorized MCTS] Step 025: 28 games active. Step time: 2148.5ms. Total moves played: 1086
   [Vectorized MCTS] Step 030: 28 games active. Step time: 2092.0ms. Total moves played: 1226
   [Vectorized MCTS] Step 035: 28 games active. Step time: 2127.1ms. Total moves played: 1366
   [Vectorized MCTS] Step 040: 28 games active. Step time: 2098.7ms. Total moves played: 1506
   [Vectorized MCTS] Step 045: 28 games active. Step time: 2139.4ms. Total moves played: 1646
   [Vectorized MCTS] Step 050: 28 games active. Step time: 2098.4ms. Total moves played: 1786
   [Vectorized MCTS] Step 055: 28 games active. Step time: 2143.4ms. Total moves played: 1926
   [Vectorized MCTS] Step 060: 28 games active. Step time: 2115.0ms. Total moves played: 2066
   [Vectorized MCTS] Step 065: 28 games active. Step time: 2098.6ms. Total moves played: 2206
   [Vectorized MCTS] Step 070: 28 games active. Step time: 2113.2ms. Total moves played: 2346
   [Vectorized MCTS] Step 075: 28 games active. Step time: 2117.9ms. Total moves played: 2486
   [Vectorized MCTS] Step 080: 28 games active. Step time: 2114.1ms. Total moves played: 2626
   [Vectorized MCTS] Step 085: 28 games active. Step time: 2131.0ms. Total moves played: 2766
   [Vectorized MCTS] Step 090: 28 games active. Step time: 2107.3ms. Total moves played: 2906
   [Vectorized MCTS] Step 095: 28 games active. Step time: 2131.4ms. Total moves played: 3046
   [Vectorized MCTS] Step 100: 27 games active. Step time: 2049.8ms. Total moves played: 3183
   [Vectorized MCTS] Step 105: 27 games active. Step time: 2029.5ms. Total moves played: 3318
   [Vectorized MCTS] Step 110: 27 games active. Step time: 2049.3ms. Total moves played: 3453
   [Vectorized MCTS] Step 115: 27 games active. Step time: 2043.2ms. Total moves played: 3588
   [Vectorized MCTS] Step 120: 25 games active. Step time: 1975.0ms. Total moves played: 3718
   [Vectorized MCTS] Step 125: 24 games active. Step time: 1888.4ms. Total moves played: 3842
   [Vectorized MCTS] Step 130: 21 games active. Step time: 1789.0ms. Total moves played: 3955
   [Vectorized MCTS] Step 135: 20 games active. Step time: 1693.2ms. Total moves played: 4058
   [Vectorized MCTS] Step 140: 18 games active. Step time: 1155.6ms. Total moves played: 4152
   [Vectorized MCTS] Step 145: 17 games active. Step time: 1636.3ms. Total moves played: 4239
   [Vectorized MCTS] Step 150: 16 games active. Step time: 1095.9ms. Total moves played: 4324
   [Vectorized MCTS] Step 155: 16 games active. Step time: 1608.6ms. Total moves played: 4404
   [Vectorized MCTS] Step 160: 08 games active. Step time: 807.7ms. Total moves played: 4466
   [Vectorized MCTS] Step 165: 02 games active. Step time: 557.2ms. Total moves played: 4492
   [Vectorized MCTS] Step 166: 00 games active. Step time: 562.0ms. Total moves played: 4494
[0384/1000] Vectorized selfplay games completed.
--> Starting batch of 64 vectorized games (games 384 to 447)...
   [Vectorized MCTS] Step 001: 64 games active. Step time: 4264.5ms. Total moves played: 64
   [Vectorized MCTS] Step 005: 64 games active. Step time: 4330.2ms. Total moves played: 320
   [Vectorized MCTS] Step 010: 45 games active. Step time: 4295.5ms. Total moves played: 640
   [Vectorized MCTS] Step 015: 27 games active. Step time: 2082.4ms. Total moves played: 797
   [Vectorized MCTS] Step 020: 27 games active. Step time: 2068.1ms. Total moves played: 932
   [Vectorized MCTS] Step 025: 27 games active. Step time: 2066.0ms. Total moves played: 1067
   [Vectorized MCTS] Step 030: 27 games active. Step time: 2048.7ms. Total moves played: 1202
   [Vectorized MCTS] Step 035: 27 games active. Step time: 2096.5ms. Total moves played: 1337
   [Vectorized MCTS] Step 040: 27 games active. Step time: 2055.4ms. Total moves played: 1472
   [Vectorized MCTS] Step 045: 27 games active. Step time: 2091.1ms. Total moves played: 1607
   [Vectorized MCTS] Step 050: 27 games active. Step time: 2044.1ms. Total moves played: 1742
   [Vectorized MCTS] Step 055: 27 games active. Step time: 2088.6ms. Total moves played: 1877
   [Vectorized MCTS] Step 060: 27 games active. Step time: 2041.4ms. Total moves played: 2012
   [Vectorized MCTS] Step 065: 27 games active. Step time: 2071.5ms. Total moves played: 2147
   [Vectorized MCTS] Step 070: 27 games active. Step time: 2063.0ms. Total moves played: 2282
   [Vectorized MCTS] Step 075: 27 games active. Step time: 2077.9ms. Total moves played: 2417
   [Vectorized MCTS] Step 080: 27 games active. Step time: 2059.9ms. Total moves played: 2552
   [Vectorized MCTS] Step 085: 27 games active. Step time: 2036.9ms. Total moves played: 2687
   [Vectorized MCTS] Step 090: 27 games active. Step time: 2076.3ms. Total moves played: 2822
   [Vectorized MCTS] Step 095: 27 games active. Step time: 2039.7ms. Total moves played: 2957
   [Vectorized MCTS] Step 100: 27 games active. Step time: 2056.6ms. Total moves played: 3092
   [Vectorized MCTS] Step 105: 27 games active. Step time: 2079.2ms. Total moves played: 3227
   [Vectorized MCTS] Step 110: 26 games active. Step time: 2074.4ms. Total moves played: 3359
   [Vectorized MCTS] Step 115: 25 games active. Step time: 1991.9ms. Total moves played: 3487
   [Vectorized MCTS] Step 120: 25 games active. Step time: 2003.0ms. Total moves played: 3612
   [Vectorized MCTS] Step 125: 25 games active. Step time: 2000.6ms. Total moves played: 3737
   [Vectorized MCTS] Step 130: 24 games active. Step time: 1958.3ms. Total moves played: 3858
   [Vectorized MCTS] Step 135: 23 games active. Step time: 1842.6ms. Total moves played: 3976
   [Vectorized MCTS] Step 140: 22 games active. Step time: 1771.0ms. Total moves played: 4090
   [Vectorized MCTS] Step 145: 21 games active. Step time: 1753.6ms. Total moves played: 4200
   [Vectorized MCTS] Step 150: 19 games active. Step time: 1641.2ms. Total moves played: 4303
   [Vectorized MCTS] Step 155: 18 games active. Step time: 1520.8ms. Total moves played: 4395
   [Vectorized MCTS] Step 160: 13 games active. Step time: 1414.2ms. Total moves played: 4478
   [Vectorized MCTS] Step 165: 00 games active. Step time: 499.3ms. Total moves played: 4508
[0448/1000] Vectorized selfplay games completed.
--> Starting batch of 64 vectorized games (games 448 to 511)...
   [Vectorized MCTS] Step 001: 64 games active. Step time: 4266.5ms. Total moves played: 64
   [Vectorized MCTS] Step 005: 64 games active. Step time: 4290.4ms. Total moves played: 320
   [Vectorized MCTS] Step 010: 51 games active. Step time: 4327.6ms. Total moves played: 639
   [Vectorized MCTS] Step 015: 32 games active. Step time: 2296.7ms. Total moves played: 820
   [Vectorized MCTS] Step 020: 32 games active. Step time: 2321.3ms. Total moves played: 980
   [Vectorized MCTS] Step 025: 32 games active. Step time: 2227.2ms. Total moves played: 1140
   [Vectorized MCTS] Step 030: 32 games active. Step time: 2229.6ms. Total moves played: 1300
   [Vectorized MCTS] Step 035: 32 games active. Step time: 2183.2ms. Total moves played: 1460
   [Vectorized MCTS] Step 040: 32 games active. Step time: 2238.6ms. Total moves played: 1620
   [Vectorized MCTS] Step 045: 32 games active. Step time: 2208.7ms. Total moves played: 1780
   [Vectorized MCTS] Step 050: 32 games active. Step time: 2253.2ms. Total moves played: 1940
   [Vectorized MCTS] Step 055: 32 games active. Step time: 2212.7ms. Total moves played: 2100
   [Vectorized MCTS] Step 060: 32 games active. Step time: 2227.2ms. Total moves played: 2260
   [Vectorized MCTS] Step 065: 32 games active. Step time: 2236.1ms. Total moves played: 2420
   [Vectorized MCTS] Step 070: 32 games active. Step time: 2240.9ms. Total moves played: 2580
   [Vectorized MCTS] Step 075: 32 games active. Step time: 2194.4ms. Total moves played: 2740
   [Vectorized MCTS] Step 080: 32 games active. Step time: 2241.4ms. Total moves played: 2900
   [Vectorized MCTS] Step 085: 32 games active. Step time: 2223.3ms. Total moves played: 3060
   [Vectorized MCTS] Step 090: 32 games active. Step time: 2245.2ms. Total moves played: 3220
   [Vectorized MCTS] Step 095: 32 games active. Step time: 2244.7ms. Total moves played: 3380
   [Vectorized MCTS] Step 100: 32 games active. Step time: 2223.2ms. Total moves played: 3540
   [Vectorized MCTS] Step 105: 32 games active. Step time: 2211.1ms. Total moves played: 3700
   [Vectorized MCTS] Step 110: 31 games active. Step time: 2199.8ms. Total moves played: 3858
   [Vectorized MCTS] Step 115: 30 games active. Step time: 2118.8ms. Total moves played: 4010
   [Vectorized MCTS] Step 120: 29 games active. Step time: 2108.5ms. Total moves played: 4158
   [Vectorized MCTS] Step 125: 29 games active. Step time: 2069.0ms. Total moves played: 4303
   [Vectorized MCTS] Step 130: 29 games active. Step time: 2077.4ms. Total moves played: 4448
   [Vectorized MCTS] Step 135: 27 games active. Step time: 1974.6ms. Total moves played: 4590
   [Vectorized MCTS] Step 140: 26 games active. Step time: 1901.1ms. Total moves played: 4721
   [Vectorized MCTS] Step 145: 24 games active. Step time: 1798.0ms. Total moves played: 4848
   [Vectorized MCTS] Step 150: 23 games active. Step time: 1807.1ms. Total moves played: 4968
   [Vectorized MCTS] Step 155: 21 games active. Step time: 1670.8ms. Total moves played: 5081
   [Vectorized MCTS] Step 160: 12 games active. Step time: 1383.8ms. Total moves played: 5170
   [Vectorized MCTS] Step 165: 03 games active. Step time: 580.2ms. Total moves played: 5205
   [Vectorized MCTS] Step 170: 02 games active. Step time: 970.2ms. Total moves played: 5216
   [Vectorized MCTS] Step 175: 02 games active. Step time: 555.5ms. Total moves played: 5226
   [Vectorized MCTS] Step 180: 02 games active. Step time: 971.7ms. Total moves played: 5236
   [Vectorized MCTS] Step 185: 02 games active. Step time: 593.1ms. Total moves played: 5246
   [Vectorized MCTS] Step 190: 02 games active. Step time: 1020.5ms. Total moves played: 5256
   [Vectorized MCTS] Step 195: 02 games active. Step time: 570.4ms. Total moves played: 5266
   [Vectorized MCTS] Step 200: 02 games active. Step time: 1014.9ms. Total moves played: 5276
   [Vectorized MCTS] Step 205: 02 games active. Step time: 579.4ms. Total moves played: 5286
   [Vectorized MCTS] Step 210: 02 games active. Step time: 1036.7ms. Total moves played: 5296
   [Vectorized MCTS] Step 215: 02 games active. Step time: 563.7ms. Total moves played: 5306
   [Vectorized MCTS] Step 220: 02 games active. Step time: 1012.9ms. Total moves played: 5316
   [Vectorized MCTS] Step 225: 01 games active. Step time: 581.1ms. Total moves played: 5326
   [Vectorized MCTS] Step 230: 01 games active. Step time: 501.7ms. Total moves played: 5331
   [Vectorized MCTS] Step 235: 01 games active. Step time: 505.0ms. Total moves played: 5336
   [Vectorized MCTS] Step 240: 01 games active. Step time: 498.3ms. Total moves played: 5341
   [Vectorized MCTS] Step 245: 01 games active. Step time: 513.0ms. Total moves played: 5346
   [Vectorized MCTS] Step 248: 00 games active. Step time: 496.5ms. Total moves played: 5349
[0512/1000] Vectorized selfplay games completed.
--> Starting batch of 64 vectorized games (games 512 to 575)...
   [Vectorized MCTS] Step 001: 64 games active. Step time: 4303.3ms. Total moves played: 64
   [Vectorized MCTS] Step 005: 64 games active. Step time: 4311.6ms. Total moves played: 320
   [Vectorized MCTS] Step 010: 49 games active. Step time: 4339.9ms. Total moves played: 640
   [Vectorized MCTS] Step 015: 25 games active. Step time: 2024.5ms. Total moves played: 793
   [Vectorized MCTS] Step 020: 25 games active. Step time: 2026.0ms. Total moves played: 918
   [Vectorized MCTS] Step 025: 25 games active. Step time: 2010.0ms. Total moves played: 1043
   [Vectorized MCTS] Step 030: 25 games active. Step time: 2004.4ms. Total moves played: 1168
   [Vectorized MCTS] Step 035: 24 games active. Step time: 1989.4ms. Total moves played: 1292
   [Vectorized MCTS] Step 040: 24 games active. Step time: 1944.3ms. Total moves played: 1412
   [Vectorized MCTS] Step 045: 24 games active. Step time: 1937.7ms. Total moves played: 1532
   [Vectorized MCTS] Step 050: 24 games active. Step time: 1957.1ms. Total moves played: 1652
   [Vectorized MCTS] Step 055: 24 games active. Step time: 1960.2ms. Total moves played: 1772
   [Vectorized MCTS] Step 060: 24 games active. Step time: 1978.2ms. Total moves played: 1892
   [Vectorized MCTS] Step 065: 24 games active. Step time: 1954.1ms. Total moves played: 2012
   [Vectorized MCTS] Step 070: 24 games active. Step time: 1938.2ms. Total moves played: 2132
   [Vectorized MCTS] Step 075: 24 games active. Step time: 1955.3ms. Total moves played: 2252
   [Vectorized MCTS] Step 080: 24 games active. Step time: 1946.7ms. Total moves played: 2372
   [Vectorized MCTS] Step 085: 24 games active. Step time: 1946.8ms. Total moves played: 2492
   [Vectorized MCTS] Step 090: 24 games active. Step time: 1929.5ms. Total moves played: 2612
   [Vectorized MCTS] Step 095: 24 games active. Step time: 1943.9ms. Total moves played: 2732
   [Vectorized MCTS] Step 100: 24 games active. Step time: 1971.6ms. Total moves played: 2852
   [Vectorized MCTS] Step 105: 24 games active. Step time: 1947.2ms. Total moves played: 2972
   [Vectorized MCTS] Step 110: 24 games active. Step time: 1946.0ms. Total moves played: 3092
   [Vectorized MCTS] Step 115: 23 games active. Step time: 1896.4ms. Total moves played: 3209
   [Vectorized MCTS] Step 120: 22 games active. Step time: 1746.4ms. Total moves played: 3321
   [Vectorized MCTS] Step 125: 22 games active. Step time: 1762.4ms. Total moves played: 3431
   [Vectorized MCTS] Step 130: 22 games active. Step time: 1791.9ms. Total moves played: 3541
   [Vectorized MCTS] Step 135: 20 games active. Step time: 1657.8ms. Total moves played: 3647
   [Vectorized MCTS] Step 140: 20 games active. Step time: 1716.9ms. Total moves played: 3747
   [Vectorized MCTS] Step 145: 20 games active. Step time: 1624.7ms. Total moves played: 3847
   [Vectorized MCTS] Step 150: 20 games active. Step time: 1645.1ms. Total moves played: 3947
   [Vectorized MCTS] Step 155: 18 games active. Step time: 1532.6ms. Total moves played: 4042
   [Vectorized MCTS] Step 160: 13 games active. Step time: 1508.7ms. Total moves played: 4122
   [Vectorized MCTS] Step 165: 02 games active. Step time: 593.9ms. Total moves played: 4165
   [Vectorized MCTS] Step 170: 02 games active. Step time: 565.2ms. Total moves played: 4175
   [Vectorized MCTS] Step 175: 02 games active. Step time: 554.3ms. Total moves played: 4185
   [Vectorized MCTS] Step 178: 00 games active. Step time: 497.1ms. Total moves played: 4189
[0576/1000] Vectorized selfplay games completed.
--> Starting batch of 64 vectorized games (games 576 to 639)...
   [Vectorized MCTS] Step 001: 64 games active. Step time: 4358.9ms. Total moves played: 64
   [Vectorized MCTS] Step 005: 64 games active. Step time: 4351.0ms. Total moves played: 320
   [Vectorized MCTS] Step 010: 59 games active. Step time: 4336.4ms. Total moves played: 640
   [Vectorized MCTS] Step 015: 34 games active. Step time: 2447.6ms. Total moves played: 842
   [Vectorized MCTS] Step 020: 34 games active. Step time: 2397.4ms. Total moves played: 1012
   [Vectorized MCTS] Step 025: 34 games active. Step time: 2436.1ms. Total moves played: 1182
   [Vectorized MCTS] Step 030: 34 games active. Step time: 2393.4ms. Total moves played: 1352
   [Vectorized MCTS] Step 035: 34 games active. Step time: 2412.2ms. Total moves played: 1522
   [Vectorized MCTS] Step 040: 34 games active. Step time: 2369.8ms. Total moves played: 1692
   [Vectorized MCTS] Step 045: 34 games active. Step time: 2446.0ms. Total moves played: 1862
   [Vectorized MCTS] Step 050: 34 games active. Step time: 2384.4ms. Total moves played: 2032
   [Vectorized MCTS] Step 055: 34 games active. Step time: 2449.6ms. Total moves played: 2202
   [Vectorized MCTS] Step 060: 34 games active. Step time: 2371.1ms. Total moves played: 2372
   [Vectorized MCTS] Step 065: 34 games active. Step time: 2476.5ms. Total moves played: 2542
   [Vectorized MCTS] Step 070: 34 games active. Step time: 2372.8ms. Total moves played: 2712
   [Vectorized MCTS] Step 075: 34 games active. Step time: 2464.6ms. Total moves played: 2882
   [Vectorized MCTS] Step 080: 34 games active. Step time: 2324.4ms. Total moves played: 3052
   [Vectorized MCTS] Step 085: 34 games active. Step time: 2433.7ms. Total moves played: 3222
   [Vectorized MCTS] Step 090: 34 games active. Step time: 2383.8ms. Total moves played: 3392
   [Vectorized MCTS] Step 095: 34 games active. Step time: 2465.8ms. Total moves played: 3562
   [Vectorized MCTS] Step 100: 34 games active. Step time: 2354.0ms. Total moves played: 3732
   [Vectorized MCTS] Step 105: 34 games active. Step time: 2456.9ms. Total moves played: 3902
   [Vectorized MCTS] Step 110: 33 games active. Step time: 2260.0ms. Total moves played: 4072
   [Vectorized MCTS] Step 115: 32 games active. Step time: 2179.0ms. Total moves played: 4236
   [Vectorized MCTS] Step 120: 31 games active. Step time: 2114.6ms. Total moves played: 4395
   [Vectorized MCTS] Step 125: 30 games active. Step time: 2112.0ms. Total moves played: 4546
   [Vectorized MCTS] Step 130: 30 games active. Step time: 2150.3ms. Total moves played: 4696
   [Vectorized MCTS] Step 135: 29 games active. Step time: 2055.5ms. Total moves played: 4844
   [Vectorized MCTS] Step 140: 27 games active. Step time: 2008.2ms. Total moves played: 4988
   [Vectorized MCTS] Step 145: 22 games active. Step time: 1764.9ms. Total moves played: 5109
   [Vectorized MCTS] Step 150: 21 games active. Step time: 1630.4ms. Total moves played: 5215
   [Vectorized MCTS] Step 155: 19 games active. Step time: 1553.6ms. Total moves played: 5315
   [Vectorized MCTS] Step 160: 13 games active. Step time: 1342.5ms. Total moves played: 5398
   [Vectorized MCTS] Step 165: 04 games active. Step time: 1077.3ms. Total moves played: 5442
   [Vectorized MCTS] Step 170: 02 games active. Step time: 525.0ms. Total moves played: 5458
   [Vectorized MCTS] Step 175: 01 games active. Step time: 477.9ms. Total moves played: 5467
   [Vectorized MCTS] Step 178: 00 games active. Step time: 480.2ms. Total moves played: 5470
[0640/1000] Vectorized selfplay games completed.
--> Starting batch of 64 vectorized games (games 640 to 703)...
   [Vectorized MCTS] Step 001: 64 games active. Step time: 4328.5ms. Total moves played: 64
   [Vectorized MCTS] Step 005: 64 games active. Step time: 4231.2ms. Total moves played: 320
   [Vectorized MCTS] Step 010: 46 games active. Step time: 4231.0ms. Total moves played: 640
   [Vectorized MCTS] Step 015: 29 games active. Step time: 2142.4ms. Total moves played: 803
   [Vectorized MCTS] Step 020: 28 games active. Step time: 2009.1ms. Total moves played: 946
   [Vectorized MCTS] Step 025: 27 games active. Step time: 2045.6ms. Total moves played: 1085
   [Vectorized MCTS] Step 030: 27 games active. Step time: 1993.9ms. Total moves played: 1220
   [Vectorized MCTS] Step 035: 27 games active. Step time: 2062.0ms. Total moves played: 1355
   [Vectorized MCTS] Step 040: 27 games active. Step time: 1998.0ms. Total moves played: 1490
   [Vectorized MCTS] Step 045: 27 games active. Step time: 2050.7ms. Total moves played: 1625
   [Vectorized MCTS] Step 050: 27 games active. Step time: 1981.4ms. Total moves played: 1760
   [Vectorized MCTS] Step 055: 27 games active. Step time: 2047.9ms. Total moves played: 1895
   [Vectorized MCTS] Step 060: 27 games active. Step time: 1962.1ms. Total moves played: 2030
   [Vectorized MCTS] Step 065: 27 games active. Step time: 2026.4ms. Total moves played: 2165
   [Vectorized MCTS] Step 070: 27 games active. Step time: 1981.6ms. Total moves played: 2300
   [Vectorized MCTS] Step 075: 27 games active. Step time: 2038.6ms. Total moves played: 2435
   [Vectorized MCTS] Step 080: 27 games active. Step time: 1999.8ms. Total moves played: 2570
   [Vectorized MCTS] Step 085: 27 games active. Step time: 2042.5ms. Total moves played: 2705
   [Vectorized MCTS] Step 090: 27 games active. Step time: 1960.7ms. Total moves played: 2840
   [Vectorized MCTS] Step 095: 27 games active. Step time: 2050.5ms. Total moves played: 2975
   [Vectorized MCTS] Step 100: 27 games active. Step time: 2109.9ms. Total moves played: 3110
   [Vectorized MCTS] Step 105: 27 games active. Step time: 2127.6ms. Total moves played: 3245
   [Vectorized MCTS] Step 110: 25 games active. Step time: 1976.2ms. Total moves played: 3373
   [Vectorized MCTS] Step 115: 25 games active. Step time: 2078.0ms. Total moves played: 3498
   [Vectorized MCTS] Step 120: 24 games active. Step time: 1859.9ms. Total moves played: 3621
   [Vectorized MCTS] Step 125: 23 games active. Step time: 1964.6ms. Total moves played: 3737
   [Vectorized MCTS] Step 130: 22 games active. Step time: 1757.1ms. Total moves played: 3851
   [Vectorized MCTS] Step 135: 21 games active. Step time: 1726.3ms. Total moves played: 3959
   [Vectorized MCTS] Step 140: 20 games active. Step time: 1702.4ms. Total moves played: 4060
   [Vectorized MCTS] Step 145: 18 games active. Step time: 1567.6ms. Total moves played: 4155
   [Vectorized MCTS] Step 150: 16 games active. Step time: 1547.8ms. Total moves played: 4243
   [Vectorized MCTS] Step 155: 15 games active. Step time: 1421.3ms. Total moves played: 4322
   [Vectorized MCTS] Step 160: 10 games active. Step time: 1381.9ms. Total moves played: 4381
   [Vectorized MCTS] Step 165: 03 games active. Step time: 610.7ms. Total moves played: 4411
   [Vectorized MCTS] Step 170: 01 games active. Step time: 508.9ms. Total moves played: 4418
   [Vectorized MCTS] Step 172: 00 games active. Step time: 500.8ms. Total moves played: 4420
[0704/1000] Vectorized selfplay games completed.
--> Starting batch of 64 vectorized games (games 704 to 767)...
   [Vectorized MCTS] Step 001: 64 games active. Step time: 4351.8ms. Total moves played: 64
   [Vectorized MCTS] Step 005: 64 games active. Step time: 4341.5ms. Total moves played: 320
   [Vectorized MCTS] Step 010: 47 games active. Step time: 4335.4ms. Total moves played: 640
   [Vectorized MCTS] Step 015: 28 games active. Step time: 2131.0ms. Total moves played: 801
   [Vectorized MCTS] Step 020: 28 games active. Step time: 2121.7ms. Total moves played: 941
   [Vectorized MCTS] Step 025: 28 games active. Step time: 2145.4ms. Total moves played: 1081
   [Vectorized MCTS] Step 030: 28 games active. Step time: 2134.9ms. Total moves played: 1221
   [Vectorized MCTS] Step 035: 28 games active. Step time: 2115.7ms. Total moves played: 1361
   [Vectorized MCTS] Step 040: 28 games active. Step time: 2143.7ms. Total moves played: 1501
   [Vectorized MCTS] Step 045: 28 games active. Step time: 2119.8ms. Total moves played: 1641
   [Vectorized MCTS] Step 050: 28 games active. Step time: 2128.3ms. Total moves played: 1781
   [Vectorized MCTS] Step 055: 28 games active. Step time: 2147.9ms. Total moves played: 1921
   [Vectorized MCTS] Step 060: 28 games active. Step time: 2125.7ms. Total moves played: 2061
   [Vectorized MCTS] Step 065: 28 games active. Step time: 2145.6ms. Total moves played: 2201
   [Vectorized MCTS] Step 070: 28 games active. Step time: 2100.2ms. Total moves played: 2341
   [Vectorized MCTS] Step 075: 28 games active. Step time: 2114.1ms. Total moves played: 2481
   [Vectorized MCTS] Step 080: 28 games active. Step time: 2091.2ms. Total moves played: 2621
   [Vectorized MCTS] Step 085: 28 games active. Step time: 2113.0ms. Total moves played: 2761
   [Vectorized MCTS] Step 090: 28 games active. Step time: 2149.6ms. Total moves played: 2901
   [Vectorized MCTS] Step 095: 28 games active. Step time: 2092.4ms. Total moves played: 3041
   [Vectorized MCTS] Step 100: 28 games active. Step time: 2114.3ms. Total moves played: 3181
   [Vectorized MCTS] Step 105: 28 games active. Step time: 2116.3ms. Total moves played: 3321
   [Vectorized MCTS] Step 110: 27 games active. Step time: 2110.7ms. Total moves played: 3460
   [Vectorized MCTS] Step 115: 27 games active. Step time: 2108.5ms. Total moves played: 3595
   [Vectorized MCTS] Step 120: 27 games active. Step time: 2092.0ms. Total moves played: 3730
   [Vectorized MCTS] Step 125: 26 games active. Step time: 2048.7ms. Total moves played: 3863
   [Vectorized MCTS] Step 130: 24 games active. Step time: 1994.4ms. Total moves played: 3989
   [Vectorized MCTS] Step 135: 24 games active. Step time: 1938.8ms. Total moves played: 4109
   [Vectorized MCTS] Step 140: 22 games active. Step time: 1748.8ms. Total moves played: 4224
   [Vectorized MCTS] Step 145: 21 games active. Step time: 1711.0ms. Total moves played: 4330
   [Vectorized MCTS] Step 150: 17 games active. Step time: 1508.6ms. Total moves played: 4424
   [Vectorized MCTS] Step 155: 16 games active. Step time: 1521.3ms. Total moves played: 4509
   [Vectorized MCTS] Step 160: 09 games active. Step time: 1332.2ms. Total moves played: 4575
   [Vectorized MCTS] Step 165: 02 games active. Step time: 585.6ms. Total moves played: 4602
   [Vectorized MCTS] Step 166: 00 games active. Step time: 554.5ms. Total moves played: 4604
[0768/1000] Vectorized selfplay games completed.
--> Starting batch of 64 vectorized games (games 768 to 831)...
   [Vectorized MCTS] Step 001: 64 games active. Step time: 4310.9ms. Total moves played: 64
   [Vectorized MCTS] Step 005: 64 games active. Step time: 4302.6ms. Total moves played: 320
   [Vectorized MCTS] Step 010: 46 games active. Step time: 4249.6ms. Total moves played: 639
   [Vectorized MCTS] Step 015: 28 games active. Step time: 2141.2ms. Total moves played: 799
   [Vectorized MCTS] Step 020: 28 games active. Step time: 2112.5ms. Total moves played: 939
   [Vectorized MCTS] Step 025: 28 games active. Step time: 2159.6ms. Total moves played: 1079
   [Vectorized MCTS] Step 030: 27 games active. Step time: 2075.3ms. Total moves played: 1217
   [Vectorized MCTS] Step 035: 27 games active. Step time: 2067.0ms. Total moves played: 1352
   [Vectorized MCTS] Step 040: 27 games active. Step time: 2063.1ms. Total moves played: 1487
   [Vectorized MCTS] Step 045: 27 games active. Step time: 2073.4ms. Total moves played: 1622
   [Vectorized MCTS] Step 050: 27 games active. Step time: 2065.3ms. Total moves played: 1757
   [Vectorized MCTS] Step 055: 27 games active. Step time: 2081.2ms. Total moves played: 1892
   [Vectorized MCTS] Step 060: 27 games active. Step time: 2068.9ms. Total moves played: 2027
   [Vectorized MCTS] Step 065: 27 games active. Step time: 2098.7ms. Total moves played: 2162
   [Vectorized MCTS] Step 070: 27 games active. Step time: 2045.1ms. Total moves played: 2297
   [Vectorized MCTS] Step 075: 27 games active. Step time: 2051.4ms. Total moves played: 2432
   [Vectorized MCTS] Step 080: 27 games active. Step time: 2098.2ms. Total moves played: 2567
   [Vectorized MCTS] Step 085: 27 games active. Step time: 2041.9ms. Total moves played: 2702
   [Vectorized MCTS] Step 090: 27 games active. Step time: 2097.4ms. Total moves played: 2837
   [Vectorized MCTS] Step 095: 27 games active. Step time: 2060.0ms. Total moves played: 2972
   [Vectorized MCTS] Step 100: 27 games active. Step time: 2083.1ms. Total moves played: 3107
   [Vectorized MCTS] Step 105: 26 games active. Step time: 2026.7ms. Total moves played: 3241
   [Vectorized MCTS] Step 110: 25 games active. Step time: 1993.0ms. Total moves played: 3370
   [Vectorized MCTS] Step 115: 23 games active. Step time: 1904.8ms. Total moves played: 3492
   [Vectorized MCTS] Step 120: 21 games active. Step time: 1805.6ms. Total moves played: 3606
   [Vectorized MCTS] Step 125: 21 games active. Step time: 1812.0ms. Total moves played: 3711
   [Vectorized MCTS] Step 130: 21 games active. Step time: 1725.0ms. Total moves played: 3816
   [Vectorized MCTS] Step 135: 21 games active. Step time: 1791.9ms. Total moves played: 3921
   [Vectorized MCTS] Step 140: 20 games active. Step time: 1741.7ms. Total moves played: 4025
   [Vectorized MCTS] Step 145: 20 games active. Step time: 1666.3ms. Total moves played: 4125
   [Vectorized MCTS] Step 150: 20 games active. Step time: 1680.6ms. Total moves played: 4225
   [Vectorized MCTS] Step 155: 20 games active. Step time: 1655.9ms. Total moves played: 4325
   [Vectorized MCTS] Step 160: 16 games active. Step time: 1529.3ms. Total moves played: 4419
   [Vectorized MCTS] Step 165: 02 games active. Step time: 580.6ms. Total moves played: 4470
   [Vectorized MCTS] Step 168: 00 games active. Step time: 552.3ms. Total moves played: 4476
[0832/1000] Vectorized selfplay games completed.
--> Starting batch of 64 vectorized games (games 832 to 895)...
   [Vectorized MCTS] Step 001: 64 games active. Step time: 4433.7ms. Total moves played: 64
   [Vectorized MCTS] Step 005: 64 games active. Step time: 4366.6ms. Total moves played: 320
   [Vectorized MCTS] Step 010: 46 games active. Step time: 4338.7ms. Total moves played: 640
   [Vectorized MCTS] Step 015: 23 games active. Step time: 1878.8ms. Total moves played: 781
   [Vectorized MCTS] Step 020: 23 games active. Step time: 1904.5ms. Total moves played: 896
   [Vectorized MCTS] Step 025: 23 games active. Step time: 1860.9ms. Total moves played: 1011
   [Vectorized MCTS] Step 030: 23 games active. Step time: 1908.3ms. Total moves played: 1126
   [Vectorized MCTS] Step 035: 23 games active. Step time: 1869.3ms. Total moves played: 1241
   [Vectorized MCTS] Step 040: 23 games active. Step time: 1885.1ms. Total moves played: 1356
   [Vectorized MCTS] Step 045: 23 games active. Step time: 1874.1ms. Total moves played: 1471
   [Vectorized MCTS] Step 050: 23 games active. Step time: 1888.4ms. Total moves played: 1586
   [Vectorized MCTS] Step 055: 23 games active. Step time: 1857.4ms. Total moves played: 1701
   [Vectorized MCTS] Step 060: 23 games active. Step time: 1884.3ms. Total moves played: 1816
   [Vectorized MCTS] Step 065: 23 games active. Step time: 1860.7ms. Total moves played: 1931
   [Vectorized MCTS] Step 070: 23 games active. Step time: 1881.3ms. Total moves played: 2046
   [Vectorized MCTS] Step 075: 23 games active. Step time: 1865.1ms. Total moves played: 2161
   [Vectorized MCTS] Step 080: 23 games active. Step time: 1879.7ms. Total moves played: 2276
   [Vectorized MCTS] Step 085: 23 games active. Step time: 1882.8ms. Total moves played: 2391
   [Vectorized MCTS] Step 090: 23 games active. Step time: 1865.4ms. Total moves played: 2506
   [Vectorized MCTS] Step 095: 23 games active. Step time: 1874.1ms. Total moves played: 2621
   [Vectorized MCTS] Step 100: 23 games active. Step time: 1866.1ms. Total moves played: 2736
   [Vectorized MCTS] Step 105: 23 games active. Step time: 1890.7ms. Total moves played: 2851
   [Vectorized MCTS] Step 110: 23 games active. Step time: 1931.1ms. Total moves played: 2966
   [Vectorized MCTS] Step 115: 21 games active. Step time: 1752.5ms. Total moves played: 3075
   [Vectorized MCTS] Step 120: 19 games active. Step time: 1659.4ms. Total moves played: 3175
   [Vectorized MCTS] Step 125: 18 games active. Step time: 1597.4ms. Total moves played: 3267
   [Vectorized MCTS] Step 130: 17 games active. Step time: 1673.1ms. Total moves played: 3357
   [Vectorized MCTS] Step 135: 15 games active. Step time: 1498.7ms. Total moves played: 3436
   [Vectorized MCTS] Step 140: 15 games active. Step time: 1497.3ms. Total moves played: 3511
   [Vectorized MCTS] Step 145: 15 games active. Step time: 1500.1ms. Total moves played: 3586
   [Vectorized MCTS] Step 150: 14 games active. Step time: 1425.6ms. Total moves played: 3661
   [Vectorized MCTS] Step 155: 13 games active. Step time: 1494.0ms. Total moves played: 3730
   [Vectorized MCTS] Step 160: 08 games active. Step time: 1289.6ms. Total moves played: 3781
   [Vectorized MCTS] Step 165: 03 games active. Step time: 600.7ms. Total moves played: 3812
   [Vectorized MCTS] Step 167: 00 games active. Step time: 504.6ms. Total moves played: 3816
[0896/1000] Vectorized selfplay games completed.
--> Starting batch of 64 vectorized games (games 896 to 959)...
   [Vectorized MCTS] Step 001: 64 games active. Step time: 4424.4ms. Total moves played: 64
   [Vectorized MCTS] Step 005: 64 games active. Step time: 4343.3ms. Total moves played: 320
   [Vectorized MCTS] Step 010: 50 games active. Step time: 4340.0ms. Total moves played: 640
   [Vectorized MCTS] Step 015: 25 games active. Step time: 1998.2ms. Total moves played: 794
   [Vectorized MCTS] Step 020: 25 games active. Step time: 2034.0ms. Total moves played: 919
   [Vectorized MCTS] Step 025: 25 games active. Step time: 1998.8ms. Total moves played: 1044
   [Vectorized MCTS] Step 030: 25 games active. Step time: 1999.4ms. Total moves played: 1169
   [Vectorized MCTS] Step 035: 25 games active. Step time: 2002.4ms. Total moves played: 1294
   [Vectorized MCTS] Step 040: 25 games active. Step time: 1993.1ms. Total moves played: 1419
   [Vectorized MCTS] Step 045: 25 games active. Step time: 1965.3ms. Total moves played: 1544
   [Vectorized MCTS] Step 050: 25 games active. Step time: 1988.4ms. Total moves played: 1669
   [Vectorized MCTS] Step 055: 25 games active. Step time: 1975.4ms. Total moves played: 1794
   [Vectorized MCTS] Step 060: 25 games active. Step time: 1977.4ms. Total moves played: 1919
   [Vectorized MCTS] Step 065: 25 games active. Step time: 1976.9ms. Total moves played: 2044
   [Vectorized MCTS] Step 070: 25 games active. Step time: 2021.4ms. Total moves played: 2169
   [Vectorized MCTS] Step 075: 25 games active. Step time: 1965.2ms. Total moves played: 2294
   [Vectorized MCTS] Step 080: 25 games active. Step time: 1981.4ms. Total moves played: 2419
   [Vectorized MCTS] Step 085: 25 games active. Step time: 1962.9ms. Total moves played: 2544
   [Vectorized MCTS] Step 090: 25 games active. Step time: 1994.1ms. Total moves played: 2669
   [Vectorized MCTS] Step 095: 25 games active. Step time: 2019.0ms. Total moves played: 2794
   [Vectorized MCTS] Step 100: 24 games active. Step time: 1934.4ms. Total moves played: 2918
   [Vectorized MCTS] Step 105: 22 games active. Step time: 1946.6ms. Total moves played: 3038
   [Vectorized MCTS] Step 110: 21 games active. Step time: 1722.2ms. Total moves played: 3146
   [Vectorized MCTS] Step 115: 20 games active. Step time: 1738.1ms. Total moves played: 3250
   [Vectorized MCTS] Step 120: 19 games active. Step time: 1667.1ms. Total moves played: 3347
   [Vectorized MCTS] Step 125: 19 games active. Step time: 1730.6ms. Total moves played: 3442
   [Vectorized MCTS] Step 130: 18 games active. Step time: 1656.0ms. Total moves played: 3537
   [Vectorized MCTS] Step 135: 15 games active. Step time: 1612.7ms. Total moves played: 3627
   [Vectorized MCTS] Step 140: 14 games active. Step time: 1441.6ms. Total moves played: 3702
   [Vectorized MCTS] Step 145: 12 games active. Step time: 1492.0ms. Total moves played: 3769
   [Vectorized MCTS] Step 150: 10 games active. Step time: 884.3ms. Total moves played: 3825
   [Vectorized MCTS] Step 155: 09 games active. Step time: 1346.1ms. Total moves played: 3872
   [Vectorized MCTS] Step 160: 08 games active. Step time: 802.0ms. Total moves played: 3917
   [Vectorized MCTS] Step 165: 01 games active. Step time: 500.5ms. Total moves played: 3939
   [Vectorized MCTS] Step 168: 00 games active. Step time: 494.0ms. Total moves played: 3942
[0960/1000] Vectorized selfplay games completed.
--> Starting batch of 40 vectorized games (games 960 to 999)...
   [Vectorized MCTS] Step 001: 40 games active. Step time: 2608.9ms. Total moves played: 40
   [Vectorized MCTS] Step 005: 40 games active. Step time: 2635.9ms. Total moves played: 200
   [Vectorized MCTS] Step 010: 30 games active. Step time: 2648.8ms. Total moves played: 400
   [Vectorized MCTS] Step 015: 18 games active. Step time: 1599.3ms. Total moves played: 505
   [Vectorized MCTS] Step 020: 18 games active. Step time: 1635.2ms. Total moves played: 595
   [Vectorized MCTS] Step 025: 18 games active. Step time: 1683.0ms. Total moves played: 685
   [Vectorized MCTS] Step 030: 18 games active. Step time: 1643.3ms. Total moves played: 775
   [Vectorized MCTS] Step 035: 18 games active. Step time: 1637.9ms. Total moves played: 865
   [Vectorized MCTS] Step 040: 18 games active. Step time: 1694.8ms. Total moves played: 955
   [Vectorized MCTS] Step 045: 18 games active. Step time: 1626.3ms. Total moves played: 1045
   [Vectorized MCTS] Step 050: 18 games active. Step time: 1648.0ms. Total moves played: 1135
   [Vectorized MCTS] Step 055: 18 games active. Step time: 1655.3ms. Total moves played: 1225
   [Vectorized MCTS] Step 060: 18 games active. Step time: 1618.2ms. Total moves played: 1315
   [Vectorized MCTS] Step 065: 18 games active. Step time: 1661.4ms. Total moves played: 1405
   [Vectorized MCTS] Step 070: 18 games active. Step time: 1672.3ms. Total moves played: 1495
   [Vectorized MCTS] Step 075: 18 games active. Step time: 1670.1ms. Total moves played: 1585
   [Vectorized MCTS] Step 080: 18 games active. Step time: 1607.9ms. Total moves played: 1675
   [Vectorized MCTS] Step 085: 18 games active. Step time: 1591.0ms. Total moves played: 1765
   [Vectorized MCTS] Step 090: 18 games active. Step time: 1638.7ms. Total moves played: 1855
   [Vectorized MCTS] Step 095: 18 games active. Step time: 1653.3ms. Total moves played: 1945
   [Vectorized MCTS] Step 100: 18 games active. Step time: 1620.5ms. Total moves played: 2035
   [Vectorized MCTS] Step 105: 18 games active. Step time: 1655.3ms. Total moves played: 2125
   [Vectorized MCTS] Step 110: 18 games active. Step time: 1657.1ms. Total moves played: 2215
   [Vectorized MCTS] Step 115: 18 games active. Step time: 1685.9ms. Total moves played: 2305
   [Vectorized MCTS] Step 120: 17 games active. Step time: 1574.2ms. Total moves played: 2394
   [Vectorized MCTS] Step 125: 16 games active. Step time: 1620.3ms. Total moves played: 2479
   [Vectorized MCTS] Step 130: 14 games active. Step time: 1423.3ms. Total moves played: 2555
   [Vectorized MCTS] Step 135: 13 games active. Step time: 1510.5ms. Total moves played: 2625
   [Vectorized MCTS] Step 140: 11 games active. Step time: 915.9ms. Total moves played: 2688
   [Vectorized MCTS] Step 145: 10 games active. Step time: 1439.6ms. Total moves played: 2740
   [Vectorized MCTS] Step 150: 09 games active. Step time: 836.2ms. Total moves played: 2786
   [Vectorized MCTS] Step 155: 09 games active. Step time: 1293.7ms. Total moves played: 2831
   [Vectorized MCTS] Step 160: 06 games active. Step time: 767.4ms. Total moves played: 2868
   [Vectorized MCTS] Step 165: 04 games active. Step time: 661.3ms. Total moves played: 2894
   [Vectorized MCTS] Step 170: 01 games active. Step time: 575.2ms. Total moves played: 2908
   [Vectorized MCTS] Step 174: 00 games active. Step time: 497.5ms. Total moves played: 2912
[1000/1000] Vectorized selfplay games completed.

Collection completed in 5518.1 seconds (5.518s/game average).
