Starting self-play collection using /Users/nilbot/playground/autogo-mlx/experiments/001_train_from_scratch/checkpoints/iter16.safetensors
--> Progressive sims enabled. Iteration 16 -> 64 simulations.
--> League play enabled: Selected historical opponent iter6.safetensors (3-channel model)
Config: num-games=1000, simulations=64, workers=8
--> Starting batch of 64 vectorized games (games 0 to 63)...
   [Vectorized MCTS] Step 001: 64 games active. Step time: 4234.6ms. Total moves played: 64
   [Vectorized MCTS] Step 005: 64 games active. Step time: 4289.7ms. Total moves played: 320
   [Vectorized MCTS] Step 010: 64 games active. Step time: 4336.0ms. Total moves played: 640
   [Vectorized MCTS] Step 015: 62 games active. Step time: 4183.5ms. Total moves played: 955
   [Vectorized MCTS] Step 020: 62 games active. Step time: 4180.4ms. Total moves played: 1265
   [Vectorized MCTS] Step 025: 62 games active. Step time: 4153.0ms. Total moves played: 1575
   [Vectorized MCTS] Step 030: 62 games active. Step time: 4187.0ms. Total moves played: 1885
   [Vectorized MCTS] Step 035: 62 games active. Step time: 4165.8ms. Total moves played: 2195
   [Vectorized MCTS] Step 040: 62 games active. Step time: 4232.9ms. Total moves played: 2505
   [Vectorized MCTS] Step 045: 62 games active. Step time: 4215.7ms. Total moves played: 2815
   [Vectorized MCTS] Step 050: 62 games active. Step time: 4232.5ms. Total moves played: 3125
   [Vectorized MCTS] Step 055: 62 games active. Step time: 4175.3ms. Total moves played: 3435
   [Vectorized MCTS] Step 060: 62 games active. Step time: 4220.1ms. Total moves played: 3745
   [Vectorized MCTS] Step 065: 62 games active. Step time: 4191.0ms. Total moves played: 4055
   [Vectorized MCTS] Step 070: 62 games active. Step time: 4217.6ms. Total moves played: 4365
   [Vectorized MCTS] Step 075: 62 games active. Step time: 4189.5ms. Total moves played: 4675
   [Vectorized MCTS] Step 080: 62 games active. Step time: 4197.0ms. Total moves played: 4985
   [Vectorized MCTS] Step 085: 62 games active. Step time: 4168.6ms. Total moves played: 5295
   [Vectorized MCTS] Step 090: 62 games active. Step time: 4212.4ms. Total moves played: 5605
   [Vectorized MCTS] Step 095: 62 games active. Step time: 4177.1ms. Total moves played: 5915
   [Vectorized MCTS] Step 100: 62 games active. Step time: 4225.1ms. Total moves played: 6225
   [Vectorized MCTS] Step 105: 62 games active. Step time: 4174.0ms. Total moves played: 6535
   [Vectorized MCTS] Step 110: 62 games active. Step time: 4224.0ms. Total moves played: 6845
   [Vectorized MCTS] Step 115: 62 games active. Step time: 4229.0ms. Total moves played: 7155
   [Vectorized MCTS] Step 120: 62 games active. Step time: 4240.8ms. Total moves played: 7465
   [Vectorized MCTS] Step 125: 62 games active. Step time: 4181.9ms. Total moves played: 7775
   [Vectorized MCTS] Step 130: 62 games active. Step time: 4209.7ms. Total moves played: 8085
   [Vectorized MCTS] Step 135: 62 games active. Step time: 4153.7ms. Total moves played: 8395
   [Vectorized MCTS] Step 140: 62 games active. Step time: 4189.0ms. Total moves played: 8705
   [Vectorized MCTS] Step 145: 62 games active. Step time: 4138.7ms. Total moves played: 9015
   [Vectorized MCTS] Step 150: 61 games active. Step time: 4052.2ms. Total moves played: 9324
   [Vectorized MCTS] Step 155: 59 games active. Step time: 4046.9ms. Total moves played: 9628
   [Vectorized MCTS] Step 160: 29 games active. Step time: 2891.1ms. Total moves played: 9905
   [Vectorized MCTS] Step 162: 00 games active. Step time: 1538.8ms. Total moves played: 9962
[0064/1000] Vectorized selfplay games completed.
--> Starting batch of 64 vectorized games (games 64 to 127)...
   [Vectorized MCTS] Step 001: 64 games active. Step time: 4336.5ms. Total moves played: 64
   [Vectorized MCTS] Step 005: 64 games active. Step time: 4427.9ms. Total moves played: 320
   [Vectorized MCTS] Step 010: 64 games active. Step time: 4346.0ms. Total moves played: 640
   [Vectorized MCTS] Step 015: 64 games active. Step time: 4402.0ms. Total moves played: 960
   [Vectorized MCTS] Step 020: 64 games active. Step time: 4394.9ms. Total moves played: 1280
   [Vectorized MCTS] Step 025: 64 games active. Step time: 4368.2ms. Total moves played: 1600
   [Vectorized MCTS] Step 030: 63 games active. Step time: 4290.5ms. Total moves played: 1916
   [Vectorized MCTS] Step 035: 63 games active. Step time: 4279.2ms. Total moves played: 2231
   [Vectorized MCTS] Step 040: 63 games active. Step time: 4296.0ms. Total moves played: 2546
   [Vectorized MCTS] Step 045: 63 games active. Step time: 4311.2ms. Total moves played: 2861
   [Vectorized MCTS] Step 050: 63 games active. Step time: 4287.3ms. Total moves played: 3176
   [Vectorized MCTS] Step 055: 63 games active. Step time: 4295.0ms. Total moves played: 3491
   [Vectorized MCTS] Step 060: 63 games active. Step time: 4286.7ms. Total moves played: 3806
   [Vectorized MCTS] Step 065: 63 games active. Step time: 4291.9ms. Total moves played: 4121
   [Vectorized MCTS] Step 070: 63 games active. Step time: 4259.0ms. Total moves played: 4436
   [Vectorized MCTS] Step 075: 63 games active. Step time: 4360.3ms. Total moves played: 4751
   [Vectorized MCTS] Step 080: 63 games active. Step time: 4295.0ms. Total moves played: 5066
   [Vectorized MCTS] Step 085: 63 games active. Step time: 4306.4ms. Total moves played: 5381
   [Vectorized MCTS] Step 090: 63 games active. Step time: 4276.2ms. Total moves played: 5696
   [Vectorized MCTS] Step 095: 63 games active. Step time: 4290.9ms. Total moves played: 6011
   [Vectorized MCTS] Step 100: 63 games active. Step time: 4280.9ms. Total moves played: 6326
   [Vectorized MCTS] Step 105: 63 games active. Step time: 4299.3ms. Total moves played: 6641
   [Vectorized MCTS] Step 110: 63 games active. Step time: 4287.2ms. Total moves played: 6956
   [Vectorized MCTS] Step 115: 63 games active. Step time: 4297.1ms. Total moves played: 7271
   [Vectorized MCTS] Step 120: 63 games active. Step time: 4310.6ms. Total moves played: 7586
   [Vectorized MCTS] Step 125: 62 games active. Step time: 4158.5ms. Total moves played: 7900
   [Vectorized MCTS] Step 130: 62 games active. Step time: 4205.4ms. Total moves played: 8210
   [Vectorized MCTS] Step 135: 62 games active. Step time: 4152.9ms. Total moves played: 8520
   [Vectorized MCTS] Step 140: 62 games active. Step time: 4175.4ms. Total moves played: 8830
   [Vectorized MCTS] Step 145: 62 games active. Step time: 4164.8ms. Total moves played: 9140
   [Vectorized MCTS] Step 150: 62 games active. Step time: 4095.9ms. Total moves played: 9450
   [Vectorized MCTS] Step 155: 59 games active. Step time: 3879.3ms. Total moves played: 9755
   [Vectorized MCTS] Step 160: 26 games active. Step time: 2889.7ms. Total moves played: 10027
   [Vectorized MCTS] Step 165: 01 games active. Step time: 506.1ms. Total moves played: 10079
   [Vectorized MCTS] Step 166: 00 games active. Step time: 502.0ms. Total moves played: 10080
[0128/1000] Vectorized selfplay games completed.
--> Starting batch of 64 vectorized games (games 128 to 191)...
   [Vectorized MCTS] Step 001: 64 games active. Step time: 4150.4ms. Total moves played: 64
   [Vectorized MCTS] Step 005: 64 games active. Step time: 4306.5ms. Total moves played: 320
   [Vectorized MCTS] Step 010: 64 games active. Step time: 4267.3ms. Total moves played: 640
   [Vectorized MCTS] Step 015: 64 games active. Step time: 4349.1ms. Total moves played: 960
   [Vectorized MCTS] Step 020: 64 games active. Step time: 4292.9ms. Total moves played: 1280
   [Vectorized MCTS] Step 025: 64 games active. Step time: 4308.5ms. Total moves played: 1600
   [Vectorized MCTS] Step 030: 64 games active. Step time: 4297.1ms. Total moves played: 1920
   [Vectorized MCTS] Step 035: 64 games active. Step time: 4325.3ms. Total moves played: 2240
   [Vectorized MCTS] Step 040: 64 games active. Step time: 4301.3ms. Total moves played: 2560
   [Vectorized MCTS] Step 045: 64 games active. Step time: 4346.1ms. Total moves played: 2880
   [Vectorized MCTS] Step 050: 64 games active. Step time: 4314.9ms. Total moves played: 3200
   [Vectorized MCTS] Step 055: 64 games active. Step time: 4309.6ms. Total moves played: 3520
   [Vectorized MCTS] Step 060: 64 games active. Step time: 4305.2ms. Total moves played: 3840
   [Vectorized MCTS] Step 065: 64 games active. Step time: 4316.8ms. Total moves played: 4160
   [Vectorized MCTS] Step 070: 64 games active. Step time: 4355.9ms. Total moves played: 4480
   [Vectorized MCTS] Step 075: 64 games active. Step time: 4344.2ms. Total moves played: 4800
   [Vectorized MCTS] Step 080: 64 games active. Step time: 4286.7ms. Total moves played: 5120
   [Vectorized MCTS] Step 085: 64 games active. Step time: 4352.3ms. Total moves played: 5440
   [Vectorized MCTS] Step 090: 64 games active. Step time: 4296.8ms. Total moves played: 5760
   [Vectorized MCTS] Step 095: 64 games active. Step time: 4300.7ms. Total moves played: 6080
   [Vectorized MCTS] Step 100: 64 games active. Step time: 4278.2ms. Total moves played: 6400
   [Vectorized MCTS] Step 105: 64 games active. Step time: 4289.4ms. Total moves played: 6720
   [Vectorized MCTS] Step 110: 64 games active. Step time: 4336.9ms. Total moves played: 7040
   [Vectorized MCTS] Step 115: 64 games active. Step time: 4320.1ms. Total moves played: 7360
   [Vectorized MCTS] Step 120: 64 games active. Step time: 4306.4ms. Total moves played: 7680
   [Vectorized MCTS] Step 125: 64 games active. Step time: 4310.6ms. Total moves played: 8000
   [Vectorized MCTS] Step 130: 64 games active. Step time: 4297.9ms. Total moves played: 8320
   [Vectorized MCTS] Step 135: 64 games active. Step time: 4233.7ms. Total moves played: 8640
   [Vectorized MCTS] Step 140: 64 games active. Step time: 4261.0ms. Total moves played: 8960
   [Vectorized MCTS] Step 145: 64 games active. Step time: 4228.9ms. Total moves played: 9280
   [Vectorized MCTS] Step 150: 64 games active. Step time: 4211.2ms. Total moves played: 9600
   [Vectorized MCTS] Step 155: 63 games active. Step time: 4123.2ms. Total moves played: 9920
   [Vectorized MCTS] Step 160: 22 games active. Step time: 2876.3ms. Total moves played: 10208
   [Vectorized MCTS] Step 162: 00 games active. Step time: 1245.1ms. Total moves played: 10251
[0192/1000] Vectorized selfplay games completed.
--> Starting batch of 64 vectorized games (games 192 to 255)...
   [Vectorized MCTS] Step 001: 64 games active. Step time: 4192.4ms. Total moves played: 64
   [Vectorized MCTS] Step 005: 64 games active. Step time: 4261.8ms. Total moves played: 320
   [Vectorized MCTS] Step 010: 63 games active. Step time: 4218.2ms. Total moves played: 636
   [Vectorized MCTS] Step 015: 63 games active. Step time: 4291.0ms. Total moves played: 951
   [Vectorized MCTS] Step 020: 63 games active. Step time: 4212.0ms. Total moves played: 1266
   [Vectorized MCTS] Step 025: 62 games active. Step time: 4196.0ms. Total moves played: 1580
   [Vectorized MCTS] Step 030: 61 games active. Step time: 4188.2ms. Total moves played: 1889
   [Vectorized MCTS] Step 035: 61 games active. Step time: 4184.7ms. Total moves played: 2194
   [Vectorized MCTS] Step 040: 61 games active. Step time: 4171.5ms. Total moves played: 2499
   [Vectorized MCTS] Step 045: 61 games active. Step time: 4169.3ms. Total moves played: 2804
   [Vectorized MCTS] Step 050: 61 games active. Step time: 4218.2ms. Total moves played: 3109
   [Vectorized MCTS] Step 055: 61 games active. Step time: 4142.6ms. Total moves played: 3414
   [Vectorized MCTS] Step 060: 61 games active. Step time: 4182.7ms. Total moves played: 3719
   [Vectorized MCTS] Step 065: 61 games active. Step time: 4164.1ms. Total moves played: 4024
   [Vectorized MCTS] Step 070: 61 games active. Step time: 4210.8ms. Total moves played: 4329
   [Vectorized MCTS] Step 075: 61 games active. Step time: 4130.3ms. Total moves played: 4634
   [Vectorized MCTS] Step 080: 61 games active. Step time: 4188.4ms. Total moves played: 4939
   [Vectorized MCTS] Step 085: 61 games active. Step time: 4147.7ms. Total moves played: 5244
   [Vectorized MCTS] Step 090: 61 games active. Step time: 4189.3ms. Total moves played: 5549
   [Vectorized MCTS] Step 095: 61 games active. Step time: 4151.4ms. Total moves played: 5854
   [Vectorized MCTS] Step 100: 61 games active. Step time: 4185.7ms. Total moves played: 6159
   [Vectorized MCTS] Step 105: 61 games active. Step time: 4112.5ms. Total moves played: 6464
   [Vectorized MCTS] Step 110: 61 games active. Step time: 4188.9ms. Total moves played: 6769
   [Vectorized MCTS] Step 115: 61 games active. Step time: 4189.2ms. Total moves played: 7074
   [Vectorized MCTS] Step 120: 61 games active. Step time: 4219.3ms. Total moves played: 7379
   [Vectorized MCTS] Step 125: 61 games active. Step time: 4124.4ms. Total moves played: 7684
   [Vectorized MCTS] Step 130: 61 games active. Step time: 4180.0ms. Total moves played: 7989
   [Vectorized MCTS] Step 135: 61 games active. Step time: 4118.8ms. Total moves played: 8294
   [Vectorized MCTS] Step 140: 61 games active. Step time: 4151.9ms. Total moves played: 8599
   [Vectorized MCTS] Step 145: 61 games active. Step time: 4081.3ms. Total moves played: 8904
   [Vectorized MCTS] Step 150: 61 games active. Step time: 4058.0ms. Total moves played: 9209
   [Vectorized MCTS] Step 155: 59 games active. Step time: 3853.9ms. Total moves played: 9508
   [Vectorized MCTS] Step 160: 25 games active. Step time: 2889.1ms. Total moves played: 9785
   [Vectorized MCTS] Step 162: 00 games active. Step time: 1851.5ms. Total moves played: 9835
[0256/1000] Vectorized selfplay games completed.
--> Starting batch of 64 vectorized games (games 256 to 319)...
   [Vectorized MCTS] Step 001: 64 games active. Step time: 4168.4ms. Total moves played: 64
   [Vectorized MCTS] Step 005: 64 games active. Step time: 4266.7ms. Total moves played: 320
   [Vectorized MCTS] Step 010: 64 games active. Step time: 4226.4ms. Total moves played: 640
   [Vectorized MCTS] Step 015: 64 games active. Step time: 4296.0ms. Total moves played: 960
   [Vectorized MCTS] Step 020: 64 games active. Step time: 4224.4ms. Total moves played: 1280
   [Vectorized MCTS] Step 025: 63 games active. Step time: 4240.6ms. Total moves played: 1597
   [Vectorized MCTS] Step 030: 63 games active. Step time: 4198.2ms. Total moves played: 1912
   [Vectorized MCTS] Step 035: 63 games active. Step time: 4239.2ms. Total moves played: 2227
   [Vectorized MCTS] Step 040: 63 games active. Step time: 4259.2ms. Total moves played: 2542
   [Vectorized MCTS] Step 045: 63 games active. Step time: 4234.7ms. Total moves played: 2857
   [Vectorized MCTS] Step 050: 63 games active. Step time: 4246.8ms. Total moves played: 3172
   [Vectorized MCTS] Step 055: 63 games active. Step time: 4242.7ms. Total moves played: 3487
   [Vectorized MCTS] Step 060: 63 games active. Step time: 4234.5ms. Total moves played: 3802
   [Vectorized MCTS] Step 065: 63 games active. Step time: 4245.2ms. Total moves played: 4117
   [Vectorized MCTS] Step 070: 63 games active. Step time: 4193.9ms. Total moves played: 4432
   [Vectorized MCTS] Step 075: 63 games active. Step time: 4218.9ms. Total moves played: 4747
   [Vectorized MCTS] Step 080: 63 games active. Step time: 4232.8ms. Total moves played: 5062
   [Vectorized MCTS] Step 085: 63 games active. Step time: 4214.5ms. Total moves played: 5377
   [Vectorized MCTS] Step 090: 63 games active. Step time: 4204.2ms. Total moves played: 5692
   [Vectorized MCTS] Step 095: 63 games active. Step time: 4217.1ms. Total moves played: 6007
   [Vectorized MCTS] Step 100: 63 games active. Step time: 4200.9ms. Total moves played: 6322
   [Vectorized MCTS] Step 105: 63 games active. Step time: 4229.4ms. Total moves played: 6637
   [Vectorized MCTS] Step 110: 63 games active. Step time: 4246.2ms. Total moves played: 6952
   [Vectorized MCTS] Step 115: 63 games active. Step time: 4261.4ms. Total moves played: 7267
   [Vectorized MCTS] Step 120: 63 games active. Step time: 4205.7ms. Total moves played: 7582
   [Vectorized MCTS] Step 125: 63 games active. Step time: 4241.7ms. Total moves played: 7897
   [Vectorized MCTS] Step 130: 63 games active. Step time: 4186.4ms. Total moves played: 8212
   [Vectorized MCTS] Step 135: 62 games active. Step time: 4204.6ms. Total moves played: 8527
   [Vectorized MCTS] Step 140: 62 games active. Step time: 4170.9ms. Total moves played: 8837
   [Vectorized MCTS] Step 145: 62 games active. Step time: 4096.1ms. Total moves played: 9147
   [Vectorized MCTS] Step 150: 61 games active. Step time: 4001.3ms. Total moves played: 9455
   [Vectorized MCTS] Step 155: 60 games active. Step time: 3920.1ms. Total moves played: 9758
   [Vectorized MCTS] Step 160: 27 games active. Step time: 3117.6ms. Total moves played: 10049
   [Vectorized MCTS] Step 163: 00 games active. Step time: 517.7ms. Total moves played: 10104
[0320/1000] Vectorized selfplay games completed.
--> Starting batch of 64 vectorized games (games 320 to 383)...
   [Vectorized MCTS] Step 001: 64 games active. Step time: 4172.1ms. Total moves played: 64
   [Vectorized MCTS] Step 005: 64 games active. Step time: 4351.1ms. Total moves played: 320
   [Vectorized MCTS] Step 010: 64 games active. Step time: 4241.7ms. Total moves played: 640
   [Vectorized MCTS] Step 015: 64 games active. Step time: 4344.9ms. Total moves played: 960
   [Vectorized MCTS] Step 020: 64 games active. Step time: 4211.8ms. Total moves played: 1280
   [Vectorized MCTS] Step 025: 64 games active. Step time: 4338.9ms. Total moves played: 1600
   [Vectorized MCTS] Step 030: 64 games active. Step time: 4257.7ms. Total moves played: 1920
   [Vectorized MCTS] Step 035: 64 games active. Step time: 4357.1ms. Total moves played: 2240
   [Vectorized MCTS] Step 040: 64 games active. Step time: 4272.8ms. Total moves played: 2560
   [Vectorized MCTS] Step 045: 64 games active. Step time: 4312.6ms. Total moves played: 2880
   [Vectorized MCTS] Step 050: 64 games active. Step time: 4294.1ms. Total moves played: 3200
   [Vectorized MCTS] Step 055: 64 games active. Step time: 4336.5ms. Total moves played: 3520
   [Vectorized MCTS] Step 060: 64 games active. Step time: 4260.8ms. Total moves played: 3840
   [Vectorized MCTS] Step 065: 64 games active. Step time: 4341.1ms. Total moves played: 4160
   [Vectorized MCTS] Step 070: 64 games active. Step time: 4243.2ms. Total moves played: 4480
   [Vectorized MCTS] Step 075: 64 games active. Step time: 4363.5ms. Total moves played: 4800
   [Vectorized MCTS] Step 080: 64 games active. Step time: 4226.8ms. Total moves played: 5120
   [Vectorized MCTS] Step 085: 63 games active. Step time: 4292.5ms. Total moves played: 5437
   [Vectorized MCTS] Step 090: 63 games active. Step time: 4207.6ms. Total moves played: 5752
   [Vectorized MCTS] Step 095: 63 games active. Step time: 4276.8ms. Total moves played: 6067
   [Vectorized MCTS] Step 100: 63 games active. Step time: 4222.5ms. Total moves played: 6382
   [Vectorized MCTS] Step 105: 63 games active. Step time: 4271.1ms. Total moves played: 6697
   [Vectorized MCTS] Step 110: 63 games active. Step time: 4187.8ms. Total moves played: 7012
   [Vectorized MCTS] Step 115: 63 games active. Step time: 4261.2ms. Total moves played: 7327
   [Vectorized MCTS] Step 120: 63 games active. Step time: 4216.7ms. Total moves played: 7642
   [Vectorized MCTS] Step 125: 63 games active. Step time: 4264.0ms. Total moves played: 7957
   [Vectorized MCTS] Step 130: 63 games active. Step time: 4188.1ms. Total moves played: 8272
   [Vectorized MCTS] Step 135: 63 games active. Step time: 4231.1ms. Total moves played: 8587
   [Vectorized MCTS] Step 140: 63 games active. Step time: 4193.3ms. Total moves played: 8902
   [Vectorized MCTS] Step 145: 63 games active. Step time: 4187.6ms. Total moves played: 9217
   [Vectorized MCTS] Step 150: 63 games active. Step time: 4124.7ms. Total moves played: 9532
   [Vectorized MCTS] Step 155: 60 games active. Step time: 3943.8ms. Total moves played: 9843
   [Vectorized MCTS] Step 160: 35 games active. Step time: 2969.7ms. Total moves played: 10132
   [Vectorized MCTS] Step 162: 00 games active. Step time: 2260.2ms. Total moves played: 10202
[0384/1000] Vectorized selfplay games completed.
--> Starting batch of 64 vectorized games (games 384 to 447)...
   [Vectorized MCTS] Step 001: 64 games active. Step time: 4113.6ms. Total moves played: 64
   [Vectorized MCTS] Step 005: 64 games active. Step time: 4282.8ms. Total moves played: 320
   [Vectorized MCTS] Step 010: 64 games active. Step time: 4327.6ms. Total moves played: 640
   [Vectorized MCTS] Step 015: 64 games active. Step time: 4237.8ms. Total moves played: 960
   [Vectorized MCTS] Step 020: 64 games active. Step time: 4303.9ms. Total moves played: 1280
   [Vectorized MCTS] Step 025: 64 games active. Step time: 4248.2ms. Total moves played: 1600
   [Vectorized MCTS] Step 030: 64 games active. Step time: 4309.7ms. Total moves played: 1920
   [Vectorized MCTS] Step 035: 64 games active. Step time: 4291.2ms. Total moves played: 2240
   [Vectorized MCTS] Step 040: 64 games active. Step time: 4322.6ms. Total moves played: 2560
   [Vectorized MCTS] Step 045: 64 games active. Step time: 4267.8ms. Total moves played: 2880
   [Vectorized MCTS] Step 050: 64 games active. Step time: 4305.2ms. Total moves played: 3200
   [Vectorized MCTS] Step 055: 64 games active. Step time: 4268.0ms. Total moves played: 3520
   [Vectorized MCTS] Step 060: 64 games active. Step time: 4342.4ms. Total moves played: 3840
   [Vectorized MCTS] Step 065: 64 games active. Step time: 4261.1ms. Total moves played: 4160
   [Vectorized MCTS] Step 070: 64 games active. Step time: 4335.4ms. Total moves played: 4480
   [Vectorized MCTS] Step 075: 64 games active. Step time: 4279.0ms. Total moves played: 4800
   [Vectorized MCTS] Step 080: 64 games active. Step time: 4285.0ms. Total moves played: 5120
   [Vectorized MCTS] Step 085: 64 games active. Step time: 4271.8ms. Total moves played: 5440
   [Vectorized MCTS] Step 090: 64 games active. Step time: 4317.4ms. Total moves played: 5760
   [Vectorized MCTS] Step 095: 64 games active. Step time: 4278.8ms. Total moves played: 6080
   [Vectorized MCTS] Step 100: 64 games active. Step time: 4306.8ms. Total moves played: 6400
   [Vectorized MCTS] Step 105: 64 games active. Step time: 4258.0ms. Total moves played: 6720
   [Vectorized MCTS] Step 110: 64 games active. Step time: 4344.7ms. Total moves played: 7040
   [Vectorized MCTS] Step 115: 64 games active. Step time: 4257.7ms. Total moves played: 7360
   [Vectorized MCTS] Step 120: 64 games active. Step time: 4337.1ms. Total moves played: 7680
   [Vectorized MCTS] Step 125: 64 games active. Step time: 4251.3ms. Total moves played: 8000
   [Vectorized MCTS] Step 130: 64 games active. Step time: 4304.4ms. Total moves played: 8320
   [Vectorized MCTS] Step 135: 63 games active. Step time: 4185.6ms. Total moves played: 8636
   [Vectorized MCTS] Step 140: 63 games active. Step time: 4134.2ms. Total moves played: 8951
   [Vectorized MCTS] Step 145: 62 games active. Step time: 4099.4ms. Total moves played: 9262
   [Vectorized MCTS] Step 150: 62 games active. Step time: 4172.5ms. Total moves played: 9572
   [Vectorized MCTS] Step 155: 61 games active. Step time: 4044.2ms. Total moves played: 9882
   [Vectorized MCTS] Step 160: 30 games active. Step time: 3188.4ms. Total moves played: 10178
   [Vectorized MCTS] Step 162: 00 games active. Step time: 1603.5ms. Total moves played: 10238
[0448/1000] Vectorized selfplay games completed.
--> Starting batch of 64 vectorized games (games 448 to 511)...
   [Vectorized MCTS] Step 001: 64 games active. Step time: 4139.1ms. Total moves played: 64
   [Vectorized MCTS] Step 005: 64 games active. Step time: 4220.3ms. Total moves played: 320
   [Vectorized MCTS] Step 010: 63 games active. Step time: 4218.0ms. Total moves played: 637
   [Vectorized MCTS] Step 015: 63 games active. Step time: 4159.8ms. Total moves played: 952
   [Vectorized MCTS] Step 020: 63 games active. Step time: 4263.4ms. Total moves played: 1267
   [Vectorized MCTS] Step 025: 63 games active. Step time: 4228.4ms. Total moves played: 1582
   [Vectorized MCTS] Step 030: 63 games active. Step time: 4197.2ms. Total moves played: 1897
   [Vectorized MCTS] Step 035: 62 games active. Step time: 4140.4ms. Total moves played: 2210
   [Vectorized MCTS] Step 040: 62 games active. Step time: 4140.9ms. Total moves played: 2520
   [Vectorized MCTS] Step 045: 62 games active. Step time: 4151.4ms. Total moves played: 2830
   [Vectorized MCTS] Step 050: 62 games active. Step time: 4128.4ms. Total moves played: 3140
   [Vectorized MCTS] Step 055: 62 games active. Step time: 4157.4ms. Total moves played: 3450
   [Vectorized MCTS] Step 060: 62 games active. Step time: 4124.2ms. Total moves played: 3760
   [Vectorized MCTS] Step 065: 62 games active. Step time: 4145.8ms. Total moves played: 4070
   [Vectorized MCTS] Step 070: 62 games active. Step time: 4100.1ms. Total moves played: 4380
   [Vectorized MCTS] Step 075: 62 games active. Step time: 4149.5ms. Total moves played: 4690
   [Vectorized MCTS] Step 080: 62 games active. Step time: 4117.6ms. Total moves played: 5000
   [Vectorized MCTS] Step 085: 62 games active. Step time: 4155.2ms. Total moves played: 5310
   [Vectorized MCTS] Step 090: 62 games active. Step time: 4118.3ms. Total moves played: 5620
   [Vectorized MCTS] Step 095: 62 games active. Step time: 4193.8ms. Total moves played: 5930
   [Vectorized MCTS] Step 100: 62 games active. Step time: 4214.9ms. Total moves played: 6240
   [Vectorized MCTS] Step 105: 62 games active. Step time: 4249.2ms. Total moves played: 6550
   [Vectorized MCTS] Step 110: 62 games active. Step time: 4146.1ms. Total moves played: 6860
   [Vectorized MCTS] Step 115: 62 games active. Step time: 4167.5ms. Total moves played: 7170
   [Vectorized MCTS] Step 120: 62 games active. Step time: 4152.8ms. Total moves played: 7480
   [Vectorized MCTS] Step 125: 62 games active. Step time: 4173.9ms. Total moves played: 7790
   [Vectorized MCTS] Step 130: 62 games active. Step time: 4193.0ms. Total moves played: 8100
   [Vectorized MCTS] Step 135: 62 games active. Step time: 4151.6ms. Total moves played: 8410
   [Vectorized MCTS] Step 140: 62 games active. Step time: 4094.7ms. Total moves played: 8720
   [Vectorized MCTS] Step 145: 62 games active. Step time: 4111.5ms. Total moves played: 9030
   [Vectorized MCTS] Step 150: 61 games active. Step time: 4025.6ms. Total moves played: 9340
   [Vectorized MCTS] Step 155: 58 games active. Step time: 3842.5ms. Total moves played: 9643
   [Vectorized MCTS] Step 160: 16 games active. Step time: 2817.9ms. Total moves played: 9913
   [Vectorized MCTS] Step 165: 01 games active. Step time: 509.6ms. Total moves played: 9948
   [Vectorized MCTS] Step 170: 01 games active. Step time: 493.1ms. Total moves played: 9953
   [Vectorized MCTS] Step 175: 01 games active. Step time: 485.6ms. Total moves played: 9958
   [Vectorized MCTS] Step 180: 01 games active. Step time: 491.3ms. Total moves played: 9963
   [Vectorized MCTS] Step 185: 01 games active. Step time: 475.3ms. Total moves played: 9968
   [Vectorized MCTS] Step 190: 01 games active. Step time: 489.2ms. Total moves played: 9973
   [Vectorized MCTS] Step 195: 01 games active. Step time: 486.6ms. Total moves played: 9978
   [Vectorized MCTS] Step 200: 01 games active. Step time: 487.1ms. Total moves played: 9983
   [Vectorized MCTS] Step 205: 01 games active. Step time: 480.8ms. Total moves played: 9988
   [Vectorized MCTS] Step 210: 01 games active. Step time: 496.3ms. Total moves played: 9993
   [Vectorized MCTS] Step 211: 00 games active. Step time: 467.0ms. Total moves played: 9994
[0512/1000] Vectorized selfplay games completed.
--> Starting batch of 64 vectorized games (games 512 to 575)...
   [Vectorized MCTS] Step 001: 64 games active. Step time: 4381.0ms. Total moves played: 64
   [Vectorized MCTS] Step 005: 64 games active. Step time: 4322.8ms. Total moves played: 320
   [Vectorized MCTS] Step 010: 64 games active. Step time: 4318.7ms. Total moves played: 640
   [Vectorized MCTS] Step 015: 63 games active. Step time: 4231.2ms. Total moves played: 957
   [Vectorized MCTS] Step 020: 63 games active. Step time: 4308.4ms. Total moves played: 1272
   [Vectorized MCTS] Step 025: 63 games active. Step time: 4276.6ms. Total moves played: 1587
   [Vectorized MCTS] Step 030: 63 games active. Step time: 4270.0ms. Total moves played: 1902
   [Vectorized MCTS] Step 035: 63 games active. Step time: 4326.9ms. Total moves played: 2217
   [Vectorized MCTS] Step 040: 63 games active. Step time: 4290.5ms. Total moves played: 2532
   [Vectorized MCTS] Step 045: 63 games active. Step time: 4270.2ms. Total moves played: 2847
   [Vectorized MCTS] Step 050: 63 games active. Step time: 4278.9ms. Total moves played: 3162
   [Vectorized MCTS] Step 055: 63 games active. Step time: 4307.2ms. Total moves played: 3477
   [Vectorized MCTS] Step 060: 63 games active. Step time: 4296.1ms. Total moves played: 3792
   [Vectorized MCTS] Step 065: 63 games active. Step time: 4321.2ms. Total moves played: 4107
   [Vectorized MCTS] Step 070: 63 games active. Step time: 4300.5ms. Total moves played: 4422
   [Vectorized MCTS] Step 075: 63 games active. Step time: 4292.9ms. Total moves played: 4737
   [Vectorized MCTS] Step 080: 63 games active. Step time: 4289.3ms. Total moves played: 5052
   [Vectorized MCTS] Step 085: 62 games active. Step time: 4244.0ms. Total moves played: 5364
   [Vectorized MCTS] Step 090: 62 games active. Step time: 4238.6ms. Total moves played: 5674
   [Vectorized MCTS] Step 095: 62 games active. Step time: 4246.6ms. Total moves played: 5984
   [Vectorized MCTS] Step 100: 62 games active. Step time: 4260.3ms. Total moves played: 6294
   [Vectorized MCTS] Step 105: 62 games active. Step time: 4271.4ms. Total moves played: 6604
   [Vectorized MCTS] Step 110: 62 games active. Step time: 4251.2ms. Total moves played: 6914
   [Vectorized MCTS] Step 115: 62 games active. Step time: 4288.7ms. Total moves played: 7224
   [Vectorized MCTS] Step 120: 62 games active. Step time: 4261.5ms. Total moves played: 7534
   [Vectorized MCTS] Step 125: 62 games active. Step time: 4265.9ms. Total moves played: 7844
   [Vectorized MCTS] Step 130: 62 games active. Step time: 4258.3ms. Total moves played: 8154
   [Vectorized MCTS] Step 135: 62 games active. Step time: 4257.0ms. Total moves played: 8464
   [Vectorized MCTS] Step 140: 62 games active. Step time: 4211.7ms. Total moves played: 8774
   [Vectorized MCTS] Step 145: 62 games active. Step time: 4066.1ms. Total moves played: 9084
   [Vectorized MCTS] Step 150: 62 games active. Step time: 4154.9ms. Total moves played: 9394
   [Vectorized MCTS] Step 155: 61 games active. Step time: 4045.6ms. Total moves played: 9703
   [Vectorized MCTS] Step 160: 32 games active. Step time: 3564.6ms. Total moves played: 9991
   [Vectorized MCTS] Step 162: 00 games active. Step time: 2221.5ms. Total moves played: 10055
[0576/1000] Vectorized selfplay games completed.
--> Starting batch of 64 vectorized games (games 576 to 639)...
   [Vectorized MCTS] Step 001: 64 games active. Step time: 4278.8ms. Total moves played: 64
   [Vectorized MCTS] Step 005: 64 games active. Step time: 4331.5ms. Total moves played: 320
   [Vectorized MCTS] Step 010: 64 games active. Step time: 4365.1ms. Total moves played: 640
   [Vectorized MCTS] Step 015: 64 games active. Step time: 4343.7ms. Total moves played: 960
   [Vectorized MCTS] Step 020: 64 games active. Step time: 4392.9ms. Total moves played: 1280
   [Vectorized MCTS] Step 025: 63 games active. Step time: 4278.6ms. Total moves played: 1598
   [Vectorized MCTS] Step 030: 62 games active. Step time: 4245.5ms. Total moves played: 1909
   [Vectorized MCTS] Step 035: 62 games active. Step time: 4236.7ms. Total moves played: 2219
   [Vectorized MCTS] Step 040: 62 games active. Step time: 4248.5ms. Total moves played: 2529
   [Vectorized MCTS] Step 045: 62 games active. Step time: 4277.4ms. Total moves played: 2839
   [Vectorized MCTS] Step 050: 62 games active. Step time: 4253.9ms. Total moves played: 3149
   [Vectorized MCTS] Step 055: 62 games active. Step time: 4255.3ms. Total moves played: 3459
   [Vectorized MCTS] Step 060: 62 games active. Step time: 4277.8ms. Total moves played: 3769
   [Vectorized MCTS] Step 065: 62 games active. Step time: 4253.8ms. Total moves played: 4079
   [Vectorized MCTS] Step 070: 62 games active. Step time: 4210.8ms. Total moves played: 4389
   [Vectorized MCTS] Step 075: 62 games active. Step time: 4135.4ms. Total moves played: 4699
   [Vectorized MCTS] Step 080: 62 games active. Step time: 4170.8ms. Total moves played: 5009
   [Vectorized MCTS] Step 085: 62 games active. Step time: 4088.7ms. Total moves played: 5319
   [Vectorized MCTS] Step 090: 62 games active. Step time: 4144.6ms. Total moves played: 5629
   [Vectorized MCTS] Step 095: 62 games active. Step time: 4045.0ms. Total moves played: 5939
   [Vectorized MCTS] Step 100: 62 games active. Step time: 4089.7ms. Total moves played: 6249
   [Vectorized MCTS] Step 105: 62 games active. Step time: 4086.7ms. Total moves played: 6559
   [Vectorized MCTS] Step 110: 62 games active. Step time: 4123.1ms. Total moves played: 6869
   [Vectorized MCTS] Step 115: 62 games active. Step time: 4091.1ms. Total moves played: 7179
   [Vectorized MCTS] Step 120: 62 games active. Step time: 4109.1ms. Total moves played: 7489
   [Vectorized MCTS] Step 125: 62 games active. Step time: 4098.8ms. Total moves played: 7799
   [Vectorized MCTS] Step 130: 62 games active. Step time: 4100.6ms. Total moves played: 8109
   [Vectorized MCTS] Step 135: 62 games active. Step time: 4072.0ms. Total moves played: 8419
   [Vectorized MCTS] Step 140: 62 games active. Step time: 4065.1ms. Total moves played: 8729
   [Vectorized MCTS] Step 145: 62 games active. Step time: 4025.8ms. Total moves played: 9039
   [Vectorized MCTS] Step 150: 62 games active. Step time: 3997.8ms. Total moves played: 9349
   [Vectorized MCTS] Step 155: 59 games active. Step time: 3917.2ms. Total moves played: 9657
   [Vectorized MCTS] Step 160: 28 games active. Step time: 2902.5ms. Total moves played: 9939
   [Vectorized MCTS] Step 162: 00 games active. Step time: 1483.9ms. Total moves played: 9995
[0640/1000] Vectorized selfplay games completed.
--> Starting batch of 64 vectorized games (games 640 to 703)...
   [Vectorized MCTS] Step 001: 64 games active. Step time: 4044.5ms. Total moves played: 64
   [Vectorized MCTS] Step 005: 64 games active. Step time: 4173.8ms. Total moves played: 320
   [Vectorized MCTS] Step 010: 63 games active. Step time: 4217.3ms. Total moves played: 640
   [Vectorized MCTS] Step 015: 63 games active. Step time: 4224.7ms. Total moves played: 955
   [Vectorized MCTS] Step 020: 63 games active. Step time: 4187.8ms. Total moves played: 1270
   [Vectorized MCTS] Step 025: 62 games active. Step time: 4203.3ms. Total moves played: 1585
   [Vectorized MCTS] Step 030: 62 games active. Step time: 4181.7ms. Total moves played: 1895
   [Vectorized MCTS] Step 035: 62 games active. Step time: 4170.2ms. Total moves played: 2205
   [Vectorized MCTS] Step 040: 61 games active. Step time: 4103.6ms. Total moves played: 2511
   [Vectorized MCTS] Step 045: 61 games active. Step time: 4137.1ms. Total moves played: 2816
   [Vectorized MCTS] Step 050: 61 games active. Step time: 4103.2ms. Total moves played: 3121
   [Vectorized MCTS] Step 055: 61 games active. Step time: 4223.7ms. Total moves played: 3426
   [Vectorized MCTS] Step 060: 61 games active. Step time: 4292.3ms. Total moves played: 3731
   [Vectorized MCTS] Step 065: 61 games active. Step time: 4224.9ms. Total moves played: 4036
   [Vectorized MCTS] Step 070: 61 games active. Step time: 4241.6ms. Total moves played: 4341
   [Vectorized MCTS] Step 075: 61 games active. Step time: 4245.1ms. Total moves played: 4646
   [Vectorized MCTS] Step 080: 61 games active. Step time: 4290.4ms. Total moves played: 4951
   [Vectorized MCTS] Step 085: 61 games active. Step time: 4277.4ms. Total moves played: 5256
   [Vectorized MCTS] Step 090: 61 games active. Step time: 4274.6ms. Total moves played: 5561
   [Vectorized MCTS] Step 095: 61 games active. Step time: 4237.2ms. Total moves played: 5866
   [Vectorized MCTS] Step 100: 61 games active. Step time: 4274.4ms. Total moves played: 6171
   [Vectorized MCTS] Step 105: 61 games active. Step time: 4243.3ms. Total moves played: 6476
   [Vectorized MCTS] Step 110: 61 games active. Step time: 4280.5ms. Total moves played: 6781
   [Vectorized MCTS] Step 115: 61 games active. Step time: 4273.4ms. Total moves played: 7086
   [Vectorized MCTS] Step 120: 61 games active. Step time: 4300.8ms. Total moves played: 7391
   [Vectorized MCTS] Step 125: 61 games active. Step time: 4260.2ms. Total moves played: 7696
   [Vectorized MCTS] Step 130: 61 games active. Step time: 4283.6ms. Total moves played: 8001
   [Vectorized MCTS] Step 135: 60 games active. Step time: 4251.2ms. Total moves played: 8303
   [Vectorized MCTS] Step 140: 60 games active. Step time: 4207.2ms. Total moves played: 8603
   [Vectorized MCTS] Step 145: 60 games active. Step time: 4198.6ms. Total moves played: 8903
   [Vectorized MCTS] Step 150: 58 games active. Step time: 4159.7ms. Total moves played: 9203
   [Vectorized MCTS] Step 155: 55 games active. Step time: 3824.7ms. Total moves played: 9489
   [Vectorized MCTS] Step 160: 27 games active. Step time: 2901.5ms. Total moves played: 9751
   [Vectorized MCTS] Step 162: 00 games active. Step time: 1539.4ms. Total moves played: 9805
[0704/1000] Vectorized selfplay games completed.
--> Starting batch of 64 vectorized games (games 704 to 767)...
   [Vectorized MCTS] Step 001: 64 games active. Step time: 4343.2ms. Total moves played: 64
   [Vectorized MCTS] Step 005: 63 games active. Step time: 4384.8ms. Total moves played: 320
   [Vectorized MCTS] Step 010: 62 games active. Step time: 4305.4ms. Total moves played: 635
   [Vectorized MCTS] Step 015: 62 games active. Step time: 4271.2ms. Total moves played: 945
   [Vectorized MCTS] Step 020: 62 games active. Step time: 4293.7ms. Total moves played: 1255
   [Vectorized MCTS] Step 025: 62 games active. Step time: 4270.7ms. Total moves played: 1565
   [Vectorized MCTS] Step 030: 62 games active. Step time: 4301.1ms. Total moves played: 1875
   [Vectorized MCTS] Step 035: 62 games active. Step time: 4294.4ms. Total moves played: 2185
   [Vectorized MCTS] Step 040: 62 games active. Step time: 4294.0ms. Total moves played: 2495
   [Vectorized MCTS] Step 045: 62 games active. Step time: 4298.8ms. Total moves played: 2805
   [Vectorized MCTS] Step 050: 62 games active. Step time: 4307.6ms. Total moves played: 3115
   [Vectorized MCTS] Step 055: 62 games active. Step time: 4311.5ms. Total moves played: 3425
   [Vectorized MCTS] Step 060: 62 games active. Step time: 4302.7ms. Total moves played: 3735
   [Vectorized MCTS] Step 065: 62 games active. Step time: 4312.6ms. Total moves played: 4045
   [Vectorized MCTS] Step 070: 62 games active. Step time: 4280.8ms. Total moves played: 4355
   [Vectorized MCTS] Step 075: 62 games active. Step time: 4305.8ms. Total moves played: 4665
   [Vectorized MCTS] Step 080: 62 games active. Step time: 4281.8ms. Total moves played: 4975
   [Vectorized MCTS] Step 085: 62 games active. Step time: 4270.9ms. Total moves played: 5285
   [Vectorized MCTS] Step 090: 62 games active. Step time: 4332.4ms. Total moves played: 5595
   [Vectorized MCTS] Step 095: 62 games active. Step time: 4250.2ms. Total moves played: 5905
   [Vectorized MCTS] Step 100: 62 games active. Step time: 4257.0ms. Total moves played: 6215
   [Vectorized MCTS] Step 105: 62 games active. Step time: 4289.3ms. Total moves played: 6525
   [Vectorized MCTS] Step 110: 62 games active. Step time: 4287.4ms. Total moves played: 6835
   [Vectorized MCTS] Step 115: 62 games active. Step time: 4303.6ms. Total moves played: 7145
   [Vectorized MCTS] Step 120: 62 games active. Step time: 4286.7ms. Total moves played: 7455
   [Vectorized MCTS] Step 125: 62 games active. Step time: 4291.9ms. Total moves played: 7765
   [Vectorized MCTS] Step 130: 62 games active. Step time: 4280.6ms. Total moves played: 8075
   [Vectorized MCTS] Step 135: 62 games active. Step time: 4248.4ms. Total moves played: 8385
   [Vectorized MCTS] Step 140: 62 games active. Step time: 4207.2ms. Total moves played: 8695
   [Vectorized MCTS] Step 145: 62 games active. Step time: 4185.2ms. Total moves played: 9005
   [Vectorized MCTS] Step 150: 61 games active. Step time: 4161.5ms. Total moves played: 9315
   [Vectorized MCTS] Step 155: 61 games active. Step time: 4054.2ms. Total moves played: 9620
   [Vectorized MCTS] Step 160: 32 games active. Step time: 3683.6ms. Total moves played: 9907
   [Vectorized MCTS] Step 162: 00 games active. Step time: 1694.5ms. Total moves played: 9970
[0768/1000] Vectorized selfplay games completed.
--> Starting batch of 64 vectorized games (games 768 to 831)...
   [Vectorized MCTS] Step 001: 64 games active. Step time: 4317.9ms. Total moves played: 64
   [Vectorized MCTS] Step 005: 64 games active. Step time: 4449.7ms. Total moves played: 320
   [Vectorized MCTS] Step 010: 64 games active. Step time: 4353.4ms. Total moves played: 640
   [Vectorized MCTS] Step 015: 64 games active. Step time: 4497.0ms. Total moves played: 960
   [Vectorized MCTS] Step 020: 63 games active. Step time: 4305.5ms. Total moves played: 1277
   [Vectorized MCTS] Step 025: 63 games active. Step time: 4322.3ms. Total moves played: 1592
   [Vectorized MCTS] Step 030: 63 games active. Step time: 4313.7ms. Total moves played: 1907
   [Vectorized MCTS] Step 035: 63 games active. Step time: 4378.1ms. Total moves played: 2222
   [Vectorized MCTS] Step 040: 63 games active. Step time: 4346.9ms. Total moves played: 2537
   [Vectorized MCTS] Step 045: 63 games active. Step time: 4377.7ms. Total moves played: 2852
   [Vectorized MCTS] Step 050: 63 games active. Step time: 4347.0ms. Total moves played: 3167
   [Vectorized MCTS] Step 055: 63 games active. Step time: 4367.4ms. Total moves played: 3482
   [Vectorized MCTS] Step 060: 63 games active. Step time: 4344.9ms. Total moves played: 3797
   [Vectorized MCTS] Step 065: 63 games active. Step time: 4375.6ms. Total moves played: 4112
   [Vectorized MCTS] Step 070: 63 games active. Step time: 4357.7ms. Total moves played: 4427
   [Vectorized MCTS] Step 075: 63 games active. Step time: 4349.9ms. Total moves played: 4742
   [Vectorized MCTS] Step 080: 63 games active. Step time: 4328.6ms. Total moves played: 5057
   [Vectorized MCTS] Step 085: 63 games active. Step time: 4337.8ms. Total moves played: 5372
   [Vectorized MCTS] Step 090: 63 games active. Step time: 4355.1ms. Total moves played: 5687
   [Vectorized MCTS] Step 095: 63 games active. Step time: 4351.2ms. Total moves played: 6002
   [Vectorized MCTS] Step 100: 63 games active. Step time: 4337.4ms. Total moves played: 6317
   [Vectorized MCTS] Step 105: 63 games active. Step time: 4398.4ms. Total moves played: 6632
   [Vectorized MCTS] Step 110: 63 games active. Step time: 4351.8ms. Total moves played: 6947
   [Vectorized MCTS] Step 115: 63 games active. Step time: 4363.1ms. Total moves played: 7262
   [Vectorized MCTS] Step 120: 63 games active. Step time: 4365.0ms. Total moves played: 7577
   [Vectorized MCTS] Step 125: 63 games active. Step time: 4398.0ms. Total moves played: 7892
   [Vectorized MCTS] Step 130: 62 games active. Step time: 4302.0ms. Total moves played: 8203
   [Vectorized MCTS] Step 135: 62 games active. Step time: 4244.9ms. Total moves played: 8513
   [Vectorized MCTS] Step 140: 62 games active. Step time: 4233.7ms. Total moves played: 8823
   [Vectorized MCTS] Step 145: 62 games active. Step time: 4165.1ms. Total moves played: 9133
   [Vectorized MCTS] Step 150: 62 games active. Step time: 4173.4ms. Total moves played: 9443
   [Vectorized MCTS] Step 155: 60 games active. Step time: 4057.7ms. Total moves played: 9752
   [Vectorized MCTS] Step 160: 24 games active. Step time: 2772.7ms. Total moves played: 10024
   [Vectorized MCTS] Step 162: 00 games active. Step time: 1292.0ms. Total moves played: 10070
[0832/1000] Vectorized selfplay games completed.
--> Starting batch of 64 vectorized games (games 832 to 895)...
   [Vectorized MCTS] Step 001: 64 games active. Step time: 4320.1ms. Total moves played: 64
   [Vectorized MCTS] Step 005: 64 games active. Step time: 4319.9ms. Total moves played: 320
   [Vectorized MCTS] Step 010: 63 games active. Step time: 4346.2ms. Total moves played: 637
   [Vectorized MCTS] Step 015: 63 games active. Step time: 4292.8ms. Total moves played: 952
   [Vectorized MCTS] Step 020: 63 games active. Step time: 4353.3ms. Total moves played: 1267
   [Vectorized MCTS] Step 025: 63 games active. Step time: 4272.5ms. Total moves played: 1582
   [Vectorized MCTS] Step 030: 63 games active. Step time: 4397.5ms. Total moves played: 1897
   [Vectorized MCTS] Step 035: 62 games active. Step time: 4453.0ms. Total moves played: 2211
   [Vectorized MCTS] Step 040: 62 games active. Step time: 4231.9ms. Total moves played: 2521
   [Vectorized MCTS] Step 045: 62 games active. Step time: 4318.7ms. Total moves played: 2831
   [Vectorized MCTS] Step 050: 62 games active. Step time: 4240.4ms. Total moves played: 3141
   [Vectorized MCTS] Step 055: 62 games active. Step time: 4311.1ms. Total moves played: 3451
   [Vectorized MCTS] Step 060: 62 games active. Step time: 4256.0ms. Total moves played: 3761
   [Vectorized MCTS] Step 065: 62 games active. Step time: 4332.6ms. Total moves played: 4071
   [Vectorized MCTS] Step 070: 62 games active. Step time: 4258.2ms. Total moves played: 4381
   [Vectorized MCTS] Step 075: 62 games active. Step time: 4307.4ms. Total moves played: 4691
   [Vectorized MCTS] Step 080: 62 games active. Step time: 4229.0ms. Total moves played: 5001
   [Vectorized MCTS] Step 085: 62 games active. Step time: 4301.1ms. Total moves played: 5311
   [Vectorized MCTS] Step 090: 62 games active. Step time: 4285.5ms. Total moves played: 5621
   [Vectorized MCTS] Step 095: 62 games active. Step time: 4349.9ms. Total moves played: 5931
   [Vectorized MCTS] Step 100: 62 games active. Step time: 4265.7ms. Total moves played: 6241
   [Vectorized MCTS] Step 105: 62 games active. Step time: 4323.4ms. Total moves played: 6551
   [Vectorized MCTS] Step 110: 62 games active. Step time: 4306.1ms. Total moves played: 6861
   [Vectorized MCTS] Step 115: 62 games active. Step time: 4364.9ms. Total moves played: 7171
   [Vectorized MCTS] Step 120: 62 games active. Step time: 4291.1ms. Total moves played: 7481
   [Vectorized MCTS] Step 125: 62 games active. Step time: 4369.4ms. Total moves played: 7791
   [Vectorized MCTS] Step 130: 62 games active. Step time: 4241.3ms. Total moves played: 8101
   [Vectorized MCTS] Step 135: 62 games active. Step time: 4305.8ms. Total moves played: 8411
   [Vectorized MCTS] Step 140: 62 games active. Step time: 4216.7ms. Total moves played: 8721
   [Vectorized MCTS] Step 145: 62 games active. Step time: 4246.7ms. Total moves played: 9031
   [Vectorized MCTS] Step 150: 61 games active. Step time: 4262.7ms. Total moves played: 9339
   [Vectorized MCTS] Step 155: 59 games active. Step time: 3961.7ms. Total moves played: 9641
   [Vectorized MCTS] Step 160: 27 games active. Step time: 2885.3ms. Total moves played: 9914
   [Vectorized MCTS] Step 162: 00 games active. Step time: 1525.7ms. Total moves played: 9968
[0896/1000] Vectorized selfplay games completed.
--> Starting batch of 64 vectorized games (games 896 to 959)...
   [Vectorized MCTS] Step 001: 64 games active. Step time: 4270.9ms. Total moves played: 64
   [Vectorized MCTS] Step 005: 64 games active. Step time: 4341.9ms. Total moves played: 320
   [Vectorized MCTS] Step 010: 63 games active. Step time: 3734.5ms. Total moves played: 637
   [Vectorized MCTS] Step 015: 63 games active. Step time: 4320.0ms. Total moves played: 952
   [Vectorized MCTS] Step 020: 63 games active. Step time: 3672.7ms. Total moves played: 1267
   [Vectorized MCTS] Step 025: 61 games active. Step time: 4216.0ms. Total moves played: 1577
   [Vectorized MCTS] Step 030: 61 games active. Step time: 3659.3ms. Total moves played: 1882
   [Vectorized MCTS] Step 035: 61 games active. Step time: 4215.2ms. Total moves played: 2187
   [Vectorized MCTS] Step 040: 61 games active. Step time: 3619.6ms. Total moves played: 2492
   [Vectorized MCTS] Step 045: 61 games active. Step time: 4235.1ms. Total moves played: 2797
   [Vectorized MCTS] Step 050: 61 games active. Step time: 3618.7ms. Total moves played: 3102
   [Vectorized MCTS] Step 055: 61 games active. Step time: 4222.4ms. Total moves played: 3407
   [Vectorized MCTS] Step 060: 61 games active. Step time: 3618.0ms. Total moves played: 3712
   [Vectorized MCTS] Step 065: 61 games active. Step time: 4237.9ms. Total moves played: 4017
   [Vectorized MCTS] Step 070: 61 games active. Step time: 3603.5ms. Total moves played: 4322
   [Vectorized MCTS] Step 075: 61 games active. Step time: 4212.4ms. Total moves played: 4627
   [Vectorized MCTS] Step 080: 61 games active. Step time: 3604.1ms. Total moves played: 4932
   [Vectorized MCTS] Step 085: 61 games active. Step time: 4246.6ms. Total moves played: 5237
   [Vectorized MCTS] Step 090: 61 games active. Step time: 3584.1ms. Total moves played: 5542
   [Vectorized MCTS] Step 095: 61 games active. Step time: 4244.8ms. Total moves played: 5847
   [Vectorized MCTS] Step 100: 61 games active. Step time: 3642.9ms. Total moves played: 6152
   [Vectorized MCTS] Step 105: 61 games active. Step time: 4232.7ms. Total moves played: 6457
   [Vectorized MCTS] Step 110: 61 games active. Step time: 3630.1ms. Total moves played: 6762
   [Vectorized MCTS] Step 115: 61 games active. Step time: 4309.1ms. Total moves played: 7067
   [Vectorized MCTS] Step 120: 61 games active. Step time: 3648.3ms. Total moves played: 7372
   [Vectorized MCTS] Step 125: 61 games active. Step time: 4252.7ms. Total moves played: 7677
   [Vectorized MCTS] Step 130: 61 games active. Step time: 3579.8ms. Total moves played: 7982
   [Vectorized MCTS] Step 135: 61 games active. Step time: 4222.2ms. Total moves played: 8287
   [Vectorized MCTS] Step 140: 61 games active. Step time: 3610.8ms. Total moves played: 8592
   [Vectorized MCTS] Step 145: 61 games active. Step time: 4173.6ms. Total moves played: 8897
   [Vectorized MCTS] Step 150: 61 games active. Step time: 3520.8ms. Total moves played: 9202
   [Vectorized MCTS] Step 155: 58 games active. Step time: 4031.5ms. Total moves played: 9502
   [Vectorized MCTS] Step 160: 34 games active. Step time: 2984.9ms. Total moves played: 9778
   [Vectorized MCTS] Step 162: 00 games active. Step time: 2133.5ms. Total moves played: 9845
[0960/1000] Vectorized selfplay games completed.
--> Starting batch of 40 vectorized games (games 960 to 999)...
   [Vectorized MCTS] Step 001: 40 games active. Step time: 2623.5ms. Total moves played: 40
   [Vectorized MCTS] Step 005: 40 games active. Step time: 2682.1ms. Total moves played: 200
   [Vectorized MCTS] Step 010: 40 games active. Step time: 2792.4ms. Total moves played: 400
   [Vectorized MCTS] Step 015: 39 games active. Step time: 2641.0ms. Total moves played: 599
   [Vectorized MCTS] Step 020: 39 games active. Step time: 2687.6ms. Total moves played: 794
   [Vectorized MCTS] Step 025: 38 games active. Step time: 2593.7ms. Total moves played: 986
   [Vectorized MCTS] Step 030: 38 games active. Step time: 2582.9ms. Total moves played: 1176
   [Vectorized MCTS] Step 035: 38 games active. Step time: 2594.7ms. Total moves played: 1366
   [Vectorized MCTS] Step 040: 38 games active. Step time: 2585.9ms. Total moves played: 1556
   [Vectorized MCTS] Step 045: 38 games active. Step time: 2587.3ms. Total moves played: 1746
   [Vectorized MCTS] Step 050: 38 games active. Step time: 2588.8ms. Total moves played: 1936
   [Vectorized MCTS] Step 055: 38 games active. Step time: 2588.8ms. Total moves played: 2126
   [Vectorized MCTS] Step 060: 38 games active. Step time: 2604.7ms. Total moves played: 2316
   [Vectorized MCTS] Step 065: 38 games active. Step time: 2591.2ms. Total moves played: 2506
   [Vectorized MCTS] Step 070: 38 games active. Step time: 2593.1ms. Total moves played: 2696
   [Vectorized MCTS] Step 075: 38 games active. Step time: 2583.5ms. Total moves played: 2886
   [Vectorized MCTS] Step 080: 38 games active. Step time: 2610.5ms. Total moves played: 3076
   [Vectorized MCTS] Step 085: 38 games active. Step time: 2560.7ms. Total moves played: 3266
   [Vectorized MCTS] Step 090: 38 games active. Step time: 2601.3ms. Total moves played: 3456
   [Vectorized MCTS] Step 095: 38 games active. Step time: 2584.6ms. Total moves played: 3646
   [Vectorized MCTS] Step 100: 38 games active. Step time: 2591.5ms. Total moves played: 3836
   [Vectorized MCTS] Step 105: 38 games active. Step time: 2583.6ms. Total moves played: 4026
   [Vectorized MCTS] Step 110: 38 games active. Step time: 2618.1ms. Total moves played: 4216
   [Vectorized MCTS] Step 115: 38 games active. Step time: 2591.4ms. Total moves played: 4406
   [Vectorized MCTS] Step 120: 38 games active. Step time: 2621.9ms. Total moves played: 4596
   [Vectorized MCTS] Step 125: 38 games active. Step time: 2598.6ms. Total moves played: 4786
   [Vectorized MCTS] Step 130: 38 games active. Step time: 2587.5ms. Total moves played: 4976
   [Vectorized MCTS] Step 135: 38 games active. Step time: 2596.6ms. Total moves played: 5166
   [Vectorized MCTS] Step 140: 38 games active. Step time: 2549.6ms. Total moves played: 5356
   [Vectorized MCTS] Step 145: 38 games active. Step time: 2556.8ms. Total moves played: 5546
   [Vectorized MCTS] Step 150: 37 games active. Step time: 2454.9ms. Total moves played: 5734
   [Vectorized MCTS] Step 155: 33 games active. Step time: 2330.6ms. Total moves played: 5915
   [Vectorized MCTS] Step 160: 16 games active. Step time: 1994.3ms. Total moves played: 6067
   [Vectorized MCTS] Step 162: 00 games active. Step time: 1350.8ms. Total moves played: 6098
[1000/1000] Vectorized selfplay games completed.

Collection completed in 10582.1 seconds (10.582s/game average).
