Starting self-play collection using /Users/nilbot/playground/autogo-mlx/experiments/001_train_from_scratch/checkpoints/iter12.safetensors
--> Progressive sims enabled. Iteration 12 -> 64 simulations.
--> League play enabled: Selected historical opponent iter0.safetensors (3-channel model)
Config: num-games=1000, simulations=64, workers=8
--> Starting batch of 64 vectorized games (games 0 to 63)...
   [Vectorized MCTS] Step 001: 64 games active. Step time: 4037.5ms. Total moves played: 64
   [Vectorized MCTS] Step 005: 64 games active. Step time: 3976.9ms. Total moves played: 320
   [Vectorized MCTS] Step 010: 40 games active. Step time: 4116.1ms. Total moves played: 640
   [Vectorized MCTS] Step 015: 31 games active. Step time: 2024.4ms. Total moves played: 809
   [Vectorized MCTS] Step 020: 31 games active. Step time: 2142.6ms. Total moves played: 964
   [Vectorized MCTS] Step 025: 31 games active. Step time: 2131.7ms. Total moves played: 1119
   [Vectorized MCTS] Step 030: 31 games active. Step time: 2174.0ms. Total moves played: 1274
   [Vectorized MCTS] Step 035: 31 games active. Step time: 2026.1ms. Total moves played: 1429
   [Vectorized MCTS] Step 040: 31 games active. Step time: 2133.4ms. Total moves played: 1584
   [Vectorized MCTS] Step 045: 31 games active. Step time: 2067.9ms. Total moves played: 1739
   [Vectorized MCTS] Step 050: 31 games active. Step time: 2178.0ms. Total moves played: 1894
   [Vectorized MCTS] Step 055: 31 games active. Step time: 2125.8ms. Total moves played: 2049
   [Vectorized MCTS] Step 060: 31 games active. Step time: 2134.0ms. Total moves played: 2204
   [Vectorized MCTS] Step 065: 31 games active. Step time: 2117.5ms. Total moves played: 2359
   [Vectorized MCTS] Step 070: 31 games active. Step time: 2147.4ms. Total moves played: 2514
   [Vectorized MCTS] Step 075: 31 games active. Step time: 2092.6ms. Total moves played: 2669
   [Vectorized MCTS] Step 080: 31 games active. Step time: 2111.7ms. Total moves played: 2824
   [Vectorized MCTS] Step 085: 31 games active. Step time: 2056.9ms. Total moves played: 2979
   [Vectorized MCTS] Step 090: 31 games active. Step time: 2215.3ms. Total moves played: 3134
   [Vectorized MCTS] Step 095: 31 games active. Step time: 2175.7ms. Total moves played: 3289
   [Vectorized MCTS] Step 100: 29 games active. Step time: 2203.3ms. Total moves played: 3442
   [Vectorized MCTS] Step 105: 26 games active. Step time: 2013.5ms. Total moves played: 3581
   [Vectorized MCTS] Step 110: 25 games active. Step time: 1891.6ms. Total moves played: 3710
   [Vectorized MCTS] Step 115: 23 games active. Step time: 1791.2ms. Total moves played: 3833
   [Vectorized MCTS] Step 120: 21 games active. Step time: 1784.7ms. Total moves played: 3945
   [Vectorized MCTS] Step 125: 20 games active. Step time: 1685.3ms. Total moves played: 4046
   [Vectorized MCTS] Step 130: 16 games active. Step time: 1599.3ms. Total moves played: 4139
   [Vectorized MCTS] Step 135: 13 games active. Step time: 1630.3ms. Total moves played: 4213
   [Vectorized MCTS] Step 140: 10 games active. Step time: 1452.9ms. Total moves played: 4272
   [Vectorized MCTS] Step 145: 08 games active. Step time: 1274.6ms. Total moves played: 4316
   [Vectorized MCTS] Step 150: 06 games active. Step time: 1182.9ms. Total moves played: 4350
   [Vectorized MCTS] Step 155: 03 games active. Step time: 1035.2ms. Total moves played: 4373
   [Vectorized MCTS] Step 160: 02 games active. Step time: 530.2ms. Total moves played: 4384
   [Vectorized MCTS] Step 165: 00 games active. Step time: 481.6ms. Total moves played: 4390
[0064/1000] Vectorized selfplay games completed.
--> Starting batch of 64 vectorized games (games 64 to 127)...
   [Vectorized MCTS] Step 001: 64 games active. Step time: 4283.2ms. Total moves played: 64
   [Vectorized MCTS] Step 005: 64 games active. Step time: 4270.0ms. Total moves played: 320
   [Vectorized MCTS] Step 010: 36 games active. Step time: 4200.9ms. Total moves played: 640
   [Vectorized MCTS] Step 015: 26 games active. Step time: 2060.4ms. Total moves played: 785
   [Vectorized MCTS] Step 020: 26 games active. Step time: 1885.3ms. Total moves played: 915
   [Vectorized MCTS] Step 025: 26 games active. Step time: 2050.1ms. Total moves played: 1045
   [Vectorized MCTS] Step 030: 26 games active. Step time: 1866.2ms. Total moves played: 1175
   [Vectorized MCTS] Step 035: 26 games active. Step time: 2076.0ms. Total moves played: 1305
   [Vectorized MCTS] Step 040: 26 games active. Step time: 1846.0ms. Total moves played: 1435
   [Vectorized MCTS] Step 045: 26 games active. Step time: 2072.2ms. Total moves played: 1565
   [Vectorized MCTS] Step 050: 26 games active. Step time: 1857.9ms. Total moves played: 1695
   [Vectorized MCTS] Step 055: 26 games active. Step time: 2027.3ms. Total moves played: 1825
   [Vectorized MCTS] Step 060: 26 games active. Step time: 1864.7ms. Total moves played: 1955
   [Vectorized MCTS] Step 065: 26 games active. Step time: 2001.0ms. Total moves played: 2085
   [Vectorized MCTS] Step 070: 26 games active. Step time: 1862.5ms. Total moves played: 2215
   [Vectorized MCTS] Step 075: 26 games active. Step time: 2018.8ms. Total moves played: 2345
   [Vectorized MCTS] Step 080: 26 games active. Step time: 1849.3ms. Total moves played: 2475
   [Vectorized MCTS] Step 085: 26 games active. Step time: 2002.3ms. Total moves played: 2605
   [Vectorized MCTS] Step 090: 26 games active. Step time: 1861.0ms. Total moves played: 2735
   [Vectorized MCTS] Step 095: 26 games active. Step time: 2049.8ms. Total moves played: 2865
   [Vectorized MCTS] Step 100: 24 games active. Step time: 1749.5ms. Total moves played: 2991
   [Vectorized MCTS] Step 105: 22 games active. Step time: 1753.2ms. Total moves played: 3109
   [Vectorized MCTS] Step 110: 22 games active. Step time: 1732.4ms. Total moves played: 3219
   [Vectorized MCTS] Step 115: 17 games active. Step time: 1566.7ms. Total moves played: 3322
   [Vectorized MCTS] Step 120: 16 games active. Step time: 1523.0ms. Total moves played: 3403
   [Vectorized MCTS] Step 125: 10 games active. Step time: 1495.4ms. Total moves played: 3478
   [Vectorized MCTS] Step 130: 10 games active. Step time: 1436.9ms. Total moves played: 3528
   [Vectorized MCTS] Step 135: 08 games active. Step time: 1310.9ms. Total moves played: 3572
   [Vectorized MCTS] Step 140: 06 games active. Step time: 1155.1ms. Total moves played: 3609
   [Vectorized MCTS] Step 145: 06 games active. Step time: 1166.8ms. Total moves played: 3639
   [Vectorized MCTS] Step 150: 05 games active. Step time: 1122.8ms. Total moves played: 3668
   [Vectorized MCTS] Step 155: 04 games active. Step time: 1087.1ms. Total moves played: 3692
   [Vectorized MCTS] Step 160: 04 games active. Step time: 1080.1ms. Total moves played: 3712
   [Vectorized MCTS] Step 165: 03 games active. Step time: 1053.5ms. Total moves played: 3728
   [Vectorized MCTS] Step 170: 01 games active. Step time: 487.1ms. Total moves played: 3737
   [Vectorized MCTS] Step 175: 01 games active. Step time: 492.3ms. Total moves played: 3742
   [Vectorized MCTS] Step 180: 01 games active. Step time: 479.8ms. Total moves played: 3747
   [Vectorized MCTS] Step 185: 01 games active. Step time: 487.6ms. Total moves played: 3752
   [Vectorized MCTS] Step 190: 01 games active. Step time: 484.8ms. Total moves played: 3757
   [Vectorized MCTS] Step 195: 01 games active. Step time: 487.5ms. Total moves played: 3762
   [Vectorized MCTS] Step 200: 01 games active. Step time: 481.4ms. Total moves played: 3767
   [Vectorized MCTS] Step 205: 01 games active. Step time: 485.0ms. Total moves played: 3772
   [Vectorized MCTS] Step 207: 00 games active. Step time: 481.0ms. Total moves played: 3774
[0128/1000] Vectorized selfplay games completed.
--> Starting batch of 64 vectorized games (games 128 to 191)...
   [Vectorized MCTS] Step 001: 64 games active. Step time: 4186.9ms. Total moves played: 64
   [Vectorized MCTS] Step 005: 64 games active. Step time: 4228.4ms. Total moves played: 320
   [Vectorized MCTS] Step 010: 45 games active. Step time: 4309.1ms. Total moves played: 640
   [Vectorized MCTS] Step 015: 31 games active. Step time: 2203.1ms. Total moves played: 815
   [Vectorized MCTS] Step 020: 31 games active. Step time: 2235.4ms. Total moves played: 970
   [Vectorized MCTS] Step 025: 31 games active. Step time: 2189.9ms. Total moves played: 1125
   [Vectorized MCTS] Step 030: 31 games active. Step time: 2201.5ms. Total moves played: 1280
   [Vectorized MCTS] Step 035: 31 games active. Step time: 2170.2ms. Total moves played: 1435
   [Vectorized MCTS] Step 040: 31 games active. Step time: 2222.4ms. Total moves played: 1590
   [Vectorized MCTS] Step 045: 31 games active. Step time: 2180.5ms. Total moves played: 1745
   [Vectorized MCTS] Step 050: 31 games active. Step time: 2204.7ms. Total moves played: 1900
   [Vectorized MCTS] Step 055: 31 games active. Step time: 2292.0ms. Total moves played: 2055
   [Vectorized MCTS] Step 060: 31 games active. Step time: 2317.5ms. Total moves played: 2210
   [Vectorized MCTS] Step 065: 31 games active. Step time: 2250.6ms. Total moves played: 2365
   [Vectorized MCTS] Step 070: 31 games active. Step time: 2309.8ms. Total moves played: 2520
   [Vectorized MCTS] Step 075: 31 games active. Step time: 2239.5ms. Total moves played: 2675
   [Vectorized MCTS] Step 080: 31 games active. Step time: 2313.5ms. Total moves played: 2830
   [Vectorized MCTS] Step 085: 31 games active. Step time: 2248.8ms. Total moves played: 2985
   [Vectorized MCTS] Step 090: 30 games active. Step time: 2261.3ms. Total moves played: 3136
   [Vectorized MCTS] Step 095: 29 games active. Step time: 2165.4ms. Total moves played: 3283
   [Vectorized MCTS] Step 100: 25 games active. Step time: 2142.7ms. Total moves played: 3421
   [Vectorized MCTS] Step 105: 23 games active. Step time: 1883.9ms. Total moves played: 3543
   [Vectorized MCTS] Step 110: 22 games active. Step time: 1916.6ms. Total moves played: 3658
   [Vectorized MCTS] Step 115: 18 games active. Step time: 1834.0ms. Total moves played: 3767
   [Vectorized MCTS] Step 120: 15 games active. Step time: 1717.7ms. Total moves played: 3850
   [Vectorized MCTS] Step 125: 14 games active. Step time: 1632.3ms. Total moves played: 3923
   [Vectorized MCTS] Step 130: 12 games active. Step time: 1585.8ms. Total moves played: 3990
   [Vectorized MCTS] Step 135: 09 games active. Step time: 1451.3ms. Total moves played: 4042
   [Vectorized MCTS] Step 140: 07 games active. Step time: 1376.4ms. Total moves played: 4085
   [Vectorized MCTS] Step 145: 05 games active. Step time: 1207.5ms. Total moves played: 4114
   [Vectorized MCTS] Step 150: 04 games active. Step time: 1146.9ms. Total moves played: 4137
   [Vectorized MCTS] Step 155: 04 games active. Step time: 1130.4ms. Total moves played: 4157
   [Vectorized MCTS] Step 159: 00 games active. Step time: 506.4ms. Total moves played: 4166
[0192/1000] Vectorized selfplay games completed.
--> Starting batch of 64 vectorized games (games 192 to 255)...
   [Vectorized MCTS] Step 001: 64 games active. Step time: 4333.9ms. Total moves played: 64
   [Vectorized MCTS] Step 005: 64 games active. Step time: 4370.4ms. Total moves played: 320
   [Vectorized MCTS] Step 010: 36 games active. Step time: 4405.3ms. Total moves played: 640
   [Vectorized MCTS] Step 015: 32 games active. Step time: 2339.1ms. Total moves played: 805
   [Vectorized MCTS] Step 020: 32 games active. Step time: 2341.6ms. Total moves played: 965
   [Vectorized MCTS] Step 025: 32 games active. Step time: 2324.7ms. Total moves played: 1125
   [Vectorized MCTS] Step 030: 32 games active. Step time: 2298.4ms. Total moves played: 1285
   [Vectorized MCTS] Step 035: 32 games active. Step time: 2344.3ms. Total moves played: 1445
   [Vectorized MCTS] Step 040: 32 games active. Step time: 2334.1ms. Total moves played: 1605
   [Vectorized MCTS] Step 045: 32 games active. Step time: 2301.2ms. Total moves played: 1765
   [Vectorized MCTS] Step 050: 32 games active. Step time: 2324.9ms. Total moves played: 1925
   [Vectorized MCTS] Step 055: 32 games active. Step time: 2291.2ms. Total moves played: 2085
   [Vectorized MCTS] Step 060: 32 games active. Step time: 2284.8ms. Total moves played: 2245
   [Vectorized MCTS] Step 065: 32 games active. Step time: 2302.4ms. Total moves played: 2405
   [Vectorized MCTS] Step 070: 32 games active. Step time: 2265.0ms. Total moves played: 2565
   [Vectorized MCTS] Step 075: 32 games active. Step time: 2311.6ms. Total moves played: 2725
   [Vectorized MCTS] Step 080: 32 games active. Step time: 2287.0ms. Total moves played: 2885
   [Vectorized MCTS] Step 085: 32 games active. Step time: 2298.6ms. Total moves played: 3045
   [Vectorized MCTS] Step 090: 32 games active. Step time: 2291.9ms. Total moves played: 3205
   [Vectorized MCTS] Step 095: 32 games active. Step time: 2271.0ms. Total moves played: 3365
   [Vectorized MCTS] Step 100: 31 games active. Step time: 2254.3ms. Total moves played: 3523
   [Vectorized MCTS] Step 105: 29 games active. Step time: 2154.3ms. Total moves played: 3674
   [Vectorized MCTS] Step 110: 23 games active. Step time: 1991.4ms. Total moves played: 3810
   [Vectorized MCTS] Step 115: 18 games active. Step time: 1710.9ms. Total moves played: 3911
   [Vectorized MCTS] Step 120: 15 games active. Step time: 1651.2ms. Total moves played: 3995
   [Vectorized MCTS] Step 125: 15 games active. Step time: 1605.2ms. Total moves played: 4070
   [Vectorized MCTS] Step 130: 14 games active. Step time: 1593.4ms. Total moves played: 4144
   [Vectorized MCTS] Step 135: 09 games active. Step time: 1465.2ms. Total moves played: 4206
   [Vectorized MCTS] Step 140: 07 games active. Step time: 1331.8ms. Total moves played: 4247
   [Vectorized MCTS] Step 145: 06 games active. Step time: 1255.8ms. Total moves played: 4279
   [Vectorized MCTS] Step 150: 03 games active. Step time: 641.8ms. Total moves played: 4301
   [Vectorized MCTS] Step 155: 03 games active. Step time: 1144.3ms. Total moves played: 4316
   [Vectorized MCTS] Step 160: 01 games active. Step time: 588.9ms. Total moves played: 4329
   [Vectorized MCTS] Step 165: 01 games active. Step time: 532.6ms. Total moves played: 4334
   [Vectorized MCTS] Step 170: 01 games active. Step time: 506.2ms. Total moves played: 4339
   [Vectorized MCTS] Step 175: 01 games active. Step time: 511.6ms. Total moves played: 4344
   [Vectorized MCTS] Step 180: 01 games active. Step time: 534.8ms. Total moves played: 4349
   [Vectorized MCTS] Step 185: 01 games active. Step time: 507.7ms. Total moves played: 4354
   [Vectorized MCTS] Step 188: 00 games active. Step time: 505.9ms. Total moves played: 4357
[0256/1000] Vectorized selfplay games completed.
--> Starting batch of 64 vectorized games (games 256 to 319)...
   [Vectorized MCTS] Step 001: 64 games active. Step time: 4245.2ms. Total moves played: 64
   [Vectorized MCTS] Step 005: 64 games active. Step time: 4323.8ms. Total moves played: 320
   [Vectorized MCTS] Step 010: 43 games active. Step time: 4359.2ms. Total moves played: 640
   [Vectorized MCTS] Step 015: 31 games active. Step time: 2305.8ms. Total moves played: 818
   [Vectorized MCTS] Step 020: 31 games active. Step time: 2243.3ms. Total moves played: 973
   [Vectorized MCTS] Step 025: 31 games active. Step time: 2334.6ms. Total moves played: 1128
   [Vectorized MCTS] Step 030: 31 games active. Step time: 2221.0ms. Total moves played: 1283
   [Vectorized MCTS] Step 035: 31 games active. Step time: 2359.5ms. Total moves played: 1438
   [Vectorized MCTS] Step 040: 31 games active. Step time: 2253.4ms. Total moves played: 1593
   [Vectorized MCTS] Step 045: 31 games active. Step time: 2309.9ms. Total moves played: 1748
   [Vectorized MCTS] Step 050: 31 games active. Step time: 2215.6ms. Total moves played: 1903
   [Vectorized MCTS] Step 055: 31 games active. Step time: 2330.5ms. Total moves played: 2058
   [Vectorized MCTS] Step 060: 31 games active. Step time: 2238.8ms. Total moves played: 2213
   [Vectorized MCTS] Step 065: 31 games active. Step time: 2303.5ms. Total moves played: 2368
   [Vectorized MCTS] Step 070: 31 games active. Step time: 2234.2ms. Total moves played: 2523
   [Vectorized MCTS] Step 075: 31 games active. Step time: 2296.7ms. Total moves played: 2678
   [Vectorized MCTS] Step 080: 31 games active. Step time: 2215.7ms. Total moves played: 2833
   [Vectorized MCTS] Step 085: 31 games active. Step time: 2283.5ms. Total moves played: 2988
   [Vectorized MCTS] Step 090: 31 games active. Step time: 2260.8ms. Total moves played: 3143
   [Vectorized MCTS] Step 095: 30 games active. Step time: 2241.2ms. Total moves played: 3297
   [Vectorized MCTS] Step 100: 30 games active. Step time: 2180.3ms. Total moves played: 3447
   [Vectorized MCTS] Step 105: 28 games active. Step time: 2209.9ms. Total moves played: 3596
   [Vectorized MCTS] Step 110: 27 games active. Step time: 2005.7ms. Total moves played: 3732
   [Vectorized MCTS] Step 115: 24 games active. Step time: 1903.3ms. Total moves played: 3861
   [Vectorized MCTS] Step 120: 22 games active. Step time: 1884.1ms. Total moves played: 3981
   [Vectorized MCTS] Step 125: 20 games active. Step time: 1790.7ms. Total moves played: 4083
   [Vectorized MCTS] Step 130: 16 games active. Step time: 1672.9ms. Total moves played: 4174
   [Vectorized MCTS] Step 135: 13 games active. Step time: 1568.4ms. Total moves played: 4243
   [Vectorized MCTS] Step 140: 10 games active. Step time: 1470.5ms. Total moves played: 4302
   [Vectorized MCTS] Step 145: 08 games active. Step time: 1360.3ms. Total moves played: 4344
   [Vectorized MCTS] Step 150: 08 games active. Step time: 1378.4ms. Total moves played: 4384
   [Vectorized MCTS] Step 155: 06 games active. Step time: 1247.6ms. Total moves played: 4422
   [Vectorized MCTS] Step 160: 04 games active. Step time: 1148.7ms. Total moves played: 4447
   [Vectorized MCTS] Step 165: 02 games active. Step time: 562.3ms. Total moves played: 4461
   [Vectorized MCTS] Step 170: 01 games active. Step time: 533.8ms. Total moves played: 4468
   [Vectorized MCTS] Step 175: 00 games active. Step time: 532.1ms. Total moves played: 4473
[0320/1000] Vectorized selfplay games completed.
--> Starting batch of 64 vectorized games (games 320 to 383)...
   [Vectorized MCTS] Step 001: 64 games active. Step time: 4317.4ms. Total moves played: 64
   [Vectorized MCTS] Step 005: 64 games active. Step time: 4386.7ms. Total moves played: 320
   [Vectorized MCTS] Step 010: 41 games active. Step time: 4431.2ms. Total moves played: 640
   [Vectorized MCTS] Step 015: 33 games active. Step time: 2387.8ms. Total moves played: 815
   [Vectorized MCTS] Step 020: 33 games active. Step time: 2324.9ms. Total moves played: 980
   [Vectorized MCTS] Step 025: 33 games active. Step time: 2253.7ms. Total moves played: 1145
   [Vectorized MCTS] Step 030: 33 games active. Step time: 2227.4ms. Total moves played: 1310
   [Vectorized MCTS] Step 035: 33 games active. Step time: 2263.6ms. Total moves played: 1475
   [Vectorized MCTS] Step 040: 33 games active. Step time: 2240.1ms. Total moves played: 1640
   [Vectorized MCTS] Step 045: 33 games active. Step time: 2346.6ms. Total moves played: 1805
   [Vectorized MCTS] Step 050: 33 games active. Step time: 2185.2ms. Total moves played: 1970
   [Vectorized MCTS] Step 055: 33 games active. Step time: 2315.1ms. Total moves played: 2135
   [Vectorized MCTS] Step 060: 33 games active. Step time: 2343.0ms. Total moves played: 2300
   [Vectorized MCTS] Step 065: 33 games active. Step time: 2283.8ms. Total moves played: 2465
   [Vectorized MCTS] Step 070: 33 games active. Step time: 2223.7ms. Total moves played: 2630
   [Vectorized MCTS] Step 075: 33 games active. Step time: 2262.1ms. Total moves played: 2795
   [Vectorized MCTS] Step 080: 33 games active. Step time: 2245.2ms. Total moves played: 2960
   [Vectorized MCTS] Step 085: 33 games active. Step time: 2330.9ms. Total moves played: 3125
   [Vectorized MCTS] Step 090: 31 games active. Step time: 2199.0ms. Total moves played: 3287
   [Vectorized MCTS] Step 095: 30 games active. Step time: 2132.1ms. Total moves played: 3442
   [Vectorized MCTS] Step 100: 28 games active. Step time: 1958.3ms. Total moves played: 3587
   [Vectorized MCTS] Step 105: 27 games active. Step time: 1973.4ms. Total moves played: 3724
   [Vectorized MCTS] Step 110: 21 games active. Step time: 1729.8ms. Total moves played: 3848
   [Vectorized MCTS] Step 115: 18 games active. Step time: 1540.4ms. Total moves played: 3950
   [Vectorized MCTS] Step 120: 14 games active. Step time: 1507.0ms. Total moves played: 4029
   [Vectorized MCTS] Step 125: 09 games active. Step time: 1392.0ms. Total moves played: 4090
   [Vectorized MCTS] Step 130: 09 games active. Step time: 1301.2ms. Total moves played: 4135
   [Vectorized MCTS] Step 135: 07 games active. Step time: 1229.3ms. Total moves played: 4174
   [Vectorized MCTS] Step 140: 05 games active. Step time: 1111.2ms. Total moves played: 4205
   [Vectorized MCTS] Step 145: 04 games active. Step time: 1054.2ms. Total moves played: 4228
   [Vectorized MCTS] Step 150: 04 games active. Step time: 1096.7ms. Total moves played: 4248
   [Vectorized MCTS] Step 155: 04 games active. Step time: 1044.6ms. Total moves played: 4268
   [Vectorized MCTS] Step 159: 00 games active. Step time: 555.8ms. Total moves played: 4283
[0384/1000] Vectorized selfplay games completed.
--> Starting batch of 64 vectorized games (games 384 to 447)...
   [Vectorized MCTS] Step 001: 64 games active. Step time: 4553.5ms. Total moves played: 64
   [Vectorized MCTS] Step 005: 64 games active. Step time: 4398.5ms. Total moves played: 320
   [Vectorized MCTS] Step 010: 38 games active. Step time: 4344.2ms. Total moves played: 640
   [Vectorized MCTS] Step 015: 31 games active. Step time: 2214.6ms. Total moves played: 807
   [Vectorized MCTS] Step 020: 31 games active. Step time: 2167.6ms. Total moves played: 962
   [Vectorized MCTS] Step 025: 31 games active. Step time: 2261.7ms. Total moves played: 1117
   [Vectorized MCTS] Step 030: 31 games active. Step time: 2166.4ms. Total moves played: 1272
   [Vectorized MCTS] Step 035: 31 games active. Step time: 2158.6ms. Total moves played: 1427
   [Vectorized MCTS] Step 040: 31 games active. Step time: 2180.6ms. Total moves played: 1582
   [Vectorized MCTS] Step 045: 31 games active. Step time: 2190.7ms. Total moves played: 1737
   [Vectorized MCTS] Step 050: 31 games active. Step time: 2165.7ms. Total moves played: 1892
   [Vectorized MCTS] Step 055: 31 games active. Step time: 2150.6ms. Total moves played: 2047
   [Vectorized MCTS] Step 060: 31 games active. Step time: 2161.4ms. Total moves played: 2202
   [Vectorized MCTS] Step 065: 31 games active. Step time: 1986.8ms. Total moves played: 2357
   [Vectorized MCTS] Step 070: 31 games active. Step time: 2205.5ms. Total moves played: 2512
   [Vectorized MCTS] Step 075: 31 games active. Step time: 2155.2ms. Total moves played: 2667
   [Vectorized MCTS] Step 080: 31 games active. Step time: 2119.6ms. Total moves played: 2822
   [Vectorized MCTS] Step 085: 31 games active. Step time: 2164.5ms. Total moves played: 2977
   [Vectorized MCTS] Step 090: 30 games active. Step time: 2124.1ms. Total moves played: 3131
   [Vectorized MCTS] Step 095: 30 games active. Step time: 2182.2ms. Total moves played: 3281
   [Vectorized MCTS] Step 100: 28 games active. Step time: 2110.7ms. Total moves played: 3431
   [Vectorized MCTS] Step 105: 26 games active. Step time: 1984.4ms. Total moves played: 3564
   [Vectorized MCTS] Step 110: 22 games active. Step time: 1800.2ms. Total moves played: 3687
   [Vectorized MCTS] Step 115: 17 games active. Step time: 1666.5ms. Total moves played: 3786
   [Vectorized MCTS] Step 120: 17 games active. Step time: 1606.7ms. Total moves played: 3871
   [Vectorized MCTS] Step 125: 13 games active. Step time: 1497.2ms. Total moves played: 3946
   [Vectorized MCTS] Step 130: 09 games active. Step time: 1283.7ms. Total moves played: 4003
   [Vectorized MCTS] Step 135: 08 games active. Step time: 1270.4ms. Total moves played: 4045
   [Vectorized MCTS] Step 140: 08 games active. Step time: 1257.2ms. Total moves played: 4085
   [Vectorized MCTS] Step 145: 04 games active. Step time: 1130.7ms. Total moves played: 4114
   [Vectorized MCTS] Step 150: 04 games active. Step time: 662.6ms. Total moves played: 4134
   [Vectorized MCTS] Step 155: 04 games active. Step time: 635.3ms. Total moves played: 4154
   [Vectorized MCTS] Step 158: 00 games active. Step time: 576.4ms. Total moves played: 4164
[0448/1000] Vectorized selfplay games completed.
--> Starting batch of 64 vectorized games (games 448 to 511)...
   [Vectorized MCTS] Step 001: 64 games active. Step time: 4266.3ms. Total moves played: 64
   [Vectorized MCTS] Step 005: 64 games active. Step time: 4158.7ms. Total moves played: 320
   [Vectorized MCTS] Step 010: 43 games active. Step time: 4252.2ms. Total moves played: 640
   [Vectorized MCTS] Step 015: 32 games active. Step time: 2210.4ms. Total moves played: 818
   [Vectorized MCTS] Step 020: 32 games active. Step time: 2209.1ms. Total moves played: 978
   [Vectorized MCTS] Step 025: 32 games active. Step time: 2276.4ms. Total moves played: 1138
   [Vectorized MCTS] Step 030: 32 games active. Step time: 2241.1ms. Total moves played: 1298
   [Vectorized MCTS] Step 035: 32 games active. Step time: 2266.5ms. Total moves played: 1458
   [Vectorized MCTS] Step 040: 32 games active. Step time: 2210.3ms. Total moves played: 1618
   [Vectorized MCTS] Step 045: 32 games active. Step time: 2217.0ms. Total moves played: 1778
   [Vectorized MCTS] Step 050: 32 games active. Step time: 2306.7ms. Total moves played: 1938
   [Vectorized MCTS] Step 055: 32 games active. Step time: 2222.0ms. Total moves played: 2098
   [Vectorized MCTS] Step 060: 32 games active. Step time: 2166.9ms. Total moves played: 2258
   [Vectorized MCTS] Step 065: 32 games active. Step time: 2212.4ms. Total moves played: 2418
   [Vectorized MCTS] Step 070: 32 games active. Step time: 2181.5ms. Total moves played: 2578
   [Vectorized MCTS] Step 075: 32 games active. Step time: 2204.6ms. Total moves played: 2738
   [Vectorized MCTS] Step 080: 32 games active. Step time: 2181.0ms. Total moves played: 2898
   [Vectorized MCTS] Step 085: 32 games active. Step time: 2189.5ms. Total moves played: 3058
   [Vectorized MCTS] Step 090: 31 games active. Step time: 2146.7ms. Total moves played: 3216
   [Vectorized MCTS] Step 095: 31 games active. Step time: 2148.3ms. Total moves played: 3371
   [Vectorized MCTS] Step 100: 28 games active. Step time: 2017.2ms. Total moves played: 3516
   [Vectorized MCTS] Step 105: 23 games active. Step time: 1865.2ms. Total moves played: 3650
   [Vectorized MCTS] Step 110: 22 games active. Step time: 1690.5ms. Total moves played: 3762
   [Vectorized MCTS] Step 115: 18 games active. Step time: 1643.7ms. Total moves played: 3863
   [Vectorized MCTS] Step 120: 15 games active. Step time: 1493.8ms. Total moves played: 3948
   [Vectorized MCTS] Step 125: 13 games active. Step time: 1485.5ms. Total moves played: 4021
   [Vectorized MCTS] Step 130: 09 games active. Step time: 1421.0ms. Total moves played: 4084
   [Vectorized MCTS] Step 135: 04 games active. Step time: 1102.1ms. Total moves played: 4118
   [Vectorized MCTS] Step 140: 02 games active. Step time: 1005.6ms. Total moves played: 4136
   [Vectorized MCTS] Step 145: 02 games active. Step time: 539.0ms. Total moves played: 4146
   [Vectorized MCTS] Step 150: 01 games active. Step time: 478.2ms. Total moves played: 4153
   [Vectorized MCTS] Step 155: 01 games active. Step time: 479.8ms. Total moves played: 4158
   [Vectorized MCTS] Step 157: 00 games active. Step time: 475.3ms. Total moves played: 4160
[0512/1000] Vectorized selfplay games completed.
--> Starting batch of 64 vectorized games (games 512 to 575)...
   [Vectorized MCTS] Step 001: 64 games active. Step time: 4435.6ms. Total moves played: 64
   [Vectorized MCTS] Step 005: 64 games active. Step time: 4302.5ms. Total moves played: 320
   [Vectorized MCTS] Step 010: 48 games active. Step time: 4406.3ms. Total moves played: 640
   [Vectorized MCTS] Step 015: 28 games active. Step time: 2060.8ms. Total moves played: 811
   [Vectorized MCTS] Step 020: 28 games active. Step time: 2123.7ms. Total moves played: 951
   [Vectorized MCTS] Step 025: 28 games active. Step time: 2051.3ms. Total moves played: 1091
   [Vectorized MCTS] Step 030: 28 games active. Step time: 2049.2ms. Total moves played: 1231
   [Vectorized MCTS] Step 035: 28 games active. Step time: 2060.3ms. Total moves played: 1371
   [Vectorized MCTS] Step 040: 28 games active. Step time: 2049.9ms. Total moves played: 1511
   [Vectorized MCTS] Step 045: 28 games active. Step time: 2041.0ms. Total moves played: 1651
   [Vectorized MCTS] Step 050: 28 games active. Step time: 2053.8ms. Total moves played: 1791
   [Vectorized MCTS] Step 055: 28 games active. Step time: 2049.7ms. Total moves played: 1931
   [Vectorized MCTS] Step 060: 28 games active. Step time: 2013.2ms. Total moves played: 2071
   [Vectorized MCTS] Step 065: 28 games active. Step time: 2032.2ms. Total moves played: 2211
   [Vectorized MCTS] Step 070: 28 games active. Step time: 1979.6ms. Total moves played: 2351
   [Vectorized MCTS] Step 075: 28 games active. Step time: 2030.8ms. Total moves played: 2491
   [Vectorized MCTS] Step 080: 27 games active. Step time: 2040.4ms. Total moves played: 2631
   [Vectorized MCTS] Step 085: 27 games active. Step time: 2001.1ms. Total moves played: 2766
   [Vectorized MCTS] Step 090: 27 games active. Step time: 1991.7ms. Total moves played: 2901
   [Vectorized MCTS] Step 095: 25 games active. Step time: 1951.6ms. Total moves played: 3035
   [Vectorized MCTS] Step 100: 22 games active. Step time: 1826.5ms. Total moves played: 3152
   [Vectorized MCTS] Step 105: 21 games active. Step time: 1687.9ms. Total moves played: 3262
   [Vectorized MCTS] Step 110: 16 games active. Step time: 1651.6ms. Total moves played: 3361
   [Vectorized MCTS] Step 115: 15 games active. Step time: 1567.2ms. Total moves played: 3441
   [Vectorized MCTS] Step 120: 13 games active. Step time: 1496.1ms. Total moves played: 3513
   [Vectorized MCTS] Step 125: 10 games active. Step time: 1361.8ms. Total moves played: 3570
   [Vectorized MCTS] Step 130: 06 games active. Step time: 1176.9ms. Total moves played: 3609
   [Vectorized MCTS] Step 135: 03 games active. Step time: 1055.8ms. Total moves played: 3634
   [Vectorized MCTS] Step 140: 03 games active. Step time: 1044.7ms. Total moves played: 3649
   [Vectorized MCTS] Step 145: 03 games active. Step time: 1056.1ms. Total moves played: 3664
   [Vectorized MCTS] Step 150: 03 games active. Step time: 1011.5ms. Total moves played: 3679
   [Vectorized MCTS] Step 155: 03 games active. Step time: 1008.1ms. Total moves played: 3694
   [Vectorized MCTS] Step 160: 01 games active. Step time: 482.9ms. Total moves played: 3704
   [Vectorized MCTS] Step 163: 00 games active. Step time: 470.8ms. Total moves played: 3707
[0576/1000] Vectorized selfplay games completed.
--> Starting batch of 64 vectorized games (games 576 to 639)...
   [Vectorized MCTS] Step 001: 64 games active. Step time: 4247.3ms. Total moves played: 64
   [Vectorized MCTS] Step 005: 64 games active. Step time: 4206.1ms. Total moves played: 320
   [Vectorized MCTS] Step 010: 44 games active. Step time: 4217.5ms. Total moves played: 640
   [Vectorized MCTS] Step 015: 31 games active. Step time: 2244.4ms. Total moves played: 815
   [Vectorized MCTS] Step 020: 31 games active. Step time: 2194.7ms. Total moves played: 970
   [Vectorized MCTS] Step 025: 31 games active. Step time: 2265.5ms. Total moves played: 1125
   [Vectorized MCTS] Step 030: 31 games active. Step time: 2155.1ms. Total moves played: 1280
   [Vectorized MCTS] Step 035: 31 games active. Step time: 2249.0ms. Total moves played: 1435
   [Vectorized MCTS] Step 040: 31 games active. Step time: 2174.5ms. Total moves played: 1590
   [Vectorized MCTS] Step 045: 31 games active. Step time: 2259.0ms. Total moves played: 1745
   [Vectorized MCTS] Step 050: 31 games active. Step time: 2138.9ms. Total moves played: 1900
   [Vectorized MCTS] Step 055: 31 games active. Step time: 2236.9ms. Total moves played: 2055
   [Vectorized MCTS] Step 060: 31 games active. Step time: 2152.7ms. Total moves played: 2210
   [Vectorized MCTS] Step 065: 31 games active. Step time: 2221.8ms. Total moves played: 2365
   [Vectorized MCTS] Step 070: 31 games active. Step time: 2163.6ms. Total moves played: 2520
   [Vectorized MCTS] Step 075: 31 games active. Step time: 2241.0ms. Total moves played: 2675
   [Vectorized MCTS] Step 080: 31 games active. Step time: 2168.6ms. Total moves played: 2830
   [Vectorized MCTS] Step 085: 31 games active. Step time: 2208.1ms. Total moves played: 2985
   [Vectorized MCTS] Step 090: 31 games active. Step time: 2139.7ms. Total moves played: 3140
   [Vectorized MCTS] Step 095: 30 games active. Step time: 2182.0ms. Total moves played: 3292
   [Vectorized MCTS] Step 100: 26 games active. Step time: 2070.5ms. Total moves played: 3432
   [Vectorized MCTS] Step 105: 23 games active. Step time: 2000.1ms. Total moves played: 3562
   [Vectorized MCTS] Step 110: 23 games active. Step time: 1747.9ms. Total moves played: 3677
   [Vectorized MCTS] Step 115: 20 games active. Step time: 1714.3ms. Total moves played: 3783
   [Vectorized MCTS] Step 120: 17 games active. Step time: 1624.8ms. Total moves played: 3877
   [Vectorized MCTS] Step 125: 14 games active. Step time: 1544.1ms. Total moves played: 3958
   [Vectorized MCTS] Step 130: 11 games active. Step time: 1394.6ms. Total moves played: 4022
   [Vectorized MCTS] Step 135: 09 games active. Step time: 1275.3ms. Total moves played: 4072
   [Vectorized MCTS] Step 140: 05 games active. Step time: 1109.8ms. Total moves played: 4104
   [Vectorized MCTS] Step 145: 05 games active. Step time: 1073.6ms. Total moves played: 4129
   [Vectorized MCTS] Step 150: 03 games active. Step time: 1021.9ms. Total moves played: 4147
   [Vectorized MCTS] Step 155: 03 games active. Step time: 1018.7ms. Total moves played: 4162
   [Vectorized MCTS] Step 160: 01 games active. Step time: 484.4ms. Total moves played: 4171
   [Vectorized MCTS] Step 161: 00 games active. Step time: 479.9ms. Total moves played: 4172
[0640/1000] Vectorized selfplay games completed.
--> Starting batch of 64 vectorized games (games 640 to 703)...
   [Vectorized MCTS] Step 001: 64 games active. Step time: 4257.1ms. Total moves played: 64
   [Vectorized MCTS] Step 005: 64 games active. Step time: 4214.9ms. Total moves played: 320
   [Vectorized MCTS] Step 010: 43 games active. Step time: 4232.5ms. Total moves played: 640
   [Vectorized MCTS] Step 015: 37 games active. Step time: 2421.2ms. Total moves played: 835
   [Vectorized MCTS] Step 020: 37 games active. Step time: 2467.2ms. Total moves played: 1020
   [Vectorized MCTS] Step 025: 37 games active. Step time: 2432.3ms. Total moves played: 1205
   [Vectorized MCTS] Step 030: 37 games active. Step time: 2494.6ms. Total moves played: 1390
   [Vectorized MCTS] Step 035: 37 games active. Step time: 2452.9ms. Total moves played: 1575
   [Vectorized MCTS] Step 040: 37 games active. Step time: 2481.3ms. Total moves played: 1760
   [Vectorized MCTS] Step 045: 37 games active. Step time: 2422.9ms. Total moves played: 1945
   [Vectorized MCTS] Step 050: 37 games active. Step time: 2488.3ms. Total moves played: 2130
   [Vectorized MCTS] Step 055: 37 games active. Step time: 2414.3ms. Total moves played: 2315
   [Vectorized MCTS] Step 060: 37 games active. Step time: 2469.6ms. Total moves played: 2500
   [Vectorized MCTS] Step 065: 37 games active. Step time: 2419.0ms. Total moves played: 2685
   [Vectorized MCTS] Step 070: 37 games active. Step time: 2470.8ms. Total moves played: 2870
   [Vectorized MCTS] Step 075: 37 games active. Step time: 2393.2ms. Total moves played: 3055
   [Vectorized MCTS] Step 080: 37 games active. Step time: 2421.8ms. Total moves played: 3240
   [Vectorized MCTS] Step 085: 37 games active. Step time: 2371.0ms. Total moves played: 3425
   [Vectorized MCTS] Step 090: 36 games active. Step time: 2404.2ms. Total moves played: 3609
   [Vectorized MCTS] Step 095: 36 games active. Step time: 2350.1ms. Total moves played: 3789
   [Vectorized MCTS] Step 100: 35 games active. Step time: 2367.7ms. Total moves played: 3966
   [Vectorized MCTS] Step 105: 32 games active. Step time: 2249.4ms. Total moves played: 4135
   [Vectorized MCTS] Step 110: 27 games active. Step time: 2061.7ms. Total moves played: 4285
   [Vectorized MCTS] Step 115: 23 games active. Step time: 1885.7ms. Total moves played: 4414
   [Vectorized MCTS] Step 120: 16 games active. Step time: 1707.7ms. Total moves played: 4518
   [Vectorized MCTS] Step 125: 15 games active. Step time: 1694.3ms. Total moves played: 4596
   [Vectorized MCTS] Step 130: 10 games active. Step time: 1533.6ms. Total moves played: 4666
   [Vectorized MCTS] Step 135: 07 games active. Step time: 1327.9ms. Total moves played: 4706
   [Vectorized MCTS] Step 140: 05 games active. Step time: 1241.3ms. Total moves played: 4735
   [Vectorized MCTS] Step 145: 05 games active. Step time: 1236.7ms. Total moves played: 4760
   [Vectorized MCTS] Step 150: 04 games active. Step time: 1174.0ms. Total moves played: 4784
   [Vectorized MCTS] Step 155: 02 games active. Step time: 591.6ms. Total moves played: 4802
   [Vectorized MCTS] Step 159: 00 games active. Step time: 583.6ms. Total moves played: 4810
[0704/1000] Vectorized selfplay games completed.
--> Starting batch of 64 vectorized games (games 704 to 767)...
   [Vectorized MCTS] Step 001: 64 games active. Step time: 4317.3ms. Total moves played: 64
   [Vectorized MCTS] Step 005: 64 games active. Step time: 4240.0ms. Total moves played: 320
   [Vectorized MCTS] Step 010: 37 games active. Step time: 4282.9ms. Total moves played: 640
   [Vectorized MCTS] Step 015: 30 games active. Step time: 2154.6ms. Total moves played: 802
   [Vectorized MCTS] Step 020: 29 games active. Step time: 2093.8ms. Total moves played: 948
   [Vectorized MCTS] Step 025: 29 games active. Step time: 2113.6ms. Total moves played: 1093
   [Vectorized MCTS] Step 030: 29 games active. Step time: 2110.9ms. Total moves played: 1238
   [Vectorized MCTS] Step 035: 29 games active. Step time: 2136.6ms. Total moves played: 1383
   [Vectorized MCTS] Step 040: 29 games active. Step time: 2109.3ms. Total moves played: 1528
   [Vectorized MCTS] Step 045: 29 games active. Step time: 2145.8ms. Total moves played: 1673
   [Vectorized MCTS] Step 050: 29 games active. Step time: 2098.5ms. Total moves played: 1818
   [Vectorized MCTS] Step 055: 29 games active. Step time: 2128.0ms. Total moves played: 1963
   [Vectorized MCTS] Step 060: 29 games active. Step time: 2111.4ms. Total moves played: 2108
   [Vectorized MCTS] Step 065: 29 games active. Step time: 2114.1ms. Total moves played: 2253
   [Vectorized MCTS] Step 070: 29 games active. Step time: 2087.5ms. Total moves played: 2398
   [Vectorized MCTS] Step 075: 29 games active. Step time: 2103.9ms. Total moves played: 2543
   [Vectorized MCTS] Step 080: 29 games active. Step time: 2068.7ms. Total moves played: 2688
   [Vectorized MCTS] Step 085: 29 games active. Step time: 2088.3ms. Total moves played: 2833
   [Vectorized MCTS] Step 090: 29 games active. Step time: 2072.5ms. Total moves played: 2978
   [Vectorized MCTS] Step 095: 29 games active. Step time: 2062.2ms. Total moves played: 3123
   [Vectorized MCTS] Step 100: 27 games active. Step time: 1987.6ms. Total moves played: 3261
   [Vectorized MCTS] Step 105: 26 games active. Step time: 2034.3ms. Total moves played: 3396
   [Vectorized MCTS] Step 110: 21 games active. Step time: 1697.1ms. Total moves played: 3515
   [Vectorized MCTS] Step 115: 16 games active. Step time: 1534.4ms. Total moves played: 3609
   [Vectorized MCTS] Step 120: 12 games active. Step time: 1478.9ms. Total moves played: 3678
   [Vectorized MCTS] Step 125: 09 games active. Step time: 1357.9ms. Total moves played: 3730
   [Vectorized MCTS] Step 130: 08 games active. Step time: 1294.6ms. Total moves played: 3773
   [Vectorized MCTS] Step 135: 07 games active. Step time: 1319.9ms. Total moves played: 3813
   [Vectorized MCTS] Step 140: 05 games active. Step time: 1223.3ms. Total moves played: 3844
   [Vectorized MCTS] Step 145: 05 games active. Step time: 1130.1ms. Total moves played: 3869
   [Vectorized MCTS] Step 150: 05 games active. Step time: 1131.4ms. Total moves played: 3894
   [Vectorized MCTS] Step 155: 05 games active. Step time: 1135.2ms. Total moves played: 3919
   [Vectorized MCTS] Step 160: 03 games active. Step time: 1134.1ms. Total moves played: 3938
   [Vectorized MCTS] Step 165: 01 games active. Step time: 562.5ms. Total moves played: 3947
   [Vectorized MCTS] Step 170: 01 games active. Step time: 510.9ms. Total moves played: 3952
   [Vectorized MCTS] Step 175: 01 games active. Step time: 517.1ms. Total moves played: 3957
   [Vectorized MCTS] Step 180: 01 games active. Step time: 524.2ms. Total moves played: 3962
   [Vectorized MCTS] Step 184: 00 games active. Step time: 531.8ms. Total moves played: 3966
[0768/1000] Vectorized selfplay games completed.
--> Starting batch of 64 vectorized games (games 768 to 831)...
   [Vectorized MCTS] Step 001: 64 games active. Step time: 4439.3ms. Total moves played: 64
   [Vectorized MCTS] Step 005: 64 games active. Step time: 4392.1ms. Total moves played: 320
   [Vectorized MCTS] Step 010: 42 games active. Step time: 4363.7ms. Total moves played: 640
   [Vectorized MCTS] Step 015: 32 games active. Step time: 2323.9ms. Total moves played: 817
   [Vectorized MCTS] Step 020: 32 games active. Step time: 2327.1ms. Total moves played: 977
   [Vectorized MCTS] Step 025: 32 games active. Step time: 2341.6ms. Total moves played: 1137
   [Vectorized MCTS] Step 030: 32 games active. Step time: 2342.0ms. Total moves played: 1297
   [Vectorized MCTS] Step 035: 32 games active. Step time: 2341.5ms. Total moves played: 1457
   [Vectorized MCTS] Step 040: 32 games active. Step time: 2314.9ms. Total moves played: 1617
   [Vectorized MCTS] Step 045: 32 games active. Step time: 2338.6ms. Total moves played: 1777
   [Vectorized MCTS] Step 050: 32 games active. Step time: 2320.5ms. Total moves played: 1937
   [Vectorized MCTS] Step 055: 32 games active. Step time: 2323.8ms. Total moves played: 2097
   [Vectorized MCTS] Step 060: 32 games active. Step time: 2325.8ms. Total moves played: 2257
   [Vectorized MCTS] Step 065: 32 games active. Step time: 2338.3ms. Total moves played: 2417
   [Vectorized MCTS] Step 070: 32 games active. Step time: 2294.9ms. Total moves played: 2577
   [Vectorized MCTS] Step 075: 32 games active. Step time: 2334.2ms. Total moves played: 2737
   [Vectorized MCTS] Step 080: 32 games active. Step time: 2308.7ms. Total moves played: 2897
   [Vectorized MCTS] Step 085: 32 games active. Step time: 2345.8ms. Total moves played: 3057
   [Vectorized MCTS] Step 090: 32 games active. Step time: 2287.3ms. Total moves played: 3217
   [Vectorized MCTS] Step 095: 32 games active. Step time: 2318.0ms. Total moves played: 3377
   [Vectorized MCTS] Step 100: 29 games active. Step time: 2113.7ms. Total moves played: 3531
   [Vectorized MCTS] Step 105: 25 games active. Step time: 2021.9ms. Total moves played: 3667
   [Vectorized MCTS] Step 110: 21 games active. Step time: 1852.1ms. Total moves played: 3785
   [Vectorized MCTS] Step 115: 16 games active. Step time: 1662.5ms. Total moves played: 3885
   [Vectorized MCTS] Step 120: 14 games active. Step time: 1620.4ms. Total moves played: 3959
   [Vectorized MCTS] Step 125: 10 games active. Step time: 1460.1ms. Total moves played: 4017
   [Vectorized MCTS] Step 130: 08 games active. Step time: 1428.8ms. Total moves played: 4063
   [Vectorized MCTS] Step 135: 08 games active. Step time: 1341.9ms. Total moves played: 4103
   [Vectorized MCTS] Step 140: 07 games active. Step time: 1307.2ms. Total moves played: 4142
   [Vectorized MCTS] Step 145: 04 games active. Step time: 1237.3ms. Total moves played: 4174
   [Vectorized MCTS] Step 150: 03 games active. Step time: 1096.8ms. Total moves played: 4193
   [Vectorized MCTS] Step 155: 03 games active. Step time: 1100.7ms. Total moves played: 4208
   [Vectorized MCTS] Step 160: 02 games active. Step time: 583.6ms. Total moves played: 4221
   [Vectorized MCTS] Step 165: 01 games active. Step time: 500.3ms. Total moves played: 4227
   [Vectorized MCTS] Step 170: 01 games active. Step time: 502.2ms. Total moves played: 4232
   [Vectorized MCTS] Step 171: 00 games active. Step time: 511.9ms. Total moves played: 4233
[0832/1000] Vectorized selfplay games completed.
--> Starting batch of 64 vectorized games (games 832 to 895)...
   [Vectorized MCTS] Step 001: 64 games active. Step time: 4290.6ms. Total moves played: 64
   [Vectorized MCTS] Step 005: 64 games active. Step time: 4395.6ms. Total moves played: 320
   [Vectorized MCTS] Step 010: 41 games active. Step time: 4371.1ms. Total moves played: 640
   [Vectorized MCTS] Step 015: 31 games active. Step time: 2261.4ms. Total moves played: 812
   [Vectorized MCTS] Step 020: 31 games active. Step time: 2318.9ms. Total moves played: 967
   [Vectorized MCTS] Step 025: 31 games active. Step time: 2306.5ms. Total moves played: 1122
   [Vectorized MCTS] Step 030: 31 games active. Step time: 2345.9ms. Total moves played: 1277
   [Vectorized MCTS] Step 035: 31 games active. Step time: 2136.5ms. Total moves played: 1432
   [Vectorized MCTS] Step 040: 31 games active. Step time: 2174.1ms. Total moves played: 1587
   [Vectorized MCTS] Step 045: 31 games active. Step time: 2042.1ms. Total moves played: 1742
   [Vectorized MCTS] Step 050: 31 games active. Step time: 2142.6ms. Total moves played: 1897
   [Vectorized MCTS] Step 055: 31 games active. Step time: 2101.5ms. Total moves played: 2052
   [Vectorized MCTS] Step 060: 30 games active. Step time: 2155.6ms. Total moves played: 2203
   [Vectorized MCTS] Step 065: 30 games active. Step time: 2054.3ms. Total moves played: 2353
   [Vectorized MCTS] Step 070: 30 games active. Step time: 2136.2ms. Total moves played: 2503
   [Vectorized MCTS] Step 075: 30 games active. Step time: 2031.7ms. Total moves played: 2653
   [Vectorized MCTS] Step 080: 30 games active. Step time: 2162.3ms. Total moves played: 2803
   [Vectorized MCTS] Step 085: 30 games active. Step time: 2058.5ms. Total moves played: 2953
   [Vectorized MCTS] Step 090: 30 games active. Step time: 2156.9ms. Total moves played: 3103
   [Vectorized MCTS] Step 095: 29 games active. Step time: 2011.4ms. Total moves played: 3252
   [Vectorized MCTS] Step 100: 27 games active. Step time: 1996.1ms. Total moves played: 3391
   [Vectorized MCTS] Step 105: 24 games active. Step time: 1780.4ms. Total moves played: 3521
   [Vectorized MCTS] Step 110: 21 games active. Step time: 1750.7ms. Total moves played: 3638
   [Vectorized MCTS] Step 115: 18 games active. Step time: 1566.7ms. Total moves played: 3738
   [Vectorized MCTS] Step 120: 16 games active. Step time: 1507.1ms. Total moves played: 3822
   [Vectorized MCTS] Step 125: 11 games active. Step time: 1439.1ms. Total moves played: 3896
   [Vectorized MCTS] Step 130: 09 games active. Step time: 1336.6ms. Total moves played: 3949
   [Vectorized MCTS] Step 135: 04 games active. Step time: 1056.4ms. Total moves played: 3982
   [Vectorized MCTS] Step 140: 04 games active. Step time: 1043.8ms. Total moves played: 4002
   [Vectorized MCTS] Step 145: 03 games active. Step time: 1051.1ms. Total moves played: 4022
   [Vectorized MCTS] Step 150: 03 games active. Step time: 1017.9ms. Total moves played: 4037
   [Vectorized MCTS] Step 155: 01 games active. Step time: 469.5ms. Total moves played: 4049
   [Vectorized MCTS] Step 160: 01 games active. Step time: 466.0ms. Total moves played: 4054
   [Vectorized MCTS] Step 163: 00 games active. Step time: 472.0ms. Total moves played: 4057
[0896/1000] Vectorized selfplay games completed.
--> Starting batch of 64 vectorized games (games 896 to 959)...
   [Vectorized MCTS] Step 001: 64 games active. Step time: 4100.3ms. Total moves played: 64
   [Vectorized MCTS] Step 005: 64 games active. Step time: 4106.0ms. Total moves played: 320
   [Vectorized MCTS] Step 010: 43 games active. Step time: 4075.8ms. Total moves played: 640
   [Vectorized MCTS] Step 015: 31 games active. Step time: 2131.9ms. Total moves played: 815
   [Vectorized MCTS] Step 020: 31 games active. Step time: 2135.8ms. Total moves played: 970
   [Vectorized MCTS] Step 025: 31 games active. Step time: 2112.8ms. Total moves played: 1125
   [Vectorized MCTS] Step 030: 31 games active. Step time: 2127.3ms. Total moves played: 1280
   [Vectorized MCTS] Step 035: 31 games active. Step time: 2135.4ms. Total moves played: 1435
   [Vectorized MCTS] Step 040: 31 games active. Step time: 2128.4ms. Total moves played: 1590
   [Vectorized MCTS] Step 045: 31 games active. Step time: 2133.6ms. Total moves played: 1745
   [Vectorized MCTS] Step 050: 31 games active. Step time: 2116.2ms. Total moves played: 1900
   [Vectorized MCTS] Step 055: 31 games active. Step time: 2201.1ms. Total moves played: 2055
   [Vectorized MCTS] Step 060: 31 games active. Step time: 2214.2ms. Total moves played: 2210
   [Vectorized MCTS] Step 065: 31 games active. Step time: 2192.8ms. Total moves played: 2365
   [Vectorized MCTS] Step 070: 31 games active. Step time: 2205.9ms. Total moves played: 2520
   [Vectorized MCTS] Step 075: 30 games active. Step time: 2203.1ms. Total moves played: 2675
   [Vectorized MCTS] Step 080: 30 games active. Step time: 2169.1ms. Total moves played: 2825
   [Vectorized MCTS] Step 085: 30 games active. Step time: 2136.8ms. Total moves played: 2975
   [Vectorized MCTS] Step 090: 30 games active. Step time: 2075.7ms. Total moves played: 3125
   [Vectorized MCTS] Step 095: 29 games active. Step time: 2033.3ms. Total moves played: 3274
   [Vectorized MCTS] Step 100: 23 games active. Step time: 1896.9ms. Total moves played: 3412
   [Vectorized MCTS] Step 105: 21 games active. Step time: 1641.8ms. Total moves played: 3523
   [Vectorized MCTS] Step 110: 17 games active. Step time: 1542.4ms. Total moves played: 3619
   [Vectorized MCTS] Step 115: 10 games active. Step time: 1373.4ms. Total moves played: 3693
   [Vectorized MCTS] Step 120: 10 games active. Step time: 1308.8ms. Total moves played: 3743
   [Vectorized MCTS] Step 125: 07 games active. Step time: 1205.5ms. Total moves played: 3785
   [Vectorized MCTS] Step 130: 07 games active. Step time: 1217.1ms. Total moves played: 3820
   [Vectorized MCTS] Step 135: 03 games active. Step time: 1141.9ms. Total moves played: 3852
   [Vectorized MCTS] Step 140: 00 games active. Step time: 469.8ms. Total moves played: 3859
[0960/1000] Vectorized selfplay games completed.
--> Starting batch of 40 vectorized games (games 960 to 999)...
   [Vectorized MCTS] Step 001: 40 games active. Step time: 2528.3ms. Total moves played: 40
   [Vectorized MCTS] Step 005: 40 games active. Step time: 2548.5ms. Total moves played: 200
   [Vectorized MCTS] Step 010: 23 games active. Step time: 2520.8ms. Total moves played: 400
   [Vectorized MCTS] Step 015: 14 games active. Step time: 1399.2ms. Total moves played: 483
   [Vectorized MCTS] Step 020: 14 games active. Step time: 1353.4ms. Total moves played: 553
   [Vectorized MCTS] Step 025: 14 games active. Step time: 1354.2ms. Total moves played: 623
   [Vectorized MCTS] Step 030: 14 games active. Step time: 1387.7ms. Total moves played: 693
   [Vectorized MCTS] Step 035: 14 games active. Step time: 1406.5ms. Total moves played: 763
   [Vectorized MCTS] Step 040: 14 games active. Step time: 1369.6ms. Total moves played: 833
   [Vectorized MCTS] Step 045: 14 games active. Step time: 1383.8ms. Total moves played: 903
   [Vectorized MCTS] Step 050: 14 games active. Step time: 1329.5ms. Total moves played: 973
   [Vectorized MCTS] Step 055: 14 games active. Step time: 1344.3ms. Total moves played: 1043
   [Vectorized MCTS] Step 060: 14 games active. Step time: 1354.1ms. Total moves played: 1113
   [Vectorized MCTS] Step 065: 14 games active. Step time: 1340.5ms. Total moves played: 1183
   [Vectorized MCTS] Step 070: 14 games active. Step time: 1327.3ms. Total moves played: 1253
   [Vectorized MCTS] Step 075: 14 games active. Step time: 1334.0ms. Total moves played: 1323
   [Vectorized MCTS] Step 080: 14 games active. Step time: 1372.0ms. Total moves played: 1393
   [Vectorized MCTS] Step 085: 14 games active. Step time: 1318.8ms. Total moves played: 1463
   [Vectorized MCTS] Step 090: 14 games active. Step time: 1345.0ms. Total moves played: 1533
   [Vectorized MCTS] Step 095: 11 games active. Step time: 1310.7ms. Total moves played: 1596
   [Vectorized MCTS] Step 100: 10 games active. Step time: 1251.5ms. Total moves played: 1648
   [Vectorized MCTS] Step 105: 07 games active. Step time: 1199.5ms. Total moves played: 1689
   [Vectorized MCTS] Step 110: 04 games active. Step time: 1172.5ms. Total moves played: 1720
   [Vectorized MCTS] Step 115: 04 games active. Step time: 1054.5ms. Total moves played: 1740
   [Vectorized MCTS] Step 120: 04 games active. Step time: 1052.8ms. Total moves played: 1760
   [Vectorized MCTS] Step 125: 03 games active. Step time: 1016.6ms. Total moves played: 1779
   [Vectorized MCTS] Step 130: 03 games active. Step time: 1020.7ms. Total moves played: 1794
   [Vectorized MCTS] Step 135: 03 games active. Step time: 1031.6ms. Total moves played: 1809
   [Vectorized MCTS] Step 140: 03 games active. Step time: 1013.3ms. Total moves played: 1824
   [Vectorized MCTS] Step 145: 02 games active. Step time: 950.8ms. Total moves played: 1835
   [Vectorized MCTS] Step 150: 02 games active. Step time: 534.1ms. Total moves played: 1845
   [Vectorized MCTS] Step 155: 02 games active. Step time: 951.7ms. Total moves played: 1855
   [Vectorized MCTS] Step 158: 00 games active. Step time: 477.1ms. Total moves played: 1859
[1000/1000] Vectorized selfplay games completed.

Collection completed in 5120.9 seconds (5.121s/game average).
