Starting self-play collection using /Users/nilbot/playground/autogo-mlx/experiments/001_train_from_scratch/checkpoints/iter15.safetensors
--> Progressive sims enabled. Iteration 15 -> 64 simulations.
--> League play enabled: Selected historical opponent iter4.safetensors (3-channel model)
Config: num-games=1000, simulations=64, workers=8
--> Starting pool-swapping selfplay for all 1000 games with max_active_games=64...
   [Vectorized MCTS] Step 001: 64 games active. Completed: 0/1000. Step time: 4473.9ms.
   [Vectorized MCTS] Step 005: 64 games active. Completed: 1/1000. Step time: 4562.2ms.
   [Vectorized MCTS] Step 010: 64 games active. Completed: 1/1000. Step time: 4526.4ms.
   [Vectorized MCTS] Step 015: 64 games active. Completed: 25/1000. Step time: 4585.1ms.
   [Vectorized MCTS] Step 020: 64 games active. Completed: 56/1000. Step time: 4567.3ms.
   [Vectorized MCTS] Step 025: 64 games active. Completed: 56/1000. Step time: 4461.0ms.
   [Vectorized MCTS] Step 030: 64 games active. Completed: 75/1000. Step time: 4571.7ms.
   [Vectorized MCTS] Step 035: 64 games active. Completed: 98/1000. Step time: 3845.0ms.
   [Vectorized MCTS] Step 040: 64 games active. Completed: 99/1000. Step time: 3813.7ms.
   [Vectorized MCTS] Step 045: 64 games active. Completed: 107/1000. Step time: 3834.0ms.
   [Vectorized MCTS] Step 050: 64 games active. Completed: 133/1000. Step time: 3817.0ms.
   [Vectorized MCTS] Step 055: 64 games active. Completed: 136/1000. Step time: 3810.8ms.
   [Vectorized MCTS] Step 060: 64 games active. Completed: 143/1000. Step time: 3846.8ms.
   [Vectorized MCTS] Step 065: 64 games active. Completed: 158/1000. Step time: 3778.9ms.
   [Vectorized MCTS] Step 070: 64 games active. Completed: 163/1000. Step time: 3840.5ms.
   [Vectorized MCTS] Step 075: 64 games active. Completed: 168/1000. Step time: 3762.3ms.
   [Vectorized MCTS] Step 080: 64 games active. Completed: 179/1000. Step time: 3793.1ms.
   [Vectorized MCTS] Step 085: 64 games active. Completed: 184/1000. Step time: 3836.6ms.
   [Vectorized MCTS] Step 090: 64 games active. Completed: 188/1000. Step time: 3818.4ms.
   [Vectorized MCTS] Step 095: 64 games active. Completed: 197/1000. Step time: 3848.6ms.
   [Vectorized MCTS] Step 100: 64 games active. Completed: 201/1000. Step time: 3778.4ms.
   [Vectorized MCTS] Step 105: 64 games active. Completed: 204/1000. Step time: 3840.4ms.
   [Vectorized MCTS] Step 110: 64 games active. Completed: 211/1000. Step time: 3767.8ms.
   [Vectorized MCTS] Step 115: 64 games active. Completed: 216/1000. Step time: 3851.6ms.
   [Vectorized MCTS] Step 120: 64 games active. Completed: 222/1000. Step time: 3801.3ms.
   [Vectorized MCTS] Step 125: 64 games active. Completed: 225/1000. Step time: 3878.7ms.
   [Vectorized MCTS] Step 130: 64 games active. Completed: 230/1000. Step time: 3836.0ms.
   [Vectorized MCTS] Step 135: 64 games active. Completed: 233/1000. Step time: 3840.2ms.
   [Vectorized MCTS] Step 140: 64 games active. Completed: 237/1000. Step time: 3826.6ms.
   [Vectorized MCTS] Step 145: 64 games active. Completed: 241/1000. Step time: 3817.5ms.
   [Vectorized MCTS] Step 150: 64 games active. Completed: 244/1000. Step time: 3804.6ms.
   [Vectorized MCTS] Step 155: 64 games active. Completed: 248/1000. Step time: 3827.9ms.
   [Vectorized MCTS] Step 160: 64 games active. Completed: 258/1000. Step time: 3853.4ms.
   [Vectorized MCTS] Step 165: 64 games active. Completed: 265/1000. Step time: 3807.9ms.
   [Vectorized MCTS] Step 170: 64 games active. Completed: 267/1000. Step time: 3798.6ms.
   [Vectorized MCTS] Step 175: 64 games active. Completed: 282/1000. Step time: 3814.3ms.
   [Vectorized MCTS] Step 180: 64 games active. Completed: 293/1000. Step time: 3808.5ms.
   [Vectorized MCTS] Step 185: 64 games active. Completed: 297/1000. Step time: 3823.5ms.
   [Vectorized MCTS] Step 190: 64 games active. Completed: 308/1000. Step time: 3794.2ms.
   [Vectorized MCTS] Step 195: 64 games active. Completed: 325/1000. Step time: 3804.1ms.
   [Vectorized MCTS] Step 200: 64 games active. Completed: 328/1000. Step time: 3836.4ms.
   [Vectorized MCTS] Step 205: 64 games active. Completed: 337/1000. Step time: 3768.7ms.
   [Vectorized MCTS] Step 210: 64 games active. Completed: 354/1000. Step time: 3811.2ms.
   [Vectorized MCTS] Step 215: 64 games active. Completed: 359/1000. Step time: 3773.4ms.
   [Vectorized MCTS] Step 220: 64 games active. Completed: 368/1000. Step time: 3796.6ms.
   [Vectorized MCTS] Step 225: 64 games active. Completed: 384/1000. Step time: 4372.9ms.
   [Vectorized MCTS] Step 230: 64 games active. Completed: 391/1000. Step time: 3820.4ms.
   [Vectorized MCTS] Step 235: 64 games active. Completed: 399/1000. Step time: 4573.8ms.
   [Vectorized MCTS] Step 240: 64 games active. Completed: 413/1000. Step time: 3821.9ms.
   [Vectorized MCTS] Step 245: 64 games active. Completed: 419/1000. Step time: 4411.0ms.
   [Vectorized MCTS] Step 250: 64 games active. Completed: 428/1000. Step time: 3871.0ms.
   [Vectorized MCTS] Step 255: 64 games active. Completed: 442/1000. Step time: 4402.6ms.
   [Vectorized MCTS] Step 260: 64 games active. Completed: 447/1000. Step time: 3802.3ms.
   [Vectorized MCTS] Step 265: 64 games active. Completed: 456/1000. Step time: 4498.9ms.
   [Vectorized MCTS] Step 270: 64 games active. Completed: 466/1000. Step time: 3805.5ms.
   [Vectorized MCTS] Step 275: 64 games active. Completed: 473/1000. Step time: 3818.0ms.
   [Vectorized MCTS] Step 280: 64 games active. Completed: 483/1000. Step time: 3795.1ms.
   [Vectorized MCTS] Step 285: 64 games active. Completed: 491/1000. Step time: 3767.8ms.
   [Vectorized MCTS] Step 290: 64 games active. Completed: 497/1000. Step time: 3814.1ms.
   [Vectorized MCTS] Step 295: 64 games active. Completed: 505/1000. Step time: 3726.0ms.
   [Vectorized MCTS] Step 300: 64 games active. Completed: 511/1000. Step time: 3828.8ms.
   [Vectorized MCTS] Step 305: 64 games active. Completed: 518/1000. Step time: 3765.9ms.
   [Vectorized MCTS] Step 310: 64 games active. Completed: 525/1000. Step time: 3817.6ms.
   [Vectorized MCTS] Step 315: 64 games active. Completed: 531/1000. Step time: 3747.4ms.
   [Vectorized MCTS] Step 320: 64 games active. Completed: 535/1000. Step time: 3800.4ms.
   [Vectorized MCTS] Step 325: 64 games active. Completed: 544/1000. Step time: 3727.4ms.
   [Vectorized MCTS] Step 330: 64 games active. Completed: 551/1000. Step time: 3762.8ms.
   [Vectorized MCTS] Step 335: 64 games active. Completed: 558/1000. Step time: 3762.6ms.
   [Vectorized MCTS] Step 340: 64 games active. Completed: 566/1000. Step time: 3831.5ms.
   [Vectorized MCTS] Step 345: 64 games active. Completed: 573/1000. Step time: 3796.8ms.
   [Vectorized MCTS] Step 350: 64 games active. Completed: 580/1000. Step time: 3810.3ms.
   [Vectorized MCTS] Step 355: 64 games active. Completed: 589/1000. Step time: 3745.1ms.
   [Vectorized MCTS] Step 360: 64 games active. Completed: 596/1000. Step time: 3804.7ms.
   [Vectorized MCTS] Step 365: 64 games active. Completed: 601/1000. Step time: 3792.4ms.
   [Vectorized MCTS] Step 370: 64 games active. Completed: 611/1000. Step time: 3825.5ms.
   [Vectorized MCTS] Step 375: 64 games active. Completed: 619/1000. Step time: 3754.6ms.
   [Vectorized MCTS] Step 380: 64 games active. Completed: 628/1000. Step time: 3808.0ms.
   [Vectorized MCTS] Step 385: 64 games active. Completed: 640/1000. Step time: 3766.4ms.
   [Vectorized MCTS] Step 390: 64 games active. Completed: 652/1000. Step time: 3731.0ms.
   [Vectorized MCTS] Step 395: 64 games active. Completed: 660/1000. Step time: 3753.4ms.
   [Vectorized MCTS] Step 400: 64 games active. Completed: 669/1000. Step time: 3816.6ms.
   [Vectorized MCTS] Step 405: 64 games active. Completed: 682/1000. Step time: 3755.7ms.
   [Vectorized MCTS] Step 410: 64 games active. Completed: 689/1000. Step time: 3754.3ms.
   [Vectorized MCTS] Step 415: 64 games active. Completed: 699/1000. Step time: 3735.6ms.
   [Vectorized MCTS] Step 420: 64 games active. Completed: 712/1000. Step time: 3835.6ms.
   [Vectorized MCTS] Step 425: 64 games active. Completed: 721/1000. Step time: 3770.1ms.
   [Vectorized MCTS] Step 430: 64 games active. Completed: 732/1000. Step time: 3809.7ms.
   [Vectorized MCTS] Step 435: 64 games active. Completed: 740/1000. Step time: 3791.7ms.
   [Vectorized MCTS] Step 440: 64 games active. Completed: 747/1000. Step time: 3816.0ms.
   [Vectorized MCTS] Step 445: 64 games active. Completed: 762/1000. Step time: 3785.1ms.
   [Vectorized MCTS] Step 450: 64 games active. Completed: 775/1000. Step time: 3828.7ms.
   [Vectorized MCTS] Step 455: 64 games active. Completed: 783/1000. Step time: 3747.1ms.
   [Vectorized MCTS] Step 460: 64 games active. Completed: 792/1000. Step time: 3814.7ms.
   [Vectorized MCTS] Step 465: 64 games active. Completed: 803/1000. Step time: 3753.8ms.
   [Vectorized MCTS] Step 470: 64 games active. Completed: 814/1000. Step time: 3838.1ms.
   [Vectorized MCTS] Step 475: 64 games active. Completed: 819/1000. Step time: 3778.6ms.
   [Vectorized MCTS] Step 480: 64 games active. Completed: 831/1000. Step time: 3835.0ms.
   [Vectorized MCTS] Step 485: 64 games active. Completed: 842/1000. Step time: 3770.4ms.
   [Vectorized MCTS] Step 490: 64 games active. Completed: 847/1000. Step time: 3803.2ms.
   [Vectorized MCTS] Step 495: 64 games active. Completed: 860/1000. Step time: 3821.7ms.
   [Vectorized MCTS] Step 500: 64 games active. Completed: 867/1000. Step time: 3815.2ms.
   [Vectorized MCTS] Step 505: 64 games active. Completed: 872/1000. Step time: 3833.4ms.
   [Vectorized MCTS] Step 510: 64 games active. Completed: 882/1000. Step time: 3867.7ms.
   [Vectorized MCTS] Step 515: 64 games active. Completed: 889/1000. Step time: 3820.2ms.
   [Vectorized MCTS] Step 520: 64 games active. Completed: 893/1000. Step time: 3844.5ms.
   [Vectorized MCTS] Step 525: 64 games active. Completed: 902/1000. Step time: 3885.5ms.
   [Vectorized MCTS] Step 530: 64 games active. Completed: 908/1000. Step time: 3824.1ms.
   [Vectorized MCTS] Step 535: 64 games active. Completed: 911/1000. Step time: 3802.1ms.
   [Vectorized MCTS] Step 540: 64 games active. Completed: 918/1000. Step time: 3810.4ms.
   [Vectorized MCTS] Step 545: 64 games active. Completed: 924/1000. Step time: 3810.8ms.
   [Vectorized MCTS] Step 550: 64 games active. Completed: 929/1000. Step time: 3835.1ms.
   [Vectorized MCTS] Step 555: 63 games active. Completed: 937/1000. Step time: 3836.2ms.
   [Vectorized MCTS] Step 560: 56 games active. Completed: 944/1000. Step time: 3438.9ms.
   [Vectorized MCTS] Step 565: 49 games active. Completed: 951/1000. Step time: 3054.9ms.
   [Vectorized MCTS] Step 570: 40 games active. Completed: 960/1000. Step time: 2575.3ms.
   [Vectorized MCTS] Step 575: 39 games active. Completed: 961/1000. Step time: 2547.4ms.
   [Vectorized MCTS] Step 580: 37 games active. Completed: 963/1000. Step time: 2400.4ms.
   [Vectorized MCTS] Step 585: 37 games active. Completed: 963/1000. Step time: 2453.0ms.
   [Vectorized MCTS] Step 590: 37 games active. Completed: 963/1000. Step time: 2423.2ms.
   [Vectorized MCTS] Step 595: 37 games active. Completed: 963/1000. Step time: 2425.8ms.
   [Vectorized MCTS] Step 600: 36 games active. Completed: 964/1000. Step time: 2346.9ms.
   [Vectorized MCTS] Step 605: 33 games active. Completed: 967/1000. Step time: 2239.0ms.
   [Vectorized MCTS] Step 610: 33 games active. Completed: 967/1000. Step time: 2175.3ms.
   [Vectorized MCTS] Step 615: 31 games active. Completed: 969/1000. Step time: 2100.6ms.
   [Vectorized MCTS] Step 620: 31 games active. Completed: 969/1000. Step time: 2069.3ms.
   [Vectorized MCTS] Step 625: 30 games active. Completed: 970/1000. Step time: 2104.3ms.
   [Vectorized MCTS] Step 630: 26 games active. Completed: 974/1000. Step time: 2010.0ms.
   [Vectorized MCTS] Step 635: 25 games active. Completed: 975/1000. Step time: 1901.2ms.
   [Vectorized MCTS] Step 640: 22 games active. Completed: 978/1000. Step time: 1862.6ms.
   [Vectorized MCTS] Step 645: 21 games active. Completed: 979/1000. Step time: 1765.2ms.
   [Vectorized MCTS] Step 650: 18 games active. Completed: 982/1000. Step time: 1794.0ms.
   [Vectorized MCTS] Step 655: 17 games active. Completed: 983/1000. Step time: 1735.8ms.
   [Vectorized MCTS] Step 660: 16 games active. Completed: 984/1000. Step time: 1667.5ms.
   [Vectorized MCTS] Step 665: 12 games active. Completed: 988/1000. Step time: 1476.6ms.
   [Vectorized MCTS] Step 670: 09 games active. Completed: 991/1000. Step time: 1385.2ms.
   [Vectorized MCTS] Step 675: 06 games active. Completed: 994/1000. Step time: 1238.3ms.
   [Vectorized MCTS] Step 680: 06 games active. Completed: 994/1000. Step time: 1210.0ms.
   [Vectorized MCTS] Step 685: 05 games active. Completed: 995/1000. Step time: 1159.7ms.
   [Vectorized MCTS] Step 690: 04 games active. Completed: 996/1000. Step time: 1157.1ms.
   [Vectorized MCTS] Step 695: 03 games active. Completed: 997/1000. Step time: 613.6ms.
   [Vectorized MCTS] Step 700: 01 games active. Completed: 999/1000. Step time: 500.5ms.
   [Vectorized MCTS] Step 705: 01 games active. Completed: 999/1000. Step time: 481.8ms.
   [Vectorized MCTS] Step 710: 01 games active. Completed: 999/1000. Step time: 496.7ms.
   [Vectorized MCTS] Step 715: 01 games active. Completed: 999/1000. Step time: 492.4ms.
   [Vectorized MCTS] Step 720: 01 games active. Completed: 999/1000. Step time: 489.0ms.
   [Vectorized MCTS] Step 725: 01 games active. Completed: 999/1000. Step time: 488.0ms.
   [Vectorized MCTS] Step 730: 01 games active. Completed: 999/1000. Step time: 498.7ms.
   [Vectorized MCTS] Step 735: 01 games active. Completed: 999/1000. Step time: 498.1ms.
   [Vectorized MCTS] Step 740: 01 games active. Completed: 999/1000. Step time: 504.3ms.
   [Vectorized MCTS] Step 745: 01 games active. Completed: 999/1000. Step time: 493.3ms.
   [Vectorized MCTS] Step 750: 01 games active. Completed: 999/1000. Step time: 492.4ms.
   [Vectorized MCTS] Step 755: 01 games active. Completed: 999/1000. Step time: 485.1ms.
   [Vectorized MCTS] Step 760: 01 games active. Completed: 999/1000. Step time: 492.3ms.
   [Vectorized MCTS] Step 765: 01 games active. Completed: 999/1000. Step time: 482.5ms.
   [Vectorized MCTS] Step 767: 00 games active. Completed: 1000/1000. Step time: 484.3ms.

Collection completed in 2469.4 seconds (2.469s/game average).
