Starting self-play collection using /Users/nilbot/playground/autogo-mlx/experiments/001_train_from_scratch/checkpoints/iter14.safetensors
--> Progressive sims enabled. Iteration 14 -> 64 simulations.
--> League play enabled: Selected historical opponent iter11.safetensors (8-channel model)
Config: num-games=1000, simulations=64, workers=8
--> Starting pool-swapping selfplay for all 1000 games with max_active_games=64...
   [Vectorized MCTS] Step 001: 64 games active. Completed: 0/1000. Step time: 4529.4ms.
   [Vectorized MCTS] Step 005: 64 games active. Completed: 0/1000. Step time: 4537.1ms.
   [Vectorized MCTS] Step 010: 64 games active. Completed: 2/1000. Step time: 4625.0ms.
   [Vectorized MCTS] Step 015: 64 games active. Completed: 49/1000. Step time: 3830.2ms.
   [Vectorized MCTS] Step 020: 64 games active. Completed: 51/1000. Step time: 4452.8ms.
   [Vectorized MCTS] Step 025: 64 games active. Completed: 71/1000. Step time: 3865.1ms.
   [Vectorized MCTS] Step 030: 64 games active. Completed: 93/1000. Step time: 4599.8ms.
   [Vectorized MCTS] Step 035: 64 games active. Completed: 99/1000. Step time: 4514.4ms.
   [Vectorized MCTS] Step 040: 64 games active. Completed: 121/1000. Step time: 4421.6ms.
   [Vectorized MCTS] Step 045: 64 games active. Completed: 131/1000. Step time: 4484.9ms.
   [Vectorized MCTS] Step 050: 64 games active. Completed: 146/1000. Step time: 4500.0ms.
   [Vectorized MCTS] Step 055: 64 games active. Completed: 157/1000. Step time: 4482.5ms.
   [Vectorized MCTS] Step 060: 64 games active. Completed: 165/1000. Step time: 3865.3ms.
   [Vectorized MCTS] Step 065: 64 games active. Completed: 175/1000. Step time: 4609.0ms.
   [Vectorized MCTS] Step 070: 64 games active. Completed: 182/1000. Step time: 4510.1ms.
   [Vectorized MCTS] Step 075: 64 games active. Completed: 188/1000. Step time: 4631.4ms.
   [Vectorized MCTS] Step 080: 64 games active. Completed: 198/1000. Step time: 3898.2ms.
   [Vectorized MCTS] Step 085: 64 games active. Completed: 202/1000. Step time: 4521.8ms.
   [Vectorized MCTS] Step 090: 64 games active. Completed: 212/1000. Step time: 3868.7ms.
   [Vectorized MCTS] Step 095: 64 games active. Completed: 216/1000. Step time: 4486.6ms.
   [Vectorized MCTS] Step 100: 64 games active. Completed: 222/1000. Step time: 3896.1ms.
   [Vectorized MCTS] Step 105: 64 games active. Completed: 230/1000. Step time: 4510.0ms.
   [Vectorized MCTS] Step 110: 64 games active. Completed: 234/1000. Step time: 3873.5ms.
   [Vectorized MCTS] Step 115: 64 games active. Completed: 240/1000. Step time: 4703.3ms.
   [Vectorized MCTS] Step 120: 64 games active. Completed: 243/1000. Step time: 3858.7ms.
   [Vectorized MCTS] Step 125: 64 games active. Completed: 249/1000. Step time: 4654.1ms.
   [Vectorized MCTS] Step 130: 64 games active. Completed: 255/1000. Step time: 3908.1ms.
   [Vectorized MCTS] Step 135: 64 games active. Completed: 262/1000. Step time: 4576.3ms.
   [Vectorized MCTS] Step 140: 64 games active. Completed: 266/1000. Step time: 3892.9ms.
   [Vectorized MCTS] Step 145: 64 games active. Completed: 272/1000. Step time: 4689.3ms.
   [Vectorized MCTS] Step 150: 64 games active. Completed: 278/1000. Step time: 3891.4ms.
   [Vectorized MCTS] Step 155: 64 games active. Completed: 287/1000. Step time: 4902.2ms.
   [Vectorized MCTS] Step 160: 64 games active. Completed: 296/1000. Step time: 4263.0ms.
   [Vectorized MCTS] Step 165: 64 games active. Completed: 306/1000. Step time: 4340.0ms.
   [Vectorized MCTS] Step 170: 64 games active. Completed: 309/1000. Step time: 4250.2ms.
   [Vectorized MCTS] Step 175: 64 games active. Completed: 319/1000. Step time: 4564.9ms.
   [Vectorized MCTS] Step 180: 64 games active. Completed: 331/1000. Step time: 4738.5ms.
   [Vectorized MCTS] Step 185: 64 games active. Completed: 341/1000. Step time: 4568.6ms.
   [Vectorized MCTS] Step 190: 64 games active. Completed: 353/1000. Step time: 4619.0ms.
   [Vectorized MCTS] Step 195: 64 games active. Completed: 362/1000. Step time: 4605.4ms.
   [Vectorized MCTS] Step 200: 64 games active. Completed: 374/1000. Step time: 4547.2ms.
   [Vectorized MCTS] Step 205: 64 games active. Completed: 386/1000. Step time: 4602.2ms.
   [Vectorized MCTS] Step 210: 64 games active. Completed: 397/1000. Step time: 4513.5ms.
   [Vectorized MCTS] Step 215: 64 games active. Completed: 410/1000. Step time: 4575.9ms.
   [Vectorized MCTS] Step 220: 64 games active. Completed: 418/1000. Step time: 4680.5ms.
   [Vectorized MCTS] Step 225: 64 games active. Completed: 431/1000. Step time: 4632.1ms.
   [Vectorized MCTS] Step 230: 64 games active. Completed: 443/1000. Step time: 4723.7ms.
   [Vectorized MCTS] Step 235: 64 games active. Completed: 451/1000. Step time: 4639.3ms.
   [Vectorized MCTS] Step 240: 64 games active. Completed: 464/1000. Step time: 3881.7ms.
   [Vectorized MCTS] Step 245: 64 games active. Completed: 471/1000. Step time: 4649.3ms.
   [Vectorized MCTS] Step 250: 64 games active. Completed: 481/1000. Step time: 4525.7ms.
   [Vectorized MCTS] Step 255: 64 games active. Completed: 490/1000. Step time: 4576.3ms.
   [Vectorized MCTS] Step 260: 64 games active. Completed: 500/1000. Step time: 4504.7ms.
   [Vectorized MCTS] Step 265: 64 games active. Completed: 510/1000. Step time: 4650.2ms.
   [Vectorized MCTS] Step 270: 64 games active. Completed: 521/1000. Step time: 4785.4ms.
   [Vectorized MCTS] Step 275: 64 games active. Completed: 533/1000. Step time: 4627.5ms.
   [Vectorized MCTS] Step 280: 64 games active. Completed: 542/1000. Step time: 4701.1ms.
   [Vectorized MCTS] Step 285: 64 games active. Completed: 547/1000. Step time: 4614.9ms.
   [Vectorized MCTS] Step 290: 64 games active. Completed: 559/1000. Step time: 4677.5ms.
   [Vectorized MCTS] Step 295: 64 games active. Completed: 568/1000. Step time: 4742.1ms.
   [Vectorized MCTS] Step 300: 64 games active. Completed: 580/1000. Step time: 4561.4ms.
   [Vectorized MCTS] Step 305: 64 games active. Completed: 590/1000. Step time: 4739.4ms.
   [Vectorized MCTS] Step 310: 64 games active. Completed: 601/1000. Step time: 4642.9ms.
   [Vectorized MCTS] Step 315: 64 games active. Completed: 611/1000. Step time: 4729.2ms.
   [Vectorized MCTS] Step 320: 64 games active. Completed: 622/1000. Step time: 4618.4ms.
   [Vectorized MCTS] Step 325: 64 games active. Completed: 635/1000. Step time: 4751.7ms.
   [Vectorized MCTS] Step 330: 64 games active. Completed: 643/1000. Step time: 4746.8ms.
   [Vectorized MCTS] Step 335: 64 games active. Completed: 657/1000. Step time: 4674.0ms.
   [Vectorized MCTS] Step 340: 64 games active. Completed: 667/1000. Step time: 4736.0ms.
   [Vectorized MCTS] Step 345: 64 games active. Completed: 680/1000. Step time: 4745.2ms.
   [Vectorized MCTS] Step 350: 64 games active. Completed: 692/1000. Step time: 4679.3ms.
   [Vectorized MCTS] Step 355: 64 games active. Completed: 699/1000. Step time: 4650.5ms.
   [Vectorized MCTS] Step 360: 64 games active. Completed: 714/1000. Step time: 4728.3ms.
   [Vectorized MCTS] Step 365: 64 games active. Completed: 725/1000. Step time: 4682.8ms.
   [Vectorized MCTS] Step 370: 64 games active. Completed: 737/1000. Step time: 4717.7ms.
   [Vectorized MCTS] Step 375: 64 games active. Completed: 754/1000. Step time: 4648.2ms.
   [Vectorized MCTS] Step 380: 64 games active. Completed: 760/1000. Step time: 4655.8ms.
   [Vectorized MCTS] Step 385: 64 games active. Completed: 775/1000. Step time: 4628.6ms.
   [Vectorized MCTS] Step 390: 64 games active. Completed: 790/1000. Step time: 4628.4ms.
   [Vectorized MCTS] Step 395: 64 games active. Completed: 798/1000. Step time: 4598.6ms.
   [Vectorized MCTS] Step 400: 64 games active. Completed: 814/1000. Step time: 4724.3ms.
   [Vectorized MCTS] Step 405: 64 games active. Completed: 826/1000. Step time: 4685.1ms.
   [Vectorized MCTS] Step 410: 64 games active. Completed: 838/1000. Step time: 4717.6ms.
   [Vectorized MCTS] Step 415: 64 games active. Completed: 848/1000. Step time: 4603.6ms.
   [Vectorized MCTS] Step 420: 64 games active. Completed: 861/1000. Step time: 4707.2ms.
   [Vectorized MCTS] Step 425: 64 games active. Completed: 873/1000. Step time: 3981.5ms.
   [Vectorized MCTS] Step 430: 64 games active. Completed: 880/1000. Step time: 4627.8ms.
   [Vectorized MCTS] Step 435: 64 games active. Completed: 891/1000. Step time: 4014.7ms.
   [Vectorized MCTS] Step 440: 64 games active. Completed: 902/1000. Step time: 4744.0ms.
   [Vectorized MCTS] Step 445: 64 games active. Completed: 914/1000. Step time: 3940.4ms.
   [Vectorized MCTS] Step 450: 64 games active. Completed: 925/1000. Step time: 4641.2ms.
   [Vectorized MCTS] Step 455: 62 games active. Completed: 938/1000. Step time: 3890.0ms.
   [Vectorized MCTS] Step 460: 55 games active. Completed: 945/1000. Step time: 3570.6ms.
   [Vectorized MCTS] Step 465: 41 games active. Completed: 959/1000. Step time: 3071.3ms.
   [Vectorized MCTS] Step 470: 36 games active. Completed: 964/1000. Step time: 2674.4ms.
   [Vectorized MCTS] Step 475: 36 games active. Completed: 964/1000. Step time: 2636.4ms.
   [Vectorized MCTS] Step 480: 34 games active. Completed: 966/1000. Step time: 2570.9ms.
   [Vectorized MCTS] Step 485: 32 games active. Completed: 968/1000. Step time: 2488.0ms.
   [Vectorized MCTS] Step 490: 31 games active. Completed: 969/1000. Step time: 2420.6ms.
   [Vectorized MCTS] Step 495: 29 games active. Completed: 971/1000. Step time: 2386.0ms.
   [Vectorized MCTS] Step 500: 25 games active. Completed: 975/1000. Step time: 2198.0ms.
   [Vectorized MCTS] Step 505: 24 games active. Completed: 976/1000. Step time: 2019.1ms.
   [Vectorized MCTS] Step 510: 22 games active. Completed: 978/1000. Step time: 1968.7ms.
   [Vectorized MCTS] Step 515: 21 games active. Completed: 979/1000. Step time: 1965.8ms.
   [Vectorized MCTS] Step 520: 21 games active. Completed: 979/1000. Step time: 1836.8ms.
   [Vectorized MCTS] Step 525: 19 games active. Completed: 981/1000. Step time: 1813.2ms.
   [Vectorized MCTS] Step 530: 19 games active. Completed: 981/1000. Step time: 1751.8ms.
   [Vectorized MCTS] Step 535: 17 games active. Completed: 983/1000. Step time: 1752.4ms.
   [Vectorized MCTS] Step 540: 17 games active. Completed: 983/1000. Step time: 1707.1ms.
   [Vectorized MCTS] Step 545: 15 games active. Completed: 985/1000. Step time: 1715.3ms.
   [Vectorized MCTS] Step 550: 14 games active. Completed: 986/1000. Step time: 1652.9ms.
   [Vectorized MCTS] Step 555: 13 games active. Completed: 987/1000. Step time: 1652.2ms.
   [Vectorized MCTS] Step 560: 12 games active. Completed: 988/1000. Step time: 1584.4ms.
   [Vectorized MCTS] Step 565: 10 games active. Completed: 990/1000. Step time: 1505.8ms.
   [Vectorized MCTS] Step 570: 08 games active. Completed: 992/1000. Step time: 1418.7ms.
   [Vectorized MCTS] Step 575: 07 games active. Completed: 993/1000. Step time: 1351.5ms.
   [Vectorized MCTS] Step 580: 07 games active. Completed: 993/1000. Step time: 1333.6ms.
   [Vectorized MCTS] Step 585: 06 games active. Completed: 994/1000. Step time: 1312.3ms.
   [Vectorized MCTS] Step 590: 03 games active. Completed: 997/1000. Step time: 1224.2ms.
   [Vectorized MCTS] Step 595: 03 games active. Completed: 997/1000. Step time: 1161.3ms.
   [Vectorized MCTS] Step 600: 02 games active. Completed: 998/1000. Step time: 622.9ms.
   [Vectorized MCTS] Step 605: 01 games active. Completed: 999/1000. Step time: 541.7ms.
   [Vectorized MCTS] Step 610: 00 games active. Completed: 1000/1000. Step time: 545.2ms.

Collection completed in 2338.8 seconds (2.339s/game average).
