Starting self-play collection using /Users/nilbot/playground/autogo-mlx/experiments/001_train_from_scratch/checkpoints/iter13.safetensors
--> Progressive sims enabled. Iteration 13 -> 64 simulations.
--> League play enabled: Selected historical opponent iter2.safetensors (3-channel model)
Config: num-games=1000, simulations=64, workers=8
--> Starting pool-swapping selfplay for all 1000 games with max_active_games=64...
   [Vectorized MCTS] Step 001: 64 games active. Completed: 0/1000. Step time: 4543.6ms.
   [Vectorized MCTS] Step 005: 64 games active. Completed: 0/1000. Step time: 4576.9ms.
   [Vectorized MCTS] Step 010: 64 games active. Completed: 28/1000. Step time: 4604.2ms.
   [Vectorized MCTS] Step 015: 64 games active. Completed: 41/1000. Step time: 4473.6ms.
   [Vectorized MCTS] Step 020: 64 games active. Completed: 57/1000. Step time: 3870.7ms.
   [Vectorized MCTS] Step 025: 64 games active. Completed: 70/1000. Step time: 3775.7ms.
   [Vectorized MCTS] Step 030: 64 games active. Completed: 77/1000. Step time: 3832.9ms.
   [Vectorized MCTS] Step 035: 64 games active. Completed: 86/1000. Step time: 3859.1ms.
   [Vectorized MCTS] Step 040: 64 games active. Completed: 91/1000. Step time: 3849.5ms.
   [Vectorized MCTS] Step 045: 64 games active. Completed: 97/1000. Step time: 3855.4ms.
   [Vectorized MCTS] Step 050: 64 games active. Completed: 100/1000. Step time: 3883.4ms.
   [Vectorized MCTS] Step 055: 64 games active. Completed: 103/1000. Step time: 3850.9ms.
   [Vectorized MCTS] Step 060: 64 games active. Completed: 107/1000. Step time: 3771.4ms.
   [Vectorized MCTS] Step 065: 64 games active. Completed: 110/1000. Step time: 3875.8ms.
   [Vectorized MCTS] Step 070: 64 games active. Completed: 110/1000. Step time: 3854.7ms.
   [Vectorized MCTS] Step 075: 64 games active. Completed: 114/1000. Step time: 3863.1ms.
   [Vectorized MCTS] Step 080: 64 games active. Completed: 115/1000. Step time: 3770.7ms.
   [Vectorized MCTS] Step 085: 64 games active. Completed: 117/1000. Step time: 3838.0ms.
   [Vectorized MCTS] Step 090: 64 games active. Completed: 118/1000. Step time: 3770.0ms.
   [Vectorized MCTS] Step 095: 64 games active. Completed: 119/1000. Step time: 3848.0ms.
   [Vectorized MCTS] Step 100: 64 games active. Completed: 120/1000. Step time: 3763.6ms.
   [Vectorized MCTS] Step 105: 64 games active. Completed: 122/1000. Step time: 3874.3ms.
   [Vectorized MCTS] Step 110: 64 games active. Completed: 123/1000. Step time: 3845.4ms.
   [Vectorized MCTS] Step 115: 64 games active. Completed: 124/1000. Step time: 3837.2ms.
   [Vectorized MCTS] Step 120: 64 games active. Completed: 126/1000. Step time: 3838.0ms.
   [Vectorized MCTS] Step 125: 64 games active. Completed: 130/1000. Step time: 3858.9ms.
   [Vectorized MCTS] Step 130: 64 games active. Completed: 133/1000. Step time: 3827.9ms.
   [Vectorized MCTS] Step 135: 64 games active. Completed: 137/1000. Step time: 3822.5ms.
   [Vectorized MCTS] Step 140: 64 games active. Completed: 139/1000. Step time: 3748.1ms.
   [Vectorized MCTS] Step 145: 64 games active. Completed: 146/1000. Step time: 3831.6ms.
   [Vectorized MCTS] Step 150: 64 games active. Completed: 150/1000. Step time: 3826.6ms.
   [Vectorized MCTS] Step 155: 64 games active. Completed: 160/1000. Step time: 3850.4ms.
   [Vectorized MCTS] Step 160: 64 games active. Completed: 168/1000. Step time: 3802.2ms.
   [Vectorized MCTS] Step 165: 64 games active. Completed: 178/1000. Step time: 3834.4ms.
   [Vectorized MCTS] Step 170: 64 games active. Completed: 189/1000. Step time: 4483.0ms.
   [Vectorized MCTS] Step 175: 64 games active. Completed: 202/1000. Step time: 3746.6ms.
   [Vectorized MCTS] Step 180: 64 games active. Completed: 211/1000. Step time: 3789.4ms.
   [Vectorized MCTS] Step 185: 64 games active. Completed: 225/1000. Step time: 3836.5ms.
   [Vectorized MCTS] Step 190: 64 games active. Completed: 235/1000. Step time: 3820.9ms.
   [Vectorized MCTS] Step 195: 64 games active. Completed: 245/1000. Step time: 3791.7ms.
   [Vectorized MCTS] Step 200: 64 games active. Completed: 254/1000. Step time: 3800.8ms.
   [Vectorized MCTS] Step 205: 64 games active. Completed: 261/1000. Step time: 3772.4ms.
   [Vectorized MCTS] Step 210: 64 games active. Completed: 266/1000. Step time: 3854.6ms.
   [Vectorized MCTS] Step 215: 64 games active. Completed: 272/1000. Step time: 3776.4ms.
   [Vectorized MCTS] Step 220: 64 games active. Completed: 279/1000. Step time: 3797.5ms.
   [Vectorized MCTS] Step 225: 64 games active. Completed: 284/1000. Step time: 3795.5ms.
   [Vectorized MCTS] Step 230: 64 games active. Completed: 289/1000. Step time: 3821.5ms.
   [Vectorized MCTS] Step 235: 64 games active. Completed: 295/1000. Step time: 3808.5ms.
   [Vectorized MCTS] Step 240: 64 games active. Completed: 298/1000. Step time: 3793.0ms.
   [Vectorized MCTS] Step 245: 64 games active. Completed: 303/1000. Step time: 3863.5ms.
   [Vectorized MCTS] Step 250: 64 games active. Completed: 305/1000. Step time: 3792.4ms.
   [Vectorized MCTS] Step 255: 64 games active. Completed: 308/1000. Step time: 3823.9ms.
   [Vectorized MCTS] Step 260: 64 games active. Completed: 310/1000. Step time: 3766.0ms.
   [Vectorized MCTS] Step 265: 64 games active. Completed: 317/1000. Step time: 3773.9ms.
   [Vectorized MCTS] Step 270: 64 games active. Completed: 319/1000. Step time: 3755.9ms.
   [Vectorized MCTS] Step 275: 64 games active. Completed: 325/1000. Step time: 3756.1ms.
   [Vectorized MCTS] Step 280: 64 games active. Completed: 328/1000. Step time: 3878.9ms.
   [Vectorized MCTS] Step 285: 64 games active. Completed: 330/1000. Step time: 3753.5ms.
   [Vectorized MCTS] Step 290: 64 games active. Completed: 335/1000. Step time: 3862.1ms.
   [Vectorized MCTS] Step 295: 64 games active. Completed: 341/1000. Step time: 3829.3ms.
   [Vectorized MCTS] Step 300: 64 games active. Completed: 347/1000. Step time: 3859.9ms.
   [Vectorized MCTS] Step 305: 64 games active. Completed: 354/1000. Step time: 3751.4ms.
   [Vectorized MCTS] Step 310: 64 games active. Completed: 361/1000. Step time: 3860.3ms.
   [Vectorized MCTS] Step 315: 64 games active. Completed: 373/1000. Step time: 4451.5ms.
   [Vectorized MCTS] Step 320: 64 games active. Completed: 379/1000. Step time: 3859.3ms.
   [Vectorized MCTS] Step 325: 64 games active. Completed: 386/1000. Step time: 4560.9ms.
   [Vectorized MCTS] Step 330: 64 games active. Completed: 395/1000. Step time: 3842.5ms.
   [Vectorized MCTS] Step 335: 64 games active. Completed: 399/1000. Step time: 4464.5ms.
   [Vectorized MCTS] Step 340: 64 games active. Completed: 408/1000. Step time: 3850.6ms.
   [Vectorized MCTS] Step 345: 64 games active. Completed: 416/1000. Step time: 4462.3ms.
   [Vectorized MCTS] Step 350: 64 games active. Completed: 425/1000. Step time: 3839.4ms.
   [Vectorized MCTS] Step 355: 64 games active. Completed: 431/1000. Step time: 4530.5ms.
   [Vectorized MCTS] Step 360: 64 games active. Completed: 439/1000. Step time: 3853.6ms.
   [Vectorized MCTS] Step 365: 64 games active. Completed: 445/1000. Step time: 4532.2ms.
   [Vectorized MCTS] Step 370: 64 games active. Completed: 451/1000. Step time: 3849.1ms.
   [Vectorized MCTS] Step 375: 64 games active. Completed: 456/1000. Step time: 4515.2ms.
   [Vectorized MCTS] Step 380: 64 games active. Completed: 464/1000. Step time: 3878.3ms.
   [Vectorized MCTS] Step 385: 64 games active. Completed: 468/1000. Step time: 4594.7ms.
   [Vectorized MCTS] Step 390: 64 games active. Completed: 473/1000. Step time: 3862.0ms.
   [Vectorized MCTS] Step 395: 64 games active. Completed: 476/1000. Step time: 4522.5ms.
   [Vectorized MCTS] Step 400: 64 games active. Completed: 481/1000. Step time: 3880.4ms.
   [Vectorized MCTS] Step 405: 64 games active. Completed: 484/1000. Step time: 4500.6ms.
   [Vectorized MCTS] Step 410: 64 games active. Completed: 486/1000. Step time: 3866.2ms.
   [Vectorized MCTS] Step 415: 64 games active. Completed: 492/1000. Step time: 4516.4ms.
   [Vectorized MCTS] Step 420: 64 games active. Completed: 493/1000. Step time: 3865.6ms.
   [Vectorized MCTS] Step 425: 64 games active. Completed: 499/1000. Step time: 4519.2ms.
   [Vectorized MCTS] Step 430: 64 games active. Completed: 503/1000. Step time: 3852.5ms.
   [Vectorized MCTS] Step 435: 64 games active. Completed: 508/1000. Step time: 4630.7ms.
   [Vectorized MCTS] Step 440: 64 games active. Completed: 511/1000. Step time: 3857.5ms.
   [Vectorized MCTS] Step 445: 64 games active. Completed: 516/1000. Step time: 4603.2ms.
   [Vectorized MCTS] Step 450: 64 games active. Completed: 521/1000. Step time: 3856.0ms.
   [Vectorized MCTS] Step 455: 64 games active. Completed: 527/1000. Step time: 4470.5ms.
   [Vectorized MCTS] Step 460: 64 games active. Completed: 534/1000. Step time: 3862.5ms.
   [Vectorized MCTS] Step 465: 64 games active. Completed: 540/1000. Step time: 4666.3ms.
   [Vectorized MCTS] Step 470: 64 games active. Completed: 547/1000. Step time: 3857.6ms.
   [Vectorized MCTS] Step 475: 64 games active. Completed: 554/1000. Step time: 4490.4ms.
   [Vectorized MCTS] Step 480: 64 games active. Completed: 559/1000. Step time: 3830.3ms.
   [Vectorized MCTS] Step 485: 64 games active. Completed: 567/1000. Step time: 4483.1ms.
   [Vectorized MCTS] Step 490: 64 games active. Completed: 575/1000. Step time: 3863.8ms.
   [Vectorized MCTS] Step 495: 64 games active. Completed: 580/1000. Step time: 4442.7ms.
   [Vectorized MCTS] Step 500: 64 games active. Completed: 590/1000. Step time: 3843.8ms.
   [Vectorized MCTS] Step 505: 64 games active. Completed: 596/1000. Step time: 4492.9ms.
   [Vectorized MCTS] Step 510: 64 games active. Completed: 606/1000. Step time: 3781.8ms.
   [Vectorized MCTS] Step 515: 64 games active. Completed: 618/1000. Step time: 4556.0ms.
   [Vectorized MCTS] Step 520: 64 games active. Completed: 628/1000. Step time: 3758.5ms.
   [Vectorized MCTS] Step 525: 64 games active. Completed: 640/1000. Step time: 4431.7ms.
   [Vectorized MCTS] Step 530: 64 games active. Completed: 644/1000. Step time: 3766.2ms.
   [Vectorized MCTS] Step 535: 64 games active. Completed: 651/1000. Step time: 4445.2ms.
   [Vectorized MCTS] Step 540: 64 games active. Completed: 658/1000. Step time: 3787.3ms.
   [Vectorized MCTS] Step 545: 64 games active. Completed: 664/1000. Step time: 4621.3ms.
   [Vectorized MCTS] Step 550: 64 games active. Completed: 672/1000. Step time: 3776.8ms.
   [Vectorized MCTS] Step 555: 64 games active. Completed: 677/1000. Step time: 3878.5ms.
   [Vectorized MCTS] Step 560: 64 games active. Completed: 684/1000. Step time: 3737.4ms.
   [Vectorized MCTS] Step 565: 64 games active. Completed: 687/1000. Step time: 3880.2ms.
   [Vectorized MCTS] Step 570: 64 games active. Completed: 696/1000. Step time: 3845.3ms.
   [Vectorized MCTS] Step 575: 64 games active. Completed: 697/1000. Step time: 3864.1ms.
   [Vectorized MCTS] Step 580: 64 games active. Completed: 702/1000. Step time: 3751.3ms.
   [Vectorized MCTS] Step 585: 64 games active. Completed: 703/1000. Step time: 3836.8ms.
   [Vectorized MCTS] Step 590: 64 games active. Completed: 707/1000. Step time: 3738.8ms.
   [Vectorized MCTS] Step 595: 64 games active. Completed: 709/1000. Step time: 3840.1ms.
   [Vectorized MCTS] Step 600: 64 games active. Completed: 715/1000. Step time: 3771.2ms.
   [Vectorized MCTS] Step 605: 64 games active. Completed: 718/1000. Step time: 3833.8ms.
   [Vectorized MCTS] Step 610: 64 games active. Completed: 722/1000. Step time: 3860.4ms.
   [Vectorized MCTS] Step 615: 64 games active. Completed: 729/1000. Step time: 3806.2ms.
   [Vectorized MCTS] Step 620: 64 games active. Completed: 737/1000. Step time: 3831.2ms.
   [Vectorized MCTS] Step 625: 64 games active. Completed: 742/1000. Step time: 3815.9ms.
   [Vectorized MCTS] Step 630: 64 games active. Completed: 753/1000. Step time: 3759.9ms.
   [Vectorized MCTS] Step 635: 64 games active. Completed: 756/1000. Step time: 3790.9ms.
   [Vectorized MCTS] Step 640: 64 games active. Completed: 764/1000. Step time: 3781.6ms.
   [Vectorized MCTS] Step 645: 64 games active. Completed: 773/1000. Step time: 4429.9ms.
   [Vectorized MCTS] Step 650: 64 games active. Completed: 781/1000. Step time: 3780.3ms.
   [Vectorized MCTS] Step 655: 64 games active. Completed: 793/1000. Step time: 3822.7ms.
   [Vectorized MCTS] Step 660: 64 games active. Completed: 801/1000. Step time: 3748.5ms.
   [Vectorized MCTS] Step 665: 64 games active. Completed: 811/1000. Step time: 3815.0ms.
   [Vectorized MCTS] Step 670: 64 games active. Completed: 817/1000. Step time: 3760.3ms.
   [Vectorized MCTS] Step 675: 64 games active. Completed: 828/1000. Step time: 3813.9ms.
   [Vectorized MCTS] Step 680: 64 games active. Completed: 835/1000. Step time: 3862.5ms.
   [Vectorized MCTS] Step 685: 64 games active. Completed: 847/1000. Step time: 3836.4ms.
   [Vectorized MCTS] Step 690: 64 games active. Completed: 857/1000. Step time: 3864.3ms.
   [Vectorized MCTS] Step 695: 64 games active. Completed: 868/1000. Step time: 3833.6ms.
   [Vectorized MCTS] Step 700: 64 games active. Completed: 875/1000. Step time: 3763.4ms.
   [Vectorized MCTS] Step 705: 64 games active. Completed: 886/1000. Step time: 4432.5ms.
   [Vectorized MCTS] Step 710: 64 games active. Completed: 893/1000. Step time: 3840.7ms.
   [Vectorized MCTS] Step 715: 64 games active. Completed: 903/1000. Step time: 3806.6ms.
   [Vectorized MCTS] Step 720: 64 games active. Completed: 908/1000. Step time: 3851.8ms.
   [Vectorized MCTS] Step 725: 64 games active. Completed: 921/1000. Step time: 4438.7ms.
   [Vectorized MCTS] Step 730: 64 games active. Completed: 927/1000. Step time: 3861.9ms.
   [Vectorized MCTS] Step 735: 61 games active. Completed: 939/1000. Step time: 3743.3ms.
   [Vectorized MCTS] Step 740: 54 games active. Completed: 946/1000. Step time: 3341.9ms.
   [Vectorized MCTS] Step 745: 51 games active. Completed: 949/1000. Step time: 3248.9ms.
   [Vectorized MCTS] Step 750: 47 games active. Completed: 953/1000. Step time: 2999.7ms.
   [Vectorized MCTS] Step 755: 47 games active. Completed: 953/1000. Step time: 3021.4ms.
   [Vectorized MCTS] Step 760: 47 games active. Completed: 953/1000. Step time: 2945.3ms.
   [Vectorized MCTS] Step 765: 44 games active. Completed: 956/1000. Step time: 2892.2ms.
   [Vectorized MCTS] Step 770: 43 games active. Completed: 957/1000. Step time: 2790.1ms.
   [Vectorized MCTS] Step 775: 41 games active. Completed: 959/1000. Step time: 2781.9ms.
   [Vectorized MCTS] Step 780: 39 games active. Completed: 961/1000. Step time: 2666.7ms.
   [Vectorized MCTS] Step 785: 37 games active. Completed: 963/1000. Step time: 2611.7ms.
   [Vectorized MCTS] Step 790: 36 games active. Completed: 964/1000. Step time: 2428.0ms.
   [Vectorized MCTS] Step 795: 34 games active. Completed: 966/1000. Step time: 2410.8ms.
   [Vectorized MCTS] Step 800: 33 games active. Completed: 967/1000. Step time: 2405.2ms.
   [Vectorized MCTS] Step 805: 29 games active. Completed: 971/1000. Step time: 2220.0ms.
   [Vectorized MCTS] Step 810: 27 games active. Completed: 973/1000. Step time: 2037.1ms.
   [Vectorized MCTS] Step 815: 25 games active. Completed: 975/1000. Step time: 1999.6ms.
   [Vectorized MCTS] Step 820: 25 games active. Completed: 975/1000. Step time: 1996.4ms.
   [Vectorized MCTS] Step 825: 23 games active. Completed: 977/1000. Step time: 1864.6ms.
   [Vectorized MCTS] Step 830: 21 games active. Completed: 979/1000. Step time: 1888.4ms.
   [Vectorized MCTS] Step 835: 20 games active. Completed: 980/1000. Step time: 1745.8ms.
   [Vectorized MCTS] Step 840: 17 games active. Completed: 983/1000. Step time: 1738.2ms.
   [Vectorized MCTS] Step 845: 15 games active. Completed: 985/1000. Step time: 1697.4ms.
   [Vectorized MCTS] Step 850: 14 games active. Completed: 986/1000. Step time: 1558.4ms.
   [Vectorized MCTS] Step 855: 12 games active. Completed: 988/1000. Step time: 1545.0ms.
   [Vectorized MCTS] Step 860: 11 games active. Completed: 989/1000. Step time: 1420.2ms.
   [Vectorized MCTS] Step 865: 08 games active. Completed: 992/1000. Step time: 1363.9ms.
   [Vectorized MCTS] Step 870: 04 games active. Completed: 996/1000. Step time: 1077.8ms.
   [Vectorized MCTS] Step 875: 03 games active. Completed: 997/1000. Step time: 1099.4ms.
   [Vectorized MCTS] Step 880: 03 games active. Completed: 997/1000. Step time: 592.1ms.
   [Vectorized MCTS] Step 885: 03 games active. Completed: 997/1000. Step time: 1067.4ms.
   [Vectorized MCTS] Step 890: 02 games active. Completed: 998/1000. Step time: 550.7ms.
   [Vectorized MCTS] Step 895: 02 games active. Completed: 998/1000. Step time: 542.5ms.
   [Vectorized MCTS] Step 900: 02 games active. Completed: 998/1000. Step time: 551.2ms.
   [Vectorized MCTS] Step 905: 00 games active. Completed: 1000/1000. Step time: 587.6ms.

Collection completed in 3255.7 seconds (3.256s/game average).
