Starting self-play collection using /Users/nilbot/playground/autogo-mlx/experiments/001_train_from_scratch/checkpoints/iter12.safetensors
--> Progressive sims enabled. Iteration 12 -> 64 simulations.
--> League play enabled: Selected historical opponent iter9.safetensors (8-channel model)
Config: num-games=1000, simulations=64, workers=8
--> Starting pool-swapping selfplay for all 1000 games with max_active_games=64...
   [Vectorized MCTS] Step 001: 64 games active. Completed: 0/1000. Step time: 4151.6ms.
   [Vectorized MCTS] Step 005: 64 games active. Completed: 0/1000. Step time: 4249.5ms.
   [Vectorized MCTS] Step 010: 64 games active. Completed: 23/1000. Step time: 4231.1ms.
   [Vectorized MCTS] Step 015: 64 games active. Completed: 37/1000. Step time: 4305.9ms.
   [Vectorized MCTS] Step 020: 64 games active. Completed: 49/1000. Step time: 4167.7ms.
   [Vectorized MCTS] Step 025: 64 games active. Completed: 60/1000. Step time: 4338.9ms.
   [Vectorized MCTS] Step 030: 64 games active. Completed: 66/1000. Step time: 3774.3ms.
   [Vectorized MCTS] Step 035: 64 games active. Completed: 75/1000. Step time: 4367.8ms.
   [Vectorized MCTS] Step 040: 64 games active. Completed: 77/1000. Step time: 3891.9ms.
   [Vectorized MCTS] Step 045: 64 games active. Completed: 83/1000. Step time: 4330.9ms.
   [Vectorized MCTS] Step 050: 64 games active. Completed: 84/1000. Step time: 3892.4ms.
   [Vectorized MCTS] Step 055: 64 games active. Completed: 86/1000. Step time: 3851.2ms.
   [Vectorized MCTS] Step 060: 64 games active. Completed: 87/1000. Step time: 3878.2ms.
   [Vectorized MCTS] Step 065: 64 games active. Completed: 89/1000. Step time: 3901.8ms.
   [Vectorized MCTS] Step 070: 64 games active. Completed: 90/1000. Step time: 3922.7ms.
   [Vectorized MCTS] Step 075: 64 games active. Completed: 92/1000. Step time: 3896.8ms.
   [Vectorized MCTS] Step 080: 64 games active. Completed: 92/1000. Step time: 4079.3ms.
   [Vectorized MCTS] Step 085: 64 games active. Completed: 94/1000. Step time: 3893.9ms.
   [Vectorized MCTS] Step 090: 64 games active. Completed: 95/1000. Step time: 3895.7ms.
   [Vectorized MCTS] Step 095: 64 games active. Completed: 96/1000. Step time: 5034.8ms.
   [Vectorized MCTS] Step 100: 64 games active. Completed: 104/1000. Step time: 3978.5ms.
   [Vectorized MCTS] Step 105: 64 games active. Completed: 112/1000. Step time: 4403.2ms.
   [Vectorized MCTS] Step 110: 64 games active. Completed: 128/1000. Step time: 3853.9ms.
   [Vectorized MCTS] Step 115: 64 games active. Completed: 135/1000. Step time: 4348.4ms.
   [Vectorized MCTS] Step 120: 64 games active. Completed: 150/1000. Step time: 3847.1ms.
   [Vectorized MCTS] Step 125: 64 games active. Completed: 158/1000. Step time: 3731.6ms.
   [Vectorized MCTS] Step 130: 64 games active. Completed: 170/1000. Step time: 3793.3ms.
   [Vectorized MCTS] Step 135: 64 games active. Completed: 180/1000. Step time: 3676.5ms.
   [Vectorized MCTS] Step 140: 64 games active. Completed: 191/1000. Step time: 3801.9ms.
   [Vectorized MCTS] Step 145: 64 games active. Completed: 198/1000. Step time: 3809.3ms.
   [Vectorized MCTS] Step 150: 64 games active. Completed: 207/1000. Step time: 3784.8ms.
   [Vectorized MCTS] Step 155: 64 games active. Completed: 216/1000. Step time: 3826.7ms.
   [Vectorized MCTS] Step 160: 64 games active. Completed: 222/1000. Step time: 3801.7ms.
   [Vectorized MCTS] Step 165: 64 games active. Completed: 226/1000. Step time: 3841.9ms.
   [Vectorized MCTS] Step 170: 64 games active. Completed: 231/1000. Step time: 3817.9ms.
   [Vectorized MCTS] Step 175: 64 games active. Completed: 233/1000. Step time: 3873.3ms.
   [Vectorized MCTS] Step 180: 64 games active. Completed: 236/1000. Step time: 3835.5ms.
   [Vectorized MCTS] Step 185: 64 games active. Completed: 238/1000. Step time: 3940.7ms.
   [Vectorized MCTS] Step 190: 64 games active. Completed: 241/1000. Step time: 3892.7ms.
   [Vectorized MCTS] Step 195: 64 games active. Completed: 242/1000. Step time: 3912.0ms.
   [Vectorized MCTS] Step 200: 64 games active. Completed: 247/1000. Step time: 3832.6ms.
   [Vectorized MCTS] Step 205: 64 games active. Completed: 249/1000. Step time: 3950.1ms.
   [Vectorized MCTS] Step 210: 64 games active. Completed: 256/1000. Step time: 3787.3ms.
   [Vectorized MCTS] Step 215: 64 games active. Completed: 261/1000. Step time: 3899.1ms.
   [Vectorized MCTS] Step 220: 64 games active. Completed: 270/1000. Step time: 3861.5ms.
   [Vectorized MCTS] Step 225: 64 games active. Completed: 277/1000. Step time: 3772.4ms.
   [Vectorized MCTS] Step 230: 64 games active. Completed: 287/1000. Step time: 3850.0ms.
   [Vectorized MCTS] Step 235: 64 games active. Completed: 294/1000. Step time: 3750.2ms.
   [Vectorized MCTS] Step 240: 64 games active. Completed: 303/1000. Step time: 3891.9ms.
   [Vectorized MCTS] Step 245: 64 games active. Completed: 313/1000. Step time: 3839.2ms.
   [Vectorized MCTS] Step 250: 64 games active. Completed: 320/1000. Step time: 3812.2ms.
   [Vectorized MCTS] Step 255: 64 games active. Completed: 329/1000. Step time: 3871.3ms.
   [Vectorized MCTS] Step 260: 64 games active. Completed: 335/1000. Step time: 3943.0ms.
   [Vectorized MCTS] Step 265: 64 games active. Completed: 341/1000. Step time: 3905.0ms.
   [Vectorized MCTS] Step 270: 64 games active. Completed: 347/1000. Step time: 4508.1ms.
   [Vectorized MCTS] Step 275: 64 games active. Completed: 354/1000. Step time: 3816.3ms.
   [Vectorized MCTS] Step 280: 64 games active. Completed: 360/1000. Step time: 3878.4ms.
   [Vectorized MCTS] Step 285: 64 games active. Completed: 363/1000. Step time: 3925.9ms.
   [Vectorized MCTS] Step 290: 64 games active. Completed: 369/1000. Step time: 4531.3ms.
   [Vectorized MCTS] Step 295: 64 games active. Completed: 373/1000. Step time: 3949.1ms.
   [Vectorized MCTS] Step 300: 64 games active. Completed: 378/1000. Step time: 4686.3ms.
   [Vectorized MCTS] Step 305: 64 games active. Completed: 383/1000. Step time: 3925.8ms.
   [Vectorized MCTS] Step 310: 64 games active. Completed: 387/1000. Step time: 4469.9ms.
   [Vectorized MCTS] Step 315: 64 games active. Completed: 391/1000. Step time: 3903.4ms.
   [Vectorized MCTS] Step 320: 64 games active. Completed: 397/1000. Step time: 4522.0ms.
   [Vectorized MCTS] Step 325: 64 games active. Completed: 399/1000. Step time: 3959.1ms.
   [Vectorized MCTS] Step 330: 64 games active. Completed: 403/1000. Step time: 4445.3ms.
   [Vectorized MCTS] Step 335: 64 games active. Completed: 406/1000. Step time: 3819.1ms.
   [Vectorized MCTS] Step 340: 64 games active. Completed: 415/1000. Step time: 4496.4ms.
   [Vectorized MCTS] Step 345: 64 games active. Completed: 422/1000. Step time: 3877.8ms.
   [Vectorized MCTS] Step 350: 64 games active. Completed: 435/1000. Step time: 3868.8ms.
   [Vectorized MCTS] Step 355: 64 games active. Completed: 443/1000. Step time: 4486.6ms.
   [Vectorized MCTS] Step 360: 64 games active. Completed: 451/1000. Step time: 3882.2ms.
   [Vectorized MCTS] Step 365: 64 games active. Completed: 463/1000. Step time: 3873.5ms.
   [Vectorized MCTS] Step 370: 64 games active. Completed: 469/1000. Step time: 3856.7ms.
   [Vectorized MCTS] Step 375: 64 games active. Completed: 478/1000. Step time: 3893.9ms.
   [Vectorized MCTS] Step 380: 64 games active. Completed: 484/1000. Step time: 4494.5ms.
   [Vectorized MCTS] Step 385: 64 games active. Completed: 493/1000. Step time: 4457.5ms.
   [Vectorized MCTS] Step 390: 64 games active. Completed: 500/1000. Step time: 3895.5ms.
   [Vectorized MCTS] Step 395: 64 games active. Completed: 508/1000. Step time: 4461.0ms.
   [Vectorized MCTS] Step 400: 64 games active. Completed: 513/1000. Step time: 3935.8ms.
   [Vectorized MCTS] Step 405: 64 games active. Completed: 520/1000. Step time: 4470.7ms.
   [Vectorized MCTS] Step 410: 64 games active. Completed: 522/1000. Step time: 3879.3ms.
   [Vectorized MCTS] Step 415: 64 games active. Completed: 530/1000. Step time: 4502.3ms.
   [Vectorized MCTS] Step 420: 64 games active. Completed: 531/1000. Step time: 3890.3ms.
   [Vectorized MCTS] Step 425: 64 games active. Completed: 537/1000. Step time: 4546.7ms.
   [Vectorized MCTS] Step 430: 64 games active. Completed: 541/1000. Step time: 3887.9ms.
   [Vectorized MCTS] Step 435: 64 games active. Completed: 544/1000. Step time: 4514.9ms.
   [Vectorized MCTS] Step 440: 64 games active. Completed: 549/1000. Step time: 3865.8ms.
   [Vectorized MCTS] Step 445: 64 games active. Completed: 554/1000. Step time: 4566.9ms.
   [Vectorized MCTS] Step 450: 64 games active. Completed: 558/1000. Step time: 3919.6ms.
   [Vectorized MCTS] Step 455: 64 games active. Completed: 565/1000. Step time: 4493.3ms.
   [Vectorized MCTS] Step 460: 64 games active. Completed: 574/1000. Step time: 3895.4ms.
   [Vectorized MCTS] Step 465: 64 games active. Completed: 581/1000. Step time: 4678.8ms.
   [Vectorized MCTS] Step 470: 64 games active. Completed: 592/1000. Step time: 3907.3ms.
   [Vectorized MCTS] Step 475: 64 games active. Completed: 599/1000. Step time: 4603.7ms.
   [Vectorized MCTS] Step 480: 64 games active. Completed: 609/1000. Step time: 3893.5ms.
   [Vectorized MCTS] Step 485: 64 games active. Completed: 617/1000. Step time: 4638.8ms.
   [Vectorized MCTS] Step 490: 64 games active. Completed: 628/1000. Step time: 3884.3ms.
   [Vectorized MCTS] Step 495: 64 games active. Completed: 635/1000. Step time: 4565.7ms.
   [Vectorized MCTS] Step 500: 64 games active. Completed: 646/1000. Step time: 4551.0ms.
   [Vectorized MCTS] Step 505: 64 games active. Completed: 654/1000. Step time: 3904.3ms.
   [Vectorized MCTS] Step 510: 64 games active. Completed: 662/1000. Step time: 3914.7ms.
   [Vectorized MCTS] Step 515: 64 games active. Completed: 666/1000. Step time: 3922.2ms.
   [Vectorized MCTS] Step 520: 64 games active. Completed: 673/1000. Step time: 3914.4ms.
   [Vectorized MCTS] Step 525: 64 games active. Completed: 677/1000. Step time: 3885.1ms.
   [Vectorized MCTS] Step 530: 64 games active. Completed: 681/1000. Step time: 3934.4ms.
   [Vectorized MCTS] Step 535: 64 games active. Completed: 686/1000. Step time: 3817.5ms.
   [Vectorized MCTS] Step 540: 64 games active. Completed: 691/1000. Step time: 3943.7ms.
   [Vectorized MCTS] Step 545: 64 games active. Completed: 699/1000. Step time: 3909.1ms.
   [Vectorized MCTS] Step 550: 64 games active. Completed: 702/1000. Step time: 3907.6ms.
   [Vectorized MCTS] Step 555: 64 games active. Completed: 709/1000. Step time: 3954.4ms.
   [Vectorized MCTS] Step 560: 64 games active. Completed: 715/1000. Step time: 4513.6ms.
   [Vectorized MCTS] Step 565: 64 games active. Completed: 721/1000. Step time: 3920.8ms.
   [Vectorized MCTS] Step 570: 64 games active. Completed: 729/1000. Step time: 3925.3ms.
   [Vectorized MCTS] Step 575: 64 games active. Completed: 733/1000. Step time: 3916.7ms.
   [Vectorized MCTS] Step 580: 64 games active. Completed: 742/1000. Step time: 4590.0ms.
   [Vectorized MCTS] Step 585: 64 games active. Completed: 747/1000. Step time: 3914.0ms.
   [Vectorized MCTS] Step 590: 64 games active. Completed: 756/1000. Step time: 4573.5ms.
   [Vectorized MCTS] Step 595: 64 games active. Completed: 764/1000. Step time: 3894.3ms.
   [Vectorized MCTS] Step 600: 64 games active. Completed: 771/1000. Step time: 4640.2ms.
   [Vectorized MCTS] Step 605: 64 games active. Completed: 778/1000. Step time: 3874.9ms.
   [Vectorized MCTS] Step 610: 64 games active. Completed: 789/1000. Step time: 4476.4ms.
   [Vectorized MCTS] Step 615: 64 games active. Completed: 798/1000. Step time: 4453.0ms.
   [Vectorized MCTS] Step 620: 64 games active. Completed: 808/1000. Step time: 3870.2ms.
   [Vectorized MCTS] Step 625: 64 games active. Completed: 814/1000. Step time: 4574.3ms.
   [Vectorized MCTS] Step 630: 64 games active. Completed: 822/1000. Step time: 3773.6ms.
   [Vectorized MCTS] Step 635: 64 games active. Completed: 826/1000. Step time: 4472.0ms.
   [Vectorized MCTS] Step 640: 64 games active. Completed: 832/1000. Step time: 3811.1ms.
   [Vectorized MCTS] Step 645: 64 games active. Completed: 838/1000. Step time: 4586.0ms.
   [Vectorized MCTS] Step 650: 64 games active. Completed: 846/1000. Step time: 3904.9ms.
   [Vectorized MCTS] Step 655: 64 games active. Completed: 850/1000. Step time: 4573.9ms.
   [Vectorized MCTS] Step 660: 64 games active. Completed: 854/1000. Step time: 3885.6ms.
   [Vectorized MCTS] Step 665: 64 games active. Completed: 859/1000. Step time: 4472.6ms.
   [Vectorized MCTS] Step 670: 64 games active. Completed: 863/1000. Step time: 3920.9ms.
   [Vectorized MCTS] Step 675: 64 games active. Completed: 871/1000. Step time: 4471.2ms.
   [Vectorized MCTS] Step 680: 64 games active. Completed: 879/1000. Step time: 3913.3ms.
   [Vectorized MCTS] Step 685: 64 games active. Completed: 884/1000. Step time: 4572.8ms.
   [Vectorized MCTS] Step 690: 64 games active. Completed: 889/1000. Step time: 3919.3ms.
   [Vectorized MCTS] Step 695: 64 games active. Completed: 899/1000. Step time: 4611.6ms.
   [Vectorized MCTS] Step 700: 64 games active. Completed: 905/1000. Step time: 3937.8ms.
   [Vectorized MCTS] Step 705: 64 games active. Completed: 913/1000. Step time: 4656.3ms.
   [Vectorized MCTS] Step 710: 64 games active. Completed: 920/1000. Step time: 3896.4ms.
   [Vectorized MCTS] Step 715: 64 games active. Completed: 930/1000. Step time: 4617.4ms.
   [Vectorized MCTS] Step 720: 60 games active. Completed: 940/1000. Step time: 3937.0ms.
   [Vectorized MCTS] Step 725: 49 games active. Completed: 951/1000. Step time: 3461.5ms.
   [Vectorized MCTS] Step 730: 41 games active. Completed: 959/1000. Step time: 2886.0ms.
   [Vectorized MCTS] Step 735: 38 games active. Completed: 962/1000. Step time: 2752.8ms.
   [Vectorized MCTS] Step 740: 36 games active. Completed: 964/1000. Step time: 2550.6ms.
   [Vectorized MCTS] Step 745: 35 games active. Completed: 965/1000. Step time: 2504.5ms.
   [Vectorized MCTS] Step 750: 33 games active. Completed: 967/1000. Step time: 2403.1ms.
   [Vectorized MCTS] Step 755: 30 games active. Completed: 970/1000. Step time: 2257.5ms.
   [Vectorized MCTS] Step 760: 26 games active. Completed: 974/1000. Step time: 2041.0ms.
   [Vectorized MCTS] Step 765: 24 games active. Completed: 976/1000. Step time: 1919.0ms.
   [Vectorized MCTS] Step 770: 23 games active. Completed: 977/1000. Step time: 1899.1ms.
   [Vectorized MCTS] Step 775: 20 games active. Completed: 980/1000. Step time: 1748.6ms.
   [Vectorized MCTS] Step 780: 20 games active. Completed: 980/1000. Step time: 1811.3ms.
   [Vectorized MCTS] Step 785: 18 games active. Completed: 982/1000. Step time: 1198.6ms.
   [Vectorized MCTS] Step 790: 17 games active. Completed: 983/1000. Step time: 1652.0ms.
   [Vectorized MCTS] Step 795: 13 games active. Completed: 987/1000. Step time: 992.5ms.
   [Vectorized MCTS] Step 800: 11 games active. Completed: 989/1000. Step time: 1441.3ms.
   [Vectorized MCTS] Step 805: 10 games active. Completed: 990/1000. Step time: 882.2ms.
   [Vectorized MCTS] Step 810: 10 games active. Completed: 990/1000. Step time: 1402.3ms.
   [Vectorized MCTS] Step 815: 07 games active. Completed: 993/1000. Step time: 832.1ms.
   [Vectorized MCTS] Step 820: 05 games active. Completed: 995/1000. Step time: 1198.3ms.
   [Vectorized MCTS] Step 825: 04 games active. Completed: 996/1000. Step time: 677.0ms.
   [Vectorized MCTS] Step 830: 03 games active. Completed: 997/1000. Step time: 591.9ms.
   [Vectorized MCTS] Step 835: 01 games active. Completed: 999/1000. Step time: 507.5ms.
   [Vectorized MCTS] Step 840: 00 games active. Completed: 1000/1000. Step time: 500.3ms.

Collection completed in 3156.5 seconds (3.156s/game average).
