Starting self-play collection using /Users/nilbot/playground/autogo-mlx/experiments/001_train_from_scratch/checkpoints/iter11.safetensors
--> Progressive sims enabled. Iteration 11 -> 64 simulations.
Config: num-games=1000, simulations=64, workers=8
--> Starting pool-swapping selfplay for all 1000 games with max_active_games=64...
   [Vectorized MCTS] Step 001: 64 games active. Completed: 0/1000. Step time: 3815.4ms.
   [Vectorized MCTS] Step 005: 64 games active. Completed: 0/1000. Step time: 3849.0ms.
   [Vectorized MCTS] Step 010: 64 games active. Completed: 0/1000. Step time: 3847.9ms.
   [Vectorized MCTS] Step 015: 64 games active. Completed: 0/1000. Step time: 3885.5ms.
   [Vectorized MCTS] Step 020: 64 games active. Completed: 0/1000. Step time: 3848.4ms.
   [Vectorized MCTS] Step 025: 64 games active. Completed: 0/1000. Step time: 3864.0ms.
   [Vectorized MCTS] Step 030: 64 games active. Completed: 0/1000. Step time: 3876.6ms.
   [Vectorized MCTS] Step 035: 64 games active. Completed: 0/1000. Step time: 3884.0ms.
   [Vectorized MCTS] Step 040: 64 games active. Completed: 0/1000. Step time: 3862.4ms.
   [Vectorized MCTS] Step 045: 64 games active. Completed: 0/1000. Step time: 3879.2ms.
   [Vectorized MCTS] Step 050: 64 games active. Completed: 0/1000. Step time: 3836.7ms.
   [Vectorized MCTS] Step 055: 64 games active. Completed: 0/1000. Step time: 3871.1ms.
   [Vectorized MCTS] Step 060: 64 games active. Completed: 0/1000. Step time: 3864.3ms.
   [Vectorized MCTS] Step 065: 64 games active. Completed: 0/1000. Step time: 3876.9ms.
   [Vectorized MCTS] Step 070: 64 games active. Completed: 0/1000. Step time: 3869.6ms.
   [Vectorized MCTS] Step 075: 64 games active. Completed: 0/1000. Step time: 3864.3ms.
   [Vectorized MCTS] Step 080: 64 games active. Completed: 0/1000. Step time: 3871.8ms.
   [Vectorized MCTS] Step 085: 64 games active. Completed: 0/1000. Step time: 3871.7ms.
   [Vectorized MCTS] Step 090: 64 games active. Completed: 0/1000. Step time: 3851.2ms.
   [Vectorized MCTS] Step 095: 64 games active. Completed: 0/1000. Step time: 3858.3ms.
   [Vectorized MCTS] Step 100: 64 games active. Completed: 0/1000. Step time: 3856.0ms.
   [Vectorized MCTS] Step 105: 64 games active. Completed: 0/1000. Step time: 3880.4ms.
   [Vectorized MCTS] Step 110: 64 games active. Completed: 0/1000. Step time: 3844.0ms.
   [Vectorized MCTS] Step 115: 64 games active. Completed: 0/1000. Step time: 3869.2ms.
   [Vectorized MCTS] Step 120: 64 games active. Completed: 1/1000. Step time: 3863.6ms.
   [Vectorized MCTS] Step 125: 64 games active. Completed: 1/1000. Step time: 3853.5ms.
   [Vectorized MCTS] Step 130: 64 games active. Completed: 1/1000. Step time: 3851.6ms.
   [Vectorized MCTS] Step 135: 64 games active. Completed: 1/1000. Step time: 3832.9ms.
   [Vectorized MCTS] Step 140: 64 games active. Completed: 2/1000. Step time: 3854.3ms.
   [Vectorized MCTS] Step 145: 64 games active. Completed: 2/1000. Step time: 3846.8ms.
   [Vectorized MCTS] Step 150: 64 games active. Completed: 2/1000. Step time: 3814.8ms.
   [Vectorized MCTS] Step 155: 64 games active. Completed: 2/1000. Step time: 3783.7ms.
   [Vectorized MCTS] Step 160: 64 games active. Completed: 14/1000. Step time: 3698.4ms.
   [Vectorized MCTS] Step 165: 64 games active. Completed: 64/1000. Step time: 3852.2ms.
   [Vectorized MCTS] Step 170: 64 games active. Completed: 64/1000. Step time: 3856.6ms.
   [Vectorized MCTS] Step 175: 64 games active. Completed: 64/1000. Step time: 3870.4ms.
   [Vectorized MCTS] Step 180: 64 games active. Completed: 64/1000. Step time: 3861.1ms.
   [Vectorized MCTS] Step 185: 64 games active. Completed: 64/1000. Step time: 3878.4ms.
   [Vectorized MCTS] Step 190: 64 games active. Completed: 64/1000. Step time: 3858.8ms.
   [Vectorized MCTS] Step 195: 64 games active. Completed: 64/1000. Step time: 3861.2ms.
   [Vectorized MCTS] Step 200: 64 games active. Completed: 64/1000. Step time: 3856.9ms.
   [Vectorized MCTS] Step 205: 64 games active. Completed: 64/1000. Step time: 3873.9ms.
   [Vectorized MCTS] Step 210: 64 games active. Completed: 64/1000. Step time: 3879.2ms.
   [Vectorized MCTS] Step 215: 64 games active. Completed: 64/1000. Step time: 3875.5ms.
   [Vectorized MCTS] Step 220: 64 games active. Completed: 64/1000. Step time: 3864.3ms.
   [Vectorized MCTS] Step 225: 64 games active. Completed: 64/1000. Step time: 3880.0ms.
   [Vectorized MCTS] Step 230: 64 games active. Completed: 64/1000. Step time: 3866.5ms.
   [Vectorized MCTS] Step 235: 64 games active. Completed: 64/1000. Step time: 3871.5ms.
   [Vectorized MCTS] Step 240: 64 games active. Completed: 64/1000. Step time: 3869.7ms.
   [Vectorized MCTS] Step 245: 64 games active. Completed: 64/1000. Step time: 3883.6ms.
   [Vectorized MCTS] Step 250: 64 games active. Completed: 64/1000. Step time: 3860.8ms.
   [Vectorized MCTS] Step 255: 64 games active. Completed: 64/1000. Step time: 3872.4ms.
   [Vectorized MCTS] Step 260: 64 games active. Completed: 64/1000. Step time: 3854.4ms.
   [Vectorized MCTS] Step 265: 64 games active. Completed: 64/1000. Step time: 3897.7ms.
   [Vectorized MCTS] Step 270: 64 games active. Completed: 64/1000. Step time: 3851.0ms.
   [Vectorized MCTS] Step 275: 64 games active. Completed: 64/1000. Step time: 3856.9ms.
   [Vectorized MCTS] Step 280: 64 games active. Completed: 64/1000. Step time: 3786.6ms.
   [Vectorized MCTS] Step 285: 64 games active. Completed: 65/1000. Step time: 3859.8ms.
   [Vectorized MCTS] Step 290: 64 games active. Completed: 66/1000. Step time: 3848.2ms.
   [Vectorized MCTS] Step 295: 64 games active. Completed: 66/1000. Step time: 3848.1ms.
   [Vectorized MCTS] Step 300: 64 games active. Completed: 70/1000. Step time: 3851.0ms.
   [Vectorized MCTS] Step 305: 64 games active. Completed: 70/1000. Step time: 3839.4ms.
   [Vectorized MCTS] Step 310: 64 games active. Completed: 70/1000. Step time: 3842.3ms.
   [Vectorized MCTS] Step 315: 64 games active. Completed: 70/1000. Step time: 3830.7ms.
   [Vectorized MCTS] Step 320: 64 games active. Completed: 75/1000. Step time: 3774.5ms.
   [Vectorized MCTS] Step 325: 64 games active. Completed: 128/1000. Step time: 3855.5ms.
   [Vectorized MCTS] Step 330: 64 games active. Completed: 128/1000. Step time: 3847.4ms.
   [Vectorized MCTS] Step 335: 64 games active. Completed: 128/1000. Step time: 3888.1ms.
   [Vectorized MCTS] Step 340: 64 games active. Completed: 128/1000. Step time: 3864.1ms.
   [Vectorized MCTS] Step 345: 64 games active. Completed: 128/1000. Step time: 3856.9ms.
   [Vectorized MCTS] Step 350: 64 games active. Completed: 128/1000. Step time: 3877.8ms.
   [Vectorized MCTS] Step 355: 64 games active. Completed: 128/1000. Step time: 3895.9ms.
   [Vectorized MCTS] Step 360: 64 games active. Completed: 128/1000. Step time: 3876.4ms.
   [Vectorized MCTS] Step 365: 64 games active. Completed: 128/1000. Step time: 3867.8ms.
   [Vectorized MCTS] Step 370: 64 games active. Completed: 128/1000. Step time: 3866.6ms.
   [Vectorized MCTS] Step 375: 64 games active. Completed: 128/1000. Step time: 3885.6ms.
   [Vectorized MCTS] Step 380: 64 games active. Completed: 128/1000. Step time: 3868.2ms.
   [Vectorized MCTS] Step 385: 64 games active. Completed: 128/1000. Step time: 3867.3ms.
   [Vectorized MCTS] Step 390: 64 games active. Completed: 128/1000. Step time: 3890.6ms.
   [Vectorized MCTS] Step 395: 64 games active. Completed: 128/1000. Step time: 3892.1ms.
   [Vectorized MCTS] Step 400: 64 games active. Completed: 128/1000. Step time: 3863.4ms.
   [Vectorized MCTS] Step 405: 64 games active. Completed: 128/1000. Step time: 3840.8ms.
   [Vectorized MCTS] Step 410: 64 games active. Completed: 128/1000. Step time: 3856.4ms.
   [Vectorized MCTS] Step 415: 64 games active. Completed: 128/1000. Step time: 3855.2ms.
   [Vectorized MCTS] Step 420: 64 games active. Completed: 128/1000. Step time: 3857.3ms.
   [Vectorized MCTS] Step 425: 64 games active. Completed: 128/1000. Step time: 3862.0ms.
   [Vectorized MCTS] Step 430: 64 games active. Completed: 128/1000. Step time: 3838.3ms.
   [Vectorized MCTS] Step 435: 64 games active. Completed: 128/1000. Step time: 3852.4ms.
   [Vectorized MCTS] Step 440: 64 games active. Completed: 128/1000. Step time: 3840.0ms.
   [Vectorized MCTS] Step 445: 64 games active. Completed: 130/1000. Step time: 3838.6ms.
   [Vectorized MCTS] Step 450: 64 games active. Completed: 131/1000. Step time: 3833.4ms.
   [Vectorized MCTS] Step 455: 64 games active. Completed: 131/1000. Step time: 3865.2ms.
   [Vectorized MCTS] Step 460: 64 games active. Completed: 134/1000. Step time: 3851.9ms.
   [Vectorized MCTS] Step 465: 64 games active. Completed: 135/1000. Step time: 3844.8ms.
   [Vectorized MCTS] Step 470: 64 games active. Completed: 135/1000. Step time: 3837.4ms.
   [Vectorized MCTS] Step 475: 64 games active. Completed: 135/1000. Step time: 3833.8ms.
   [Vectorized MCTS] Step 480: 64 games active. Completed: 137/1000. Step time: 3780.0ms.
   [Vectorized MCTS] Step 485: 64 games active. Completed: 168/1000. Step time: 3806.1ms.
   [Vectorized MCTS] Step 490: 64 games active. Completed: 192/1000. Step time: 3857.1ms.
   [Vectorized MCTS] Step 495: 64 games active. Completed: 192/1000. Step time: 3859.0ms.
   [Vectorized MCTS] Step 500: 64 games active. Completed: 192/1000. Step time: 3862.5ms.
   [Vectorized MCTS] Step 505: 64 games active. Completed: 192/1000. Step time: 3859.9ms.
   [Vectorized MCTS] Step 510: 64 games active. Completed: 192/1000. Step time: 3866.1ms.
   [Vectorized MCTS] Step 515: 64 games active. Completed: 192/1000. Step time: 3849.2ms.
   [Vectorized MCTS] Step 520: 64 games active. Completed: 192/1000. Step time: 3867.7ms.
   [Vectorized MCTS] Step 525: 64 games active. Completed: 192/1000. Step time: 3876.8ms.
   [Vectorized MCTS] Step 530: 64 games active. Completed: 192/1000. Step time: 3850.5ms.
   [Vectorized MCTS] Step 535: 64 games active. Completed: 192/1000. Step time: 3852.6ms.
   [Vectorized MCTS] Step 540: 64 games active. Completed: 192/1000. Step time: 3873.2ms.
   [Vectorized MCTS] Step 545: 64 games active. Completed: 192/1000. Step time: 3879.5ms.
   [Vectorized MCTS] Step 550: 64 games active. Completed: 192/1000. Step time: 3880.9ms.
   [Vectorized MCTS] Step 555: 64 games active. Completed: 192/1000. Step time: 3887.7ms.
   [Vectorized MCTS] Step 560: 64 games active. Completed: 192/1000. Step time: 3852.1ms.
   [Vectorized MCTS] Step 565: 64 games active. Completed: 192/1000. Step time: 3863.9ms.
   [Vectorized MCTS] Step 570: 64 games active. Completed: 192/1000. Step time: 3884.6ms.
   [Vectorized MCTS] Step 575: 64 games active. Completed: 192/1000. Step time: 3920.8ms.
   [Vectorized MCTS] Step 580: 64 games active. Completed: 192/1000. Step time: 3851.1ms.
   [Vectorized MCTS] Step 585: 64 games active. Completed: 192/1000. Step time: 3973.1ms.
   [Vectorized MCTS] Step 590: 64 games active. Completed: 192/1000. Step time: 3956.8ms.
   [Vectorized MCTS] Step 595: 64 games active. Completed: 192/1000. Step time: 3912.6ms.
   [Vectorized MCTS] Step 600: 64 games active. Completed: 192/1000. Step time: 3840.5ms.
   [Vectorized MCTS] Step 605: 64 games active. Completed: 192/1000. Step time: 3868.7ms.
   [Vectorized MCTS] Step 610: 64 games active. Completed: 194/1000. Step time: 3840.2ms.
   [Vectorized MCTS] Step 615: 64 games active. Completed: 195/1000. Step time: 3848.6ms.
   [Vectorized MCTS] Step 620: 64 games active. Completed: 197/1000. Step time: 3846.1ms.
   [Vectorized MCTS] Step 625: 64 games active. Completed: 201/1000. Step time: 3843.1ms.
   [Vectorized MCTS] Step 630: 64 games active. Completed: 201/1000. Step time: 3837.0ms.
   [Vectorized MCTS] Step 635: 64 games active. Completed: 201/1000. Step time: 3814.6ms.
   [Vectorized MCTS] Step 640: 64 games active. Completed: 204/1000. Step time: 3801.3ms.
   [Vectorized MCTS] Step 645: 64 games active. Completed: 217/1000. Step time: 3809.8ms.
   [Vectorized MCTS] Step 650: 64 games active. Completed: 256/1000. Step time: 3856.4ms.
   [Vectorized MCTS] Step 655: 64 games active. Completed: 256/1000. Step time: 3822.2ms.
   [Vectorized MCTS] Step 660: 64 games active. Completed: 256/1000. Step time: 3846.4ms.
   [Vectorized MCTS] Step 665: 64 games active. Completed: 256/1000. Step time: 3864.0ms.
   [Vectorized MCTS] Step 670: 64 games active. Completed: 256/1000. Step time: 3847.5ms.
   [Vectorized MCTS] Step 675: 64 games active. Completed: 256/1000. Step time: 3846.2ms.
   [Vectorized MCTS] Step 680: 64 games active. Completed: 256/1000. Step time: 3852.4ms.
   [Vectorized MCTS] Step 685: 64 games active. Completed: 256/1000. Step time: 3880.3ms.
   [Vectorized MCTS] Step 690: 64 games active. Completed: 256/1000. Step time: 3859.0ms.
   [Vectorized MCTS] Step 695: 64 games active. Completed: 256/1000. Step time: 3880.2ms.
   [Vectorized MCTS] Step 700: 64 games active. Completed: 256/1000. Step time: 3847.5ms.
   [Vectorized MCTS] Step 705: 64 games active. Completed: 256/1000. Step time: 3886.4ms.
   [Vectorized MCTS] Step 710: 64 games active. Completed: 256/1000. Step time: 3979.6ms.
   [Vectorized MCTS] Step 715: 64 games active. Completed: 256/1000. Step time: 3966.4ms.
   [Vectorized MCTS] Step 720: 64 games active. Completed: 256/1000. Step time: 3920.0ms.
   [Vectorized MCTS] Step 725: 64 games active. Completed: 256/1000. Step time: 3956.6ms.
   [Vectorized MCTS] Step 730: 64 games active. Completed: 256/1000. Step time: 3952.2ms.
   [Vectorized MCTS] Step 735: 64 games active. Completed: 256/1000. Step time: 3989.0ms.
   [Vectorized MCTS] Step 740: 64 games active. Completed: 256/1000. Step time: 3969.1ms.
   [Vectorized MCTS] Step 745: 64 games active. Completed: 256/1000. Step time: 3960.3ms.
   [Vectorized MCTS] Step 750: 64 games active. Completed: 256/1000. Step time: 3957.8ms.
   [Vectorized MCTS] Step 755: 64 games active. Completed: 256/1000. Step time: 3935.5ms.
   [Vectorized MCTS] Step 760: 64 games active. Completed: 256/1000. Step time: 3959.3ms.
   [Vectorized MCTS] Step 765: 64 games active. Completed: 256/1000. Step time: 3952.1ms.
   [Vectorized MCTS] Step 770: 64 games active. Completed: 259/1000. Step time: 3940.5ms.
   [Vectorized MCTS] Step 775: 64 games active. Completed: 260/1000. Step time: 3938.5ms.
   [Vectorized MCTS] Step 780: 64 games active. Completed: 262/1000. Step time: 3938.9ms.
   [Vectorized MCTS] Step 785: 64 games active. Completed: 264/1000. Step time: 3947.4ms.
   [Vectorized MCTS] Step 790: 64 games active. Completed: 267/1000. Step time: 3949.3ms.
   [Vectorized MCTS] Step 795: 64 games active. Completed: 267/1000. Step time: 3936.8ms.
   [Vectorized MCTS] Step 800: 64 games active. Completed: 268/1000. Step time: 3921.4ms.
   [Vectorized MCTS] Step 805: 64 games active. Completed: 278/1000. Step time: 3914.3ms.
   [Vectorized MCTS] Step 810: 64 games active. Completed: 320/1000. Step time: 3939.3ms.
   [Vectorized MCTS] Step 815: 64 games active. Completed: 320/1000. Step time: 3973.6ms.
   [Vectorized MCTS] Step 820: 64 games active. Completed: 320/1000. Step time: 3960.2ms.
   [Vectorized MCTS] Step 825: 64 games active. Completed: 320/1000. Step time: 3957.4ms.
   [Vectorized MCTS] Step 830: 64 games active. Completed: 320/1000. Step time: 3973.2ms.
   [Vectorized MCTS] Step 835: 64 games active. Completed: 320/1000. Step time: 3961.1ms.
   [Vectorized MCTS] Step 840: 64 games active. Completed: 320/1000. Step time: 3972.1ms.
   [Vectorized MCTS] Step 845: 64 games active. Completed: 320/1000. Step time: 3968.2ms.
   [Vectorized MCTS] Step 850: 64 games active. Completed: 320/1000. Step time: 3955.6ms.
   [Vectorized MCTS] Step 855: 64 games active. Completed: 320/1000. Step time: 3972.6ms.
   [Vectorized MCTS] Step 860: 64 games active. Completed: 320/1000. Step time: 3938.6ms.
   [Vectorized MCTS] Step 865: 64 games active. Completed: 320/1000. Step time: 3955.3ms.
   [Vectorized MCTS] Step 870: 64 games active. Completed: 320/1000. Step time: 3949.7ms.
   [Vectorized MCTS] Step 875: 64 games active. Completed: 320/1000. Step time: 3954.4ms.
   [Vectorized MCTS] Step 880: 64 games active. Completed: 320/1000. Step time: 3953.1ms.
   [Vectorized MCTS] Step 885: 64 games active. Completed: 320/1000. Step time: 3967.2ms.
   [Vectorized MCTS] Step 890: 64 games active. Completed: 320/1000. Step time: 3975.5ms.
   [Vectorized MCTS] Step 895: 64 games active. Completed: 320/1000. Step time: 3959.9ms.
   [Vectorized MCTS] Step 900: 64 games active. Completed: 320/1000. Step time: 3967.8ms.
   [Vectorized MCTS] Step 905: 64 games active. Completed: 320/1000. Step time: 3973.1ms.
   [Vectorized MCTS] Step 910: 64 games active. Completed: 320/1000. Step time: 3969.3ms.
   [Vectorized MCTS] Step 915: 64 games active. Completed: 320/1000. Step time: 3944.8ms.
   [Vectorized MCTS] Step 920: 64 games active. Completed: 320/1000. Step time: 3954.6ms.
   [Vectorized MCTS] Step 925: 64 games active. Completed: 320/1000. Step time: 3947.1ms.
   [Vectorized MCTS] Step 930: 64 games active. Completed: 324/1000. Step time: 3907.9ms.
   [Vectorized MCTS] Step 935: 64 games active. Completed: 325/1000. Step time: 3943.5ms.
   [Vectorized MCTS] Step 940: 64 games active. Completed: 326/1000. Step time: 3935.7ms.
   [Vectorized MCTS] Step 945: 64 games active. Completed: 329/1000. Step time: 3923.9ms.
   [Vectorized MCTS] Step 950: 64 games active. Completed: 333/1000. Step time: 3943.2ms.
   [Vectorized MCTS] Step 955: 64 games active. Completed: 333/1000. Step time: 3927.5ms.
   [Vectorized MCTS] Step 960: 64 games active. Completed: 334/1000. Step time: 3873.4ms.
   [Vectorized MCTS] Step 965: 64 games active. Completed: 338/1000. Step time: 3910.5ms.
   [Vectorized MCTS] Step 970: 64 games active. Completed: 377/1000. Step time: 3915.1ms.
   [Vectorized MCTS] Step 975: 64 games active. Completed: 384/1000. Step time: 3952.4ms.
   [Vectorized MCTS] Step 980: 64 games active. Completed: 384/1000. Step time: 3921.7ms.
   [Vectorized MCTS] Step 985: 64 games active. Completed: 384/1000. Step time: 3959.7ms.
   [Vectorized MCTS] Step 990: 64 games active. Completed: 384/1000. Step time: 3956.4ms.
   [Vectorized MCTS] Step 995: 64 games active. Completed: 384/1000. Step time: 3980.6ms.
   [Vectorized MCTS] Step 1000: 64 games active. Completed: 384/1000. Step time: 3972.6ms.
   [Vectorized MCTS] Step 1005: 64 games active. Completed: 384/1000. Step time: 3980.6ms.
   [Vectorized MCTS] Step 1010: 64 games active. Completed: 384/1000. Step time: 3953.5ms.
   [Vectorized MCTS] Step 1015: 64 games active. Completed: 384/1000. Step time: 3980.0ms.
   [Vectorized MCTS] Step 1020: 64 games active. Completed: 384/1000. Step time: 3955.4ms.
   [Vectorized MCTS] Step 1025: 64 games active. Completed: 384/1000. Step time: 3970.2ms.
   [Vectorized MCTS] Step 1030: 64 games active. Completed: 384/1000. Step time: 3958.7ms.
   [Vectorized MCTS] Step 1035: 64 games active. Completed: 384/1000. Step time: 3979.3ms.
   [Vectorized MCTS] Step 1040: 64 games active. Completed: 384/1000. Step time: 3981.4ms.
   [Vectorized MCTS] Step 1045: 64 games active. Completed: 384/1000. Step time: 3971.6ms.
   [Vectorized MCTS] Step 1050: 64 games active. Completed: 384/1000. Step time: 3967.1ms.
   [Vectorized MCTS] Step 1055: 64 games active. Completed: 384/1000. Step time: 3969.0ms.
   [Vectorized MCTS] Step 1060: 64 games active. Completed: 384/1000. Step time: 3971.1ms.
   [Vectorized MCTS] Step 1065: 64 games active. Completed: 384/1000. Step time: 3983.6ms.
   [Vectorized MCTS] Step 1070: 64 games active. Completed: 384/1000. Step time: 3967.5ms.
   [Vectorized MCTS] Step 1075: 64 games active. Completed: 384/1000. Step time: 3956.0ms.
   [Vectorized MCTS] Step 1080: 64 games active. Completed: 384/1000. Step time: 3933.4ms.
   [Vectorized MCTS] Step 1085: 64 games active. Completed: 384/1000. Step time: 3955.9ms.
   [Vectorized MCTS] Step 1090: 64 games active. Completed: 386/1000. Step time: 3972.1ms.
   [Vectorized MCTS] Step 1095: 64 games active. Completed: 388/1000. Step time: 3939.9ms.
   [Vectorized MCTS] Step 1100: 64 games active. Completed: 391/1000. Step time: 3937.3ms.
   [Vectorized MCTS] Step 1105: 64 games active. Completed: 394/1000. Step time: 3951.6ms.
   [Vectorized MCTS] Step 1110: 64 games active. Completed: 399/1000. Step time: 3931.8ms.
   [Vectorized MCTS] Step 1115: 64 games active. Completed: 399/1000. Step time: 3941.6ms.
   [Vectorized MCTS] Step 1120: 64 games active. Completed: 400/1000. Step time: 3923.7ms.
   [Vectorized MCTS] Step 1125: 64 games active. Completed: 402/1000. Step time: 3907.4ms.
   [Vectorized MCTS] Step 1130: 64 games active. Completed: 425/1000. Step time: 3909.3ms.
   [Vectorized MCTS] Step 1135: 64 games active. Completed: 448/1000. Step time: 3966.1ms.
   [Vectorized MCTS] Step 1140: 64 games active. Completed: 448/1000. Step time: 3956.5ms.
   [Vectorized MCTS] Step 1145: 64 games active. Completed: 448/1000. Step time: 3964.2ms.
   [Vectorized MCTS] Step 1150: 64 games active. Completed: 448/1000. Step time: 3955.3ms.
   [Vectorized MCTS] Step 1155: 64 games active. Completed: 448/1000. Step time: 3967.8ms.
   [Vectorized MCTS] Step 1160: 64 games active. Completed: 448/1000. Step time: 3957.4ms.
   [Vectorized MCTS] Step 1165: 64 games active. Completed: 448/1000. Step time: 3975.3ms.
   [Vectorized MCTS] Step 1170: 64 games active. Completed: 448/1000. Step time: 3944.7ms.
   [Vectorized MCTS] Step 1175: 64 games active. Completed: 448/1000. Step time: 3988.0ms.
   [Vectorized MCTS] Step 1180: 64 games active. Completed: 448/1000. Step time: 3974.1ms.
   [Vectorized MCTS] Step 1185: 64 games active. Completed: 448/1000. Step time: 3968.6ms.
   [Vectorized MCTS] Step 1190: 64 games active. Completed: 448/1000. Step time: 3962.3ms.
   [Vectorized MCTS] Step 1195: 64 games active. Completed: 448/1000. Step time: 3978.3ms.
   [Vectorized MCTS] Step 1200: 64 games active. Completed: 448/1000. Step time: 3954.5ms.
   [Vectorized MCTS] Step 1205: 64 games active. Completed: 448/1000. Step time: 3961.5ms.
   [Vectorized MCTS] Step 1210: 64 games active. Completed: 448/1000. Step time: 3961.1ms.
   [Vectorized MCTS] Step 1215: 64 games active. Completed: 448/1000. Step time: 3970.1ms.
   [Vectorized MCTS] Step 1220: 64 games active. Completed: 449/1000. Step time: 3966.7ms.
   [Vectorized MCTS] Step 1225: 64 games active. Completed: 449/1000. Step time: 3976.1ms.
   [Vectorized MCTS] Step 1230: 64 games active. Completed: 449/1000. Step time: 3972.2ms.
   [Vectorized MCTS] Step 1235: 64 games active. Completed: 449/1000. Step time: 3965.6ms.
   [Vectorized MCTS] Step 1240: 64 games active. Completed: 449/1000. Step time: 3941.9ms.
   [Vectorized MCTS] Step 1245: 64 games active. Completed: 449/1000. Step time: 3950.5ms.
   [Vectorized MCTS] Step 1250: 64 games active. Completed: 451/1000. Step time: 3943.5ms.
   [Vectorized MCTS] Step 1255: 64 games active. Completed: 453/1000. Step time: 3952.0ms.
   [Vectorized MCTS] Step 1260: 64 games active. Completed: 455/1000. Step time: 3953.6ms.
   [Vectorized MCTS] Step 1265: 64 games active. Completed: 455/1000. Step time: 3958.9ms.
   [Vectorized MCTS] Step 1270: 64 games active. Completed: 462/1000. Step time: 3954.8ms.
   [Vectorized MCTS] Step 1275: 64 games active. Completed: 463/1000. Step time: 4001.7ms.
   [Vectorized MCTS] Step 1280: 64 games active. Completed: 463/1000. Step time: 3930.1ms.
   [Vectorized MCTS] Step 1285: 64 games active. Completed: 465/1000. Step time: 3904.8ms.
   [Vectorized MCTS] Step 1290: 64 games active. Completed: 477/1000. Step time: 3916.7ms.
   [Vectorized MCTS] Step 1295: 64 games active. Completed: 509/1000. Step time: 3910.1ms.
   [Vectorized MCTS] Step 1300: 64 games active. Completed: 512/1000. Step time: 3965.2ms.
   [Vectorized MCTS] Step 1305: 64 games active. Completed: 512/1000. Step time: 3979.4ms.
   [Vectorized MCTS] Step 1310: 64 games active. Completed: 512/1000. Step time: 3959.2ms.
   [Vectorized MCTS] Step 1315: 64 games active. Completed: 512/1000. Step time: 3953.6ms.
   [Vectorized MCTS] Step 1320: 64 games active. Completed: 512/1000. Step time: 3948.3ms.
   [Vectorized MCTS] Step 1325: 64 games active. Completed: 512/1000. Step time: 3932.1ms.
   [Vectorized MCTS] Step 1330: 64 games active. Completed: 512/1000. Step time: 3963.4ms.
   [Vectorized MCTS] Step 1335: 64 games active. Completed: 512/1000. Step time: 3970.3ms.
   [Vectorized MCTS] Step 1340: 64 games active. Completed: 512/1000. Step time: 3952.8ms.
   [Vectorized MCTS] Step 1345: 64 games active. Completed: 512/1000. Step time: 3966.2ms.
   [Vectorized MCTS] Step 1350: 64 games active. Completed: 512/1000. Step time: 3972.0ms.
   [Vectorized MCTS] Step 1355: 64 games active. Completed: 512/1000. Step time: 3972.5ms.
   [Vectorized MCTS] Step 1360: 64 games active. Completed: 512/1000. Step time: 3974.7ms.
   [Vectorized MCTS] Step 1365: 64 games active. Completed: 512/1000. Step time: 3970.5ms.
   [Vectorized MCTS] Step 1370: 64 games active. Completed: 512/1000. Step time: 3966.4ms.
   [Vectorized MCTS] Step 1375: 64 games active. Completed: 512/1000. Step time: 3975.9ms.
   [Vectorized MCTS] Step 1380: 64 games active. Completed: 513/1000. Step time: 3962.2ms.
   [Vectorized MCTS] Step 1385: 64 games active. Completed: 513/1000. Step time: 3965.1ms.
   [Vectorized MCTS] Step 1390: 64 games active. Completed: 513/1000. Step time: 3967.0ms.
   [Vectorized MCTS] Step 1395: 64 games active. Completed: 513/1000. Step time: 3964.9ms.
   [Vectorized MCTS] Step 1400: 64 games active. Completed: 513/1000. Step time: 3960.9ms.
   [Vectorized MCTS] Step 1405: 64 games active. Completed: 514/1000. Step time: 3945.0ms.
   [Vectorized MCTS] Step 1410: 64 games active. Completed: 516/1000. Step time: 3950.9ms.
   [Vectorized MCTS] Step 1415: 64 games active. Completed: 519/1000. Step time: 3927.9ms.
   [Vectorized MCTS] Step 1420: 64 games active. Completed: 521/1000. Step time: 3950.9ms.
   [Vectorized MCTS] Step 1425: 64 games active. Completed: 523/1000. Step time: 3942.5ms.
   [Vectorized MCTS] Step 1430: 64 games active. Completed: 528/1000. Step time: 3940.0ms.
   [Vectorized MCTS] Step 1435: 64 games active. Completed: 532/1000. Step time: 3948.6ms.
   [Vectorized MCTS] Step 1440: 64 games active. Completed: 532/1000. Step time: 3928.3ms.
   [Vectorized MCTS] Step 1445: 64 games active. Completed: 534/1000. Step time: 3933.5ms.
   [Vectorized MCTS] Step 1450: 64 games active. Completed: 541/1000. Step time: 3919.0ms.
   [Vectorized MCTS] Step 1455: 64 games active. Completed: 566/1000. Step time: 3956.3ms.
   [Vectorized MCTS] Step 1460: 64 games active. Completed: 576/1000. Step time: 3949.2ms.
   [Vectorized MCTS] Step 1465: 64 games active. Completed: 576/1000. Step time: 3972.0ms.
   [Vectorized MCTS] Step 1470: 64 games active. Completed: 576/1000. Step time: 3974.4ms.
   [Vectorized MCTS] Step 1475: 64 games active. Completed: 576/1000. Step time: 3955.9ms.
   [Vectorized MCTS] Step 1480: 64 games active. Completed: 576/1000. Step time: 3974.2ms.
   [Vectorized MCTS] Step 1485: 64 games active. Completed: 576/1000. Step time: 3971.4ms.
   [Vectorized MCTS] Step 1490: 64 games active. Completed: 576/1000. Step time: 3974.3ms.
   [Vectorized MCTS] Step 1495: 64 games active. Completed: 576/1000. Step time: 3972.2ms.
   [Vectorized MCTS] Step 1500: 64 games active. Completed: 576/1000. Step time: 3952.9ms.
   [Vectorized MCTS] Step 1505: 64 games active. Completed: 576/1000. Step time: 4139.9ms.
   [Vectorized MCTS] Step 1510: 64 games active. Completed: 576/1000. Step time: 5785.7ms.
   [Vectorized MCTS] Step 1515: 64 games active. Completed: 576/1000. Step time: 4274.3ms.
   [Vectorized MCTS] Step 1520: 64 games active. Completed: 576/1000. Step time: 4487.8ms.
   [Vectorized MCTS] Step 1525: 64 games active. Completed: 576/1000. Step time: 5306.7ms.
   [Vectorized MCTS] Step 1530: 64 games active. Completed: 577/1000. Step time: 4201.7ms.
   [Vectorized MCTS] Step 1535: 64 games active. Completed: 577/1000. Step time: 3971.0ms.
   [Vectorized MCTS] Step 1540: 64 games active. Completed: 578/1000. Step time: 3962.7ms.
   [Vectorized MCTS] Step 1545: 64 games active. Completed: 578/1000. Step time: 3965.5ms.
   [Vectorized MCTS] Step 1550: 64 games active. Completed: 578/1000. Step time: 3960.1ms.
   [Vectorized MCTS] Step 1555: 64 games active. Completed: 578/1000. Step time: 3960.7ms.
   [Vectorized MCTS] Step 1560: 64 games active. Completed: 578/1000. Step time: 3948.7ms.
   [Vectorized MCTS] Step 1565: 64 games active. Completed: 579/1000. Step time: 3946.9ms.
   [Vectorized MCTS] Step 1570: 64 games active. Completed: 579/1000. Step time: 3948.6ms.
   [Vectorized MCTS] Step 1575: 64 games active. Completed: 582/1000. Step time: 3944.9ms.
   [Vectorized MCTS] Step 1580: 64 games active. Completed: 586/1000. Step time: 3944.4ms.
   [Vectorized MCTS] Step 1585: 64 games active. Completed: 587/1000. Step time: 3951.0ms.
   [Vectorized MCTS] Step 1590: 64 games active. Completed: 592/1000. Step time: 3944.9ms.
   [Vectorized MCTS] Step 1595: 64 games active. Completed: 597/1000. Step time: 3936.7ms.
   [Vectorized MCTS] Step 1600: 64 games active. Completed: 597/1000. Step time: 3946.1ms.
   [Vectorized MCTS] Step 1605: 64 games active. Completed: 598/1000. Step time: 3949.4ms.
   [Vectorized MCTS] Step 1610: 64 games active. Completed: 602/1000. Step time: 3913.0ms.
   [Vectorized MCTS] Step 1615: 64 games active. Completed: 620/1000. Step time: 3931.4ms.
   [Vectorized MCTS] Step 1620: 64 games active. Completed: 640/1000. Step time: 3961.9ms.
   [Vectorized MCTS] Step 1625: 64 games active. Completed: 640/1000. Step time: 3937.5ms.
   [Vectorized MCTS] Step 1630: 64 games active. Completed: 640/1000. Step time: 3943.2ms.
   [Vectorized MCTS] Step 1635: 64 games active. Completed: 640/1000. Step time: 3981.6ms.
   [Vectorized MCTS] Step 1640: 64 games active. Completed: 640/1000. Step time: 3947.1ms.
   [Vectorized MCTS] Step 1645: 64 games active. Completed: 640/1000. Step time: 3965.2ms.
   [Vectorized MCTS] Step 1650: 64 games active. Completed: 640/1000. Step time: 3967.8ms.
   [Vectorized MCTS] Step 1655: 64 games active. Completed: 640/1000. Step time: 3932.7ms.
   [Vectorized MCTS] Step 1660: 64 games active. Completed: 640/1000. Step time: 3953.1ms.
   [Vectorized MCTS] Step 1665: 64 games active. Completed: 640/1000. Step time: 3970.1ms.
   [Vectorized MCTS] Step 1670: 64 games active. Completed: 640/1000. Step time: 3974.8ms.
   [Vectorized MCTS] Step 1675: 64 games active. Completed: 640/1000. Step time: 3971.6ms.
   [Vectorized MCTS] Step 1680: 64 games active. Completed: 640/1000. Step time: 3970.1ms.
   [Vectorized MCTS] Step 1685: 64 games active. Completed: 640/1000. Step time: 3976.5ms.
   [Vectorized MCTS] Step 1690: 64 games active. Completed: 640/1000. Step time: 3973.9ms.
   [Vectorized MCTS] Step 1695: 64 games active. Completed: 641/1000. Step time: 3967.0ms.
   [Vectorized MCTS] Step 1700: 64 games active. Completed: 642/1000. Step time: 3935.4ms.
   [Vectorized MCTS] Step 1705: 64 games active. Completed: 642/1000. Step time: 3965.8ms.
   [Vectorized MCTS] Step 1710: 64 games active. Completed: 642/1000. Step time: 3966.6ms.
   [Vectorized MCTS] Step 1715: 64 games active. Completed: 642/1000. Step time: 3960.3ms.
   [Vectorized MCTS] Step 1720: 64 games active. Completed: 642/1000. Step time: 3956.8ms.
   [Vectorized MCTS] Step 1725: 64 games active. Completed: 642/1000. Step time: 3938.6ms.
   [Vectorized MCTS] Step 1730: 64 games active. Completed: 643/1000. Step time: 3952.5ms.
   [Vectorized MCTS] Step 1735: 64 games active. Completed: 644/1000. Step time: 3945.8ms.
   [Vectorized MCTS] Step 1740: 64 games active. Completed: 650/1000. Step time: 3930.5ms.
   [Vectorized MCTS] Step 1745: 64 games active. Completed: 651/1000. Step time: 3955.4ms.
   [Vectorized MCTS] Step 1750: 64 games active. Completed: 656/1000. Step time: 3930.2ms.
   [Vectorized MCTS] Step 1755: 64 games active. Completed: 660/1000. Step time: 3945.6ms.
   [Vectorized MCTS] Step 1760: 64 games active. Completed: 662/1000. Step time: 3931.8ms.
   [Vectorized MCTS] Step 1765: 64 games active. Completed: 663/1000. Step time: 3955.2ms.
   [Vectorized MCTS] Step 1770: 64 games active. Completed: 665/1000. Step time: 3927.3ms.
   [Vectorized MCTS] Step 1775: 64 games active. Completed: 676/1000. Step time: 3919.6ms.
   [Vectorized MCTS] Step 1780: 64 games active. Completed: 704/1000. Step time: 3962.4ms.
   [Vectorized MCTS] Step 1785: 64 games active. Completed: 704/1000. Step time: 3963.3ms.
   [Vectorized MCTS] Step 1790: 64 games active. Completed: 704/1000. Step time: 3959.3ms.
   [Vectorized MCTS] Step 1795: 64 games active. Completed: 704/1000. Step time: 3958.1ms.
   [Vectorized MCTS] Step 1800: 64 games active. Completed: 704/1000. Step time: 3959.9ms.
   [Vectorized MCTS] Step 1805: 64 games active. Completed: 704/1000. Step time: 3962.7ms.
   [Vectorized MCTS] Step 1810: 64 games active. Completed: 704/1000. Step time: 3974.2ms.
   [Vectorized MCTS] Step 1815: 64 games active. Completed: 704/1000. Step time: 3966.8ms.
   [Vectorized MCTS] Step 1820: 64 games active. Completed: 704/1000. Step time: 3964.3ms.
   [Vectorized MCTS] Step 1825: 64 games active. Completed: 704/1000. Step time: 3999.4ms.
   [Vectorized MCTS] Step 1830: 64 games active. Completed: 704/1000. Step time: 3983.2ms.
   [Vectorized MCTS] Step 1835: 64 games active. Completed: 704/1000. Step time: 3979.0ms.
   [Vectorized MCTS] Step 1840: 64 games active. Completed: 704/1000. Step time: 3959.9ms.
   [Vectorized MCTS] Step 1845: 64 games active. Completed: 704/1000. Step time: 3969.3ms.
   [Vectorized MCTS] Step 1850: 64 games active. Completed: 704/1000. Step time: 3963.9ms.
   [Vectorized MCTS] Step 1855: 64 games active. Completed: 705/1000. Step time: 3987.5ms.
   [Vectorized MCTS] Step 1860: 64 games active. Completed: 705/1000. Step time: 3961.0ms.
   [Vectorized MCTS] Step 1865: 64 games active. Completed: 706/1000. Step time: 3963.0ms.
   [Vectorized MCTS] Step 1870: 64 games active. Completed: 706/1000. Step time: 3966.6ms.
   [Vectorized MCTS] Step 1875: 64 games active. Completed: 706/1000. Step time: 3960.9ms.
   [Vectorized MCTS] Step 1880: 64 games active. Completed: 706/1000. Step time: 3953.8ms.
   [Vectorized MCTS] Step 1885: 64 games active. Completed: 707/1000. Step time: 3961.5ms.
   [Vectorized MCTS] Step 1890: 64 games active. Completed: 708/1000. Step time: 3944.3ms.
   [Vectorized MCTS] Step 1895: 64 games active. Completed: 708/1000. Step time: 3941.2ms.
   [Vectorized MCTS] Step 1900: 64 games active. Completed: 714/1000. Step time: 3949.0ms.
   [Vectorized MCTS] Step 1905: 64 games active. Completed: 716/1000. Step time: 3955.9ms.
   [Vectorized MCTS] Step 1910: 64 games active. Completed: 721/1000. Step time: 3942.0ms.
   [Vectorized MCTS] Step 1915: 64 games active. Completed: 724/1000. Step time: 3944.7ms.
   [Vectorized MCTS] Step 1920: 64 games active. Completed: 726/1000. Step time: 3949.3ms.
   [Vectorized MCTS] Step 1925: 64 games active. Completed: 727/1000. Step time: 3950.6ms.
   [Vectorized MCTS] Step 1930: 64 games active. Completed: 728/1000. Step time: 3919.9ms.
   [Vectorized MCTS] Step 1935: 64 games active. Completed: 735/1000. Step time: 3940.5ms.
   [Vectorized MCTS] Step 1940: 64 games active. Completed: 763/1000. Step time: 3943.3ms.
   [Vectorized MCTS] Step 1945: 64 games active. Completed: 768/1000. Step time: 3960.2ms.
   [Vectorized MCTS] Step 1950: 64 games active. Completed: 768/1000. Step time: 3964.7ms.
   [Vectorized MCTS] Step 1955: 64 games active. Completed: 768/1000. Step time: 3963.4ms.
   [Vectorized MCTS] Step 1960: 64 games active. Completed: 768/1000. Step time: 3969.1ms.
   [Vectorized MCTS] Step 1965: 64 games active. Completed: 768/1000. Step time: 3976.3ms.
   [Vectorized MCTS] Step 1970: 64 games active. Completed: 768/1000. Step time: 3965.5ms.
   [Vectorized MCTS] Step 1975: 64 games active. Completed: 768/1000. Step time: 3964.2ms.
   [Vectorized MCTS] Step 1980: 64 games active. Completed: 768/1000. Step time: 3983.9ms.
   [Vectorized MCTS] Step 1985: 64 games active. Completed: 768/1000. Step time: 3980.2ms.
   [Vectorized MCTS] Step 1990: 64 games active. Completed: 768/1000. Step time: 3929.3ms.
   [Vectorized MCTS] Step 1995: 64 games active. Completed: 768/1000. Step time: 3978.2ms.
   [Vectorized MCTS] Step 2000: 64 games active. Completed: 768/1000. Step time: 3956.1ms.
   [Vectorized MCTS] Step 2005: 64 games active. Completed: 768/1000. Step time: 3935.4ms.
   [Vectorized MCTS] Step 2010: 64 games active. Completed: 768/1000. Step time: 3969.3ms.
   [Vectorized MCTS] Step 2015: 64 games active. Completed: 769/1000. Step time: 3981.1ms.
   [Vectorized MCTS] Step 2020: 64 games active. Completed: 769/1000. Step time: 3931.9ms.
   [Vectorized MCTS] Step 2025: 64 games active. Completed: 770/1000. Step time: 3977.0ms.
   [Vectorized MCTS] Step 2030: 64 games active. Completed: 770/1000. Step time: 3979.6ms.
   [Vectorized MCTS] Step 2035: 64 games active. Completed: 770/1000. Step time: 3964.2ms.
   [Vectorized MCTS] Step 2040: 64 games active. Completed: 771/1000. Step time: 3841.6ms.
   [Vectorized MCTS] Step 2045: 64 games active. Completed: 771/1000. Step time: 3902.4ms.
   [Vectorized MCTS] Step 2050: 64 games active. Completed: 773/1000. Step time: 3852.2ms.
   [Vectorized MCTS] Step 2055: 64 games active. Completed: 774/1000. Step time: 3841.0ms.
   [Vectorized MCTS] Step 2060: 64 games active. Completed: 779/1000. Step time: 3900.6ms.
   [Vectorized MCTS] Step 2065: 64 games active. Completed: 781/1000. Step time: 3897.5ms.
   [Vectorized MCTS] Step 2070: 64 games active. Completed: 786/1000. Step time: 3864.8ms.
   [Vectorized MCTS] Step 2075: 64 games active. Completed: 788/1000. Step time: 3895.7ms.
   [Vectorized MCTS] Step 2080: 64 games active. Completed: 793/1000. Step time: 3877.6ms.
   [Vectorized MCTS] Step 2085: 64 games active. Completed: 793/1000. Step time: 3942.8ms.
   [Vectorized MCTS] Step 2090: 64 games active. Completed: 794/1000. Step time: 3947.9ms.
   [Vectorized MCTS] Step 2095: 64 games active. Completed: 798/1000. Step time: 3931.9ms.
   [Vectorized MCTS] Step 2100: 64 games active. Completed: 823/1000. Step time: 3940.3ms.
   [Vectorized MCTS] Step 2105: 64 games active. Completed: 832/1000. Step time: 3958.4ms.
   [Vectorized MCTS] Step 2110: 64 games active. Completed: 832/1000. Step time: 3968.8ms.
   [Vectorized MCTS] Step 2115: 64 games active. Completed: 832/1000. Step time: 3958.2ms.
   [Vectorized MCTS] Step 2120: 64 games active. Completed: 832/1000. Step time: 3963.1ms.
   [Vectorized MCTS] Step 2125: 64 games active. Completed: 832/1000. Step time: 3979.5ms.
   [Vectorized MCTS] Step 2130: 64 games active. Completed: 832/1000. Step time: 3952.2ms.
   [Vectorized MCTS] Step 2135: 64 games active. Completed: 832/1000. Step time: 3973.3ms.
   [Vectorized MCTS] Step 2140: 64 games active. Completed: 832/1000. Step time: 3977.4ms.
   [Vectorized MCTS] Step 2145: 64 games active. Completed: 832/1000. Step time: 3970.4ms.
   [Vectorized MCTS] Step 2150: 64 games active. Completed: 832/1000. Step time: 3968.3ms.
   [Vectorized MCTS] Step 2155: 64 games active. Completed: 832/1000. Step time: 3961.8ms.
   [Vectorized MCTS] Step 2160: 64 games active. Completed: 832/1000. Step time: 3885.0ms.
   [Vectorized MCTS] Step 2165: 64 games active. Completed: 832/1000. Step time: 3981.2ms.
   [Vectorized MCTS] Step 2170: 64 games active. Completed: 832/1000. Step time: 3973.6ms.
   [Vectorized MCTS] Step 2175: 64 games active. Completed: 833/1000. Step time: 3969.1ms.
   [Vectorized MCTS] Step 2180: 64 games active. Completed: 833/1000. Step time: 3954.1ms.
   [Vectorized MCTS] Step 2185: 64 games active. Completed: 833/1000. Step time: 3973.2ms.
   [Vectorized MCTS] Step 2190: 64 games active. Completed: 834/1000. Step time: 3981.0ms.
   [Vectorized MCTS] Step 2195: 64 games active. Completed: 834/1000. Step time: 3960.3ms.
   [Vectorized MCTS] Step 2200: 64 games active. Completed: 835/1000. Step time: 3954.0ms.
   [Vectorized MCTS] Step 2205: 64 games active. Completed: 835/1000. Step time: 3941.4ms.
   [Vectorized MCTS] Step 2210: 64 games active. Completed: 836/1000. Step time: 3932.2ms.
   [Vectorized MCTS] Step 2215: 64 games active. Completed: 838/1000. Step time: 3955.9ms.
   [Vectorized MCTS] Step 2220: 64 games active. Completed: 842/1000. Step time: 3952.8ms.
   [Vectorized MCTS] Step 2225: 64 games active. Completed: 845/1000. Step time: 3952.6ms.
   [Vectorized MCTS] Step 2230: 64 games active. Completed: 848/1000. Step time: 3926.0ms.
   [Vectorized MCTS] Step 2235: 64 games active. Completed: 851/1000. Step time: 3945.5ms.
   [Vectorized MCTS] Step 2240: 64 games active. Completed: 856/1000. Step time: 3918.6ms.
   [Vectorized MCTS] Step 2245: 64 games active. Completed: 857/1000. Step time: 3935.6ms.
   [Vectorized MCTS] Step 2250: 64 games active. Completed: 858/1000. Step time: 3927.9ms.
   [Vectorized MCTS] Step 2255: 64 games active. Completed: 861/1000. Step time: 3928.2ms.
   [Vectorized MCTS] Step 2260: 64 games active. Completed: 878/1000. Step time: 3914.7ms.
   [Vectorized MCTS] Step 2265: 64 games active. Completed: 893/1000. Step time: 3937.7ms.
   [Vectorized MCTS] Step 2270: 64 games active. Completed: 896/1000. Step time: 3950.5ms.
   [Vectorized MCTS] Step 2275: 64 games active. Completed: 896/1000. Step time: 3975.1ms.
   [Vectorized MCTS] Step 2280: 64 games active. Completed: 896/1000. Step time: 3960.5ms.
   [Vectorized MCTS] Step 2285: 64 games active. Completed: 896/1000. Step time: 3936.5ms.
   [Vectorized MCTS] Step 2290: 64 games active. Completed: 896/1000. Step time: 3963.5ms.
   [Vectorized MCTS] Step 2295: 64 games active. Completed: 896/1000. Step time: 3961.6ms.
   [Vectorized MCTS] Step 2300: 64 games active. Completed: 897/1000. Step time: 3957.3ms.
   [Vectorized MCTS] Step 2305: 64 games active. Completed: 897/1000. Step time: 3975.2ms.
   [Vectorized MCTS] Step 2310: 64 games active. Completed: 897/1000. Step time: 3945.0ms.
   [Vectorized MCTS] Step 2315: 64 games active. Completed: 897/1000. Step time: 3987.2ms.
   [Vectorized MCTS] Step 2320: 64 games active. Completed: 897/1000. Step time: 3960.9ms.
   [Vectorized MCTS] Step 2325: 64 games active. Completed: 897/1000. Step time: 3959.3ms.
   [Vectorized MCTS] Step 2330: 64 games active. Completed: 897/1000. Step time: 3968.2ms.
   [Vectorized MCTS] Step 2335: 64 games active. Completed: 897/1000. Step time: 3978.1ms.
   [Vectorized MCTS] Step 2340: 64 games active. Completed: 897/1000. Step time: 3964.6ms.
   [Vectorized MCTS] Step 2345: 64 games active. Completed: 897/1000. Step time: 3970.5ms.
   [Vectorized MCTS] Step 2350: 64 games active. Completed: 898/1000. Step time: 3965.8ms.
   [Vectorized MCTS] Step 2355: 64 games active. Completed: 898/1000. Step time: 3946.8ms.
   [Vectorized MCTS] Step 2360: 64 games active. Completed: 898/1000. Step time: 3962.7ms.
   [Vectorized MCTS] Step 2365: 64 games active. Completed: 899/1000. Step time: 3957.3ms.
   [Vectorized MCTS] Step 2370: 64 games active. Completed: 900/1000. Step time: 3947.4ms.
   [Vectorized MCTS] Step 2375: 64 games active. Completed: 902/1000. Step time: 3953.5ms.
   [Vectorized MCTS] Step 2380: 64 games active. Completed: 903/1000. Step time: 3949.4ms.
   [Vectorized MCTS] Step 2385: 64 games active. Completed: 908/1000. Step time: 3906.4ms.
   [Vectorized MCTS] Step 2390: 64 games active. Completed: 913/1000. Step time: 3932.7ms.
   [Vectorized MCTS] Step 2395: 64 games active. Completed: 916/1000. Step time: 3966.9ms.
   [Vectorized MCTS] Step 2400: 64 games active. Completed: 921/1000. Step time: 3944.7ms.
   [Vectorized MCTS] Step 2405: 64 games active. Completed: 923/1000. Step time: 3944.1ms.
   [Vectorized MCTS] Step 2410: 64 games active. Completed: 924/1000. Step time: 3972.9ms.
   [Vectorized MCTS] Step 2415: 64 games active. Completed: 924/1000. Step time: 3940.7ms.
   [Vectorized MCTS] Step 2420: 64 games active. Completed: 933/1000. Step time: 3920.6ms.
   [Vectorized MCTS] Step 2425: 44 games active. Completed: 956/1000. Step time: 2516.9ms.
   [Vectorized MCTS] Step 2430: 40 games active. Completed: 960/1000. Step time: 2336.7ms.
   [Vectorized MCTS] Step 2435: 40 games active. Completed: 960/1000. Step time: 2319.0ms.
   [Vectorized MCTS] Step 2440: 40 games active. Completed: 960/1000. Step time: 2331.2ms.
   [Vectorized MCTS] Step 2445: 40 games active. Completed: 960/1000. Step time: 2320.9ms.
   [Vectorized MCTS] Step 2450: 40 games active. Completed: 960/1000. Step time: 2330.3ms.
   [Vectorized MCTS] Step 2455: 40 games active. Completed: 960/1000. Step time: 2333.5ms.
   [Vectorized MCTS] Step 2460: 40 games active. Completed: 960/1000. Step time: 2321.3ms.
   [Vectorized MCTS] Step 2465: 39 games active. Completed: 961/1000. Step time: 2272.2ms.
   [Vectorized MCTS] Step 2470: 39 games active. Completed: 961/1000. Step time: 2276.5ms.
   [Vectorized MCTS] Step 2475: 39 games active. Completed: 961/1000. Step time: 2288.4ms.
   [Vectorized MCTS] Step 2480: 39 games active. Completed: 961/1000. Step time: 2281.9ms.
   [Vectorized MCTS] Step 2485: 39 games active. Completed: 961/1000. Step time: 2290.3ms.
   [Vectorized MCTS] Step 2490: 39 games active. Completed: 961/1000. Step time: 2280.3ms.
   [Vectorized MCTS] Step 2495: 39 games active. Completed: 961/1000. Step time: 2280.8ms.
   [Vectorized MCTS] Step 2500: 39 games active. Completed: 961/1000. Step time: 2282.9ms.
   [Vectorized MCTS] Step 2505: 39 games active. Completed: 961/1000. Step time: 2268.5ms.
   [Vectorized MCTS] Step 2510: 38 games active. Completed: 962/1000. Step time: 2244.7ms.
   [Vectorized MCTS] Step 2515: 37 games active. Completed: 963/1000. Step time: 2134.1ms.
   [Vectorized MCTS] Step 2520: 37 games active. Completed: 963/1000. Step time: 2143.9ms.
   [Vectorized MCTS] Step 2525: 36 games active. Completed: 964/1000. Step time: 2095.0ms.
   [Vectorized MCTS] Step 2530: 36 games active. Completed: 964/1000. Step time: 2085.3ms.
   [Vectorized MCTS] Step 2535: 35 games active. Completed: 965/1000. Step time: 2060.3ms.
   [Vectorized MCTS] Step 2540: 32 games active. Completed: 968/1000. Step time: 1937.7ms.
   [Vectorized MCTS] Step 2545: 28 games active. Completed: 972/1000. Step time: 1671.6ms.
   [Vectorized MCTS] Step 2550: 22 games active. Completed: 978/1000. Step time: 1498.7ms.
   [Vectorized MCTS] Step 2555: 20 games active. Completed: 980/1000. Step time: 1299.7ms.
   [Vectorized MCTS] Step 2560: 16 games active. Completed: 984/1000. Step time: 1083.2ms.
   [Vectorized MCTS] Step 2565: 13 games active. Completed: 987/1000. Step time: 928.2ms.
   [Vectorized MCTS] Step 2570: 11 games active. Completed: 989/1000. Step time: 888.5ms.
   [Vectorized MCTS] Step 2575: 11 games active. Completed: 989/1000. Step time: 829.6ms.
   [Vectorized MCTS] Step 2580: 06 games active. Completed: 994/1000. Step time: 732.7ms.
   [Vectorized MCTS] Step 2583: 00 games active. Completed: 1000/1000. Step time: 513.4ms.

Collection completed in 9830.0 seconds (9.830s/game average).
