Starting self-play collection using /Users/nilbot/playground/autogo-mlx/experiments/001_train_from_scratch/checkpoints/iter6.safetensors
--> Progressive sims enabled. Iteration 6 -> 32 simulations.
Config: num-games=1000, simulations=32, workers=8
--> Starting pool-swapping selfplay for all 1000 games with max_active_games=64...
   [Vectorized MCTS] Step 001: 64 games active. Completed: 0/1000. Step time: 1916.2ms.
   [Vectorized MCTS] Step 005: 64 games active. Completed: 0/1000. Step time: 1899.8ms.
   [Vectorized MCTS] Step 010: 64 games active. Completed: 0/1000. Step time: 1898.5ms.
   [Vectorized MCTS] Step 015: 64 games active. Completed: 0/1000. Step time: 1908.6ms.
   [Vectorized MCTS] Step 020: 64 games active. Completed: 2/1000. Step time: 1909.2ms.
   [Vectorized MCTS] Step 025: 64 games active. Completed: 2/1000. Step time: 1911.6ms.
   [Vectorized MCTS] Step 030: 64 games active. Completed: 3/1000. Step time: 1908.2ms.
   [Vectorized MCTS] Step 035: 64 games active. Completed: 4/1000. Step time: 1906.1ms.
   [Vectorized MCTS] Step 040: 64 games active. Completed: 4/1000. Step time: 1905.9ms.
   [Vectorized MCTS] Step 045: 64 games active. Completed: 5/1000. Step time: 1918.9ms.
   [Vectorized MCTS] Step 050: 64 games active. Completed: 6/1000. Step time: 1913.5ms.
   [Vectorized MCTS] Step 055: 64 games active. Completed: 7/1000. Step time: 1917.1ms.
   [Vectorized MCTS] Step 060: 64 games active. Completed: 8/1000. Step time: 1911.4ms.
   [Vectorized MCTS] Step 065: 64 games active. Completed: 8/1000. Step time: 1932.3ms.
   [Vectorized MCTS] Step 070: 64 games active. Completed: 9/1000. Step time: 1910.7ms.
   [Vectorized MCTS] Step 075: 64 games active. Completed: 11/1000. Step time: 1924.0ms.
   [Vectorized MCTS] Step 080: 64 games active. Completed: 12/1000. Step time: 1915.6ms.
   [Vectorized MCTS] Step 085: 64 games active. Completed: 12/1000. Step time: 1911.9ms.
   [Vectorized MCTS] Step 090: 64 games active. Completed: 17/1000. Step time: 1918.8ms.
   [Vectorized MCTS] Step 095: 64 games active. Completed: 18/1000. Step time: 1917.2ms.
   [Vectorized MCTS] Step 100: 64 games active. Completed: 18/1000. Step time: 1912.4ms.
   [Vectorized MCTS] Step 105: 64 games active. Completed: 21/1000. Step time: 1934.3ms.
   [Vectorized MCTS] Step 110: 64 games active. Completed: 21/1000. Step time: 1923.6ms.
   [Vectorized MCTS] Step 115: 64 games active. Completed: 21/1000. Step time: 1927.7ms.
   [Vectorized MCTS] Step 120: 64 games active. Completed: 24/1000. Step time: 1937.0ms.
   [Vectorized MCTS] Step 125: 64 games active. Completed: 24/1000. Step time: 1918.7ms.
   [Vectorized MCTS] Step 130: 64 games active. Completed: 24/1000. Step time: 1909.3ms.
   [Vectorized MCTS] Step 135: 64 games active. Completed: 26/1000. Step time: 1910.0ms.
   [Vectorized MCTS] Step 140: 64 games active. Completed: 26/1000. Step time: 1929.7ms.
   [Vectorized MCTS] Step 145: 64 games active. Completed: 26/1000. Step time: 1895.3ms.
   [Vectorized MCTS] Step 150: 64 games active. Completed: 26/1000. Step time: 1893.4ms.
   [Vectorized MCTS] Step 155: 64 games active. Completed: 26/1000. Step time: 1888.2ms.
   [Vectorized MCTS] Step 160: 64 games active. Completed: 28/1000. Step time: 1864.8ms.
   [Vectorized MCTS] Step 165: 64 games active. Completed: 71/1000. Step time: 1903.0ms.
   [Vectorized MCTS] Step 170: 64 games active. Completed: 73/1000. Step time: 1904.8ms.
   [Vectorized MCTS] Step 175: 64 games active. Completed: 75/1000. Step time: 1920.4ms.
   [Vectorized MCTS] Step 180: 64 games active. Completed: 77/1000. Step time: 1902.9ms.
   [Vectorized MCTS] Step 185: 64 games active. Completed: 77/1000. Step time: 1904.5ms.
   [Vectorized MCTS] Step 190: 64 games active. Completed: 77/1000. Step time: 1908.6ms.
   [Vectorized MCTS] Step 195: 64 games active. Completed: 78/1000. Step time: 1887.4ms.
   [Vectorized MCTS] Step 200: 64 games active. Completed: 81/1000. Step time: 1901.8ms.
   [Vectorized MCTS] Step 205: 64 games active. Completed: 83/1000. Step time: 1911.0ms.
   [Vectorized MCTS] Step 210: 64 games active. Completed: 85/1000. Step time: 1912.1ms.
   [Vectorized MCTS] Step 215: 64 games active. Completed: 85/1000. Step time: 1919.9ms.
   [Vectorized MCTS] Step 220: 64 games active. Completed: 87/1000. Step time: 1913.1ms.
   [Vectorized MCTS] Step 225: 64 games active. Completed: 87/1000. Step time: 1912.5ms.
   [Vectorized MCTS] Step 230: 64 games active. Completed: 88/1000. Step time: 1929.6ms.
   [Vectorized MCTS] Step 235: 64 games active. Completed: 93/1000. Step time: 1921.4ms.
   [Vectorized MCTS] Step 240: 64 games active. Completed: 94/1000. Step time: 1923.3ms.
   [Vectorized MCTS] Step 245: 64 games active. Completed: 95/1000. Step time: 1919.6ms.
   [Vectorized MCTS] Step 250: 64 games active. Completed: 101/1000. Step time: 1912.3ms.
   [Vectorized MCTS] Step 255: 64 games active. Completed: 106/1000. Step time: 1945.8ms.
   [Vectorized MCTS] Step 260: 64 games active. Completed: 107/1000. Step time: 1922.0ms.
   [Vectorized MCTS] Step 265: 64 games active. Completed: 111/1000. Step time: 1930.5ms.
   [Vectorized MCTS] Step 270: 64 games active. Completed: 115/1000. Step time: 1916.2ms.
   [Vectorized MCTS] Step 275: 64 games active. Completed: 117/1000. Step time: 1922.9ms.
   [Vectorized MCTS] Step 280: 64 games active. Completed: 117/1000. Step time: 1922.4ms.
   [Vectorized MCTS] Step 285: 64 games active. Completed: 118/1000. Step time: 1915.0ms.
   [Vectorized MCTS] Step 290: 64 games active. Completed: 120/1000. Step time: 1917.6ms.
   [Vectorized MCTS] Step 295: 64 games active. Completed: 122/1000. Step time: 1926.7ms.
   [Vectorized MCTS] Step 300: 64 games active. Completed: 125/1000. Step time: 1917.9ms.
   [Vectorized MCTS] Step 305: 64 games active. Completed: 126/1000. Step time: 1916.8ms.
   [Vectorized MCTS] Step 310: 64 games active. Completed: 126/1000. Step time: 1903.9ms.
   [Vectorized MCTS] Step 315: 64 games active. Completed: 127/1000. Step time: 1909.7ms.
   [Vectorized MCTS] Step 320: 64 games active. Completed: 128/1000. Step time: 1884.6ms.
   [Vectorized MCTS] Step 325: 64 games active. Completed: 147/1000. Step time: 1917.3ms.
   [Vectorized MCTS] Step 330: 64 games active. Completed: 148/1000. Step time: 1958.4ms.
   [Vectorized MCTS] Step 335: 64 games active. Completed: 152/1000. Step time: 1919.2ms.
   [Vectorized MCTS] Step 340: 64 games active. Completed: 153/1000. Step time: 1914.5ms.
   [Vectorized MCTS] Step 345: 64 games active. Completed: 156/1000. Step time: 1914.1ms.
   [Vectorized MCTS] Step 350: 64 games active. Completed: 157/1000. Step time: 1913.0ms.
   [Vectorized MCTS] Step 355: 64 games active. Completed: 159/1000. Step time: 1917.2ms.
   [Vectorized MCTS] Step 360: 64 games active. Completed: 163/1000. Step time: 1919.5ms.
   [Vectorized MCTS] Step 365: 64 games active. Completed: 165/1000. Step time: 1922.9ms.
   [Vectorized MCTS] Step 370: 64 games active. Completed: 166/1000. Step time: 1922.6ms.
   [Vectorized MCTS] Step 375: 64 games active. Completed: 167/1000. Step time: 1922.3ms.
   [Vectorized MCTS] Step 380: 64 games active. Completed: 168/1000. Step time: 1927.2ms.
   [Vectorized MCTS] Step 385: 64 games active. Completed: 169/1000. Step time: 1908.9ms.
   [Vectorized MCTS] Step 390: 64 games active. Completed: 172/1000. Step time: 1922.5ms.
   [Vectorized MCTS] Step 395: 64 games active. Completed: 174/1000. Step time: 1939.7ms.
   [Vectorized MCTS] Step 400: 64 games active. Completed: 180/1000. Step time: 1921.0ms.
   [Vectorized MCTS] Step 405: 64 games active. Completed: 182/1000. Step time: 1915.4ms.
   [Vectorized MCTS] Step 410: 64 games active. Completed: 184/1000. Step time: 1914.1ms.
   [Vectorized MCTS] Step 415: 64 games active. Completed: 190/1000. Step time: 1921.6ms.
   [Vectorized MCTS] Step 420: 64 games active. Completed: 191/1000. Step time: 1907.7ms.
   [Vectorized MCTS] Step 425: 64 games active. Completed: 195/1000. Step time: 1920.3ms.
   [Vectorized MCTS] Step 430: 64 games active. Completed: 197/1000. Step time: 1917.6ms.
   [Vectorized MCTS] Step 435: 64 games active. Completed: 198/1000. Step time: 1919.3ms.
   [Vectorized MCTS] Step 440: 64 games active. Completed: 200/1000. Step time: 1913.2ms.
   [Vectorized MCTS] Step 445: 64 games active. Completed: 204/1000. Step time: 1910.4ms.
   [Vectorized MCTS] Step 450: 64 games active. Completed: 206/1000. Step time: 1909.7ms.
   [Vectorized MCTS] Step 455: 64 games active. Completed: 211/1000. Step time: 1914.1ms.
   [Vectorized MCTS] Step 460: 64 games active. Completed: 215/1000. Step time: 1910.7ms.
   [Vectorized MCTS] Step 465: 64 games active. Completed: 218/1000. Step time: 1923.2ms.
   [Vectorized MCTS] Step 470: 64 games active. Completed: 218/1000. Step time: 1907.0ms.
   [Vectorized MCTS] Step 475: 64 games active. Completed: 221/1000. Step time: 1916.5ms.
   [Vectorized MCTS] Step 480: 64 games active. Completed: 223/1000. Step time: 1903.5ms.
   [Vectorized MCTS] Step 485: 64 games active. Completed: 232/1000. Step time: 1909.8ms.
   [Vectorized MCTS] Step 490: 64 games active. Completed: 233/1000. Step time: 1907.5ms.
   [Vectorized MCTS] Step 495: 64 games active. Completed: 234/1000. Step time: 1907.2ms.
   [Vectorized MCTS] Step 500: 64 games active. Completed: 236/1000. Step time: 1925.5ms.
   [Vectorized MCTS] Step 505: 64 games active. Completed: 236/1000. Step time: 1912.4ms.
   [Vectorized MCTS] Step 510: 64 games active. Completed: 240/1000. Step time: 1909.8ms.
   [Vectorized MCTS] Step 515: 64 games active. Completed: 241/1000. Step time: 1903.9ms.
   [Vectorized MCTS] Step 520: 64 games active. Completed: 243/1000. Step time: 1929.5ms.
   [Vectorized MCTS] Step 525: 64 games active. Completed: 244/1000. Step time: 1902.3ms.
   [Vectorized MCTS] Step 530: 64 games active. Completed: 247/1000. Step time: 1915.2ms.
   [Vectorized MCTS] Step 535: 64 games active. Completed: 249/1000. Step time: 1916.1ms.
   [Vectorized MCTS] Step 540: 64 games active. Completed: 252/1000. Step time: 1920.2ms.
   [Vectorized MCTS] Step 545: 64 games active. Completed: 254/1000. Step time: 1920.3ms.
   [Vectorized MCTS] Step 550: 64 games active. Completed: 256/1000. Step time: 1913.2ms.
   [Vectorized MCTS] Step 555: 64 games active. Completed: 259/1000. Step time: 1913.8ms.
   [Vectorized MCTS] Step 560: 64 games active. Completed: 265/1000. Step time: 1908.0ms.
   [Vectorized MCTS] Step 565: 64 games active. Completed: 266/1000. Step time: 1909.8ms.
   [Vectorized MCTS] Step 570: 64 games active. Completed: 271/1000. Step time: 1910.8ms.
   [Vectorized MCTS] Step 575: 64 games active. Completed: 274/1000. Step time: 1916.6ms.
   [Vectorized MCTS] Step 580: 64 games active. Completed: 276/1000. Step time: 1912.6ms.
   [Vectorized MCTS] Step 585: 64 games active. Completed: 278/1000. Step time: 1919.5ms.
   [Vectorized MCTS] Step 590: 64 games active. Completed: 281/1000. Step time: 1912.2ms.
   [Vectorized MCTS] Step 595: 64 games active. Completed: 283/1000. Step time: 1912.1ms.
   [Vectorized MCTS] Step 600: 64 games active. Completed: 288/1000. Step time: 1907.1ms.
   [Vectorized MCTS] Step 605: 64 games active. Completed: 292/1000. Step time: 1919.0ms.
   [Vectorized MCTS] Step 610: 64 games active. Completed: 292/1000. Step time: 1922.0ms.
   [Vectorized MCTS] Step 615: 64 games active. Completed: 296/1000. Step time: 1944.4ms.
   [Vectorized MCTS] Step 620: 64 games active. Completed: 298/1000. Step time: 1914.1ms.
   [Vectorized MCTS] Step 625: 64 games active. Completed: 302/1000. Step time: 1901.2ms.
   [Vectorized MCTS] Step 630: 64 games active. Completed: 304/1000. Step time: 1915.2ms.
   [Vectorized MCTS] Step 635: 64 games active. Completed: 305/1000. Step time: 1909.3ms.
   [Vectorized MCTS] Step 640: 64 games active. Completed: 308/1000. Step time: 1919.2ms.
   [Vectorized MCTS] Step 645: 64 games active. Completed: 312/1000. Step time: 1916.6ms.
   [Vectorized MCTS] Step 650: 64 games active. Completed: 316/1000. Step time: 1907.1ms.
   [Vectorized MCTS] Step 655: 64 games active. Completed: 316/1000. Step time: 1910.2ms.
   [Vectorized MCTS] Step 660: 64 games active. Completed: 316/1000. Step time: 1920.1ms.
   [Vectorized MCTS] Step 665: 64 games active. Completed: 316/1000. Step time: 1911.8ms.
   [Vectorized MCTS] Step 670: 64 games active. Completed: 318/1000. Step time: 1924.5ms.
   [Vectorized MCTS] Step 675: 64 games active. Completed: 319/1000. Step time: 1927.0ms.
   [Vectorized MCTS] Step 680: 64 games active. Completed: 321/1000. Step time: 1915.8ms.
   [Vectorized MCTS] Step 685: 64 games active. Completed: 324/1000. Step time: 1915.1ms.
   [Vectorized MCTS] Step 690: 64 games active. Completed: 326/1000. Step time: 1913.0ms.
   [Vectorized MCTS] Step 695: 64 games active. Completed: 328/1000. Step time: 1911.4ms.
   [Vectorized MCTS] Step 700: 64 games active. Completed: 332/1000. Step time: 1915.4ms.
   [Vectorized MCTS] Step 705: 64 games active. Completed: 335/1000. Step time: 1920.4ms.
   [Vectorized MCTS] Step 710: 64 games active. Completed: 338/1000. Step time: 1915.5ms.
   [Vectorized MCTS] Step 715: 64 games active. Completed: 340/1000. Step time: 1911.0ms.
   [Vectorized MCTS] Step 720: 64 games active. Completed: 345/1000. Step time: 1905.7ms.
   [Vectorized MCTS] Step 725: 64 games active. Completed: 347/1000. Step time: 1914.0ms.
   [Vectorized MCTS] Step 730: 64 games active. Completed: 350/1000. Step time: 1905.9ms.
   [Vectorized MCTS] Step 735: 64 games active. Completed: 352/1000. Step time: 1915.9ms.
   [Vectorized MCTS] Step 740: 64 games active. Completed: 357/1000. Step time: 1918.3ms.
   [Vectorized MCTS] Step 745: 64 games active. Completed: 357/1000. Step time: 1910.7ms.
   [Vectorized MCTS] Step 750: 64 games active. Completed: 358/1000. Step time: 1912.5ms.
   [Vectorized MCTS] Step 755: 64 games active. Completed: 361/1000. Step time: 1904.0ms.
   [Vectorized MCTS] Step 760: 64 games active. Completed: 363/1000. Step time: 1906.7ms.
   [Vectorized MCTS] Step 765: 64 games active. Completed: 369/1000. Step time: 1907.9ms.
   [Vectorized MCTS] Step 770: 64 games active. Completed: 370/1000. Step time: 1909.4ms.
   [Vectorized MCTS] Step 775: 64 games active. Completed: 373/1000. Step time: 1895.0ms.
   [Vectorized MCTS] Step 780: 64 games active. Completed: 376/1000. Step time: 1912.7ms.
   [Vectorized MCTS] Step 785: 64 games active. Completed: 379/1000. Step time: 1911.5ms.
   [Vectorized MCTS] Step 790: 64 games active. Completed: 383/1000. Step time: 1906.9ms.
   [Vectorized MCTS] Step 795: 64 games active. Completed: 386/1000. Step time: 1916.5ms.
   [Vectorized MCTS] Step 800: 64 games active. Completed: 386/1000. Step time: 1905.2ms.
   [Vectorized MCTS] Step 805: 64 games active. Completed: 389/1000. Step time: 1942.9ms.
   [Vectorized MCTS] Step 810: 64 games active. Completed: 392/1000. Step time: 1921.8ms.
   [Vectorized MCTS] Step 815: 64 games active. Completed: 392/1000. Step time: 1914.9ms.
   [Vectorized MCTS] Step 820: 64 games active. Completed: 394/1000. Step time: 1915.7ms.
   [Vectorized MCTS] Step 825: 64 games active. Completed: 395/1000. Step time: 1900.6ms.
   [Vectorized MCTS] Step 830: 64 games active. Completed: 395/1000. Step time: 1916.7ms.
   [Vectorized MCTS] Step 835: 64 games active. Completed: 396/1000. Step time: 1912.3ms.
   [Vectorized MCTS] Step 840: 64 games active. Completed: 400/1000. Step time: 1910.2ms.
   [Vectorized MCTS] Step 845: 64 games active. Completed: 402/1000. Step time: 1924.8ms.
   [Vectorized MCTS] Step 850: 64 games active. Completed: 403/1000. Step time: 1927.4ms.
   [Vectorized MCTS] Step 855: 64 games active. Completed: 406/1000. Step time: 1910.8ms.
   [Vectorized MCTS] Step 860: 64 games active. Completed: 406/1000. Step time: 1925.4ms.
   [Vectorized MCTS] Step 865: 64 games active. Completed: 409/1000. Step time: 1907.8ms.
   [Vectorized MCTS] Step 870: 64 games active. Completed: 413/1000. Step time: 1908.7ms.
   [Vectorized MCTS] Step 875: 64 games active. Completed: 415/1000. Step time: 1927.3ms.
   [Vectorized MCTS] Step 880: 64 games active. Completed: 418/1000. Step time: 1907.8ms.
   [Vectorized MCTS] Step 885: 64 games active. Completed: 421/1000. Step time: 1893.0ms.
   [Vectorized MCTS] Step 890: 64 games active. Completed: 423/1000. Step time: 1906.6ms.
   [Vectorized MCTS] Step 895: 64 games active. Completed: 426/1000. Step time: 1907.3ms.
   [Vectorized MCTS] Step 900: 64 games active. Completed: 432/1000. Step time: 1914.9ms.
   [Vectorized MCTS] Step 905: 64 games active. Completed: 434/1000. Step time: 1916.0ms.
   [Vectorized MCTS] Step 910: 64 games active. Completed: 436/1000. Step time: 1915.7ms.
   [Vectorized MCTS] Step 915: 64 games active. Completed: 438/1000. Step time: 1913.6ms.
   [Vectorized MCTS] Step 920: 64 games active. Completed: 440/1000. Step time: 1892.0ms.
   [Vectorized MCTS] Step 925: 64 games active. Completed: 447/1000. Step time: 1904.9ms.
   [Vectorized MCTS] Step 930: 64 games active. Completed: 450/1000. Step time: 1913.5ms.
   [Vectorized MCTS] Step 935: 64 games active. Completed: 451/1000. Step time: 1905.7ms.
   [Vectorized MCTS] Step 940: 64 games active. Completed: 454/1000. Step time: 1900.9ms.
   [Vectorized MCTS] Step 945: 64 games active. Completed: 455/1000. Step time: 1907.1ms.
   [Vectorized MCTS] Step 950: 64 games active. Completed: 460/1000. Step time: 1899.9ms.
   [Vectorized MCTS] Step 955: 64 games active. Completed: 461/1000. Step time: 1915.1ms.
   [Vectorized MCTS] Step 960: 64 games active. Completed: 462/1000. Step time: 1905.6ms.
   [Vectorized MCTS] Step 965: 64 games active. Completed: 466/1000. Step time: 1897.4ms.
   [Vectorized MCTS] Step 970: 64 games active. Completed: 469/1000. Step time: 1917.4ms.
   [Vectorized MCTS] Step 975: 64 games active. Completed: 470/1000. Step time: 1907.2ms.
   [Vectorized MCTS] Step 980: 64 games active. Completed: 473/1000. Step time: 1912.8ms.
   [Vectorized MCTS] Step 985: 64 games active. Completed: 475/1000. Step time: 1913.6ms.
   [Vectorized MCTS] Step 990: 64 games active. Completed: 478/1000. Step time: 1905.4ms.
   [Vectorized MCTS] Step 995: 64 games active. Completed: 482/1000. Step time: 1912.0ms.
   [Vectorized MCTS] Step 1000: 64 games active. Completed: 486/1000. Step time: 1921.4ms.
   [Vectorized MCTS] Step 1005: 64 games active. Completed: 490/1000. Step time: 1921.5ms.
   [Vectorized MCTS] Step 1010: 64 games active. Completed: 491/1000. Step time: 1924.2ms.
   [Vectorized MCTS] Step 1015: 64 games active. Completed: 491/1000. Step time: 1913.3ms.
   [Vectorized MCTS] Step 1020: 64 games active. Completed: 494/1000. Step time: 1913.3ms.
   [Vectorized MCTS] Step 1025: 64 games active. Completed: 495/1000. Step time: 1911.5ms.
   [Vectorized MCTS] Step 1030: 64 games active. Completed: 496/1000. Step time: 1922.5ms.
   [Vectorized MCTS] Step 1035: 64 games active. Completed: 497/1000. Step time: 1916.1ms.
   [Vectorized MCTS] Step 1040: 64 games active. Completed: 499/1000. Step time: 1918.7ms.
   [Vectorized MCTS] Step 1045: 64 games active. Completed: 502/1000. Step time: 1909.6ms.
   [Vectorized MCTS] Step 1050: 64 games active. Completed: 507/1000. Step time: 1906.8ms.
   [Vectorized MCTS] Step 1055: 64 games active. Completed: 509/1000. Step time: 1906.8ms.
   [Vectorized MCTS] Step 1060: 64 games active. Completed: 511/1000. Step time: 1908.2ms.
   [Vectorized MCTS] Step 1065: 64 games active. Completed: 514/1000. Step time: 1902.8ms.
   [Vectorized MCTS] Step 1070: 64 games active. Completed: 519/1000. Step time: 1919.2ms.
   [Vectorized MCTS] Step 1075: 64 games active. Completed: 521/1000. Step time: 1904.4ms.
   [Vectorized MCTS] Step 1080: 64 games active. Completed: 524/1000. Step time: 1906.4ms.
   [Vectorized MCTS] Step 1085: 64 games active. Completed: 530/1000. Step time: 1900.7ms.
   [Vectorized MCTS] Step 1090: 64 games active. Completed: 534/1000. Step time: 1911.4ms.
   [Vectorized MCTS] Step 1095: 64 games active. Completed: 536/1000. Step time: 1896.2ms.
   [Vectorized MCTS] Step 1100: 64 games active. Completed: 538/1000. Step time: 1898.6ms.
   [Vectorized MCTS] Step 1105: 64 games active. Completed: 538/1000. Step time: 1910.4ms.
   [Vectorized MCTS] Step 1110: 64 games active. Completed: 540/1000. Step time: 1914.7ms.
   [Vectorized MCTS] Step 1115: 64 games active. Completed: 541/1000. Step time: 1910.4ms.
   [Vectorized MCTS] Step 1120: 64 games active. Completed: 543/1000. Step time: 1906.1ms.
   [Vectorized MCTS] Step 1125: 64 games active. Completed: 546/1000. Step time: 1918.2ms.
   [Vectorized MCTS] Step 1130: 64 games active. Completed: 548/1000. Step time: 1902.7ms.
   [Vectorized MCTS] Step 1135: 64 games active. Completed: 550/1000. Step time: 1910.1ms.
   [Vectorized MCTS] Step 1140: 64 games active. Completed: 551/1000. Step time: 1905.1ms.
   [Vectorized MCTS] Step 1145: 64 games active. Completed: 554/1000. Step time: 1896.9ms.
   [Vectorized MCTS] Step 1150: 64 games active. Completed: 556/1000. Step time: 1911.3ms.
   [Vectorized MCTS] Step 1155: 64 games active. Completed: 559/1000. Step time: 1894.7ms.
   [Vectorized MCTS] Step 1160: 64 games active. Completed: 564/1000. Step time: 1898.7ms.
   [Vectorized MCTS] Step 1165: 64 games active. Completed: 567/1000. Step time: 1946.3ms.
   [Vectorized MCTS] Step 1170: 64 games active. Completed: 570/1000. Step time: 1908.6ms.
   [Vectorized MCTS] Step 1175: 64 games active. Completed: 571/1000. Step time: 1906.1ms.
   [Vectorized MCTS] Step 1180: 64 games active. Completed: 573/1000. Step time: 1901.9ms.
   [Vectorized MCTS] Step 1185: 64 games active. Completed: 574/1000. Step time: 1904.4ms.
   [Vectorized MCTS] Step 1190: 64 games active. Completed: 576/1000. Step time: 1904.8ms.
   [Vectorized MCTS] Step 1195: 64 games active. Completed: 578/1000. Step time: 1919.7ms.
   [Vectorized MCTS] Step 1200: 64 games active. Completed: 582/1000. Step time: 1885.6ms.
   [Vectorized MCTS] Step 1205: 64 games active. Completed: 585/1000. Step time: 1885.4ms.
   [Vectorized MCTS] Step 1210: 64 games active. Completed: 588/1000. Step time: 1917.8ms.
   [Vectorized MCTS] Step 1215: 64 games active. Completed: 589/1000. Step time: 1915.7ms.
   [Vectorized MCTS] Step 1220: 64 games active. Completed: 593/1000. Step time: 1925.4ms.
   [Vectorized MCTS] Step 1225: 64 games active. Completed: 597/1000. Step time: 1925.8ms.
   [Vectorized MCTS] Step 1230: 64 games active. Completed: 598/1000. Step time: 1920.4ms.
   [Vectorized MCTS] Step 1235: 64 games active. Completed: 601/1000. Step time: 1927.3ms.
   [Vectorized MCTS] Step 1240: 64 games active. Completed: 605/1000. Step time: 1942.6ms.
   [Vectorized MCTS] Step 1245: 64 games active. Completed: 608/1000. Step time: 1918.8ms.
   [Vectorized MCTS] Step 1250: 64 games active. Completed: 613/1000. Step time: 1933.9ms.
   [Vectorized MCTS] Step 1255: 64 games active. Completed: 614/1000. Step time: 1916.0ms.
   [Vectorized MCTS] Step 1260: 64 games active. Completed: 618/1000. Step time: 1908.0ms.
   [Vectorized MCTS] Step 1265: 64 games active. Completed: 618/1000. Step time: 1931.2ms.
   [Vectorized MCTS] Step 1270: 64 games active. Completed: 622/1000. Step time: 1932.1ms.
   [Vectorized MCTS] Step 1275: 64 games active. Completed: 623/1000. Step time: 1926.2ms.
   [Vectorized MCTS] Step 1280: 64 games active. Completed: 624/1000. Step time: 1920.6ms.
   [Vectorized MCTS] Step 1285: 64 games active. Completed: 629/1000. Step time: 1914.4ms.
   [Vectorized MCTS] Step 1290: 64 games active. Completed: 630/1000. Step time: 1936.2ms.
   [Vectorized MCTS] Step 1295: 64 games active. Completed: 630/1000. Step time: 1930.4ms.
   [Vectorized MCTS] Step 1300: 64 games active. Completed: 632/1000. Step time: 1918.6ms.
   [Vectorized MCTS] Step 1305: 64 games active. Completed: 638/1000. Step time: 1932.6ms.
   [Vectorized MCTS] Step 1310: 64 games active. Completed: 638/1000. Step time: 1918.0ms.
   [Vectorized MCTS] Step 1315: 64 games active. Completed: 638/1000. Step time: 1929.8ms.
   [Vectorized MCTS] Step 1320: 64 games active. Completed: 644/1000. Step time: 1938.9ms.
   [Vectorized MCTS] Step 1325: 64 games active. Completed: 648/1000. Step time: 1896.6ms.
   [Vectorized MCTS] Step 1330: 64 games active. Completed: 653/1000. Step time: 1932.0ms.
   [Vectorized MCTS] Step 1335: 64 games active. Completed: 656/1000. Step time: 1954.3ms.
   [Vectorized MCTS] Step 1340: 64 games active. Completed: 657/1000. Step time: 1924.1ms.
   [Vectorized MCTS] Step 1345: 64 games active. Completed: 660/1000. Step time: 1923.5ms.
   [Vectorized MCTS] Step 1350: 64 games active. Completed: 661/1000. Step time: 1922.1ms.
   [Vectorized MCTS] Step 1355: 64 games active. Completed: 663/1000. Step time: 1918.1ms.
   [Vectorized MCTS] Step 1360: 64 games active. Completed: 666/1000. Step time: 1923.6ms.
   [Vectorized MCTS] Step 1365: 64 games active. Completed: 670/1000. Step time: 1925.7ms.
   [Vectorized MCTS] Step 1370: 64 games active. Completed: 672/1000. Step time: 1906.7ms.
   [Vectorized MCTS] Step 1375: 64 games active. Completed: 674/1000. Step time: 1931.7ms.
   [Vectorized MCTS] Step 1380: 64 games active. Completed: 678/1000. Step time: 1923.7ms.
   [Vectorized MCTS] Step 1385: 64 games active. Completed: 681/1000. Step time: 1915.4ms.
   [Vectorized MCTS] Step 1390: 64 games active. Completed: 684/1000. Step time: 1915.4ms.
   [Vectorized MCTS] Step 1395: 64 games active. Completed: 684/1000. Step time: 1926.4ms.
   [Vectorized MCTS] Step 1400: 64 games active. Completed: 685/1000. Step time: 1918.2ms.
   [Vectorized MCTS] Step 1405: 64 games active. Completed: 688/1000. Step time: 1918.0ms.
   [Vectorized MCTS] Step 1410: 64 games active. Completed: 694/1000. Step time: 1915.8ms.
   [Vectorized MCTS] Step 1415: 64 games active. Completed: 698/1000. Step time: 1927.2ms.
   [Vectorized MCTS] Step 1420: 64 games active. Completed: 701/1000. Step time: 1922.0ms.
   [Vectorized MCTS] Step 1425: 64 games active. Completed: 702/1000. Step time: 1913.2ms.
   [Vectorized MCTS] Step 1430: 64 games active. Completed: 705/1000. Step time: 1908.3ms.
   [Vectorized MCTS] Step 1435: 64 games active. Completed: 708/1000. Step time: 1909.2ms.
   [Vectorized MCTS] Step 1440: 64 games active. Completed: 710/1000. Step time: 1921.4ms.
   [Vectorized MCTS] Step 1445: 64 games active. Completed: 714/1000. Step time: 1932.2ms.
   [Vectorized MCTS] Step 1450: 64 games active. Completed: 718/1000. Step time: 1903.7ms.
   [Vectorized MCTS] Step 1455: 64 games active. Completed: 719/1000. Step time: 1916.7ms.
   [Vectorized MCTS] Step 1460: 64 games active. Completed: 721/1000. Step time: 1912.3ms.
   [Vectorized MCTS] Step 1465: 64 games active. Completed: 723/1000. Step time: 1925.1ms.
   [Vectorized MCTS] Step 1470: 64 games active. Completed: 723/1000. Step time: 1928.2ms.
   [Vectorized MCTS] Step 1475: 64 games active. Completed: 724/1000. Step time: 1914.4ms.
   [Vectorized MCTS] Step 1480: 64 games active. Completed: 727/1000. Step time: 1922.9ms.
   [Vectorized MCTS] Step 1485: 64 games active. Completed: 731/1000. Step time: 1914.2ms.
   [Vectorized MCTS] Step 1490: 64 games active. Completed: 734/1000. Step time: 1912.6ms.
   [Vectorized MCTS] Step 1495: 64 games active. Completed: 737/1000. Step time: 1914.2ms.
   [Vectorized MCTS] Step 1500: 64 games active. Completed: 741/1000. Step time: 1927.0ms.
   [Vectorized MCTS] Step 1505: 64 games active. Completed: 744/1000. Step time: 1930.6ms.
   [Vectorized MCTS] Step 1510: 64 games active. Completed: 744/1000. Step time: 1927.7ms.
   [Vectorized MCTS] Step 1515: 64 games active. Completed: 746/1000. Step time: 1923.1ms.
   [Vectorized MCTS] Step 1520: 64 games active. Completed: 748/1000. Step time: 1916.9ms.
   [Vectorized MCTS] Step 1525: 64 games active. Completed: 750/1000. Step time: 1929.9ms.
   [Vectorized MCTS] Step 1530: 64 games active. Completed: 755/1000. Step time: 1922.0ms.
   [Vectorized MCTS] Step 1535: 64 games active. Completed: 757/1000. Step time: 1913.4ms.
   [Vectorized MCTS] Step 1540: 64 games active. Completed: 760/1000. Step time: 1925.4ms.
   [Vectorized MCTS] Step 1545: 64 games active. Completed: 762/1000. Step time: 1932.2ms.
   [Vectorized MCTS] Step 1550: 64 games active. Completed: 764/1000. Step time: 1917.9ms.
   [Vectorized MCTS] Step 1555: 64 games active. Completed: 767/1000. Step time: 1905.1ms.
   [Vectorized MCTS] Step 1560: 64 games active. Completed: 768/1000. Step time: 1913.6ms.
   [Vectorized MCTS] Step 1565: 64 games active. Completed: 769/1000. Step time: 1917.9ms.
   [Vectorized MCTS] Step 1570: 64 games active. Completed: 774/1000. Step time: 1920.1ms.
   [Vectorized MCTS] Step 1575: 64 games active. Completed: 777/1000. Step time: 1906.9ms.
   [Vectorized MCTS] Step 1580: 64 games active. Completed: 779/1000. Step time: 1920.8ms.
   [Vectorized MCTS] Step 1585: 64 games active. Completed: 780/1000. Step time: 1916.5ms.
   [Vectorized MCTS] Step 1590: 64 games active. Completed: 782/1000. Step time: 1915.0ms.
   [Vectorized MCTS] Step 1595: 64 games active. Completed: 787/1000. Step time: 1913.9ms.
   [Vectorized MCTS] Step 1600: 64 games active. Completed: 790/1000. Step time: 1919.5ms.
   [Vectorized MCTS] Step 1605: 64 games active. Completed: 794/1000. Step time: 1919.3ms.
   [Vectorized MCTS] Step 1610: 64 games active. Completed: 797/1000. Step time: 1930.0ms.
   [Vectorized MCTS] Step 1615: 64 games active. Completed: 800/1000. Step time: 1925.5ms.
   [Vectorized MCTS] Step 1620: 64 games active. Completed: 802/1000. Step time: 1922.4ms.
   [Vectorized MCTS] Step 1625: 64 games active. Completed: 807/1000. Step time: 1911.4ms.
   [Vectorized MCTS] Step 1630: 64 games active. Completed: 808/1000. Step time: 1913.1ms.
   [Vectorized MCTS] Step 1635: 64 games active. Completed: 812/1000. Step time: 1910.0ms.
   [Vectorized MCTS] Step 1640: 64 games active. Completed: 815/1000. Step time: 1903.9ms.
   [Vectorized MCTS] Step 1645: 64 games active. Completed: 819/1000. Step time: 1920.3ms.
   [Vectorized MCTS] Step 1650: 64 games active. Completed: 822/1000. Step time: 1914.9ms.
   [Vectorized MCTS] Step 1655: 64 games active. Completed: 826/1000. Step time: 1916.0ms.
   [Vectorized MCTS] Step 1660: 64 games active. Completed: 828/1000. Step time: 1921.3ms.
   [Vectorized MCTS] Step 1665: 64 games active. Completed: 830/1000. Step time: 1918.0ms.
   [Vectorized MCTS] Step 1670: 64 games active. Completed: 831/1000. Step time: 1932.6ms.
   [Vectorized MCTS] Step 1675: 64 games active. Completed: 833/1000. Step time: 1943.9ms.
   [Vectorized MCTS] Step 1680: 64 games active. Completed: 834/1000. Step time: 1927.7ms.
   [Vectorized MCTS] Step 1685: 64 games active. Completed: 836/1000. Step time: 1916.0ms.
   [Vectorized MCTS] Step 1690: 64 games active. Completed: 837/1000. Step time: 1904.9ms.
   [Vectorized MCTS] Step 1695: 64 games active. Completed: 838/1000. Step time: 1922.1ms.
   [Vectorized MCTS] Step 1700: 64 games active. Completed: 842/1000. Step time: 1900.4ms.
   [Vectorized MCTS] Step 1705: 64 games active. Completed: 843/1000. Step time: 1919.6ms.
   [Vectorized MCTS] Step 1710: 64 games active. Completed: 845/1000. Step time: 1919.9ms.
   [Vectorized MCTS] Step 1715: 64 games active. Completed: 847/1000. Step time: 1910.7ms.
   [Vectorized MCTS] Step 1720: 64 games active. Completed: 850/1000. Step time: 1917.0ms.
   [Vectorized MCTS] Step 1725: 64 games active. Completed: 851/1000. Step time: 1911.7ms.
   [Vectorized MCTS] Step 1730: 64 games active. Completed: 853/1000. Step time: 1914.0ms.
   [Vectorized MCTS] Step 1735: 64 games active. Completed: 856/1000. Step time: 1909.9ms.
   [Vectorized MCTS] Step 1740: 64 games active. Completed: 860/1000. Step time: 1912.8ms.
   [Vectorized MCTS] Step 1745: 64 games active. Completed: 862/1000. Step time: 1915.7ms.
   [Vectorized MCTS] Step 1750: 64 games active. Completed: 863/1000. Step time: 1931.1ms.
   [Vectorized MCTS] Step 1755: 64 games active. Completed: 865/1000. Step time: 1911.0ms.
   [Vectorized MCTS] Step 1760: 64 games active. Completed: 869/1000. Step time: 1911.3ms.
   [Vectorized MCTS] Step 1765: 64 games active. Completed: 871/1000. Step time: 1916.6ms.
   [Vectorized MCTS] Step 1770: 64 games active. Completed: 874/1000. Step time: 1905.9ms.
   [Vectorized MCTS] Step 1775: 64 games active. Completed: 878/1000. Step time: 1912.5ms.
   [Vectorized MCTS] Step 1780: 64 games active. Completed: 879/1000. Step time: 1919.3ms.
   [Vectorized MCTS] Step 1785: 64 games active. Completed: 883/1000. Step time: 1911.2ms.
   [Vectorized MCTS] Step 1790: 64 games active. Completed: 886/1000. Step time: 1916.6ms.
   [Vectorized MCTS] Step 1795: 64 games active. Completed: 888/1000. Step time: 1926.3ms.
   [Vectorized MCTS] Step 1800: 64 games active. Completed: 891/1000. Step time: 1909.7ms.
   [Vectorized MCTS] Step 1805: 64 games active. Completed: 894/1000. Step time: 1918.1ms.
   [Vectorized MCTS] Step 1810: 64 games active. Completed: 898/1000. Step time: 1915.7ms.
   [Vectorized MCTS] Step 1815: 64 games active. Completed: 900/1000. Step time: 1918.6ms.
   [Vectorized MCTS] Step 1820: 64 games active. Completed: 904/1000. Step time: 1920.4ms.
   [Vectorized MCTS] Step 1825: 64 games active. Completed: 908/1000. Step time: 1923.9ms.
   [Vectorized MCTS] Step 1830: 64 games active. Completed: 909/1000. Step time: 1891.1ms.
   [Vectorized MCTS] Step 1835: 64 games active. Completed: 912/1000. Step time: 1924.8ms.
   [Vectorized MCTS] Step 1840: 64 games active. Completed: 913/1000. Step time: 1916.8ms.
   [Vectorized MCTS] Step 1845: 64 games active. Completed: 917/1000. Step time: 1918.8ms.
   [Vectorized MCTS] Step 1850: 64 games active. Completed: 919/1000. Step time: 1918.8ms.
   [Vectorized MCTS] Step 1855: 64 games active. Completed: 920/1000. Step time: 1908.3ms.
   [Vectorized MCTS] Step 1860: 64 games active. Completed: 922/1000. Step time: 1923.5ms.
   [Vectorized MCTS] Step 1865: 64 games active. Completed: 923/1000. Step time: 1919.9ms.
   [Vectorized MCTS] Step 1870: 64 games active. Completed: 926/1000. Step time: 1921.8ms.
   [Vectorized MCTS] Step 1875: 64 games active. Completed: 929/1000. Step time: 1920.3ms.
   [Vectorized MCTS] Step 1880: 64 games active. Completed: 932/1000. Step time: 1918.5ms.
   [Vectorized MCTS] Step 1885: 64 games active. Completed: 934/1000. Step time: 1923.9ms.
   [Vectorized MCTS] Step 1890: 61 games active. Completed: 939/1000. Step time: 2024.2ms.
   [Vectorized MCTS] Step 1895: 60 games active. Completed: 940/1000. Step time: 1930.3ms.
   [Vectorized MCTS] Step 1900: 55 games active. Completed: 945/1000. Step time: 1791.5ms.
   [Vectorized MCTS] Step 1905: 52 games active. Completed: 948/1000. Step time: 1715.1ms.
   [Vectorized MCTS] Step 1910: 51 games active. Completed: 949/1000. Step time: 1703.7ms.
   [Vectorized MCTS] Step 1915: 46 games active. Completed: 954/1000. Step time: 1357.4ms.
   [Vectorized MCTS] Step 1920: 44 games active. Completed: 956/1000. Step time: 1275.7ms.
   [Vectorized MCTS] Step 1925: 43 games active. Completed: 957/1000. Step time: 1283.1ms.
   [Vectorized MCTS] Step 1930: 43 games active. Completed: 957/1000. Step time: 1223.1ms.
   [Vectorized MCTS] Step 1935: 39 games active. Completed: 961/1000. Step time: 1165.0ms.
   [Vectorized MCTS] Step 1940: 37 games active. Completed: 963/1000. Step time: 1082.0ms.
   [Vectorized MCTS] Step 1945: 35 games active. Completed: 965/1000. Step time: 1042.9ms.
   [Vectorized MCTS] Step 1950: 33 games active. Completed: 967/1000. Step time: 993.1ms.
   [Vectorized MCTS] Step 1955: 31 games active. Completed: 969/1000. Step time: 941.0ms.
   [Vectorized MCTS] Step 1960: 28 games active. Completed: 972/1000. Step time: 872.5ms.
   [Vectorized MCTS] Step 1965: 27 games active. Completed: 973/1000. Step time: 850.5ms.
   [Vectorized MCTS] Step 1970: 25 games active. Completed: 975/1000. Step time: 791.5ms.
   [Vectorized MCTS] Step 1975: 22 games active. Completed: 978/1000. Step time: 762.9ms.
   [Vectorized MCTS] Step 1980: 19 games active. Completed: 981/1000. Step time: 674.9ms.
   [Vectorized MCTS] Step 1985: 15 games active. Completed: 985/1000. Step time: 541.7ms.
   [Vectorized MCTS] Step 1990: 13 games active. Completed: 987/1000. Step time: 469.2ms.
   [Vectorized MCTS] Step 1995: 10 games active. Completed: 990/1000. Step time: 476.1ms.
   [Vectorized MCTS] Step 2000: 09 games active. Completed: 991/1000. Step time: 451.0ms.
   [Vectorized MCTS] Step 2005: 07 games active. Completed: 993/1000. Step time: 431.4ms.
   [Vectorized MCTS] Step 2010: 06 games active. Completed: 994/1000. Step time: 413.7ms.
   [Vectorized MCTS] Step 2015: 06 games active. Completed: 994/1000. Step time: 399.4ms.
   [Vectorized MCTS] Step 2020: 06 games active. Completed: 994/1000. Step time: 401.4ms.
   [Vectorized MCTS] Step 2025: 06 games active. Completed: 994/1000. Step time: 396.2ms.
   [Vectorized MCTS] Step 2030: 04 games active. Completed: 996/1000. Step time: 355.7ms.
   [Vectorized MCTS] Step 2035: 04 games active. Completed: 996/1000. Step time: 342.4ms.
   [Vectorized MCTS] Step 2040: 03 games active. Completed: 997/1000. Step time: 305.3ms.
   [Vectorized MCTS] Step 2045: 02 games active. Completed: 998/1000. Step time: 280.5ms.
   [Vectorized MCTS] Step 2049: 00 games active. Completed: 1000/1000. Step time: 278.7ms.

Collection completed in 3757.7 seconds (3.758s/game average).
