Starting self-play collection using /Users/nilbot/playground/autogo-mlx/experiments/001_train_from_scratch/checkpoints/iter3.safetensors
--> Progressive sims enabled. Iteration 3 -> 16 simulations.
Config: num-games=1000, simulations=16, workers=8
--> Starting pool-swapping selfplay for all 1000 games with max_active_games=64...
   [Vectorized MCTS] Step 001: 64 games active. Completed: 0/1000. Step time: 992.8ms.
   [Vectorized MCTS] Step 005: 64 games active. Completed: 0/1000. Step time: 981.4ms.
   [Vectorized MCTS] Step 010: 64 games active. Completed: 0/1000. Step time: 981.9ms.
   [Vectorized MCTS] Step 015: 64 games active. Completed: 0/1000. Step time: 978.4ms.
   [Vectorized MCTS] Step 020: 64 games active. Completed: 0/1000. Step time: 979.8ms.
   [Vectorized MCTS] Step 025: 64 games active. Completed: 0/1000. Step time: 975.2ms.
   [Vectorized MCTS] Step 030: 64 games active. Completed: 0/1000. Step time: 981.3ms.
   [Vectorized MCTS] Step 035: 64 games active. Completed: 1/1000. Step time: 975.3ms.
   [Vectorized MCTS] Step 040: 64 games active. Completed: 1/1000. Step time: 982.3ms.
   [Vectorized MCTS] Step 045: 64 games active. Completed: 1/1000. Step time: 965.0ms.
   [Vectorized MCTS] Step 050: 64 games active. Completed: 3/1000. Step time: 973.8ms.
   [Vectorized MCTS] Step 055: 64 games active. Completed: 5/1000. Step time: 972.3ms.
   [Vectorized MCTS] Step 060: 64 games active. Completed: 9/1000. Step time: 979.7ms.
   [Vectorized MCTS] Step 065: 64 games active. Completed: 10/1000. Step time: 983.7ms.
   [Vectorized MCTS] Step 070: 64 games active. Completed: 12/1000. Step time: 985.4ms.
   [Vectorized MCTS] Step 075: 64 games active. Completed: 12/1000. Step time: 981.7ms.
   [Vectorized MCTS] Step 080: 64 games active. Completed: 14/1000. Step time: 983.6ms.
   [Vectorized MCTS] Step 085: 64 games active. Completed: 16/1000. Step time: 982.3ms.
   [Vectorized MCTS] Step 090: 64 games active. Completed: 19/1000. Step time: 985.1ms.
   [Vectorized MCTS] Step 095: 64 games active. Completed: 19/1000. Step time: 986.4ms.
   [Vectorized MCTS] Step 100: 64 games active. Completed: 21/1000. Step time: 981.1ms.
   [Vectorized MCTS] Step 105: 64 games active. Completed: 24/1000. Step time: 982.9ms.
   [Vectorized MCTS] Step 110: 64 games active. Completed: 26/1000. Step time: 984.3ms.
   [Vectorized MCTS] Step 115: 64 games active. Completed: 28/1000. Step time: 975.3ms.
   [Vectorized MCTS] Step 120: 64 games active. Completed: 31/1000. Step time: 992.8ms.
   [Vectorized MCTS] Step 125: 64 games active. Completed: 33/1000. Step time: 979.8ms.
   [Vectorized MCTS] Step 130: 64 games active. Completed: 38/1000. Step time: 987.9ms.
   [Vectorized MCTS] Step 135: 64 games active. Completed: 39/1000. Step time: 980.5ms.
   [Vectorized MCTS] Step 140: 64 games active. Completed: 39/1000. Step time: 982.8ms.
   [Vectorized MCTS] Step 145: 64 games active. Completed: 40/1000. Step time: 987.5ms.
   [Vectorized MCTS] Step 150: 64 games active. Completed: 45/1000. Step time: 981.3ms.
   [Vectorized MCTS] Step 155: 64 games active. Completed: 46/1000. Step time: 974.9ms.
   [Vectorized MCTS] Step 160: 64 games active. Completed: 48/1000. Step time: 973.3ms.
   [Vectorized MCTS] Step 165: 64 games active. Completed: 72/1000. Step time: 975.3ms.
   [Vectorized MCTS] Step 170: 64 games active. Completed: 75/1000. Step time: 985.9ms.
   [Vectorized MCTS] Step 175: 64 games active. Completed: 78/1000. Step time: 981.3ms.
   [Vectorized MCTS] Step 180: 64 games active. Completed: 78/1000. Step time: 979.2ms.
   [Vectorized MCTS] Step 185: 64 games active. Completed: 79/1000. Step time: 1006.3ms.
   [Vectorized MCTS] Step 190: 64 games active. Completed: 82/1000. Step time: 981.9ms.
   [Vectorized MCTS] Step 195: 64 games active. Completed: 82/1000. Step time: 980.4ms.
   [Vectorized MCTS] Step 200: 64 games active. Completed: 83/1000. Step time: 977.2ms.
   [Vectorized MCTS] Step 205: 64 games active. Completed: 85/1000. Step time: 979.1ms.
   [Vectorized MCTS] Step 210: 64 games active. Completed: 89/1000. Step time: 991.3ms.
   [Vectorized MCTS] Step 215: 64 games active. Completed: 94/1000. Step time: 988.0ms.
   [Vectorized MCTS] Step 220: 64 games active. Completed: 96/1000. Step time: 983.8ms.
   [Vectorized MCTS] Step 225: 64 games active. Completed: 98/1000. Step time: 985.1ms.
   [Vectorized MCTS] Step 230: 64 games active. Completed: 100/1000. Step time: 983.8ms.
   [Vectorized MCTS] Step 235: 64 games active. Completed: 104/1000. Step time: 983.9ms.
   [Vectorized MCTS] Step 240: 64 games active. Completed: 108/1000. Step time: 980.2ms.
   [Vectorized MCTS] Step 245: 64 games active. Completed: 108/1000. Step time: 988.4ms.
   [Vectorized MCTS] Step 250: 64 games active. Completed: 111/1000. Step time: 977.0ms.
   [Vectorized MCTS] Step 255: 64 games active. Completed: 111/1000. Step time: 985.5ms.
   [Vectorized MCTS] Step 260: 64 games active. Completed: 115/1000. Step time: 981.1ms.
   [Vectorized MCTS] Step 265: 64 games active. Completed: 118/1000. Step time: 979.4ms.
   [Vectorized MCTS] Step 270: 64 games active. Completed: 121/1000. Step time: 976.2ms.
   [Vectorized MCTS] Step 275: 64 games active. Completed: 125/1000. Step time: 982.7ms.
   [Vectorized MCTS] Step 280: 64 games active. Completed: 131/1000. Step time: 980.9ms.
   [Vectorized MCTS] Step 285: 64 games active. Completed: 133/1000. Step time: 983.1ms.
   [Vectorized MCTS] Step 290: 64 games active. Completed: 134/1000. Step time: 986.0ms.
   [Vectorized MCTS] Step 295: 64 games active. Completed: 136/1000. Step time: 979.9ms.
   [Vectorized MCTS] Step 300: 64 games active. Completed: 136/1000. Step time: 986.3ms.
   [Vectorized MCTS] Step 305: 64 games active. Completed: 141/1000. Step time: 983.0ms.
   [Vectorized MCTS] Step 310: 64 games active. Completed: 145/1000. Step time: 979.5ms.
   [Vectorized MCTS] Step 315: 64 games active. Completed: 145/1000. Step time: 984.8ms.
   [Vectorized MCTS] Step 320: 64 games active. Completed: 148/1000. Step time: 975.6ms.
   [Vectorized MCTS] Step 325: 64 games active. Completed: 154/1000. Step time: 982.3ms.
   [Vectorized MCTS] Step 330: 64 games active. Completed: 156/1000. Step time: 981.6ms.
   [Vectorized MCTS] Step 335: 64 games active. Completed: 161/1000. Step time: 977.0ms.
   [Vectorized MCTS] Step 340: 64 games active. Completed: 163/1000. Step time: 980.3ms.
   [Vectorized MCTS] Step 345: 64 games active. Completed: 167/1000. Step time: 975.7ms.
   [Vectorized MCTS] Step 350: 64 games active. Completed: 171/1000. Step time: 977.2ms.
   [Vectorized MCTS] Step 355: 64 games active. Completed: 173/1000. Step time: 976.6ms.
   [Vectorized MCTS] Step 360: 64 games active. Completed: 178/1000. Step time: 982.2ms.
   [Vectorized MCTS] Step 365: 64 games active. Completed: 181/1000. Step time: 985.4ms.
   [Vectorized MCTS] Step 370: 64 games active. Completed: 183/1000. Step time: 992.6ms.
   [Vectorized MCTS] Step 375: 64 games active. Completed: 185/1000. Step time: 987.6ms.
   [Vectorized MCTS] Step 380: 64 games active. Completed: 187/1000. Step time: 994.1ms.
   [Vectorized MCTS] Step 385: 64 games active. Completed: 190/1000. Step time: 1009.9ms.
   [Vectorized MCTS] Step 390: 64 games active. Completed: 193/1000. Step time: 985.2ms.
   [Vectorized MCTS] Step 395: 64 games active. Completed: 195/1000. Step time: 978.4ms.
   [Vectorized MCTS] Step 400: 64 games active. Completed: 200/1000. Step time: 981.5ms.
   [Vectorized MCTS] Step 405: 64 games active. Completed: 203/1000. Step time: 985.9ms.
   [Vectorized MCTS] Step 410: 64 games active. Completed: 205/1000. Step time: 988.7ms.
   [Vectorized MCTS] Step 415: 64 games active. Completed: 209/1000. Step time: 975.8ms.
   [Vectorized MCTS] Step 420: 64 games active. Completed: 210/1000. Step time: 965.4ms.
   [Vectorized MCTS] Step 425: 64 games active. Completed: 215/1000. Step time: 980.7ms.
   [Vectorized MCTS] Step 430: 64 games active. Completed: 218/1000. Step time: 982.9ms.
   [Vectorized MCTS] Step 435: 64 games active. Completed: 220/1000. Step time: 984.1ms.
   [Vectorized MCTS] Step 440: 64 games active. Completed: 223/1000. Step time: 992.0ms.
   [Vectorized MCTS] Step 445: 64 games active. Completed: 229/1000. Step time: 987.3ms.
   [Vectorized MCTS] Step 450: 64 games active. Completed: 230/1000. Step time: 997.6ms.
   [Vectorized MCTS] Step 455: 64 games active. Completed: 233/1000. Step time: 988.5ms.
   [Vectorized MCTS] Step 460: 64 games active. Completed: 238/1000. Step time: 987.3ms.
   [Vectorized MCTS] Step 465: 64 games active. Completed: 242/1000. Step time: 983.4ms.
   [Vectorized MCTS] Step 470: 64 games active. Completed: 246/1000. Step time: 990.2ms.
   [Vectorized MCTS] Step 475: 64 games active. Completed: 248/1000. Step time: 982.3ms.
   [Vectorized MCTS] Step 480: 64 games active. Completed: 252/1000. Step time: 976.0ms.
   [Vectorized MCTS] Step 485: 64 games active. Completed: 255/1000. Step time: 980.8ms.
   [Vectorized MCTS] Step 490: 64 games active. Completed: 257/1000. Step time: 989.4ms.
   [Vectorized MCTS] Step 495: 64 games active. Completed: 261/1000. Step time: 991.8ms.
   [Vectorized MCTS] Step 500: 64 games active. Completed: 263/1000. Step time: 994.0ms.
   [Vectorized MCTS] Step 505: 64 games active. Completed: 266/1000. Step time: 988.9ms.
   [Vectorized MCTS] Step 510: 64 games active. Completed: 271/1000. Step time: 982.3ms.
   [Vectorized MCTS] Step 515: 64 games active. Completed: 272/1000. Step time: 977.5ms.
   [Vectorized MCTS] Step 520: 64 games active. Completed: 275/1000. Step time: 984.9ms.
   [Vectorized MCTS] Step 525: 64 games active. Completed: 278/1000. Step time: 982.3ms.
   [Vectorized MCTS] Step 530: 64 games active. Completed: 281/1000. Step time: 987.6ms.
   [Vectorized MCTS] Step 535: 64 games active. Completed: 284/1000. Step time: 982.5ms.
   [Vectorized MCTS] Step 540: 64 games active. Completed: 287/1000. Step time: 988.3ms.
   [Vectorized MCTS] Step 545: 64 games active. Completed: 291/1000. Step time: 986.5ms.
   [Vectorized MCTS] Step 550: 64 games active. Completed: 297/1000. Step time: 988.8ms.
   [Vectorized MCTS] Step 555: 64 games active. Completed: 300/1000. Step time: 988.8ms.
   [Vectorized MCTS] Step 560: 64 games active. Completed: 302/1000. Step time: 984.8ms.
   [Vectorized MCTS] Step 565: 64 games active. Completed: 305/1000. Step time: 986.6ms.
   [Vectorized MCTS] Step 570: 64 games active. Completed: 309/1000. Step time: 991.3ms.
   [Vectorized MCTS] Step 575: 64 games active. Completed: 310/1000. Step time: 984.5ms.
   [Vectorized MCTS] Step 580: 64 games active. Completed: 312/1000. Step time: 990.2ms.
   [Vectorized MCTS] Step 585: 64 games active. Completed: 313/1000. Step time: 983.9ms.
   [Vectorized MCTS] Step 590: 64 games active. Completed: 315/1000. Step time: 986.1ms.
   [Vectorized MCTS] Step 595: 64 games active. Completed: 316/1000. Step time: 980.3ms.
   [Vectorized MCTS] Step 600: 64 games active. Completed: 318/1000. Step time: 974.9ms.
   [Vectorized MCTS] Step 605: 64 games active. Completed: 320/1000. Step time: 982.4ms.
   [Vectorized MCTS] Step 610: 64 games active. Completed: 321/1000. Step time: 980.4ms.
   [Vectorized MCTS] Step 615: 64 games active. Completed: 322/1000. Step time: 990.0ms.
   [Vectorized MCTS] Step 620: 64 games active. Completed: 330/1000. Step time: 988.1ms.
   [Vectorized MCTS] Step 625: 64 games active. Completed: 333/1000. Step time: 988.4ms.
   [Vectorized MCTS] Step 630: 64 games active. Completed: 338/1000. Step time: 986.4ms.
   [Vectorized MCTS] Step 635: 64 games active. Completed: 340/1000. Step time: 987.3ms.
   [Vectorized MCTS] Step 640: 64 games active. Completed: 343/1000. Step time: 985.3ms.
   [Vectorized MCTS] Step 645: 64 games active. Completed: 344/1000. Step time: 1027.3ms.
   [Vectorized MCTS] Step 650: 64 games active. Completed: 347/1000. Step time: 988.5ms.
   [Vectorized MCTS] Step 655: 64 games active. Completed: 349/1000. Step time: 978.6ms.
   [Vectorized MCTS] Step 660: 64 games active. Completed: 352/1000. Step time: 986.8ms.
   [Vectorized MCTS] Step 665: 64 games active. Completed: 357/1000. Step time: 985.5ms.
   [Vectorized MCTS] Step 670: 64 games active. Completed: 361/1000. Step time: 985.1ms.
   [Vectorized MCTS] Step 675: 64 games active. Completed: 362/1000. Step time: 986.5ms.
   [Vectorized MCTS] Step 680: 64 games active. Completed: 364/1000. Step time: 991.6ms.
   [Vectorized MCTS] Step 685: 64 games active. Completed: 366/1000. Step time: 986.1ms.
   [Vectorized MCTS] Step 690: 64 games active. Completed: 369/1000. Step time: 987.6ms.
   [Vectorized MCTS] Step 695: 64 games active. Completed: 375/1000. Step time: 981.4ms.
   [Vectorized MCTS] Step 700: 64 games active. Completed: 379/1000. Step time: 987.5ms.
   [Vectorized MCTS] Step 705: 64 games active. Completed: 382/1000. Step time: 995.4ms.
   [Vectorized MCTS] Step 710: 64 games active. Completed: 385/1000. Step time: 978.2ms.
   [Vectorized MCTS] Step 715: 64 games active. Completed: 386/1000. Step time: 994.4ms.
   [Vectorized MCTS] Step 720: 64 games active. Completed: 387/1000. Step time: 983.0ms.
   [Vectorized MCTS] Step 725: 64 games active. Completed: 389/1000. Step time: 979.5ms.
   [Vectorized MCTS] Step 730: 64 games active. Completed: 393/1000. Step time: 980.8ms.
   [Vectorized MCTS] Step 735: 64 games active. Completed: 394/1000. Step time: 982.2ms.
   [Vectorized MCTS] Step 740: 64 games active. Completed: 396/1000. Step time: 983.6ms.
   [Vectorized MCTS] Step 745: 64 games active. Completed: 401/1000. Step time: 987.6ms.
   [Vectorized MCTS] Step 750: 64 games active. Completed: 403/1000. Step time: 987.7ms.
   [Vectorized MCTS] Step 755: 64 games active. Completed: 406/1000. Step time: 989.5ms.
   [Vectorized MCTS] Step 760: 64 games active. Completed: 410/1000. Step time: 985.4ms.
   [Vectorized MCTS] Step 765: 64 games active. Completed: 413/1000. Step time: 994.9ms.
   [Vectorized MCTS] Step 770: 64 games active. Completed: 415/1000. Step time: 983.7ms.
   [Vectorized MCTS] Step 775: 64 games active. Completed: 417/1000. Step time: 975.8ms.
   [Vectorized MCTS] Step 780: 64 games active. Completed: 420/1000. Step time: 984.4ms.
   [Vectorized MCTS] Step 785: 64 games active. Completed: 423/1000. Step time: 983.3ms.
   [Vectorized MCTS] Step 790: 64 games active. Completed: 426/1000. Step time: 982.2ms.
   [Vectorized MCTS] Step 795: 64 games active. Completed: 429/1000. Step time: 985.0ms.
   [Vectorized MCTS] Step 800: 64 games active. Completed: 432/1000. Step time: 980.9ms.
   [Vectorized MCTS] Step 805: 64 games active. Completed: 433/1000. Step time: 984.1ms.
   [Vectorized MCTS] Step 810: 64 games active. Completed: 435/1000. Step time: 984.7ms.
   [Vectorized MCTS] Step 815: 64 games active. Completed: 440/1000. Step time: 991.4ms.
   [Vectorized MCTS] Step 820: 64 games active. Completed: 443/1000. Step time: 985.7ms.
   [Vectorized MCTS] Step 825: 64 games active. Completed: 446/1000. Step time: 991.3ms.
   [Vectorized MCTS] Step 830: 64 games active. Completed: 452/1000. Step time: 982.8ms.
   [Vectorized MCTS] Step 835: 64 games active. Completed: 454/1000. Step time: 991.2ms.
   [Vectorized MCTS] Step 840: 64 games active. Completed: 455/1000. Step time: 982.9ms.
   [Vectorized MCTS] Step 845: 64 games active. Completed: 456/1000. Step time: 984.4ms.
   [Vectorized MCTS] Step 850: 64 games active. Completed: 458/1000. Step time: 977.9ms.
   [Vectorized MCTS] Step 855: 64 games active. Completed: 463/1000. Step time: 976.2ms.
   [Vectorized MCTS] Step 860: 64 games active. Completed: 468/1000. Step time: 983.5ms.
   [Vectorized MCTS] Step 865: 64 games active. Completed: 472/1000. Step time: 987.1ms.
   [Vectorized MCTS] Step 870: 64 games active. Completed: 474/1000. Step time: 987.1ms.
   [Vectorized MCTS] Step 875: 64 games active. Completed: 480/1000. Step time: 985.7ms.
   [Vectorized MCTS] Step 880: 64 games active. Completed: 482/1000. Step time: 985.8ms.
   [Vectorized MCTS] Step 885: 64 games active. Completed: 484/1000. Step time: 991.2ms.
   [Vectorized MCTS] Step 890: 64 games active. Completed: 485/1000. Step time: 989.3ms.
   [Vectorized MCTS] Step 895: 64 games active. Completed: 489/1000. Step time: 988.8ms.
   [Vectorized MCTS] Step 900: 64 games active. Completed: 493/1000. Step time: 988.4ms.
   [Vectorized MCTS] Step 905: 64 games active. Completed: 495/1000. Step time: 986.6ms.
   [Vectorized MCTS] Step 910: 64 games active. Completed: 500/1000. Step time: 991.9ms.
   [Vectorized MCTS] Step 915: 64 games active. Completed: 503/1000. Step time: 985.1ms.
   [Vectorized MCTS] Step 920: 64 games active. Completed: 506/1000. Step time: 986.9ms.
   [Vectorized MCTS] Step 925: 64 games active. Completed: 508/1000. Step time: 980.6ms.
   [Vectorized MCTS] Step 930: 64 games active. Completed: 512/1000. Step time: 981.3ms.
   [Vectorized MCTS] Step 935: 64 games active. Completed: 515/1000. Step time: 987.0ms.
   [Vectorized MCTS] Step 940: 64 games active. Completed: 516/1000. Step time: 979.6ms.
   [Vectorized MCTS] Step 945: 64 games active. Completed: 519/1000. Step time: 983.4ms.
   [Vectorized MCTS] Step 950: 64 games active. Completed: 521/1000. Step time: 990.0ms.
   [Vectorized MCTS] Step 955: 64 games active. Completed: 525/1000. Step time: 986.7ms.
   [Vectorized MCTS] Step 960: 64 games active. Completed: 529/1000. Step time: 985.5ms.
   [Vectorized MCTS] Step 965: 64 games active. Completed: 530/1000. Step time: 987.8ms.
   [Vectorized MCTS] Step 970: 64 games active. Completed: 531/1000. Step time: 982.5ms.
   [Vectorized MCTS] Step 975: 64 games active. Completed: 532/1000. Step time: 1010.8ms.
   [Vectorized MCTS] Step 980: 64 games active. Completed: 535/1000. Step time: 988.1ms.
   [Vectorized MCTS] Step 985: 64 games active. Completed: 536/1000. Step time: 981.3ms.
   [Vectorized MCTS] Step 990: 64 games active. Completed: 536/1000. Step time: 974.3ms.
   [Vectorized MCTS] Step 995: 64 games active. Completed: 541/1000. Step time: 982.7ms.
   [Vectorized MCTS] Step 1000: 64 games active. Completed: 545/1000. Step time: 985.5ms.
   [Vectorized MCTS] Step 1005: 64 games active. Completed: 546/1000. Step time: 980.3ms.
   [Vectorized MCTS] Step 1010: 64 games active. Completed: 550/1000. Step time: 986.3ms.
   [Vectorized MCTS] Step 1015: 64 games active. Completed: 552/1000. Step time: 986.5ms.
   [Vectorized MCTS] Step 1020: 64 games active. Completed: 556/1000. Step time: 986.1ms.
   [Vectorized MCTS] Step 1025: 64 games active. Completed: 557/1000. Step time: 993.4ms.
   [Vectorized MCTS] Step 1030: 64 games active. Completed: 559/1000. Step time: 988.9ms.
   [Vectorized MCTS] Step 1035: 64 games active. Completed: 563/1000. Step time: 993.6ms.
   [Vectorized MCTS] Step 1040: 64 games active. Completed: 568/1000. Step time: 1016.8ms.
   [Vectorized MCTS] Step 1045: 64 games active. Completed: 571/1000. Step time: 986.8ms.
   [Vectorized MCTS] Step 1050: 64 games active. Completed: 574/1000. Step time: 987.8ms.
   [Vectorized MCTS] Step 1055: 64 games active. Completed: 579/1000. Step time: 969.4ms.
   [Vectorized MCTS] Step 1060: 64 games active. Completed: 581/1000. Step time: 973.6ms.
   [Vectorized MCTS] Step 1065: 64 games active. Completed: 585/1000. Step time: 989.4ms.
   [Vectorized MCTS] Step 1070: 64 games active. Completed: 588/1000. Step time: 976.0ms.
   [Vectorized MCTS] Step 1075: 64 games active. Completed: 592/1000. Step time: 981.3ms.
   [Vectorized MCTS] Step 1080: 64 games active. Completed: 594/1000. Step time: 975.4ms.
   [Vectorized MCTS] Step 1085: 64 games active. Completed: 597/1000. Step time: 983.9ms.
   [Vectorized MCTS] Step 1090: 64 games active. Completed: 599/1000. Step time: 988.9ms.
   [Vectorized MCTS] Step 1095: 64 games active. Completed: 604/1000. Step time: 989.7ms.
   [Vectorized MCTS] Step 1100: 64 games active. Completed: 607/1000. Step time: 988.9ms.
   [Vectorized MCTS] Step 1105: 64 games active. Completed: 609/1000. Step time: 982.3ms.
   [Vectorized MCTS] Step 1110: 64 games active. Completed: 614/1000. Step time: 984.7ms.
   [Vectorized MCTS] Step 1115: 64 games active. Completed: 614/1000. Step time: 980.9ms.
   [Vectorized MCTS] Step 1120: 64 games active. Completed: 620/1000. Step time: 981.4ms.
   [Vectorized MCTS] Step 1125: 64 games active. Completed: 622/1000. Step time: 977.2ms.
   [Vectorized MCTS] Step 1130: 64 games active. Completed: 625/1000. Step time: 973.5ms.
   [Vectorized MCTS] Step 1135: 64 games active. Completed: 626/1000. Step time: 981.2ms.
   [Vectorized MCTS] Step 1140: 64 games active. Completed: 627/1000. Step time: 977.9ms.
   [Vectorized MCTS] Step 1145: 64 games active. Completed: 629/1000. Step time: 987.2ms.
   [Vectorized MCTS] Step 1150: 64 games active. Completed: 633/1000. Step time: 987.3ms.
   [Vectorized MCTS] Step 1155: 64 games active. Completed: 635/1000. Step time: 991.5ms.
   [Vectorized MCTS] Step 1160: 64 games active. Completed: 639/1000. Step time: 993.4ms.
   [Vectorized MCTS] Step 1165: 64 games active. Completed: 639/1000. Step time: 1006.2ms.
   [Vectorized MCTS] Step 1170: 64 games active. Completed: 641/1000. Step time: 985.7ms.
   [Vectorized MCTS] Step 1175: 64 games active. Completed: 646/1000. Step time: 987.0ms.
   [Vectorized MCTS] Step 1180: 64 games active. Completed: 647/1000. Step time: 983.0ms.
   [Vectorized MCTS] Step 1185: 64 games active. Completed: 653/1000. Step time: 979.7ms.
   [Vectorized MCTS] Step 1190: 64 games active. Completed: 657/1000. Step time: 972.1ms.
   [Vectorized MCTS] Step 1195: 64 games active. Completed: 660/1000. Step time: 976.3ms.
   [Vectorized MCTS] Step 1200: 64 games active. Completed: 664/1000. Step time: 980.9ms.
   [Vectorized MCTS] Step 1205: 64 games active. Completed: 669/1000. Step time: 991.4ms.
   [Vectorized MCTS] Step 1210: 64 games active. Completed: 673/1000. Step time: 985.8ms.
   [Vectorized MCTS] Step 1215: 64 games active. Completed: 677/1000. Step time: 975.8ms.
   [Vectorized MCTS] Step 1220: 64 games active. Completed: 680/1000. Step time: 987.1ms.
   [Vectorized MCTS] Step 1225: 64 games active. Completed: 681/1000. Step time: 984.7ms.
   [Vectorized MCTS] Step 1230: 64 games active. Completed: 683/1000. Step time: 977.1ms.
   [Vectorized MCTS] Step 1235: 64 games active. Completed: 688/1000. Step time: 990.6ms.
   [Vectorized MCTS] Step 1240: 64 games active. Completed: 694/1000. Step time: 986.1ms.
   [Vectorized MCTS] Step 1245: 64 games active. Completed: 696/1000. Step time: 985.5ms.
   [Vectorized MCTS] Step 1250: 64 games active. Completed: 699/1000. Step time: 980.8ms.
   [Vectorized MCTS] Step 1255: 64 games active. Completed: 702/1000. Step time: 975.1ms.
   [Vectorized MCTS] Step 1260: 64 games active. Completed: 706/1000. Step time: 982.5ms.
   [Vectorized MCTS] Step 1265: 64 games active. Completed: 709/1000. Step time: 978.0ms.
   [Vectorized MCTS] Step 1270: 64 games active. Completed: 709/1000. Step time: 977.8ms.
   [Vectorized MCTS] Step 1275: 64 games active. Completed: 712/1000. Step time: 979.3ms.
   [Vectorized MCTS] Step 1280: 64 games active. Completed: 712/1000. Step time: 982.8ms.
   [Vectorized MCTS] Step 1285: 64 games active. Completed: 714/1000. Step time: 978.7ms.
   [Vectorized MCTS] Step 1290: 64 games active. Completed: 716/1000. Step time: 985.8ms.
   [Vectorized MCTS] Step 1295: 64 games active. Completed: 718/1000. Step time: 987.6ms.
   [Vectorized MCTS] Step 1300: 64 games active. Completed: 720/1000. Step time: 988.3ms.
   [Vectorized MCTS] Step 1305: 64 games active. Completed: 724/1000. Step time: 983.6ms.
   [Vectorized MCTS] Step 1310: 64 games active. Completed: 725/1000. Step time: 988.7ms.
   [Vectorized MCTS] Step 1315: 64 games active. Completed: 730/1000. Step time: 986.5ms.
   [Vectorized MCTS] Step 1320: 64 games active. Completed: 736/1000. Step time: 986.4ms.
   [Vectorized MCTS] Step 1325: 64 games active. Completed: 737/1000. Step time: 983.5ms.
   [Vectorized MCTS] Step 1330: 64 games active. Completed: 739/1000. Step time: 982.1ms.
   [Vectorized MCTS] Step 1335: 64 games active. Completed: 742/1000. Step time: 981.7ms.
   [Vectorized MCTS] Step 1340: 64 games active. Completed: 746/1000. Step time: 975.5ms.
   [Vectorized MCTS] Step 1345: 64 games active. Completed: 749/1000. Step time: 980.8ms.
   [Vectorized MCTS] Step 1350: 64 games active. Completed: 756/1000. Step time: 979.7ms.
   [Vectorized MCTS] Step 1355: 64 games active. Completed: 756/1000. Step time: 976.7ms.
   [Vectorized MCTS] Step 1360: 64 games active. Completed: 759/1000. Step time: 984.8ms.
   [Vectorized MCTS] Step 1365: 64 games active. Completed: 759/1000. Step time: 986.0ms.
   [Vectorized MCTS] Step 1370: 64 games active. Completed: 768/1000. Step time: 982.4ms.
   [Vectorized MCTS] Step 1375: 64 games active. Completed: 768/1000. Step time: 987.4ms.
   [Vectorized MCTS] Step 1380: 64 games active. Completed: 772/1000. Step time: 985.9ms.
   [Vectorized MCTS] Step 1385: 64 games active. Completed: 773/1000. Step time: 986.5ms.
   [Vectorized MCTS] Step 1390: 64 games active. Completed: 773/1000. Step time: 984.6ms.
   [Vectorized MCTS] Step 1395: 64 games active. Completed: 777/1000. Step time: 988.1ms.
   [Vectorized MCTS] Step 1400: 64 games active. Completed: 783/1000. Step time: 985.3ms.
   [Vectorized MCTS] Step 1405: 64 games active. Completed: 785/1000. Step time: 990.5ms.
   [Vectorized MCTS] Step 1410: 64 games active. Completed: 786/1000. Step time: 994.0ms.
   [Vectorized MCTS] Step 1415: 64 games active. Completed: 786/1000. Step time: 981.8ms.
   [Vectorized MCTS] Step 1420: 64 games active. Completed: 789/1000. Step time: 979.9ms.
   [Vectorized MCTS] Step 1425: 64 games active. Completed: 793/1000. Step time: 999.5ms.
   [Vectorized MCTS] Step 1430: 64 games active. Completed: 799/1000. Step time: 977.9ms.
   [Vectorized MCTS] Step 1435: 64 games active. Completed: 803/1000. Step time: 990.5ms.
   [Vectorized MCTS] Step 1440: 64 games active. Completed: 805/1000. Step time: 983.3ms.
   [Vectorized MCTS] Step 1445: 64 games active. Completed: 807/1000. Step time: 991.4ms.
   [Vectorized MCTS] Step 1450: 64 games active. Completed: 812/1000. Step time: 989.8ms.
   [Vectorized MCTS] Step 1455: 64 games active. Completed: 817/1000. Step time: 991.2ms.
   [Vectorized MCTS] Step 1460: 64 games active. Completed: 820/1000. Step time: 983.6ms.
   [Vectorized MCTS] Step 1465: 64 games active. Completed: 821/1000. Step time: 982.5ms.
   [Vectorized MCTS] Step 1470: 64 games active. Completed: 823/1000. Step time: 974.3ms.
   [Vectorized MCTS] Step 1475: 64 games active. Completed: 826/1000. Step time: 975.1ms.
   [Vectorized MCTS] Step 1480: 64 games active. Completed: 828/1000. Step time: 981.0ms.
   [Vectorized MCTS] Step 1485: 64 games active. Completed: 833/1000. Step time: 977.5ms.
   [Vectorized MCTS] Step 1490: 64 games active. Completed: 835/1000. Step time: 974.2ms.
   [Vectorized MCTS] Step 1495: 64 games active. Completed: 837/1000. Step time: 979.9ms.
   [Vectorized MCTS] Step 1500: 64 games active. Completed: 840/1000. Step time: 985.8ms.
   [Vectorized MCTS] Step 1505: 64 games active. Completed: 842/1000. Step time: 997.4ms.
   [Vectorized MCTS] Step 1510: 64 games active. Completed: 845/1000. Step time: 984.7ms.
   [Vectorized MCTS] Step 1515: 64 games active. Completed: 845/1000. Step time: 992.9ms.
   [Vectorized MCTS] Step 1520: 64 games active. Completed: 850/1000. Step time: 990.4ms.
   [Vectorized MCTS] Step 1525: 64 games active. Completed: 852/1000. Step time: 988.1ms.
   [Vectorized MCTS] Step 1530: 64 games active. Completed: 853/1000. Step time: 994.4ms.
   [Vectorized MCTS] Step 1535: 64 games active. Completed: 856/1000. Step time: 985.9ms.
   [Vectorized MCTS] Step 1540: 64 games active. Completed: 863/1000. Step time: 985.7ms.
   [Vectorized MCTS] Step 1545: 64 games active. Completed: 865/1000. Step time: 974.0ms.
   [Vectorized MCTS] Step 1550: 64 games active. Completed: 869/1000. Step time: 981.4ms.
   [Vectorized MCTS] Step 1555: 64 games active. Completed: 871/1000. Step time: 970.1ms.
   [Vectorized MCTS] Step 1560: 64 games active. Completed: 876/1000. Step time: 985.3ms.
   [Vectorized MCTS] Step 1565: 64 games active. Completed: 877/1000. Step time: 990.5ms.
   [Vectorized MCTS] Step 1570: 64 games active. Completed: 879/1000. Step time: 975.3ms.
   [Vectorized MCTS] Step 1575: 64 games active. Completed: 882/1000. Step time: 987.7ms.
   [Vectorized MCTS] Step 1580: 64 games active. Completed: 882/1000. Step time: 983.4ms.
   [Vectorized MCTS] Step 1585: 64 games active. Completed: 886/1000. Step time: 979.9ms.
   [Vectorized MCTS] Step 1590: 64 games active. Completed: 888/1000. Step time: 980.8ms.
   [Vectorized MCTS] Step 1595: 64 games active. Completed: 893/1000. Step time: 981.4ms.
   [Vectorized MCTS] Step 1600: 64 games active. Completed: 897/1000. Step time: 983.6ms.
   [Vectorized MCTS] Step 1605: 64 games active. Completed: 898/1000. Step time: 977.2ms.
   [Vectorized MCTS] Step 1610: 64 games active. Completed: 899/1000. Step time: 992.6ms.
   [Vectorized MCTS] Step 1615: 64 games active. Completed: 904/1000. Step time: 972.8ms.
   [Vectorized MCTS] Step 1620: 64 games active. Completed: 910/1000. Step time: 983.5ms.
   [Vectorized MCTS] Step 1625: 64 games active. Completed: 912/1000. Step time: 981.1ms.
   [Vectorized MCTS] Step 1630: 64 games active. Completed: 913/1000. Step time: 983.9ms.
   [Vectorized MCTS] Step 1635: 64 games active. Completed: 918/1000. Step time: 973.1ms.
   [Vectorized MCTS] Step 1640: 64 games active. Completed: 919/1000. Step time: 985.3ms.
   [Vectorized MCTS] Step 1645: 64 games active. Completed: 920/1000. Step time: 990.1ms.
   [Vectorized MCTS] Step 1650: 64 games active. Completed: 925/1000. Step time: 1003.8ms.
   [Vectorized MCTS] Step 1655: 64 games active. Completed: 929/1000. Step time: 989.2ms.
   [Vectorized MCTS] Step 1660: 64 games active. Completed: 932/1000. Step time: 989.0ms.
   [Vectorized MCTS] Step 1665: 64 games active. Completed: 933/1000. Step time: 983.4ms.
   [Vectorized MCTS] Step 1670: 64 games active. Completed: 935/1000. Step time: 1003.4ms.
   [Vectorized MCTS] Step 1675: 64 games active. Completed: 936/1000. Step time: 981.4ms.
   [Vectorized MCTS] Step 1680: 62 games active. Completed: 938/1000. Step time: 1025.5ms.
   [Vectorized MCTS] Step 1685: 58 games active. Completed: 942/1000. Step time: 955.3ms.
   [Vectorized MCTS] Step 1690: 54 games active. Completed: 946/1000. Step time: 904.8ms.
   [Vectorized MCTS] Step 1695: 50 games active. Completed: 950/1000. Step time: 712.8ms.
   [Vectorized MCTS] Step 1700: 49 games active. Completed: 951/1000. Step time: 693.9ms.
   [Vectorized MCTS] Step 1705: 49 games active. Completed: 951/1000. Step time: 707.2ms.
   [Vectorized MCTS] Step 1710: 47 games active. Completed: 953/1000. Step time: 712.7ms.
   [Vectorized MCTS] Step 1715: 46 games active. Completed: 954/1000. Step time: 667.9ms.
   [Vectorized MCTS] Step 1720: 42 games active. Completed: 958/1000. Step time: 652.6ms.
   [Vectorized MCTS] Step 1725: 40 games active. Completed: 960/1000. Step time: 600.2ms.
   [Vectorized MCTS] Step 1730: 35 games active. Completed: 965/1000. Step time: 553.5ms.
   [Vectorized MCTS] Step 1735: 29 games active. Completed: 971/1000. Step time: 488.1ms.
   [Vectorized MCTS] Step 1740: 29 games active. Completed: 971/1000. Step time: 460.6ms.
   [Vectorized MCTS] Step 1745: 24 games active. Completed: 976/1000. Step time: 394.1ms.
   [Vectorized MCTS] Step 1750: 20 games active. Completed: 980/1000. Step time: 349.4ms.
   [Vectorized MCTS] Step 1755: 19 games active. Completed: 981/1000. Step time: 326.6ms.
   [Vectorized MCTS] Step 1760: 17 games active. Completed: 983/1000. Step time: 286.5ms.
   [Vectorized MCTS] Step 1765: 16 games active. Completed: 984/1000. Step time: 289.4ms.
   [Vectorized MCTS] Step 1770: 16 games active. Completed: 984/1000. Step time: 281.8ms.
   [Vectorized MCTS] Step 1775: 13 games active. Completed: 987/1000. Step time: 263.4ms.
   [Vectorized MCTS] Step 1780: 13 games active. Completed: 987/1000. Step time: 244.3ms.
   [Vectorized MCTS] Step 1785: 10 games active. Completed: 990/1000. Step time: 237.4ms.
   [Vectorized MCTS] Step 1790: 09 games active. Completed: 991/1000. Step time: 224.3ms.
   [Vectorized MCTS] Step 1795: 08 games active. Completed: 992/1000. Step time: 222.5ms.
   [Vectorized MCTS] Step 1800: 07 games active. Completed: 993/1000. Step time: 199.9ms.
   [Vectorized MCTS] Step 1805: 05 games active. Completed: 995/1000. Step time: 198.3ms.
   [Vectorized MCTS] Step 1810: 05 games active. Completed: 995/1000. Step time: 192.9ms.
   [Vectorized MCTS] Step 1815: 05 games active. Completed: 995/1000. Step time: 184.9ms.
   [Vectorized MCTS] Step 1820: 03 games active. Completed: 997/1000. Step time: 157.6ms.
   [Vectorized MCTS] Step 1825: 02 games active. Completed: 998/1000. Step time: 151.4ms.
   [Vectorized MCTS] Step 1830: 01 games active. Completed: 999/1000. Step time: 131.6ms.
   [Vectorized MCTS] Step 1831: 00 games active. Completed: 1000/1000. Step time: 129.3ms.

Collection completed in 1716.7 seconds (1.717s/game average).
