Starting self-play collection using /Users/nilbot/playground/autogo-mlx/experiments/001_train_from_scratch/checkpoints/iter8.safetensors
--> Progressive sims enabled. Iteration 8 -> 64 simulations.
Config: num-games=1000, simulations=64, workers=8
--> Starting pool-swapping selfplay for all 1000 games with max_active_games=64...
   [Vectorized MCTS] Step 001: 64 games active. Completed: 0/1000. Step time: 3705.4ms.
   [Vectorized MCTS] Step 005: 64 games active. Completed: 0/1000. Step time: 3720.4ms.
   [Vectorized MCTS] Step 010: 64 games active. Completed: 0/1000. Step time: 3728.6ms.
   [Vectorized MCTS] Step 015: 64 games active. Completed: 0/1000. Step time: 3726.7ms.
   [Vectorized MCTS] Step 020: 64 games active. Completed: 0/1000. Step time: 3731.3ms.
   [Vectorized MCTS] Step 025: 64 games active. Completed: 0/1000. Step time: 3766.0ms.
   [Vectorized MCTS] Step 030: 64 games active. Completed: 0/1000. Step time: 3743.4ms.
   [Vectorized MCTS] Step 035: 64 games active. Completed: 0/1000. Step time: 3754.8ms.
   [Vectorized MCTS] Step 040: 64 games active. Completed: 0/1000. Step time: 3742.1ms.
   [Vectorized MCTS] Step 045: 64 games active. Completed: 0/1000. Step time: 3748.5ms.
   [Vectorized MCTS] Step 050: 64 games active. Completed: 1/1000. Step time: 3749.9ms.
   [Vectorized MCTS] Step 055: 64 games active. Completed: 2/1000. Step time: 3776.0ms.
   [Vectorized MCTS] Step 060: 64 games active. Completed: 3/1000. Step time: 3766.9ms.
   [Vectorized MCTS] Step 065: 64 games active. Completed: 4/1000. Step time: 3731.7ms.
   [Vectorized MCTS] Step 070: 64 games active. Completed: 5/1000. Step time: 3732.6ms.
   [Vectorized MCTS] Step 075: 64 games active. Completed: 6/1000. Step time: 3753.6ms.
   [Vectorized MCTS] Step 080: 64 games active. Completed: 7/1000. Step time: 3769.1ms.
   [Vectorized MCTS] Step 085: 64 games active. Completed: 7/1000. Step time: 3778.9ms.
   [Vectorized MCTS] Step 090: 64 games active. Completed: 7/1000. Step time: 3752.6ms.
   [Vectorized MCTS] Step 095: 64 games active. Completed: 7/1000. Step time: 3794.0ms.
   [Vectorized MCTS] Step 100: 64 games active. Completed: 8/1000. Step time: 3785.8ms.
   [Vectorized MCTS] Step 105: 64 games active. Completed: 8/1000. Step time: 3779.8ms.
   [Vectorized MCTS] Step 110: 64 games active. Completed: 9/1000. Step time: 3755.7ms.
   [Vectorized MCTS] Step 115: 64 games active. Completed: 9/1000. Step time: 3783.7ms.
   [Vectorized MCTS] Step 120: 64 games active. Completed: 12/1000. Step time: 3756.7ms.
   [Vectorized MCTS] Step 125: 64 games active. Completed: 13/1000. Step time: 3769.6ms.
   [Vectorized MCTS] Step 130: 64 games active. Completed: 15/1000. Step time: 3743.2ms.
   [Vectorized MCTS] Step 135: 64 games active. Completed: 15/1000. Step time: 3744.5ms.
   [Vectorized MCTS] Step 140: 64 games active. Completed: 15/1000. Step time: 3742.9ms.
   [Vectorized MCTS] Step 145: 64 games active. Completed: 15/1000. Step time: 3727.4ms.
   [Vectorized MCTS] Step 150: 64 games active. Completed: 15/1000. Step time: 3702.7ms.
   [Vectorized MCTS] Step 155: 64 games active. Completed: 17/1000. Step time: 3694.4ms.
   [Vectorized MCTS] Step 160: 64 games active. Completed: 28/1000. Step time: 3663.2ms.
   [Vectorized MCTS] Step 165: 64 games active. Completed: 65/1000. Step time: 3745.5ms.
   [Vectorized MCTS] Step 170: 64 games active. Completed: 67/1000. Step time: 3775.5ms.
   [Vectorized MCTS] Step 175: 64 games active. Completed: 67/1000. Step time: 3742.8ms.
   [Vectorized MCTS] Step 180: 64 games active. Completed: 68/1000. Step time: 3767.0ms.
   [Vectorized MCTS] Step 185: 64 games active. Completed: 68/1000. Step time: 3758.6ms.
   [Vectorized MCTS] Step 190: 64 games active. Completed: 68/1000. Step time: 3796.6ms.
   [Vectorized MCTS] Step 195: 64 games active. Completed: 68/1000. Step time: 3755.8ms.
   [Vectorized MCTS] Step 200: 64 games active. Completed: 68/1000. Step time: 3781.9ms.
   [Vectorized MCTS] Step 205: 64 games active. Completed: 68/1000. Step time: 3796.8ms.
   [Vectorized MCTS] Step 210: 64 games active. Completed: 69/1000. Step time: 3786.6ms.
   [Vectorized MCTS] Step 215: 64 games active. Completed: 70/1000. Step time: 3775.9ms.
   [Vectorized MCTS] Step 220: 64 games active. Completed: 71/1000. Step time: 3781.9ms.
   [Vectorized MCTS] Step 225: 64 games active. Completed: 71/1000. Step time: 3754.9ms.
   [Vectorized MCTS] Step 230: 64 games active. Completed: 72/1000. Step time: 3793.1ms.
   [Vectorized MCTS] Step 235: 64 games active. Completed: 73/1000. Step time: 3790.7ms.
   [Vectorized MCTS] Step 240: 64 games active. Completed: 75/1000. Step time: 3792.2ms.
   [Vectorized MCTS] Step 245: 64 games active. Completed: 77/1000. Step time: 3793.4ms.
   [Vectorized MCTS] Step 250: 64 games active. Completed: 78/1000. Step time: 3804.6ms.
   [Vectorized MCTS] Step 255: 64 games active. Completed: 80/1000. Step time: 3791.1ms.
   [Vectorized MCTS] Step 260: 64 games active. Completed: 80/1000. Step time: 3796.9ms.
   [Vectorized MCTS] Step 265: 64 games active. Completed: 81/1000. Step time: 3803.1ms.
   [Vectorized MCTS] Step 270: 64 games active. Completed: 82/1000. Step time: 3791.2ms.
   [Vectorized MCTS] Step 275: 64 games active. Completed: 84/1000. Step time: 3799.1ms.
   [Vectorized MCTS] Step 280: 64 games active. Completed: 86/1000. Step time: 3825.6ms.
   [Vectorized MCTS] Step 285: 64 games active. Completed: 88/1000. Step time: 3788.0ms.
   [Vectorized MCTS] Step 290: 64 games active. Completed: 91/1000. Step time: 3802.7ms.
   [Vectorized MCTS] Step 295: 64 games active. Completed: 93/1000. Step time: 3768.9ms.
   [Vectorized MCTS] Step 300: 64 games active. Completed: 93/1000. Step time: 3786.9ms.
   [Vectorized MCTS] Step 305: 64 games active. Completed: 93/1000. Step time: 3764.3ms.
   [Vectorized MCTS] Step 310: 64 games active. Completed: 93/1000. Step time: 3721.4ms.
   [Vectorized MCTS] Step 315: 64 games active. Completed: 95/1000. Step time: 3732.2ms.
   [Vectorized MCTS] Step 320: 64 games active. Completed: 100/1000. Step time: 3708.7ms.
   [Vectorized MCTS] Step 325: 64 games active. Completed: 133/1000. Step time: 3776.1ms.
   [Vectorized MCTS] Step 330: 64 games active. Completed: 134/1000. Step time: 3775.2ms.
   [Vectorized MCTS] Step 335: 64 games active. Completed: 135/1000. Step time: 3781.1ms.
   [Vectorized MCTS] Step 340: 64 games active. Completed: 136/1000. Step time: 3781.8ms.
   [Vectorized MCTS] Step 345: 64 games active. Completed: 136/1000. Step time: 3785.6ms.
   [Vectorized MCTS] Step 350: 64 games active. Completed: 136/1000. Step time: 3799.5ms.
   [Vectorized MCTS] Step 355: 64 games active. Completed: 137/1000. Step time: 3778.4ms.
   [Vectorized MCTS] Step 360: 64 games active. Completed: 138/1000. Step time: 3799.9ms.
   [Vectorized MCTS] Step 365: 64 games active. Completed: 138/1000. Step time: 3791.4ms.
   [Vectorized MCTS] Step 370: 64 games active. Completed: 139/1000. Step time: 3812.7ms.
   [Vectorized MCTS] Step 375: 64 games active. Completed: 140/1000. Step time: 3774.9ms.
   [Vectorized MCTS] Step 380: 64 games active. Completed: 142/1000. Step time: 3814.1ms.
   [Vectorized MCTS] Step 385: 64 games active. Completed: 142/1000. Step time: 3789.1ms.
   [Vectorized MCTS] Step 390: 64 games active. Completed: 143/1000. Step time: 3807.7ms.
   [Vectorized MCTS] Step 395: 64 games active. Completed: 145/1000. Step time: 3777.3ms.
   [Vectorized MCTS] Step 400: 64 games active. Completed: 147/1000. Step time: 3787.6ms.
   [Vectorized MCTS] Step 405: 64 games active. Completed: 148/1000. Step time: 3792.4ms.
   [Vectorized MCTS] Step 410: 64 games active. Completed: 151/1000. Step time: 3788.9ms.
   [Vectorized MCTS] Step 415: 64 games active. Completed: 152/1000. Step time: 3812.9ms.
   [Vectorized MCTS] Step 420: 64 games active. Completed: 155/1000. Step time: 3832.0ms.
   [Vectorized MCTS] Step 425: 64 games active. Completed: 157/1000. Step time: 3775.2ms.
   [Vectorized MCTS] Step 430: 64 games active. Completed: 158/1000. Step time: 3817.0ms.
   [Vectorized MCTS] Step 435: 64 games active. Completed: 161/1000. Step time: 3776.4ms.
   [Vectorized MCTS] Step 440: 64 games active. Completed: 163/1000. Step time: 3784.4ms.
   [Vectorized MCTS] Step 445: 64 games active. Completed: 164/1000. Step time: 3776.2ms.
   [Vectorized MCTS] Step 450: 64 games active. Completed: 169/1000. Step time: 3776.9ms.
   [Vectorized MCTS] Step 455: 64 games active. Completed: 171/1000. Step time: 3774.7ms.
   [Vectorized MCTS] Step 460: 64 games active. Completed: 172/1000. Step time: 3787.1ms.
   [Vectorized MCTS] Step 465: 64 games active. Completed: 172/1000. Step time: 3765.4ms.
   [Vectorized MCTS] Step 470: 64 games active. Completed: 172/1000. Step time: 3769.8ms.
   [Vectorized MCTS] Step 475: 64 games active. Completed: 172/1000. Step time: 3764.4ms.
   [Vectorized MCTS] Step 480: 64 games active. Completed: 178/1000. Step time: 3768.0ms.
   [Vectorized MCTS] Step 485: 64 games active. Completed: 197/1000. Step time: 3756.8ms.
   [Vectorized MCTS] Step 490: 64 games active. Completed: 201/1000. Step time: 3767.2ms.
   [Vectorized MCTS] Step 495: 64 games active. Completed: 203/1000. Step time: 3782.8ms.
   [Vectorized MCTS] Step 500: 64 games active. Completed: 203/1000. Step time: 3775.4ms.
   [Vectorized MCTS] Step 505: 64 games active. Completed: 203/1000. Step time: 3769.6ms.
   [Vectorized MCTS] Step 510: 64 games active. Completed: 204/1000. Step time: 3786.1ms.
   [Vectorized MCTS] Step 515: 64 games active. Completed: 204/1000. Step time: 3789.1ms.
   [Vectorized MCTS] Step 520: 64 games active. Completed: 206/1000. Step time: 3809.2ms.
   [Vectorized MCTS] Step 525: 64 games active. Completed: 207/1000. Step time: 3770.8ms.
   [Vectorized MCTS] Step 530: 64 games active. Completed: 210/1000. Step time: 3765.9ms.
   [Vectorized MCTS] Step 535: 64 games active. Completed: 210/1000. Step time: 3764.1ms.
   [Vectorized MCTS] Step 540: 64 games active. Completed: 213/1000. Step time: 3779.9ms.
   [Vectorized MCTS] Step 545: 64 games active. Completed: 213/1000. Step time: 3776.1ms.
   [Vectorized MCTS] Step 550: 64 games active. Completed: 215/1000. Step time: 3808.4ms.
   [Vectorized MCTS] Step 555: 64 games active. Completed: 217/1000. Step time: 3772.5ms.
   [Vectorized MCTS] Step 560: 64 games active. Completed: 218/1000. Step time: 3817.2ms.
   [Vectorized MCTS] Step 565: 64 games active. Completed: 219/1000. Step time: 3772.8ms.
   [Vectorized MCTS] Step 570: 64 games active. Completed: 221/1000. Step time: 3804.5ms.
   [Vectorized MCTS] Step 575: 64 games active. Completed: 224/1000. Step time: 3769.4ms.
   [Vectorized MCTS] Step 580: 64 games active. Completed: 226/1000. Step time: 3791.4ms.
   [Vectorized MCTS] Step 585: 64 games active. Completed: 227/1000. Step time: 3764.3ms.
   [Vectorized MCTS] Step 590: 64 games active. Completed: 229/1000. Step time: 3781.9ms.
   [Vectorized MCTS] Step 595: 64 games active. Completed: 231/1000. Step time: 3768.4ms.
   [Vectorized MCTS] Step 600: 64 games active. Completed: 235/1000. Step time: 3766.3ms.
   [Vectorized MCTS] Step 605: 64 games active. Completed: 237/1000. Step time: 3769.7ms.
   [Vectorized MCTS] Step 610: 64 games active. Completed: 242/1000. Step time: 3782.7ms.
   [Vectorized MCTS] Step 615: 64 games active. Completed: 242/1000. Step time: 3766.2ms.
   [Vectorized MCTS] Step 620: 64 games active. Completed: 247/1000. Step time: 3775.3ms.
   [Vectorized MCTS] Step 625: 64 games active. Completed: 247/1000. Step time: 3757.0ms.
   [Vectorized MCTS] Step 630: 64 games active. Completed: 248/1000. Step time: 3773.3ms.
   [Vectorized MCTS] Step 635: 64 games active. Completed: 248/1000. Step time: 3753.6ms.
   [Vectorized MCTS] Step 640: 64 games active. Completed: 253/1000. Step time: 3743.7ms.
   [Vectorized MCTS] Step 645: 64 games active. Completed: 262/1000. Step time: 3747.4ms.
   [Vectorized MCTS] Step 650: 64 games active. Completed: 272/1000. Step time: 3763.3ms.
   [Vectorized MCTS] Step 655: 64 games active. Completed: 274/1000. Step time: 3761.2ms.
   [Vectorized MCTS] Step 660: 64 games active. Completed: 275/1000. Step time: 3750.3ms.
   [Vectorized MCTS] Step 665: 64 games active. Completed: 275/1000. Step time: 3776.4ms.
   [Vectorized MCTS] Step 670: 64 games active. Completed: 275/1000. Step time: 3741.9ms.
   [Vectorized MCTS] Step 675: 64 games active. Completed: 276/1000. Step time: 3758.4ms.
   [Vectorized MCTS] Step 680: 64 games active. Completed: 278/1000. Step time: 3765.9ms.
   [Vectorized MCTS] Step 685: 64 games active. Completed: 279/1000. Step time: 3762.1ms.
   [Vectorized MCTS] Step 690: 64 games active. Completed: 280/1000. Step time: 3767.6ms.
   [Vectorized MCTS] Step 695: 64 games active. Completed: 282/1000. Step time: 3765.3ms.
   [Vectorized MCTS] Step 700: 64 games active. Completed: 285/1000. Step time: 3745.6ms.
   [Vectorized MCTS] Step 705: 64 games active. Completed: 287/1000. Step time: 3769.2ms.
   [Vectorized MCTS] Step 710: 64 games active. Completed: 288/1000. Step time: 3765.7ms.
   [Vectorized MCTS] Step 715: 64 games active. Completed: 290/1000. Step time: 3764.1ms.
   [Vectorized MCTS] Step 720: 64 games active. Completed: 291/1000. Step time: 3750.9ms.
   [Vectorized MCTS] Step 725: 64 games active. Completed: 291/1000. Step time: 3767.8ms.
   [Vectorized MCTS] Step 730: 64 games active. Completed: 292/1000. Step time: 3771.2ms.
   [Vectorized MCTS] Step 735: 64 games active. Completed: 296/1000. Step time: 3775.0ms.
   [Vectorized MCTS] Step 740: 64 games active. Completed: 299/1000. Step time: 3757.8ms.
   [Vectorized MCTS] Step 745: 64 games active. Completed: 300/1000. Step time: 3757.1ms.
   [Vectorized MCTS] Step 750: 64 games active. Completed: 301/1000. Step time: 3750.9ms.
   [Vectorized MCTS] Step 755: 64 games active. Completed: 302/1000. Step time: 3757.2ms.
   [Vectorized MCTS] Step 760: 64 games active. Completed: 306/1000. Step time: 3752.9ms.
   [Vectorized MCTS] Step 765: 64 games active. Completed: 308/1000. Step time: 3764.7ms.
   [Vectorized MCTS] Step 770: 64 games active. Completed: 311/1000. Step time: 3756.1ms.
   [Vectorized MCTS] Step 775: 64 games active. Completed: 312/1000. Step time: 3762.3ms.
   [Vectorized MCTS] Step 780: 64 games active. Completed: 316/1000. Step time: 3762.9ms.
   [Vectorized MCTS] Step 785: 64 games active. Completed: 317/1000. Step time: 3758.5ms.
   [Vectorized MCTS] Step 790: 64 games active. Completed: 318/1000. Step time: 3751.5ms.
   [Vectorized MCTS] Step 795: 64 games active. Completed: 319/1000. Step time: 3748.5ms.
   [Vectorized MCTS] Step 800: 64 games active. Completed: 320/1000. Step time: 3759.6ms.
   [Vectorized MCTS] Step 805: 64 games active. Completed: 324/1000. Step time: 3753.0ms.
   [Vectorized MCTS] Step 810: 64 games active. Completed: 339/1000. Step time: 3776.6ms.
   [Vectorized MCTS] Step 815: 64 games active. Completed: 340/1000. Step time: 3773.8ms.
   [Vectorized MCTS] Step 820: 64 games active. Completed: 341/1000. Step time: 3771.6ms.
   [Vectorized MCTS] Step 825: 64 games active. Completed: 342/1000. Step time: 3768.6ms.
   [Vectorized MCTS] Step 830: 64 games active. Completed: 344/1000. Step time: 3736.6ms.
   [Vectorized MCTS] Step 835: 64 games active. Completed: 345/1000. Step time: 3772.6ms.
   [Vectorized MCTS] Step 840: 64 games active. Completed: 346/1000. Step time: 3759.7ms.
   [Vectorized MCTS] Step 845: 64 games active. Completed: 350/1000. Step time: 3755.3ms.
   [Vectorized MCTS] Step 850: 64 games active. Completed: 350/1000. Step time: 3769.6ms.
   [Vectorized MCTS] Step 855: 64 games active. Completed: 355/1000. Step time: 3770.8ms.
   [Vectorized MCTS] Step 860: 64 games active. Completed: 356/1000. Step time: 3762.6ms.
   [Vectorized MCTS] Step 865: 64 games active. Completed: 360/1000. Step time: 3768.9ms.
   [Vectorized MCTS] Step 870: 64 games active. Completed: 360/1000. Step time: 3745.4ms.
   [Vectorized MCTS] Step 875: 64 games active. Completed: 362/1000. Step time: 3778.4ms.
   [Vectorized MCTS] Step 880: 64 games active. Completed: 363/1000. Step time: 3759.7ms.
   [Vectorized MCTS] Step 885: 64 games active. Completed: 363/1000. Step time: 3792.4ms.
   [Vectorized MCTS] Step 890: 64 games active. Completed: 364/1000. Step time: 3760.4ms.
   [Vectorized MCTS] Step 895: 64 games active. Completed: 367/1000. Step time: 3795.9ms.
   [Vectorized MCTS] Step 900: 64 games active. Completed: 371/1000. Step time: 3762.3ms.
   [Vectorized MCTS] Step 905: 64 games active. Completed: 372/1000. Step time: 3765.6ms.
   [Vectorized MCTS] Step 910: 64 games active. Completed: 373/1000. Step time: 3753.6ms.
   [Vectorized MCTS] Step 915: 64 games active. Completed: 374/1000. Step time: 3757.3ms.
   [Vectorized MCTS] Step 920: 64 games active. Completed: 378/1000. Step time: 3761.0ms.
   [Vectorized MCTS] Step 925: 64 games active. Completed: 379/1000. Step time: 3757.1ms.
   [Vectorized MCTS] Step 930: 64 games active. Completed: 381/1000. Step time: 3747.8ms.
   [Vectorized MCTS] Step 935: 64 games active. Completed: 383/1000. Step time: 3736.6ms.
   [Vectorized MCTS] Step 940: 64 games active. Completed: 385/1000. Step time: 3756.6ms.
   [Vectorized MCTS] Step 945: 64 games active. Completed: 388/1000. Step time: 3752.8ms.
   [Vectorized MCTS] Step 950: 64 games active. Completed: 390/1000. Step time: 3751.3ms.
   [Vectorized MCTS] Step 955: 64 games active. Completed: 392/1000. Step time: 3748.1ms.
   [Vectorized MCTS] Step 960: 64 games active. Completed: 394/1000. Step time: 3746.7ms.
   [Vectorized MCTS] Step 965: 64 games active. Completed: 396/1000. Step time: 3741.2ms.
   [Vectorized MCTS] Step 970: 64 games active. Completed: 404/1000. Step time: 3734.0ms.
   [Vectorized MCTS] Step 975: 64 games active. Completed: 408/1000. Step time: 3753.1ms.
   [Vectorized MCTS] Step 980: 64 games active. Completed: 409/1000. Step time: 3754.1ms.
   [Vectorized MCTS] Step 985: 64 games active. Completed: 411/1000. Step time: 3754.3ms.
   [Vectorized MCTS] Step 990: 64 games active. Completed: 414/1000. Step time: 3728.1ms.
   [Vectorized MCTS] Step 995: 64 games active. Completed: 416/1000. Step time: 3741.6ms.
   [Vectorized MCTS] Step 1000: 64 games active. Completed: 417/1000. Step time: 3741.4ms.
   [Vectorized MCTS] Step 1005: 64 games active. Completed: 419/1000. Step time: 3763.2ms.
   [Vectorized MCTS] Step 1010: 64 games active. Completed: 421/1000. Step time: 3758.6ms.
   [Vectorized MCTS] Step 1015: 64 games active. Completed: 426/1000. Step time: 3754.9ms.
   [Vectorized MCTS] Step 1020: 64 games active. Completed: 430/1000. Step time: 3763.7ms.
   [Vectorized MCTS] Step 1025: 64 games active. Completed: 436/1000. Step time: 3769.5ms.
   [Vectorized MCTS] Step 1030: 64 games active. Completed: 437/1000. Step time: 3764.9ms.
   [Vectorized MCTS] Step 1035: 64 games active. Completed: 438/1000. Step time: 3759.5ms.
   [Vectorized MCTS] Step 1040: 64 games active. Completed: 438/1000. Step time: 3764.0ms.
   [Vectorized MCTS] Step 1045: 64 games active. Completed: 440/1000. Step time: 3760.2ms.
   [Vectorized MCTS] Step 1050: 64 games active. Completed: 441/1000. Step time: 3760.1ms.
   [Vectorized MCTS] Step 1055: 64 games active. Completed: 444/1000. Step time: 3766.7ms.
   [Vectorized MCTS] Step 1060: 64 games active. Completed: 446/1000. Step time: 3765.5ms.
   [Vectorized MCTS] Step 1065: 64 games active. Completed: 449/1000. Step time: 3752.3ms.
   [Vectorized MCTS] Step 1070: 64 games active. Completed: 450/1000. Step time: 3756.5ms.
   [Vectorized MCTS] Step 1075: 64 games active. Completed: 452/1000. Step time: 3772.2ms.
   [Vectorized MCTS] Step 1080: 64 games active. Completed: 454/1000. Step time: 3739.3ms.
   [Vectorized MCTS] Step 1085: 64 games active. Completed: 457/1000. Step time: 3745.4ms.
   [Vectorized MCTS] Step 1090: 64 games active. Completed: 457/1000. Step time: 3773.5ms.
   [Vectorized MCTS] Step 1095: 64 games active. Completed: 459/1000. Step time: 3754.3ms.
   [Vectorized MCTS] Step 1100: 64 games active. Completed: 461/1000. Step time: 3748.7ms.
   [Vectorized MCTS] Step 1105: 64 games active. Completed: 463/1000. Step time: 3752.9ms.
   [Vectorized MCTS] Step 1110: 64 games active. Completed: 466/1000. Step time: 3765.8ms.
   [Vectorized MCTS] Step 1115: 64 games active. Completed: 467/1000. Step time: 3746.0ms.
   [Vectorized MCTS] Step 1120: 64 games active. Completed: 470/1000. Step time: 3736.2ms.
   [Vectorized MCTS] Step 1125: 64 games active. Completed: 473/1000. Step time: 3739.9ms.
   [Vectorized MCTS] Step 1130: 64 games active. Completed: 477/1000. Step time: 3732.3ms.
   [Vectorized MCTS] Step 1135: 64 games active. Completed: 482/1000. Step time: 3760.0ms.
   [Vectorized MCTS] Step 1140: 64 games active. Completed: 484/1000. Step time: 3746.4ms.
   [Vectorized MCTS] Step 1145: 64 games active. Completed: 486/1000. Step time: 3749.5ms.
   [Vectorized MCTS] Step 1150: 64 games active. Completed: 487/1000. Step time: 3760.8ms.
   [Vectorized MCTS] Step 1155: 64 games active. Completed: 489/1000. Step time: 3779.0ms.
   [Vectorized MCTS] Step 1160: 64 games active. Completed: 489/1000. Step time: 3770.5ms.
   [Vectorized MCTS] Step 1165: 64 games active. Completed: 491/1000. Step time: 3765.8ms.
   [Vectorized MCTS] Step 1170: 64 games active. Completed: 494/1000. Step time: 3787.6ms.
   [Vectorized MCTS] Step 1175: 64 games active. Completed: 499/1000. Step time: 3772.5ms.
   [Vectorized MCTS] Step 1180: 64 games active. Completed: 505/1000. Step time: 3762.3ms.
   [Vectorized MCTS] Step 1185: 64 games active. Completed: 507/1000. Step time: 3770.0ms.
   [Vectorized MCTS] Step 1190: 64 games active. Completed: 509/1000. Step time: 3782.2ms.
   [Vectorized MCTS] Step 1195: 64 games active. Completed: 510/1000. Step time: 3779.7ms.
   [Vectorized MCTS] Step 1200: 64 games active. Completed: 511/1000. Step time: 3784.6ms.
   [Vectorized MCTS] Step 1205: 64 games active. Completed: 512/1000. Step time: 3779.8ms.
   [Vectorized MCTS] Step 1210: 64 games active. Completed: 512/1000. Step time: 3791.6ms.
   [Vectorized MCTS] Step 1215: 64 games active. Completed: 514/1000. Step time: 3780.5ms.
   [Vectorized MCTS] Step 1220: 64 games active. Completed: 515/1000. Step time: 3774.7ms.
   [Vectorized MCTS] Step 1225: 64 games active. Completed: 518/1000. Step time: 3783.6ms.
   [Vectorized MCTS] Step 1230: 64 games active. Completed: 522/1000. Step time: 3787.6ms.
   [Vectorized MCTS] Step 1235: 64 games active. Completed: 524/1000. Step time: 3775.5ms.
   [Vectorized MCTS] Step 1240: 64 games active. Completed: 530/1000. Step time: 3771.1ms.
   [Vectorized MCTS] Step 1245: 64 games active. Completed: 534/1000. Step time: 3762.3ms.
   [Vectorized MCTS] Step 1250: 64 games active. Completed: 535/1000. Step time: 3784.2ms.
   [Vectorized MCTS] Step 1255: 64 games active. Completed: 537/1000. Step time: 3790.4ms.
   [Vectorized MCTS] Step 1260: 64 games active. Completed: 540/1000. Step time: 3780.1ms.
   [Vectorized MCTS] Step 1265: 64 games active. Completed: 543/1000. Step time: 3787.2ms.
   [Vectorized MCTS] Step 1270: 64 games active. Completed: 545/1000. Step time: 3778.7ms.
   [Vectorized MCTS] Step 1275: 64 games active. Completed: 546/1000. Step time: 3780.4ms.
   [Vectorized MCTS] Step 1280: 64 games active. Completed: 547/1000. Step time: 3817.7ms.
   [Vectorized MCTS] Step 1285: 64 games active. Completed: 548/1000. Step time: 3802.1ms.
   [Vectorized MCTS] Step 1290: 64 games active. Completed: 551/1000. Step time: 3777.2ms.
   [Vectorized MCTS] Step 1295: 64 games active. Completed: 554/1000. Step time: 3775.1ms.
   [Vectorized MCTS] Step 1300: 64 games active. Completed: 557/1000. Step time: 3786.7ms.
   [Vectorized MCTS] Step 1305: 64 games active. Completed: 557/1000. Step time: 3773.8ms.
   [Vectorized MCTS] Step 1310: 64 games active. Completed: 560/1000. Step time: 3765.9ms.
   [Vectorized MCTS] Step 1315: 64 games active. Completed: 562/1000. Step time: 3775.6ms.
   [Vectorized MCTS] Step 1320: 64 games active. Completed: 563/1000. Step time: 3778.4ms.
   [Vectorized MCTS] Step 1325: 64 games active. Completed: 563/1000. Step time: 3785.9ms.
   [Vectorized MCTS] Step 1330: 64 games active. Completed: 568/1000. Step time: 3789.3ms.
   [Vectorized MCTS] Step 1335: 64 games active. Completed: 573/1000. Step time: 3770.5ms.
   [Vectorized MCTS] Step 1340: 64 games active. Completed: 574/1000. Step time: 3752.0ms.
   [Vectorized MCTS] Step 1345: 64 games active. Completed: 578/1000. Step time: 3783.6ms.
   [Vectorized MCTS] Step 1350: 64 games active. Completed: 579/1000. Step time: 3771.4ms.
   [Vectorized MCTS] Step 1355: 64 games active. Completed: 581/1000. Step time: 3786.0ms.
   [Vectorized MCTS] Step 1360: 64 games active. Completed: 583/1000. Step time: 3793.4ms.
   [Vectorized MCTS] Step 1365: 64 games active. Completed: 584/1000. Step time: 3773.9ms.
   [Vectorized MCTS] Step 1370: 64 games active. Completed: 585/1000. Step time: 3784.8ms.
   [Vectorized MCTS] Step 1375: 64 games active. Completed: 586/1000. Step time: 3778.7ms.
   [Vectorized MCTS] Step 1380: 64 games active. Completed: 587/1000. Step time: 3803.8ms.
   [Vectorized MCTS] Step 1385: 64 games active. Completed: 589/1000. Step time: 3770.9ms.
   [Vectorized MCTS] Step 1390: 64 games active. Completed: 591/1000. Step time: 3779.2ms.
   [Vectorized MCTS] Step 1395: 64 games active. Completed: 596/1000. Step time: 3776.5ms.
   [Vectorized MCTS] Step 1400: 64 games active. Completed: 600/1000. Step time: 3777.0ms.
   [Vectorized MCTS] Step 1405: 64 games active. Completed: 604/1000. Step time: 3770.6ms.
   [Vectorized MCTS] Step 1410: 64 games active. Completed: 604/1000. Step time: 3767.9ms.
   [Vectorized MCTS] Step 1415: 64 games active. Completed: 608/1000. Step time: 3777.0ms.
   [Vectorized MCTS] Step 1420: 64 games active. Completed: 611/1000. Step time: 3761.9ms.
   [Vectorized MCTS] Step 1425: 64 games active. Completed: 612/1000. Step time: 3755.4ms.
   [Vectorized MCTS] Step 1430: 64 games active. Completed: 613/1000. Step time: 3761.1ms.
   [Vectorized MCTS] Step 1435: 64 games active. Completed: 616/1000. Step time: 3751.6ms.
   [Vectorized MCTS] Step 1440: 64 games active. Completed: 618/1000. Step time: 3773.6ms.
   [Vectorized MCTS] Step 1445: 64 games active. Completed: 618/1000. Step time: 3753.9ms.
   [Vectorized MCTS] Step 1450: 64 games active. Completed: 621/1000. Step time: 3763.7ms.
   [Vectorized MCTS] Step 1455: 64 games active. Completed: 624/1000. Step time: 3778.7ms.
   [Vectorized MCTS] Step 1460: 64 games active. Completed: 627/1000. Step time: 3764.4ms.
   [Vectorized MCTS] Step 1465: 64 games active. Completed: 628/1000. Step time: 3761.0ms.
   [Vectorized MCTS] Step 1470: 64 games active. Completed: 632/1000. Step time: 3774.8ms.
   [Vectorized MCTS] Step 1475: 64 games active. Completed: 632/1000. Step time: 3768.5ms.
   [Vectorized MCTS] Step 1480: 64 games active. Completed: 634/1000. Step time: 3781.3ms.
   [Vectorized MCTS] Step 1485: 64 games active. Completed: 635/1000. Step time: 3765.0ms.
   [Vectorized MCTS] Step 1490: 64 games active. Completed: 639/1000. Step time: 3771.3ms.
   [Vectorized MCTS] Step 1495: 64 games active. Completed: 641/1000. Step time: 3780.8ms.
   [Vectorized MCTS] Step 1500: 64 games active. Completed: 644/1000. Step time: 3772.6ms.
   [Vectorized MCTS] Step 1505: 64 games active. Completed: 647/1000. Step time: 3771.1ms.
   [Vectorized MCTS] Step 1510: 64 games active. Completed: 650/1000. Step time: 3775.3ms.
   [Vectorized MCTS] Step 1515: 64 games active. Completed: 652/1000. Step time: 3776.7ms.
   [Vectorized MCTS] Step 1520: 64 games active. Completed: 655/1000. Step time: 3758.6ms.
   [Vectorized MCTS] Step 1525: 64 games active. Completed: 657/1000. Step time: 3776.7ms.
   [Vectorized MCTS] Step 1530: 64 games active. Completed: 658/1000. Step time: 3777.0ms.
   [Vectorized MCTS] Step 1535: 64 games active. Completed: 660/1000. Step time: 3754.3ms.
   [Vectorized MCTS] Step 1540: 64 games active. Completed: 660/1000. Step time: 3783.5ms.
   [Vectorized MCTS] Step 1545: 64 games active. Completed: 662/1000. Step time: 3761.4ms.
   [Vectorized MCTS] Step 1550: 64 games active. Completed: 663/1000. Step time: 3791.5ms.
   [Vectorized MCTS] Step 1555: 64 games active. Completed: 667/1000. Step time: 3779.1ms.
   [Vectorized MCTS] Step 1560: 64 games active. Completed: 669/1000. Step time: 3772.9ms.
   [Vectorized MCTS] Step 1565: 64 games active. Completed: 674/1000. Step time: 3757.7ms.
   [Vectorized MCTS] Step 1570: 64 games active. Completed: 675/1000. Step time: 3776.6ms.
   [Vectorized MCTS] Step 1575: 64 games active. Completed: 678/1000. Step time: 3765.7ms.
   [Vectorized MCTS] Step 1580: 64 games active. Completed: 680/1000. Step time: 3772.0ms.
   [Vectorized MCTS] Step 1585: 64 games active. Completed: 681/1000. Step time: 3758.3ms.
   [Vectorized MCTS] Step 1590: 64 games active. Completed: 682/1000. Step time: 3768.1ms.
   [Vectorized MCTS] Step 1595: 64 games active. Completed: 686/1000. Step time: 3755.3ms.
   [Vectorized MCTS] Step 1600: 64 games active. Completed: 689/1000. Step time: 3755.7ms.
   [Vectorized MCTS] Step 1605: 64 games active. Completed: 690/1000. Step time: 3756.7ms.
   [Vectorized MCTS] Step 1610: 64 games active. Completed: 692/1000. Step time: 3770.6ms.
   [Vectorized MCTS] Step 1615: 64 games active. Completed: 695/1000. Step time: 3752.7ms.
   [Vectorized MCTS] Step 1620: 64 games active. Completed: 701/1000. Step time: 3764.5ms.
   [Vectorized MCTS] Step 1625: 64 games active. Completed: 702/1000. Step time: 3760.2ms.
   [Vectorized MCTS] Step 1630: 64 games active. Completed: 705/1000. Step time: 3768.6ms.
   [Vectorized MCTS] Step 1635: 64 games active. Completed: 706/1000. Step time: 3766.1ms.
   [Vectorized MCTS] Step 1640: 64 games active. Completed: 708/1000. Step time: 3770.6ms.
   [Vectorized MCTS] Step 1645: 64 games active. Completed: 711/1000. Step time: 3779.9ms.
   [Vectorized MCTS] Step 1650: 64 games active. Completed: 714/1000. Step time: 3762.3ms.
   [Vectorized MCTS] Step 1655: 64 games active. Completed: 717/1000. Step time: 3778.2ms.
   [Vectorized MCTS] Step 1660: 64 games active. Completed: 719/1000. Step time: 3771.8ms.
   [Vectorized MCTS] Step 1665: 64 games active. Completed: 724/1000. Step time: 3774.6ms.
   [Vectorized MCTS] Step 1670: 64 games active. Completed: 725/1000. Step time: 3740.9ms.
   [Vectorized MCTS] Step 1675: 64 games active. Completed: 727/1000. Step time: 3770.8ms.
   [Vectorized MCTS] Step 1680: 64 games active. Completed: 729/1000. Step time: 3777.4ms.
   [Vectorized MCTS] Step 1685: 64 games active. Completed: 731/1000. Step time: 3758.5ms.
   [Vectorized MCTS] Step 1690: 64 games active. Completed: 733/1000. Step time: 3754.1ms.
   [Vectorized MCTS] Step 1695: 64 games active. Completed: 734/1000. Step time: 3787.0ms.
   [Vectorized MCTS] Step 1700: 64 games active. Completed: 734/1000. Step time: 3766.8ms.
   [Vectorized MCTS] Step 1705: 64 games active. Completed: 735/1000. Step time: 3815.7ms.
   [Vectorized MCTS] Step 1710: 64 games active. Completed: 735/1000. Step time: 3749.5ms.
   [Vectorized MCTS] Step 1715: 64 games active. Completed: 738/1000. Step time: 3771.7ms.
   [Vectorized MCTS] Step 1720: 64 games active. Completed: 741/1000. Step time: 3773.8ms.
   [Vectorized MCTS] Step 1725: 64 games active. Completed: 745/1000. Step time: 3790.6ms.
   [Vectorized MCTS] Step 1730: 64 games active. Completed: 746/1000. Step time: 3764.1ms.
   [Vectorized MCTS] Step 1735: 64 games active. Completed: 749/1000. Step time: 3795.7ms.
   [Vectorized MCTS] Step 1740: 64 games active. Completed: 750/1000. Step time: 3755.9ms.
   [Vectorized MCTS] Step 1745: 64 games active. Completed: 751/1000. Step time: 3782.4ms.
   [Vectorized MCTS] Step 1750: 64 games active. Completed: 752/1000. Step time: 3769.1ms.
   [Vectorized MCTS] Step 1755: 64 games active. Completed: 755/1000. Step time: 3779.4ms.
   [Vectorized MCTS] Step 1760: 64 games active. Completed: 758/1000. Step time: 3765.4ms.
   [Vectorized MCTS] Step 1765: 64 games active. Completed: 758/1000. Step time: 3764.0ms.
   [Vectorized MCTS] Step 1770: 64 games active. Completed: 760/1000. Step time: 3752.5ms.
   [Vectorized MCTS] Step 1775: 64 games active. Completed: 762/1000. Step time: 3764.9ms.
   [Vectorized MCTS] Step 1780: 64 games active. Completed: 766/1000. Step time: 3755.4ms.
   [Vectorized MCTS] Step 1785: 64 games active. Completed: 769/1000. Step time: 3776.3ms.
   [Vectorized MCTS] Step 1790: 64 games active. Completed: 772/1000. Step time: 3771.4ms.
   [Vectorized MCTS] Step 1795: 64 games active. Completed: 773/1000. Step time: 3761.7ms.
   [Vectorized MCTS] Step 1800: 64 games active. Completed: 774/1000. Step time: 3766.1ms.
   [Vectorized MCTS] Step 1805: 64 games active. Completed: 777/1000. Step time: 3740.3ms.
   [Vectorized MCTS] Step 1810: 64 games active. Completed: 782/1000. Step time: 3767.0ms.
   [Vectorized MCTS] Step 1815: 64 games active. Completed: 782/1000. Step time: 3766.4ms.
   [Vectorized MCTS] Step 1820: 64 games active. Completed: 785/1000. Step time: 3754.2ms.
   [Vectorized MCTS] Step 1825: 64 games active. Completed: 793/1000. Step time: 3775.5ms.
   [Vectorized MCTS] Step 1830: 64 games active. Completed: 795/1000. Step time: 3759.7ms.
   [Vectorized MCTS] Step 1835: 64 games active. Completed: 797/1000. Step time: 3768.9ms.
   [Vectorized MCTS] Step 1840: 64 games active. Completed: 799/1000. Step time: 3755.4ms.
   [Vectorized MCTS] Step 1845: 64 games active. Completed: 800/1000. Step time: 3769.1ms.
   [Vectorized MCTS] Step 1850: 64 games active. Completed: 801/1000. Step time: 3763.7ms.
   [Vectorized MCTS] Step 1855: 64 games active. Completed: 803/1000. Step time: 3763.7ms.
   [Vectorized MCTS] Step 1860: 64 games active. Completed: 804/1000. Step time: 3767.5ms.
   [Vectorized MCTS] Step 1865: 64 games active. Completed: 804/1000. Step time: 3768.6ms.
   [Vectorized MCTS] Step 1870: 64 games active. Completed: 806/1000. Step time: 3770.2ms.
   [Vectorized MCTS] Step 1875: 64 games active. Completed: 806/1000. Step time: 3758.4ms.
   [Vectorized MCTS] Step 1880: 64 games active. Completed: 807/1000. Step time: 3750.5ms.
   [Vectorized MCTS] Step 1885: 64 games active. Completed: 813/1000. Step time: 3772.4ms.
   [Vectorized MCTS] Step 1890: 64 games active. Completed: 814/1000. Step time: 3760.8ms.
   [Vectorized MCTS] Step 1895: 64 games active. Completed: 816/1000. Step time: 3744.4ms.
   [Vectorized MCTS] Step 1900: 64 games active. Completed: 817/1000. Step time: 3763.0ms.
   [Vectorized MCTS] Step 1905: 64 games active. Completed: 820/1000. Step time: 3767.0ms.
   [Vectorized MCTS] Step 1910: 64 games active. Completed: 822/1000. Step time: 3754.2ms.
   [Vectorized MCTS] Step 1915: 64 games active. Completed: 824/1000. Step time: 3754.6ms.
   [Vectorized MCTS] Step 1920: 64 games active. Completed: 827/1000. Step time: 3757.7ms.
   [Vectorized MCTS] Step 1925: 64 games active. Completed: 829/1000. Step time: 3752.1ms.
   [Vectorized MCTS] Step 1930: 64 games active. Completed: 831/1000. Step time: 3756.6ms.
   [Vectorized MCTS] Step 1935: 64 games active. Completed: 834/1000. Step time: 3766.2ms.
   [Vectorized MCTS] Step 1940: 64 games active. Completed: 837/1000. Step time: 3759.6ms.
   [Vectorized MCTS] Step 1945: 64 games active. Completed: 842/1000. Step time: 3736.2ms.
   [Vectorized MCTS] Step 1950: 64 games active. Completed: 842/1000. Step time: 3753.5ms.
   [Vectorized MCTS] Step 1955: 64 games active. Completed: 844/1000. Step time: 3745.4ms.
   [Vectorized MCTS] Step 1960: 64 games active. Completed: 845/1000. Step time: 3740.6ms.
   [Vectorized MCTS] Step 1965: 64 games active. Completed: 848/1000. Step time: 3757.0ms.
   [Vectorized MCTS] Step 1970: 64 games active. Completed: 852/1000. Step time: 3726.0ms.
   [Vectorized MCTS] Step 1975: 64 games active. Completed: 854/1000. Step time: 3732.3ms.
   [Vectorized MCTS] Step 1980: 64 games active. Completed: 857/1000. Step time: 3788.2ms.
   [Vectorized MCTS] Step 1985: 64 games active. Completed: 861/1000. Step time: 3752.4ms.
   [Vectorized MCTS] Step 1990: 64 games active. Completed: 866/1000. Step time: 3757.5ms.
   [Vectorized MCTS] Step 1995: 64 games active. Completed: 867/1000. Step time: 3785.3ms.
   [Vectorized MCTS] Step 2000: 64 games active. Completed: 868/1000. Step time: 3778.2ms.
   [Vectorized MCTS] Step 2005: 64 games active. Completed: 870/1000. Step time: 3774.3ms.
   [Vectorized MCTS] Step 2010: 64 games active. Completed: 872/1000. Step time: 3724.1ms.
   [Vectorized MCTS] Step 2015: 64 games active. Completed: 874/1000. Step time: 3706.6ms.
   [Vectorized MCTS] Step 2020: 64 games active. Completed: 874/1000. Step time: 3726.2ms.
   [Vectorized MCTS] Step 2025: 64 games active. Completed: 874/1000. Step time: 3865.2ms.
   [Vectorized MCTS] Step 2030: 64 games active. Completed: 876/1000. Step time: 3713.2ms.
   [Vectorized MCTS] Step 2035: 64 games active. Completed: 877/1000. Step time: 3673.6ms.
   [Vectorized MCTS] Step 2040: 64 games active. Completed: 878/1000. Step time: 3652.0ms.
   [Vectorized MCTS] Step 2045: 64 games active. Completed: 882/1000. Step time: 3648.3ms.
   [Vectorized MCTS] Step 2050: 64 games active. Completed: 883/1000. Step time: 3729.2ms.
   [Vectorized MCTS] Step 2055: 64 games active. Completed: 884/1000. Step time: 3692.5ms.
   [Vectorized MCTS] Step 2060: 64 games active. Completed: 889/1000. Step time: 3689.1ms.
   [Vectorized MCTS] Step 2065: 64 games active. Completed: 892/1000. Step time: 3718.7ms.
   [Vectorized MCTS] Step 2070: 64 games active. Completed: 894/1000. Step time: 3686.3ms.
   [Vectorized MCTS] Step 2075: 64 games active. Completed: 896/1000. Step time: 3937.6ms.
   [Vectorized MCTS] Step 2080: 64 games active. Completed: 899/1000. Step time: 3891.4ms.
   [Vectorized MCTS] Step 2085: 64 games active. Completed: 901/1000. Step time: 3857.6ms.
   [Vectorized MCTS] Step 2090: 64 games active. Completed: 903/1000. Step time: 3883.5ms.
   [Vectorized MCTS] Step 2095: 64 games active. Completed: 905/1000. Step time: 3943.4ms.
   [Vectorized MCTS] Step 2100: 64 games active. Completed: 908/1000. Step time: 3920.9ms.
   [Vectorized MCTS] Step 2105: 64 games active. Completed: 911/1000. Step time: 3863.3ms.
   [Vectorized MCTS] Step 2110: 64 games active. Completed: 912/1000. Step time: 3892.3ms.
   [Vectorized MCTS] Step 2115: 64 games active. Completed: 914/1000. Step time: 3892.3ms.
   [Vectorized MCTS] Step 2120: 64 games active. Completed: 916/1000. Step time: 3905.6ms.
   [Vectorized MCTS] Step 2125: 64 games active. Completed: 919/1000. Step time: 3868.3ms.
   [Vectorized MCTS] Step 2130: 64 games active. Completed: 923/1000. Step time: 3886.1ms.
   [Vectorized MCTS] Step 2135: 64 games active. Completed: 927/1000. Step time: 3878.9ms.
   [Vectorized MCTS] Step 2140: 64 games active. Completed: 930/1000. Step time: 3894.6ms.
   [Vectorized MCTS] Step 2145: 64 games active. Completed: 932/1000. Step time: 3868.3ms.
   [Vectorized MCTS] Step 2150: 63 games active. Completed: 937/1000. Step time: 3884.0ms.
   [Vectorized MCTS] Step 2155: 63 games active. Completed: 937/1000. Step time: 4067.4ms.
   [Vectorized MCTS] Step 2160: 61 games active. Completed: 939/1000. Step time: 3984.2ms.
   [Vectorized MCTS] Step 2165: 59 games active. Completed: 941/1000. Step time: 3873.1ms.
   [Vectorized MCTS] Step 2170: 57 games active. Completed: 943/1000. Step time: 3783.4ms.
   [Vectorized MCTS] Step 2175: 54 games active. Completed: 946/1000. Step time: 3724.3ms.
   [Vectorized MCTS] Step 2180: 53 games active. Completed: 947/1000. Step time: 3563.7ms.
   [Vectorized MCTS] Step 2185: 52 games active. Completed: 948/1000. Step time: 3476.1ms.
   [Vectorized MCTS] Step 2190: 51 games active. Completed: 949/1000. Step time: 3600.8ms.
   [Vectorized MCTS] Step 2195: 51 games active. Completed: 949/1000. Step time: 3377.0ms.
   [Vectorized MCTS] Step 2200: 50 games active. Completed: 950/1000. Step time: 2798.6ms.
   [Vectorized MCTS] Step 2205: 47 games active. Completed: 953/1000. Step time: 2771.8ms.
   [Vectorized MCTS] Step 2210: 44 games active. Completed: 956/1000. Step time: 2519.0ms.
   [Vectorized MCTS] Step 2215: 44 games active. Completed: 956/1000. Step time: 2486.6ms.
   [Vectorized MCTS] Step 2220: 41 games active. Completed: 959/1000. Step time: 2351.2ms.
   [Vectorized MCTS] Step 2225: 37 games active. Completed: 963/1000. Step time: 2147.4ms.
   [Vectorized MCTS] Step 2230: 36 games active. Completed: 964/1000. Step time: 2099.5ms.
   [Vectorized MCTS] Step 2235: 33 games active. Completed: 967/1000. Step time: 1959.7ms.
   [Vectorized MCTS] Step 2240: 31 games active. Completed: 969/1000. Step time: 1872.0ms.
   [Vectorized MCTS] Step 2245: 30 games active. Completed: 970/1000. Step time: 1812.9ms.
   [Vectorized MCTS] Step 2250: 29 games active. Completed: 971/1000. Step time: 1799.6ms.
   [Vectorized MCTS] Step 2255: 28 games active. Completed: 972/1000. Step time: 1664.3ms.
   [Vectorized MCTS] Step 2260: 24 games active. Completed: 976/1000. Step time: 1514.0ms.
   [Vectorized MCTS] Step 2265: 22 games active. Completed: 978/1000. Step time: 1459.2ms.
   [Vectorized MCTS] Step 2270: 21 games active. Completed: 979/1000. Step time: 1372.7ms.
   [Vectorized MCTS] Step 2275: 20 games active. Completed: 980/1000. Step time: 1381.2ms.
   [Vectorized MCTS] Step 2280: 19 games active. Completed: 981/1000. Step time: 1290.0ms.
   [Vectorized MCTS] Step 2285: 17 games active. Completed: 983/1000. Step time: 1075.0ms.
   [Vectorized MCTS] Step 2290: 12 games active. Completed: 988/1000. Step time: 912.3ms.
   [Vectorized MCTS] Step 2295: 08 games active. Completed: 992/1000. Step time: 869.1ms.
   [Vectorized MCTS] Step 2300: 07 games active. Completed: 993/1000. Step time: 767.2ms.
   [Vectorized MCTS] Step 2305: 05 games active. Completed: 995/1000. Step time: 707.3ms.
   [Vectorized MCTS] Step 2310: 01 games active. Completed: 999/1000. Step time: 539.1ms.
   [Vectorized MCTS] Step 2311: 00 games active. Completed: 1000/1000. Step time: 486.3ms.

Collection completed in 8470.0 seconds (8.470s/game average).
