Starting self-play collection using /Users/nilbot/playground/autogo-mlx/experiments/001_train_from_scratch/checkpoints/iter5.safetensors
--> Progressive sims enabled. Iteration 5 -> 32 simulations.
Config: num-games=1000, simulations=32, workers=8
--> Starting pool-swapping selfplay for all 1000 games with max_active_games=64...
   [Vectorized MCTS] Step 001: 64 games active. Completed: 0/1000. Step time: 1923.4ms.
   [Vectorized MCTS] Step 005: 64 games active. Completed: 0/1000. Step time: 1898.5ms.
   [Vectorized MCTS] Step 010: 64 games active. Completed: 0/1000. Step time: 1904.3ms.
   [Vectorized MCTS] Step 015: 64 games active. Completed: 1/1000. Step time: 1892.8ms.
   [Vectorized MCTS] Step 020: 64 games active. Completed: 1/1000. Step time: 1910.4ms.
   [Vectorized MCTS] Step 025: 64 games active. Completed: 1/1000. Step time: 1910.9ms.
   [Vectorized MCTS] Step 030: 64 games active. Completed: 2/1000. Step time: 1910.3ms.
   [Vectorized MCTS] Step 035: 64 games active. Completed: 6/1000. Step time: 1963.7ms.
   [Vectorized MCTS] Step 040: 64 games active. Completed: 7/1000. Step time: 1916.2ms.
   [Vectorized MCTS] Step 045: 64 games active. Completed: 8/1000. Step time: 1901.5ms.
   [Vectorized MCTS] Step 050: 64 games active. Completed: 9/1000. Step time: 1939.6ms.
   [Vectorized MCTS] Step 055: 64 games active. Completed: 10/1000. Step time: 1900.1ms.
   [Vectorized MCTS] Step 060: 64 games active. Completed: 12/1000. Step time: 1885.0ms.
   [Vectorized MCTS] Step 065: 64 games active. Completed: 12/1000. Step time: 1910.1ms.
   [Vectorized MCTS] Step 070: 64 games active. Completed: 13/1000. Step time: 1908.2ms.
   [Vectorized MCTS] Step 075: 64 games active. Completed: 14/1000. Step time: 1909.5ms.
   [Vectorized MCTS] Step 080: 64 games active. Completed: 15/1000. Step time: 1916.6ms.
   [Vectorized MCTS] Step 085: 64 games active. Completed: 15/1000. Step time: 1914.4ms.
   [Vectorized MCTS] Step 090: 64 games active. Completed: 18/1000. Step time: 1920.3ms.
   [Vectorized MCTS] Step 095: 64 games active. Completed: 22/1000. Step time: 1915.4ms.
   [Vectorized MCTS] Step 100: 64 games active. Completed: 24/1000. Step time: 1913.6ms.
   [Vectorized MCTS] Step 105: 64 games active. Completed: 28/1000. Step time: 1915.1ms.
   [Vectorized MCTS] Step 110: 64 games active. Completed: 33/1000. Step time: 1923.2ms.
   [Vectorized MCTS] Step 115: 64 games active. Completed: 34/1000. Step time: 1960.7ms.
   [Vectorized MCTS] Step 120: 64 games active. Completed: 37/1000. Step time: 1923.8ms.
   [Vectorized MCTS] Step 125: 64 games active. Completed: 38/1000. Step time: 1914.8ms.
   [Vectorized MCTS] Step 130: 64 games active. Completed: 39/1000. Step time: 1906.3ms.
   [Vectorized MCTS] Step 135: 64 games active. Completed: 40/1000. Step time: 1903.3ms.
   [Vectorized MCTS] Step 140: 64 games active. Completed: 42/1000. Step time: 1908.5ms.
   [Vectorized MCTS] Step 145: 64 games active. Completed: 43/1000. Step time: 1902.8ms.
   [Vectorized MCTS] Step 150: 64 games active. Completed: 44/1000. Step time: 1899.4ms.
   [Vectorized MCTS] Step 155: 64 games active. Completed: 48/1000. Step time: 1892.4ms.
   [Vectorized MCTS] Step 160: 64 games active. Completed: 53/1000. Step time: 1882.6ms.
   [Vectorized MCTS] Step 165: 64 games active. Completed: 77/1000. Step time: 1913.2ms.
   [Vectorized MCTS] Step 170: 64 games active. Completed: 77/1000. Step time: 1899.9ms.
   [Vectorized MCTS] Step 175: 64 games active. Completed: 80/1000. Step time: 1913.0ms.
   [Vectorized MCTS] Step 180: 64 games active. Completed: 81/1000. Step time: 1905.1ms.
   [Vectorized MCTS] Step 185: 64 games active. Completed: 82/1000. Step time: 1885.6ms.
   [Vectorized MCTS] Step 190: 64 games active. Completed: 84/1000. Step time: 1912.7ms.
   [Vectorized MCTS] Step 195: 64 games active. Completed: 86/1000. Step time: 1909.5ms.
   [Vectorized MCTS] Step 200: 64 games active. Completed: 88/1000. Step time: 1906.0ms.
   [Vectorized MCTS] Step 205: 64 games active. Completed: 88/1000. Step time: 1916.5ms.
   [Vectorized MCTS] Step 210: 64 games active. Completed: 90/1000. Step time: 1910.8ms.
   [Vectorized MCTS] Step 215: 64 games active. Completed: 92/1000. Step time: 1901.1ms.
   [Vectorized MCTS] Step 220: 64 games active. Completed: 95/1000. Step time: 1923.6ms.
   [Vectorized MCTS] Step 225: 64 games active. Completed: 95/1000. Step time: 1912.5ms.
   [Vectorized MCTS] Step 230: 64 games active. Completed: 96/1000. Step time: 1908.0ms.
   [Vectorized MCTS] Step 235: 64 games active. Completed: 99/1000. Step time: 1912.4ms.
   [Vectorized MCTS] Step 240: 64 games active. Completed: 103/1000. Step time: 1912.0ms.
   [Vectorized MCTS] Step 245: 64 games active. Completed: 105/1000. Step time: 1917.3ms.
   [Vectorized MCTS] Step 250: 64 games active. Completed: 108/1000. Step time: 1908.5ms.
   [Vectorized MCTS] Step 255: 64 games active. Completed: 114/1000. Step time: 1918.1ms.
   [Vectorized MCTS] Step 260: 64 games active. Completed: 118/1000. Step time: 1906.9ms.
   [Vectorized MCTS] Step 265: 64 games active. Completed: 121/1000. Step time: 1911.6ms.
   [Vectorized MCTS] Step 270: 64 games active. Completed: 122/1000. Step time: 1915.3ms.
   [Vectorized MCTS] Step 275: 64 games active. Completed: 122/1000. Step time: 1908.1ms.
   [Vectorized MCTS] Step 280: 64 games active. Completed: 126/1000. Step time: 1913.5ms.
   [Vectorized MCTS] Step 285: 64 games active. Completed: 127/1000. Step time: 1915.6ms.
   [Vectorized MCTS] Step 290: 64 games active. Completed: 130/1000. Step time: 1909.4ms.
   [Vectorized MCTS] Step 295: 64 games active. Completed: 130/1000. Step time: 1951.9ms.
   [Vectorized MCTS] Step 300: 64 games active. Completed: 133/1000. Step time: 1910.9ms.
   [Vectorized MCTS] Step 305: 64 games active. Completed: 134/1000. Step time: 1905.9ms.
   [Vectorized MCTS] Step 310: 64 games active. Completed: 136/1000. Step time: 1905.3ms.
   [Vectorized MCTS] Step 315: 64 games active. Completed: 138/1000. Step time: 1911.8ms.
   [Vectorized MCTS] Step 320: 64 games active. Completed: 141/1000. Step time: 1908.7ms.
   [Vectorized MCTS] Step 325: 64 games active. Completed: 154/1000. Step time: 1911.9ms.
   [Vectorized MCTS] Step 330: 64 games active. Completed: 154/1000. Step time: 1911.1ms.
   [Vectorized MCTS] Step 335: 64 games active. Completed: 157/1000. Step time: 1918.8ms.
   [Vectorized MCTS] Step 340: 64 games active. Completed: 159/1000. Step time: 1916.3ms.
   [Vectorized MCTS] Step 345: 64 games active. Completed: 161/1000. Step time: 1916.5ms.
   [Vectorized MCTS] Step 350: 64 games active. Completed: 162/1000. Step time: 1917.5ms.
   [Vectorized MCTS] Step 355: 64 games active. Completed: 163/1000. Step time: 1915.1ms.
   [Vectorized MCTS] Step 360: 64 games active. Completed: 166/1000. Step time: 1911.0ms.
   [Vectorized MCTS] Step 365: 64 games active. Completed: 167/1000. Step time: 1916.5ms.
   [Vectorized MCTS] Step 370: 64 games active. Completed: 169/1000. Step time: 1919.7ms.
   [Vectorized MCTS] Step 375: 64 games active. Completed: 171/1000. Step time: 1926.2ms.
   [Vectorized MCTS] Step 380: 64 games active. Completed: 176/1000. Step time: 1916.7ms.
   [Vectorized MCTS] Step 385: 64 games active. Completed: 176/1000. Step time: 1920.0ms.
   [Vectorized MCTS] Step 390: 64 games active. Completed: 178/1000. Step time: 1932.4ms.
   [Vectorized MCTS] Step 395: 64 games active. Completed: 181/1000. Step time: 1927.4ms.
   [Vectorized MCTS] Step 400: 64 games active. Completed: 185/1000. Step time: 1913.1ms.
   [Vectorized MCTS] Step 405: 64 games active. Completed: 190/1000. Step time: 1913.8ms.
   [Vectorized MCTS] Step 410: 64 games active. Completed: 195/1000. Step time: 1913.0ms.
   [Vectorized MCTS] Step 415: 64 games active. Completed: 198/1000. Step time: 1919.1ms.
   [Vectorized MCTS] Step 420: 64 games active. Completed: 201/1000. Step time: 1908.2ms.
   [Vectorized MCTS] Step 425: 64 games active. Completed: 203/1000. Step time: 1907.9ms.
   [Vectorized MCTS] Step 430: 64 games active. Completed: 204/1000. Step time: 1902.5ms.
   [Vectorized MCTS] Step 435: 64 games active. Completed: 206/1000. Step time: 1913.4ms.
   [Vectorized MCTS] Step 440: 64 games active. Completed: 209/1000. Step time: 1912.8ms.
   [Vectorized MCTS] Step 445: 64 games active. Completed: 210/1000. Step time: 1918.4ms.
   [Vectorized MCTS] Step 450: 64 games active. Completed: 213/1000. Step time: 1915.2ms.
   [Vectorized MCTS] Step 455: 64 games active. Completed: 218/1000. Step time: 1910.2ms.
   [Vectorized MCTS] Step 460: 64 games active. Completed: 219/1000. Step time: 1899.9ms.
   [Vectorized MCTS] Step 465: 64 games active. Completed: 223/1000. Step time: 1916.6ms.
   [Vectorized MCTS] Step 470: 64 games active. Completed: 223/1000. Step time: 1906.5ms.
   [Vectorized MCTS] Step 475: 64 games active. Completed: 228/1000. Step time: 1908.4ms.
   [Vectorized MCTS] Step 480: 64 games active. Completed: 230/1000. Step time: 1904.6ms.
   [Vectorized MCTS] Step 485: 64 games active. Completed: 237/1000. Step time: 1891.0ms.
   [Vectorized MCTS] Step 490: 64 games active. Completed: 242/1000. Step time: 1910.7ms.
   [Vectorized MCTS] Step 495: 64 games active. Completed: 247/1000. Step time: 1913.9ms.
   [Vectorized MCTS] Step 500: 64 games active. Completed: 250/1000. Step time: 1911.2ms.
   [Vectorized MCTS] Step 505: 64 games active. Completed: 253/1000. Step time: 1914.5ms.
   [Vectorized MCTS] Step 510: 64 games active. Completed: 255/1000. Step time: 1919.4ms.
   [Vectorized MCTS] Step 515: 64 games active. Completed: 257/1000. Step time: 1917.2ms.
   [Vectorized MCTS] Step 520: 64 games active. Completed: 257/1000. Step time: 1919.6ms.
   [Vectorized MCTS] Step 525: 64 games active. Completed: 259/1000. Step time: 1916.0ms.
   [Vectorized MCTS] Step 530: 64 games active. Completed: 259/1000. Step time: 1918.3ms.
   [Vectorized MCTS] Step 535: 64 games active. Completed: 262/1000. Step time: 1911.8ms.
   [Vectorized MCTS] Step 540: 64 games active. Completed: 264/1000. Step time: 1916.6ms.
   [Vectorized MCTS] Step 545: 64 games active. Completed: 265/1000. Step time: 1912.6ms.
   [Vectorized MCTS] Step 550: 64 games active. Completed: 267/1000. Step time: 1912.6ms.
   [Vectorized MCTS] Step 555: 64 games active. Completed: 268/1000. Step time: 1926.8ms.
   [Vectorized MCTS] Step 560: 64 games active. Completed: 273/1000. Step time: 1920.1ms.
   [Vectorized MCTS] Step 565: 64 games active. Completed: 277/1000. Step time: 1905.4ms.
   [Vectorized MCTS] Step 570: 64 games active. Completed: 280/1000. Step time: 1921.5ms.
   [Vectorized MCTS] Step 575: 64 games active. Completed: 283/1000. Step time: 1922.4ms.
   [Vectorized MCTS] Step 580: 64 games active. Completed: 284/1000. Step time: 1912.0ms.
   [Vectorized MCTS] Step 585: 64 games active. Completed: 287/1000. Step time: 1909.7ms.
   [Vectorized MCTS] Step 590: 64 games active. Completed: 288/1000. Step time: 1920.1ms.
   [Vectorized MCTS] Step 595: 64 games active. Completed: 293/1000. Step time: 1920.3ms.
   [Vectorized MCTS] Step 600: 64 games active. Completed: 297/1000. Step time: 1913.6ms.
   [Vectorized MCTS] Step 605: 64 games active. Completed: 301/1000. Step time: 1905.8ms.
   [Vectorized MCTS] Step 610: 64 games active. Completed: 303/1000. Step time: 1909.2ms.
   [Vectorized MCTS] Step 615: 64 games active. Completed: 308/1000. Step time: 1918.8ms.
   [Vectorized MCTS] Step 620: 64 games active. Completed: 312/1000. Step time: 1915.1ms.
   [Vectorized MCTS] Step 625: 64 games active. Completed: 317/1000. Step time: 1910.9ms.
   [Vectorized MCTS] Step 630: 64 games active. Completed: 320/1000. Step time: 1941.9ms.
   [Vectorized MCTS] Step 635: 64 games active. Completed: 321/1000. Step time: 1919.9ms.
   [Vectorized MCTS] Step 640: 64 games active. Completed: 326/1000. Step time: 1912.9ms.
   [Vectorized MCTS] Step 645: 64 games active. Completed: 327/1000. Step time: 1908.2ms.
   [Vectorized MCTS] Step 650: 64 games active. Completed: 331/1000. Step time: 1911.5ms.
   [Vectorized MCTS] Step 655: 64 games active. Completed: 333/1000. Step time: 1922.3ms.
   [Vectorized MCTS] Step 660: 64 games active. Completed: 334/1000. Step time: 1922.7ms.
   [Vectorized MCTS] Step 665: 64 games active. Completed: 339/1000. Step time: 1925.4ms.
   [Vectorized MCTS] Step 670: 64 games active. Completed: 342/1000. Step time: 1917.9ms.
   [Vectorized MCTS] Step 675: 64 games active. Completed: 345/1000. Step time: 1914.7ms.
   [Vectorized MCTS] Step 680: 64 games active. Completed: 346/1000. Step time: 1955.0ms.
   [Vectorized MCTS] Step 685: 64 games active. Completed: 349/1000. Step time: 1921.4ms.
   [Vectorized MCTS] Step 690: 64 games active. Completed: 352/1000. Step time: 1914.8ms.
   [Vectorized MCTS] Step 695: 64 games active. Completed: 354/1000. Step time: 1921.3ms.
   [Vectorized MCTS] Step 700: 64 games active. Completed: 357/1000. Step time: 1921.1ms.
   [Vectorized MCTS] Step 705: 64 games active. Completed: 358/1000. Step time: 1918.7ms.
   [Vectorized MCTS] Step 710: 64 games active. Completed: 360/1000. Step time: 1914.8ms.
   [Vectorized MCTS] Step 715: 64 games active. Completed: 366/1000. Step time: 1913.4ms.
   [Vectorized MCTS] Step 720: 64 games active. Completed: 370/1000. Step time: 1904.1ms.
   [Vectorized MCTS] Step 725: 64 games active. Completed: 374/1000. Step time: 1922.6ms.
   [Vectorized MCTS] Step 730: 64 games active. Completed: 376/1000. Step time: 1912.4ms.
   [Vectorized MCTS] Step 735: 64 games active. Completed: 377/1000. Step time: 1911.9ms.
   [Vectorized MCTS] Step 740: 64 games active. Completed: 379/1000. Step time: 1907.5ms.
   [Vectorized MCTS] Step 745: 64 games active. Completed: 383/1000. Step time: 1903.3ms.
   [Vectorized MCTS] Step 750: 64 games active. Completed: 384/1000. Step time: 1906.1ms.
   [Vectorized MCTS] Step 755: 64 games active. Completed: 389/1000. Step time: 1913.6ms.
   [Vectorized MCTS] Step 760: 64 games active. Completed: 393/1000. Step time: 1920.2ms.
   [Vectorized MCTS] Step 765: 64 games active. Completed: 395/1000. Step time: 1910.6ms.
   [Vectorized MCTS] Step 770: 64 games active. Completed: 396/1000. Step time: 1914.1ms.
   [Vectorized MCTS] Step 775: 64 games active. Completed: 400/1000. Step time: 1919.1ms.
   [Vectorized MCTS] Step 780: 64 games active. Completed: 401/1000. Step time: 1910.7ms.
   [Vectorized MCTS] Step 785: 64 games active. Completed: 405/1000. Step time: 1924.4ms.
   [Vectorized MCTS] Step 790: 64 games active. Completed: 406/1000. Step time: 1913.7ms.
   [Vectorized MCTS] Step 795: 64 games active. Completed: 408/1000. Step time: 1905.9ms.
   [Vectorized MCTS] Step 800: 64 games active. Completed: 411/1000. Step time: 1908.7ms.
   [Vectorized MCTS] Step 805: 64 games active. Completed: 414/1000. Step time: 1904.6ms.
   [Vectorized MCTS] Step 810: 64 games active. Completed: 418/1000. Step time: 1914.5ms.
   [Vectorized MCTS] Step 815: 64 games active. Completed: 424/1000. Step time: 1904.7ms.
   [Vectorized MCTS] Step 820: 64 games active. Completed: 425/1000. Step time: 1890.4ms.
   [Vectorized MCTS] Step 825: 64 games active. Completed: 426/1000. Step time: 1918.5ms.
   [Vectorized MCTS] Step 830: 64 games active. Completed: 427/1000. Step time: 1912.2ms.
   [Vectorized MCTS] Step 835: 64 games active. Completed: 430/1000. Step time: 1907.8ms.
   [Vectorized MCTS] Step 840: 64 games active. Completed: 432/1000. Step time: 1912.9ms.
   [Vectorized MCTS] Step 845: 64 games active. Completed: 433/1000. Step time: 1902.1ms.
   [Vectorized MCTS] Step 850: 64 games active. Completed: 437/1000. Step time: 1911.7ms.
   [Vectorized MCTS] Step 855: 64 games active. Completed: 440/1000. Step time: 1923.2ms.
   [Vectorized MCTS] Step 860: 64 games active. Completed: 444/1000. Step time: 1924.3ms.
   [Vectorized MCTS] Step 865: 64 games active. Completed: 446/1000. Step time: 1919.0ms.
   [Vectorized MCTS] Step 870: 64 games active. Completed: 449/1000. Step time: 1910.8ms.
   [Vectorized MCTS] Step 875: 64 games active. Completed: 453/1000. Step time: 1917.5ms.
   [Vectorized MCTS] Step 880: 64 games active. Completed: 457/1000. Step time: 1904.8ms.
   [Vectorized MCTS] Step 885: 64 games active. Completed: 460/1000. Step time: 1912.1ms.
   [Vectorized MCTS] Step 890: 64 games active. Completed: 464/1000. Step time: 1908.9ms.
   [Vectorized MCTS] Step 895: 64 games active. Completed: 466/1000. Step time: 1919.4ms.
   [Vectorized MCTS] Step 900: 64 games active. Completed: 466/1000. Step time: 1921.4ms.
   [Vectorized MCTS] Step 905: 64 games active. Completed: 469/1000. Step time: 1917.4ms.
   [Vectorized MCTS] Step 910: 64 games active. Completed: 471/1000. Step time: 1909.4ms.
   [Vectorized MCTS] Step 915: 64 games active. Completed: 474/1000. Step time: 1917.7ms.
   [Vectorized MCTS] Step 920: 64 games active. Completed: 478/1000. Step time: 1918.1ms.
   [Vectorized MCTS] Step 925: 64 games active. Completed: 479/1000. Step time: 1906.2ms.
   [Vectorized MCTS] Step 930: 64 games active. Completed: 481/1000. Step time: 1909.4ms.
   [Vectorized MCTS] Step 935: 64 games active. Completed: 483/1000. Step time: 1919.9ms.
   [Vectorized MCTS] Step 940: 64 games active. Completed: 484/1000. Step time: 1914.4ms.
   [Vectorized MCTS] Step 945: 64 games active. Completed: 488/1000. Step time: 1908.4ms.
   [Vectorized MCTS] Step 950: 64 games active. Completed: 490/1000. Step time: 1909.3ms.
   [Vectorized MCTS] Step 955: 64 games active. Completed: 492/1000. Step time: 1930.7ms.
   [Vectorized MCTS] Step 960: 64 games active. Completed: 493/1000. Step time: 1912.0ms.
   [Vectorized MCTS] Step 965: 64 games active. Completed: 495/1000. Step time: 1920.0ms.
   [Vectorized MCTS] Step 970: 64 games active. Completed: 500/1000. Step time: 1913.2ms.
   [Vectorized MCTS] Step 975: 64 games active. Completed: 502/1000. Step time: 1916.0ms.
   [Vectorized MCTS] Step 980: 64 games active. Completed: 504/1000. Step time: 1911.3ms.
   [Vectorized MCTS] Step 985: 64 games active. Completed: 508/1000. Step time: 1899.6ms.
   [Vectorized MCTS] Step 990: 64 games active. Completed: 509/1000. Step time: 1909.4ms.
   [Vectorized MCTS] Step 995: 64 games active. Completed: 511/1000. Step time: 1909.5ms.
   [Vectorized MCTS] Step 1000: 64 games active. Completed: 513/1000. Step time: 1911.8ms.
   [Vectorized MCTS] Step 1005: 64 games active. Completed: 513/1000. Step time: 1910.5ms.
   [Vectorized MCTS] Step 1010: 64 games active. Completed: 518/1000. Step time: 1905.0ms.
   [Vectorized MCTS] Step 1015: 64 games active. Completed: 518/1000. Step time: 1902.3ms.
   [Vectorized MCTS] Step 1020: 64 games active. Completed: 522/1000. Step time: 1912.2ms.
   [Vectorized MCTS] Step 1025: 64 games active. Completed: 524/1000. Step time: 1914.4ms.
   [Vectorized MCTS] Step 1030: 64 games active. Completed: 528/1000. Step time: 1928.3ms.
   [Vectorized MCTS] Step 1035: 64 games active. Completed: 532/1000. Step time: 1907.6ms.
   [Vectorized MCTS] Step 1040: 64 games active. Completed: 539/1000. Step time: 1925.6ms.
   [Vectorized MCTS] Step 1045: 64 games active. Completed: 542/1000. Step time: 1906.8ms.
   [Vectorized MCTS] Step 1050: 64 games active. Completed: 543/1000. Step time: 1912.3ms.
   [Vectorized MCTS] Step 1055: 64 games active. Completed: 549/1000. Step time: 1916.9ms.
   [Vectorized MCTS] Step 1060: 64 games active. Completed: 550/1000. Step time: 1905.1ms.
   [Vectorized MCTS] Step 1065: 64 games active. Completed: 553/1000. Step time: 1913.0ms.
   [Vectorized MCTS] Step 1070: 64 games active. Completed: 555/1000. Step time: 1917.7ms.
   [Vectorized MCTS] Step 1075: 64 games active. Completed: 557/1000. Step time: 1920.3ms.
   [Vectorized MCTS] Step 1080: 64 games active. Completed: 561/1000. Step time: 1918.5ms.
   [Vectorized MCTS] Step 1085: 64 games active. Completed: 562/1000. Step time: 1915.6ms.
   [Vectorized MCTS] Step 1090: 64 games active. Completed: 564/1000. Step time: 1910.7ms.
   [Vectorized MCTS] Step 1095: 64 games active. Completed: 566/1000. Step time: 1908.0ms.
   [Vectorized MCTS] Step 1100: 64 games active. Completed: 570/1000. Step time: 1909.4ms.
   [Vectorized MCTS] Step 1105: 64 games active. Completed: 572/1000. Step time: 1904.8ms.
   [Vectorized MCTS] Step 1110: 64 games active. Completed: 575/1000. Step time: 1899.0ms.
   [Vectorized MCTS] Step 1115: 64 games active. Completed: 578/1000. Step time: 1906.7ms.
   [Vectorized MCTS] Step 1120: 64 games active. Completed: 581/1000. Step time: 1914.6ms.
   [Vectorized MCTS] Step 1125: 64 games active. Completed: 588/1000. Step time: 1922.9ms.
   [Vectorized MCTS] Step 1130: 64 games active. Completed: 592/1000. Step time: 1920.6ms.
   [Vectorized MCTS] Step 1135: 64 games active. Completed: 596/1000. Step time: 1915.0ms.
   [Vectorized MCTS] Step 1140: 64 games active. Completed: 597/1000. Step time: 1909.7ms.
   [Vectorized MCTS] Step 1145: 64 games active. Completed: 599/1000. Step time: 1910.1ms.
   [Vectorized MCTS] Step 1150: 64 games active. Completed: 603/1000. Step time: 1911.4ms.
   [Vectorized MCTS] Step 1155: 64 games active. Completed: 605/1000. Step time: 1909.6ms.
   [Vectorized MCTS] Step 1160: 64 games active. Completed: 607/1000. Step time: 1901.1ms.
   [Vectorized MCTS] Step 1165: 64 games active. Completed: 608/1000. Step time: 1902.1ms.
   [Vectorized MCTS] Step 1170: 64 games active. Completed: 613/1000. Step time: 1913.8ms.
   [Vectorized MCTS] Step 1175: 64 games active. Completed: 614/1000. Step time: 1921.1ms.
   [Vectorized MCTS] Step 1180: 64 games active. Completed: 617/1000. Step time: 1923.8ms.
   [Vectorized MCTS] Step 1185: 64 games active. Completed: 618/1000. Step time: 1911.6ms.
   [Vectorized MCTS] Step 1190: 64 games active. Completed: 620/1000. Step time: 1893.7ms.
   [Vectorized MCTS] Step 1195: 64 games active. Completed: 624/1000. Step time: 1912.6ms.
   [Vectorized MCTS] Step 1200: 64 games active. Completed: 626/1000. Step time: 1926.5ms.
   [Vectorized MCTS] Step 1205: 64 games active. Completed: 631/1000. Step time: 1902.0ms.
   [Vectorized MCTS] Step 1210: 64 games active. Completed: 633/1000. Step time: 1897.7ms.
   [Vectorized MCTS] Step 1215: 64 games active. Completed: 638/1000. Step time: 1903.9ms.
   [Vectorized MCTS] Step 1220: 64 games active. Completed: 641/1000. Step time: 1903.3ms.
   [Vectorized MCTS] Step 1225: 64 games active. Completed: 641/1000. Step time: 1923.3ms.
   [Vectorized MCTS] Step 1230: 64 games active. Completed: 645/1000. Step time: 1914.2ms.
   [Vectorized MCTS] Step 1235: 64 games active. Completed: 649/1000. Step time: 1921.8ms.
   [Vectorized MCTS] Step 1240: 64 games active. Completed: 650/1000. Step time: 1905.7ms.
   [Vectorized MCTS] Step 1245: 64 games active. Completed: 651/1000. Step time: 1908.2ms.
   [Vectorized MCTS] Step 1250: 64 games active. Completed: 657/1000. Step time: 1919.9ms.
   [Vectorized MCTS] Step 1255: 64 games active. Completed: 659/1000. Step time: 1908.5ms.
   [Vectorized MCTS] Step 1260: 64 games active. Completed: 661/1000. Step time: 1909.7ms.
   [Vectorized MCTS] Step 1265: 64 games active. Completed: 663/1000. Step time: 1905.1ms.
   [Vectorized MCTS] Step 1270: 64 games active. Completed: 668/1000. Step time: 1902.7ms.
   [Vectorized MCTS] Step 1275: 64 games active. Completed: 670/1000. Step time: 1905.6ms.
   [Vectorized MCTS] Step 1280: 64 games active. Completed: 671/1000. Step time: 1904.9ms.
   [Vectorized MCTS] Step 1285: 64 games active. Completed: 676/1000. Step time: 1900.6ms.
   [Vectorized MCTS] Step 1290: 64 games active. Completed: 677/1000. Step time: 1902.3ms.
   [Vectorized MCTS] Step 1295: 64 games active. Completed: 679/1000. Step time: 1903.7ms.
   [Vectorized MCTS] Step 1300: 64 games active. Completed: 683/1000. Step time: 1899.2ms.
   [Vectorized MCTS] Step 1305: 64 games active. Completed: 687/1000. Step time: 1916.6ms.
   [Vectorized MCTS] Step 1310: 64 games active. Completed: 689/1000. Step time: 1901.6ms.
   [Vectorized MCTS] Step 1315: 64 games active. Completed: 692/1000. Step time: 1907.0ms.
   [Vectorized MCTS] Step 1320: 64 games active. Completed: 695/1000. Step time: 1910.1ms.
   [Vectorized MCTS] Step 1325: 64 games active. Completed: 696/1000. Step time: 1897.4ms.
   [Vectorized MCTS] Step 1330: 64 games active. Completed: 700/1000. Step time: 1900.3ms.
   [Vectorized MCTS] Step 1335: 64 games active. Completed: 702/1000. Step time: 1915.6ms.
   [Vectorized MCTS] Step 1340: 64 games active. Completed: 708/1000. Step time: 1902.4ms.
   [Vectorized MCTS] Step 1345: 64 games active. Completed: 709/1000. Step time: 1896.8ms.
   [Vectorized MCTS] Step 1350: 64 games active. Completed: 711/1000. Step time: 1887.8ms.
   [Vectorized MCTS] Step 1355: 64 games active. Completed: 715/1000. Step time: 1912.2ms.
   [Vectorized MCTS] Step 1360: 64 games active. Completed: 717/1000. Step time: 1916.2ms.
   [Vectorized MCTS] Step 1365: 64 games active. Completed: 719/1000. Step time: 1900.7ms.
   [Vectorized MCTS] Step 1370: 64 games active. Completed: 720/1000. Step time: 1899.6ms.
   [Vectorized MCTS] Step 1375: 64 games active. Completed: 724/1000. Step time: 1912.6ms.
   [Vectorized MCTS] Step 1380: 64 games active. Completed: 727/1000. Step time: 1902.9ms.
   [Vectorized MCTS] Step 1385: 64 games active. Completed: 729/1000. Step time: 1913.2ms.
   [Vectorized MCTS] Step 1390: 64 games active. Completed: 730/1000. Step time: 1905.1ms.
   [Vectorized MCTS] Step 1395: 64 games active. Completed: 732/1000. Step time: 1896.1ms.
   [Vectorized MCTS] Step 1400: 64 games active. Completed: 734/1000. Step time: 1901.0ms.
   [Vectorized MCTS] Step 1405: 64 games active. Completed: 735/1000. Step time: 1888.7ms.
   [Vectorized MCTS] Step 1410: 64 games active. Completed: 739/1000. Step time: 1912.8ms.
   [Vectorized MCTS] Step 1415: 64 games active. Completed: 741/1000. Step time: 1910.4ms.
   [Vectorized MCTS] Step 1420: 64 games active. Completed: 745/1000. Step time: 1896.6ms.
   [Vectorized MCTS] Step 1425: 64 games active. Completed: 746/1000. Step time: 1907.7ms.
   [Vectorized MCTS] Step 1430: 64 games active. Completed: 750/1000. Step time: 1906.8ms.
   [Vectorized MCTS] Step 1435: 64 games active. Completed: 751/1000. Step time: 1903.6ms.
   [Vectorized MCTS] Step 1440: 64 games active. Completed: 754/1000. Step time: 1908.9ms.
   [Vectorized MCTS] Step 1445: 64 games active. Completed: 755/1000. Step time: 1902.2ms.
   [Vectorized MCTS] Step 1450: 64 games active. Completed: 761/1000. Step time: 1907.7ms.
   [Vectorized MCTS] Step 1455: 64 games active. Completed: 762/1000. Step time: 1923.4ms.
   [Vectorized MCTS] Step 1460: 64 games active. Completed: 767/1000. Step time: 1921.9ms.
   [Vectorized MCTS] Step 1465: 64 games active. Completed: 769/1000. Step time: 1923.7ms.
   [Vectorized MCTS] Step 1470: 64 games active. Completed: 772/1000. Step time: 1919.4ms.
   [Vectorized MCTS] Step 1475: 64 games active. Completed: 776/1000. Step time: 1915.5ms.
   [Vectorized MCTS] Step 1480: 64 games active. Completed: 781/1000. Step time: 1915.8ms.
   [Vectorized MCTS] Step 1485: 64 games active. Completed: 782/1000. Step time: 1922.8ms.
   [Vectorized MCTS] Step 1490: 64 games active. Completed: 786/1000. Step time: 1922.2ms.
   [Vectorized MCTS] Step 1495: 64 games active. Completed: 790/1000. Step time: 1924.5ms.
   [Vectorized MCTS] Step 1500: 64 games active. Completed: 793/1000. Step time: 1912.5ms.
   [Vectorized MCTS] Step 1505: 64 games active. Completed: 795/1000. Step time: 1907.8ms.
   [Vectorized MCTS] Step 1510: 64 games active. Completed: 799/1000. Step time: 1922.0ms.
   [Vectorized MCTS] Step 1515: 64 games active. Completed: 801/1000. Step time: 1926.2ms.
   [Vectorized MCTS] Step 1520: 64 games active. Completed: 801/1000. Step time: 1924.7ms.
   [Vectorized MCTS] Step 1525: 64 games active. Completed: 804/1000. Step time: 1929.0ms.
   [Vectorized MCTS] Step 1530: 64 games active. Completed: 807/1000. Step time: 1921.3ms.
   [Vectorized MCTS] Step 1535: 64 games active. Completed: 816/1000. Step time: 1919.4ms.
   [Vectorized MCTS] Step 1540: 64 games active. Completed: 819/1000. Step time: 1923.7ms.
   [Vectorized MCTS] Step 1545: 64 games active. Completed: 822/1000. Step time: 1920.4ms.
   [Vectorized MCTS] Step 1550: 64 games active. Completed: 823/1000. Step time: 1919.9ms.
   [Vectorized MCTS] Step 1555: 64 games active. Completed: 823/1000. Step time: 1915.1ms.
   [Vectorized MCTS] Step 1560: 64 games active. Completed: 826/1000. Step time: 1916.1ms.
   [Vectorized MCTS] Step 1565: 64 games active. Completed: 828/1000. Step time: 1922.0ms.
   [Vectorized MCTS] Step 1570: 64 games active. Completed: 832/1000. Step time: 1918.9ms.
   [Vectorized MCTS] Step 1575: 64 games active. Completed: 834/1000. Step time: 1910.9ms.
   [Vectorized MCTS] Step 1580: 64 games active. Completed: 836/1000. Step time: 1921.8ms.
   [Vectorized MCTS] Step 1585: 64 games active. Completed: 839/1000. Step time: 1910.1ms.
   [Vectorized MCTS] Step 1590: 64 games active. Completed: 843/1000. Step time: 1921.4ms.
   [Vectorized MCTS] Step 1595: 64 games active. Completed: 844/1000. Step time: 1917.4ms.
   [Vectorized MCTS] Step 1600: 64 games active. Completed: 847/1000. Step time: 1921.1ms.
   [Vectorized MCTS] Step 1605: 64 games active. Completed: 849/1000. Step time: 1908.4ms.
   [Vectorized MCTS] Step 1610: 64 games active. Completed: 853/1000. Step time: 1920.6ms.
   [Vectorized MCTS] Step 1615: 64 games active. Completed: 854/1000. Step time: 1912.0ms.
   [Vectorized MCTS] Step 1620: 64 games active. Completed: 858/1000. Step time: 1903.4ms.
   [Vectorized MCTS] Step 1625: 64 games active. Completed: 862/1000. Step time: 1910.5ms.
   [Vectorized MCTS] Step 1630: 64 games active. Completed: 864/1000. Step time: 1894.6ms.
   [Vectorized MCTS] Step 1635: 64 games active. Completed: 867/1000. Step time: 1928.4ms.
   [Vectorized MCTS] Step 1640: 64 games active. Completed: 871/1000. Step time: 1913.5ms.
   [Vectorized MCTS] Step 1645: 64 games active. Completed: 877/1000. Step time: 1914.4ms.
   [Vectorized MCTS] Step 1650: 64 games active. Completed: 879/1000. Step time: 1922.8ms.
   [Vectorized MCTS] Step 1655: 64 games active. Completed: 880/1000. Step time: 1918.8ms.
   [Vectorized MCTS] Step 1660: 64 games active. Completed: 883/1000. Step time: 1922.8ms.
   [Vectorized MCTS] Step 1665: 64 games active. Completed: 885/1000. Step time: 1920.9ms.
   [Vectorized MCTS] Step 1670: 64 games active. Completed: 888/1000. Step time: 1909.4ms.
   [Vectorized MCTS] Step 1675: 64 games active. Completed: 891/1000. Step time: 1916.0ms.
   [Vectorized MCTS] Step 1680: 64 games active. Completed: 891/1000. Step time: 1912.0ms.
   [Vectorized MCTS] Step 1685: 64 games active. Completed: 891/1000. Step time: 1915.1ms.
   [Vectorized MCTS] Step 1690: 64 games active. Completed: 894/1000. Step time: 1913.1ms.
   [Vectorized MCTS] Step 1695: 64 games active. Completed: 900/1000. Step time: 1912.5ms.
   [Vectorized MCTS] Step 1700: 64 games active. Completed: 904/1000. Step time: 1916.9ms.
   [Vectorized MCTS] Step 1705: 64 games active. Completed: 905/1000. Step time: 1915.5ms.
   [Vectorized MCTS] Step 1710: 64 games active. Completed: 908/1000. Step time: 1909.8ms.
   [Vectorized MCTS] Step 1715: 64 games active. Completed: 908/1000. Step time: 1900.3ms.
   [Vectorized MCTS] Step 1720: 64 games active. Completed: 910/1000. Step time: 1912.7ms.
   [Vectorized MCTS] Step 1725: 64 games active. Completed: 914/1000. Step time: 1916.1ms.
   [Vectorized MCTS] Step 1730: 64 games active. Completed: 916/1000. Step time: 1941.4ms.
   [Vectorized MCTS] Step 1735: 64 games active. Completed: 919/1000. Step time: 1918.2ms.
   [Vectorized MCTS] Step 1740: 64 games active. Completed: 921/1000. Step time: 1906.6ms.
   [Vectorized MCTS] Step 1745: 64 games active. Completed: 926/1000. Step time: 1909.0ms.
   [Vectorized MCTS] Step 1750: 64 games active. Completed: 929/1000. Step time: 1919.9ms.
   [Vectorized MCTS] Step 1755: 64 games active. Completed: 935/1000. Step time: 1905.2ms.
   [Vectorized MCTS] Step 1760: 62 games active. Completed: 938/1000. Step time: 2024.4ms.
   [Vectorized MCTS] Step 1765: 58 games active. Completed: 942/1000. Step time: 1893.4ms.
   [Vectorized MCTS] Step 1770: 58 games active. Completed: 942/1000. Step time: 1860.4ms.
   [Vectorized MCTS] Step 1775: 57 games active. Completed: 943/1000. Step time: 1859.8ms.
   [Vectorized MCTS] Step 1780: 57 games active. Completed: 943/1000. Step time: 1848.9ms.
   [Vectorized MCTS] Step 1785: 53 games active. Completed: 947/1000. Step time: 1808.9ms.
   [Vectorized MCTS] Step 1790: 50 games active. Completed: 950/1000. Step time: 1400.1ms.
   [Vectorized MCTS] Step 1795: 45 games active. Completed: 955/1000. Step time: 1268.3ms.
   [Vectorized MCTS] Step 1800: 41 games active. Completed: 959/1000. Step time: 1159.6ms.
   [Vectorized MCTS] Step 1805: 38 games active. Completed: 962/1000. Step time: 1150.0ms.
   [Vectorized MCTS] Step 1810: 38 games active. Completed: 962/1000. Step time: 1144.3ms.
   [Vectorized MCTS] Step 1815: 38 games active. Completed: 962/1000. Step time: 1132.5ms.
   [Vectorized MCTS] Step 1820: 35 games active. Completed: 965/1000. Step time: 1042.4ms.
   [Vectorized MCTS] Step 1825: 33 games active. Completed: 967/1000. Step time: 980.3ms.
   [Vectorized MCTS] Step 1830: 32 games active. Completed: 968/1000. Step time: 972.4ms.
   [Vectorized MCTS] Step 1835: 29 games active. Completed: 971/1000. Step time: 889.2ms.
   [Vectorized MCTS] Step 1840: 28 games active. Completed: 972/1000. Step time: 868.5ms.
   [Vectorized MCTS] Step 1845: 28 games active. Completed: 972/1000. Step time: 853.8ms.
   [Vectorized MCTS] Step 1850: 24 games active. Completed: 976/1000. Step time: 772.6ms.
   [Vectorized MCTS] Step 1855: 22 games active. Completed: 978/1000. Step time: 729.1ms.
   [Vectorized MCTS] Step 1860: 20 games active. Completed: 980/1000. Step time: 675.3ms.
   [Vectorized MCTS] Step 1865: 19 games active. Completed: 981/1000. Step time: 675.3ms.
   [Vectorized MCTS] Step 1870: 19 games active. Completed: 981/1000. Step time: 662.9ms.
   [Vectorized MCTS] Step 1875: 17 games active. Completed: 983/1000. Step time: 565.5ms.
   [Vectorized MCTS] Step 1880: 16 games active. Completed: 984/1000. Step time: 558.4ms.
   [Vectorized MCTS] Step 1885: 13 games active. Completed: 987/1000. Step time: 501.5ms.
   [Vectorized MCTS] Step 1890: 12 games active. Completed: 988/1000. Step time: 496.0ms.
   [Vectorized MCTS] Step 1895: 11 games active. Completed: 989/1000. Step time: 465.7ms.
   [Vectorized MCTS] Step 1900: 10 games active. Completed: 990/1000. Step time: 439.1ms.
   [Vectorized MCTS] Step 1905: 07 games active. Completed: 993/1000. Step time: 411.7ms.
   [Vectorized MCTS] Step 1910: 05 games active. Completed: 995/1000. Step time: 375.9ms.
   [Vectorized MCTS] Step 1915: 02 games active. Completed: 998/1000. Step time: 298.8ms.
   [Vectorized MCTS] Step 1919: 00 games active. Completed: 1000/1000. Step time: 257.5ms.

Collection completed in 3520.9 seconds (3.521s/game average).
