Starting self-play collection using /Users/nilbot/playground/autogo-mlx/experiments/001_train_from_scratch/checkpoints/iter1.safetensors
--> Progressive sims enabled. Iteration 1 -> 16 simulations.
Config: num-games=1000, simulations=16, workers=8
--> Starting pool-swapping selfplay for all 1000 games with max_active_games=64...
   [Vectorized MCTS] Step 001: 64 games active. Completed: 0/1000. Step time: 979.2ms.
   [Vectorized MCTS] Step 005: 64 games active. Completed: 0/1000. Step time: 950.0ms.
   [Vectorized MCTS] Step 010: 64 games active. Completed: 0/1000. Step time: 944.9ms.
   [Vectorized MCTS] Step 015: 64 games active. Completed: 0/1000. Step time: 955.0ms.
   [Vectorized MCTS] Step 020: 64 games active. Completed: 0/1000. Step time: 958.9ms.
   [Vectorized MCTS] Step 025: 64 games active. Completed: 0/1000. Step time: 951.5ms.
   [Vectorized MCTS] Step 030: 64 games active. Completed: 0/1000. Step time: 955.2ms.
   [Vectorized MCTS] Step 035: 64 games active. Completed: 0/1000. Step time: 952.1ms.
   [Vectorized MCTS] Step 040: 64 games active. Completed: 0/1000. Step time: 951.7ms.
   [Vectorized MCTS] Step 045: 64 games active. Completed: 0/1000. Step time: 960.8ms.
   [Vectorized MCTS] Step 050: 64 games active. Completed: 0/1000. Step time: 954.4ms.
   [Vectorized MCTS] Step 055: 64 games active. Completed: 0/1000. Step time: 957.8ms.
   [Vectorized MCTS] Step 060: 64 games active. Completed: 1/1000. Step time: 953.5ms.
   [Vectorized MCTS] Step 065: 64 games active. Completed: 3/1000. Step time: 953.3ms.
   [Vectorized MCTS] Step 070: 64 games active. Completed: 9/1000. Step time: 956.3ms.
   [Vectorized MCTS] Step 075: 64 games active. Completed: 13/1000. Step time: 962.1ms.
   [Vectorized MCTS] Step 080: 64 games active. Completed: 14/1000. Step time: 959.6ms.
   [Vectorized MCTS] Step 085: 64 games active. Completed: 24/1000. Step time: 968.2ms.
   [Vectorized MCTS] Step 090: 64 games active. Completed: 28/1000. Step time: 956.6ms.
   [Vectorized MCTS] Step 095: 64 games active. Completed: 32/1000. Step time: 958.8ms.
   [Vectorized MCTS] Step 100: 64 games active. Completed: 36/1000. Step time: 971.6ms.
   [Vectorized MCTS] Step 105: 64 games active. Completed: 39/1000. Step time: 959.7ms.
   [Vectorized MCTS] Step 110: 64 games active. Completed: 40/1000. Step time: 958.4ms.
   [Vectorized MCTS] Step 115: 64 games active. Completed: 44/1000. Step time: 958.3ms.
   [Vectorized MCTS] Step 120: 64 games active. Completed: 45/1000. Step time: 957.7ms.
   [Vectorized MCTS] Step 125: 64 games active. Completed: 50/1000. Step time: 959.9ms.
   [Vectorized MCTS] Step 130: 64 games active. Completed: 52/1000. Step time: 958.2ms.
   [Vectorized MCTS] Step 135: 64 games active. Completed: 54/1000. Step time: 990.6ms.
   [Vectorized MCTS] Step 140: 64 games active. Completed: 58/1000. Step time: 956.7ms.
   [Vectorized MCTS] Step 145: 64 games active. Completed: 61/1000. Step time: 952.8ms.
   [Vectorized MCTS] Step 150: 64 games active. Completed: 61/1000. Step time: 956.2ms.
   [Vectorized MCTS] Step 155: 64 games active. Completed: 62/1000. Step time: 949.3ms.
   [Vectorized MCTS] Step 160: 64 games active. Completed: 63/1000. Step time: 952.0ms.
   [Vectorized MCTS] Step 165: 64 games active. Completed: 73/1000. Step time: 950.4ms.
   [Vectorized MCTS] Step 170: 64 games active. Completed: 77/1000. Step time: 948.0ms.
   [Vectorized MCTS] Step 175: 64 games active. Completed: 78/1000. Step time: 935.5ms.
   [Vectorized MCTS] Step 180: 64 games active. Completed: 82/1000. Step time: 940.2ms.
   [Vectorized MCTS] Step 185: 64 games active. Completed: 84/1000. Step time: 946.4ms.
   [Vectorized MCTS] Step 190: 64 games active. Completed: 85/1000. Step time: 930.9ms.
   [Vectorized MCTS] Step 195: 64 games active. Completed: 85/1000. Step time: 934.5ms.
   [Vectorized MCTS] Step 200: 64 games active. Completed: 85/1000. Step time: 949.7ms.
   [Vectorized MCTS] Step 205: 64 games active. Completed: 94/1000. Step time: 940.6ms.
   [Vectorized MCTS] Step 210: 64 games active. Completed: 98/1000. Step time: 948.2ms.
   [Vectorized MCTS] Step 215: 64 games active. Completed: 99/1000. Step time: 945.0ms.
   [Vectorized MCTS] Step 220: 64 games active. Completed: 101/1000. Step time: 946.7ms.
   [Vectorized MCTS] Step 225: 64 games active. Completed: 102/1000. Step time: 956.6ms.
   [Vectorized MCTS] Step 230: 64 games active. Completed: 105/1000. Step time: 945.3ms.
   [Vectorized MCTS] Step 235: 64 games active. Completed: 110/1000. Step time: 959.4ms.
   [Vectorized MCTS] Step 240: 64 games active. Completed: 112/1000. Step time: 962.9ms.
   [Vectorized MCTS] Step 245: 64 games active. Completed: 116/1000. Step time: 949.1ms.
   [Vectorized MCTS] Step 250: 64 games active. Completed: 119/1000. Step time: 962.1ms.
   [Vectorized MCTS] Step 255: 64 games active. Completed: 120/1000. Step time: 957.2ms.
   [Vectorized MCTS] Step 260: 64 games active. Completed: 125/1000. Step time: 954.7ms.
   [Vectorized MCTS] Step 265: 64 games active. Completed: 128/1000. Step time: 962.5ms.
   [Vectorized MCTS] Step 270: 64 games active. Completed: 130/1000. Step time: 965.2ms.
   [Vectorized MCTS] Step 275: 64 games active. Completed: 132/1000. Step time: 959.7ms.
   [Vectorized MCTS] Step 280: 64 games active. Completed: 135/1000. Step time: 961.0ms.
   [Vectorized MCTS] Step 285: 64 games active. Completed: 135/1000. Step time: 964.9ms.
   [Vectorized MCTS] Step 290: 64 games active. Completed: 141/1000. Step time: 969.4ms.
   [Vectorized MCTS] Step 295: 64 games active. Completed: 144/1000. Step time: 965.2ms.
   [Vectorized MCTS] Step 300: 64 games active. Completed: 146/1000. Step time: 965.9ms.
   [Vectorized MCTS] Step 305: 64 games active. Completed: 149/1000. Step time: 965.2ms.
   [Vectorized MCTS] Step 310: 64 games active. Completed: 155/1000. Step time: 962.8ms.
   [Vectorized MCTS] Step 315: 64 games active. Completed: 159/1000. Step time: 963.8ms.
   [Vectorized MCTS] Step 320: 64 games active. Completed: 160/1000. Step time: 961.2ms.
   [Vectorized MCTS] Step 325: 64 games active. Completed: 165/1000. Step time: 961.8ms.
   [Vectorized MCTS] Step 330: 64 games active. Completed: 168/1000. Step time: 960.7ms.
   [Vectorized MCTS] Step 335: 64 games active. Completed: 169/1000. Step time: 951.0ms.
   [Vectorized MCTS] Step 340: 64 games active. Completed: 171/1000. Step time: 955.1ms.
   [Vectorized MCTS] Step 345: 64 games active. Completed: 173/1000. Step time: 951.6ms.
   [Vectorized MCTS] Step 350: 64 games active. Completed: 179/1000. Step time: 955.4ms.
   [Vectorized MCTS] Step 355: 64 games active. Completed: 181/1000. Step time: 952.4ms.
   [Vectorized MCTS] Step 360: 64 games active. Completed: 185/1000. Step time: 953.4ms.
   [Vectorized MCTS] Step 365: 64 games active. Completed: 190/1000. Step time: 941.8ms.
   [Vectorized MCTS] Step 370: 64 games active. Completed: 194/1000. Step time: 949.3ms.
   [Vectorized MCTS] Step 375: 64 games active. Completed: 199/1000. Step time: 947.9ms.
   [Vectorized MCTS] Step 380: 64 games active. Completed: 203/1000. Step time: 937.3ms.
   [Vectorized MCTS] Step 385: 64 games active. Completed: 207/1000. Step time: 952.2ms.
   [Vectorized MCTS] Step 390: 64 games active. Completed: 207/1000. Step time: 945.2ms.
   [Vectorized MCTS] Step 395: 64 games active. Completed: 209/1000. Step time: 941.7ms.
   [Vectorized MCTS] Step 400: 64 games active. Completed: 211/1000. Step time: 940.1ms.
   [Vectorized MCTS] Step 405: 64 games active. Completed: 212/1000. Step time: 945.3ms.
   [Vectorized MCTS] Step 410: 64 games active. Completed: 213/1000. Step time: 942.5ms.
   [Vectorized MCTS] Step 415: 64 games active. Completed: 215/1000. Step time: 941.0ms.
   [Vectorized MCTS] Step 420: 64 games active. Completed: 215/1000. Step time: 931.7ms.
   [Vectorized MCTS] Step 425: 64 games active. Completed: 216/1000. Step time: 936.0ms.
   [Vectorized MCTS] Step 430: 64 games active. Completed: 218/1000. Step time: 959.6ms.
   [Vectorized MCTS] Step 435: 64 games active. Completed: 224/1000. Step time: 943.4ms.
   [Vectorized MCTS] Step 440: 64 games active. Completed: 225/1000. Step time: 940.9ms.
   [Vectorized MCTS] Step 445: 64 games active. Completed: 231/1000. Step time: 942.3ms.
   [Vectorized MCTS] Step 450: 64 games active. Completed: 237/1000. Step time: 949.0ms.
   [Vectorized MCTS] Step 455: 64 games active. Completed: 242/1000. Step time: 948.7ms.
   [Vectorized MCTS] Step 460: 64 games active. Completed: 247/1000. Step time: 954.7ms.
   [Vectorized MCTS] Step 465: 64 games active. Completed: 247/1000. Step time: 957.4ms.
   [Vectorized MCTS] Step 470: 64 games active. Completed: 251/1000. Step time: 958.1ms.
   [Vectorized MCTS] Step 475: 64 games active. Completed: 256/1000. Step time: 955.3ms.
   [Vectorized MCTS] Step 480: 64 games active. Completed: 259/1000. Step time: 962.3ms.
   [Vectorized MCTS] Step 485: 64 games active. Completed: 261/1000. Step time: 962.0ms.
   [Vectorized MCTS] Step 490: 64 games active. Completed: 263/1000. Step time: 969.4ms.
   [Vectorized MCTS] Step 495: 64 games active. Completed: 265/1000. Step time: 968.7ms.
   [Vectorized MCTS] Step 500: 64 games active. Completed: 268/1000. Step time: 963.8ms.
   [Vectorized MCTS] Step 505: 64 games active. Completed: 269/1000. Step time: 964.7ms.
   [Vectorized MCTS] Step 510: 64 games active. Completed: 270/1000. Step time: 969.7ms.
   [Vectorized MCTS] Step 515: 64 games active. Completed: 272/1000. Step time: 959.3ms.
   [Vectorized MCTS] Step 520: 64 games active. Completed: 272/1000. Step time: 968.0ms.
   [Vectorized MCTS] Step 525: 64 games active. Completed: 275/1000. Step time: 961.8ms.
   [Vectorized MCTS] Step 530: 64 games active. Completed: 277/1000. Step time: 982.2ms.
   [Vectorized MCTS] Step 535: 64 games active. Completed: 280/1000. Step time: 962.9ms.
   [Vectorized MCTS] Step 540: 64 games active. Completed: 285/1000. Step time: 959.1ms.
   [Vectorized MCTS] Step 545: 64 games active. Completed: 288/1000. Step time: 967.1ms.
   [Vectorized MCTS] Step 550: 64 games active. Completed: 291/1000. Step time: 962.2ms.
   [Vectorized MCTS] Step 555: 64 games active. Completed: 294/1000. Step time: 966.6ms.
   [Vectorized MCTS] Step 560: 64 games active. Completed: 297/1000. Step time: 964.0ms.
   [Vectorized MCTS] Step 565: 64 games active. Completed: 300/1000. Step time: 966.1ms.
   [Vectorized MCTS] Step 570: 64 games active. Completed: 304/1000. Step time: 964.7ms.
   [Vectorized MCTS] Step 575: 64 games active. Completed: 307/1000. Step time: 980.5ms.
   [Vectorized MCTS] Step 580: 64 games active. Completed: 308/1000. Step time: 968.2ms.
   [Vectorized MCTS] Step 585: 64 games active. Completed: 312/1000. Step time: 953.7ms.
   [Vectorized MCTS] Step 590: 64 games active. Completed: 318/1000. Step time: 959.9ms.
   [Vectorized MCTS] Step 595: 64 games active. Completed: 322/1000. Step time: 958.8ms.
   [Vectorized MCTS] Step 600: 64 games active. Completed: 329/1000. Step time: 962.3ms.
   [Vectorized MCTS] Step 605: 64 games active. Completed: 332/1000. Step time: 960.9ms.
   [Vectorized MCTS] Step 610: 64 games active. Completed: 333/1000. Step time: 959.5ms.
   [Vectorized MCTS] Step 615: 64 games active. Completed: 337/1000. Step time: 963.2ms.
   [Vectorized MCTS] Step 620: 64 games active. Completed: 343/1000. Step time: 958.2ms.
   [Vectorized MCTS] Step 625: 64 games active. Completed: 343/1000. Step time: 962.7ms.
   [Vectorized MCTS] Step 630: 64 games active. Completed: 345/1000. Step time: 978.3ms.
   [Vectorized MCTS] Step 635: 64 games active. Completed: 348/1000. Step time: 953.5ms.
   [Vectorized MCTS] Step 640: 64 games active. Completed: 352/1000. Step time: 944.1ms.
   [Vectorized MCTS] Step 645: 64 games active. Completed: 353/1000. Step time: 953.4ms.
   [Vectorized MCTS] Step 650: 64 games active. Completed: 354/1000. Step time: 955.1ms.
   [Vectorized MCTS] Step 655: 64 games active. Completed: 357/1000. Step time: 959.1ms.
   [Vectorized MCTS] Step 660: 64 games active. Completed: 360/1000. Step time: 950.8ms.
   [Vectorized MCTS] Step 665: 64 games active. Completed: 364/1000. Step time: 950.4ms.
   [Vectorized MCTS] Step 670: 64 games active. Completed: 364/1000. Step time: 947.1ms.
   [Vectorized MCTS] Step 675: 64 games active. Completed: 369/1000. Step time: 942.5ms.
   [Vectorized MCTS] Step 680: 64 games active. Completed: 372/1000. Step time: 946.2ms.
   [Vectorized MCTS] Step 685: 64 games active. Completed: 376/1000. Step time: 941.7ms.
   [Vectorized MCTS] Step 690: 64 games active. Completed: 377/1000. Step time: 944.9ms.
   [Vectorized MCTS] Step 695: 64 games active. Completed: 378/1000. Step time: 940.1ms.
   [Vectorized MCTS] Step 700: 64 games active. Completed: 380/1000. Step time: 948.0ms.
   [Vectorized MCTS] Step 705: 64 games active. Completed: 387/1000. Step time: 946.6ms.
   [Vectorized MCTS] Step 710: 64 games active. Completed: 390/1000. Step time: 937.2ms.
   [Vectorized MCTS] Step 715: 64 games active. Completed: 393/1000. Step time: 940.2ms.
   [Vectorized MCTS] Step 720: 64 games active. Completed: 396/1000. Step time: 949.5ms.
   [Vectorized MCTS] Step 725: 64 games active. Completed: 398/1000. Step time: 945.2ms.
   [Vectorized MCTS] Step 730: 64 games active. Completed: 399/1000. Step time: 938.6ms.
   [Vectorized MCTS] Step 735: 64 games active. Completed: 401/1000. Step time: 942.6ms.
   [Vectorized MCTS] Step 740: 64 games active. Completed: 402/1000. Step time: 949.6ms.
   [Vectorized MCTS] Step 745: 64 games active. Completed: 406/1000. Step time: 943.1ms.
   [Vectorized MCTS] Step 750: 64 games active. Completed: 411/1000. Step time: 937.4ms.
   [Vectorized MCTS] Step 755: 64 games active. Completed: 413/1000. Step time: 950.8ms.
   [Vectorized MCTS] Step 760: 64 games active. Completed: 416/1000. Step time: 963.4ms.
   [Vectorized MCTS] Step 765: 64 games active. Completed: 421/1000. Step time: 945.1ms.
   [Vectorized MCTS] Step 770: 64 games active. Completed: 422/1000. Step time: 944.2ms.
   [Vectorized MCTS] Step 775: 64 games active. Completed: 425/1000. Step time: 961.6ms.
   [Vectorized MCTS] Step 780: 64 games active. Completed: 430/1000. Step time: 952.8ms.
   [Vectorized MCTS] Step 785: 64 games active. Completed: 432/1000. Step time: 959.9ms.
   [Vectorized MCTS] Step 790: 64 games active. Completed: 437/1000. Step time: 955.1ms.
   [Vectorized MCTS] Step 795: 64 games active. Completed: 445/1000. Step time: 964.3ms.
   [Vectorized MCTS] Step 800: 64 games active. Completed: 450/1000. Step time: 966.3ms.
   [Vectorized MCTS] Step 805: 64 games active. Completed: 452/1000. Step time: 956.1ms.
   [Vectorized MCTS] Step 810: 64 games active. Completed: 453/1000. Step time: 966.5ms.
   [Vectorized MCTS] Step 815: 64 games active. Completed: 455/1000. Step time: 961.0ms.
   [Vectorized MCTS] Step 820: 64 games active. Completed: 456/1000. Step time: 965.8ms.
   [Vectorized MCTS] Step 825: 64 games active. Completed: 458/1000. Step time: 978.3ms.
   [Vectorized MCTS] Step 830: 64 games active. Completed: 459/1000. Step time: 964.1ms.
   [Vectorized MCTS] Step 835: 64 games active. Completed: 460/1000. Step time: 963.6ms.
   [Vectorized MCTS] Step 840: 64 games active. Completed: 461/1000. Step time: 974.0ms.
   [Vectorized MCTS] Step 845: 64 games active. Completed: 466/1000. Step time: 967.6ms.
   [Vectorized MCTS] Step 850: 64 games active. Completed: 467/1000. Step time: 963.0ms.
   [Vectorized MCTS] Step 855: 64 games active. Completed: 469/1000. Step time: 972.6ms.
   [Vectorized MCTS] Step 860: 64 games active. Completed: 471/1000. Step time: 967.1ms.
   [Vectorized MCTS] Step 865: 64 games active. Completed: 472/1000. Step time: 956.8ms.
   [Vectorized MCTS] Step 870: 64 games active. Completed: 478/1000. Step time: 951.8ms.
   [Vectorized MCTS] Step 875: 64 games active. Completed: 479/1000. Step time: 959.9ms.
   [Vectorized MCTS] Step 880: 64 games active. Completed: 483/1000. Step time: 954.7ms.
   [Vectorized MCTS] Step 885: 64 games active. Completed: 488/1000. Step time: 958.1ms.
   [Vectorized MCTS] Step 890: 64 games active. Completed: 490/1000. Step time: 958.8ms.
   [Vectorized MCTS] Step 895: 64 games active. Completed: 493/1000. Step time: 952.6ms.
   [Vectorized MCTS] Step 900: 64 games active. Completed: 496/1000. Step time: 956.7ms.
   [Vectorized MCTS] Step 905: 64 games active. Completed: 501/1000. Step time: 949.7ms.
   [Vectorized MCTS] Step 910: 64 games active. Completed: 503/1000. Step time: 952.1ms.
   [Vectorized MCTS] Step 915: 64 games active. Completed: 506/1000. Step time: 953.6ms.
   [Vectorized MCTS] Step 920: 64 games active. Completed: 509/1000. Step time: 952.1ms.
   [Vectorized MCTS] Step 925: 64 games active. Completed: 515/1000. Step time: 950.5ms.
   [Vectorized MCTS] Step 930: 64 games active. Completed: 520/1000. Step time: 945.5ms.
   [Vectorized MCTS] Step 935: 64 games active. Completed: 524/1000. Step time: 958.4ms.
   [Vectorized MCTS] Step 940: 64 games active. Completed: 525/1000. Step time: 941.9ms.
   [Vectorized MCTS] Step 945: 64 games active. Completed: 526/1000. Step time: 938.0ms.
   [Vectorized MCTS] Step 950: 64 games active. Completed: 528/1000. Step time: 950.5ms.
   [Vectorized MCTS] Step 955: 64 games active. Completed: 530/1000. Step time: 944.5ms.
   [Vectorized MCTS] Step 960: 64 games active. Completed: 531/1000. Step time: 977.3ms.
   [Vectorized MCTS] Step 965: 64 games active. Completed: 534/1000. Step time: 945.7ms.
   [Vectorized MCTS] Step 970: 64 games active. Completed: 536/1000. Step time: 936.8ms.
   [Vectorized MCTS] Step 975: 64 games active. Completed: 538/1000. Step time: 942.1ms.
   [Vectorized MCTS] Step 980: 64 games active. Completed: 540/1000. Step time: 937.4ms.
   [Vectorized MCTS] Step 985: 64 games active. Completed: 541/1000. Step time: 947.4ms.
   [Vectorized MCTS] Step 990: 64 games active. Completed: 542/1000. Step time: 935.9ms.
   [Vectorized MCTS] Step 995: 64 games active. Completed: 546/1000. Step time: 937.8ms.
   [Vectorized MCTS] Step 1000: 64 games active. Completed: 549/1000. Step time: 943.7ms.
   [Vectorized MCTS] Step 1005: 64 games active. Completed: 552/1000. Step time: 948.6ms.
   [Vectorized MCTS] Step 1010: 64 games active. Completed: 556/1000. Step time: 950.6ms.
   [Vectorized MCTS] Step 1015: 64 games active. Completed: 559/1000. Step time: 943.5ms.
   [Vectorized MCTS] Step 1020: 64 games active. Completed: 562/1000. Step time: 960.1ms.
   [Vectorized MCTS] Step 1025: 64 games active. Completed: 565/1000. Step time: 972.0ms.
   [Vectorized MCTS] Step 1030: 64 games active. Completed: 569/1000. Step time: 958.9ms.
   [Vectorized MCTS] Step 1035: 64 games active. Completed: 574/1000. Step time: 957.5ms.
   [Vectorized MCTS] Step 1040: 64 games active. Completed: 577/1000. Step time: 950.3ms.
   [Vectorized MCTS] Step 1045: 64 games active. Completed: 580/1000. Step time: 962.9ms.
   [Vectorized MCTS] Step 1050: 64 games active. Completed: 581/1000. Step time: 960.8ms.
   [Vectorized MCTS] Step 1055: 64 games active. Completed: 582/1000. Step time: 961.2ms.
   [Vectorized MCTS] Step 1060: 64 games active. Completed: 582/1000. Step time: 958.9ms.
   [Vectorized MCTS] Step 1065: 64 games active. Completed: 587/1000. Step time: 962.1ms.
   [Vectorized MCTS] Step 1070: 64 games active. Completed: 588/1000. Step time: 961.3ms.
   [Vectorized MCTS] Step 1075: 64 games active. Completed: 591/1000. Step time: 962.2ms.
   [Vectorized MCTS] Step 1080: 64 games active. Completed: 595/1000. Step time: 964.4ms.
   [Vectorized MCTS] Step 1085: 64 games active. Completed: 596/1000. Step time: 955.0ms.
   [Vectorized MCTS] Step 1090: 64 games active. Completed: 601/1000. Step time: 960.2ms.
   [Vectorized MCTS] Step 1095: 64 games active. Completed: 605/1000. Step time: 952.1ms.
   [Vectorized MCTS] Step 1100: 64 games active. Completed: 608/1000. Step time: 945.7ms.
   [Vectorized MCTS] Step 1105: 64 games active. Completed: 611/1000. Step time: 952.1ms.
   [Vectorized MCTS] Step 1110: 64 games active. Completed: 615/1000. Step time: 949.9ms.
   [Vectorized MCTS] Step 1115: 64 games active. Completed: 616/1000. Step time: 948.0ms.
   [Vectorized MCTS] Step 1120: 64 games active. Completed: 622/1000. Step time: 945.8ms.
   [Vectorized MCTS] Step 1125: 64 games active. Completed: 625/1000. Step time: 967.1ms.
   [Vectorized MCTS] Step 1130: 64 games active. Completed: 627/1000. Step time: 954.9ms.
   [Vectorized MCTS] Step 1135: 64 games active. Completed: 629/1000. Step time: 943.5ms.
   [Vectorized MCTS] Step 1140: 64 games active. Completed: 633/1000. Step time: 954.0ms.
   [Vectorized MCTS] Step 1145: 64 games active. Completed: 636/1000. Step time: 936.9ms.
   [Vectorized MCTS] Step 1150: 64 games active. Completed: 639/1000. Step time: 937.4ms.
   [Vectorized MCTS] Step 1155: 64 games active. Completed: 642/1000. Step time: 938.7ms.
   [Vectorized MCTS] Step 1160: 64 games active. Completed: 644/1000. Step time: 943.1ms.
   [Vectorized MCTS] Step 1165: 64 games active. Completed: 646/1000. Step time: 944.3ms.
   [Vectorized MCTS] Step 1170: 64 games active. Completed: 650/1000. Step time: 941.0ms.
   [Vectorized MCTS] Step 1175: 64 games active. Completed: 657/1000. Step time: 945.3ms.
   [Vectorized MCTS] Step 1180: 64 games active. Completed: 658/1000. Step time: 950.6ms.
   [Vectorized MCTS] Step 1185: 64 games active. Completed: 663/1000. Step time: 949.8ms.
   [Vectorized MCTS] Step 1190: 64 games active. Completed: 665/1000. Step time: 951.5ms.
   [Vectorized MCTS] Step 1195: 64 games active. Completed: 669/1000. Step time: 951.2ms.
   [Vectorized MCTS] Step 1200: 64 games active. Completed: 671/1000. Step time: 955.1ms.
   [Vectorized MCTS] Step 1205: 64 games active. Completed: 675/1000. Step time: 956.3ms.
   [Vectorized MCTS] Step 1210: 64 games active. Completed: 677/1000. Step time: 955.2ms.
   [Vectorized MCTS] Step 1215: 64 games active. Completed: 679/1000. Step time: 946.5ms.
   [Vectorized MCTS] Step 1220: 64 games active. Completed: 679/1000. Step time: 962.4ms.
   [Vectorized MCTS] Step 1225: 64 games active. Completed: 683/1000. Step time: 980.7ms.
   [Vectorized MCTS] Step 1230: 64 games active. Completed: 685/1000. Step time: 967.6ms.
   [Vectorized MCTS] Step 1235: 64 games active. Completed: 688/1000. Step time: 960.7ms.
   [Vectorized MCTS] Step 1240: 64 games active. Completed: 689/1000. Step time: 959.0ms.
   [Vectorized MCTS] Step 1245: 64 games active. Completed: 693/1000. Step time: 965.2ms.
   [Vectorized MCTS] Step 1250: 64 games active. Completed: 697/1000. Step time: 962.9ms.
   [Vectorized MCTS] Step 1255: 64 games active. Completed: 697/1000. Step time: 959.6ms.
   [Vectorized MCTS] Step 1260: 64 games active. Completed: 698/1000. Step time: 963.7ms.
   [Vectorized MCTS] Step 1265: 64 games active. Completed: 703/1000. Step time: 960.0ms.
   [Vectorized MCTS] Step 1270: 64 games active. Completed: 710/1000. Step time: 962.9ms.
   [Vectorized MCTS] Step 1275: 64 games active. Completed: 712/1000. Step time: 962.5ms.
   [Vectorized MCTS] Step 1280: 64 games active. Completed: 713/1000. Step time: 961.7ms.
   [Vectorized MCTS] Step 1285: 64 games active. Completed: 716/1000. Step time: 954.0ms.
   [Vectorized MCTS] Step 1290: 64 games active. Completed: 722/1000. Step time: 958.9ms.
   [Vectorized MCTS] Step 1295: 64 games active. Completed: 724/1000. Step time: 955.9ms.
   [Vectorized MCTS] Step 1300: 64 games active. Completed: 725/1000. Step time: 958.0ms.
   [Vectorized MCTS] Step 1305: 64 games active. Completed: 727/1000. Step time: 952.7ms.
   [Vectorized MCTS] Step 1310: 64 games active. Completed: 729/1000. Step time: 953.9ms.
   [Vectorized MCTS] Step 1315: 64 games active. Completed: 734/1000. Step time: 949.9ms.
   [Vectorized MCTS] Step 1320: 64 games active. Completed: 739/1000. Step time: 945.6ms.
   [Vectorized MCTS] Step 1325: 64 games active. Completed: 744/1000. Step time: 945.1ms.
   [Vectorized MCTS] Step 1330: 64 games active. Completed: 745/1000. Step time: 939.7ms.
   [Vectorized MCTS] Step 1335: 64 games active. Completed: 751/1000. Step time: 939.3ms.
   [Vectorized MCTS] Step 1340: 64 games active. Completed: 756/1000. Step time: 940.0ms.
   [Vectorized MCTS] Step 1345: 64 games active. Completed: 759/1000. Step time: 935.3ms.
   [Vectorized MCTS] Step 1350: 64 games active. Completed: 760/1000. Step time: 941.4ms.
   [Vectorized MCTS] Step 1355: 64 games active. Completed: 761/1000. Step time: 940.5ms.
   [Vectorized MCTS] Step 1360: 64 games active. Completed: 764/1000. Step time: 937.4ms.
   [Vectorized MCTS] Step 1365: 64 games active. Completed: 767/1000. Step time: 942.3ms.
   [Vectorized MCTS] Step 1370: 64 games active. Completed: 769/1000. Step time: 940.6ms.
   [Vectorized MCTS] Step 1375: 64 games active. Completed: 771/1000. Step time: 938.2ms.
   [Vectorized MCTS] Step 1380: 64 games active. Completed: 772/1000. Step time: 942.4ms.
   [Vectorized MCTS] Step 1385: 64 games active. Completed: 773/1000. Step time: 945.2ms.
   [Vectorized MCTS] Step 1390: 64 games active. Completed: 775/1000. Step time: 949.1ms.
   [Vectorized MCTS] Step 1395: 64 games active. Completed: 778/1000. Step time: 947.6ms.
   [Vectorized MCTS] Step 1400: 64 games active. Completed: 780/1000. Step time: 950.3ms.
   [Vectorized MCTS] Step 1405: 64 games active. Completed: 784/1000. Step time: 955.6ms.
   [Vectorized MCTS] Step 1410: 64 games active. Completed: 785/1000. Step time: 952.2ms.
   [Vectorized MCTS] Step 1415: 64 games active. Completed: 791/1000. Step time: 956.0ms.
   [Vectorized MCTS] Step 1420: 64 games active. Completed: 793/1000. Step time: 958.8ms.
   [Vectorized MCTS] Step 1425: 64 games active. Completed: 795/1000. Step time: 962.0ms.
   [Vectorized MCTS] Step 1430: 64 games active. Completed: 799/1000. Step time: 964.3ms.
   [Vectorized MCTS] Step 1435: 64 games active. Completed: 806/1000. Step time: 964.2ms.
   [Vectorized MCTS] Step 1440: 64 games active. Completed: 811/1000. Step time: 966.4ms.
   [Vectorized MCTS] Step 1445: 64 games active. Completed: 815/1000. Step time: 964.0ms.
   [Vectorized MCTS] Step 1450: 64 games active. Completed: 818/1000. Step time: 959.9ms.
   [Vectorized MCTS] Step 1455: 64 games active. Completed: 820/1000. Step time: 968.3ms.
   [Vectorized MCTS] Step 1460: 64 games active. Completed: 822/1000. Step time: 970.2ms.
   [Vectorized MCTS] Step 1465: 64 games active. Completed: 825/1000. Step time: 961.3ms.
   [Vectorized MCTS] Step 1470: 64 games active. Completed: 827/1000. Step time: 964.2ms.
   [Vectorized MCTS] Step 1475: 64 games active. Completed: 828/1000. Step time: 955.0ms.
   [Vectorized MCTS] Step 1480: 64 games active. Completed: 829/1000. Step time: 970.3ms.
   [Vectorized MCTS] Step 1485: 64 games active. Completed: 834/1000. Step time: 951.5ms.
   [Vectorized MCTS] Step 1490: 64 games active. Completed: 834/1000. Step time: 955.7ms.
   [Vectorized MCTS] Step 1495: 64 games active. Completed: 838/1000. Step time: 949.4ms.
   [Vectorized MCTS] Step 1500: 64 games active. Completed: 843/1000. Step time: 954.5ms.
   [Vectorized MCTS] Step 1505: 64 games active. Completed: 848/1000. Step time: 949.0ms.
   [Vectorized MCTS] Step 1510: 64 games active. Completed: 849/1000. Step time: 943.6ms.
   [Vectorized MCTS] Step 1515: 64 games active. Completed: 851/1000. Step time: 938.1ms.
   [Vectorized MCTS] Step 1520: 64 games active. Completed: 854/1000. Step time: 939.5ms.
   [Vectorized MCTS] Step 1525: 64 games active. Completed: 857/1000. Step time: 951.9ms.
   [Vectorized MCTS] Step 1530: 64 games active. Completed: 859/1000. Step time: 937.4ms.
   [Vectorized MCTS] Step 1535: 64 games active. Completed: 864/1000. Step time: 937.4ms.
   [Vectorized MCTS] Step 1540: 64 games active. Completed: 868/1000. Step time: 937.2ms.
   [Vectorized MCTS] Step 1545: 64 games active. Completed: 871/1000. Step time: 945.5ms.
   [Vectorized MCTS] Step 1550: 64 games active. Completed: 872/1000. Step time: 942.0ms.
   [Vectorized MCTS] Step 1555: 64 games active. Completed: 877/1000. Step time: 931.4ms.
   [Vectorized MCTS] Step 1560: 64 games active. Completed: 879/1000. Step time: 938.7ms.
   [Vectorized MCTS] Step 1565: 64 games active. Completed: 881/1000. Step time: 947.6ms.
   [Vectorized MCTS] Step 1570: 64 games active. Completed: 882/1000. Step time: 943.9ms.
   [Vectorized MCTS] Step 1575: 64 games active. Completed: 886/1000. Step time: 944.5ms.
   [Vectorized MCTS] Step 1580: 64 games active. Completed: 890/1000. Step time: 951.2ms.
   [Vectorized MCTS] Step 1585: 64 games active. Completed: 895/1000. Step time: 953.4ms.
   [Vectorized MCTS] Step 1590: 64 games active. Completed: 899/1000. Step time: 961.7ms.
   [Vectorized MCTS] Step 1595: 64 games active. Completed: 900/1000. Step time: 957.4ms.
   [Vectorized MCTS] Step 1600: 64 games active. Completed: 902/1000. Step time: 957.7ms.
   [Vectorized MCTS] Step 1605: 64 games active. Completed: 905/1000. Step time: 955.5ms.
   [Vectorized MCTS] Step 1610: 64 games active. Completed: 909/1000. Step time: 961.3ms.
   [Vectorized MCTS] Step 1615: 64 games active. Completed: 914/1000. Step time: 961.4ms.
   [Vectorized MCTS] Step 1620: 64 games active. Completed: 917/1000. Step time: 960.9ms.
   [Vectorized MCTS] Step 1625: 64 games active. Completed: 918/1000. Step time: 958.5ms.
   [Vectorized MCTS] Step 1630: 64 games active. Completed: 923/1000. Step time: 972.6ms.
   [Vectorized MCTS] Step 1635: 64 games active. Completed: 928/1000. Step time: 960.6ms.
   [Vectorized MCTS] Step 1640: 64 games active. Completed: 930/1000. Step time: 956.7ms.
   [Vectorized MCTS] Step 1645: 64 games active. Completed: 930/1000. Step time: 965.8ms.
   [Vectorized MCTS] Step 1650: 64 games active. Completed: 936/1000. Step time: 964.5ms.
   [Vectorized MCTS] Step 1655: 61 games active. Completed: 939/1000. Step time: 988.3ms.
   [Vectorized MCTS] Step 1660: 59 games active. Completed: 941/1000. Step time: 948.4ms.
   [Vectorized MCTS] Step 1665: 56 games active. Completed: 944/1000. Step time: 924.1ms.
   [Vectorized MCTS] Step 1670: 56 games active. Completed: 944/1000. Step time: 901.8ms.
   [Vectorized MCTS] Step 1675: 52 games active. Completed: 948/1000. Step time: 823.5ms.
   [Vectorized MCTS] Step 1680: 50 games active. Completed: 950/1000. Step time: 698.4ms.
   [Vectorized MCTS] Step 1685: 44 games active. Completed: 956/1000. Step time: 636.3ms.
   [Vectorized MCTS] Step 1690: 42 games active. Completed: 958/1000. Step time: 629.8ms.
   [Vectorized MCTS] Step 1695: 38 games active. Completed: 962/1000. Step time: 550.0ms.
   [Vectorized MCTS] Step 1700: 35 games active. Completed: 965/1000. Step time: 510.9ms.
   [Vectorized MCTS] Step 1705: 33 games active. Completed: 967/1000. Step time: 516.7ms.
   [Vectorized MCTS] Step 1710: 31 games active. Completed: 969/1000. Step time: 465.7ms.
   [Vectorized MCTS] Step 1715: 25 games active. Completed: 975/1000. Step time: 424.9ms.
   [Vectorized MCTS] Step 1720: 24 games active. Completed: 976/1000. Step time: 388.4ms.
   [Vectorized MCTS] Step 1725: 21 games active. Completed: 979/1000. Step time: 352.2ms.
   [Vectorized MCTS] Step 1730: 20 games active. Completed: 980/1000. Step time: 336.7ms.
   [Vectorized MCTS] Step 1735: 18 games active. Completed: 982/1000. Step time: 292.0ms.
   [Vectorized MCTS] Step 1740: 16 games active. Completed: 984/1000. Step time: 282.5ms.
   [Vectorized MCTS] Step 1745: 16 games active. Completed: 984/1000. Step time: 288.5ms.
   [Vectorized MCTS] Step 1750: 14 games active. Completed: 986/1000. Step time: 273.1ms.
   [Vectorized MCTS] Step 1755: 12 games active. Completed: 988/1000. Step time: 227.6ms.
   [Vectorized MCTS] Step 1760: 11 games active. Completed: 989/1000. Step time: 211.3ms.
   [Vectorized MCTS] Step 1765: 10 games active. Completed: 990/1000. Step time: 233.0ms.
   [Vectorized MCTS] Step 1770: 07 games active. Completed: 993/1000. Step time: 207.6ms.
   [Vectorized MCTS] Step 1775: 06 games active. Completed: 994/1000. Step time: 188.2ms.
   [Vectorized MCTS] Step 1780: 05 games active. Completed: 995/1000. Step time: 193.2ms.
   [Vectorized MCTS] Step 1785: 05 games active. Completed: 995/1000. Step time: 186.8ms.
   [Vectorized MCTS] Step 1790: 05 games active. Completed: 995/1000. Step time: 183.8ms.
   [Vectorized MCTS] Step 1795: 04 games active. Completed: 996/1000. Step time: 170.9ms.
   [Vectorized MCTS] Step 1800: 03 games active. Completed: 997/1000. Step time: 149.6ms.
   [Vectorized MCTS] Step 1805: 03 games active. Completed: 997/1000. Step time: 149.6ms.
   [Vectorized MCTS] Step 1810: 03 games active. Completed: 997/1000. Step time: 159.6ms.
   [Vectorized MCTS] Step 1813: 00 games active. Completed: 1000/1000. Step time: 127.6ms.

Collection completed in 1642.0 seconds (1.642s/game average).
