Starting self-play collection using /Users/nilbot/playground/autogo-mlx/experiments/001_train_from_scratch/checkpoints/iter9.safetensors
--> Progressive sims enabled. Iteration 9 -> 64 simulations.
Config: num-games=1000, simulations=64, workers=8
--> Starting pool-swapping selfplay for all 1000 games with max_active_games=64...
   [Vectorized MCTS] Step 001: 64 games active. Completed: 0/1000. Step time: 3861.5ms.
   [Vectorized MCTS] Step 005: 64 games active. Completed: 0/1000. Step time: 3871.7ms.
   [Vectorized MCTS] Step 010: 64 games active. Completed: 0/1000. Step time: 3875.7ms.
   [Vectorized MCTS] Step 015: 64 games active. Completed: 0/1000. Step time: 3882.5ms.
   [Vectorized MCTS] Step 020: 64 games active. Completed: 0/1000. Step time: 3877.9ms.
   [Vectorized MCTS] Step 025: 64 games active. Completed: 0/1000. Step time: 3887.6ms.
   [Vectorized MCTS] Step 030: 64 games active. Completed: 0/1000. Step time: 3864.3ms.
   [Vectorized MCTS] Step 035: 64 games active. Completed: 0/1000. Step time: 3895.8ms.
   [Vectorized MCTS] Step 040: 64 games active. Completed: 0/1000. Step time: 3890.8ms.
   [Vectorized MCTS] Step 045: 64 games active. Completed: 0/1000. Step time: 3898.5ms.
   [Vectorized MCTS] Step 050: 64 games active. Completed: 0/1000. Step time: 3901.6ms.
   [Vectorized MCTS] Step 055: 64 games active. Completed: 0/1000. Step time: 3908.8ms.
   [Vectorized MCTS] Step 060: 64 games active. Completed: 1/1000. Step time: 3881.1ms.
   [Vectorized MCTS] Step 065: 64 games active. Completed: 1/1000. Step time: 3892.2ms.
   [Vectorized MCTS] Step 070: 64 games active. Completed: 2/1000. Step time: 3878.2ms.
   [Vectorized MCTS] Step 075: 64 games active. Completed: 2/1000. Step time: 3891.4ms.
   [Vectorized MCTS] Step 080: 64 games active. Completed: 2/1000. Step time: 3905.8ms.
   [Vectorized MCTS] Step 085: 64 games active. Completed: 3/1000. Step time: 3912.9ms.
   [Vectorized MCTS] Step 090: 64 games active. Completed: 4/1000. Step time: 3883.2ms.
   [Vectorized MCTS] Step 095: 64 games active. Completed: 4/1000. Step time: 3896.6ms.
   [Vectorized MCTS] Step 100: 64 games active. Completed: 4/1000. Step time: 3889.9ms.
   [Vectorized MCTS] Step 105: 64 games active. Completed: 4/1000. Step time: 3886.7ms.
   [Vectorized MCTS] Step 110: 64 games active. Completed: 4/1000. Step time: 3877.9ms.
   [Vectorized MCTS] Step 115: 64 games active. Completed: 4/1000. Step time: 3903.2ms.
   [Vectorized MCTS] Step 120: 64 games active. Completed: 5/1000. Step time: 3888.3ms.
   [Vectorized MCTS] Step 125: 64 games active. Completed: 6/1000. Step time: 3884.6ms.
   [Vectorized MCTS] Step 130: 64 games active. Completed: 6/1000. Step time: 3884.0ms.
   [Vectorized MCTS] Step 135: 64 games active. Completed: 6/1000. Step time: 3870.0ms.
   [Vectorized MCTS] Step 140: 64 games active. Completed: 7/1000. Step time: 3861.6ms.
   [Vectorized MCTS] Step 145: 64 games active. Completed: 8/1000. Step time: 3843.0ms.
   [Vectorized MCTS] Step 150: 64 games active. Completed: 8/1000. Step time: 3842.4ms.
   [Vectorized MCTS] Step 155: 64 games active. Completed: 9/1000. Step time: 3814.9ms.
   [Vectorized MCTS] Step 160: 64 games active. Completed: 27/1000. Step time: 3825.0ms.
   [Vectorized MCTS] Step 165: 64 games active. Completed: 64/1000. Step time: 3873.2ms.
   [Vectorized MCTS] Step 170: 64 games active. Completed: 64/1000. Step time: 3870.2ms.
   [Vectorized MCTS] Step 175: 64 games active. Completed: 64/1000. Step time: 3882.6ms.
   [Vectorized MCTS] Step 180: 64 games active. Completed: 64/1000. Step time: 3892.3ms.
   [Vectorized MCTS] Step 185: 64 games active. Completed: 64/1000. Step time: 3902.3ms.
   [Vectorized MCTS] Step 190: 64 games active. Completed: 64/1000. Step time: 3896.4ms.
   [Vectorized MCTS] Step 195: 64 games active. Completed: 64/1000. Step time: 3883.0ms.
   [Vectorized MCTS] Step 200: 64 games active. Completed: 64/1000. Step time: 3896.1ms.
   [Vectorized MCTS] Step 205: 64 games active. Completed: 64/1000. Step time: 3881.3ms.
   [Vectorized MCTS] Step 210: 64 games active. Completed: 64/1000. Step time: 3879.0ms.
   [Vectorized MCTS] Step 215: 64 games active. Completed: 65/1000. Step time: 3875.2ms.
   [Vectorized MCTS] Step 220: 64 games active. Completed: 66/1000. Step time: 3875.4ms.
   [Vectorized MCTS] Step 225: 64 games active. Completed: 68/1000. Step time: 3878.1ms.
   [Vectorized MCTS] Step 230: 64 games active. Completed: 69/1000. Step time: 3887.6ms.
   [Vectorized MCTS] Step 235: 64 games active. Completed: 69/1000. Step time: 3891.6ms.
   [Vectorized MCTS] Step 240: 64 games active. Completed: 71/1000. Step time: 3904.0ms.
   [Vectorized MCTS] Step 245: 64 games active. Completed: 73/1000. Step time: 3891.2ms.
   [Vectorized MCTS] Step 250: 64 games active. Completed: 75/1000. Step time: 3901.9ms.
   [Vectorized MCTS] Step 255: 64 games active. Completed: 75/1000. Step time: 3894.3ms.
   [Vectorized MCTS] Step 260: 64 games active. Completed: 75/1000. Step time: 3888.5ms.
   [Vectorized MCTS] Step 265: 64 games active. Completed: 75/1000. Step time: 3878.3ms.
   [Vectorized MCTS] Step 270: 64 games active. Completed: 75/1000. Step time: 3908.2ms.
   [Vectorized MCTS] Step 275: 64 games active. Completed: 75/1000. Step time: 4011.4ms.
   [Vectorized MCTS] Step 280: 64 games active. Completed: 76/1000. Step time: 3880.7ms.
   [Vectorized MCTS] Step 285: 64 games active. Completed: 78/1000. Step time: 3886.7ms.
   [Vectorized MCTS] Step 290: 64 games active. Completed: 80/1000. Step time: 3869.1ms.
   [Vectorized MCTS] Step 295: 64 games active. Completed: 80/1000. Step time: 3876.3ms.
   [Vectorized MCTS] Step 300: 64 games active. Completed: 81/1000. Step time: 3862.3ms.
   [Vectorized MCTS] Step 305: 64 games active. Completed: 81/1000. Step time: 3859.0ms.
   [Vectorized MCTS] Step 310: 64 games active. Completed: 84/1000. Step time: 3860.9ms.
   [Vectorized MCTS] Step 315: 64 games active. Completed: 88/1000. Step time: 3847.7ms.
   [Vectorized MCTS] Step 320: 64 games active. Completed: 101/1000. Step time: 3842.4ms.
   [Vectorized MCTS] Step 325: 64 games active. Completed: 131/1000. Step time: 3880.4ms.
   [Vectorized MCTS] Step 330: 64 games active. Completed: 131/1000. Step time: 3867.1ms.
   [Vectorized MCTS] Step 335: 64 games active. Completed: 131/1000. Step time: 3884.8ms.
   [Vectorized MCTS] Step 340: 64 games active. Completed: 131/1000. Step time: 3890.5ms.
   [Vectorized MCTS] Step 345: 64 games active. Completed: 131/1000. Step time: 3891.1ms.
   [Vectorized MCTS] Step 350: 64 games active. Completed: 132/1000. Step time: 3879.0ms.
   [Vectorized MCTS] Step 355: 64 games active. Completed: 133/1000. Step time: 3872.6ms.
   [Vectorized MCTS] Step 360: 64 games active. Completed: 133/1000. Step time: 3864.7ms.
   [Vectorized MCTS] Step 365: 64 games active. Completed: 133/1000. Step time: 3870.5ms.
   [Vectorized MCTS] Step 370: 64 games active. Completed: 133/1000. Step time: 3876.4ms.
   [Vectorized MCTS] Step 375: 64 games active. Completed: 133/1000. Step time: 3868.9ms.
   [Vectorized MCTS] Step 380: 64 games active. Completed: 135/1000. Step time: 3849.9ms.
   [Vectorized MCTS] Step 385: 64 games active. Completed: 137/1000. Step time: 3899.0ms.
   [Vectorized MCTS] Step 390: 64 games active. Completed: 138/1000. Step time: 3906.7ms.
   [Vectorized MCTS] Step 395: 64 games active. Completed: 139/1000. Step time: 3916.0ms.
   [Vectorized MCTS] Step 400: 64 games active. Completed: 139/1000. Step time: 3883.2ms.
   [Vectorized MCTS] Step 405: 64 games active. Completed: 139/1000. Step time: 3901.0ms.
   [Vectorized MCTS] Step 410: 64 games active. Completed: 141/1000. Step time: 3887.3ms.
   [Vectorized MCTS] Step 415: 64 games active. Completed: 141/1000. Step time: 3886.7ms.
   [Vectorized MCTS] Step 420: 64 games active. Completed: 142/1000. Step time: 3900.4ms.
   [Vectorized MCTS] Step 425: 64 games active. Completed: 142/1000. Step time: 3900.1ms.
   [Vectorized MCTS] Step 430: 64 games active. Completed: 143/1000. Step time: 3870.3ms.
   [Vectorized MCTS] Step 435: 64 games active. Completed: 143/1000. Step time: 3892.4ms.
   [Vectorized MCTS] Step 440: 64 games active. Completed: 144/1000. Step time: 3866.9ms.
   [Vectorized MCTS] Step 445: 64 games active. Completed: 145/1000. Step time: 3890.0ms.
   [Vectorized MCTS] Step 450: 64 games active. Completed: 148/1000. Step time: 3888.4ms.
   [Vectorized MCTS] Step 455: 64 games active. Completed: 148/1000. Step time: 3885.3ms.
   [Vectorized MCTS] Step 460: 64 games active. Completed: 148/1000. Step time: 3856.8ms.
   [Vectorized MCTS] Step 465: 64 games active. Completed: 148/1000. Step time: 3853.7ms.
   [Vectorized MCTS] Step 470: 64 games active. Completed: 151/1000. Step time: 3860.9ms.
   [Vectorized MCTS] Step 475: 64 games active. Completed: 155/1000. Step time: 3855.1ms.
   [Vectorized MCTS] Step 480: 64 games active. Completed: 169/1000. Step time: 3856.4ms.
   [Vectorized MCTS] Step 485: 64 games active. Completed: 189/1000. Step time: 3874.7ms.
   [Vectorized MCTS] Step 490: 64 games active. Completed: 196/1000. Step time: 3880.2ms.
   [Vectorized MCTS] Step 495: 64 games active. Completed: 196/1000. Step time: 3885.8ms.
   [Vectorized MCTS] Step 500: 64 games active. Completed: 196/1000. Step time: 3881.0ms.
   [Vectorized MCTS] Step 505: 64 games active. Completed: 196/1000. Step time: 3882.4ms.
   [Vectorized MCTS] Step 510: 64 games active. Completed: 197/1000. Step time: 3885.0ms.
   [Vectorized MCTS] Step 515: 64 games active. Completed: 198/1000. Step time: 3907.0ms.
   [Vectorized MCTS] Step 520: 64 games active. Completed: 198/1000. Step time: 3893.2ms.
   [Vectorized MCTS] Step 525: 64 games active. Completed: 199/1000. Step time: 3899.6ms.
   [Vectorized MCTS] Step 530: 64 games active. Completed: 199/1000. Step time: 3899.4ms.
   [Vectorized MCTS] Step 535: 64 games active. Completed: 199/1000. Step time: 3905.0ms.
   [Vectorized MCTS] Step 540: 64 games active. Completed: 201/1000. Step time: 3892.4ms.
   [Vectorized MCTS] Step 545: 64 games active. Completed: 202/1000. Step time: 3899.9ms.
   [Vectorized MCTS] Step 550: 64 games active. Completed: 203/1000. Step time: 3883.2ms.
   [Vectorized MCTS] Step 555: 64 games active. Completed: 204/1000. Step time: 3890.6ms.
   [Vectorized MCTS] Step 560: 64 games active. Completed: 205/1000. Step time: 3892.2ms.
   [Vectorized MCTS] Step 565: 64 games active. Completed: 207/1000. Step time: 3892.5ms.
   [Vectorized MCTS] Step 570: 64 games active. Completed: 208/1000. Step time: 3911.8ms.
   [Vectorized MCTS] Step 575: 64 games active. Completed: 209/1000. Step time: 3884.5ms.
   [Vectorized MCTS] Step 580: 64 games active. Completed: 210/1000. Step time: 3893.7ms.
   [Vectorized MCTS] Step 585: 64 games active. Completed: 211/1000. Step time: 3882.8ms.
   [Vectorized MCTS] Step 590: 64 games active. Completed: 212/1000. Step time: 3894.4ms.
   [Vectorized MCTS] Step 595: 64 games active. Completed: 212/1000. Step time: 3882.3ms.
   [Vectorized MCTS] Step 600: 64 games active. Completed: 214/1000. Step time: 3880.7ms.
   [Vectorized MCTS] Step 605: 64 games active. Completed: 215/1000. Step time: 3894.3ms.
   [Vectorized MCTS] Step 610: 64 games active. Completed: 220/1000. Step time: 3908.2ms.
   [Vectorized MCTS] Step 615: 64 games active. Completed: 220/1000. Step time: 3892.9ms.
   [Vectorized MCTS] Step 620: 64 games active. Completed: 220/1000. Step time: 3884.9ms.
   [Vectorized MCTS] Step 625: 64 games active. Completed: 221/1000. Step time: 3890.0ms.
   [Vectorized MCTS] Step 630: 64 games active. Completed: 222/1000. Step time: 3852.8ms.
   [Vectorized MCTS] Step 635: 64 games active. Completed: 226/1000. Step time: 3876.1ms.
   [Vectorized MCTS] Step 640: 64 games active. Completed: 238/1000. Step time: 3863.7ms.
   [Vectorized MCTS] Step 645: 64 games active. Completed: 252/1000. Step time: 3858.3ms.
   [Vectorized MCTS] Step 650: 64 games active. Completed: 262/1000. Step time: 3902.6ms.
   [Vectorized MCTS] Step 655: 64 games active. Completed: 262/1000. Step time: 3887.5ms.
   [Vectorized MCTS] Step 660: 64 games active. Completed: 262/1000. Step time: 3902.6ms.
   [Vectorized MCTS] Step 665: 64 games active. Completed: 263/1000. Step time: 3913.2ms.
   [Vectorized MCTS] Step 670: 64 games active. Completed: 263/1000. Step time: 3896.7ms.
   [Vectorized MCTS] Step 675: 64 games active. Completed: 264/1000. Step time: 3908.5ms.
   [Vectorized MCTS] Step 680: 64 games active. Completed: 264/1000. Step time: 3898.1ms.
   [Vectorized MCTS] Step 685: 64 games active. Completed: 265/1000. Step time: 3912.8ms.
   [Vectorized MCTS] Step 690: 64 games active. Completed: 265/1000. Step time: 3899.0ms.
   [Vectorized MCTS] Step 695: 64 games active. Completed: 266/1000. Step time: 3918.2ms.
   [Vectorized MCTS] Step 700: 64 games active. Completed: 267/1000. Step time: 3936.1ms.
   [Vectorized MCTS] Step 705: 64 games active. Completed: 267/1000. Step time: 3924.3ms.
   [Vectorized MCTS] Step 710: 64 games active. Completed: 270/1000. Step time: 3928.7ms.
   [Vectorized MCTS] Step 715: 64 games active. Completed: 271/1000. Step time: 3920.7ms.
   [Vectorized MCTS] Step 720: 64 games active. Completed: 272/1000. Step time: 3926.6ms.
   [Vectorized MCTS] Step 725: 64 games active. Completed: 276/1000. Step time: 3908.3ms.
   [Vectorized MCTS] Step 730: 64 games active. Completed: 276/1000. Step time: 3924.0ms.
   [Vectorized MCTS] Step 735: 64 games active. Completed: 278/1000. Step time: 3920.5ms.
   [Vectorized MCTS] Step 740: 64 games active. Completed: 278/1000. Step time: 3930.8ms.
   [Vectorized MCTS] Step 745: 64 games active. Completed: 279/1000. Step time: 3921.4ms.
   [Vectorized MCTS] Step 750: 64 games active. Completed: 282/1000. Step time: 3921.1ms.
   [Vectorized MCTS] Step 755: 64 games active. Completed: 282/1000. Step time: 3905.7ms.
   [Vectorized MCTS] Step 760: 64 games active. Completed: 284/1000. Step time: 3921.8ms.
   [Vectorized MCTS] Step 765: 64 games active. Completed: 284/1000. Step time: 3918.6ms.
   [Vectorized MCTS] Step 770: 64 games active. Completed: 288/1000. Step time: 3913.6ms.
   [Vectorized MCTS] Step 775: 64 games active. Completed: 290/1000. Step time: 3907.2ms.
   [Vectorized MCTS] Step 780: 64 games active. Completed: 290/1000. Step time: 3907.4ms.
   [Vectorized MCTS] Step 785: 64 games active. Completed: 291/1000. Step time: 3902.8ms.
   [Vectorized MCTS] Step 790: 64 games active. Completed: 292/1000. Step time: 3897.8ms.
   [Vectorized MCTS] Step 795: 64 games active. Completed: 295/1000. Step time: 3898.4ms.
   [Vectorized MCTS] Step 800: 64 games active. Completed: 302/1000. Step time: 3850.1ms.
   [Vectorized MCTS] Step 805: 64 games active. Completed: 314/1000. Step time: 3907.2ms.
   [Vectorized MCTS] Step 810: 64 games active. Completed: 327/1000. Step time: 3923.2ms.
   [Vectorized MCTS] Step 815: 64 games active. Completed: 327/1000. Step time: 3934.8ms.
   [Vectorized MCTS] Step 820: 64 games active. Completed: 328/1000. Step time: 3929.7ms.
   [Vectorized MCTS] Step 825: 64 games active. Completed: 329/1000. Step time: 3921.9ms.
   [Vectorized MCTS] Step 830: 64 games active. Completed: 330/1000. Step time: 3936.6ms.
   [Vectorized MCTS] Step 835: 64 games active. Completed: 331/1000. Step time: 3920.9ms.
   [Vectorized MCTS] Step 840: 64 games active. Completed: 331/1000. Step time: 3918.8ms.
   [Vectorized MCTS] Step 845: 64 games active. Completed: 332/1000. Step time: 3919.4ms.
   [Vectorized MCTS] Step 850: 64 games active. Completed: 332/1000. Step time: 3917.5ms.
   [Vectorized MCTS] Step 855: 64 games active. Completed: 334/1000. Step time: 3917.8ms.
   [Vectorized MCTS] Step 860: 64 games active. Completed: 336/1000. Step time: 3919.4ms.
   [Vectorized MCTS] Step 865: 64 games active. Completed: 336/1000. Step time: 3928.5ms.
   [Vectorized MCTS] Step 870: 64 games active. Completed: 340/1000. Step time: 3909.1ms.
   [Vectorized MCTS] Step 875: 64 games active. Completed: 340/1000. Step time: 3916.4ms.
   [Vectorized MCTS] Step 880: 64 games active. Completed: 344/1000. Step time: 3925.5ms.
   [Vectorized MCTS] Step 885: 64 games active. Completed: 344/1000. Step time: 3928.9ms.
   [Vectorized MCTS] Step 890: 64 games active. Completed: 347/1000. Step time: 3940.8ms.
   [Vectorized MCTS] Step 895: 64 games active. Completed: 347/1000. Step time: 3923.5ms.
   [Vectorized MCTS] Step 900: 64 games active. Completed: 349/1000. Step time: 4004.5ms.
   [Vectorized MCTS] Step 905: 64 games active. Completed: 350/1000. Step time: 3942.2ms.
   [Vectorized MCTS] Step 910: 64 games active. Completed: 351/1000. Step time: 3914.0ms.
   [Vectorized MCTS] Step 915: 64 games active. Completed: 353/1000. Step time: 3928.4ms.
   [Vectorized MCTS] Step 920: 64 games active. Completed: 354/1000. Step time: 3922.0ms.
   [Vectorized MCTS] Step 925: 64 games active. Completed: 356/1000. Step time: 3913.6ms.
   [Vectorized MCTS] Step 930: 64 games active. Completed: 360/1000. Step time: 3935.7ms.
   [Vectorized MCTS] Step 935: 64 games active. Completed: 363/1000. Step time: 3914.2ms.
   [Vectorized MCTS] Step 940: 64 games active. Completed: 363/1000. Step time: 3936.9ms.
   [Vectorized MCTS] Step 945: 64 games active. Completed: 363/1000. Step time: 3914.0ms.
   [Vectorized MCTS] Step 950: 64 games active. Completed: 363/1000. Step time: 3907.6ms.
   [Vectorized MCTS] Step 955: 64 games active. Completed: 365/1000. Step time: 3907.5ms.
   [Vectorized MCTS] Step 960: 64 games active. Completed: 369/1000. Step time: 3903.5ms.
   [Vectorized MCTS] Step 965: 64 games active. Completed: 380/1000. Step time: 3900.9ms.
   [Vectorized MCTS] Step 970: 64 games active. Completed: 392/1000. Step time: 3920.4ms.
   [Vectorized MCTS] Step 975: 64 games active. Completed: 393/1000. Step time: 3936.0ms.
   [Vectorized MCTS] Step 980: 64 games active. Completed: 394/1000. Step time: 3910.0ms.
   [Vectorized MCTS] Step 985: 64 games active. Completed: 395/1000. Step time: 3917.2ms.
   [Vectorized MCTS] Step 990: 64 games active. Completed: 396/1000. Step time: 3922.0ms.
   [Vectorized MCTS] Step 995: 64 games active. Completed: 396/1000. Step time: 3930.3ms.
   [Vectorized MCTS] Step 1000: 64 games active. Completed: 396/1000. Step time: 3921.9ms.
   [Vectorized MCTS] Step 1005: 64 games active. Completed: 397/1000. Step time: 3927.1ms.
   [Vectorized MCTS] Step 1010: 64 games active. Completed: 399/1000. Step time: 3929.9ms.
   [Vectorized MCTS] Step 1015: 64 games active. Completed: 400/1000. Step time: 3911.1ms.
   [Vectorized MCTS] Step 1020: 64 games active. Completed: 401/1000. Step time: 3915.8ms.
   [Vectorized MCTS] Step 1025: 64 games active. Completed: 403/1000. Step time: 3911.8ms.
   [Vectorized MCTS] Step 1030: 64 games active. Completed: 405/1000. Step time: 3912.0ms.
   [Vectorized MCTS] Step 1035: 64 games active. Completed: 409/1000. Step time: 3920.4ms.
   [Vectorized MCTS] Step 1040: 64 games active. Completed: 412/1000. Step time: 3919.3ms.
   [Vectorized MCTS] Step 1045: 64 games active. Completed: 413/1000. Step time: 3900.6ms.
   [Vectorized MCTS] Step 1050: 64 games active. Completed: 415/1000. Step time: 3914.6ms.
   [Vectorized MCTS] Step 1055: 64 games active. Completed: 416/1000. Step time: 3925.9ms.
   [Vectorized MCTS] Step 1060: 64 games active. Completed: 418/1000. Step time: 3920.6ms.
   [Vectorized MCTS] Step 1065: 64 games active. Completed: 420/1000. Step time: 3908.8ms.
   [Vectorized MCTS] Step 1070: 64 games active. Completed: 421/1000. Step time: 3924.8ms.
   [Vectorized MCTS] Step 1075: 64 games active. Completed: 421/1000. Step time: 3914.6ms.
   [Vectorized MCTS] Step 1080: 64 games active. Completed: 423/1000. Step time: 3907.7ms.
   [Vectorized MCTS] Step 1085: 64 games active. Completed: 427/1000. Step time: 3913.6ms.
   [Vectorized MCTS] Step 1090: 64 games active. Completed: 428/1000. Step time: 3914.0ms.
   [Vectorized MCTS] Step 1095: 64 games active. Completed: 433/1000. Step time: 3923.9ms.
   [Vectorized MCTS] Step 1100: 64 games active. Completed: 434/1000. Step time: 3918.5ms.
   [Vectorized MCTS] Step 1105: 64 games active. Completed: 435/1000. Step time: 3896.1ms.
   [Vectorized MCTS] Step 1110: 64 games active. Completed: 436/1000. Step time: 3916.8ms.
   [Vectorized MCTS] Step 1115: 64 games active. Completed: 440/1000. Step time: 3905.4ms.
   [Vectorized MCTS] Step 1120: 64 games active. Completed: 442/1000. Step time: 3902.1ms.
   [Vectorized MCTS] Step 1125: 64 games active. Completed: 449/1000. Step time: 3915.1ms.
   [Vectorized MCTS] Step 1130: 64 games active. Completed: 457/1000. Step time: 3922.3ms.
   [Vectorized MCTS] Step 1135: 64 games active. Completed: 459/1000. Step time: 3919.5ms.
   [Vectorized MCTS] Step 1140: 64 games active. Completed: 459/1000. Step time: 3928.1ms.
   [Vectorized MCTS] Step 1145: 64 games active. Completed: 460/1000. Step time: 3921.6ms.
   [Vectorized MCTS] Step 1150: 64 games active. Completed: 462/1000. Step time: 3918.3ms.
   [Vectorized MCTS] Step 1155: 64 games active. Completed: 462/1000. Step time: 3913.6ms.
   [Vectorized MCTS] Step 1160: 64 games active. Completed: 462/1000. Step time: 3937.5ms.
   [Vectorized MCTS] Step 1165: 64 games active. Completed: 463/1000. Step time: 3909.2ms.
   [Vectorized MCTS] Step 1170: 64 games active. Completed: 463/1000. Step time: 3924.3ms.
   [Vectorized MCTS] Step 1175: 64 games active. Completed: 465/1000. Step time: 3921.0ms.
   [Vectorized MCTS] Step 1180: 64 games active. Completed: 467/1000. Step time: 3904.8ms.
   [Vectorized MCTS] Step 1185: 64 games active. Completed: 468/1000. Step time: 3925.3ms.
   [Vectorized MCTS] Step 1190: 64 games active. Completed: 469/1000. Step time: 3918.4ms.
   [Vectorized MCTS] Step 1195: 64 games active. Completed: 473/1000. Step time: 3922.5ms.
   [Vectorized MCTS] Step 1200: 64 games active. Completed: 478/1000. Step time: 3920.4ms.
   [Vectorized MCTS] Step 1205: 64 games active. Completed: 481/1000. Step time: 3920.1ms.
   [Vectorized MCTS] Step 1210: 64 games active. Completed: 483/1000. Step time: 3922.6ms.
   [Vectorized MCTS] Step 1215: 64 games active. Completed: 485/1000. Step time: 3927.7ms.
   [Vectorized MCTS] Step 1220: 64 games active. Completed: 487/1000. Step time: 3910.8ms.
   [Vectorized MCTS] Step 1225: 64 games active. Completed: 488/1000. Step time: 3912.2ms.
   [Vectorized MCTS] Step 1230: 64 games active. Completed: 490/1000. Step time: 3896.6ms.
   [Vectorized MCTS] Step 1235: 64 games active. Completed: 490/1000. Step time: 3929.3ms.
   [Vectorized MCTS] Step 1240: 64 games active. Completed: 494/1000. Step time: 3921.4ms.
   [Vectorized MCTS] Step 1245: 64 games active. Completed: 498/1000. Step time: 3917.8ms.
   [Vectorized MCTS] Step 1250: 64 games active. Completed: 499/1000. Step time: 3911.3ms.
   [Vectorized MCTS] Step 1255: 64 games active. Completed: 501/1000. Step time: 3911.5ms.
   [Vectorized MCTS] Step 1260: 64 games active. Completed: 504/1000. Step time: 3873.1ms.
   [Vectorized MCTS] Step 1265: 64 games active. Completed: 505/1000. Step time: 3922.9ms.
   [Vectorized MCTS] Step 1270: 64 games active. Completed: 508/1000. Step time: 3906.5ms.
   [Vectorized MCTS] Step 1275: 64 games active. Completed: 512/1000. Step time: 3919.1ms.
   [Vectorized MCTS] Step 1280: 64 games active. Completed: 515/1000. Step time: 3917.4ms.
   [Vectorized MCTS] Step 1285: 64 games active. Completed: 520/1000. Step time: 3910.3ms.
   [Vectorized MCTS] Step 1290: 64 games active. Completed: 524/1000. Step time: 3925.3ms.
   [Vectorized MCTS] Step 1295: 64 games active. Completed: 527/1000. Step time: 3906.7ms.
   [Vectorized MCTS] Step 1300: 64 games active. Completed: 528/1000. Step time: 3925.2ms.
   [Vectorized MCTS] Step 1305: 64 games active. Completed: 529/1000. Step time: 3927.5ms.
   [Vectorized MCTS] Step 1310: 64 games active. Completed: 529/1000. Step time: 3929.6ms.
   [Vectorized MCTS] Step 1315: 64 games active. Completed: 529/1000. Step time: 3924.0ms.
   [Vectorized MCTS] Step 1320: 64 games active. Completed: 529/1000. Step time: 3919.9ms.
   [Vectorized MCTS] Step 1325: 64 games active. Completed: 532/1000. Step time: 4035.4ms.
   [Vectorized MCTS] Step 1330: 64 games active. Completed: 536/1000. Step time: 4042.5ms.
   [Vectorized MCTS] Step 1335: 64 games active. Completed: 537/1000. Step time: 3907.6ms.
   [Vectorized MCTS] Step 1340: 64 games active. Completed: 541/1000. Step time: 3906.3ms.
   [Vectorized MCTS] Step 1345: 64 games active. Completed: 544/1000. Step time: 3915.9ms.
   [Vectorized MCTS] Step 1350: 64 games active. Completed: 546/1000. Step time: 3911.7ms.
   [Vectorized MCTS] Step 1355: 64 games active. Completed: 549/1000. Step time: 3916.4ms.
   [Vectorized MCTS] Step 1360: 64 games active. Completed: 550/1000. Step time: 3927.5ms.
   [Vectorized MCTS] Step 1365: 64 games active. Completed: 554/1000. Step time: 3923.3ms.
   [Vectorized MCTS] Step 1370: 64 games active. Completed: 555/1000. Step time: 3920.6ms.
   [Vectorized MCTS] Step 1375: 64 games active. Completed: 557/1000. Step time: 3910.5ms.
   [Vectorized MCTS] Step 1380: 64 games active. Completed: 559/1000. Step time: 3924.3ms.
   [Vectorized MCTS] Step 1385: 64 games active. Completed: 560/1000. Step time: 3923.6ms.
   [Vectorized MCTS] Step 1390: 64 games active. Completed: 562/1000. Step time: 3916.7ms.
   [Vectorized MCTS] Step 1395: 64 games active. Completed: 563/1000. Step time: 3933.3ms.
   [Vectorized MCTS] Step 1400: 64 games active. Completed: 567/1000. Step time: 3929.2ms.
   [Vectorized MCTS] Step 1405: 64 games active. Completed: 570/1000. Step time: 3944.6ms.
   [Vectorized MCTS] Step 1410: 64 games active. Completed: 571/1000. Step time: 3926.8ms.
   [Vectorized MCTS] Step 1415: 64 games active. Completed: 573/1000. Step time: 3916.2ms.
   [Vectorized MCTS] Step 1420: 64 games active. Completed: 576/1000. Step time: 3939.7ms.
   [Vectorized MCTS] Step 1425: 64 games active. Completed: 576/1000. Step time: 3914.2ms.
   [Vectorized MCTS] Step 1430: 64 games active. Completed: 578/1000. Step time: 3926.3ms.
   [Vectorized MCTS] Step 1435: 64 games active. Completed: 580/1000. Step time: 3910.7ms.
   [Vectorized MCTS] Step 1440: 64 games active. Completed: 584/1000. Step time: 3930.2ms.
   [Vectorized MCTS] Step 1445: 64 games active. Completed: 588/1000. Step time: 3939.9ms.
   [Vectorized MCTS] Step 1450: 64 games active. Completed: 593/1000. Step time: 3922.1ms.
   [Vectorized MCTS] Step 1455: 64 games active. Completed: 594/1000. Step time: 3925.8ms.
   [Vectorized MCTS] Step 1460: 64 games active. Completed: 595/1000. Step time: 3926.5ms.
   [Vectorized MCTS] Step 1465: 64 games active. Completed: 596/1000. Step time: 3925.6ms.
   [Vectorized MCTS] Step 1470: 64 games active. Completed: 597/1000. Step time: 3916.9ms.
   [Vectorized MCTS] Step 1475: 64 games active. Completed: 597/1000. Step time: 3934.9ms.
   [Vectorized MCTS] Step 1480: 64 games active. Completed: 597/1000. Step time: 3919.4ms.
   [Vectorized MCTS] Step 1485: 64 games active. Completed: 598/1000. Step time: 3923.9ms.
   [Vectorized MCTS] Step 1490: 64 games active. Completed: 600/1000. Step time: 3916.9ms.
   [Vectorized MCTS] Step 1495: 64 games active. Completed: 605/1000. Step time: 3932.2ms.
   [Vectorized MCTS] Step 1500: 64 games active. Completed: 609/1000. Step time: 3927.2ms.
   [Vectorized MCTS] Step 1505: 64 games active. Completed: 611/1000. Step time: 3894.3ms.
   [Vectorized MCTS] Step 1510: 64 games active. Completed: 614/1000. Step time: 3923.2ms.
   [Vectorized MCTS] Step 1515: 64 games active. Completed: 616/1000. Step time: 3920.2ms.
   [Vectorized MCTS] Step 1520: 64 games active. Completed: 618/1000. Step time: 3907.5ms.
   [Vectorized MCTS] Step 1525: 64 games active. Completed: 621/1000. Step time: 3917.4ms.
   [Vectorized MCTS] Step 1530: 64 games active. Completed: 626/1000. Step time: 3929.1ms.
   [Vectorized MCTS] Step 1535: 64 games active. Completed: 627/1000. Step time: 3923.0ms.
   [Vectorized MCTS] Step 1540: 64 games active. Completed: 630/1000. Step time: 3912.9ms.
   [Vectorized MCTS] Step 1545: 64 games active. Completed: 632/1000. Step time: 3913.6ms.
   [Vectorized MCTS] Step 1550: 64 games active. Completed: 635/1000. Step time: 3914.1ms.
   [Vectorized MCTS] Step 1555: 64 games active. Completed: 638/1000. Step time: 3920.4ms.
   [Vectorized MCTS] Step 1560: 64 games active. Completed: 639/1000. Step time: 3937.8ms.
   [Vectorized MCTS] Step 1565: 64 games active. Completed: 643/1000. Step time: 3905.9ms.
   [Vectorized MCTS] Step 1570: 64 games active. Completed: 645/1000. Step time: 3905.8ms.
   [Vectorized MCTS] Step 1575: 64 games active. Completed: 649/1000. Step time: 3919.2ms.
   [Vectorized MCTS] Step 1580: 64 games active. Completed: 650/1000. Step time: 3923.2ms.
   [Vectorized MCTS] Step 1585: 64 games active. Completed: 652/1000. Step time: 3912.9ms.
   [Vectorized MCTS] Step 1590: 64 games active. Completed: 654/1000. Step time: 3921.4ms.
   [Vectorized MCTS] Step 1595: 64 games active. Completed: 656/1000. Step time: 3912.7ms.
   [Vectorized MCTS] Step 1600: 64 games active. Completed: 659/1000. Step time: 3920.2ms.
   [Vectorized MCTS] Step 1605: 64 games active. Completed: 662/1000. Step time: 3911.5ms.
   [Vectorized MCTS] Step 1610: 64 games active. Completed: 663/1000. Step time: 3912.0ms.
   [Vectorized MCTS] Step 1615: 64 games active. Completed: 665/1000. Step time: 3917.5ms.
   [Vectorized MCTS] Step 1620: 64 games active. Completed: 665/1000. Step time: 3921.4ms.
   [Vectorized MCTS] Step 1625: 64 games active. Completed: 668/1000. Step time: 3921.5ms.
   [Vectorized MCTS] Step 1630: 64 games active. Completed: 668/1000. Step time: 3913.4ms.
   [Vectorized MCTS] Step 1635: 64 games active. Completed: 669/1000. Step time: 3908.0ms.
   [Vectorized MCTS] Step 1640: 64 games active. Completed: 669/1000. Step time: 3929.1ms.
   [Vectorized MCTS] Step 1645: 64 games active. Completed: 670/1000. Step time: 3917.2ms.
   [Vectorized MCTS] Step 1650: 64 games active. Completed: 671/1000. Step time: 3916.1ms.
   [Vectorized MCTS] Step 1655: 64 games active. Completed: 673/1000. Step time: 3899.3ms.
   [Vectorized MCTS] Step 1660: 64 games active. Completed: 675/1000. Step time: 3915.0ms.
   [Vectorized MCTS] Step 1665: 64 games active. Completed: 680/1000. Step time: 3914.7ms.
   [Vectorized MCTS] Step 1670: 64 games active. Completed: 681/1000. Step time: 3915.9ms.
   [Vectorized MCTS] Step 1675: 64 games active. Completed: 682/1000. Step time: 3912.5ms.
   [Vectorized MCTS] Step 1680: 64 games active. Completed: 683/1000. Step time: 3903.7ms.
   [Vectorized MCTS] Step 1685: 64 games active. Completed: 687/1000. Step time: 3906.8ms.
   [Vectorized MCTS] Step 1690: 64 games active. Completed: 691/1000. Step time: 3923.5ms.
   [Vectorized MCTS] Step 1695: 64 games active. Completed: 693/1000. Step time: 3903.6ms.
   [Vectorized MCTS] Step 1700: 64 games active. Completed: 696/1000. Step time: 3907.8ms.
   [Vectorized MCTS] Step 1705: 64 games active. Completed: 699/1000. Step time: 3914.6ms.
   [Vectorized MCTS] Step 1710: 64 games active. Completed: 700/1000. Step time: 3903.3ms.
   [Vectorized MCTS] Step 1715: 64 games active. Completed: 704/1000. Step time: 3917.0ms.
   [Vectorized MCTS] Step 1720: 64 games active. Completed: 707/1000. Step time: 3870.9ms.
   [Vectorized MCTS] Step 1725: 64 games active. Completed: 710/1000. Step time: 3911.3ms.
   [Vectorized MCTS] Step 1730: 64 games active. Completed: 712/1000. Step time: 3911.4ms.
   [Vectorized MCTS] Step 1735: 64 games active. Completed: 716/1000. Step time: 3899.1ms.
   [Vectorized MCTS] Step 1740: 64 games active. Completed: 717/1000. Step time: 3925.3ms.
   [Vectorized MCTS] Step 1745: 64 games active. Completed: 720/1000. Step time: 3905.0ms.
   [Vectorized MCTS] Step 1750: 64 games active. Completed: 722/1000. Step time: 3899.4ms.
   [Vectorized MCTS] Step 1755: 64 games active. Completed: 724/1000. Step time: 3935.2ms.
   [Vectorized MCTS] Step 1760: 64 games active. Completed: 727/1000. Step time: 3923.3ms.
   [Vectorized MCTS] Step 1765: 64 games active. Completed: 729/1000. Step time: 3918.7ms.
   [Vectorized MCTS] Step 1770: 64 games active. Completed: 731/1000. Step time: 3931.3ms.
   [Vectorized MCTS] Step 1775: 64 games active. Completed: 733/1000. Step time: 3925.2ms.
   [Vectorized MCTS] Step 1780: 64 games active. Completed: 733/1000. Step time: 3913.8ms.
   [Vectorized MCTS] Step 1785: 64 games active. Completed: 735/1000. Step time: 3906.2ms.
   [Vectorized MCTS] Step 1790: 64 games active. Completed: 736/1000. Step time: 3913.1ms.
   [Vectorized MCTS] Step 1795: 64 games active. Completed: 737/1000. Step time: 3902.6ms.
   [Vectorized MCTS] Step 1800: 64 games active. Completed: 737/1000. Step time: 3894.9ms.
   [Vectorized MCTS] Step 1805: 64 games active. Completed: 738/1000. Step time: 3897.4ms.
   [Vectorized MCTS] Step 1810: 64 games active. Completed: 738/1000. Step time: 3880.0ms.
   [Vectorized MCTS] Step 1815: 64 games active. Completed: 739/1000. Step time: 3875.2ms.
   [Vectorized MCTS] Step 1820: 64 games active. Completed: 743/1000. Step time: 3901.1ms.
   [Vectorized MCTS] Step 1825: 64 games active. Completed: 746/1000. Step time: 3882.3ms.
   [Vectorized MCTS] Step 1830: 64 games active. Completed: 748/1000. Step time: 3884.9ms.
   [Vectorized MCTS] Step 1835: 64 games active. Completed: 750/1000. Step time: 3872.4ms.
   [Vectorized MCTS] Step 1840: 64 games active. Completed: 752/1000. Step time: 3873.5ms.
   [Vectorized MCTS] Step 1845: 64 games active. Completed: 754/1000. Step time: 3887.6ms.
   [Vectorized MCTS] Step 1850: 64 games active. Completed: 758/1000. Step time: 3910.6ms.
   [Vectorized MCTS] Step 1855: 64 games active. Completed: 761/1000. Step time: 3860.6ms.
   [Vectorized MCTS] Step 1860: 64 games active. Completed: 761/1000. Step time: 3875.4ms.
   [Vectorized MCTS] Step 1865: 64 games active. Completed: 763/1000. Step time: 3883.1ms.
   [Vectorized MCTS] Step 1870: 64 games active. Completed: 766/1000. Step time: 3865.2ms.
   [Vectorized MCTS] Step 1875: 64 games active. Completed: 768/1000. Step time: 3879.0ms.
   [Vectorized MCTS] Step 1880: 64 games active. Completed: 771/1000. Step time: 3870.3ms.
   [Vectorized MCTS] Step 1885: 64 games active. Completed: 774/1000. Step time: 3890.5ms.
   [Vectorized MCTS] Step 1890: 64 games active. Completed: 777/1000. Step time: 3896.4ms.
   [Vectorized MCTS] Step 1895: 64 games active. Completed: 778/1000. Step time: 3886.2ms.
   [Vectorized MCTS] Step 1900: 64 games active. Completed: 780/1000. Step time: 3882.0ms.
   [Vectorized MCTS] Step 1905: 64 games active. Completed: 783/1000. Step time: 3869.7ms.
   [Vectorized MCTS] Step 1910: 64 games active. Completed: 787/1000. Step time: 3896.1ms.
   [Vectorized MCTS] Step 1915: 64 games active. Completed: 788/1000. Step time: 3896.9ms.
   [Vectorized MCTS] Step 1920: 64 games active. Completed: 792/1000. Step time: 3897.3ms.
   [Vectorized MCTS] Step 1925: 64 games active. Completed: 792/1000. Step time: 3899.5ms.
   [Vectorized MCTS] Step 1930: 64 games active. Completed: 796/1000. Step time: 3892.3ms.
   [Vectorized MCTS] Step 1935: 64 games active. Completed: 798/1000. Step time: 3901.9ms.
   [Vectorized MCTS] Step 1940: 64 games active. Completed: 798/1000. Step time: 3904.9ms.
   [Vectorized MCTS] Step 1945: 64 games active. Completed: 799/1000. Step time: 3893.3ms.
   [Vectorized MCTS] Step 1950: 64 games active. Completed: 802/1000. Step time: 3911.7ms.
   [Vectorized MCTS] Step 1955: 64 games active. Completed: 803/1000. Step time: 3904.6ms.
   [Vectorized MCTS] Step 1960: 64 games active. Completed: 805/1000. Step time: 3893.3ms.
   [Vectorized MCTS] Step 1965: 64 games active. Completed: 805/1000. Step time: 3890.6ms.
   [Vectorized MCTS] Step 1970: 64 games active. Completed: 805/1000. Step time: 3898.5ms.
   [Vectorized MCTS] Step 1975: 64 games active. Completed: 807/1000. Step time: 3895.1ms.
   [Vectorized MCTS] Step 1980: 64 games active. Completed: 810/1000. Step time: 3898.9ms.
   [Vectorized MCTS] Step 1985: 64 games active. Completed: 812/1000. Step time: 3893.0ms.
   [Vectorized MCTS] Step 1990: 64 games active. Completed: 814/1000. Step time: 3896.5ms.
   [Vectorized MCTS] Step 1995: 64 games active. Completed: 816/1000. Step time: 3897.0ms.
   [Vectorized MCTS] Step 2000: 64 games active. Completed: 817/1000. Step time: 3890.6ms.
   [Vectorized MCTS] Step 2005: 64 games active. Completed: 820/1000. Step time: 3901.6ms.
   [Vectorized MCTS] Step 2010: 64 games active. Completed: 822/1000. Step time: 3885.1ms.
   [Vectorized MCTS] Step 2015: 64 games active. Completed: 826/1000. Step time: 3900.1ms.
   [Vectorized MCTS] Step 2020: 64 games active. Completed: 827/1000. Step time: 3887.6ms.
   [Vectorized MCTS] Step 2025: 64 games active. Completed: 828/1000. Step time: 3886.3ms.
   [Vectorized MCTS] Step 2030: 64 games active. Completed: 829/1000. Step time: 3891.6ms.
   [Vectorized MCTS] Step 2035: 64 games active. Completed: 832/1000. Step time: 3897.8ms.
   [Vectorized MCTS] Step 2040: 64 games active. Completed: 835/1000. Step time: 3879.1ms.
   [Vectorized MCTS] Step 2045: 64 games active. Completed: 838/1000. Step time: 3902.6ms.
   [Vectorized MCTS] Step 2050: 64 games active. Completed: 840/1000. Step time: 3902.2ms.
   [Vectorized MCTS] Step 2055: 64 games active. Completed: 841/1000. Step time: 3891.3ms.
   [Vectorized MCTS] Step 2060: 64 games active. Completed: 845/1000. Step time: 3892.0ms.
   [Vectorized MCTS] Step 2065: 64 games active. Completed: 847/1000. Step time: 3925.9ms.
   [Vectorized MCTS] Step 2070: 64 games active. Completed: 852/1000. Step time: 3892.1ms.
   [Vectorized MCTS] Step 2075: 64 games active. Completed: 854/1000. Step time: 3893.2ms.
   [Vectorized MCTS] Step 2080: 64 games active. Completed: 858/1000. Step time: 3896.8ms.
   [Vectorized MCTS] Step 2085: 64 games active. Completed: 860/1000. Step time: 3889.0ms.
   [Vectorized MCTS] Step 2090: 64 games active. Completed: 862/1000. Step time: 3869.2ms.
   [Vectorized MCTS] Step 2095: 64 games active. Completed: 865/1000. Step time: 3890.0ms.
   [Vectorized MCTS] Step 2100: 64 games active. Completed: 866/1000. Step time: 3893.6ms.
   [Vectorized MCTS] Step 2105: 64 games active. Completed: 868/1000. Step time: 3897.7ms.
   [Vectorized MCTS] Step 2110: 64 games active. Completed: 869/1000. Step time: 3901.6ms.
   [Vectorized MCTS] Step 2115: 64 games active. Completed: 871/1000. Step time: 3891.8ms.
   [Vectorized MCTS] Step 2120: 64 games active. Completed: 874/1000. Step time: 3889.8ms.
   [Vectorized MCTS] Step 2125: 64 games active. Completed: 875/1000. Step time: 3907.4ms.
   [Vectorized MCTS] Step 2130: 64 games active. Completed: 875/1000. Step time: 3904.9ms.
   [Vectorized MCTS] Step 2135: 64 games active. Completed: 877/1000. Step time: 3901.7ms.
   [Vectorized MCTS] Step 2140: 64 games active. Completed: 881/1000. Step time: 3883.5ms.
   [Vectorized MCTS] Step 2145: 64 games active. Completed: 886/1000. Step time: 3900.7ms.
   [Vectorized MCTS] Step 2150: 64 games active. Completed: 887/1000. Step time: 3904.1ms.
   [Vectorized MCTS] Step 2155: 64 games active. Completed: 887/1000. Step time: 3894.0ms.
   [Vectorized MCTS] Step 2160: 64 games active. Completed: 891/1000. Step time: 3895.8ms.
   [Vectorized MCTS] Step 2165: 64 games active. Completed: 892/1000. Step time: 3904.9ms.
   [Vectorized MCTS] Step 2170: 64 games active. Completed: 894/1000. Step time: 3892.9ms.
   [Vectorized MCTS] Step 2175: 64 games active. Completed: 896/1000. Step time: 3912.8ms.
   [Vectorized MCTS] Step 2180: 64 games active. Completed: 897/1000. Step time: 3857.1ms.
   [Vectorized MCTS] Step 2185: 64 games active. Completed: 897/1000. Step time: 3884.3ms.
   [Vectorized MCTS] Step 2190: 64 games active. Completed: 899/1000. Step time: 3897.8ms.
   [Vectorized MCTS] Step 2195: 64 games active. Completed: 901/1000. Step time: 3888.6ms.
   [Vectorized MCTS] Step 2200: 64 games active. Completed: 904/1000. Step time: 3875.3ms.
   [Vectorized MCTS] Step 2205: 64 games active. Completed: 907/1000. Step time: 3877.3ms.
   [Vectorized MCTS] Step 2210: 64 games active. Completed: 908/1000. Step time: 3881.4ms.
   [Vectorized MCTS] Step 2215: 64 games active. Completed: 910/1000. Step time: 3889.0ms.
   [Vectorized MCTS] Step 2220: 64 games active. Completed: 915/1000. Step time: 3903.7ms.
   [Vectorized MCTS] Step 2225: 64 games active. Completed: 917/1000. Step time: 3903.0ms.
   [Vectorized MCTS] Step 2230: 64 games active. Completed: 920/1000. Step time: 3894.9ms.
   [Vectorized MCTS] Step 2235: 64 games active. Completed: 921/1000. Step time: 3901.9ms.
   [Vectorized MCTS] Step 2240: 64 games active. Completed: 926/1000. Step time: 3891.4ms.
   [Vectorized MCTS] Step 2245: 64 games active. Completed: 927/1000. Step time: 3912.2ms.
   [Vectorized MCTS] Step 2250: 64 games active. Completed: 927/1000. Step time: 3886.7ms.
   [Vectorized MCTS] Step 2255: 64 games active. Completed: 930/1000. Step time: 3901.0ms.
   [Vectorized MCTS] Step 2260: 64 games active. Completed: 932/1000. Step time: 3882.4ms.
   [Vectorized MCTS] Step 2265: 64 games active. Completed: 933/1000. Step time: 3900.3ms.
   [Vectorized MCTS] Step 2270: 64 games active. Completed: 936/1000. Step time: 3892.7ms.
   [Vectorized MCTS] Step 2275: 63 games active. Completed: 937/1000. Step time: 4069.7ms.
   [Vectorized MCTS] Step 2280: 59 games active. Completed: 941/1000. Step time: 3872.3ms.
   [Vectorized MCTS] Step 2285: 57 games active. Completed: 943/1000. Step time: 3745.3ms.
   [Vectorized MCTS] Step 2290: 57 games active. Completed: 943/1000. Step time: 3775.9ms.
   [Vectorized MCTS] Step 2295: 56 games active. Completed: 944/1000. Step time: 3777.6ms.
   [Vectorized MCTS] Step 2300: 53 games active. Completed: 947/1000. Step time: 3694.6ms.
   [Vectorized MCTS] Step 2305: 49 games active. Completed: 951/1000. Step time: 2806.5ms.
   [Vectorized MCTS] Step 2310: 48 games active. Completed: 952/1000. Step time: 2752.5ms.
   [Vectorized MCTS] Step 2315: 47 games active. Completed: 953/1000. Step time: 2672.6ms.
   [Vectorized MCTS] Step 2320: 44 games active. Completed: 956/1000. Step time: 2572.6ms.
   [Vectorized MCTS] Step 2325: 42 games active. Completed: 958/1000. Step time: 2469.1ms.
   [Vectorized MCTS] Step 2330: 37 games active. Completed: 963/1000. Step time: 2327.6ms.
   [Vectorized MCTS] Step 2335: 36 games active. Completed: 964/1000. Step time: 2164.0ms.
   [Vectorized MCTS] Step 2340: 34 games active. Completed: 966/1000. Step time: 2108.1ms.
   [Vectorized MCTS] Step 2345: 34 games active. Completed: 966/1000. Step time: 2056.3ms.
   [Vectorized MCTS] Step 2350: 34 games active. Completed: 966/1000. Step time: 2072.9ms.
   [Vectorized MCTS] Step 2355: 29 games active. Completed: 971/1000. Step time: 1816.8ms.
   [Vectorized MCTS] Step 2360: 27 games active. Completed: 973/1000. Step time: 1656.5ms.
   [Vectorized MCTS] Step 2365: 24 games active. Completed: 976/1000. Step time: 1645.9ms.
   [Vectorized MCTS] Step 2370: 22 games active. Completed: 978/1000. Step time: 1456.9ms.
   [Vectorized MCTS] Step 2375: 21 games active. Completed: 979/1000. Step time: 1397.7ms.
   [Vectorized MCTS] Step 2380: 18 games active. Completed: 982/1000. Step time: 1202.2ms.
   [Vectorized MCTS] Step 2385: 17 games active. Completed: 983/1000. Step time: 1193.5ms.
   [Vectorized MCTS] Step 2390: 15 games active. Completed: 985/1000. Step time: 1096.9ms.
   [Vectorized MCTS] Step 2395: 13 games active. Completed: 987/1000. Step time: 1061.6ms.
   [Vectorized MCTS] Step 2400: 10 games active. Completed: 990/1000. Step time: 962.8ms.
   [Vectorized MCTS] Step 2405: 08 games active. Completed: 992/1000. Step time: 880.5ms.
   [Vectorized MCTS] Step 2410: 08 games active. Completed: 992/1000. Step time: 862.3ms.
   [Vectorized MCTS] Step 2415: 07 games active. Completed: 993/1000. Step time: 808.2ms.
   [Vectorized MCTS] Step 2420: 05 games active. Completed: 995/1000. Step time: 781.3ms.
   [Vectorized MCTS] Step 2425: 03 games active. Completed: 997/1000. Step time: 649.0ms.
   [Vectorized MCTS] Step 2430: 01 games active. Completed: 999/1000. Step time: 602.1ms.
   [Vectorized MCTS] Step 2431: 00 games active. Completed: 1000/1000. Step time: 545.5ms.

Collection completed in 9190.5 seconds (9.190s/game average).
