Starting self-play collection using /Users/nilbot/playground/autogo-mlx/experiments/001_train_from_scratch/checkpoints/iter4.safetensors
--> Progressive sims enabled. Iteration 4 -> 32 simulations.
Config: num-games=1000, simulations=32, workers=8
--> Starting pool-swapping selfplay for all 1000 games with max_active_games=64...
   [Vectorized MCTS] Step 001: 64 games active. Completed: 0/1000. Step time: 1932.0ms.
   [Vectorized MCTS] Step 005: 64 games active. Completed: 0/1000. Step time: 1901.0ms.
   [Vectorized MCTS] Step 010: 64 games active. Completed: 0/1000. Step time: 1920.9ms.
   [Vectorized MCTS] Step 015: 64 games active. Completed: 0/1000. Step time: 1905.1ms.
   [Vectorized MCTS] Step 020: 64 games active. Completed: 0/1000. Step time: 1923.2ms.
   [Vectorized MCTS] Step 025: 64 games active. Completed: 0/1000. Step time: 1916.3ms.
   [Vectorized MCTS] Step 030: 64 games active. Completed: 2/1000. Step time: 1917.6ms.
   [Vectorized MCTS] Step 035: 64 games active. Completed: 3/1000. Step time: 1918.4ms.
   [Vectorized MCTS] Step 040: 64 games active. Completed: 3/1000. Step time: 1915.0ms.
   [Vectorized MCTS] Step 045: 64 games active. Completed: 5/1000. Step time: 1928.2ms.
   [Vectorized MCTS] Step 050: 64 games active. Completed: 6/1000. Step time: 1919.9ms.
   [Vectorized MCTS] Step 055: 64 games active. Completed: 7/1000. Step time: 1921.6ms.
   [Vectorized MCTS] Step 060: 64 games active. Completed: 10/1000. Step time: 1907.0ms.
   [Vectorized MCTS] Step 065: 64 games active. Completed: 11/1000. Step time: 1918.0ms.
   [Vectorized MCTS] Step 070: 64 games active. Completed: 13/1000. Step time: 1917.0ms.
   [Vectorized MCTS] Step 075: 64 games active. Completed: 14/1000. Step time: 1936.6ms.
   [Vectorized MCTS] Step 080: 64 games active. Completed: 15/1000. Step time: 1921.6ms.
   [Vectorized MCTS] Step 085: 64 games active. Completed: 17/1000. Step time: 1922.7ms.
   [Vectorized MCTS] Step 090: 64 games active. Completed: 19/1000. Step time: 1925.5ms.
   [Vectorized MCTS] Step 095: 64 games active. Completed: 24/1000. Step time: 1926.0ms.
   [Vectorized MCTS] Step 100: 64 games active. Completed: 24/1000. Step time: 1916.1ms.
   [Vectorized MCTS] Step 105: 64 games active. Completed: 25/1000. Step time: 1917.5ms.
   [Vectorized MCTS] Step 110: 64 games active. Completed: 26/1000. Step time: 1925.8ms.
   [Vectorized MCTS] Step 115: 64 games active. Completed: 27/1000. Step time: 1927.2ms.
   [Vectorized MCTS] Step 120: 64 games active. Completed: 28/1000. Step time: 1917.3ms.
   [Vectorized MCTS] Step 125: 64 games active. Completed: 28/1000. Step time: 1916.8ms.
   [Vectorized MCTS] Step 130: 64 games active. Completed: 28/1000. Step time: 1924.7ms.
   [Vectorized MCTS] Step 135: 64 games active. Completed: 28/1000. Step time: 1914.6ms.
   [Vectorized MCTS] Step 140: 64 games active. Completed: 34/1000. Step time: 1929.6ms.
   [Vectorized MCTS] Step 145: 64 games active. Completed: 35/1000. Step time: 1904.4ms.
   [Vectorized MCTS] Step 150: 64 games active. Completed: 37/1000. Step time: 1907.6ms.
   [Vectorized MCTS] Step 155: 64 games active. Completed: 38/1000. Step time: 1895.3ms.
   [Vectorized MCTS] Step 160: 64 games active. Completed: 41/1000. Step time: 1880.6ms.
   [Vectorized MCTS] Step 165: 64 games active. Completed: 74/1000. Step time: 1916.2ms.
   [Vectorized MCTS] Step 170: 64 games active. Completed: 75/1000. Step time: 1914.6ms.
   [Vectorized MCTS] Step 175: 64 games active. Completed: 77/1000. Step time: 1924.0ms.
   [Vectorized MCTS] Step 180: 64 games active. Completed: 77/1000. Step time: 1917.6ms.
   [Vectorized MCTS] Step 185: 64 games active. Completed: 78/1000. Step time: 1916.8ms.
   [Vectorized MCTS] Step 190: 64 games active. Completed: 78/1000. Step time: 1917.6ms.
   [Vectorized MCTS] Step 195: 64 games active. Completed: 82/1000. Step time: 1919.3ms.
   [Vectorized MCTS] Step 200: 64 games active. Completed: 84/1000. Step time: 1916.3ms.
   [Vectorized MCTS] Step 205: 64 games active. Completed: 87/1000. Step time: 1930.4ms.
   [Vectorized MCTS] Step 210: 64 games active. Completed: 88/1000. Step time: 1918.8ms.
   [Vectorized MCTS] Step 215: 64 games active. Completed: 89/1000. Step time: 1913.3ms.
   [Vectorized MCTS] Step 220: 64 games active. Completed: 95/1000. Step time: 1922.7ms.
   [Vectorized MCTS] Step 225: 64 games active. Completed: 95/1000. Step time: 1914.7ms.
   [Vectorized MCTS] Step 230: 64 games active. Completed: 97/1000. Step time: 1923.4ms.
   [Vectorized MCTS] Step 235: 64 games active. Completed: 102/1000. Step time: 1920.6ms.
   [Vectorized MCTS] Step 240: 64 games active. Completed: 105/1000. Step time: 1920.8ms.
   [Vectorized MCTS] Step 245: 64 games active. Completed: 107/1000. Step time: 1925.5ms.
   [Vectorized MCTS] Step 250: 64 games active. Completed: 108/1000. Step time: 1925.5ms.
   [Vectorized MCTS] Step 255: 64 games active. Completed: 110/1000. Step time: 1915.8ms.
   [Vectorized MCTS] Step 260: 64 games active. Completed: 115/1000. Step time: 1913.9ms.
   [Vectorized MCTS] Step 265: 64 games active. Completed: 120/1000. Step time: 1916.0ms.
   [Vectorized MCTS] Step 270: 64 games active. Completed: 124/1000. Step time: 1925.6ms.
   [Vectorized MCTS] Step 275: 64 games active. Completed: 124/1000. Step time: 1917.8ms.
   [Vectorized MCTS] Step 280: 64 games active. Completed: 125/1000. Step time: 1966.9ms.
   [Vectorized MCTS] Step 285: 64 games active. Completed: 128/1000. Step time: 1911.4ms.
   [Vectorized MCTS] Step 290: 64 games active. Completed: 130/1000. Step time: 1907.7ms.
   [Vectorized MCTS] Step 295: 64 games active. Completed: 132/1000. Step time: 1916.8ms.
   [Vectorized MCTS] Step 300: 64 games active. Completed: 132/1000. Step time: 1920.2ms.
   [Vectorized MCTS] Step 305: 64 games active. Completed: 134/1000. Step time: 1919.0ms.
   [Vectorized MCTS] Step 310: 64 games active. Completed: 135/1000. Step time: 1911.2ms.
   [Vectorized MCTS] Step 315: 64 games active. Completed: 136/1000. Step time: 1927.5ms.
   [Vectorized MCTS] Step 320: 64 games active. Completed: 143/1000. Step time: 1923.0ms.
   [Vectorized MCTS] Step 325: 64 games active. Completed: 156/1000. Step time: 1916.0ms.
   [Vectorized MCTS] Step 330: 64 games active. Completed: 158/1000. Step time: 1917.2ms.
   [Vectorized MCTS] Step 335: 64 games active. Completed: 160/1000. Step time: 1948.1ms.
   [Vectorized MCTS] Step 340: 64 games active. Completed: 163/1000. Step time: 1917.8ms.
   [Vectorized MCTS] Step 345: 64 games active. Completed: 165/1000. Step time: 1923.1ms.
   [Vectorized MCTS] Step 350: 64 games active. Completed: 167/1000. Step time: 1918.0ms.
   [Vectorized MCTS] Step 355: 64 games active. Completed: 169/1000. Step time: 1920.8ms.
   [Vectorized MCTS] Step 360: 64 games active. Completed: 171/1000. Step time: 1920.9ms.
   [Vectorized MCTS] Step 365: 64 games active. Completed: 173/1000. Step time: 1934.2ms.
   [Vectorized MCTS] Step 370: 64 games active. Completed: 176/1000. Step time: 1924.6ms.
   [Vectorized MCTS] Step 375: 64 games active. Completed: 178/1000. Step time: 1921.2ms.
   [Vectorized MCTS] Step 380: 64 games active. Completed: 182/1000. Step time: 1909.6ms.
   [Vectorized MCTS] Step 385: 64 games active. Completed: 183/1000. Step time: 1914.5ms.
   [Vectorized MCTS] Step 390: 64 games active. Completed: 185/1000. Step time: 1912.1ms.
   [Vectorized MCTS] Step 395: 64 games active. Completed: 187/1000. Step time: 1922.0ms.
   [Vectorized MCTS] Step 400: 64 games active. Completed: 192/1000. Step time: 1924.7ms.
   [Vectorized MCTS] Step 405: 64 games active. Completed: 195/1000. Step time: 1922.0ms.
   [Vectorized MCTS] Step 410: 64 games active. Completed: 198/1000. Step time: 1936.4ms.
   [Vectorized MCTS] Step 415: 64 games active. Completed: 199/1000. Step time: 1913.8ms.
   [Vectorized MCTS] Step 420: 64 games active. Completed: 203/1000. Step time: 1920.6ms.
   [Vectorized MCTS] Step 425: 64 games active. Completed: 209/1000. Step time: 1921.6ms.
   [Vectorized MCTS] Step 430: 64 games active. Completed: 214/1000. Step time: 1917.4ms.
   [Vectorized MCTS] Step 435: 64 games active. Completed: 214/1000. Step time: 1927.6ms.
   [Vectorized MCTS] Step 440: 64 games active. Completed: 214/1000. Step time: 1913.9ms.
   [Vectorized MCTS] Step 445: 64 games active. Completed: 216/1000. Step time: 1895.1ms.
   [Vectorized MCTS] Step 450: 64 games active. Completed: 220/1000. Step time: 1923.8ms.
   [Vectorized MCTS] Step 455: 64 games active. Completed: 222/1000. Step time: 1915.4ms.
   [Vectorized MCTS] Step 460: 64 games active. Completed: 224/1000. Step time: 1917.5ms.
   [Vectorized MCTS] Step 465: 64 games active. Completed: 225/1000. Step time: 1931.1ms.
   [Vectorized MCTS] Step 470: 64 games active. Completed: 226/1000. Step time: 1918.9ms.
   [Vectorized MCTS] Step 475: 64 games active. Completed: 226/1000. Step time: 1914.2ms.
   [Vectorized MCTS] Step 480: 64 games active. Completed: 233/1000. Step time: 1925.5ms.
   [Vectorized MCTS] Step 485: 64 games active. Completed: 241/1000. Step time: 1915.0ms.
   [Vectorized MCTS] Step 490: 64 games active. Completed: 243/1000. Step time: 1906.1ms.
   [Vectorized MCTS] Step 495: 64 games active. Completed: 246/1000. Step time: 1912.5ms.
   [Vectorized MCTS] Step 500: 64 games active. Completed: 248/1000. Step time: 1915.2ms.
   [Vectorized MCTS] Step 505: 64 games active. Completed: 250/1000. Step time: 1927.4ms.
   [Vectorized MCTS] Step 510: 64 games active. Completed: 253/1000. Step time: 1911.7ms.
   [Vectorized MCTS] Step 515: 64 games active. Completed: 256/1000. Step time: 1913.6ms.
   [Vectorized MCTS] Step 520: 64 games active. Completed: 257/1000. Step time: 1921.9ms.
   [Vectorized MCTS] Step 525: 64 games active. Completed: 260/1000. Step time: 1923.2ms.
   [Vectorized MCTS] Step 530: 64 games active. Completed: 261/1000. Step time: 1918.9ms.
   [Vectorized MCTS] Step 535: 64 games active. Completed: 262/1000. Step time: 1909.4ms.
   [Vectorized MCTS] Step 540: 64 games active. Completed: 264/1000. Step time: 1932.8ms.
   [Vectorized MCTS] Step 545: 64 games active. Completed: 269/1000. Step time: 1920.1ms.
   [Vectorized MCTS] Step 550: 64 games active. Completed: 270/1000. Step time: 1917.0ms.
   [Vectorized MCTS] Step 555: 64 games active. Completed: 274/1000. Step time: 1907.2ms.
   [Vectorized MCTS] Step 560: 64 games active. Completed: 276/1000. Step time: 1910.5ms.
   [Vectorized MCTS] Step 565: 64 games active. Completed: 278/1000. Step time: 1912.0ms.
   [Vectorized MCTS] Step 570: 64 games active. Completed: 284/1000. Step time: 1912.3ms.
   [Vectorized MCTS] Step 575: 64 games active. Completed: 286/1000. Step time: 1921.5ms.
   [Vectorized MCTS] Step 580: 64 games active. Completed: 287/1000. Step time: 1909.8ms.
   [Vectorized MCTS] Step 585: 64 games active. Completed: 291/1000. Step time: 1926.8ms.
   [Vectorized MCTS] Step 590: 64 games active. Completed: 293/1000. Step time: 1920.2ms.
   [Vectorized MCTS] Step 595: 64 games active. Completed: 297/1000. Step time: 1913.8ms.
   [Vectorized MCTS] Step 600: 64 games active. Completed: 299/1000. Step time: 1911.7ms.
   [Vectorized MCTS] Step 605: 64 games active. Completed: 299/1000. Step time: 1914.2ms.
   [Vectorized MCTS] Step 610: 64 games active. Completed: 304/1000. Step time: 1921.1ms.
   [Vectorized MCTS] Step 615: 64 games active. Completed: 306/1000. Step time: 1920.2ms.
   [Vectorized MCTS] Step 620: 64 games active. Completed: 308/1000. Step time: 1918.5ms.
   [Vectorized MCTS] Step 625: 64 games active. Completed: 310/1000. Step time: 1918.5ms.
   [Vectorized MCTS] Step 630: 64 games active. Completed: 311/1000. Step time: 1917.0ms.
   [Vectorized MCTS] Step 635: 64 games active. Completed: 312/1000. Step time: 1908.4ms.
   [Vectorized MCTS] Step 640: 64 games active. Completed: 314/1000. Step time: 1920.2ms.
   [Vectorized MCTS] Step 645: 64 games active. Completed: 319/1000. Step time: 1930.4ms.
   [Vectorized MCTS] Step 650: 64 games active. Completed: 321/1000. Step time: 1924.4ms.
   [Vectorized MCTS] Step 655: 64 games active. Completed: 325/1000. Step time: 1918.6ms.
   [Vectorized MCTS] Step 660: 64 games active. Completed: 328/1000. Step time: 1920.9ms.
   [Vectorized MCTS] Step 665: 64 games active. Completed: 331/1000. Step time: 1913.1ms.
   [Vectorized MCTS] Step 670: 64 games active. Completed: 332/1000. Step time: 1923.7ms.
   [Vectorized MCTS] Step 675: 64 games active. Completed: 333/1000. Step time: 1916.7ms.
   [Vectorized MCTS] Step 680: 64 games active. Completed: 335/1000. Step time: 1937.8ms.
   [Vectorized MCTS] Step 685: 64 games active. Completed: 337/1000. Step time: 1921.2ms.
   [Vectorized MCTS] Step 690: 64 games active. Completed: 338/1000. Step time: 1922.4ms.
   [Vectorized MCTS] Step 695: 64 games active. Completed: 342/1000. Step time: 1912.5ms.
   [Vectorized MCTS] Step 700: 64 games active. Completed: 343/1000. Step time: 1913.4ms.
   [Vectorized MCTS] Step 705: 64 games active. Completed: 350/1000. Step time: 1913.4ms.
   [Vectorized MCTS] Step 710: 64 games active. Completed: 353/1000. Step time: 1915.7ms.
   [Vectorized MCTS] Step 715: 64 games active. Completed: 354/1000. Step time: 1911.2ms.
   [Vectorized MCTS] Step 720: 64 games active. Completed: 356/1000. Step time: 1912.6ms.
   [Vectorized MCTS] Step 725: 64 games active. Completed: 360/1000. Step time: 1929.9ms.
   [Vectorized MCTS] Step 730: 64 games active. Completed: 363/1000. Step time: 1924.2ms.
   [Vectorized MCTS] Step 735: 64 games active. Completed: 365/1000. Step time: 1918.2ms.
   [Vectorized MCTS] Step 740: 64 games active. Completed: 368/1000. Step time: 1907.9ms.
   [Vectorized MCTS] Step 745: 64 games active. Completed: 373/1000. Step time: 1920.8ms.
   [Vectorized MCTS] Step 750: 64 games active. Completed: 376/1000. Step time: 1910.0ms.
   [Vectorized MCTS] Step 755: 64 games active. Completed: 381/1000. Step time: 1918.5ms.
   [Vectorized MCTS] Step 760: 64 games active. Completed: 382/1000. Step time: 1915.8ms.
   [Vectorized MCTS] Step 765: 64 games active. Completed: 382/1000. Step time: 1929.2ms.
   [Vectorized MCTS] Step 770: 64 games active. Completed: 386/1000. Step time: 1926.9ms.
   [Vectorized MCTS] Step 775: 64 games active. Completed: 388/1000. Step time: 1930.0ms.
   [Vectorized MCTS] Step 780: 64 games active. Completed: 391/1000. Step time: 1929.4ms.
   [Vectorized MCTS] Step 785: 64 games active. Completed: 394/1000. Step time: 1923.4ms.
   [Vectorized MCTS] Step 790: 64 games active. Completed: 395/1000. Step time: 1922.6ms.
   [Vectorized MCTS] Step 795: 64 games active. Completed: 397/1000. Step time: 1919.4ms.
   [Vectorized MCTS] Step 800: 64 games active. Completed: 401/1000. Step time: 1911.6ms.
   [Vectorized MCTS] Step 805: 64 games active. Completed: 407/1000. Step time: 1913.3ms.
   [Vectorized MCTS] Step 810: 64 games active. Completed: 409/1000. Step time: 1917.2ms.
   [Vectorized MCTS] Step 815: 64 games active. Completed: 415/1000. Step time: 1918.3ms.
   [Vectorized MCTS] Step 820: 64 games active. Completed: 415/1000. Step time: 1926.7ms.
   [Vectorized MCTS] Step 825: 64 games active. Completed: 417/1000. Step time: 1922.4ms.
   [Vectorized MCTS] Step 830: 64 games active. Completed: 420/1000. Step time: 1922.7ms.
   [Vectorized MCTS] Step 835: 64 games active. Completed: 424/1000. Step time: 1916.3ms.
   [Vectorized MCTS] Step 840: 64 games active. Completed: 426/1000. Step time: 1945.8ms.
   [Vectorized MCTS] Step 845: 64 games active. Completed: 428/1000. Step time: 1928.6ms.
   [Vectorized MCTS] Step 850: 64 games active. Completed: 428/1000. Step time: 1908.9ms.
   [Vectorized MCTS] Step 855: 64 games active. Completed: 430/1000. Step time: 1912.3ms.
   [Vectorized MCTS] Step 860: 64 games active. Completed: 435/1000. Step time: 1921.7ms.
   [Vectorized MCTS] Step 865: 64 games active. Completed: 440/1000. Step time: 1919.7ms.
   [Vectorized MCTS] Step 870: 64 games active. Completed: 442/1000. Step time: 1915.4ms.
   [Vectorized MCTS] Step 875: 64 games active. Completed: 445/1000. Step time: 1905.7ms.
   [Vectorized MCTS] Step 880: 64 games active. Completed: 445/1000. Step time: 1912.3ms.
   [Vectorized MCTS] Step 885: 64 games active. Completed: 448/1000. Step time: 1918.2ms.
   [Vectorized MCTS] Step 890: 64 games active. Completed: 451/1000. Step time: 1912.8ms.
   [Vectorized MCTS] Step 895: 64 games active. Completed: 455/1000. Step time: 1917.8ms.
   [Vectorized MCTS] Step 900: 64 games active. Completed: 457/1000. Step time: 1910.4ms.
   [Vectorized MCTS] Step 905: 64 games active. Completed: 459/1000. Step time: 1919.7ms.
   [Vectorized MCTS] Step 910: 64 games active. Completed: 464/1000. Step time: 1923.1ms.
   [Vectorized MCTS] Step 915: 64 games active. Completed: 469/1000. Step time: 1928.3ms.
   [Vectorized MCTS] Step 920: 64 games active. Completed: 472/1000. Step time: 1909.8ms.
   [Vectorized MCTS] Step 925: 64 games active. Completed: 473/1000. Step time: 1916.9ms.
   [Vectorized MCTS] Step 930: 64 games active. Completed: 476/1000. Step time: 1910.7ms.
   [Vectorized MCTS] Step 935: 64 games active. Completed: 480/1000. Step time: 1906.2ms.
   [Vectorized MCTS] Step 940: 64 games active. Completed: 483/1000. Step time: 1913.3ms.
   [Vectorized MCTS] Step 945: 64 games active. Completed: 485/1000. Step time: 1913.3ms.
   [Vectorized MCTS] Step 950: 64 games active. Completed: 487/1000. Step time: 1913.0ms.
   [Vectorized MCTS] Step 955: 64 games active. Completed: 490/1000. Step time: 1907.2ms.
   [Vectorized MCTS] Step 960: 64 games active. Completed: 493/1000. Step time: 1922.2ms.
   [Vectorized MCTS] Step 965: 64 games active. Completed: 495/1000. Step time: 1909.4ms.
   [Vectorized MCTS] Step 970: 64 games active. Completed: 498/1000. Step time: 1914.7ms.
   [Vectorized MCTS] Step 975: 64 games active. Completed: 501/1000. Step time: 1916.6ms.
   [Vectorized MCTS] Step 980: 64 games active. Completed: 502/1000. Step time: 1903.9ms.
   [Vectorized MCTS] Step 985: 64 games active. Completed: 503/1000. Step time: 1904.5ms.
   [Vectorized MCTS] Step 990: 64 games active. Completed: 505/1000. Step time: 1932.2ms.
   [Vectorized MCTS] Step 995: 64 games active. Completed: 511/1000. Step time: 1916.0ms.
   [Vectorized MCTS] Step 1000: 64 games active. Completed: 511/1000. Step time: 1896.7ms.
   [Vectorized MCTS] Step 1005: 64 games active. Completed: 514/1000. Step time: 1910.9ms.
   [Vectorized MCTS] Step 1010: 64 games active. Completed: 521/1000. Step time: 1917.3ms.
   [Vectorized MCTS] Step 1015: 64 games active. Completed: 523/1000. Step time: 1916.6ms.
   [Vectorized MCTS] Step 1020: 64 games active. Completed: 527/1000. Step time: 1916.4ms.
   [Vectorized MCTS] Step 1025: 64 games active. Completed: 530/1000. Step time: 1909.2ms.
   [Vectorized MCTS] Step 1030: 64 games active. Completed: 535/1000. Step time: 1913.4ms.
   [Vectorized MCTS] Step 1035: 64 games active. Completed: 537/1000. Step time: 1908.4ms.
   [Vectorized MCTS] Step 1040: 64 games active. Completed: 538/1000. Step time: 1910.5ms.
   [Vectorized MCTS] Step 1045: 64 games active. Completed: 540/1000. Step time: 1918.0ms.
   [Vectorized MCTS] Step 1050: 64 games active. Completed: 544/1000. Step time: 1910.8ms.
   [Vectorized MCTS] Step 1055: 64 games active. Completed: 547/1000. Step time: 1913.5ms.
   [Vectorized MCTS] Step 1060: 64 games active. Completed: 548/1000. Step time: 1902.4ms.
   [Vectorized MCTS] Step 1065: 64 games active. Completed: 549/1000. Step time: 1905.6ms.
   [Vectorized MCTS] Step 1070: 64 games active. Completed: 551/1000. Step time: 1910.8ms.
   [Vectorized MCTS] Step 1075: 64 games active. Completed: 554/1000. Step time: 1911.6ms.
   [Vectorized MCTS] Step 1080: 64 games active. Completed: 555/1000. Step time: 1911.8ms.
   [Vectorized MCTS] Step 1085: 64 games active. Completed: 558/1000. Step time: 1916.2ms.
   [Vectorized MCTS] Step 1090: 64 games active. Completed: 563/1000. Step time: 1911.2ms.
   [Vectorized MCTS] Step 1095: 64 games active. Completed: 566/1000. Step time: 1907.5ms.
   [Vectorized MCTS] Step 1100: 64 games active. Completed: 569/1000. Step time: 1908.5ms.
   [Vectorized MCTS] Step 1105: 64 games active. Completed: 574/1000. Step time: 1917.9ms.
   [Vectorized MCTS] Step 1110: 64 games active. Completed: 579/1000. Step time: 1915.6ms.
   [Vectorized MCTS] Step 1115: 64 games active. Completed: 581/1000. Step time: 1912.2ms.
   [Vectorized MCTS] Step 1120: 64 games active. Completed: 584/1000. Step time: 1912.9ms.
   [Vectorized MCTS] Step 1125: 64 games active. Completed: 586/1000. Step time: 1923.9ms.
   [Vectorized MCTS] Step 1130: 64 games active. Completed: 589/1000. Step time: 1910.2ms.
   [Vectorized MCTS] Step 1135: 64 games active. Completed: 590/1000. Step time: 1896.8ms.
   [Vectorized MCTS] Step 1140: 64 games active. Completed: 594/1000. Step time: 1938.9ms.
   [Vectorized MCTS] Step 1145: 64 games active. Completed: 594/1000. Step time: 1907.2ms.
   [Vectorized MCTS] Step 1150: 64 games active. Completed: 594/1000. Step time: 1903.5ms.
   [Vectorized MCTS] Step 1155: 64 games active. Completed: 599/1000. Step time: 1905.8ms.
   [Vectorized MCTS] Step 1160: 64 games active. Completed: 599/1000. Step time: 1916.9ms.
   [Vectorized MCTS] Step 1165: 64 games active. Completed: 601/1000. Step time: 1898.1ms.
   [Vectorized MCTS] Step 1170: 64 games active. Completed: 603/1000. Step time: 1910.7ms.
   [Vectorized MCTS] Step 1175: 64 games active. Completed: 610/1000. Step time: 1940.4ms.
   [Vectorized MCTS] Step 1180: 64 games active. Completed: 614/1000. Step time: 1915.4ms.
   [Vectorized MCTS] Step 1185: 64 games active. Completed: 616/1000. Step time: 1902.9ms.
   [Vectorized MCTS] Step 1190: 64 games active. Completed: 622/1000. Step time: 1904.6ms.
   [Vectorized MCTS] Step 1195: 64 games active. Completed: 626/1000. Step time: 1918.4ms.
   [Vectorized MCTS] Step 1200: 64 games active. Completed: 627/1000. Step time: 1916.0ms.
   [Vectorized MCTS] Step 1205: 64 games active. Completed: 630/1000. Step time: 1919.5ms.
   [Vectorized MCTS] Step 1210: 64 games active. Completed: 635/1000. Step time: 1917.8ms.
   [Vectorized MCTS] Step 1215: 64 games active. Completed: 636/1000. Step time: 1908.7ms.
   [Vectorized MCTS] Step 1220: 64 games active. Completed: 636/1000. Step time: 1902.4ms.
   [Vectorized MCTS] Step 1225: 64 games active. Completed: 638/1000. Step time: 1915.8ms.
   [Vectorized MCTS] Step 1230: 64 games active. Completed: 642/1000. Step time: 1913.3ms.
   [Vectorized MCTS] Step 1235: 64 games active. Completed: 646/1000. Step time: 1928.0ms.
   [Vectorized MCTS] Step 1240: 64 games active. Completed: 649/1000. Step time: 1920.8ms.
   [Vectorized MCTS] Step 1245: 64 games active. Completed: 652/1000. Step time: 1905.8ms.
   [Vectorized MCTS] Step 1250: 64 games active. Completed: 653/1000. Step time: 1927.3ms.
   [Vectorized MCTS] Step 1255: 64 games active. Completed: 653/1000. Step time: 1912.9ms.
   [Vectorized MCTS] Step 1260: 64 games active. Completed: 653/1000. Step time: 1910.3ms.
   [Vectorized MCTS] Step 1265: 64 games active. Completed: 655/1000. Step time: 1919.6ms.
   [Vectorized MCTS] Step 1270: 64 games active. Completed: 658/1000. Step time: 1912.9ms.
   [Vectorized MCTS] Step 1275: 64 games active. Completed: 661/1000. Step time: 1918.0ms.
   [Vectorized MCTS] Step 1280: 64 games active. Completed: 664/1000. Step time: 1904.2ms.
   [Vectorized MCTS] Step 1285: 64 games active. Completed: 668/1000. Step time: 1910.4ms.
   [Vectorized MCTS] Step 1290: 64 games active. Completed: 673/1000. Step time: 1919.6ms.
   [Vectorized MCTS] Step 1295: 64 games active. Completed: 677/1000. Step time: 1919.9ms.
   [Vectorized MCTS] Step 1300: 64 games active. Completed: 680/1000. Step time: 1914.4ms.
   [Vectorized MCTS] Step 1305: 64 games active. Completed: 681/1000. Step time: 1917.4ms.
   [Vectorized MCTS] Step 1310: 64 games active. Completed: 684/1000. Step time: 1921.9ms.
   [Vectorized MCTS] Step 1315: 64 games active. Completed: 685/1000. Step time: 1900.7ms.
   [Vectorized MCTS] Step 1320: 64 games active. Completed: 688/1000. Step time: 1907.2ms.
   [Vectorized MCTS] Step 1325: 64 games active. Completed: 690/1000. Step time: 1903.6ms.
   [Vectorized MCTS] Step 1330: 64 games active. Completed: 693/1000. Step time: 1921.7ms.
   [Vectorized MCTS] Step 1335: 64 games active. Completed: 701/1000. Step time: 1921.9ms.
   [Vectorized MCTS] Step 1340: 64 games active. Completed: 702/1000. Step time: 1914.4ms.
   [Vectorized MCTS] Step 1345: 64 games active. Completed: 705/1000. Step time: 1902.1ms.
   [Vectorized MCTS] Step 1350: 64 games active. Completed: 708/1000. Step time: 1906.8ms.
   [Vectorized MCTS] Step 1355: 64 games active. Completed: 711/1000. Step time: 1904.5ms.
   [Vectorized MCTS] Step 1360: 64 games active. Completed: 713/1000. Step time: 1912.2ms.
   [Vectorized MCTS] Step 1365: 64 games active. Completed: 717/1000. Step time: 1909.0ms.
   [Vectorized MCTS] Step 1370: 64 games active. Completed: 718/1000. Step time: 1916.9ms.
   [Vectorized MCTS] Step 1375: 64 games active. Completed: 719/1000. Step time: 1915.8ms.
   [Vectorized MCTS] Step 1380: 64 games active. Completed: 719/1000. Step time: 1903.5ms.
   [Vectorized MCTS] Step 1385: 64 games active. Completed: 719/1000. Step time: 1945.8ms.
   [Vectorized MCTS] Step 1390: 64 games active. Completed: 723/1000. Step time: 1897.8ms.
   [Vectorized MCTS] Step 1395: 64 games active. Completed: 728/1000. Step time: 1900.5ms.
   [Vectorized MCTS] Step 1400: 64 games active. Completed: 734/1000. Step time: 1918.9ms.
   [Vectorized MCTS] Step 1405: 64 games active. Completed: 736/1000. Step time: 1899.6ms.
   [Vectorized MCTS] Step 1410: 64 games active. Completed: 738/1000. Step time: 1907.1ms.
   [Vectorized MCTS] Step 1415: 64 games active. Completed: 740/1000. Step time: 1912.6ms.
   [Vectorized MCTS] Step 1420: 64 games active. Completed: 743/1000. Step time: 1918.5ms.
   [Vectorized MCTS] Step 1425: 64 games active. Completed: 744/1000. Step time: 1905.8ms.
   [Vectorized MCTS] Step 1430: 64 games active. Completed: 746/1000. Step time: 1914.0ms.
   [Vectorized MCTS] Step 1435: 64 games active. Completed: 751/1000. Step time: 1911.0ms.
   [Vectorized MCTS] Step 1440: 64 games active. Completed: 752/1000. Step time: 1895.6ms.
   [Vectorized MCTS] Step 1445: 64 games active. Completed: 756/1000. Step time: 1916.0ms.
   [Vectorized MCTS] Step 1450: 64 games active. Completed: 760/1000. Step time: 1911.5ms.
   [Vectorized MCTS] Step 1455: 64 games active. Completed: 763/1000. Step time: 1921.6ms.
   [Vectorized MCTS] Step 1460: 64 games active. Completed: 764/1000. Step time: 1932.3ms.
   [Vectorized MCTS] Step 1465: 64 games active. Completed: 766/1000. Step time: 1906.8ms.
   [Vectorized MCTS] Step 1470: 64 games active. Completed: 769/1000. Step time: 1909.4ms.
   [Vectorized MCTS] Step 1475: 64 games active. Completed: 770/1000. Step time: 1899.4ms.
   [Vectorized MCTS] Step 1480: 64 games active. Completed: 773/1000. Step time: 1924.7ms.
   [Vectorized MCTS] Step 1485: 64 games active. Completed: 776/1000. Step time: 1911.3ms.
   [Vectorized MCTS] Step 1490: 64 games active. Completed: 778/1000. Step time: 1907.2ms.
   [Vectorized MCTS] Step 1495: 64 games active. Completed: 783/1000. Step time: 1910.5ms.
   [Vectorized MCTS] Step 1500: 64 games active. Completed: 785/1000. Step time: 1914.1ms.
   [Vectorized MCTS] Step 1505: 64 games active. Completed: 789/1000. Step time: 1906.5ms.
   [Vectorized MCTS] Step 1510: 64 games active. Completed: 791/1000. Step time: 1911.2ms.
   [Vectorized MCTS] Step 1515: 64 games active. Completed: 794/1000. Step time: 1904.8ms.
   [Vectorized MCTS] Step 1520: 64 games active. Completed: 798/1000. Step time: 1915.3ms.
   [Vectorized MCTS] Step 1525: 64 games active. Completed: 799/1000. Step time: 1915.8ms.
   [Vectorized MCTS] Step 1530: 64 games active. Completed: 802/1000. Step time: 1909.2ms.
   [Vectorized MCTS] Step 1535: 64 games active. Completed: 808/1000. Step time: 1903.0ms.
   [Vectorized MCTS] Step 1540: 64 games active. Completed: 812/1000. Step time: 1887.1ms.
   [Vectorized MCTS] Step 1545: 64 games active. Completed: 813/1000. Step time: 1905.0ms.
   [Vectorized MCTS] Step 1550: 64 games active. Completed: 816/1000. Step time: 1907.7ms.
   [Vectorized MCTS] Step 1555: 64 games active. Completed: 818/1000. Step time: 1900.2ms.
   [Vectorized MCTS] Step 1560: 64 games active. Completed: 825/1000. Step time: 1916.5ms.
   [Vectorized MCTS] Step 1565: 64 games active. Completed: 828/1000. Step time: 1912.9ms.
   [Vectorized MCTS] Step 1570: 64 games active. Completed: 830/1000. Step time: 1896.1ms.
   [Vectorized MCTS] Step 1575: 64 games active. Completed: 832/1000. Step time: 1910.3ms.
   [Vectorized MCTS] Step 1580: 64 games active. Completed: 835/1000. Step time: 1918.3ms.
   [Vectorized MCTS] Step 1585: 64 games active. Completed: 835/1000. Step time: 1899.6ms.
   [Vectorized MCTS] Step 1590: 64 games active. Completed: 837/1000. Step time: 1908.3ms.
   [Vectorized MCTS] Step 1595: 64 games active. Completed: 843/1000. Step time: 1911.7ms.
   [Vectorized MCTS] Step 1600: 64 games active. Completed: 846/1000. Step time: 1910.2ms.
   [Vectorized MCTS] Step 1605: 64 games active. Completed: 850/1000. Step time: 1912.6ms.
   [Vectorized MCTS] Step 1610: 64 games active. Completed: 852/1000. Step time: 1907.6ms.
   [Vectorized MCTS] Step 1615: 64 games active. Completed: 857/1000. Step time: 1908.4ms.
   [Vectorized MCTS] Step 1620: 64 games active. Completed: 860/1000. Step time: 1927.4ms.
   [Vectorized MCTS] Step 1625: 64 games active. Completed: 861/1000. Step time: 1923.1ms.
   [Vectorized MCTS] Step 1630: 64 games active. Completed: 864/1000. Step time: 1937.3ms.
   [Vectorized MCTS] Step 1635: 64 games active. Completed: 866/1000. Step time: 1906.8ms.
   [Vectorized MCTS] Step 1640: 64 games active. Completed: 868/1000. Step time: 1919.2ms.
   [Vectorized MCTS] Step 1645: 64 games active. Completed: 870/1000. Step time: 1922.5ms.
   [Vectorized MCTS] Step 1650: 64 games active. Completed: 873/1000. Step time: 1918.1ms.
   [Vectorized MCTS] Step 1655: 64 games active. Completed: 875/1000. Step time: 1907.3ms.
   [Vectorized MCTS] Step 1660: 64 games active. Completed: 878/1000. Step time: 1920.4ms.
   [Vectorized MCTS] Step 1665: 64 games active. Completed: 880/1000. Step time: 1906.9ms.
   [Vectorized MCTS] Step 1670: 64 games active. Completed: 884/1000. Step time: 1912.8ms.
   [Vectorized MCTS] Step 1675: 64 games active. Completed: 886/1000. Step time: 1922.5ms.
   [Vectorized MCTS] Step 1680: 64 games active. Completed: 888/1000. Step time: 1902.6ms.
   [Vectorized MCTS] Step 1685: 64 games active. Completed: 890/1000. Step time: 1913.2ms.
   [Vectorized MCTS] Step 1690: 64 games active. Completed: 892/1000. Step time: 1905.2ms.
   [Vectorized MCTS] Step 1695: 64 games active. Completed: 896/1000. Step time: 1900.2ms.
   [Vectorized MCTS] Step 1700: 64 games active. Completed: 898/1000. Step time: 1896.1ms.
   [Vectorized MCTS] Step 1705: 64 games active. Completed: 901/1000. Step time: 1909.3ms.
   [Vectorized MCTS] Step 1710: 64 games active. Completed: 903/1000. Step time: 1924.1ms.
   [Vectorized MCTS] Step 1715: 64 games active. Completed: 904/1000. Step time: 1916.2ms.
   [Vectorized MCTS] Step 1720: 64 games active. Completed: 908/1000. Step time: 1925.6ms.
   [Vectorized MCTS] Step 1725: 64 games active. Completed: 910/1000. Step time: 1915.8ms.
   [Vectorized MCTS] Step 1730: 64 games active. Completed: 910/1000. Step time: 1921.0ms.
   [Vectorized MCTS] Step 1735: 64 games active. Completed: 915/1000. Step time: 1921.1ms.
   [Vectorized MCTS] Step 1740: 64 games active. Completed: 919/1000. Step time: 1936.4ms.
   [Vectorized MCTS] Step 1745: 64 games active. Completed: 919/1000. Step time: 1930.2ms.
   [Vectorized MCTS] Step 1750: 64 games active. Completed: 921/1000. Step time: 1921.3ms.
   [Vectorized MCTS] Step 1755: 64 games active. Completed: 925/1000. Step time: 1904.6ms.
   [Vectorized MCTS] Step 1760: 64 games active. Completed: 929/1000. Step time: 1908.9ms.
   [Vectorized MCTS] Step 1765: 64 games active. Completed: 933/1000. Step time: 1926.2ms.
   [Vectorized MCTS] Step 1770: 62 games active. Completed: 938/1000. Step time: 2022.3ms.
   [Vectorized MCTS] Step 1775: 61 games active. Completed: 939/1000. Step time: 1971.3ms.
   [Vectorized MCTS] Step 1780: 56 games active. Completed: 944/1000. Step time: 1840.8ms.
   [Vectorized MCTS] Step 1785: 55 games active. Completed: 945/1000. Step time: 1795.9ms.
   [Vectorized MCTS] Step 1790: 51 games active. Completed: 949/1000. Step time: 1669.4ms.
   [Vectorized MCTS] Step 1795: 49 games active. Completed: 951/1000. Step time: 1369.0ms.
   [Vectorized MCTS] Step 1800: 47 games active. Completed: 953/1000. Step time: 1296.8ms.
   [Vectorized MCTS] Step 1805: 46 games active. Completed: 954/1000. Step time: 1308.6ms.
   [Vectorized MCTS] Step 1810: 44 games active. Completed: 956/1000. Step time: 1250.3ms.
   [Vectorized MCTS] Step 1815: 42 games active. Completed: 958/1000. Step time: 1244.7ms.
   [Vectorized MCTS] Step 1820: 41 games active. Completed: 959/1000. Step time: 1198.6ms.
   [Vectorized MCTS] Step 1825: 40 games active. Completed: 960/1000. Step time: 1178.8ms.
   [Vectorized MCTS] Step 1830: 37 games active. Completed: 963/1000. Step time: 1092.9ms.
   [Vectorized MCTS] Step 1835: 33 games active. Completed: 967/1000. Step time: 1034.8ms.
   [Vectorized MCTS] Step 1840: 33 games active. Completed: 967/1000. Step time: 999.1ms.
   [Vectorized MCTS] Step 1845: 33 games active. Completed: 967/1000. Step time: 982.9ms.
   [Vectorized MCTS] Step 1850: 29 games active. Completed: 971/1000. Step time: 926.6ms.
   [Vectorized MCTS] Step 1855: 26 games active. Completed: 974/1000. Step time: 861.8ms.
   [Vectorized MCTS] Step 1860: 24 games active. Completed: 976/1000. Step time: 782.3ms.
   [Vectorized MCTS] Step 1865: 22 games active. Completed: 978/1000. Step time: 726.5ms.
   [Vectorized MCTS] Step 1870: 18 games active. Completed: 982/1000. Step time: 657.9ms.
   [Vectorized MCTS] Step 1875: 18 games active. Completed: 982/1000. Step time: 598.5ms.
   [Vectorized MCTS] Step 1880: 15 games active. Completed: 985/1000. Step time: 576.0ms.
   [Vectorized MCTS] Step 1885: 15 games active. Completed: 985/1000. Step time: 541.1ms.
   [Vectorized MCTS] Step 1890: 15 games active. Completed: 985/1000. Step time: 552.1ms.
   [Vectorized MCTS] Step 1895: 14 games active. Completed: 986/1000. Step time: 533.3ms.
   [Vectorized MCTS] Step 1900: 10 games active. Completed: 990/1000. Step time: 443.0ms.
   [Vectorized MCTS] Step 1905: 09 games active. Completed: 991/1000. Step time: 410.8ms.
   [Vectorized MCTS] Step 1910: 08 games active. Completed: 992/1000. Step time: 404.1ms.
   [Vectorized MCTS] Step 1915: 07 games active. Completed: 993/1000. Step time: 387.9ms.
   [Vectorized MCTS] Step 1920: 05 games active. Completed: 995/1000. Step time: 369.2ms.
   [Vectorized MCTS] Step 1925: 02 games active. Completed: 998/1000. Step time: 307.4ms.
   [Vectorized MCTS] Step 1930: 01 games active. Completed: 999/1000. Step time: 254.4ms.
   [Vectorized MCTS] Step 1931: 00 games active. Completed: 1000/1000. Step time: 253.4ms.

Collection completed in 3542.4 seconds (3.542s/game average).
