Starting self-play collection using /Users/nilbot/playground/autogo-mlx/experiments/001_train_from_scratch/checkpoints/iter2.safetensors
--> Progressive sims enabled. Iteration 2 -> 16 simulations.
Config: num-games=1000, simulations=16, workers=8
--> Starting pool-swapping selfplay for all 1000 games with max_active_games=64...
   [Vectorized MCTS] Step 001: 64 games active. Completed: 0/1000. Step time: 982.3ms.
   [Vectorized MCTS] Step 005: 64 games active. Completed: 0/1000. Step time: 943.3ms.
   [Vectorized MCTS] Step 010: 64 games active. Completed: 0/1000. Step time: 954.2ms.
   [Vectorized MCTS] Step 015: 64 games active. Completed: 0/1000. Step time: 957.9ms.
   [Vectorized MCTS] Step 020: 64 games active. Completed: 0/1000. Step time: 966.5ms.
   [Vectorized MCTS] Step 025: 64 games active. Completed: 0/1000. Step time: 958.9ms.
   [Vectorized MCTS] Step 030: 64 games active. Completed: 0/1000. Step time: 962.9ms.
   [Vectorized MCTS] Step 035: 64 games active. Completed: 0/1000. Step time: 958.4ms.
   [Vectorized MCTS] Step 040: 64 games active. Completed: 0/1000. Step time: 963.5ms.
   [Vectorized MCTS] Step 045: 64 games active. Completed: 0/1000. Step time: 961.7ms.
   [Vectorized MCTS] Step 050: 64 games active. Completed: 1/1000. Step time: 960.9ms.
   [Vectorized MCTS] Step 055: 64 games active. Completed: 2/1000. Step time: 963.6ms.
   [Vectorized MCTS] Step 060: 64 games active. Completed: 6/1000. Step time: 957.4ms.
   [Vectorized MCTS] Step 065: 64 games active. Completed: 9/1000. Step time: 981.4ms.
   [Vectorized MCTS] Step 070: 64 games active. Completed: 13/1000. Step time: 955.6ms.
   [Vectorized MCTS] Step 075: 64 games active. Completed: 20/1000. Step time: 956.7ms.
   [Vectorized MCTS] Step 080: 64 games active. Completed: 25/1000. Step time: 958.7ms.
   [Vectorized MCTS] Step 085: 64 games active. Completed: 27/1000. Step time: 946.5ms.
   [Vectorized MCTS] Step 090: 64 games active. Completed: 29/1000. Step time: 943.4ms.
   [Vectorized MCTS] Step 095: 64 games active. Completed: 32/1000. Step time: 941.7ms.
   [Vectorized MCTS] Step 100: 64 games active. Completed: 37/1000. Step time: 945.5ms.
   [Vectorized MCTS] Step 105: 64 games active. Completed: 40/1000. Step time: 947.5ms.
   [Vectorized MCTS] Step 110: 64 games active. Completed: 41/1000. Step time: 941.8ms.
   [Vectorized MCTS] Step 115: 64 games active. Completed: 42/1000. Step time: 945.9ms.
   [Vectorized MCTS] Step 120: 64 games active. Completed: 44/1000. Step time: 942.2ms.
   [Vectorized MCTS] Step 125: 64 games active. Completed: 45/1000. Step time: 937.0ms.
   [Vectorized MCTS] Step 130: 64 games active. Completed: 47/1000. Step time: 933.3ms.
   [Vectorized MCTS] Step 135: 64 games active. Completed: 50/1000. Step time: 937.9ms.
   [Vectorized MCTS] Step 140: 64 games active. Completed: 52/1000. Step time: 938.1ms.
   [Vectorized MCTS] Step 145: 64 games active. Completed: 55/1000. Step time: 940.3ms.
   [Vectorized MCTS] Step 150: 64 games active. Completed: 59/1000. Step time: 937.7ms.
   [Vectorized MCTS] Step 155: 64 games active. Completed: 62/1000. Step time: 945.1ms.
   [Vectorized MCTS] Step 160: 64 games active. Completed: 65/1000. Step time: 934.7ms.
   [Vectorized MCTS] Step 165: 64 games active. Completed: 79/1000. Step time: 947.5ms.
   [Vectorized MCTS] Step 170: 64 games active. Completed: 84/1000. Step time: 952.2ms.
   [Vectorized MCTS] Step 175: 64 games active. Completed: 85/1000. Step time: 953.5ms.
   [Vectorized MCTS] Step 180: 64 games active. Completed: 86/1000. Step time: 955.3ms.
   [Vectorized MCTS] Step 185: 64 games active. Completed: 87/1000. Step time: 958.2ms.
   [Vectorized MCTS] Step 190: 64 games active. Completed: 89/1000. Step time: 962.4ms.
   [Vectorized MCTS] Step 195: 64 games active. Completed: 93/1000. Step time: 961.7ms.
   [Vectorized MCTS] Step 200: 64 games active. Completed: 93/1000. Step time: 993.9ms.
   [Vectorized MCTS] Step 205: 64 games active. Completed: 94/1000. Step time: 964.6ms.
   [Vectorized MCTS] Step 210: 64 games active. Completed: 98/1000. Step time: 960.3ms.
   [Vectorized MCTS] Step 215: 64 games active. Completed: 102/1000. Step time: 968.5ms.
   [Vectorized MCTS] Step 220: 64 games active. Completed: 105/1000. Step time: 963.4ms.
   [Vectorized MCTS] Step 225: 64 games active. Completed: 109/1000. Step time: 963.4ms.
   [Vectorized MCTS] Step 230: 64 games active. Completed: 111/1000. Step time: 961.6ms.
   [Vectorized MCTS] Step 235: 64 games active. Completed: 114/1000. Step time: 974.1ms.
   [Vectorized MCTS] Step 240: 64 games active. Completed: 116/1000. Step time: 967.5ms.
   [Vectorized MCTS] Step 245: 64 games active. Completed: 116/1000. Step time: 957.2ms.
   [Vectorized MCTS] Step 250: 64 games active. Completed: 118/1000. Step time: 961.7ms.
   [Vectorized MCTS] Step 255: 64 games active. Completed: 124/1000. Step time: 960.0ms.
   [Vectorized MCTS] Step 260: 64 games active. Completed: 127/1000. Step time: 950.3ms.
   [Vectorized MCTS] Step 265: 64 games active. Completed: 134/1000. Step time: 958.4ms.
   [Vectorized MCTS] Step 270: 64 games active. Completed: 135/1000. Step time: 951.1ms.
   [Vectorized MCTS] Step 275: 64 games active. Completed: 137/1000. Step time: 950.8ms.
   [Vectorized MCTS] Step 280: 64 games active. Completed: 140/1000. Step time: 938.3ms.
   [Vectorized MCTS] Step 285: 64 games active. Completed: 143/1000. Step time: 947.0ms.
   [Vectorized MCTS] Step 290: 64 games active. Completed: 146/1000. Step time: 938.0ms.
   [Vectorized MCTS] Step 295: 64 games active. Completed: 149/1000. Step time: 944.0ms.
   [Vectorized MCTS] Step 300: 64 games active. Completed: 149/1000. Step time: 933.8ms.
   [Vectorized MCTS] Step 305: 64 games active. Completed: 154/1000. Step time: 934.6ms.
   [Vectorized MCTS] Step 310: 64 games active. Completed: 155/1000. Step time: 935.9ms.
   [Vectorized MCTS] Step 315: 64 games active. Completed: 158/1000. Step time: 940.3ms.
   [Vectorized MCTS] Step 320: 64 games active. Completed: 160/1000. Step time: 944.0ms.
   [Vectorized MCTS] Step 325: 64 games active. Completed: 165/1000. Step time: 932.6ms.
   [Vectorized MCTS] Step 330: 64 games active. Completed: 169/1000. Step time: 980.8ms.
   [Vectorized MCTS] Step 335: 64 games active. Completed: 171/1000. Step time: 944.2ms.
   [Vectorized MCTS] Step 340: 64 games active. Completed: 172/1000. Step time: 940.7ms.
   [Vectorized MCTS] Step 345: 64 games active. Completed: 173/1000. Step time: 937.6ms.
   [Vectorized MCTS] Step 350: 64 games active. Completed: 176/1000. Step time: 950.3ms.
   [Vectorized MCTS] Step 355: 64 games active. Completed: 181/1000. Step time: 948.7ms.
   [Vectorized MCTS] Step 360: 64 games active. Completed: 182/1000. Step time: 951.7ms.
   [Vectorized MCTS] Step 365: 64 games active. Completed: 183/1000. Step time: 950.4ms.
   [Vectorized MCTS] Step 370: 64 games active. Completed: 186/1000. Step time: 945.9ms.
   [Vectorized MCTS] Step 375: 64 games active. Completed: 192/1000. Step time: 953.6ms.
   [Vectorized MCTS] Step 380: 64 games active. Completed: 197/1000. Step time: 952.3ms.
   [Vectorized MCTS] Step 385: 64 games active. Completed: 197/1000. Step time: 958.4ms.
   [Vectorized MCTS] Step 390: 64 games active. Completed: 200/1000. Step time: 957.4ms.
   [Vectorized MCTS] Step 395: 64 games active. Completed: 203/1000. Step time: 959.7ms.
   [Vectorized MCTS] Step 400: 64 games active. Completed: 208/1000. Step time: 961.7ms.
   [Vectorized MCTS] Step 405: 64 games active. Completed: 210/1000. Step time: 963.6ms.
   [Vectorized MCTS] Step 410: 64 games active. Completed: 212/1000. Step time: 961.1ms.
   [Vectorized MCTS] Step 415: 64 games active. Completed: 214/1000. Step time: 964.4ms.
   [Vectorized MCTS] Step 420: 64 games active. Completed: 217/1000. Step time: 966.7ms.
   [Vectorized MCTS] Step 425: 64 games active. Completed: 218/1000. Step time: 967.1ms.
   [Vectorized MCTS] Step 430: 64 games active. Completed: 221/1000. Step time: 978.2ms.
   [Vectorized MCTS] Step 435: 64 games active. Completed: 225/1000. Step time: 961.6ms.
   [Vectorized MCTS] Step 440: 64 games active. Completed: 227/1000. Step time: 966.1ms.
   [Vectorized MCTS] Step 445: 64 games active. Completed: 229/1000. Step time: 962.2ms.
   [Vectorized MCTS] Step 450: 64 games active. Completed: 235/1000. Step time: 965.5ms.
   [Vectorized MCTS] Step 455: 64 games active. Completed: 240/1000. Step time: 961.5ms.
   [Vectorized MCTS] Step 460: 64 games active. Completed: 242/1000. Step time: 954.6ms.
   [Vectorized MCTS] Step 465: 64 games active. Completed: 246/1000. Step time: 964.6ms.
   [Vectorized MCTS] Step 470: 64 games active. Completed: 248/1000. Step time: 969.5ms.
   [Vectorized MCTS] Step 475: 64 games active. Completed: 251/1000. Step time: 953.2ms.
   [Vectorized MCTS] Step 480: 64 games active. Completed: 256/1000. Step time: 950.2ms.
   [Vectorized MCTS] Step 485: 64 games active. Completed: 260/1000. Step time: 954.0ms.
   [Vectorized MCTS] Step 490: 64 games active. Completed: 264/1000. Step time: 946.3ms.
   [Vectorized MCTS] Step 495: 64 games active. Completed: 265/1000. Step time: 948.7ms.
   [Vectorized MCTS] Step 500: 64 games active. Completed: 268/1000. Step time: 953.1ms.
   [Vectorized MCTS] Step 505: 64 games active. Completed: 273/1000. Step time: 950.4ms.
   [Vectorized MCTS] Step 510: 64 games active. Completed: 275/1000. Step time: 943.9ms.
   [Vectorized MCTS] Step 515: 64 games active. Completed: 280/1000. Step time: 939.8ms.
   [Vectorized MCTS] Step 520: 64 games active. Completed: 280/1000. Step time: 939.7ms.
   [Vectorized MCTS] Step 525: 64 games active. Completed: 281/1000. Step time: 941.8ms.
   [Vectorized MCTS] Step 530: 64 games active. Completed: 284/1000. Step time: 956.1ms.
   [Vectorized MCTS] Step 535: 64 games active. Completed: 287/1000. Step time: 935.2ms.
   [Vectorized MCTS] Step 540: 64 games active. Completed: 292/1000. Step time: 940.6ms.
   [Vectorized MCTS] Step 545: 64 games active. Completed: 297/1000. Step time: 941.6ms.
   [Vectorized MCTS] Step 550: 64 games active. Completed: 300/1000. Step time: 943.7ms.
   [Vectorized MCTS] Step 555: 64 games active. Completed: 302/1000. Step time: 939.5ms.
   [Vectorized MCTS] Step 560: 64 games active. Completed: 304/1000. Step time: 937.9ms.
   [Vectorized MCTS] Step 565: 64 games active. Completed: 305/1000. Step time: 943.2ms.
   [Vectorized MCTS] Step 570: 64 games active. Completed: 305/1000. Step time: 944.0ms.
   [Vectorized MCTS] Step 575: 64 games active. Completed: 308/1000. Step time: 951.3ms.
   [Vectorized MCTS] Step 580: 64 games active. Completed: 310/1000. Step time: 945.9ms.
   [Vectorized MCTS] Step 585: 64 games active. Completed: 313/1000. Step time: 946.3ms.
   [Vectorized MCTS] Step 590: 64 games active. Completed: 317/1000. Step time: 960.1ms.
   [Vectorized MCTS] Step 595: 64 games active. Completed: 321/1000. Step time: 938.4ms.
   [Vectorized MCTS] Step 600: 64 games active. Completed: 322/1000. Step time: 977.7ms.
   [Vectorized MCTS] Step 605: 64 games active. Completed: 324/1000. Step time: 993.7ms.
   [Vectorized MCTS] Step 610: 64 games active. Completed: 324/1000. Step time: 984.3ms.
   [Vectorized MCTS] Step 615: 64 games active. Completed: 326/1000. Step time: 990.5ms.
   [Vectorized MCTS] Step 620: 64 games active. Completed: 327/1000. Step time: 990.0ms.
   [Vectorized MCTS] Step 625: 64 games active. Completed: 331/1000. Step time: 983.1ms.
   [Vectorized MCTS] Step 630: 64 games active. Completed: 336/1000. Step time: 981.0ms.
   [Vectorized MCTS] Step 635: 64 games active. Completed: 338/1000. Step time: 979.3ms.
   [Vectorized MCTS] Step 640: 64 games active. Completed: 343/1000. Step time: 983.8ms.
   [Vectorized MCTS] Step 645: 64 games active. Completed: 346/1000. Step time: 973.8ms.
   [Vectorized MCTS] Step 650: 64 games active. Completed: 348/1000. Step time: 984.7ms.
   [Vectorized MCTS] Step 655: 64 games active. Completed: 354/1000. Step time: 987.8ms.
   [Vectorized MCTS] Step 660: 64 games active. Completed: 355/1000. Step time: 994.8ms.
   [Vectorized MCTS] Step 665: 64 games active. Completed: 358/1000. Step time: 982.6ms.
   [Vectorized MCTS] Step 670: 64 games active. Completed: 358/1000. Step time: 993.9ms.
   [Vectorized MCTS] Step 675: 64 games active. Completed: 366/1000. Step time: 990.2ms.
   [Vectorized MCTS] Step 680: 64 games active. Completed: 367/1000. Step time: 994.3ms.
   [Vectorized MCTS] Step 685: 64 games active. Completed: 371/1000. Step time: 966.6ms.
   [Vectorized MCTS] Step 690: 64 games active. Completed: 372/1000. Step time: 985.0ms.
   [Vectorized MCTS] Step 695: 64 games active. Completed: 376/1000. Step time: 982.9ms.
   [Vectorized MCTS] Step 700: 64 games active. Completed: 377/1000. Step time: 987.1ms.
   [Vectorized MCTS] Step 705: 64 games active. Completed: 382/1000. Step time: 985.8ms.
   [Vectorized MCTS] Step 710: 64 games active. Completed: 384/1000. Step time: 985.6ms.
   [Vectorized MCTS] Step 715: 64 games active. Completed: 388/1000. Step time: 984.8ms.
   [Vectorized MCTS] Step 720: 64 games active. Completed: 391/1000. Step time: 996.9ms.
   [Vectorized MCTS] Step 725: 64 games active. Completed: 394/1000. Step time: 987.8ms.
   [Vectorized MCTS] Step 730: 64 games active. Completed: 396/1000. Step time: 990.7ms.
   [Vectorized MCTS] Step 735: 64 games active. Completed: 399/1000. Step time: 987.0ms.
   [Vectorized MCTS] Step 740: 64 games active. Completed: 403/1000. Step time: 988.3ms.
   [Vectorized MCTS] Step 745: 64 games active. Completed: 405/1000. Step time: 992.6ms.
   [Vectorized MCTS] Step 750: 64 games active. Completed: 409/1000. Step time: 983.5ms.
   [Vectorized MCTS] Step 755: 64 games active. Completed: 411/1000. Step time: 988.4ms.
   [Vectorized MCTS] Step 760: 64 games active. Completed: 415/1000. Step time: 993.0ms.
   [Vectorized MCTS] Step 765: 64 games active. Completed: 417/1000. Step time: 991.7ms.
   [Vectorized MCTS] Step 770: 64 games active. Completed: 417/1000. Step time: 990.1ms.
   [Vectorized MCTS] Step 775: 64 games active. Completed: 419/1000. Step time: 1007.6ms.
   [Vectorized MCTS] Step 780: 64 games active. Completed: 421/1000. Step time: 992.9ms.
   [Vectorized MCTS] Step 785: 64 games active. Completed: 425/1000. Step time: 991.9ms.
   [Vectorized MCTS] Step 790: 64 games active. Completed: 428/1000. Step time: 987.2ms.
   [Vectorized MCTS] Step 795: 64 games active. Completed: 434/1000. Step time: 986.7ms.
   [Vectorized MCTS] Step 800: 64 games active. Completed: 435/1000. Step time: 987.3ms.
   [Vectorized MCTS] Step 805: 64 games active. Completed: 439/1000. Step time: 990.0ms.
   [Vectorized MCTS] Step 810: 64 games active. Completed: 441/1000. Step time: 991.8ms.
   [Vectorized MCTS] Step 815: 64 games active. Completed: 443/1000. Step time: 992.6ms.
   [Vectorized MCTS] Step 820: 64 games active. Completed: 448/1000. Step time: 990.5ms.
   [Vectorized MCTS] Step 825: 64 games active. Completed: 449/1000. Step time: 989.6ms.
   [Vectorized MCTS] Step 830: 64 games active. Completed: 455/1000. Step time: 995.8ms.
   [Vectorized MCTS] Step 835: 64 games active. Completed: 458/1000. Step time: 995.6ms.
   [Vectorized MCTS] Step 840: 64 games active. Completed: 460/1000. Step time: 977.7ms.
   [Vectorized MCTS] Step 845: 64 games active. Completed: 461/1000. Step time: 986.6ms.
   [Vectorized MCTS] Step 850: 64 games active. Completed: 463/1000. Step time: 997.5ms.
   [Vectorized MCTS] Step 855: 64 games active. Completed: 463/1000. Step time: 995.5ms.
   [Vectorized MCTS] Step 860: 64 games active. Completed: 468/1000. Step time: 991.9ms.
   [Vectorized MCTS] Step 865: 64 games active. Completed: 469/1000. Step time: 989.9ms.
   [Vectorized MCTS] Step 870: 64 games active. Completed: 471/1000. Step time: 985.3ms.
   [Vectorized MCTS] Step 875: 64 games active. Completed: 477/1000. Step time: 989.6ms.
   [Vectorized MCTS] Step 880: 64 games active. Completed: 478/1000. Step time: 987.4ms.
   [Vectorized MCTS] Step 885: 64 games active. Completed: 481/1000. Step time: 991.5ms.
   [Vectorized MCTS] Step 890: 64 games active. Completed: 483/1000. Step time: 987.5ms.
   [Vectorized MCTS] Step 895: 64 games active. Completed: 487/1000. Step time: 989.5ms.
   [Vectorized MCTS] Step 900: 64 games active. Completed: 491/1000. Step time: 982.7ms.
   [Vectorized MCTS] Step 905: 64 games active. Completed: 493/1000. Step time: 990.3ms.
   [Vectorized MCTS] Step 910: 64 games active. Completed: 496/1000. Step time: 985.2ms.
   [Vectorized MCTS] Step 915: 64 games active. Completed: 498/1000. Step time: 986.4ms.
   [Vectorized MCTS] Step 920: 64 games active. Completed: 503/1000. Step time: 991.6ms.
   [Vectorized MCTS] Step 925: 64 games active. Completed: 507/1000. Step time: 982.4ms.
   [Vectorized MCTS] Step 930: 64 games active. Completed: 509/1000. Step time: 998.9ms.
   [Vectorized MCTS] Step 935: 64 games active. Completed: 513/1000. Step time: 993.5ms.
   [Vectorized MCTS] Step 940: 64 games active. Completed: 514/1000. Step time: 996.3ms.
   [Vectorized MCTS] Step 945: 64 games active. Completed: 518/1000. Step time: 991.6ms.
   [Vectorized MCTS] Step 950: 64 games active. Completed: 518/1000. Step time: 986.5ms.
   [Vectorized MCTS] Step 955: 64 games active. Completed: 521/1000. Step time: 988.0ms.
   [Vectorized MCTS] Step 960: 64 games active. Completed: 524/1000. Step time: 990.9ms.
   [Vectorized MCTS] Step 965: 64 games active. Completed: 527/1000. Step time: 988.2ms.
   [Vectorized MCTS] Step 970: 64 games active. Completed: 532/1000. Step time: 962.1ms.
   [Vectorized MCTS] Step 975: 64 games active. Completed: 534/1000. Step time: 985.2ms.
   [Vectorized MCTS] Step 980: 64 games active. Completed: 538/1000. Step time: 989.0ms.
   [Vectorized MCTS] Step 985: 64 games active. Completed: 538/1000. Step time: 987.4ms.
   [Vectorized MCTS] Step 990: 64 games active. Completed: 542/1000. Step time: 983.9ms.
   [Vectorized MCTS] Step 995: 64 games active. Completed: 545/1000. Step time: 989.5ms.
   [Vectorized MCTS] Step 1000: 64 games active. Completed: 549/1000. Step time: 989.9ms.
   [Vectorized MCTS] Step 1005: 64 games active. Completed: 552/1000. Step time: 987.1ms.
   [Vectorized MCTS] Step 1010: 64 games active. Completed: 557/1000. Step time: 977.6ms.
   [Vectorized MCTS] Step 1015: 64 games active. Completed: 557/1000. Step time: 986.9ms.
   [Vectorized MCTS] Step 1020: 64 games active. Completed: 560/1000. Step time: 988.9ms.
   [Vectorized MCTS] Step 1025: 64 games active. Completed: 561/1000. Step time: 980.3ms.
   [Vectorized MCTS] Step 1030: 64 games active. Completed: 563/1000. Step time: 978.6ms.
   [Vectorized MCTS] Step 1035: 64 games active. Completed: 570/1000. Step time: 1013.7ms.
   [Vectorized MCTS] Step 1040: 64 games active. Completed: 572/1000. Step time: 978.2ms.
   [Vectorized MCTS] Step 1045: 64 games active. Completed: 574/1000. Step time: 982.2ms.
   [Vectorized MCTS] Step 1050: 64 games active. Completed: 575/1000. Step time: 963.4ms.
   [Vectorized MCTS] Step 1055: 64 games active. Completed: 578/1000. Step time: 983.1ms.
   [Vectorized MCTS] Step 1060: 64 games active. Completed: 583/1000. Step time: 986.7ms.
   [Vectorized MCTS] Step 1065: 64 games active. Completed: 586/1000. Step time: 984.2ms.
   [Vectorized MCTS] Step 1070: 64 games active. Completed: 589/1000. Step time: 980.5ms.
   [Vectorized MCTS] Step 1075: 64 games active. Completed: 590/1000. Step time: 986.2ms.
   [Vectorized MCTS] Step 1080: 64 games active. Completed: 592/1000. Step time: 980.8ms.
   [Vectorized MCTS] Step 1085: 64 games active. Completed: 597/1000. Step time: 983.9ms.
   [Vectorized MCTS] Step 1090: 64 games active. Completed: 598/1000. Step time: 982.7ms.
   [Vectorized MCTS] Step 1095: 64 games active. Completed: 602/1000. Step time: 983.0ms.
   [Vectorized MCTS] Step 1100: 64 games active. Completed: 603/1000. Step time: 969.1ms.
   [Vectorized MCTS] Step 1105: 64 games active. Completed: 609/1000. Step time: 972.9ms.
   [Vectorized MCTS] Step 1110: 64 games active. Completed: 612/1000. Step time: 987.8ms.
   [Vectorized MCTS] Step 1115: 64 games active. Completed: 613/1000. Step time: 984.9ms.
   [Vectorized MCTS] Step 1120: 64 games active. Completed: 619/1000. Step time: 987.9ms.
   [Vectorized MCTS] Step 1125: 64 games active. Completed: 620/1000. Step time: 981.9ms.
   [Vectorized MCTS] Step 1130: 64 games active. Completed: 622/1000. Step time: 994.9ms.
   [Vectorized MCTS] Step 1135: 64 games active. Completed: 626/1000. Step time: 988.0ms.
   [Vectorized MCTS] Step 1140: 64 games active. Completed: 627/1000. Step time: 982.5ms.
   [Vectorized MCTS] Step 1145: 64 games active. Completed: 628/1000. Step time: 983.7ms.
   [Vectorized MCTS] Step 1150: 64 games active. Completed: 631/1000. Step time: 983.4ms.
   [Vectorized MCTS] Step 1155: 64 games active. Completed: 635/1000. Step time: 985.4ms.
   [Vectorized MCTS] Step 1160: 64 games active. Completed: 638/1000. Step time: 985.4ms.
   [Vectorized MCTS] Step 1165: 64 games active. Completed: 642/1000. Step time: 977.7ms.
   [Vectorized MCTS] Step 1170: 64 games active. Completed: 645/1000. Step time: 980.7ms.
   [Vectorized MCTS] Step 1175: 64 games active. Completed: 647/1000. Step time: 988.2ms.
   [Vectorized MCTS] Step 1180: 64 games active. Completed: 651/1000. Step time: 982.6ms.
   [Vectorized MCTS] Step 1185: 64 games active. Completed: 654/1000. Step time: 986.0ms.
   [Vectorized MCTS] Step 1190: 64 games active. Completed: 657/1000. Step time: 976.3ms.
   [Vectorized MCTS] Step 1195: 64 games active. Completed: 659/1000. Step time: 988.0ms.
   [Vectorized MCTS] Step 1200: 64 games active. Completed: 661/1000. Step time: 981.5ms.
   [Vectorized MCTS] Step 1205: 64 games active. Completed: 662/1000. Step time: 993.9ms.
   [Vectorized MCTS] Step 1210: 64 games active. Completed: 667/1000. Step time: 987.1ms.
   [Vectorized MCTS] Step 1215: 64 games active. Completed: 670/1000. Step time: 985.9ms.
   [Vectorized MCTS] Step 1220: 64 games active. Completed: 671/1000. Step time: 983.4ms.
   [Vectorized MCTS] Step 1225: 64 games active. Completed: 674/1000. Step time: 978.1ms.
   [Vectorized MCTS] Step 1230: 64 games active. Completed: 677/1000. Step time: 993.2ms.
   [Vectorized MCTS] Step 1235: 64 games active. Completed: 678/1000. Step time: 980.6ms.
   [Vectorized MCTS] Step 1240: 64 games active. Completed: 681/1000. Step time: 980.6ms.
   [Vectorized MCTS] Step 1245: 64 games active. Completed: 686/1000. Step time: 980.9ms.
   [Vectorized MCTS] Step 1250: 64 games active. Completed: 692/1000. Step time: 980.4ms.
   [Vectorized MCTS] Step 1255: 64 games active. Completed: 693/1000. Step time: 986.3ms.
   [Vectorized MCTS] Step 1260: 64 games active. Completed: 694/1000. Step time: 985.4ms.
   [Vectorized MCTS] Step 1265: 64 games active. Completed: 700/1000. Step time: 995.0ms.
   [Vectorized MCTS] Step 1270: 64 games active. Completed: 704/1000. Step time: 987.6ms.
   [Vectorized MCTS] Step 1275: 64 games active. Completed: 705/1000. Step time: 985.7ms.
   [Vectorized MCTS] Step 1280: 64 games active. Completed: 709/1000. Step time: 987.5ms.
   [Vectorized MCTS] Step 1285: 64 games active. Completed: 711/1000. Step time: 979.4ms.
   [Vectorized MCTS] Step 1290: 64 games active. Completed: 712/1000. Step time: 986.3ms.
   [Vectorized MCTS] Step 1295: 64 games active. Completed: 714/1000. Step time: 988.3ms.
   [Vectorized MCTS] Step 1300: 64 games active. Completed: 716/1000. Step time: 982.5ms.
   [Vectorized MCTS] Step 1305: 64 games active. Completed: 719/1000. Step time: 984.1ms.
   [Vectorized MCTS] Step 1310: 64 games active. Completed: 720/1000. Step time: 988.1ms.
   [Vectorized MCTS] Step 1315: 64 games active. Completed: 724/1000. Step time: 982.8ms.
   [Vectorized MCTS] Step 1320: 64 games active. Completed: 729/1000. Step time: 985.4ms.
   [Vectorized MCTS] Step 1325: 64 games active. Completed: 732/1000. Step time: 983.2ms.
   [Vectorized MCTS] Step 1330: 64 games active. Completed: 738/1000. Step time: 976.4ms.
   [Vectorized MCTS] Step 1335: 64 games active. Completed: 743/1000. Step time: 983.3ms.
   [Vectorized MCTS] Step 1340: 64 games active. Completed: 746/1000. Step time: 983.1ms.
   [Vectorized MCTS] Step 1345: 64 games active. Completed: 748/1000. Step time: 987.2ms.
   [Vectorized MCTS] Step 1350: 64 games active. Completed: 752/1000. Step time: 994.3ms.
   [Vectorized MCTS] Step 1355: 64 games active. Completed: 754/1000. Step time: 982.8ms.
   [Vectorized MCTS] Step 1360: 64 games active. Completed: 756/1000. Step time: 977.3ms.
   [Vectorized MCTS] Step 1365: 64 games active. Completed: 759/1000. Step time: 983.5ms.
   [Vectorized MCTS] Step 1370: 64 games active. Completed: 762/1000. Step time: 984.3ms.
   [Vectorized MCTS] Step 1375: 64 games active. Completed: 763/1000. Step time: 978.9ms.
   [Vectorized MCTS] Step 1380: 64 games active. Completed: 768/1000. Step time: 982.6ms.
   [Vectorized MCTS] Step 1385: 64 games active. Completed: 771/1000. Step time: 984.5ms.
   [Vectorized MCTS] Step 1390: 64 games active. Completed: 773/1000. Step time: 987.0ms.
   [Vectorized MCTS] Step 1395: 64 games active. Completed: 775/1000. Step time: 1025.9ms.
   [Vectorized MCTS] Step 1400: 64 games active. Completed: 778/1000. Step time: 989.7ms.
   [Vectorized MCTS] Step 1405: 64 games active. Completed: 781/1000. Step time: 991.6ms.
   [Vectorized MCTS] Step 1410: 64 games active. Completed: 782/1000. Step time: 992.8ms.
   [Vectorized MCTS] Step 1415: 64 games active. Completed: 783/1000. Step time: 987.7ms.
   [Vectorized MCTS] Step 1420: 64 games active. Completed: 785/1000. Step time: 981.3ms.
   [Vectorized MCTS] Step 1425: 64 games active. Completed: 787/1000. Step time: 981.2ms.
   [Vectorized MCTS] Step 1430: 64 games active. Completed: 794/1000. Step time: 979.2ms.
   [Vectorized MCTS] Step 1435: 64 games active. Completed: 796/1000. Step time: 988.3ms.
   [Vectorized MCTS] Step 1440: 64 games active. Completed: 801/1000. Step time: 979.2ms.
   [Vectorized MCTS] Step 1445: 64 games active. Completed: 803/1000. Step time: 987.5ms.
   [Vectorized MCTS] Step 1450: 64 games active. Completed: 807/1000. Step time: 988.9ms.
   [Vectorized MCTS] Step 1455: 64 games active. Completed: 810/1000. Step time: 990.7ms.
   [Vectorized MCTS] Step 1460: 64 games active. Completed: 815/1000. Step time: 989.2ms.
   [Vectorized MCTS] Step 1465: 64 games active. Completed: 817/1000. Step time: 984.6ms.
   [Vectorized MCTS] Step 1470: 64 games active. Completed: 820/1000. Step time: 989.4ms.
   [Vectorized MCTS] Step 1475: 64 games active. Completed: 821/1000. Step time: 986.9ms.
   [Vectorized MCTS] Step 1480: 64 games active. Completed: 824/1000. Step time: 980.6ms.
   [Vectorized MCTS] Step 1485: 64 games active. Completed: 825/1000. Step time: 983.4ms.
   [Vectorized MCTS] Step 1490: 64 games active. Completed: 828/1000. Step time: 982.9ms.
   [Vectorized MCTS] Step 1495: 64 games active. Completed: 831/1000. Step time: 981.6ms.
   [Vectorized MCTS] Step 1500: 64 games active. Completed: 832/1000. Step time: 989.3ms.
   [Vectorized MCTS] Step 1505: 64 games active. Completed: 834/1000. Step time: 984.3ms.
   [Vectorized MCTS] Step 1510: 64 games active. Completed: 837/1000. Step time: 991.0ms.
   [Vectorized MCTS] Step 1515: 64 games active. Completed: 840/1000. Step time: 987.0ms.
   [Vectorized MCTS] Step 1520: 64 games active. Completed: 842/1000. Step time: 987.8ms.
   [Vectorized MCTS] Step 1525: 64 games active. Completed: 843/1000. Step time: 986.6ms.
   [Vectorized MCTS] Step 1530: 64 games active. Completed: 849/1000. Step time: 985.2ms.
   [Vectorized MCTS] Step 1535: 64 games active. Completed: 853/1000. Step time: 981.1ms.
   [Vectorized MCTS] Step 1540: 64 games active. Completed: 860/1000. Step time: 979.8ms.
   [Vectorized MCTS] Step 1545: 64 games active. Completed: 861/1000. Step time: 981.0ms.
   [Vectorized MCTS] Step 1550: 64 games active. Completed: 863/1000. Step time: 986.1ms.
   [Vectorized MCTS] Step 1555: 64 games active. Completed: 866/1000. Step time: 974.9ms.
   [Vectorized MCTS] Step 1560: 64 games active. Completed: 868/1000. Step time: 995.2ms.
   [Vectorized MCTS] Step 1565: 64 games active. Completed: 872/1000. Step time: 985.3ms.
   [Vectorized MCTS] Step 1570: 64 games active. Completed: 873/1000. Step time: 993.5ms.
   [Vectorized MCTS] Step 1575: 64 games active. Completed: 876/1000. Step time: 982.6ms.
   [Vectorized MCTS] Step 1580: 64 games active. Completed: 879/1000. Step time: 984.3ms.
   [Vectorized MCTS] Step 1585: 64 games active. Completed: 882/1000. Step time: 992.3ms.
   [Vectorized MCTS] Step 1590: 64 games active. Completed: 884/1000. Step time: 987.4ms.
   [Vectorized MCTS] Step 1595: 64 games active. Completed: 885/1000. Step time: 989.7ms.
   [Vectorized MCTS] Step 1600: 64 games active. Completed: 892/1000. Step time: 982.5ms.
   [Vectorized MCTS] Step 1605: 64 games active. Completed: 894/1000. Step time: 982.6ms.
   [Vectorized MCTS] Step 1610: 64 games active. Completed: 898/1000. Step time: 983.1ms.
   [Vectorized MCTS] Step 1615: 64 games active. Completed: 901/1000. Step time: 980.5ms.
   [Vectorized MCTS] Step 1620: 64 games active. Completed: 906/1000. Step time: 983.6ms.
   [Vectorized MCTS] Step 1625: 64 games active. Completed: 909/1000. Step time: 985.8ms.
   [Vectorized MCTS] Step 1630: 64 games active. Completed: 910/1000. Step time: 983.1ms.
   [Vectorized MCTS] Step 1635: 64 games active. Completed: 914/1000. Step time: 987.8ms.
   [Vectorized MCTS] Step 1640: 64 games active. Completed: 917/1000. Step time: 987.7ms.
   [Vectorized MCTS] Step 1645: 64 games active. Completed: 920/1000. Step time: 983.5ms.
   [Vectorized MCTS] Step 1650: 64 games active. Completed: 925/1000. Step time: 986.5ms.
   [Vectorized MCTS] Step 1655: 64 games active. Completed: 927/1000. Step time: 983.8ms.
   [Vectorized MCTS] Step 1660: 64 games active. Completed: 930/1000. Step time: 980.7ms.
   [Vectorized MCTS] Step 1665: 64 games active. Completed: 934/1000. Step time: 982.0ms.
   [Vectorized MCTS] Step 1670: 64 games active. Completed: 935/1000. Step time: 982.0ms.
   [Vectorized MCTS] Step 1675: 64 games active. Completed: 935/1000. Step time: 982.2ms.
   [Vectorized MCTS] Step 1680: 64 games active. Completed: 936/1000. Step time: 976.7ms.
   [Vectorized MCTS] Step 1685: 61 games active. Completed: 939/1000. Step time: 1013.6ms.
   [Vectorized MCTS] Step 1690: 52 games active. Completed: 948/1000. Step time: 903.3ms.
   [Vectorized MCTS] Step 1695: 48 games active. Completed: 952/1000. Step time: 693.0ms.
   [Vectorized MCTS] Step 1700: 46 games active. Completed: 954/1000. Step time: 662.1ms.
   [Vectorized MCTS] Step 1705: 43 games active. Completed: 957/1000. Step time: 622.5ms.
   [Vectorized MCTS] Step 1710: 40 games active. Completed: 960/1000. Step time: 603.0ms.
   [Vectorized MCTS] Step 1715: 36 games active. Completed: 964/1000. Step time: 565.0ms.
   [Vectorized MCTS] Step 1720: 34 games active. Completed: 966/1000. Step time: 524.8ms.
   [Vectorized MCTS] Step 1725: 31 games active. Completed: 969/1000. Step time: 482.5ms.
   [Vectorized MCTS] Step 1730: 29 games active. Completed: 971/1000. Step time: 460.3ms.
   [Vectorized MCTS] Step 1735: 27 games active. Completed: 973/1000. Step time: 424.3ms.
   [Vectorized MCTS] Step 1740: 25 games active. Completed: 975/1000. Step time: 420.1ms.
   [Vectorized MCTS] Step 1745: 23 games active. Completed: 977/1000. Step time: 398.8ms.
   [Vectorized MCTS] Step 1750: 21 games active. Completed: 979/1000. Step time: 363.5ms.
   [Vectorized MCTS] Step 1755: 17 games active. Completed: 983/1000. Step time: 332.5ms.
   [Vectorized MCTS] Step 1760: 15 games active. Completed: 985/1000. Step time: 277.9ms.
   [Vectorized MCTS] Step 1765: 13 games active. Completed: 987/1000. Step time: 250.4ms.
   [Vectorized MCTS] Step 1770: 11 games active. Completed: 989/1000. Step time: 241.6ms.
   [Vectorized MCTS] Step 1775: 09 games active. Completed: 991/1000. Step time: 235.4ms.
   [Vectorized MCTS] Step 1780: 07 games active. Completed: 993/1000. Step time: 201.9ms.
   [Vectorized MCTS] Step 1785: 07 games active. Completed: 993/1000. Step time: 226.0ms.
   [Vectorized MCTS] Step 1790: 07 games active. Completed: 993/1000. Step time: 202.9ms.
   [Vectorized MCTS] Step 1795: 06 games active. Completed: 994/1000. Step time: 204.3ms.
   [Vectorized MCTS] Step 1800: 05 games active. Completed: 995/1000. Step time: 196.3ms.
   [Vectorized MCTS] Step 1805: 05 games active. Completed: 995/1000. Step time: 192.9ms.
   [Vectorized MCTS] Step 1810: 05 games active. Completed: 995/1000. Step time: 206.0ms.
   [Vectorized MCTS] Step 1815: 04 games active. Completed: 996/1000. Step time: 172.7ms.
   [Vectorized MCTS] Step 1820: 04 games active. Completed: 996/1000. Step time: 182.5ms.
   [Vectorized MCTS] Step 1825: 02 games active. Completed: 998/1000. Step time: 159.2ms.
   [Vectorized MCTS] Step 1830: 01 games active. Completed: 999/1000. Step time: 131.4ms.
   [Vectorized MCTS] Step 1835: 01 games active. Completed: 999/1000. Step time: 130.4ms.
   [Vectorized MCTS] Step 1840: 00 games active. Completed: 1000/1000. Step time: 130.6ms.

Collection completed in 1697.2 seconds (1.697s/game average).
