Starting self-play collection using /Users/nilbot/playground/autogo-mlx/experiments/001_train_from_scratch/checkpoints/iter0.safetensors
--> Progressive sims enabled. Iteration 0 -> 16 simulations.
Config: num-games=1000, simulations=16, workers=8
--> Starting pool-swapping selfplay for all 1000 games with max_active_games=64...
   [Vectorized MCTS] Step 001: 64 games active. Completed: 0/1000. Step time: 975.7ms.
   [Vectorized MCTS] Step 005: 64 games active. Completed: 0/1000. Step time: 964.1ms.
   [Vectorized MCTS] Step 010: 64 games active. Completed: 0/1000. Step time: 956.0ms.
   [Vectorized MCTS] Step 015: 64 games active. Completed: 0/1000. Step time: 965.7ms.
   [Vectorized MCTS] Step 020: 64 games active. Completed: 0/1000. Step time: 961.5ms.
   [Vectorized MCTS] Step 025: 64 games active. Completed: 0/1000. Step time: 958.0ms.
   [Vectorized MCTS] Step 030: 64 games active. Completed: 0/1000. Step time: 959.0ms.
   [Vectorized MCTS] Step 035: 64 games active. Completed: 0/1000. Step time: 956.9ms.
   [Vectorized MCTS] Step 040: 64 games active. Completed: 0/1000. Step time: 956.0ms.
   [Vectorized MCTS] Step 045: 64 games active. Completed: 0/1000. Step time: 990.1ms.
   [Vectorized MCTS] Step 050: 64 games active. Completed: 0/1000. Step time: 955.6ms.
   [Vectorized MCTS] Step 055: 64 games active. Completed: 0/1000. Step time: 949.5ms.
   [Vectorized MCTS] Step 060: 64 games active. Completed: 0/1000. Step time: 954.7ms.
   [Vectorized MCTS] Step 065: 64 games active. Completed: 0/1000. Step time: 953.2ms.
   [Vectorized MCTS] Step 070: 64 games active. Completed: 1/1000. Step time: 942.7ms.
   [Vectorized MCTS] Step 075: 64 games active. Completed: 1/1000. Step time: 946.6ms.
   [Vectorized MCTS] Step 080: 64 games active. Completed: 2/1000. Step time: 945.3ms.
   [Vectorized MCTS] Step 085: 64 games active. Completed: 3/1000. Step time: 952.2ms.
   [Vectorized MCTS] Step 090: 64 games active. Completed: 7/1000. Step time: 944.1ms.
   [Vectorized MCTS] Step 095: 64 games active. Completed: 14/1000. Step time: 951.9ms.
   [Vectorized MCTS] Step 100: 64 games active. Completed: 19/1000. Step time: 953.0ms.
   [Vectorized MCTS] Step 105: 64 games active. Completed: 24/1000. Step time: 947.2ms.
   [Vectorized MCTS] Step 110: 64 games active. Completed: 30/1000. Step time: 961.7ms.
   [Vectorized MCTS] Step 115: 64 games active. Completed: 33/1000. Step time: 954.3ms.
   [Vectorized MCTS] Step 120: 64 games active. Completed: 37/1000. Step time: 954.9ms.
   [Vectorized MCTS] Step 125: 64 games active. Completed: 40/1000. Step time: 954.3ms.
   [Vectorized MCTS] Step 130: 64 games active. Completed: 43/1000. Step time: 950.1ms.
   [Vectorized MCTS] Step 135: 64 games active. Completed: 44/1000. Step time: 958.7ms.
   [Vectorized MCTS] Step 140: 64 games active. Completed: 45/1000. Step time: 961.6ms.
   [Vectorized MCTS] Step 145: 64 games active. Completed: 46/1000. Step time: 961.7ms.
   [Vectorized MCTS] Step 150: 64 games active. Completed: 46/1000. Step time: 961.9ms.
   [Vectorized MCTS] Step 155: 64 games active. Completed: 46/1000. Step time: 962.9ms.
   [Vectorized MCTS] Step 160: 64 games active. Completed: 46/1000. Step time: 958.0ms.
   [Vectorized MCTS] Step 165: 64 games active. Completed: 53/1000. Step time: 947.6ms.
   [Vectorized MCTS] Step 170: 64 games active. Completed: 59/1000. Step time: 957.1ms.
   [Vectorized MCTS] Step 175: 64 games active. Completed: 63/1000. Step time: 955.5ms.
   [Vectorized MCTS] Step 180: 64 games active. Completed: 66/1000. Step time: 958.9ms.
   [Vectorized MCTS] Step 185: 64 games active. Completed: 66/1000. Step time: 960.8ms.
   [Vectorized MCTS] Step 190: 64 games active. Completed: 71/1000. Step time: 963.5ms.
   [Vectorized MCTS] Step 195: 64 games active. Completed: 76/1000. Step time: 950.2ms.
   [Vectorized MCTS] Step 200: 64 games active. Completed: 78/1000. Step time: 956.5ms.
   [Vectorized MCTS] Step 205: 64 games active. Completed: 81/1000. Step time: 941.2ms.
   [Vectorized MCTS] Step 210: 64 games active. Completed: 83/1000. Step time: 952.7ms.
   [Vectorized MCTS] Step 215: 64 games active. Completed: 85/1000. Step time: 959.7ms.
   [Vectorized MCTS] Step 220: 64 games active. Completed: 89/1000. Step time: 956.0ms.
   [Vectorized MCTS] Step 225: 64 games active. Completed: 92/1000. Step time: 961.7ms.
   [Vectorized MCTS] Step 230: 64 games active. Completed: 93/1000. Step time: 954.8ms.
   [Vectorized MCTS] Step 235: 64 games active. Completed: 99/1000. Step time: 950.6ms.
   [Vectorized MCTS] Step 240: 64 games active. Completed: 100/1000. Step time: 955.2ms.
   [Vectorized MCTS] Step 245: 64 games active. Completed: 101/1000. Step time: 943.5ms.
   [Vectorized MCTS] Step 250: 64 games active. Completed: 104/1000. Step time: 960.1ms.
   [Vectorized MCTS] Step 255: 64 games active. Completed: 106/1000. Step time: 959.5ms.
   [Vectorized MCTS] Step 260: 64 games active. Completed: 110/1000. Step time: 955.6ms.
   [Vectorized MCTS] Step 265: 64 games active. Completed: 111/1000. Step time: 959.8ms.
   [Vectorized MCTS] Step 270: 64 games active. Completed: 112/1000. Step time: 959.8ms.
   [Vectorized MCTS] Step 275: 64 games active. Completed: 116/1000. Step time: 959.2ms.
   [Vectorized MCTS] Step 280: 64 games active. Completed: 117/1000. Step time: 964.9ms.
   [Vectorized MCTS] Step 285: 64 games active. Completed: 122/1000. Step time: 957.0ms.
   [Vectorized MCTS] Step 290: 64 games active. Completed: 124/1000. Step time: 962.3ms.
   [Vectorized MCTS] Step 295: 64 games active. Completed: 126/1000. Step time: 958.8ms.
   [Vectorized MCTS] Step 300: 64 games active. Completed: 128/1000. Step time: 952.6ms.
   [Vectorized MCTS] Step 305: 64 games active. Completed: 131/1000. Step time: 947.9ms.
   [Vectorized MCTS] Step 310: 64 games active. Completed: 132/1000. Step time: 961.0ms.
   [Vectorized MCTS] Step 315: 64 games active. Completed: 134/1000. Step time: 963.0ms.
   [Vectorized MCTS] Step 320: 64 games active. Completed: 135/1000. Step time: 965.3ms.
   [Vectorized MCTS] Step 325: 64 games active. Completed: 139/1000. Step time: 949.2ms.
   [Vectorized MCTS] Step 330: 64 games active. Completed: 141/1000. Step time: 959.5ms.
   [Vectorized MCTS] Step 335: 64 games active. Completed: 146/1000. Step time: 967.2ms.
   [Vectorized MCTS] Step 340: 64 games active. Completed: 148/1000. Step time: 950.5ms.
   [Vectorized MCTS] Step 345: 64 games active. Completed: 150/1000. Step time: 953.6ms.
   [Vectorized MCTS] Step 350: 64 games active. Completed: 153/1000. Step time: 957.1ms.
   [Vectorized MCTS] Step 355: 64 games active. Completed: 161/1000. Step time: 958.9ms.
   [Vectorized MCTS] Step 360: 64 games active. Completed: 162/1000. Step time: 952.8ms.
   [Vectorized MCTS] Step 365: 64 games active. Completed: 166/1000. Step time: 960.0ms.
   [Vectorized MCTS] Step 370: 64 games active. Completed: 166/1000. Step time: 941.4ms.
   [Vectorized MCTS] Step 375: 64 games active. Completed: 170/1000. Step time: 955.2ms.
   [Vectorized MCTS] Step 380: 64 games active. Completed: 171/1000. Step time: 950.5ms.
   [Vectorized MCTS] Step 385: 64 games active. Completed: 173/1000. Step time: 958.6ms.
   [Vectorized MCTS] Step 390: 64 games active. Completed: 173/1000. Step time: 957.1ms.
   [Vectorized MCTS] Step 395: 64 games active. Completed: 173/1000. Step time: 956.4ms.
   [Vectorized MCTS] Step 400: 64 games active. Completed: 175/1000. Step time: 965.4ms.
   [Vectorized MCTS] Step 405: 64 games active. Completed: 178/1000. Step time: 955.3ms.
   [Vectorized MCTS] Step 410: 64 games active. Completed: 182/1000. Step time: 954.7ms.
   [Vectorized MCTS] Step 415: 64 games active. Completed: 185/1000. Step time: 957.1ms.
   [Vectorized MCTS] Step 420: 64 games active. Completed: 187/1000. Step time: 963.1ms.
   [Vectorized MCTS] Step 425: 64 games active. Completed: 190/1000. Step time: 955.8ms.
   [Vectorized MCTS] Step 430: 64 games active. Completed: 191/1000. Step time: 957.0ms.
   [Vectorized MCTS] Step 435: 64 games active. Completed: 195/1000. Step time: 945.7ms.
   [Vectorized MCTS] Step 440: 64 games active. Completed: 200/1000. Step time: 951.5ms.
   [Vectorized MCTS] Step 445: 64 games active. Completed: 203/1000. Step time: 970.1ms.
   [Vectorized MCTS] Step 450: 64 games active. Completed: 207/1000. Step time: 957.3ms.
   [Vectorized MCTS] Step 455: 64 games active. Completed: 211/1000. Step time: 949.0ms.
   [Vectorized MCTS] Step 460: 64 games active. Completed: 212/1000. Step time: 953.4ms.
   [Vectorized MCTS] Step 465: 64 games active. Completed: 217/1000. Step time: 959.7ms.
   [Vectorized MCTS] Step 470: 64 games active. Completed: 218/1000. Step time: 956.3ms.
   [Vectorized MCTS] Step 475: 64 games active. Completed: 222/1000. Step time: 961.4ms.
   [Vectorized MCTS] Step 480: 64 games active. Completed: 224/1000. Step time: 964.1ms.
   [Vectorized MCTS] Step 485: 64 games active. Completed: 228/1000. Step time: 956.5ms.
   [Vectorized MCTS] Step 490: 64 games active. Completed: 231/1000. Step time: 963.7ms.
   [Vectorized MCTS] Step 495: 64 games active. Completed: 232/1000. Step time: 954.6ms.
   [Vectorized MCTS] Step 500: 64 games active. Completed: 233/1000. Step time: 951.6ms.
   [Vectorized MCTS] Step 505: 64 games active. Completed: 233/1000. Step time: 944.8ms.
   [Vectorized MCTS] Step 510: 64 games active. Completed: 235/1000. Step time: 957.8ms.
   [Vectorized MCTS] Step 515: 64 games active. Completed: 238/1000. Step time: 959.6ms.
   [Vectorized MCTS] Step 520: 64 games active. Completed: 244/1000. Step time: 949.2ms.
   [Vectorized MCTS] Step 525: 64 games active. Completed: 246/1000. Step time: 953.6ms.
   [Vectorized MCTS] Step 530: 64 games active. Completed: 248/1000. Step time: 954.7ms.
   [Vectorized MCTS] Step 535: 64 games active. Completed: 252/1000. Step time: 958.2ms.
   [Vectorized MCTS] Step 540: 64 games active. Completed: 255/1000. Step time: 952.3ms.
   [Vectorized MCTS] Step 545: 64 games active. Completed: 258/1000. Step time: 964.4ms.
   [Vectorized MCTS] Step 550: 64 games active. Completed: 259/1000. Step time: 950.8ms.
   [Vectorized MCTS] Step 555: 64 games active. Completed: 262/1000. Step time: 966.4ms.
   [Vectorized MCTS] Step 560: 64 games active. Completed: 263/1000. Step time: 950.1ms.
   [Vectorized MCTS] Step 565: 64 games active. Completed: 263/1000. Step time: 952.9ms.
   [Vectorized MCTS] Step 570: 64 games active. Completed: 268/1000. Step time: 950.5ms.
   [Vectorized MCTS] Step 575: 64 games active. Completed: 271/1000. Step time: 962.9ms.
   [Vectorized MCTS] Step 580: 64 games active. Completed: 274/1000. Step time: 958.3ms.
   [Vectorized MCTS] Step 585: 64 games active. Completed: 276/1000. Step time: 953.7ms.
   [Vectorized MCTS] Step 590: 64 games active. Completed: 278/1000. Step time: 959.0ms.
   [Vectorized MCTS] Step 595: 64 games active. Completed: 278/1000. Step time: 949.1ms.
   [Vectorized MCTS] Step 600: 64 games active. Completed: 279/1000. Step time: 959.1ms.
   [Vectorized MCTS] Step 605: 64 games active. Completed: 282/1000. Step time: 954.7ms.
   [Vectorized MCTS] Step 610: 64 games active. Completed: 283/1000. Step time: 958.0ms.
   [Vectorized MCTS] Step 615: 64 games active. Completed: 286/1000. Step time: 961.1ms.
   [Vectorized MCTS] Step 620: 64 games active. Completed: 289/1000. Step time: 966.9ms.
   [Vectorized MCTS] Step 625: 64 games active. Completed: 290/1000. Step time: 949.9ms.
   [Vectorized MCTS] Step 630: 64 games active. Completed: 292/1000. Step time: 959.9ms.
   [Vectorized MCTS] Step 635: 64 games active. Completed: 293/1000. Step time: 958.7ms.
   [Vectorized MCTS] Step 640: 64 games active. Completed: 298/1000. Step time: 958.5ms.
   [Vectorized MCTS] Step 645: 64 games active. Completed: 301/1000. Step time: 958.1ms.
   [Vectorized MCTS] Step 650: 64 games active. Completed: 302/1000. Step time: 955.0ms.
   [Vectorized MCTS] Step 655: 64 games active. Completed: 308/1000. Step time: 954.9ms.
   [Vectorized MCTS] Step 660: 64 games active. Completed: 311/1000. Step time: 950.3ms.
   [Vectorized MCTS] Step 665: 64 games active. Completed: 312/1000. Step time: 951.1ms.
   [Vectorized MCTS] Step 670: 64 games active. Completed: 313/1000. Step time: 959.1ms.
   [Vectorized MCTS] Step 675: 64 games active. Completed: 316/1000. Step time: 951.5ms.
   [Vectorized MCTS] Step 680: 64 games active. Completed: 318/1000. Step time: 957.6ms.
   [Vectorized MCTS] Step 685: 64 games active. Completed: 321/1000. Step time: 950.3ms.
   [Vectorized MCTS] Step 690: 64 games active. Completed: 325/1000. Step time: 956.4ms.
   [Vectorized MCTS] Step 695: 64 games active. Completed: 327/1000. Step time: 956.9ms.
   [Vectorized MCTS] Step 700: 64 games active. Completed: 328/1000. Step time: 992.2ms.
   [Vectorized MCTS] Step 705: 64 games active. Completed: 333/1000. Step time: 950.8ms.
   [Vectorized MCTS] Step 710: 64 games active. Completed: 336/1000. Step time: 957.1ms.
   [Vectorized MCTS] Step 715: 64 games active. Completed: 337/1000. Step time: 949.8ms.
   [Vectorized MCTS] Step 720: 64 games active. Completed: 342/1000. Step time: 947.1ms.
   [Vectorized MCTS] Step 725: 64 games active. Completed: 345/1000. Step time: 963.2ms.
   [Vectorized MCTS] Step 730: 64 games active. Completed: 346/1000. Step time: 952.4ms.
   [Vectorized MCTS] Step 735: 64 games active. Completed: 353/1000. Step time: 954.4ms.
   [Vectorized MCTS] Step 740: 64 games active. Completed: 355/1000. Step time: 945.1ms.
   [Vectorized MCTS] Step 745: 64 games active. Completed: 358/1000. Step time: 956.9ms.
   [Vectorized MCTS] Step 750: 64 games active. Completed: 360/1000. Step time: 956.4ms.
   [Vectorized MCTS] Step 755: 64 games active. Completed: 363/1000. Step time: 944.7ms.
   [Vectorized MCTS] Step 760: 64 games active. Completed: 363/1000. Step time: 957.5ms.
   [Vectorized MCTS] Step 765: 64 games active. Completed: 367/1000. Step time: 958.8ms.
   [Vectorized MCTS] Step 770: 64 games active. Completed: 370/1000. Step time: 960.1ms.
   [Vectorized MCTS] Step 775: 64 games active. Completed: 371/1000. Step time: 942.0ms.
   [Vectorized MCTS] Step 780: 64 games active. Completed: 374/1000. Step time: 940.5ms.
   [Vectorized MCTS] Step 785: 64 games active. Completed: 380/1000. Step time: 959.7ms.
   [Vectorized MCTS] Step 790: 64 games active. Completed: 380/1000. Step time: 941.7ms.
   [Vectorized MCTS] Step 795: 64 games active. Completed: 380/1000. Step time: 951.5ms.
   [Vectorized MCTS] Step 800: 64 games active. Completed: 381/1000. Step time: 952.5ms.
   [Vectorized MCTS] Step 805: 64 games active. Completed: 383/1000. Step time: 957.3ms.
   [Vectorized MCTS] Step 810: 64 games active. Completed: 386/1000. Step time: 951.8ms.
   [Vectorized MCTS] Step 815: 64 games active. Completed: 390/1000. Step time: 943.0ms.
   [Vectorized MCTS] Step 820: 64 games active. Completed: 394/1000. Step time: 956.4ms.
   [Vectorized MCTS] Step 825: 64 games active. Completed: 396/1000. Step time: 962.6ms.
   [Vectorized MCTS] Step 830: 64 games active. Completed: 398/1000. Step time: 939.7ms.
   [Vectorized MCTS] Step 835: 64 games active. Completed: 401/1000. Step time: 956.2ms.
   [Vectorized MCTS] Step 840: 64 games active. Completed: 405/1000. Step time: 961.8ms.
   [Vectorized MCTS] Step 845: 64 games active. Completed: 409/1000. Step time: 949.4ms.
   [Vectorized MCTS] Step 850: 64 games active. Completed: 413/1000. Step time: 957.5ms.
   [Vectorized MCTS] Step 855: 64 games active. Completed: 415/1000. Step time: 952.7ms.
   [Vectorized MCTS] Step 860: 64 games active. Completed: 418/1000. Step time: 954.1ms.
   [Vectorized MCTS] Step 865: 64 games active. Completed: 418/1000. Step time: 958.4ms.
   [Vectorized MCTS] Step 870: 64 games active. Completed: 421/1000. Step time: 952.8ms.
   [Vectorized MCTS] Step 875: 64 games active. Completed: 425/1000. Step time: 967.2ms.
   [Vectorized MCTS] Step 880: 64 games active. Completed: 426/1000. Step time: 953.7ms.
   [Vectorized MCTS] Step 885: 64 games active. Completed: 428/1000. Step time: 948.1ms.
   [Vectorized MCTS] Step 890: 64 games active. Completed: 432/1000. Step time: 947.5ms.
   [Vectorized MCTS] Step 895: 64 games active. Completed: 433/1000. Step time: 981.3ms.
   [Vectorized MCTS] Step 900: 64 games active. Completed: 435/1000. Step time: 951.3ms.
   [Vectorized MCTS] Step 905: 64 games active. Completed: 440/1000. Step time: 950.5ms.
   [Vectorized MCTS] Step 910: 64 games active. Completed: 445/1000. Step time: 952.9ms.
   [Vectorized MCTS] Step 915: 64 games active. Completed: 446/1000. Step time: 954.0ms.
   [Vectorized MCTS] Step 920: 64 games active. Completed: 448/1000. Step time: 951.2ms.
   [Vectorized MCTS] Step 925: 64 games active. Completed: 450/1000. Step time: 958.7ms.
   [Vectorized MCTS] Step 930: 64 games active. Completed: 450/1000. Step time: 955.3ms.
   [Vectorized MCTS] Step 935: 64 games active. Completed: 450/1000. Step time: 948.2ms.
   [Vectorized MCTS] Step 940: 64 games active. Completed: 454/1000. Step time: 956.3ms.
   [Vectorized MCTS] Step 945: 64 games active. Completed: 459/1000. Step time: 956.4ms.
   [Vectorized MCTS] Step 950: 64 games active. Completed: 461/1000. Step time: 949.2ms.
   [Vectorized MCTS] Step 955: 64 games active. Completed: 463/1000. Step time: 964.7ms.
   [Vectorized MCTS] Step 960: 64 games active. Completed: 467/1000. Step time: 938.4ms.
   [Vectorized MCTS] Step 965: 64 games active. Completed: 470/1000. Step time: 958.4ms.
   [Vectorized MCTS] Step 970: 64 games active. Completed: 471/1000. Step time: 959.6ms.
   [Vectorized MCTS] Step 975: 64 games active. Completed: 475/1000. Step time: 944.1ms.
   [Vectorized MCTS] Step 980: 64 games active. Completed: 477/1000. Step time: 954.8ms.
   [Vectorized MCTS] Step 985: 64 games active. Completed: 477/1000. Step time: 962.7ms.
   [Vectorized MCTS] Step 990: 64 games active. Completed: 484/1000. Step time: 959.9ms.
   [Vectorized MCTS] Step 995: 64 games active. Completed: 488/1000. Step time: 965.7ms.
   [Vectorized MCTS] Step 1000: 64 games active. Completed: 490/1000. Step time: 953.1ms.
   [Vectorized MCTS] Step 1005: 64 games active. Completed: 495/1000. Step time: 961.5ms.
   [Vectorized MCTS] Step 1010: 64 games active. Completed: 495/1000. Step time: 943.6ms.
   [Vectorized MCTS] Step 1015: 64 games active. Completed: 498/1000. Step time: 960.4ms.
   [Vectorized MCTS] Step 1020: 64 games active. Completed: 499/1000. Step time: 960.2ms.
   [Vectorized MCTS] Step 1025: 64 games active. Completed: 501/1000. Step time: 945.2ms.
   [Vectorized MCTS] Step 1030: 64 games active. Completed: 503/1000. Step time: 968.5ms.
   [Vectorized MCTS] Step 1035: 64 games active. Completed: 508/1000. Step time: 948.4ms.
   [Vectorized MCTS] Step 1040: 64 games active. Completed: 511/1000. Step time: 962.2ms.
   [Vectorized MCTS] Step 1045: 64 games active. Completed: 513/1000. Step time: 959.0ms.
   [Vectorized MCTS] Step 1050: 64 games active. Completed: 514/1000. Step time: 965.5ms.
   [Vectorized MCTS] Step 1055: 64 games active. Completed: 515/1000. Step time: 954.7ms.
   [Vectorized MCTS] Step 1060: 64 games active. Completed: 519/1000. Step time: 961.1ms.
   [Vectorized MCTS] Step 1065: 64 games active. Completed: 520/1000. Step time: 964.8ms.
   [Vectorized MCTS] Step 1070: 64 games active. Completed: 523/1000. Step time: 966.6ms.
   [Vectorized MCTS] Step 1075: 64 games active. Completed: 526/1000. Step time: 968.6ms.
   [Vectorized MCTS] Step 1080: 64 games active. Completed: 529/1000. Step time: 953.8ms.
   [Vectorized MCTS] Step 1085: 64 games active. Completed: 532/1000. Step time: 956.3ms.
   [Vectorized MCTS] Step 1090: 64 games active. Completed: 537/1000. Step time: 965.6ms.
   [Vectorized MCTS] Step 1095: 64 games active. Completed: 540/1000. Step time: 963.4ms.
   [Vectorized MCTS] Step 1100: 64 games active. Completed: 541/1000. Step time: 960.3ms.
   [Vectorized MCTS] Step 1105: 64 games active. Completed: 545/1000. Step time: 957.3ms.
   [Vectorized MCTS] Step 1110: 64 games active. Completed: 548/1000. Step time: 959.4ms.
   [Vectorized MCTS] Step 1115: 64 games active. Completed: 548/1000. Step time: 951.8ms.
   [Vectorized MCTS] Step 1120: 64 games active. Completed: 550/1000. Step time: 956.8ms.
   [Vectorized MCTS] Step 1125: 64 games active. Completed: 556/1000. Step time: 929.7ms.
   [Vectorized MCTS] Step 1130: 64 games active. Completed: 557/1000. Step time: 951.6ms.
   [Vectorized MCTS] Step 1135: 64 games active. Completed: 560/1000. Step time: 960.9ms.
   [Vectorized MCTS] Step 1140: 64 games active. Completed: 564/1000. Step time: 963.1ms.
   [Vectorized MCTS] Step 1145: 64 games active. Completed: 567/1000. Step time: 951.3ms.
   [Vectorized MCTS] Step 1150: 64 games active. Completed: 569/1000. Step time: 956.9ms.
   [Vectorized MCTS] Step 1155: 64 games active. Completed: 572/1000. Step time: 948.4ms.
   [Vectorized MCTS] Step 1160: 64 games active. Completed: 574/1000. Step time: 958.8ms.
   [Vectorized MCTS] Step 1165: 64 games active. Completed: 579/1000. Step time: 960.3ms.
   [Vectorized MCTS] Step 1170: 64 games active. Completed: 583/1000. Step time: 963.5ms.
   [Vectorized MCTS] Step 1175: 64 games active. Completed: 585/1000. Step time: 961.1ms.
   [Vectorized MCTS] Step 1180: 64 games active. Completed: 587/1000. Step time: 966.5ms.
   [Vectorized MCTS] Step 1185: 64 games active. Completed: 588/1000. Step time: 956.1ms.
   [Vectorized MCTS] Step 1190: 64 games active. Completed: 591/1000. Step time: 983.6ms.
   [Vectorized MCTS] Step 1195: 64 games active. Completed: 595/1000. Step time: 964.3ms.
   [Vectorized MCTS] Step 1200: 64 games active. Completed: 596/1000. Step time: 954.7ms.
   [Vectorized MCTS] Step 1205: 64 games active. Completed: 598/1000. Step time: 960.1ms.
   [Vectorized MCTS] Step 1210: 64 games active. Completed: 601/1000. Step time: 960.6ms.
   [Vectorized MCTS] Step 1215: 64 games active. Completed: 604/1000. Step time: 958.5ms.
   [Vectorized MCTS] Step 1220: 64 games active. Completed: 606/1000. Step time: 956.6ms.
   [Vectorized MCTS] Step 1225: 64 games active. Completed: 607/1000. Step time: 953.5ms.
   [Vectorized MCTS] Step 1230: 64 games active. Completed: 611/1000. Step time: 960.3ms.
   [Vectorized MCTS] Step 1235: 64 games active. Completed: 613/1000. Step time: 964.7ms.
   [Vectorized MCTS] Step 1240: 64 games active. Completed: 617/1000. Step time: 954.1ms.
   [Vectorized MCTS] Step 1245: 64 games active. Completed: 622/1000. Step time: 957.2ms.
   [Vectorized MCTS] Step 1250: 64 games active. Completed: 623/1000. Step time: 951.4ms.
   [Vectorized MCTS] Step 1255: 64 games active. Completed: 626/1000. Step time: 963.0ms.
   [Vectorized MCTS] Step 1260: 64 games active. Completed: 629/1000. Step time: 961.3ms.
   [Vectorized MCTS] Step 1265: 64 games active. Completed: 631/1000. Step time: 961.8ms.
   [Vectorized MCTS] Step 1270: 64 games active. Completed: 633/1000. Step time: 968.5ms.
   [Vectorized MCTS] Step 1275: 64 games active. Completed: 634/1000. Step time: 961.3ms.
   [Vectorized MCTS] Step 1280: 64 games active. Completed: 634/1000. Step time: 961.7ms.
   [Vectorized MCTS] Step 1285: 64 games active. Completed: 636/1000. Step time: 961.3ms.
   [Vectorized MCTS] Step 1290: 64 games active. Completed: 637/1000. Step time: 973.7ms.
   [Vectorized MCTS] Step 1295: 64 games active. Completed: 639/1000. Step time: 964.2ms.
   [Vectorized MCTS] Step 1300: 64 games active. Completed: 642/1000. Step time: 964.8ms.
   [Vectorized MCTS] Step 1305: 64 games active. Completed: 648/1000. Step time: 957.7ms.
   [Vectorized MCTS] Step 1310: 64 games active. Completed: 652/1000. Step time: 964.5ms.
   [Vectorized MCTS] Step 1315: 64 games active. Completed: 654/1000. Step time: 986.0ms.
   [Vectorized MCTS] Step 1320: 64 games active. Completed: 656/1000. Step time: 961.6ms.
   [Vectorized MCTS] Step 1325: 64 games active. Completed: 658/1000. Step time: 954.4ms.
   [Vectorized MCTS] Step 1330: 64 games active. Completed: 660/1000. Step time: 974.7ms.
   [Vectorized MCTS] Step 1335: 64 games active. Completed: 663/1000. Step time: 962.4ms.
   [Vectorized MCTS] Step 1340: 64 games active. Completed: 665/1000. Step time: 965.7ms.
   [Vectorized MCTS] Step 1345: 64 games active. Completed: 667/1000. Step time: 961.1ms.
   [Vectorized MCTS] Step 1350: 64 games active. Completed: 669/1000. Step time: 963.2ms.
   [Vectorized MCTS] Step 1355: 64 games active. Completed: 671/1000. Step time: 967.0ms.
   [Vectorized MCTS] Step 1360: 64 games active. Completed: 673/1000. Step time: 961.5ms.
   [Vectorized MCTS] Step 1365: 64 games active. Completed: 675/1000. Step time: 956.8ms.
   [Vectorized MCTS] Step 1370: 64 games active. Completed: 679/1000. Step time: 961.9ms.
   [Vectorized MCTS] Step 1375: 64 games active. Completed: 682/1000. Step time: 957.5ms.
   [Vectorized MCTS] Step 1380: 64 games active. Completed: 685/1000. Step time: 956.0ms.
   [Vectorized MCTS] Step 1385: 64 games active. Completed: 690/1000. Step time: 954.6ms.
   [Vectorized MCTS] Step 1390: 64 games active. Completed: 692/1000. Step time: 962.3ms.
   [Vectorized MCTS] Step 1395: 64 games active. Completed: 694/1000. Step time: 960.5ms.
   [Vectorized MCTS] Step 1400: 64 games active. Completed: 695/1000. Step time: 958.4ms.
   [Vectorized MCTS] Step 1405: 64 games active. Completed: 700/1000. Step time: 957.9ms.
   [Vectorized MCTS] Step 1410: 64 games active. Completed: 702/1000. Step time: 959.3ms.
   [Vectorized MCTS] Step 1415: 64 games active. Completed: 706/1000. Step time: 964.6ms.
   [Vectorized MCTS] Step 1420: 64 games active. Completed: 706/1000. Step time: 958.7ms.
   [Vectorized MCTS] Step 1425: 64 games active. Completed: 707/1000. Step time: 953.7ms.
   [Vectorized MCTS] Step 1430: 64 games active. Completed: 707/1000. Step time: 957.1ms.
   [Vectorized MCTS] Step 1435: 64 games active. Completed: 711/1000. Step time: 953.0ms.
   [Vectorized MCTS] Step 1440: 64 games active. Completed: 714/1000. Step time: 956.9ms.
   [Vectorized MCTS] Step 1445: 64 games active. Completed: 716/1000. Step time: 952.8ms.
   [Vectorized MCTS] Step 1450: 64 games active. Completed: 716/1000. Step time: 935.3ms.
   [Vectorized MCTS] Step 1455: 64 games active. Completed: 719/1000. Step time: 960.1ms.
   [Vectorized MCTS] Step 1460: 64 games active. Completed: 722/1000. Step time: 944.5ms.
   [Vectorized MCTS] Step 1465: 64 games active. Completed: 725/1000. Step time: 948.8ms.
   [Vectorized MCTS] Step 1470: 64 games active. Completed: 729/1000. Step time: 956.5ms.
   [Vectorized MCTS] Step 1475: 64 games active. Completed: 735/1000. Step time: 951.8ms.
   [Vectorized MCTS] Step 1480: 64 games active. Completed: 737/1000. Step time: 949.4ms.
   [Vectorized MCTS] Step 1485: 64 games active. Completed: 740/1000. Step time: 937.0ms.
   [Vectorized MCTS] Step 1490: 64 games active. Completed: 742/1000. Step time: 951.8ms.
   [Vectorized MCTS] Step 1495: 64 games active. Completed: 743/1000. Step time: 951.2ms.
   [Vectorized MCTS] Step 1500: 64 games active. Completed: 746/1000. Step time: 943.6ms.
   [Vectorized MCTS] Step 1505: 64 games active. Completed: 747/1000. Step time: 948.9ms.
   [Vectorized MCTS] Step 1510: 64 games active. Completed: 749/1000. Step time: 960.0ms.
   [Vectorized MCTS] Step 1515: 64 games active. Completed: 754/1000. Step time: 957.8ms.
   [Vectorized MCTS] Step 1520: 64 games active. Completed: 756/1000. Step time: 985.7ms.
   [Vectorized MCTS] Step 1525: 64 games active. Completed: 757/1000. Step time: 955.1ms.
   [Vectorized MCTS] Step 1530: 64 games active. Completed: 759/1000. Step time: 961.4ms.
   [Vectorized MCTS] Step 1535: 64 games active. Completed: 761/1000. Step time: 942.3ms.
   [Vectorized MCTS] Step 1540: 64 games active. Completed: 763/1000. Step time: 954.3ms.
   [Vectorized MCTS] Step 1545: 64 games active. Completed: 767/1000. Step time: 950.2ms.
   [Vectorized MCTS] Step 1550: 64 games active. Completed: 771/1000. Step time: 944.6ms.
   [Vectorized MCTS] Step 1555: 64 games active. Completed: 773/1000. Step time: 951.9ms.
   [Vectorized MCTS] Step 1560: 64 games active. Completed: 777/1000. Step time: 946.4ms.
   [Vectorized MCTS] Step 1565: 64 games active. Completed: 779/1000. Step time: 943.1ms.
   [Vectorized MCTS] Step 1570: 64 games active. Completed: 784/1000. Step time: 956.0ms.
   [Vectorized MCTS] Step 1575: 64 games active. Completed: 789/1000. Step time: 959.6ms.
   [Vectorized MCTS] Step 1580: 64 games active. Completed: 792/1000. Step time: 952.0ms.
   [Vectorized MCTS] Step 1585: 64 games active. Completed: 796/1000. Step time: 978.0ms.
   [Vectorized MCTS] Step 1590: 64 games active. Completed: 799/1000. Step time: 951.0ms.
   [Vectorized MCTS] Step 1595: 64 games active. Completed: 801/1000. Step time: 950.5ms.
   [Vectorized MCTS] Step 1600: 64 games active. Completed: 804/1000. Step time: 948.7ms.
   [Vectorized MCTS] Step 1605: 64 games active. Completed: 805/1000. Step time: 958.3ms.
   [Vectorized MCTS] Step 1610: 64 games active. Completed: 810/1000. Step time: 950.5ms.
   [Vectorized MCTS] Step 1615: 64 games active. Completed: 812/1000. Step time: 950.8ms.
   [Vectorized MCTS] Step 1620: 64 games active. Completed: 812/1000. Step time: 960.9ms.
   [Vectorized MCTS] Step 1625: 64 games active. Completed: 814/1000. Step time: 956.4ms.
   [Vectorized MCTS] Step 1630: 64 games active. Completed: 818/1000. Step time: 955.0ms.
   [Vectorized MCTS] Step 1635: 64 games active. Completed: 821/1000. Step time: 961.4ms.
   [Vectorized MCTS] Step 1640: 64 games active. Completed: 823/1000. Step time: 953.0ms.
   [Vectorized MCTS] Step 1645: 64 games active. Completed: 825/1000. Step time: 957.8ms.
   [Vectorized MCTS] Step 1650: 64 games active. Completed: 828/1000. Step time: 980.6ms.
   [Vectorized MCTS] Step 1655: 64 games active. Completed: 831/1000. Step time: 962.7ms.
   [Vectorized MCTS] Step 1660: 64 games active. Completed: 833/1000. Step time: 962.4ms.
   [Vectorized MCTS] Step 1665: 64 games active. Completed: 836/1000. Step time: 965.1ms.
   [Vectorized MCTS] Step 1670: 64 games active. Completed: 838/1000. Step time: 964.4ms.
   [Vectorized MCTS] Step 1675: 64 games active. Completed: 841/1000. Step time: 965.9ms.
   [Vectorized MCTS] Step 1680: 64 games active. Completed: 842/1000. Step time: 959.8ms.
   [Vectorized MCTS] Step 1685: 64 games active. Completed: 846/1000. Step time: 964.8ms.
   [Vectorized MCTS] Step 1690: 64 games active. Completed: 849/1000. Step time: 970.5ms.
   [Vectorized MCTS] Step 1695: 64 games active. Completed: 853/1000. Step time: 967.8ms.
   [Vectorized MCTS] Step 1700: 64 games active. Completed: 855/1000. Step time: 964.7ms.
   [Vectorized MCTS] Step 1705: 64 games active. Completed: 856/1000. Step time: 968.1ms.
   [Vectorized MCTS] Step 1710: 64 games active. Completed: 860/1000. Step time: 962.9ms.
   [Vectorized MCTS] Step 1715: 64 games active. Completed: 867/1000. Step time: 966.8ms.
   [Vectorized MCTS] Step 1720: 64 games active. Completed: 868/1000. Step time: 966.7ms.
   [Vectorized MCTS] Step 1725: 64 games active. Completed: 870/1000. Step time: 962.2ms.
   [Vectorized MCTS] Step 1730: 64 games active. Completed: 872/1000. Step time: 967.3ms.
   [Vectorized MCTS] Step 1735: 64 games active. Completed: 875/1000. Step time: 965.2ms.
   [Vectorized MCTS] Step 1740: 64 games active. Completed: 876/1000. Step time: 967.3ms.
   [Vectorized MCTS] Step 1745: 64 games active. Completed: 879/1000. Step time: 966.6ms.
   [Vectorized MCTS] Step 1750: 64 games active. Completed: 882/1000. Step time: 957.0ms.
   [Vectorized MCTS] Step 1755: 64 games active. Completed: 884/1000. Step time: 967.2ms.
   [Vectorized MCTS] Step 1760: 64 games active. Completed: 885/1000. Step time: 956.5ms.
   [Vectorized MCTS] Step 1765: 64 games active. Completed: 889/1000. Step time: 960.5ms.
   [Vectorized MCTS] Step 1770: 64 games active. Completed: 892/1000. Step time: 952.2ms.
   [Vectorized MCTS] Step 1775: 64 games active. Completed: 894/1000. Step time: 960.0ms.
   [Vectorized MCTS] Step 1780: 64 games active. Completed: 894/1000. Step time: 949.9ms.
   [Vectorized MCTS] Step 1785: 64 games active. Completed: 898/1000. Step time: 950.1ms.
   [Vectorized MCTS] Step 1790: 64 games active. Completed: 899/1000. Step time: 952.5ms.
   [Vectorized MCTS] Step 1795: 64 games active. Completed: 902/1000. Step time: 955.3ms.
   [Vectorized MCTS] Step 1800: 64 games active. Completed: 904/1000. Step time: 950.8ms.
   [Vectorized MCTS] Step 1805: 64 games active. Completed: 908/1000. Step time: 953.8ms.
   [Vectorized MCTS] Step 1810: 64 games active. Completed: 911/1000. Step time: 946.6ms.
   [Vectorized MCTS] Step 1815: 64 games active. Completed: 915/1000. Step time: 954.2ms.
   [Vectorized MCTS] Step 1820: 64 games active. Completed: 919/1000. Step time: 947.1ms.
   [Vectorized MCTS] Step 1825: 64 games active. Completed: 919/1000. Step time: 943.6ms.
   [Vectorized MCTS] Step 1830: 64 games active. Completed: 921/1000. Step time: 950.7ms.
   [Vectorized MCTS] Step 1835: 64 games active. Completed: 924/1000. Step time: 936.8ms.
   [Vectorized MCTS] Step 1840: 64 games active. Completed: 926/1000. Step time: 946.3ms.
   [Vectorized MCTS] Step 1845: 64 games active. Completed: 929/1000. Step time: 950.6ms.
   [Vectorized MCTS] Step 1850: 64 games active. Completed: 931/1000. Step time: 938.6ms.
   [Vectorized MCTS] Step 1855: 63 games active. Completed: 937/1000. Step time: 948.7ms.
   [Vectorized MCTS] Step 1860: 62 games active. Completed: 938/1000. Step time: 997.1ms.
   [Vectorized MCTS] Step 1865: 60 games active. Completed: 940/1000. Step time: 961.1ms.
   [Vectorized MCTS] Step 1870: 60 games active. Completed: 940/1000. Step time: 951.5ms.
   [Vectorized MCTS] Step 1875: 55 games active. Completed: 945/1000. Step time: 1106.5ms.
   [Vectorized MCTS] Step 1880: 53 games active. Completed: 947/1000. Step time: 907.2ms.
   [Vectorized MCTS] Step 1885: 48 games active. Completed: 952/1000. Step time: 689.9ms.
   [Vectorized MCTS] Step 1890: 45 games active. Completed: 955/1000. Step time: 636.6ms.
   [Vectorized MCTS] Step 1895: 42 games active. Completed: 958/1000. Step time: 631.3ms.
   [Vectorized MCTS] Step 1900: 40 games active. Completed: 960/1000. Step time: 570.4ms.
   [Vectorized MCTS] Step 1905: 35 games active. Completed: 965/1000. Step time: 507.7ms.
   [Vectorized MCTS] Step 1910: 32 games active. Completed: 968/1000. Step time: 497.2ms.
   [Vectorized MCTS] Step 1915: 26 games active. Completed: 974/1000. Step time: 416.1ms.
   [Vectorized MCTS] Step 1920: 26 games active. Completed: 974/1000. Step time: 392.2ms.
   [Vectorized MCTS] Step 1925: 25 games active. Completed: 975/1000. Step time: 407.4ms.
   [Vectorized MCTS] Step 1930: 24 games active. Completed: 976/1000. Step time: 373.6ms.
   [Vectorized MCTS] Step 1935: 22 games active. Completed: 978/1000. Step time: 361.0ms.
   [Vectorized MCTS] Step 1940: 17 games active. Completed: 983/1000. Step time: 297.3ms.
   [Vectorized MCTS] Step 1945: 15 games active. Completed: 985/1000. Step time: 281.5ms.
   [Vectorized MCTS] Step 1950: 14 games active. Completed: 986/1000. Step time: 263.5ms.
   [Vectorized MCTS] Step 1955: 12 games active. Completed: 988/1000. Step time: 235.6ms.
   [Vectorized MCTS] Step 1960: 12 games active. Completed: 988/1000. Step time: 225.4ms.
   [Vectorized MCTS] Step 1965: 11 games active. Completed: 989/1000. Step time: 258.4ms.
   [Vectorized MCTS] Step 1970: 10 games active. Completed: 990/1000. Step time: 230.2ms.
   [Vectorized MCTS] Step 1975: 07 games active. Completed: 993/1000. Step time: 202.6ms.
   [Vectorized MCTS] Step 1980: 05 games active. Completed: 995/1000. Step time: 203.9ms.
   [Vectorized MCTS] Step 1985: 04 games active. Completed: 996/1000. Step time: 172.5ms.
   [Vectorized MCTS] Step 1990: 04 games active. Completed: 996/1000. Step time: 171.7ms.
   [Vectorized MCTS] Step 1995: 04 games active. Completed: 996/1000. Step time: 171.0ms.
   [Vectorized MCTS] Step 2000: 04 games active. Completed: 996/1000. Step time: 183.5ms.
   [Vectorized MCTS] Step 2005: 04 games active. Completed: 996/1000. Step time: 175.0ms.
   [Vectorized MCTS] Step 2010: 04 games active. Completed: 996/1000. Step time: 171.9ms.
   [Vectorized MCTS] Step 2015: 02 games active. Completed: 998/1000. Step time: 146.9ms.
   [Vectorized MCTS] Step 2020: 02 games active. Completed: 998/1000. Step time: 144.2ms.
   [Vectorized MCTS] Step 2025: 02 games active. Completed: 998/1000. Step time: 155.3ms.
   [Vectorized MCTS] Step 2030: 01 games active. Completed: 999/1000. Step time: 130.0ms.
   [Vectorized MCTS] Step 2033: 00 games active. Completed: 1000/1000. Step time: 130.3ms.

Collection completed in 1851.4 seconds (1.851s/game average).
