Starting self-play collection using /Users/nilbot/playground/autogo-mlx/experiments/001_train_from_scratch/checkpoints/iter7.safetensors
--> Progressive sims enabled. Iteration 7 -> 32 simulations.
Config: num-games=1000, simulations=32, workers=8
--> Starting pool-swapping selfplay for all 1000 games with max_active_games=64...
   [Vectorized MCTS] Step 001: 64 games active. Completed: 0/1000. Step time: 1929.1ms.
   [Vectorized MCTS] Step 005: 64 games active. Completed: 0/1000. Step time: 1904.9ms.
   [Vectorized MCTS] Step 010: 64 games active. Completed: 0/1000. Step time: 1910.9ms.
   [Vectorized MCTS] Step 015: 64 games active. Completed: 0/1000. Step time: 1908.6ms.
   [Vectorized MCTS] Step 020: 64 games active. Completed: 1/1000. Step time: 1909.0ms.
   [Vectorized MCTS] Step 025: 64 games active. Completed: 2/1000. Step time: 1899.0ms.
   [Vectorized MCTS] Step 030: 64 games active. Completed: 2/1000. Step time: 1899.4ms.
   [Vectorized MCTS] Step 035: 64 games active. Completed: 2/1000. Step time: 1892.5ms.
   [Vectorized MCTS] Step 040: 64 games active. Completed: 2/1000. Step time: 1902.4ms.
   [Vectorized MCTS] Step 045: 64 games active. Completed: 4/1000. Step time: 1904.8ms.
   [Vectorized MCTS] Step 050: 64 games active. Completed: 4/1000. Step time: 1909.1ms.
   [Vectorized MCTS] Step 055: 64 games active. Completed: 4/1000. Step time: 1908.0ms.
   [Vectorized MCTS] Step 060: 64 games active. Completed: 5/1000. Step time: 1917.6ms.
   [Vectorized MCTS] Step 065: 64 games active. Completed: 7/1000. Step time: 1915.9ms.
   [Vectorized MCTS] Step 070: 64 games active. Completed: 8/1000. Step time: 1915.1ms.
   [Vectorized MCTS] Step 075: 64 games active. Completed: 10/1000. Step time: 1912.9ms.
   [Vectorized MCTS] Step 080: 64 games active. Completed: 10/1000. Step time: 1913.3ms.
   [Vectorized MCTS] Step 085: 64 games active. Completed: 10/1000. Step time: 1912.5ms.
   [Vectorized MCTS] Step 090: 64 games active. Completed: 10/1000. Step time: 1914.6ms.
   [Vectorized MCTS] Step 095: 64 games active. Completed: 10/1000. Step time: 1917.1ms.
   [Vectorized MCTS] Step 100: 64 games active. Completed: 11/1000. Step time: 1916.4ms.
   [Vectorized MCTS] Step 105: 64 games active. Completed: 11/1000. Step time: 1921.3ms.
   [Vectorized MCTS] Step 110: 64 games active. Completed: 11/1000. Step time: 1921.0ms.
   [Vectorized MCTS] Step 115: 64 games active. Completed: 14/1000. Step time: 1920.0ms.
   [Vectorized MCTS] Step 120: 64 games active. Completed: 17/1000. Step time: 1909.1ms.
   [Vectorized MCTS] Step 125: 64 games active. Completed: 20/1000. Step time: 1924.2ms.
   [Vectorized MCTS] Step 130: 64 games active. Completed: 21/1000. Step time: 1930.2ms.
   [Vectorized MCTS] Step 135: 64 games active. Completed: 22/1000. Step time: 1899.9ms.
   [Vectorized MCTS] Step 140: 64 games active. Completed: 23/1000. Step time: 1905.8ms.
   [Vectorized MCTS] Step 145: 64 games active. Completed: 24/1000. Step time: 1892.7ms.
   [Vectorized MCTS] Step 150: 64 games active. Completed: 26/1000. Step time: 1883.4ms.
   [Vectorized MCTS] Step 155: 64 games active. Completed: 28/1000. Step time: 1878.4ms.
   [Vectorized MCTS] Step 160: 64 games active. Completed: 33/1000. Step time: 1885.9ms.
   [Vectorized MCTS] Step 165: 64 games active. Completed: 70/1000. Step time: 1914.1ms.
   [Vectorized MCTS] Step 170: 64 games active. Completed: 70/1000. Step time: 1908.2ms.
   [Vectorized MCTS] Step 175: 64 games active. Completed: 72/1000. Step time: 1905.9ms.
   [Vectorized MCTS] Step 180: 64 games active. Completed: 73/1000. Step time: 1903.2ms.
   [Vectorized MCTS] Step 185: 64 games active. Completed: 73/1000. Step time: 1914.5ms.
   [Vectorized MCTS] Step 190: 64 games active. Completed: 73/1000. Step time: 1910.8ms.
   [Vectorized MCTS] Step 195: 64 games active. Completed: 74/1000. Step time: 1917.6ms.
   [Vectorized MCTS] Step 200: 64 games active. Completed: 74/1000. Step time: 1944.9ms.
   [Vectorized MCTS] Step 205: 64 games active. Completed: 78/1000. Step time: 1911.9ms.
   [Vectorized MCTS] Step 210: 64 games active. Completed: 78/1000. Step time: 1907.4ms.
   [Vectorized MCTS] Step 215: 64 games active. Completed: 79/1000. Step time: 1911.2ms.
   [Vectorized MCTS] Step 220: 64 games active. Completed: 79/1000. Step time: 1914.9ms.
   [Vectorized MCTS] Step 225: 64 games active. Completed: 80/1000. Step time: 1917.7ms.
   [Vectorized MCTS] Step 230: 64 games active. Completed: 81/1000. Step time: 1925.6ms.
   [Vectorized MCTS] Step 235: 64 games active. Completed: 83/1000. Step time: 1920.9ms.
   [Vectorized MCTS] Step 240: 64 games active. Completed: 87/1000. Step time: 1931.8ms.
   [Vectorized MCTS] Step 245: 64 games active. Completed: 88/1000. Step time: 1917.8ms.
   [Vectorized MCTS] Step 250: 64 games active. Completed: 91/1000. Step time: 1912.9ms.
   [Vectorized MCTS] Step 255: 64 games active. Completed: 92/1000. Step time: 1921.0ms.
   [Vectorized MCTS] Step 260: 64 games active. Completed: 95/1000. Step time: 1913.7ms.
   [Vectorized MCTS] Step 265: 64 games active. Completed: 96/1000. Step time: 1927.8ms.
   [Vectorized MCTS] Step 270: 64 games active. Completed: 97/1000. Step time: 1922.5ms.
   [Vectorized MCTS] Step 275: 64 games active. Completed: 103/1000. Step time: 1962.0ms.
   [Vectorized MCTS] Step 280: 64 games active. Completed: 106/1000. Step time: 1931.2ms.
   [Vectorized MCTS] Step 285: 64 games active. Completed: 107/1000. Step time: 1914.1ms.
   [Vectorized MCTS] Step 290: 64 games active. Completed: 110/1000. Step time: 1929.2ms.
   [Vectorized MCTS] Step 295: 64 games active. Completed: 110/1000. Step time: 1921.1ms.
   [Vectorized MCTS] Step 300: 64 games active. Completed: 111/1000. Step time: 1913.1ms.
   [Vectorized MCTS] Step 305: 64 games active. Completed: 112/1000. Step time: 1915.8ms.
   [Vectorized MCTS] Step 310: 64 games active. Completed: 112/1000. Step time: 1895.9ms.
   [Vectorized MCTS] Step 315: 64 games active. Completed: 114/1000. Step time: 1898.5ms.
   [Vectorized MCTS] Step 320: 64 games active. Completed: 116/1000. Step time: 1898.1ms.
   [Vectorized MCTS] Step 325: 64 games active. Completed: 141/1000. Step time: 1921.1ms.
   [Vectorized MCTS] Step 330: 64 games active. Completed: 141/1000. Step time: 1911.0ms.
   [Vectorized MCTS] Step 335: 64 games active. Completed: 143/1000. Step time: 1912.6ms.
   [Vectorized MCTS] Step 340: 64 games active. Completed: 143/1000. Step time: 1916.4ms.
   [Vectorized MCTS] Step 345: 64 games active. Completed: 143/1000. Step time: 1919.0ms.
   [Vectorized MCTS] Step 350: 64 games active. Completed: 144/1000. Step time: 1903.2ms.
   [Vectorized MCTS] Step 355: 64 games active. Completed: 146/1000. Step time: 1906.4ms.
   [Vectorized MCTS] Step 360: 64 games active. Completed: 146/1000. Step time: 1926.9ms.
   [Vectorized MCTS] Step 365: 64 games active. Completed: 150/1000. Step time: 1915.3ms.
   [Vectorized MCTS] Step 370: 64 games active. Completed: 152/1000. Step time: 1945.2ms.
   [Vectorized MCTS] Step 375: 64 games active. Completed: 154/1000. Step time: 1915.6ms.
   [Vectorized MCTS] Step 380: 64 games active. Completed: 154/1000. Step time: 1913.6ms.
   [Vectorized MCTS] Step 385: 64 games active. Completed: 156/1000. Step time: 1913.6ms.
   [Vectorized MCTS] Step 390: 64 games active. Completed: 157/1000. Step time: 1908.1ms.
   [Vectorized MCTS] Step 395: 64 games active. Completed: 158/1000. Step time: 1896.6ms.
   [Vectorized MCTS] Step 400: 64 games active. Completed: 163/1000. Step time: 1918.5ms.
   [Vectorized MCTS] Step 405: 64 games active. Completed: 167/1000. Step time: 1920.1ms.
   [Vectorized MCTS] Step 410: 64 games active. Completed: 171/1000. Step time: 1917.4ms.
   [Vectorized MCTS] Step 415: 64 games active. Completed: 172/1000. Step time: 1911.1ms.
   [Vectorized MCTS] Step 420: 64 games active. Completed: 175/1000. Step time: 1913.4ms.
   [Vectorized MCTS] Step 425: 64 games active. Completed: 177/1000. Step time: 1909.9ms.
   [Vectorized MCTS] Step 430: 64 games active. Completed: 179/1000. Step time: 1910.0ms.
   [Vectorized MCTS] Step 435: 64 games active. Completed: 181/1000. Step time: 1911.6ms.
   [Vectorized MCTS] Step 440: 64 games active. Completed: 185/1000. Step time: 1909.6ms.
   [Vectorized MCTS] Step 445: 64 games active. Completed: 187/1000. Step time: 1916.3ms.
   [Vectorized MCTS] Step 450: 64 games active. Completed: 189/1000. Step time: 1915.9ms.
   [Vectorized MCTS] Step 455: 64 games active. Completed: 191/1000. Step time: 1908.6ms.
   [Vectorized MCTS] Step 460: 64 games active. Completed: 192/1000. Step time: 1912.7ms.
   [Vectorized MCTS] Step 465: 64 games active. Completed: 194/1000. Step time: 1911.1ms.
   [Vectorized MCTS] Step 470: 64 games active. Completed: 196/1000. Step time: 1910.4ms.
   [Vectorized MCTS] Step 475: 64 games active. Completed: 197/1000. Step time: 1904.7ms.
   [Vectorized MCTS] Step 480: 64 games active. Completed: 199/1000. Step time: 1907.2ms.
   [Vectorized MCTS] Step 485: 64 games active. Completed: 213/1000. Step time: 1897.6ms.
   [Vectorized MCTS] Step 490: 64 games active. Completed: 214/1000. Step time: 1916.5ms.
   [Vectorized MCTS] Step 495: 64 games active. Completed: 216/1000. Step time: 1908.7ms.
   [Vectorized MCTS] Step 500: 64 games active. Completed: 218/1000. Step time: 1913.7ms.
   [Vectorized MCTS] Step 505: 64 games active. Completed: 218/1000. Step time: 1917.3ms.
   [Vectorized MCTS] Step 510: 64 games active. Completed: 220/1000. Step time: 1903.4ms.
   [Vectorized MCTS] Step 515: 64 games active. Completed: 221/1000. Step time: 1909.1ms.
   [Vectorized MCTS] Step 520: 64 games active. Completed: 222/1000. Step time: 1906.7ms.
   [Vectorized MCTS] Step 525: 64 games active. Completed: 226/1000. Step time: 1904.2ms.
   [Vectorized MCTS] Step 530: 64 games active. Completed: 231/1000. Step time: 1914.6ms.
   [Vectorized MCTS] Step 535: 64 games active. Completed: 232/1000. Step time: 1913.0ms.
   [Vectorized MCTS] Step 540: 64 games active. Completed: 233/1000. Step time: 1946.3ms.
   [Vectorized MCTS] Step 545: 64 games active. Completed: 235/1000. Step time: 1911.0ms.
   [Vectorized MCTS] Step 550: 64 games active. Completed: 236/1000. Step time: 1919.5ms.
   [Vectorized MCTS] Step 555: 64 games active. Completed: 238/1000. Step time: 1919.5ms.
   [Vectorized MCTS] Step 560: 64 games active. Completed: 243/1000. Step time: 1926.1ms.
   [Vectorized MCTS] Step 565: 64 games active. Completed: 246/1000. Step time: 1917.8ms.
   [Vectorized MCTS] Step 570: 64 games active. Completed: 246/1000. Step time: 1907.1ms.
   [Vectorized MCTS] Step 575: 64 games active. Completed: 252/1000. Step time: 1915.4ms.
   [Vectorized MCTS] Step 580: 64 games active. Completed: 253/1000. Step time: 1912.5ms.
   [Vectorized MCTS] Step 585: 64 games active. Completed: 258/1000. Step time: 1912.4ms.
   [Vectorized MCTS] Step 590: 64 games active. Completed: 260/1000. Step time: 1931.0ms.
   [Vectorized MCTS] Step 595: 64 games active. Completed: 263/1000. Step time: 1911.4ms.
   [Vectorized MCTS] Step 600: 64 games active. Completed: 264/1000. Step time: 1908.2ms.
   [Vectorized MCTS] Step 605: 64 games active. Completed: 266/1000. Step time: 1903.6ms.
   [Vectorized MCTS] Step 610: 64 games active. Completed: 268/1000. Step time: 1914.2ms.
   [Vectorized MCTS] Step 615: 64 games active. Completed: 269/1000. Step time: 1907.9ms.
   [Vectorized MCTS] Step 620: 64 games active. Completed: 272/1000. Step time: 1914.7ms.
   [Vectorized MCTS] Step 625: 64 games active. Completed: 274/1000. Step time: 1910.2ms.
   [Vectorized MCTS] Step 630: 64 games active. Completed: 277/1000. Step time: 1901.7ms.
   [Vectorized MCTS] Step 635: 64 games active. Completed: 280/1000. Step time: 1924.4ms.
   [Vectorized MCTS] Step 640: 64 games active. Completed: 281/1000. Step time: 1925.7ms.
   [Vectorized MCTS] Step 645: 64 games active. Completed: 288/1000. Step time: 1905.2ms.
   [Vectorized MCTS] Step 650: 64 games active. Completed: 294/1000. Step time: 1903.1ms.
   [Vectorized MCTS] Step 655: 64 games active. Completed: 294/1000. Step time: 1913.0ms.
   [Vectorized MCTS] Step 660: 64 games active. Completed: 297/1000. Step time: 1910.1ms.
   [Vectorized MCTS] Step 665: 64 games active. Completed: 297/1000. Step time: 1910.2ms.
   [Vectorized MCTS] Step 670: 64 games active. Completed: 299/1000. Step time: 1906.7ms.
   [Vectorized MCTS] Step 675: 64 games active. Completed: 300/1000. Step time: 1902.3ms.
   [Vectorized MCTS] Step 680: 64 games active. Completed: 303/1000. Step time: 1905.4ms.
   [Vectorized MCTS] Step 685: 64 games active. Completed: 304/1000. Step time: 1903.7ms.
   [Vectorized MCTS] Step 690: 64 games active. Completed: 313/1000. Step time: 1911.3ms.
   [Vectorized MCTS] Step 695: 64 games active. Completed: 316/1000. Step time: 1897.3ms.
   [Vectorized MCTS] Step 700: 64 games active. Completed: 317/1000. Step time: 1908.5ms.
   [Vectorized MCTS] Step 705: 64 games active. Completed: 319/1000. Step time: 1914.8ms.
   [Vectorized MCTS] Step 710: 64 games active. Completed: 320/1000. Step time: 1917.3ms.
   [Vectorized MCTS] Step 715: 64 games active. Completed: 321/1000. Step time: 1916.1ms.
   [Vectorized MCTS] Step 720: 64 games active. Completed: 323/1000. Step time: 1923.6ms.
   [Vectorized MCTS] Step 725: 64 games active. Completed: 326/1000. Step time: 1906.0ms.
   [Vectorized MCTS] Step 730: 64 games active. Completed: 328/1000. Step time: 1953.3ms.
   [Vectorized MCTS] Step 735: 64 games active. Completed: 332/1000. Step time: 1914.8ms.
   [Vectorized MCTS] Step 740: 64 games active. Completed: 334/1000. Step time: 1906.4ms.
   [Vectorized MCTS] Step 745: 64 games active. Completed: 338/1000. Step time: 1920.2ms.
   [Vectorized MCTS] Step 750: 64 games active. Completed: 342/1000. Step time: 1915.6ms.
   [Vectorized MCTS] Step 755: 64 games active. Completed: 344/1000. Step time: 1921.0ms.
   [Vectorized MCTS] Step 760: 64 games active. Completed: 344/1000. Step time: 1910.7ms.
   [Vectorized MCTS] Step 765: 64 games active. Completed: 347/1000. Step time: 1910.7ms.
   [Vectorized MCTS] Step 770: 64 games active. Completed: 348/1000. Step time: 1911.0ms.
   [Vectorized MCTS] Step 775: 64 games active. Completed: 349/1000. Step time: 1909.2ms.
   [Vectorized MCTS] Step 780: 64 games active. Completed: 352/1000. Step time: 1907.8ms.
   [Vectorized MCTS] Step 785: 64 games active. Completed: 353/1000. Step time: 1908.2ms.
   [Vectorized MCTS] Step 790: 64 games active. Completed: 355/1000. Step time: 1911.5ms.
   [Vectorized MCTS] Step 795: 64 games active. Completed: 357/1000. Step time: 1903.7ms.
   [Vectorized MCTS] Step 800: 64 games active. Completed: 361/1000. Step time: 1907.8ms.
   [Vectorized MCTS] Step 805: 64 games active. Completed: 362/1000. Step time: 1914.3ms.
   [Vectorized MCTS] Step 810: 64 games active. Completed: 371/1000. Step time: 1909.9ms.
   [Vectorized MCTS] Step 815: 64 games active. Completed: 371/1000. Step time: 1911.1ms.
   [Vectorized MCTS] Step 820: 64 games active. Completed: 373/1000. Step time: 1895.3ms.
   [Vectorized MCTS] Step 825: 64 games active. Completed: 373/1000. Step time: 1902.5ms.
   [Vectorized MCTS] Step 830: 64 games active. Completed: 376/1000. Step time: 1907.9ms.
   [Vectorized MCTS] Step 835: 64 games active. Completed: 377/1000. Step time: 1875.2ms.
   [Vectorized MCTS] Step 840: 64 games active. Completed: 381/1000. Step time: 1906.6ms.
   [Vectorized MCTS] Step 845: 64 games active. Completed: 383/1000. Step time: 1931.9ms.
   [Vectorized MCTS] Step 850: 64 games active. Completed: 388/1000. Step time: 1920.4ms.
   [Vectorized MCTS] Step 855: 64 games active. Completed: 391/1000. Step time: 1927.1ms.
   [Vectorized MCTS] Step 860: 64 games active. Completed: 395/1000. Step time: 1917.3ms.
   [Vectorized MCTS] Step 865: 64 games active. Completed: 397/1000. Step time: 1927.1ms.
   [Vectorized MCTS] Step 870: 64 games active. Completed: 398/1000. Step time: 1907.7ms.
   [Vectorized MCTS] Step 875: 64 games active. Completed: 402/1000. Step time: 1924.6ms.
   [Vectorized MCTS] Step 880: 64 games active. Completed: 403/1000. Step time: 1927.2ms.
   [Vectorized MCTS] Step 885: 64 games active. Completed: 404/1000. Step time: 1919.3ms.
   [Vectorized MCTS] Step 890: 64 games active. Completed: 407/1000. Step time: 1916.3ms.
   [Vectorized MCTS] Step 895: 64 games active. Completed: 410/1000. Step time: 1929.4ms.
   [Vectorized MCTS] Step 900: 64 games active. Completed: 412/1000. Step time: 1921.7ms.
   [Vectorized MCTS] Step 905: 64 games active. Completed: 417/1000. Step time: 1921.8ms.
   [Vectorized MCTS] Step 910: 64 games active. Completed: 419/1000. Step time: 1928.0ms.
   [Vectorized MCTS] Step 915: 64 games active. Completed: 419/1000. Step time: 1956.0ms.
   [Vectorized MCTS] Step 920: 64 games active. Completed: 421/1000. Step time: 1921.4ms.
   [Vectorized MCTS] Step 925: 64 games active. Completed: 424/1000. Step time: 1925.1ms.
   [Vectorized MCTS] Step 930: 64 games active. Completed: 426/1000. Step time: 1917.8ms.
   [Vectorized MCTS] Step 935: 64 games active. Completed: 428/1000. Step time: 1925.2ms.
   [Vectorized MCTS] Step 940: 64 games active. Completed: 430/1000. Step time: 1924.5ms.
   [Vectorized MCTS] Step 945: 64 games active. Completed: 431/1000. Step time: 1922.0ms.
   [Vectorized MCTS] Step 950: 64 games active. Completed: 432/1000. Step time: 1918.0ms.
   [Vectorized MCTS] Step 955: 64 games active. Completed: 436/1000. Step time: 1918.8ms.
   [Vectorized MCTS] Step 960: 64 games active. Completed: 440/1000. Step time: 1899.5ms.
   [Vectorized MCTS] Step 965: 64 games active. Completed: 441/1000. Step time: 1919.3ms.
   [Vectorized MCTS] Step 970: 64 games active. Completed: 447/1000. Step time: 1916.7ms.
   [Vectorized MCTS] Step 975: 64 games active. Completed: 448/1000. Step time: 1919.7ms.
   [Vectorized MCTS] Step 980: 64 games active. Completed: 452/1000. Step time: 1928.1ms.
   [Vectorized MCTS] Step 985: 64 games active. Completed: 453/1000. Step time: 1922.6ms.
   [Vectorized MCTS] Step 990: 64 games active. Completed: 455/1000. Step time: 1929.4ms.
   [Vectorized MCTS] Step 995: 64 games active. Completed: 459/1000. Step time: 1920.6ms.
   [Vectorized MCTS] Step 1000: 64 games active. Completed: 461/1000. Step time: 1943.7ms.
   [Vectorized MCTS] Step 1005: 64 games active. Completed: 463/1000. Step time: 1922.8ms.
   [Vectorized MCTS] Step 1010: 64 games active. Completed: 465/1000. Step time: 1922.5ms.
   [Vectorized MCTS] Step 1015: 64 games active. Completed: 468/1000. Step time: 1930.2ms.
   [Vectorized MCTS] Step 1020: 64 games active. Completed: 469/1000. Step time: 1913.8ms.
   [Vectorized MCTS] Step 1025: 64 games active. Completed: 473/1000. Step time: 1926.9ms.
   [Vectorized MCTS] Step 1030: 64 games active. Completed: 475/1000. Step time: 1923.8ms.
   [Vectorized MCTS] Step 1035: 64 games active. Completed: 476/1000. Step time: 1926.5ms.
   [Vectorized MCTS] Step 1040: 64 games active. Completed: 479/1000. Step time: 1924.3ms.
   [Vectorized MCTS] Step 1045: 64 games active. Completed: 481/1000. Step time: 1919.1ms.
   [Vectorized MCTS] Step 1050: 64 games active. Completed: 483/1000. Step time: 1915.1ms.
   [Vectorized MCTS] Step 1055: 64 games active. Completed: 486/1000. Step time: 1925.4ms.
   [Vectorized MCTS] Step 1060: 64 games active. Completed: 489/1000. Step time: 1918.4ms.
   [Vectorized MCTS] Step 1065: 64 games active. Completed: 491/1000. Step time: 1931.6ms.
   [Vectorized MCTS] Step 1070: 64 games active. Completed: 493/1000. Step time: 1919.5ms.
   [Vectorized MCTS] Step 1075: 64 games active. Completed: 494/1000. Step time: 1923.3ms.
   [Vectorized MCTS] Step 1080: 64 games active. Completed: 495/1000. Step time: 1913.1ms.
   [Vectorized MCTS] Step 1085: 64 games active. Completed: 500/1000. Step time: 1902.6ms.
   [Vectorized MCTS] Step 1090: 64 games active. Completed: 502/1000. Step time: 1911.0ms.
   [Vectorized MCTS] Step 1095: 64 games active. Completed: 505/1000. Step time: 1919.1ms.
   [Vectorized MCTS] Step 1100: 64 games active. Completed: 507/1000. Step time: 1921.4ms.
   [Vectorized MCTS] Step 1105: 64 games active. Completed: 509/1000. Step time: 1923.0ms.
   [Vectorized MCTS] Step 1110: 64 games active. Completed: 510/1000. Step time: 1948.3ms.
   [Vectorized MCTS] Step 1115: 64 games active. Completed: 511/1000. Step time: 1914.4ms.
   [Vectorized MCTS] Step 1120: 64 games active. Completed: 513/1000. Step time: 1919.3ms.
   [Vectorized MCTS] Step 1125: 64 games active. Completed: 517/1000. Step time: 1926.1ms.
   [Vectorized MCTS] Step 1130: 64 games active. Completed: 521/1000. Step time: 1920.1ms.
   [Vectorized MCTS] Step 1135: 64 games active. Completed: 525/1000. Step time: 1928.9ms.
   [Vectorized MCTS] Step 1140: 64 games active. Completed: 526/1000. Step time: 1925.1ms.
   [Vectorized MCTS] Step 1145: 64 games active. Completed: 529/1000. Step time: 1919.2ms.
   [Vectorized MCTS] Step 1150: 64 games active. Completed: 530/1000. Step time: 1905.7ms.
   [Vectorized MCTS] Step 1155: 64 games active. Completed: 533/1000. Step time: 1920.7ms.
   [Vectorized MCTS] Step 1160: 64 games active. Completed: 533/1000. Step time: 1934.3ms.
   [Vectorized MCTS] Step 1165: 64 games active. Completed: 536/1000. Step time: 1912.5ms.
   [Vectorized MCTS] Step 1170: 64 games active. Completed: 537/1000. Step time: 1923.8ms.
   [Vectorized MCTS] Step 1175: 64 games active. Completed: 541/1000. Step time: 1916.4ms.
   [Vectorized MCTS] Step 1180: 64 games active. Completed: 541/1000. Step time: 1918.9ms.
   [Vectorized MCTS] Step 1185: 64 games active. Completed: 549/1000. Step time: 1950.5ms.
   [Vectorized MCTS] Step 1190: 64 games active. Completed: 551/1000. Step time: 1923.8ms.
   [Vectorized MCTS] Step 1195: 64 games active. Completed: 555/1000. Step time: 1924.0ms.
   [Vectorized MCTS] Step 1200: 64 games active. Completed: 557/1000. Step time: 1921.9ms.
   [Vectorized MCTS] Step 1205: 64 games active. Completed: 558/1000. Step time: 1922.1ms.
   [Vectorized MCTS] Step 1210: 64 games active. Completed: 559/1000. Step time: 1903.5ms.
   [Vectorized MCTS] Step 1215: 64 games active. Completed: 561/1000. Step time: 1910.9ms.
   [Vectorized MCTS] Step 1220: 64 games active. Completed: 565/1000. Step time: 1919.8ms.
   [Vectorized MCTS] Step 1225: 64 games active. Completed: 565/1000. Step time: 1929.2ms.
   [Vectorized MCTS] Step 1230: 64 games active. Completed: 568/1000. Step time: 1929.5ms.
   [Vectorized MCTS] Step 1235: 64 games active. Completed: 570/1000. Step time: 1917.2ms.
   [Vectorized MCTS] Step 1240: 64 games active. Completed: 571/1000. Step time: 1915.9ms.
   [Vectorized MCTS] Step 1245: 64 games active. Completed: 574/1000. Step time: 1920.6ms.
   [Vectorized MCTS] Step 1250: 64 games active. Completed: 577/1000. Step time: 1918.9ms.
   [Vectorized MCTS] Step 1255: 64 games active. Completed: 581/1000. Step time: 1909.6ms.
   [Vectorized MCTS] Step 1260: 64 games active. Completed: 584/1000. Step time: 1923.3ms.
   [Vectorized MCTS] Step 1265: 64 games active. Completed: 588/1000. Step time: 1911.8ms.
   [Vectorized MCTS] Step 1270: 64 games active. Completed: 588/1000. Step time: 1918.2ms.
   [Vectorized MCTS] Step 1275: 64 games active. Completed: 590/1000. Step time: 1916.5ms.
   [Vectorized MCTS] Step 1280: 64 games active. Completed: 591/1000. Step time: 1924.0ms.
   [Vectorized MCTS] Step 1285: 64 games active. Completed: 593/1000. Step time: 1917.6ms.
   [Vectorized MCTS] Step 1290: 64 games active. Completed: 596/1000. Step time: 1920.9ms.
   [Vectorized MCTS] Step 1295: 64 games active. Completed: 598/1000. Step time: 1918.2ms.
   [Vectorized MCTS] Step 1300: 64 games active. Completed: 600/1000. Step time: 1917.2ms.
   [Vectorized MCTS] Step 1305: 64 games active. Completed: 601/1000. Step time: 1935.3ms.
   [Vectorized MCTS] Step 1310: 64 games active. Completed: 606/1000. Step time: 1924.2ms.
   [Vectorized MCTS] Step 1315: 64 games active. Completed: 610/1000. Step time: 1923.4ms.
   [Vectorized MCTS] Step 1320: 64 games active. Completed: 610/1000. Step time: 1920.0ms.
   [Vectorized MCTS] Step 1325: 64 games active. Completed: 615/1000. Step time: 1924.1ms.
   [Vectorized MCTS] Step 1330: 64 games active. Completed: 618/1000. Step time: 1929.5ms.
   [Vectorized MCTS] Step 1335: 64 games active. Completed: 622/1000. Step time: 1927.9ms.
   [Vectorized MCTS] Step 1340: 64 games active. Completed: 623/1000. Step time: 1923.8ms.
   [Vectorized MCTS] Step 1345: 64 games active. Completed: 625/1000. Step time: 1913.4ms.
   [Vectorized MCTS] Step 1350: 64 games active. Completed: 629/1000. Step time: 1915.8ms.
   [Vectorized MCTS] Step 1355: 64 games active. Completed: 632/1000. Step time: 1919.0ms.
   [Vectorized MCTS] Step 1360: 64 games active. Completed: 634/1000. Step time: 1933.1ms.
   [Vectorized MCTS] Step 1365: 64 games active. Completed: 635/1000. Step time: 1929.0ms.
   [Vectorized MCTS] Step 1370: 64 games active. Completed: 635/1000. Step time: 1920.4ms.
   [Vectorized MCTS] Step 1375: 64 games active. Completed: 639/1000. Step time: 1934.6ms.
   [Vectorized MCTS] Step 1380: 64 games active. Completed: 641/1000. Step time: 1929.5ms.
   [Vectorized MCTS] Step 1385: 64 games active. Completed: 642/1000. Step time: 1915.3ms.
   [Vectorized MCTS] Step 1390: 64 games active. Completed: 644/1000. Step time: 1918.0ms.
   [Vectorized MCTS] Step 1395: 64 games active. Completed: 646/1000. Step time: 1919.2ms.
   [Vectorized MCTS] Step 1400: 64 games active. Completed: 646/1000. Step time: 1922.6ms.
   [Vectorized MCTS] Step 1405: 64 games active. Completed: 650/1000. Step time: 1917.6ms.
   [Vectorized MCTS] Step 1410: 64 games active. Completed: 653/1000. Step time: 1931.0ms.
   [Vectorized MCTS] Step 1415: 64 games active. Completed: 658/1000. Step time: 1915.5ms.
   [Vectorized MCTS] Step 1420: 64 games active. Completed: 663/1000. Step time: 1922.4ms.
   [Vectorized MCTS] Step 1425: 64 games active. Completed: 664/1000. Step time: 1919.3ms.
   [Vectorized MCTS] Step 1430: 64 games active. Completed: 665/1000. Step time: 1936.3ms.
   [Vectorized MCTS] Step 1435: 64 games active. Completed: 665/1000. Step time: 1924.2ms.
   [Vectorized MCTS] Step 1440: 64 games active. Completed: 666/1000. Step time: 1929.9ms.
   [Vectorized MCTS] Step 1445: 64 games active. Completed: 669/1000. Step time: 1935.6ms.
   [Vectorized MCTS] Step 1450: 64 games active. Completed: 671/1000. Step time: 1928.4ms.
   [Vectorized MCTS] Step 1455: 64 games active. Completed: 674/1000. Step time: 1922.8ms.
   [Vectorized MCTS] Step 1460: 64 games active. Completed: 676/1000. Step time: 1911.8ms.
   [Vectorized MCTS] Step 1465: 64 games active. Completed: 679/1000. Step time: 1902.5ms.
   [Vectorized MCTS] Step 1470: 64 games active. Completed: 681/1000. Step time: 1920.3ms.
   [Vectorized MCTS] Step 1475: 64 games active. Completed: 685/1000. Step time: 1916.0ms.
   [Vectorized MCTS] Step 1480: 64 games active. Completed: 686/1000. Step time: 1927.5ms.
   [Vectorized MCTS] Step 1485: 64 games active. Completed: 692/1000. Step time: 1921.3ms.
   [Vectorized MCTS] Step 1490: 64 games active. Completed: 695/1000. Step time: 1922.2ms.
   [Vectorized MCTS] Step 1495: 64 games active. Completed: 697/1000. Step time: 1919.0ms.
   [Vectorized MCTS] Step 1500: 64 games active. Completed: 700/1000. Step time: 1936.5ms.
   [Vectorized MCTS] Step 1505: 64 games active. Completed: 704/1000. Step time: 1945.0ms.
   [Vectorized MCTS] Step 1510: 64 games active. Completed: 706/1000. Step time: 1920.7ms.
   [Vectorized MCTS] Step 1515: 64 games active. Completed: 708/1000. Step time: 1925.0ms.
   [Vectorized MCTS] Step 1520: 64 games active. Completed: 712/1000. Step time: 1928.3ms.
   [Vectorized MCTS] Step 1525: 64 games active. Completed: 713/1000. Step time: 1913.9ms.
   [Vectorized MCTS] Step 1530: 64 games active. Completed: 715/1000. Step time: 1909.8ms.
   [Vectorized MCTS] Step 1535: 64 games active. Completed: 717/1000. Step time: 1923.6ms.
   [Vectorized MCTS] Step 1540: 64 games active. Completed: 719/1000. Step time: 1931.0ms.
   [Vectorized MCTS] Step 1545: 64 games active. Completed: 722/1000. Step time: 1931.1ms.
   [Vectorized MCTS] Step 1550: 64 games active. Completed: 723/1000. Step time: 1933.3ms.
   [Vectorized MCTS] Step 1555: 64 games active. Completed: 726/1000. Step time: 1915.6ms.
   [Vectorized MCTS] Step 1560: 64 games active. Completed: 726/1000. Step time: 1918.2ms.
   [Vectorized MCTS] Step 1565: 64 games active. Completed: 730/1000. Step time: 1926.7ms.
   [Vectorized MCTS] Step 1570: 64 games active. Completed: 734/1000. Step time: 1935.8ms.
   [Vectorized MCTS] Step 1575: 64 games active. Completed: 736/1000. Step time: 1919.0ms.
   [Vectorized MCTS] Step 1580: 64 games active. Completed: 739/1000. Step time: 1915.3ms.
   [Vectorized MCTS] Step 1585: 64 games active. Completed: 742/1000. Step time: 1913.5ms.
   [Vectorized MCTS] Step 1590: 64 games active. Completed: 743/1000. Step time: 1919.5ms.
   [Vectorized MCTS] Step 1595: 64 games active. Completed: 743/1000. Step time: 1925.5ms.
   [Vectorized MCTS] Step 1600: 64 games active. Completed: 744/1000. Step time: 1955.6ms.
   [Vectorized MCTS] Step 1605: 64 games active. Completed: 746/1000. Step time: 1926.5ms.
   [Vectorized MCTS] Step 1610: 64 games active. Completed: 748/1000. Step time: 1920.6ms.
   [Vectorized MCTS] Step 1615: 64 games active. Completed: 750/1000. Step time: 1929.1ms.
   [Vectorized MCTS] Step 1620: 64 games active. Completed: 753/1000. Step time: 1926.5ms.
   [Vectorized MCTS] Step 1625: 64 games active. Completed: 755/1000. Step time: 1916.1ms.
   [Vectorized MCTS] Step 1630: 64 games active. Completed: 757/1000. Step time: 1923.5ms.
   [Vectorized MCTS] Step 1635: 64 games active. Completed: 760/1000. Step time: 1914.6ms.
   [Vectorized MCTS] Step 1640: 64 games active. Completed: 763/1000. Step time: 1925.5ms.
   [Vectorized MCTS] Step 1645: 64 games active. Completed: 766/1000. Step time: 1913.8ms.
   [Vectorized MCTS] Step 1650: 64 games active. Completed: 772/1000. Step time: 1923.2ms.
   [Vectorized MCTS] Step 1655: 64 games active. Completed: 775/1000. Step time: 1920.5ms.
   [Vectorized MCTS] Step 1660: 64 games active. Completed: 777/1000. Step time: 1908.5ms.
   [Vectorized MCTS] Step 1665: 64 games active. Completed: 783/1000. Step time: 1929.5ms.
   [Vectorized MCTS] Step 1670: 64 games active. Completed: 784/1000. Step time: 1916.1ms.
   [Vectorized MCTS] Step 1675: 64 games active. Completed: 786/1000. Step time: 1915.5ms.
   [Vectorized MCTS] Step 1680: 64 games active. Completed: 787/1000. Step time: 1912.5ms.
   [Vectorized MCTS] Step 1685: 64 games active. Completed: 788/1000. Step time: 1917.7ms.
   [Vectorized MCTS] Step 1690: 64 games active. Completed: 791/1000. Step time: 1928.7ms.
   [Vectorized MCTS] Step 1695: 64 games active. Completed: 798/1000. Step time: 1945.0ms.
   [Vectorized MCTS] Step 1700: 64 games active. Completed: 800/1000. Step time: 1918.4ms.
   [Vectorized MCTS] Step 1705: 64 games active. Completed: 802/1000. Step time: 1922.0ms.
   [Vectorized MCTS] Step 1710: 64 games active. Completed: 804/1000. Step time: 1910.9ms.
   [Vectorized MCTS] Step 1715: 64 games active. Completed: 805/1000. Step time: 1918.8ms.
   [Vectorized MCTS] Step 1720: 64 games active. Completed: 807/1000. Step time: 1917.0ms.
   [Vectorized MCTS] Step 1725: 64 games active. Completed: 811/1000. Step time: 1921.2ms.
   [Vectorized MCTS] Step 1730: 64 games active. Completed: 815/1000. Step time: 1917.2ms.
   [Vectorized MCTS] Step 1735: 64 games active. Completed: 820/1000. Step time: 1911.6ms.
   [Vectorized MCTS] Step 1740: 64 games active. Completed: 821/1000. Step time: 1915.9ms.
   [Vectorized MCTS] Step 1745: 64 games active. Completed: 824/1000. Step time: 1925.4ms.
   [Vectorized MCTS] Step 1750: 64 games active. Completed: 825/1000. Step time: 1919.6ms.
   [Vectorized MCTS] Step 1755: 64 games active. Completed: 828/1000. Step time: 1909.6ms.
   [Vectorized MCTS] Step 1760: 64 games active. Completed: 830/1000. Step time: 1920.1ms.
   [Vectorized MCTS] Step 1765: 64 games active. Completed: 831/1000. Step time: 1919.6ms.
   [Vectorized MCTS] Step 1770: 64 games active. Completed: 833/1000. Step time: 1917.0ms.
   [Vectorized MCTS] Step 1775: 64 games active. Completed: 835/1000. Step time: 1902.2ms.
   [Vectorized MCTS] Step 1780: 64 games active. Completed: 840/1000. Step time: 1915.9ms.
   [Vectorized MCTS] Step 1785: 64 games active. Completed: 843/1000. Step time: 1905.6ms.
   [Vectorized MCTS] Step 1790: 64 games active. Completed: 843/1000. Step time: 1908.1ms.
   [Vectorized MCTS] Step 1795: 64 games active. Completed: 844/1000. Step time: 1916.1ms.
   [Vectorized MCTS] Step 1800: 64 games active. Completed: 848/1000. Step time: 1916.4ms.
   [Vectorized MCTS] Step 1805: 64 games active. Completed: 849/1000. Step time: 1924.6ms.
   [Vectorized MCTS] Step 1810: 64 games active. Completed: 852/1000. Step time: 1916.1ms.
   [Vectorized MCTS] Step 1815: 64 games active. Completed: 857/1000. Step time: 1912.0ms.
   [Vectorized MCTS] Step 1820: 64 games active. Completed: 860/1000. Step time: 1913.5ms.
   [Vectorized MCTS] Step 1825: 64 games active. Completed: 863/1000. Step time: 1911.0ms.
   [Vectorized MCTS] Step 1830: 64 games active. Completed: 865/1000. Step time: 1923.7ms.
   [Vectorized MCTS] Step 1835: 64 games active. Completed: 868/1000. Step time: 1907.9ms.
   [Vectorized MCTS] Step 1840: 64 games active. Completed: 868/1000. Step time: 1919.1ms.
   [Vectorized MCTS] Step 1845: 64 games active. Completed: 871/1000. Step time: 1913.2ms.
   [Vectorized MCTS] Step 1850: 64 games active. Completed: 872/1000. Step time: 1921.1ms.
   [Vectorized MCTS] Step 1855: 64 games active. Completed: 878/1000. Step time: 1916.7ms.
   [Vectorized MCTS] Step 1860: 64 games active. Completed: 880/1000. Step time: 1920.1ms.
   [Vectorized MCTS] Step 1865: 64 games active. Completed: 882/1000. Step time: 1918.5ms.
   [Vectorized MCTS] Step 1870: 64 games active. Completed: 885/1000. Step time: 1912.5ms.
   [Vectorized MCTS] Step 1875: 64 games active. Completed: 887/1000. Step time: 1924.0ms.
   [Vectorized MCTS] Step 1880: 64 games active. Completed: 889/1000. Step time: 1927.3ms.
   [Vectorized MCTS] Step 1885: 64 games active. Completed: 891/1000. Step time: 1947.8ms.
   [Vectorized MCTS] Step 1890: 64 games active. Completed: 895/1000. Step time: 1911.9ms.
   [Vectorized MCTS] Step 1895: 64 games active. Completed: 898/1000. Step time: 1908.5ms.
   [Vectorized MCTS] Step 1900: 64 games active. Completed: 900/1000. Step time: 1921.0ms.
   [Vectorized MCTS] Step 1905: 64 games active. Completed: 901/1000. Step time: 1918.2ms.
   [Vectorized MCTS] Step 1910: 64 games active. Completed: 905/1000. Step time: 1913.9ms.
   [Vectorized MCTS] Step 1915: 64 games active. Completed: 908/1000. Step time: 1915.4ms.
   [Vectorized MCTS] Step 1920: 64 games active. Completed: 911/1000. Step time: 1922.5ms.
   [Vectorized MCTS] Step 1925: 64 games active. Completed: 912/1000. Step time: 1915.9ms.
   [Vectorized MCTS] Step 1930: 64 games active. Completed: 913/1000. Step time: 1912.0ms.
   [Vectorized MCTS] Step 1935: 64 games active. Completed: 914/1000. Step time: 1915.9ms.
   [Vectorized MCTS] Step 1940: 64 games active. Completed: 918/1000. Step time: 1913.5ms.
   [Vectorized MCTS] Step 1945: 64 games active. Completed: 923/1000. Step time: 1914.8ms.
   [Vectorized MCTS] Step 1950: 64 games active. Completed: 923/1000. Step time: 1916.3ms.
   [Vectorized MCTS] Step 1955: 64 games active. Completed: 928/1000. Step time: 1918.3ms.
   [Vectorized MCTS] Step 1960: 64 games active. Completed: 935/1000. Step time: 1928.7ms.
   [Vectorized MCTS] Step 1965: 63 games active. Completed: 937/1000. Step time: 2004.2ms.
   [Vectorized MCTS] Step 1970: 61 games active. Completed: 939/1000. Step time: 2007.5ms.
   [Vectorized MCTS] Step 1975: 58 games active. Completed: 942/1000. Step time: 1899.6ms.
   [Vectorized MCTS] Step 1980: 57 games active. Completed: 943/1000. Step time: 1890.8ms.
   [Vectorized MCTS] Step 1985: 54 games active. Completed: 946/1000. Step time: 1845.7ms.
   [Vectorized MCTS] Step 1990: 53 games active. Completed: 947/1000. Step time: 1773.7ms.
   [Vectorized MCTS] Step 1995: 52 games active. Completed: 948/1000. Step time: 1717.2ms.
   [Vectorized MCTS] Step 2000: 52 games active. Completed: 948/1000. Step time: 1724.3ms.
   [Vectorized MCTS] Step 2005: 52 games active. Completed: 948/1000. Step time: 1707.1ms.
   [Vectorized MCTS] Step 2010: 50 games active. Completed: 950/1000. Step time: 1418.3ms.
   [Vectorized MCTS] Step 2015: 50 games active. Completed: 950/1000. Step time: 1408.7ms.
   [Vectorized MCTS] Step 2020: 43 games active. Completed: 957/1000. Step time: 1264.4ms.
   [Vectorized MCTS] Step 2025: 42 games active. Completed: 958/1000. Step time: 1202.3ms.
   [Vectorized MCTS] Step 2030: 41 games active. Completed: 959/1000. Step time: 1184.2ms.
   [Vectorized MCTS] Step 2035: 37 games active. Completed: 963/1000. Step time: 1080.7ms.
   [Vectorized MCTS] Step 2040: 34 games active. Completed: 966/1000. Step time: 1021.1ms.
   [Vectorized MCTS] Step 2045: 32 games active. Completed: 968/1000. Step time: 994.7ms.
   [Vectorized MCTS] Step 2050: 28 games active. Completed: 972/1000. Step time: 919.9ms.
   [Vectorized MCTS] Step 2055: 25 games active. Completed: 975/1000. Step time: 788.3ms.
   [Vectorized MCTS] Step 2060: 20 games active. Completed: 980/1000. Step time: 692.6ms.
   [Vectorized MCTS] Step 2065: 20 games active. Completed: 980/1000. Step time: 674.0ms.
   [Vectorized MCTS] Step 2070: 18 games active. Completed: 982/1000. Step time: 589.4ms.
   [Vectorized MCTS] Step 2075: 17 games active. Completed: 983/1000. Step time: 559.3ms.
   [Vectorized MCTS] Step 2080: 14 games active. Completed: 986/1000. Step time: 558.8ms.
   [Vectorized MCTS] Step 2085: 14 games active. Completed: 986/1000. Step time: 539.8ms.
   [Vectorized MCTS] Step 2090: 13 games active. Completed: 987/1000. Step time: 495.8ms.
   [Vectorized MCTS] Step 2095: 12 games active. Completed: 988/1000. Step time: 472.3ms.
   [Vectorized MCTS] Step 2100: 11 games active. Completed: 989/1000. Step time: 508.1ms.
   [Vectorized MCTS] Step 2105: 07 games active. Completed: 993/1000. Step time: 427.6ms.
   [Vectorized MCTS] Step 2110: 06 games active. Completed: 994/1000. Step time: 374.4ms.
   [Vectorized MCTS] Step 2115: 05 games active. Completed: 995/1000. Step time: 361.9ms.
   [Vectorized MCTS] Step 2120: 02 games active. Completed: 998/1000. Step time: 308.4ms.
   [Vectorized MCTS] Step 2124: 00 games active. Completed: 1000/1000. Step time: 253.6ms.

Collection completed in 3932.7 seconds (3.933s/game average).
