Starting self-play collection using /Users/nilbot/playground/autogo-mlx/experiments/001_train_from_scratch/checkpoints/iter10.safetensors
--> Progressive sims enabled. Iteration 10 -> 64 simulations.
Config: num-games=1000, simulations=64, workers=8
--> Starting pool-swapping selfplay for all 1000 games with max_active_games=64...
   [Vectorized MCTS] Step 001: 64 games active. Completed: 0/1000. Step time: 3854.0ms.
   [Vectorized MCTS] Step 005: 64 games active. Completed: 0/1000. Step time: 3893.1ms.
   [Vectorized MCTS] Step 010: 64 games active. Completed: 0/1000. Step time: 3902.1ms.
   [Vectorized MCTS] Step 015: 64 games active. Completed: 0/1000. Step time: 3898.3ms.
   [Vectorized MCTS] Step 020: 64 games active. Completed: 0/1000. Step time: 3891.2ms.
   [Vectorized MCTS] Step 025: 64 games active. Completed: 0/1000. Step time: 3899.6ms.
   [Vectorized MCTS] Step 030: 64 games active. Completed: 0/1000. Step time: 3905.5ms.
   [Vectorized MCTS] Step 035: 64 games active. Completed: 0/1000. Step time: 3900.6ms.
   [Vectorized MCTS] Step 040: 64 games active. Completed: 0/1000. Step time: 3885.6ms.
   [Vectorized MCTS] Step 045: 64 games active. Completed: 0/1000. Step time: 3910.1ms.
   [Vectorized MCTS] Step 050: 64 games active. Completed: 0/1000. Step time: 3900.6ms.
   [Vectorized MCTS] Step 055: 64 games active. Completed: 0/1000. Step time: 3878.5ms.
   [Vectorized MCTS] Step 060: 64 games active. Completed: 0/1000. Step time: 3899.3ms.
   [Vectorized MCTS] Step 065: 64 games active. Completed: 0/1000. Step time: 3905.2ms.
   [Vectorized MCTS] Step 070: 64 games active. Completed: 0/1000. Step time: 3894.7ms.
   [Vectorized MCTS] Step 075: 64 games active. Completed: 0/1000. Step time: 3901.7ms.
   [Vectorized MCTS] Step 080: 64 games active. Completed: 0/1000. Step time: 3909.9ms.
   [Vectorized MCTS] Step 085: 64 games active. Completed: 1/1000. Step time: 3907.9ms.
   [Vectorized MCTS] Step 090: 64 games active. Completed: 1/1000. Step time: 3896.2ms.
   [Vectorized MCTS] Step 095: 64 games active. Completed: 2/1000. Step time: 3910.8ms.
   [Vectorized MCTS] Step 100: 64 games active. Completed: 3/1000. Step time: 3896.1ms.
   [Vectorized MCTS] Step 105: 64 games active. Completed: 4/1000. Step time: 3903.6ms.
   [Vectorized MCTS] Step 110: 64 games active. Completed: 4/1000. Step time: 3905.5ms.
   [Vectorized MCTS] Step 115: 64 games active. Completed: 4/1000. Step time: 3894.8ms.
   [Vectorized MCTS] Step 120: 64 games active. Completed: 5/1000. Step time: 3888.7ms.
   [Vectorized MCTS] Step 125: 64 games active. Completed: 6/1000. Step time: 3891.0ms.
   [Vectorized MCTS] Step 130: 64 games active. Completed: 7/1000. Step time: 3894.0ms.
   [Vectorized MCTS] Step 135: 64 games active. Completed: 7/1000. Step time: 3888.2ms.
   [Vectorized MCTS] Step 140: 64 games active. Completed: 8/1000. Step time: 3871.0ms.
   [Vectorized MCTS] Step 145: 64 games active. Completed: 8/1000. Step time: 3843.3ms.
   [Vectorized MCTS] Step 150: 64 games active. Completed: 8/1000. Step time: 3860.0ms.
   [Vectorized MCTS] Step 155: 64 games active. Completed: 8/1000. Step time: 3832.6ms.
   [Vectorized MCTS] Step 160: 64 games active. Completed: 13/1000. Step time: 3767.5ms.
   [Vectorized MCTS] Step 165: 64 games active. Completed: 64/1000. Step time: 3879.2ms.
   [Vectorized MCTS] Step 170: 64 games active. Completed: 64/1000. Step time: 3878.8ms.
   [Vectorized MCTS] Step 175: 64 games active. Completed: 64/1000. Step time: 3896.5ms.
   [Vectorized MCTS] Step 180: 64 games active. Completed: 64/1000. Step time: 3903.1ms.
   [Vectorized MCTS] Step 185: 64 games active. Completed: 64/1000. Step time: 3892.7ms.
   [Vectorized MCTS] Step 190: 64 games active. Completed: 64/1000. Step time: 3892.3ms.
   [Vectorized MCTS] Step 195: 64 games active. Completed: 64/1000. Step time: 3905.1ms.
   [Vectorized MCTS] Step 200: 64 games active. Completed: 64/1000. Step time: 3886.9ms.
   [Vectorized MCTS] Step 205: 64 games active. Completed: 64/1000. Step time: 3895.4ms.
   [Vectorized MCTS] Step 210: 64 games active. Completed: 64/1000. Step time: 3862.3ms.
   [Vectorized MCTS] Step 215: 64 games active. Completed: 65/1000. Step time: 3886.1ms.
   [Vectorized MCTS] Step 220: 64 games active. Completed: 65/1000. Step time: 3873.5ms.
   [Vectorized MCTS] Step 225: 64 games active. Completed: 65/1000. Step time: 3887.7ms.
   [Vectorized MCTS] Step 230: 64 games active. Completed: 65/1000. Step time: 3875.3ms.
   [Vectorized MCTS] Step 235: 64 games active. Completed: 65/1000. Step time: 3896.9ms.
   [Vectorized MCTS] Step 240: 64 games active. Completed: 66/1000. Step time: 3898.4ms.
   [Vectorized MCTS] Step 245: 64 games active. Completed: 67/1000. Step time: 3911.3ms.
   [Vectorized MCTS] Step 250: 64 games active. Completed: 67/1000. Step time: 3898.8ms.
   [Vectorized MCTS] Step 255: 64 games active. Completed: 68/1000. Step time: 3899.4ms.
   [Vectorized MCTS] Step 260: 64 games active. Completed: 69/1000. Step time: 3890.7ms.
   [Vectorized MCTS] Step 265: 64 games active. Completed: 69/1000. Step time: 3878.2ms.
   [Vectorized MCTS] Step 270: 64 games active. Completed: 69/1000. Step time: 3881.8ms.
   [Vectorized MCTS] Step 275: 64 games active. Completed: 69/1000. Step time: 3888.1ms.
   [Vectorized MCTS] Step 280: 64 games active. Completed: 72/1000. Step time: 3869.6ms.
   [Vectorized MCTS] Step 285: 64 games active. Completed: 72/1000. Step time: 3883.1ms.
   [Vectorized MCTS] Step 290: 64 games active. Completed: 74/1000. Step time: 3874.0ms.
   [Vectorized MCTS] Step 295: 64 games active. Completed: 75/1000. Step time: 3881.0ms.
   [Vectorized MCTS] Step 300: 64 games active. Completed: 76/1000. Step time: 3839.3ms.
   [Vectorized MCTS] Step 305: 64 games active. Completed: 76/1000. Step time: 3858.7ms.
   [Vectorized MCTS] Step 310: 64 games active. Completed: 76/1000. Step time: 3857.9ms.
   [Vectorized MCTS] Step 315: 64 games active. Completed: 76/1000. Step time: 3840.5ms.
   [Vectorized MCTS] Step 320: 64 games active. Completed: 79/1000. Step time: 3843.1ms.
   [Vectorized MCTS] Step 325: 64 games active. Completed: 128/1000. Step time: 3899.5ms.
   [Vectorized MCTS] Step 330: 64 games active. Completed: 128/1000. Step time: 3885.7ms.
   [Vectorized MCTS] Step 335: 64 games active. Completed: 128/1000. Step time: 3875.2ms.
   [Vectorized MCTS] Step 340: 64 games active. Completed: 128/1000. Step time: 3895.7ms.
   [Vectorized MCTS] Step 345: 64 games active. Completed: 128/1000. Step time: 3903.3ms.
   [Vectorized MCTS] Step 350: 64 games active. Completed: 128/1000. Step time: 3922.5ms.
   [Vectorized MCTS] Step 355: 64 games active. Completed: 128/1000. Step time: 3910.3ms.
   [Vectorized MCTS] Step 360: 64 games active. Completed: 128/1000. Step time: 3898.5ms.
   [Vectorized MCTS] Step 365: 64 games active. Completed: 128/1000. Step time: 3913.9ms.
   [Vectorized MCTS] Step 370: 64 games active. Completed: 128/1000. Step time: 3930.2ms.
   [Vectorized MCTS] Step 375: 64 games active. Completed: 129/1000. Step time: 3919.1ms.
   [Vectorized MCTS] Step 380: 64 games active. Completed: 129/1000. Step time: 3917.2ms.
   [Vectorized MCTS] Step 385: 64 games active. Completed: 129/1000. Step time: 3910.1ms.
   [Vectorized MCTS] Step 390: 64 games active. Completed: 129/1000. Step time: 3953.6ms.
   [Vectorized MCTS] Step 395: 64 games active. Completed: 129/1000. Step time: 3922.3ms.
   [Vectorized MCTS] Step 400: 64 games active. Completed: 129/1000. Step time: 3897.3ms.
   [Vectorized MCTS] Step 405: 64 games active. Completed: 130/1000. Step time: 3937.4ms.
   [Vectorized MCTS] Step 410: 64 games active. Completed: 131/1000. Step time: 3925.1ms.
   [Vectorized MCTS] Step 415: 64 games active. Completed: 131/1000. Step time: 3926.5ms.
   [Vectorized MCTS] Step 420: 64 games active. Completed: 133/1000. Step time: 3920.6ms.
   [Vectorized MCTS] Step 425: 64 games active. Completed: 134/1000. Step time: 3919.6ms.
   [Vectorized MCTS] Step 430: 64 games active. Completed: 134/1000. Step time: 3890.7ms.
   [Vectorized MCTS] Step 435: 64 games active. Completed: 134/1000. Step time: 3848.5ms.
   [Vectorized MCTS] Step 440: 64 games active. Completed: 136/1000. Step time: 3923.5ms.
   [Vectorized MCTS] Step 445: 64 games active. Completed: 138/1000. Step time: 3917.3ms.
   [Vectorized MCTS] Step 450: 64 games active. Completed: 141/1000. Step time: 3961.7ms.
   [Vectorized MCTS] Step 455: 64 games active. Completed: 144/1000. Step time: 3894.3ms.
   [Vectorized MCTS] Step 460: 64 games active. Completed: 146/1000. Step time: 3885.1ms.
   [Vectorized MCTS] Step 465: 64 games active. Completed: 147/1000. Step time: 3872.5ms.
   [Vectorized MCTS] Step 470: 64 games active. Completed: 147/1000. Step time: 3864.7ms.
   [Vectorized MCTS] Step 475: 64 games active. Completed: 147/1000. Step time: 3871.8ms.
   [Vectorized MCTS] Step 480: 64 games active. Completed: 147/1000. Step time: 3846.8ms.
   [Vectorized MCTS] Step 485: 64 games active. Completed: 167/1000. Step time: 3851.7ms.
   [Vectorized MCTS] Step 490: 64 games active. Completed: 192/1000. Step time: 3887.9ms.
   [Vectorized MCTS] Step 495: 64 games active. Completed: 192/1000. Step time: 3894.5ms.
   [Vectorized MCTS] Step 500: 64 games active. Completed: 192/1000. Step time: 3899.5ms.
   [Vectorized MCTS] Step 505: 64 games active. Completed: 192/1000. Step time: 3886.1ms.
   [Vectorized MCTS] Step 510: 64 games active. Completed: 192/1000. Step time: 3890.6ms.
   [Vectorized MCTS] Step 515: 64 games active. Completed: 192/1000. Step time: 3898.3ms.
   [Vectorized MCTS] Step 520: 64 games active. Completed: 192/1000. Step time: 3884.9ms.
   [Vectorized MCTS] Step 525: 64 games active. Completed: 192/1000. Step time: 3893.6ms.
   [Vectorized MCTS] Step 530: 64 games active. Completed: 192/1000. Step time: 3900.4ms.
   [Vectorized MCTS] Step 535: 64 games active. Completed: 192/1000. Step time: 3893.7ms.
   [Vectorized MCTS] Step 540: 64 games active. Completed: 193/1000. Step time: 3899.2ms.
   [Vectorized MCTS] Step 545: 64 games active. Completed: 193/1000. Step time: 3906.9ms.
   [Vectorized MCTS] Step 550: 64 games active. Completed: 193/1000. Step time: 3895.6ms.
   [Vectorized MCTS] Step 555: 64 games active. Completed: 193/1000. Step time: 3909.0ms.
   [Vectorized MCTS] Step 560: 64 games active. Completed: 194/1000. Step time: 3891.5ms.
   [Vectorized MCTS] Step 565: 64 games active. Completed: 195/1000. Step time: 3927.4ms.
   [Vectorized MCTS] Step 570: 64 games active. Completed: 196/1000. Step time: 3895.3ms.
   [Vectorized MCTS] Step 575: 64 games active. Completed: 196/1000. Step time: 3886.3ms.
   [Vectorized MCTS] Step 580: 64 games active. Completed: 198/1000. Step time: 3863.2ms.
   [Vectorized MCTS] Step 585: 64 games active. Completed: 199/1000. Step time: 3888.1ms.
   [Vectorized MCTS] Step 590: 64 games active. Completed: 199/1000. Step time: 3869.5ms.
   [Vectorized MCTS] Step 595: 64 games active. Completed: 201/1000. Step time: 3892.1ms.
   [Vectorized MCTS] Step 600: 64 games active. Completed: 201/1000. Step time: 3887.5ms.
   [Vectorized MCTS] Step 605: 64 games active. Completed: 204/1000. Step time: 3869.4ms.
   [Vectorized MCTS] Step 610: 64 games active. Completed: 208/1000. Step time: 3900.8ms.
   [Vectorized MCTS] Step 615: 64 games active. Completed: 209/1000. Step time: 3887.5ms.
   [Vectorized MCTS] Step 620: 64 games active. Completed: 213/1000. Step time: 3880.5ms.
   [Vectorized MCTS] Step 625: 64 games active. Completed: 215/1000. Step time: 3883.8ms.
   [Vectorized MCTS] Step 630: 64 games active. Completed: 215/1000. Step time: 3890.8ms.
   [Vectorized MCTS] Step 635: 64 games active. Completed: 215/1000. Step time: 3907.6ms.
   [Vectorized MCTS] Step 640: 64 games active. Completed: 216/1000. Step time: 3894.3ms.
   [Vectorized MCTS] Step 645: 64 games active. Completed: 223/1000. Step time: 3884.9ms.
   [Vectorized MCTS] Step 650: 64 games active. Completed: 256/1000. Step time: 3956.3ms.
   [Vectorized MCTS] Step 655: 64 games active. Completed: 256/1000. Step time: 3973.1ms.
   [Vectorized MCTS] Step 660: 64 games active. Completed: 256/1000. Step time: 3878.0ms.
   [Vectorized MCTS] Step 665: 64 games active. Completed: 256/1000. Step time: 3983.7ms.
   [Vectorized MCTS] Step 670: 64 games active. Completed: 256/1000. Step time: 3971.7ms.
   [Vectorized MCTS] Step 675: 64 games active. Completed: 256/1000. Step time: 3964.0ms.
   [Vectorized MCTS] Step 680: 64 games active. Completed: 256/1000. Step time: 3959.2ms.
   [Vectorized MCTS] Step 685: 64 games active. Completed: 256/1000. Step time: 3923.5ms.
   [Vectorized MCTS] Step 690: 64 games active. Completed: 256/1000. Step time: 3927.6ms.
   [Vectorized MCTS] Step 695: 64 games active. Completed: 256/1000. Step time: 3994.9ms.
   [Vectorized MCTS] Step 700: 64 games active. Completed: 257/1000. Step time: 3925.0ms.
   [Vectorized MCTS] Step 705: 64 games active. Completed: 257/1000. Step time: 3973.0ms.
   [Vectorized MCTS] Step 710: 64 games active. Completed: 257/1000. Step time: 3934.9ms.
   [Vectorized MCTS] Step 715: 64 games active. Completed: 257/1000. Step time: 3948.6ms.
   [Vectorized MCTS] Step 720: 64 games active. Completed: 258/1000. Step time: 3943.7ms.
   [Vectorized MCTS] Step 725: 64 games active. Completed: 259/1000. Step time: 3939.7ms.
   [Vectorized MCTS] Step 730: 64 games active. Completed: 261/1000. Step time: 3884.5ms.
   [Vectorized MCTS] Step 735: 64 games active. Completed: 261/1000. Step time: 3916.1ms.
   [Vectorized MCTS] Step 740: 64 games active. Completed: 262/1000. Step time: 3902.5ms.
   [Vectorized MCTS] Step 745: 64 games active. Completed: 264/1000. Step time: 3915.9ms.
   [Vectorized MCTS] Step 750: 64 games active. Completed: 265/1000. Step time: 3885.7ms.
   [Vectorized MCTS] Step 755: 64 games active. Completed: 266/1000. Step time: 3887.9ms.
   [Vectorized MCTS] Step 760: 64 games active. Completed: 267/1000. Step time: 3936.1ms.
   [Vectorized MCTS] Step 765: 64 games active. Completed: 270/1000. Step time: 3895.3ms.
   [Vectorized MCTS] Step 770: 64 games active. Completed: 274/1000. Step time: 3904.6ms.
   [Vectorized MCTS] Step 775: 64 games active. Completed: 277/1000. Step time: 3895.8ms.
   [Vectorized MCTS] Step 780: 64 games active. Completed: 281/1000. Step time: 3881.5ms.
   [Vectorized MCTS] Step 785: 64 games active. Completed: 282/1000. Step time: 3876.3ms.
   [Vectorized MCTS] Step 790: 64 games active. Completed: 283/1000. Step time: 3878.1ms.
   [Vectorized MCTS] Step 795: 64 games active. Completed: 283/1000. Step time: 3834.6ms.
   [Vectorized MCTS] Step 800: 64 games active. Completed: 283/1000. Step time: 3870.4ms.
   [Vectorized MCTS] Step 805: 64 games active. Completed: 288/1000. Step time: 3859.9ms.
   [Vectorized MCTS] Step 810: 64 games active. Completed: 320/1000. Step time: 3878.9ms.
   [Vectorized MCTS] Step 815: 64 games active. Completed: 320/1000. Step time: 3888.4ms.
   [Vectorized MCTS] Step 820: 64 games active. Completed: 320/1000. Step time: 3899.6ms.
   [Vectorized MCTS] Step 825: 64 games active. Completed: 320/1000. Step time: 3896.4ms.
   [Vectorized MCTS] Step 830: 64 games active. Completed: 320/1000. Step time: 3890.4ms.
   [Vectorized MCTS] Step 835: 64 games active. Completed: 320/1000. Step time: 3894.1ms.
   [Vectorized MCTS] Step 840: 64 games active. Completed: 321/1000. Step time: 3883.3ms.
   [Vectorized MCTS] Step 845: 64 games active. Completed: 321/1000. Step time: 3904.5ms.
   [Vectorized MCTS] Step 850: 64 games active. Completed: 321/1000. Step time: 3904.5ms.
   [Vectorized MCTS] Step 855: 64 games active. Completed: 321/1000. Step time: 3899.6ms.
   [Vectorized MCTS] Step 860: 64 games active. Completed: 321/1000. Step time: 3915.1ms.
   [Vectorized MCTS] Step 865: 64 games active. Completed: 322/1000. Step time: 3894.4ms.
   [Vectorized MCTS] Step 870: 64 games active. Completed: 322/1000. Step time: 3899.1ms.
   [Vectorized MCTS] Step 875: 64 games active. Completed: 322/1000. Step time: 3903.1ms.
   [Vectorized MCTS] Step 880: 64 games active. Completed: 323/1000. Step time: 3904.7ms.
   [Vectorized MCTS] Step 885: 64 games active. Completed: 323/1000. Step time: 3882.2ms.
   [Vectorized MCTS] Step 890: 64 games active. Completed: 326/1000. Step time: 3887.0ms.
   [Vectorized MCTS] Step 895: 64 games active. Completed: 326/1000. Step time: 3897.9ms.
   [Vectorized MCTS] Step 900: 64 games active. Completed: 327/1000. Step time: 3897.6ms.
   [Vectorized MCTS] Step 905: 64 games active. Completed: 331/1000. Step time: 3891.8ms.
   [Vectorized MCTS] Step 910: 64 games active. Completed: 332/1000. Step time: 3884.0ms.
   [Vectorized MCTS] Step 915: 64 games active. Completed: 333/1000. Step time: 3872.5ms.
   [Vectorized MCTS] Step 920: 64 games active. Completed: 336/1000. Step time: 3875.4ms.
   [Vectorized MCTS] Step 925: 64 games active. Completed: 337/1000. Step time: 3863.8ms.
   [Vectorized MCTS] Step 930: 64 games active. Completed: 342/1000. Step time: 3903.9ms.
   [Vectorized MCTS] Step 935: 64 games active. Completed: 346/1000. Step time: 3899.8ms.
   [Vectorized MCTS] Step 940: 64 games active. Completed: 349/1000. Step time: 3900.0ms.
   [Vectorized MCTS] Step 945: 64 games active. Completed: 351/1000. Step time: 3879.1ms.
   [Vectorized MCTS] Step 950: 64 games active. Completed: 352/1000. Step time: 3878.3ms.
   [Vectorized MCTS] Step 955: 64 games active. Completed: 352/1000. Step time: 3876.9ms.
   [Vectorized MCTS] Step 960: 64 games active. Completed: 352/1000. Step time: 3861.4ms.
   [Vectorized MCTS] Step 965: 64 games active. Completed: 354/1000. Step time: 3856.7ms.
   [Vectorized MCTS] Step 970: 64 games active. Completed: 372/1000. Step time: 3869.6ms.
   [Vectorized MCTS] Step 975: 64 games active. Completed: 384/1000. Step time: 3872.7ms.
   [Vectorized MCTS] Step 980: 64 games active. Completed: 385/1000. Step time: 3869.9ms.
   [Vectorized MCTS] Step 985: 64 games active. Completed: 385/1000. Step time: 3910.4ms.
   [Vectorized MCTS] Step 990: 64 games active. Completed: 385/1000. Step time: 3901.2ms.
   [Vectorized MCTS] Step 995: 64 games active. Completed: 386/1000. Step time: 3888.0ms.
   [Vectorized MCTS] Step 1000: 64 games active. Completed: 386/1000. Step time: 3895.7ms.
   [Vectorized MCTS] Step 1005: 64 games active. Completed: 387/1000. Step time: 3884.0ms.
   [Vectorized MCTS] Step 1010: 64 games active. Completed: 387/1000. Step time: 3895.1ms.
   [Vectorized MCTS] Step 1015: 64 games active. Completed: 387/1000. Step time: 3912.2ms.
   [Vectorized MCTS] Step 1020: 64 games active. Completed: 387/1000. Step time: 3887.2ms.
   [Vectorized MCTS] Step 1025: 64 games active. Completed: 387/1000. Step time: 3878.1ms.
   [Vectorized MCTS] Step 1030: 64 games active. Completed: 387/1000. Step time: 3890.3ms.
   [Vectorized MCTS] Step 1035: 64 games active. Completed: 387/1000. Step time: 3899.7ms.
   [Vectorized MCTS] Step 1040: 64 games active. Completed: 387/1000. Step time: 3902.0ms.
   [Vectorized MCTS] Step 1045: 64 games active. Completed: 388/1000. Step time: 3890.4ms.
   [Vectorized MCTS] Step 1050: 64 games active. Completed: 391/1000. Step time: 3904.8ms.
   [Vectorized MCTS] Step 1055: 64 games active. Completed: 391/1000. Step time: 3889.1ms.
   [Vectorized MCTS] Step 1060: 64 games active. Completed: 392/1000. Step time: 3894.0ms.
   [Vectorized MCTS] Step 1065: 64 games active. Completed: 394/1000. Step time: 3909.9ms.
   [Vectorized MCTS] Step 1070: 64 games active. Completed: 397/1000. Step time: 3871.2ms.
   [Vectorized MCTS] Step 1075: 64 games active. Completed: 397/1000. Step time: 3884.3ms.
   [Vectorized MCTS] Step 1080: 64 games active. Completed: 399/1000. Step time: 3871.7ms.
   [Vectorized MCTS] Step 1085: 64 games active. Completed: 401/1000. Step time: 3890.0ms.
   [Vectorized MCTS] Step 1090: 64 games active. Completed: 405/1000. Step time: 3878.5ms.
   [Vectorized MCTS] Step 1095: 64 games active. Completed: 409/1000. Step time: 3873.4ms.
   [Vectorized MCTS] Step 1100: 64 games active. Completed: 413/1000. Step time: 3889.9ms.
   [Vectorized MCTS] Step 1105: 64 games active. Completed: 416/1000. Step time: 3882.7ms.
   [Vectorized MCTS] Step 1110: 64 games active. Completed: 417/1000. Step time: 3885.8ms.
   [Vectorized MCTS] Step 1115: 64 games active. Completed: 418/1000. Step time: 3875.5ms.
   [Vectorized MCTS] Step 1120: 64 games active. Completed: 419/1000. Step time: 3879.1ms.
   [Vectorized MCTS] Step 1125: 64 games active. Completed: 421/1000. Step time: 3858.1ms.
   [Vectorized MCTS] Step 1130: 64 games active. Completed: 430/1000. Step time: 3877.9ms.
   [Vectorized MCTS] Step 1135: 64 games active. Completed: 448/1000. Step time: 3860.6ms.
   [Vectorized MCTS] Step 1140: 64 games active. Completed: 449/1000. Step time: 3895.5ms.
   [Vectorized MCTS] Step 1145: 64 games active. Completed: 449/1000. Step time: 3874.7ms.
   [Vectorized MCTS] Step 1150: 64 games active. Completed: 449/1000. Step time: 3904.6ms.
   [Vectorized MCTS] Step 1155: 64 games active. Completed: 450/1000. Step time: 3902.3ms.
   [Vectorized MCTS] Step 1160: 64 games active. Completed: 450/1000. Step time: 3910.2ms.
   [Vectorized MCTS] Step 1165: 64 games active. Completed: 451/1000. Step time: 3907.7ms.
   [Vectorized MCTS] Step 1170: 64 games active. Completed: 451/1000. Step time: 3900.1ms.
   [Vectorized MCTS] Step 1175: 64 games active. Completed: 451/1000. Step time: 3906.9ms.
   [Vectorized MCTS] Step 1180: 64 games active. Completed: 451/1000. Step time: 3891.2ms.
   [Vectorized MCTS] Step 1185: 64 games active. Completed: 451/1000. Step time: 3893.9ms.
   [Vectorized MCTS] Step 1190: 64 games active. Completed: 451/1000. Step time: 3902.2ms.
   [Vectorized MCTS] Step 1195: 64 games active. Completed: 451/1000. Step time: 3892.8ms.
   [Vectorized MCTS] Step 1200: 64 games active. Completed: 451/1000. Step time: 3898.8ms.
   [Vectorized MCTS] Step 1205: 64 games active. Completed: 452/1000. Step time: 3911.5ms.
   [Vectorized MCTS] Step 1210: 64 games active. Completed: 454/1000. Step time: 3887.5ms.
   [Vectorized MCTS] Step 1215: 64 games active. Completed: 456/1000. Step time: 3901.7ms.
   [Vectorized MCTS] Step 1220: 64 games active. Completed: 457/1000. Step time: 3899.8ms.
   [Vectorized MCTS] Step 1225: 64 games active. Completed: 457/1000. Step time: 3903.7ms.
   [Vectorized MCTS] Step 1230: 64 games active. Completed: 461/1000. Step time: 3930.7ms.
   [Vectorized MCTS] Step 1235: 64 games active. Completed: 461/1000. Step time: 3880.7ms.
   [Vectorized MCTS] Step 1240: 64 games active. Completed: 462/1000. Step time: 3909.6ms.
   [Vectorized MCTS] Step 1245: 64 games active. Completed: 465/1000. Step time: 3892.1ms.
   [Vectorized MCTS] Step 1250: 64 games active. Completed: 468/1000. Step time: 3880.6ms.
   [Vectorized MCTS] Step 1255: 64 games active. Completed: 470/1000. Step time: 3878.7ms.
   [Vectorized MCTS] Step 1260: 64 games active. Completed: 475/1000. Step time: 3897.2ms.
   [Vectorized MCTS] Step 1265: 64 games active. Completed: 479/1000. Step time: 3897.2ms.
   [Vectorized MCTS] Step 1270: 64 games active. Completed: 481/1000. Step time: 3894.0ms.
   [Vectorized MCTS] Step 1275: 64 games active. Completed: 482/1000. Step time: 3878.1ms.
   [Vectorized MCTS] Step 1280: 64 games active. Completed: 483/1000. Step time: 3882.0ms.
   [Vectorized MCTS] Step 1285: 64 games active. Completed: 484/1000. Step time: 3856.7ms.
   [Vectorized MCTS] Step 1290: 64 games active. Completed: 489/1000. Step time: 3872.8ms.
   [Vectorized MCTS] Step 1295: 64 games active. Completed: 507/1000. Step time: 3889.4ms.
   [Vectorized MCTS] Step 1300: 64 games active. Completed: 512/1000. Step time: 3896.1ms.
   [Vectorized MCTS] Step 1305: 64 games active. Completed: 513/1000. Step time: 3892.1ms.
   [Vectorized MCTS] Step 1310: 64 games active. Completed: 513/1000. Step time: 3895.6ms.
   [Vectorized MCTS] Step 1315: 64 games active. Completed: 513/1000. Step time: 3893.0ms.
   [Vectorized MCTS] Step 1320: 64 games active. Completed: 514/1000. Step time: 3869.2ms.
   [Vectorized MCTS] Step 1325: 64 games active. Completed: 515/1000. Step time: 3894.3ms.
   [Vectorized MCTS] Step 1330: 64 games active. Completed: 515/1000. Step time: 3887.5ms.
   [Vectorized MCTS] Step 1335: 64 games active. Completed: 515/1000. Step time: 3888.8ms.
   [Vectorized MCTS] Step 1340: 64 games active. Completed: 516/1000. Step time: 3906.2ms.
   [Vectorized MCTS] Step 1345: 64 games active. Completed: 516/1000. Step time: 3900.5ms.
   [Vectorized MCTS] Step 1350: 64 games active. Completed: 516/1000. Step time: 3889.8ms.
   [Vectorized MCTS] Step 1355: 64 games active. Completed: 517/1000. Step time: 3880.3ms.
   [Vectorized MCTS] Step 1360: 64 games active. Completed: 517/1000. Step time: 3888.5ms.
   [Vectorized MCTS] Step 1365: 64 games active. Completed: 518/1000. Step time: 3880.6ms.
   [Vectorized MCTS] Step 1370: 64 games active. Completed: 520/1000. Step time: 3880.1ms.
   [Vectorized MCTS] Step 1375: 64 games active. Completed: 523/1000. Step time: 3887.9ms.
   [Vectorized MCTS] Step 1380: 64 games active. Completed: 523/1000. Step time: 3881.3ms.
   [Vectorized MCTS] Step 1385: 64 games active. Completed: 523/1000. Step time: 3881.9ms.
   [Vectorized MCTS] Step 1390: 64 games active. Completed: 526/1000. Step time: 3879.5ms.
   [Vectorized MCTS] Step 1395: 64 games active. Completed: 526/1000. Step time: 3878.7ms.
   [Vectorized MCTS] Step 1400: 64 games active. Completed: 526/1000. Step time: 3877.6ms.
   [Vectorized MCTS] Step 1405: 64 games active. Completed: 529/1000. Step time: 3884.5ms.
   [Vectorized MCTS] Step 1410: 64 games active. Completed: 531/1000. Step time: 3886.8ms.
   [Vectorized MCTS] Step 1415: 64 games active. Completed: 533/1000. Step time: 3881.5ms.
   [Vectorized MCTS] Step 1420: 64 games active. Completed: 538/1000. Step time: 3883.3ms.
   [Vectorized MCTS] Step 1425: 64 games active. Completed: 544/1000. Step time: 3895.4ms.
   [Vectorized MCTS] Step 1430: 64 games active. Completed: 547/1000. Step time: 3889.3ms.
   [Vectorized MCTS] Step 1435: 64 games active. Completed: 548/1000. Step time: 3905.2ms.
   [Vectorized MCTS] Step 1440: 64 games active. Completed: 549/1000. Step time: 3880.5ms.
   [Vectorized MCTS] Step 1445: 64 games active. Completed: 550/1000. Step time: 3876.0ms.
   [Vectorized MCTS] Step 1450: 64 games active. Completed: 553/1000. Step time: 3868.5ms.
   [Vectorized MCTS] Step 1455: 64 games active. Completed: 565/1000. Step time: 3883.3ms.
   [Vectorized MCTS] Step 1460: 64 games active. Completed: 576/1000. Step time: 3899.6ms.
   [Vectorized MCTS] Step 1465: 64 games active. Completed: 577/1000. Step time: 3921.0ms.
   [Vectorized MCTS] Step 1470: 64 games active. Completed: 577/1000. Step time: 3894.2ms.
   [Vectorized MCTS] Step 1475: 64 games active. Completed: 577/1000. Step time: 3895.3ms.
   [Vectorized MCTS] Step 1480: 64 games active. Completed: 578/1000. Step time: 3945.0ms.
   [Vectorized MCTS] Step 1485: 64 games active. Completed: 578/1000. Step time: 3857.5ms.
   [Vectorized MCTS] Step 1490: 64 games active. Completed: 579/1000. Step time: 3885.0ms.
   [Vectorized MCTS] Step 1495: 64 games active. Completed: 579/1000. Step time: 3892.2ms.
   [Vectorized MCTS] Step 1500: 64 games active. Completed: 581/1000. Step time: 3894.1ms.
   [Vectorized MCTS] Step 1505: 64 games active. Completed: 581/1000. Step time: 3858.6ms.
   [Vectorized MCTS] Step 1510: 64 games active. Completed: 581/1000. Step time: 3872.8ms.
   [Vectorized MCTS] Step 1515: 64 games active. Completed: 582/1000. Step time: 3891.2ms.
   [Vectorized MCTS] Step 1520: 64 games active. Completed: 583/1000. Step time: 3871.7ms.
   [Vectorized MCTS] Step 1525: 64 games active. Completed: 583/1000. Step time: 3892.6ms.
   [Vectorized MCTS] Step 1530: 64 games active. Completed: 585/1000. Step time: 3900.6ms.
   [Vectorized MCTS] Step 1535: 64 games active. Completed: 589/1000. Step time: 3887.4ms.
   [Vectorized MCTS] Step 1540: 64 games active. Completed: 589/1000. Step time: 3898.2ms.
   [Vectorized MCTS] Step 1545: 64 games active. Completed: 589/1000. Step time: 3887.5ms.
   [Vectorized MCTS] Step 1550: 64 games active. Completed: 590/1000. Step time: 3882.5ms.
   [Vectorized MCTS] Step 1555: 64 games active. Completed: 594/1000. Step time: 3867.3ms.
   [Vectorized MCTS] Step 1560: 64 games active. Completed: 594/1000. Step time: 3884.2ms.
   [Vectorized MCTS] Step 1565: 64 games active. Completed: 595/1000. Step time: 3887.8ms.
   [Vectorized MCTS] Step 1570: 64 games active. Completed: 598/1000. Step time: 3894.1ms.
   [Vectorized MCTS] Step 1575: 64 games active. Completed: 600/1000. Step time: 3878.3ms.
   [Vectorized MCTS] Step 1580: 64 games active. Completed: 606/1000. Step time: 3881.0ms.
   [Vectorized MCTS] Step 1585: 64 games active. Completed: 612/1000. Step time: 3892.0ms.
   [Vectorized MCTS] Step 1590: 64 games active. Completed: 616/1000. Step time: 3890.2ms.
   [Vectorized MCTS] Step 1595: 64 games active. Completed: 617/1000. Step time: 3892.8ms.
   [Vectorized MCTS] Step 1600: 64 games active. Completed: 618/1000. Step time: 3882.2ms.
   [Vectorized MCTS] Step 1605: 64 games active. Completed: 620/1000. Step time: 3879.3ms.
   [Vectorized MCTS] Step 1610: 64 games active. Completed: 620/1000. Step time: 3871.8ms.
   [Vectorized MCTS] Step 1615: 64 games active. Completed: 627/1000. Step time: 3861.1ms.
   [Vectorized MCTS] Step 1620: 64 games active. Completed: 641/1000. Step time: 3877.2ms.
   [Vectorized MCTS] Step 1625: 64 games active. Completed: 642/1000. Step time: 3881.8ms.
   [Vectorized MCTS] Step 1630: 64 games active. Completed: 642/1000. Step time: 3895.0ms.
   [Vectorized MCTS] Step 1635: 64 games active. Completed: 642/1000. Step time: 3910.0ms.
   [Vectorized MCTS] Step 1640: 64 games active. Completed: 642/1000. Step time: 3902.2ms.
   [Vectorized MCTS] Step 1645: 64 games active. Completed: 643/1000. Step time: 3888.5ms.
   [Vectorized MCTS] Step 1650: 64 games active. Completed: 644/1000. Step time: 3890.6ms.
   [Vectorized MCTS] Step 1655: 64 games active. Completed: 644/1000. Step time: 3908.8ms.
   [Vectorized MCTS] Step 1660: 64 games active. Completed: 645/1000. Step time: 3861.2ms.
   [Vectorized MCTS] Step 1665: 64 games active. Completed: 645/1000. Step time: 3901.4ms.
   [Vectorized MCTS] Step 1670: 64 games active. Completed: 645/1000. Step time: 3875.1ms.
   [Vectorized MCTS] Step 1675: 64 games active. Completed: 645/1000. Step time: 3892.9ms.
   [Vectorized MCTS] Step 1680: 64 games active. Completed: 647/1000. Step time: 3905.5ms.
   [Vectorized MCTS] Step 1685: 64 games active. Completed: 647/1000. Step time: 3891.3ms.
   [Vectorized MCTS] Step 1690: 64 games active. Completed: 650/1000. Step time: 3890.2ms.
   [Vectorized MCTS] Step 1695: 64 games active. Completed: 654/1000. Step time: 3909.8ms.
   [Vectorized MCTS] Step 1700: 64 games active. Completed: 655/1000. Step time: 3876.4ms.
   [Vectorized MCTS] Step 1705: 64 games active. Completed: 655/1000. Step time: 3897.4ms.
   [Vectorized MCTS] Step 1710: 64 games active. Completed: 655/1000. Step time: 3870.6ms.
   [Vectorized MCTS] Step 1715: 64 games active. Completed: 660/1000. Step time: 3886.1ms.
   [Vectorized MCTS] Step 1720: 64 games active. Completed: 660/1000. Step time: 3909.4ms.
   [Vectorized MCTS] Step 1725: 64 games active. Completed: 660/1000. Step time: 3901.7ms.
   [Vectorized MCTS] Step 1730: 64 games active. Completed: 662/1000. Step time: 3872.1ms.
   [Vectorized MCTS] Step 1735: 64 games active. Completed: 665/1000. Step time: 3864.8ms.
   [Vectorized MCTS] Step 1740: 64 games active. Completed: 670/1000. Step time: 3874.9ms.
   [Vectorized MCTS] Step 1745: 64 games active. Completed: 676/1000. Step time: 3884.5ms.
   [Vectorized MCTS] Step 1750: 64 games active. Completed: 680/1000. Step time: 3891.1ms.
   [Vectorized MCTS] Step 1755: 64 games active. Completed: 681/1000. Step time: 3903.1ms.
   [Vectorized MCTS] Step 1760: 64 games active. Completed: 682/1000. Step time: 3882.6ms.
   [Vectorized MCTS] Step 1765: 64 games active. Completed: 684/1000. Step time: 3879.2ms.
   [Vectorized MCTS] Step 1770: 64 games active. Completed: 685/1000. Step time: 3881.6ms.
   [Vectorized MCTS] Step 1775: 64 games active. Completed: 687/1000. Step time: 3872.2ms.
   [Vectorized MCTS] Step 1780: 64 games active. Completed: 703/1000. Step time: 3877.8ms.
   [Vectorized MCTS] Step 1785: 64 games active. Completed: 705/1000. Step time: 3882.1ms.
   [Vectorized MCTS] Step 1790: 64 games active. Completed: 706/1000. Step time: 3885.9ms.
   [Vectorized MCTS] Step 1795: 64 games active. Completed: 706/1000. Step time: 3886.3ms.
   [Vectorized MCTS] Step 1800: 64 games active. Completed: 706/1000. Step time: 3883.8ms.
   [Vectorized MCTS] Step 1805: 64 games active. Completed: 707/1000. Step time: 3877.9ms.
   [Vectorized MCTS] Step 1810: 64 games active. Completed: 708/1000. Step time: 3910.7ms.
   [Vectorized MCTS] Step 1815: 64 games active. Completed: 708/1000. Step time: 3884.7ms.
   [Vectorized MCTS] Step 1820: 64 games active. Completed: 709/1000. Step time: 3901.8ms.
   [Vectorized MCTS] Step 1825: 64 games active. Completed: 709/1000. Step time: 3888.2ms.
   [Vectorized MCTS] Step 1830: 64 games active. Completed: 709/1000. Step time: 3897.2ms.
   [Vectorized MCTS] Step 1835: 64 games active. Completed: 709/1000. Step time: 3867.6ms.
   [Vectorized MCTS] Step 1840: 64 games active. Completed: 711/1000. Step time: 3892.2ms.
   [Vectorized MCTS] Step 1845: 64 games active. Completed: 711/1000. Step time: 3861.2ms.
   [Vectorized MCTS] Step 1850: 64 games active. Completed: 714/1000. Step time: 3864.8ms.
   [Vectorized MCTS] Step 1855: 64 games active. Completed: 717/1000. Step time: 3880.8ms.
   [Vectorized MCTS] Step 1860: 64 games active. Completed: 720/1000. Step time: 3889.5ms.
   [Vectorized MCTS] Step 1865: 64 games active. Completed: 721/1000. Step time: 3897.6ms.
   [Vectorized MCTS] Step 1870: 64 games active. Completed: 723/1000. Step time: 3879.6ms.
   [Vectorized MCTS] Step 1875: 64 games active. Completed: 727/1000. Step time: 3891.9ms.
   [Vectorized MCTS] Step 1880: 64 games active. Completed: 729/1000. Step time: 3850.8ms.
   [Vectorized MCTS] Step 1885: 64 games active. Completed: 729/1000. Step time: 3878.1ms.
   [Vectorized MCTS] Step 1890: 64 games active. Completed: 730/1000. Step time: 3865.2ms.
   [Vectorized MCTS] Step 1895: 64 games active. Completed: 733/1000. Step time: 3859.1ms.
   [Vectorized MCTS] Step 1900: 64 games active. Completed: 736/1000. Step time: 3834.4ms.
   [Vectorized MCTS] Step 1905: 64 games active. Completed: 740/1000. Step time: 3872.9ms.
   [Vectorized MCTS] Step 1910: 64 games active. Completed: 744/1000. Step time: 3843.1ms.
   [Vectorized MCTS] Step 1915: 64 games active. Completed: 746/1000. Step time: 3867.8ms.
   [Vectorized MCTS] Step 1920: 64 games active. Completed: 747/1000. Step time: 3890.9ms.
   [Vectorized MCTS] Step 1925: 64 games active. Completed: 749/1000. Step time: 3845.6ms.
   [Vectorized MCTS] Step 1930: 64 games active. Completed: 750/1000. Step time: 3892.0ms.
   [Vectorized MCTS] Step 1935: 64 games active. Completed: 752/1000. Step time: 3884.9ms.
   [Vectorized MCTS] Step 1940: 64 games active. Completed: 764/1000. Step time: 3890.8ms.
   [Vectorized MCTS] Step 1945: 64 games active. Completed: 769/1000. Step time: 3902.2ms.
   [Vectorized MCTS] Step 1950: 64 games active. Completed: 770/1000. Step time: 3903.0ms.
   [Vectorized MCTS] Step 1955: 64 games active. Completed: 770/1000. Step time: 3893.7ms.
   [Vectorized MCTS] Step 1960: 64 games active. Completed: 770/1000. Step time: 3874.1ms.
   [Vectorized MCTS] Step 1965: 64 games active. Completed: 771/1000. Step time: 3892.5ms.
   [Vectorized MCTS] Step 1970: 64 games active. Completed: 771/1000. Step time: 3884.3ms.
   [Vectorized MCTS] Step 1975: 64 games active. Completed: 772/1000. Step time: 3891.8ms.
   [Vectorized MCTS] Step 1980: 64 games active. Completed: 772/1000. Step time: 3906.7ms.
   [Vectorized MCTS] Step 1985: 64 games active. Completed: 773/1000. Step time: 3891.1ms.
   [Vectorized MCTS] Step 1990: 64 games active. Completed: 773/1000. Step time: 3881.0ms.
   [Vectorized MCTS] Step 1995: 64 games active. Completed: 773/1000. Step time: 3884.8ms.
   [Vectorized MCTS] Step 2000: 64 games active. Completed: 775/1000. Step time: 3873.0ms.
   [Vectorized MCTS] Step 2005: 64 games active. Completed: 775/1000. Step time: 3889.2ms.
   [Vectorized MCTS] Step 2010: 64 games active. Completed: 777/1000. Step time: 3901.2ms.
   [Vectorized MCTS] Step 2015: 64 games active. Completed: 781/1000. Step time: 3897.6ms.
   [Vectorized MCTS] Step 2020: 64 games active. Completed: 784/1000. Step time: 3884.4ms.
   [Vectorized MCTS] Step 2025: 64 games active. Completed: 788/1000. Step time: 3889.2ms.
   [Vectorized MCTS] Step 2030: 64 games active. Completed: 791/1000. Step time: 3883.7ms.
   [Vectorized MCTS] Step 2035: 64 games active. Completed: 794/1000. Step time: 3907.1ms.
   [Vectorized MCTS] Step 2040: 64 games active. Completed: 798/1000. Step time: 3905.1ms.
   [Vectorized MCTS] Step 2045: 64 games active. Completed: 798/1000. Step time: 3894.8ms.
   [Vectorized MCTS] Step 2050: 64 games active. Completed: 798/1000. Step time: 3882.9ms.
   [Vectorized MCTS] Step 2055: 64 games active. Completed: 802/1000. Step time: 3891.2ms.
   [Vectorized MCTS] Step 2060: 64 games active. Completed: 804/1000. Step time: 3881.9ms.
   [Vectorized MCTS] Step 2065: 64 games active. Completed: 810/1000. Step time: 3884.7ms.
   [Vectorized MCTS] Step 2070: 64 games active. Completed: 813/1000. Step time: 3889.2ms.
   [Vectorized MCTS] Step 2075: 64 games active. Completed: 816/1000. Step time: 3886.6ms.
   [Vectorized MCTS] Step 2080: 64 games active. Completed: 817/1000. Step time: 3905.0ms.
   [Vectorized MCTS] Step 2085: 64 games active. Completed: 819/1000. Step time: 3888.7ms.
   [Vectorized MCTS] Step 2090: 64 games active. Completed: 820/1000. Step time: 3890.2ms.
   [Vectorized MCTS] Step 2095: 64 games active. Completed: 822/1000. Step time: 3896.4ms.
   [Vectorized MCTS] Step 2100: 64 games active. Completed: 827/1000. Step time: 3899.1ms.
   [Vectorized MCTS] Step 2105: 64 games active. Completed: 833/1000. Step time: 3905.5ms.
   [Vectorized MCTS] Step 2110: 64 games active. Completed: 834/1000. Step time: 3901.4ms.
   [Vectorized MCTS] Step 2115: 64 games active. Completed: 834/1000. Step time: 3911.4ms.
   [Vectorized MCTS] Step 2120: 64 games active. Completed: 835/1000. Step time: 3900.2ms.
   [Vectorized MCTS] Step 2125: 64 games active. Completed: 835/1000. Step time: 3885.4ms.
   [Vectorized MCTS] Step 2130: 64 games active. Completed: 836/1000. Step time: 3900.1ms.
   [Vectorized MCTS] Step 2135: 64 games active. Completed: 836/1000. Step time: 3895.3ms.
   [Vectorized MCTS] Step 2140: 64 games active. Completed: 837/1000. Step time: 3889.4ms.
   [Vectorized MCTS] Step 2145: 64 games active. Completed: 838/1000. Step time: 3909.4ms.
   [Vectorized MCTS] Step 2150: 64 games active. Completed: 839/1000. Step time: 3852.7ms.
   [Vectorized MCTS] Step 2155: 64 games active. Completed: 839/1000. Step time: 3865.0ms.
   [Vectorized MCTS] Step 2160: 64 games active. Completed: 841/1000. Step time: 3893.3ms.
   [Vectorized MCTS] Step 2165: 64 games active. Completed: 843/1000. Step time: 3892.0ms.
   [Vectorized MCTS] Step 2170: 64 games active. Completed: 845/1000. Step time: 3894.1ms.
   [Vectorized MCTS] Step 2175: 64 games active. Completed: 847/1000. Step time: 3889.9ms.
   [Vectorized MCTS] Step 2180: 64 games active. Completed: 850/1000. Step time: 3889.2ms.
   [Vectorized MCTS] Step 2185: 64 games active. Completed: 853/1000. Step time: 3868.3ms.
   [Vectorized MCTS] Step 2190: 64 games active. Completed: 855/1000. Step time: 3899.9ms.
   [Vectorized MCTS] Step 2195: 64 games active. Completed: 859/1000. Step time: 3889.2ms.
   [Vectorized MCTS] Step 2200: 64 games active. Completed: 862/1000. Step time: 3884.8ms.
   [Vectorized MCTS] Step 2205: 64 games active. Completed: 864/1000. Step time: 3897.2ms.
   [Vectorized MCTS] Step 2210: 64 games active. Completed: 864/1000. Step time: 3881.6ms.
   [Vectorized MCTS] Step 2215: 64 games active. Completed: 867/1000. Step time: 3894.6ms.
   [Vectorized MCTS] Step 2220: 64 games active. Completed: 871/1000. Step time: 3918.7ms.
   [Vectorized MCTS] Step 2225: 64 games active. Completed: 875/1000. Step time: 3894.8ms.
   [Vectorized MCTS] Step 2230: 64 games active. Completed: 880/1000. Step time: 3896.4ms.
   [Vectorized MCTS] Step 2235: 64 games active. Completed: 881/1000. Step time: 3892.7ms.
   [Vectorized MCTS] Step 2240: 64 games active. Completed: 883/1000. Step time: 3883.7ms.
   [Vectorized MCTS] Step 2245: 64 games active. Completed: 885/1000. Step time: 3883.8ms.
   [Vectorized MCTS] Step 2250: 64 games active. Completed: 885/1000. Step time: 3897.9ms.
   [Vectorized MCTS] Step 2255: 64 games active. Completed: 886/1000. Step time: 3883.2ms.
   [Vectorized MCTS] Step 2260: 64 games active. Completed: 890/1000. Step time: 3883.9ms.
   [Vectorized MCTS] Step 2265: 64 games active. Completed: 897/1000. Step time: 3878.2ms.
   [Vectorized MCTS] Step 2270: 64 games active. Completed: 898/1000. Step time: 3883.6ms.
   [Vectorized MCTS] Step 2275: 64 games active. Completed: 900/1000. Step time: 3895.9ms.
   [Vectorized MCTS] Step 2280: 64 games active. Completed: 900/1000. Step time: 3899.9ms.
   [Vectorized MCTS] Step 2285: 64 games active. Completed: 901/1000. Step time: 3881.6ms.
   [Vectorized MCTS] Step 2290: 64 games active. Completed: 902/1000. Step time: 3902.1ms.
   [Vectorized MCTS] Step 2295: 64 games active. Completed: 902/1000. Step time: 3890.5ms.
   [Vectorized MCTS] Step 2300: 64 games active. Completed: 902/1000. Step time: 3884.0ms.
   [Vectorized MCTS] Step 2305: 64 games active. Completed: 905/1000. Step time: 3874.6ms.
   [Vectorized MCTS] Step 2310: 64 games active. Completed: 905/1000. Step time: 3894.8ms.
   [Vectorized MCTS] Step 2315: 64 games active. Completed: 905/1000. Step time: 3868.0ms.
   [Vectorized MCTS] Step 2320: 64 games active. Completed: 907/1000. Step time: 3887.4ms.
   [Vectorized MCTS] Step 2325: 64 games active. Completed: 908/1000. Step time: 3872.7ms.
   [Vectorized MCTS] Step 2330: 64 games active. Completed: 909/1000. Step time: 3686.4ms.
   [Vectorized MCTS] Step 2335: 64 games active. Completed: 911/1000. Step time: 3678.3ms.
   [Vectorized MCTS] Step 2340: 64 games active. Completed: 915/1000. Step time: 3676.3ms.
   [Vectorized MCTS] Step 2345: 64 games active. Completed: 918/1000. Step time: 3632.9ms.
   [Vectorized MCTS] Step 2350: 64 games active. Completed: 921/1000. Step time: 3619.2ms.
   [Vectorized MCTS] Step 2355: 64 games active. Completed: 925/1000. Step time: 3716.8ms.
   [Vectorized MCTS] Step 2360: 64 games active. Completed: 926/1000. Step time: 3672.4ms.
   [Vectorized MCTS] Step 2365: 64 games active. Completed: 930/1000. Step time: 3664.6ms.
   [Vectorized MCTS] Step 2370: 64 games active. Completed: 930/1000. Step time: 3731.5ms.
   [Vectorized MCTS] Step 2375: 64 games active. Completed: 933/1000. Step time: 3697.0ms.
   [Vectorized MCTS] Step 2380: 64 games active. Completed: 936/1000. Step time: 3642.7ms.
   [Vectorized MCTS] Step 2385: 58 games active. Completed: 942/1000. Step time: 3542.2ms.
   [Vectorized MCTS] Step 2390: 55 games active. Completed: 945/1000. Step time: 3607.6ms.
   [Vectorized MCTS] Step 2395: 52 games active. Completed: 948/1000. Step time: 3383.0ms.
   [Vectorized MCTS] Step 2400: 48 games active. Completed: 952/1000. Step time: 2541.1ms.
   [Vectorized MCTS] Step 2405: 47 games active. Completed: 953/1000. Step time: 2611.8ms.
   [Vectorized MCTS] Step 2410: 47 games active. Completed: 953/1000. Step time: 2634.7ms.
   [Vectorized MCTS] Step 2415: 46 games active. Completed: 954/1000. Step time: 2514.2ms.
   [Vectorized MCTS] Step 2420: 44 games active. Completed: 956/1000. Step time: 2438.0ms.
   [Vectorized MCTS] Step 2425: 39 games active. Completed: 961/1000. Step time: 2303.3ms.
   [Vectorized MCTS] Step 2430: 37 games active. Completed: 963/1000. Step time: 2081.8ms.
   [Vectorized MCTS] Step 2435: 36 games active. Completed: 964/1000. Step time: 2162.8ms.
   [Vectorized MCTS] Step 2440: 35 games active. Completed: 965/1000. Step time: 2055.6ms.
   [Vectorized MCTS] Step 2445: 34 games active. Completed: 966/1000. Step time: 2130.0ms.
   [Vectorized MCTS] Step 2450: 33 games active. Completed: 967/1000. Step time: 1974.5ms.
   [Vectorized MCTS] Step 2455: 31 games active. Completed: 969/1000. Step time: 1904.5ms.
   [Vectorized MCTS] Step 2460: 31 games active. Completed: 969/1000. Step time: 1862.4ms.
   [Vectorized MCTS] Step 2465: 30 games active. Completed: 970/1000. Step time: 1808.7ms.
   [Vectorized MCTS] Step 2470: 28 games active. Completed: 972/1000. Step time: 1690.0ms.
   [Vectorized MCTS] Step 2475: 28 games active. Completed: 972/1000. Step time: 1654.0ms.
   [Vectorized MCTS] Step 2480: 28 games active. Completed: 972/1000. Step time: 1627.4ms.
   [Vectorized MCTS] Step 2485: 26 games active. Completed: 974/1000. Step time: 1591.9ms.
   [Vectorized MCTS] Step 2490: 24 games active. Completed: 976/1000. Step time: 1443.6ms.
   [Vectorized MCTS] Step 2495: 24 games active. Completed: 976/1000. Step time: 1512.8ms.
   [Vectorized MCTS] Step 2500: 21 games active. Completed: 979/1000. Step time: 1371.5ms.
   [Vectorized MCTS] Step 2505: 19 games active. Completed: 981/1000. Step time: 1250.8ms.
   [Vectorized MCTS] Step 2510: 14 games active. Completed: 986/1000. Step time: 1025.8ms.
   [Vectorized MCTS] Step 2515: 12 games active. Completed: 988/1000. Step time: 864.9ms.
   [Vectorized MCTS] Step 2520: 11 games active. Completed: 989/1000. Step time: 888.5ms.
   [Vectorized MCTS] Step 2525: 06 games active. Completed: 994/1000. Step time: 795.9ms.
   [Vectorized MCTS] Step 2530: 06 games active. Completed: 994/1000. Step time: 771.6ms.
   [Vectorized MCTS] Step 2535: 05 games active. Completed: 995/1000. Step time: 710.5ms.
   [Vectorized MCTS] Step 2540: 02 games active. Completed: 998/1000. Step time: 580.7ms.
   [Vectorized MCTS] Step 2541: 00 games active. Completed: 1000/1000. Step time: 506.4ms.

Collection completed in 9549.4 seconds (9.549s/game average).
